[ 2016-11-15T21:48:07+08:00 ] ::1 /think_blog/Home/Member/login.html
INFO: [ app_init ] --START--
INFO: Run Behavior\BuildLiteBehavior [ RunTime:0.000049s ]
INFO: [ app_init ] --END-- [ RunTime:0.002272s ]

[ 2016-11-15T21:48:07+08:00 ] ::1 /think_blog/Home/Member/getVerify.html
INFO: [ app_init ] --START--
INFO: Run Behavior\BuildLiteBehavior [ RunTime:0.000024s ]
INFO: [ app_init ] --END-- [ RunTime:0.000378s ]

[ 2016-11-15T21:48:41+08:00 ] ::1 /think_blog/Home/Member/login.html
INFO: [ app_init ] --START--
INFO: Run Behavior\BuildLiteBehavior [ RunTime:0.000027s ]
INFO: [ app_init ] --END-- [ RunTime:0.000512s ]

[ 2016-11-15T21:48:41+08:00 ] ::1 /think_blog/Home/Member/getVerify.html
INFO: [ app_init ] --START--
INFO: Run Behavior\BuildLiteBehavior [ RunTime:0.000025s ]
INFO: [ app_init ] --END-- [ RunTime:0.000382s ]

[ 2016-11-15T21:48:54+08:00 ] ::1 /think_blog/Home/Member/getVerify.html
INFO: [ app_init ] --START--
INFO: Run Behavior\BuildLiteBehavior [ RunTime:0.000028s ]
INFO: [ app_init ] --END-- [ RunTime:0.000609s ]

[ 2016-11-15T21:49:00+08:00 ] ::1 /think_blog/Home/Member/login.html
INFO: [ app_init ] --START--
INFO: Run Behavior\BuildLiteBehavior [ RunTime:0.000022s ]
INFO: [ app_init ] --END-- [ RunTime:0.000377s ]

[ 2016-11-15T21:49:00+08:00 ] ::1 /think_blog/Home/Member/Index.html
INFO: [ app_init ] --START--
INFO: Run Behavior\BuildLiteBehavior [ RunTime:0.000022s ]
INFO: [ app_init ] --END-- [ RunTime:0.000352s ]

[ 2016-11-15T21:49:05+08:00 ] ::1 /think_blog/Home/Article/index/article_id/3.html
INFO: [ app_init ] --START--
INFO: Run Behavior\BuildLiteBehavior [ RunTime:0.000042s ]
INFO: [ app_init ] --END-- [ RunTime:0.001453s ]

[ 2016-11-15T21:49:09+08:00 ] ::1 /think_blog/Home/ArticleComment/getArticleComment
INFO: [ app_init ] --START--
INFO: Run Behavior\BuildLiteBehavior [ RunTime:0.000075s ]
INFO: [ app_init ] --END-- [ RunTime:0.000942s ]
INFO: [ app_begin ] --START--
INFO: Run Behavior\ReadHtmlCacheBehavior [ RunTime:0.000851s ]
INFO: [ app_begin ] --END-- [ RunTime:0.001084s ]
SQL: SHOW COLUMNS FROM `article` [ RunTime:0.0046s ]
SQL: SELECT `id` FROM `article` WHERE `id` = 3  [ RunTime:0.0003s ]
NOTIC: [2048] Declaration of Home\Model\ArticleCommentModel::comment() should be compatible with Think\Model::comment($comment) D:\wamp\www\think_blog\Application\Home\Model\ArticleCommentModel.class.php 第 242 行.
SQL: SHOW COLUMNS FROM `article_comment` [ RunTime:0.0078s ]
SQL: SELECT ac.id AS `article_comment_id`,ac.member_id AS `member_id`,m.member_name AS `member_name`,m.head_pic AS `head_pic`,ac.comment_content AS `comment_content`,ac.comment_time AS `comment_time` FROM article_comment ac INNER JOIN member m ON ac.member_id=m.id  WHERE ac.article_id = '3' LIMIT 10,10   [ RunTime:0.0004s ]
SQL: SELECT COUNT(ac.id) AS `count` FROM article_comment ac INNER JOIN member m ON ac.member_id=m.id  WHERE ac.article_id = '3'  [ RunTime:0.0003s ]

[ 2016-11-15T21:49:11+08:00 ] ::1 /think_blog/Home/ArticleComment/getArticleComment
INFO: [ app_init ] --START--
INFO: Run Behavior\BuildLiteBehavior [ RunTime:0.000048s ]
INFO: [ app_init ] --END-- [ RunTime:0.000751s ]
INFO: [ app_begin ] --START--
INFO: Run Behavior\ReadHtmlCacheBehavior [ RunTime:0.000603s ]
INFO: [ app_begin ] --END-- [ RunTime:0.000746s ]
SQL: SHOW COLUMNS FROM `article` [ RunTime:0.0039s ]
SQL: SELECT `id` FROM `article` WHERE `id` = 3  [ RunTime:0.0003s ]
NOTIC: [2048] Declaration of Home\Model\ArticleCommentModel::comment() should be compatible with Think\Model::comment($comment) D:\wamp\www\think_blog\Application\Home\Model\ArticleCommentModel.class.php 第 242 行.
SQL: SHOW COLUMNS FROM `article_comment` [ RunTime:0.0053s ]
SQL: SELECT ac.id AS `article_comment_id`,ac.member_id AS `member_id`,m.member_name AS `member_name`,m.head_pic AS `head_pic`,ac.comment_content AS `comment_content`,ac.comment_time AS `comment_time` FROM article_comment ac INNER JOIN member m ON ac.member_id=m.id  WHERE ac.article_id = '3' LIMIT 0,10   [ RunTime:0.0005s ]
SQL: SELECT COUNT(ac.id) AS `count` FROM article_comment ac INNER JOIN member m ON ac.member_id=m.id  WHERE ac.article_id = '3'  [ RunTime:0.0003s ]

[ 2016-11-15T21:49:22+08:00 ] ::1 /think_blog/Home/Article/index/article_id/14.html
INFO: [ app_init ] --START--
INFO: Run Behavior\BuildLiteBehavior [ RunTime:0.000024s ]
INFO: [ app_init ] --END-- [ RunTime:0.000379s ]

[ 2016-11-15T21:49:31+08:00 ] ::1 /think_blog/Home/Member/personCenter.html
INFO: [ app_init ] --START--
INFO: Run Behavior\BuildLiteBehavior [ RunTime:0.000029s ]
INFO: [ app_init ] --END-- [ RunTime:0.000444s ]

[ 2016-11-15T21:49:31+08:00 ] ::1 /think_blog/Home/Member/info.html
INFO: [ app_init ] --START--
INFO: Run Behavior\BuildLiteBehavior [ RunTime:0.000040s ]
INFO: [ app_init ] --END-- [ RunTime:0.000619s ]

[ 2016-11-15T21:49:33+08:00 ] ::1 /think_blog/Home/Member/personArticle.html
INFO: [ app_init ] --START--
INFO: Run Behavior\BuildLiteBehavior [ RunTime:0.000026s ]
INFO: [ app_init ] --END-- [ RunTime:0.000430s ]

[ 2016-11-15T21:49:34+08:00 ] ::1 /think_blog/Home/ArticleType/getPersonArticleType
INFO: [ app_init ] --START--
INFO: Run Behavior\BuildLiteBehavior [ RunTime:0.000027s ]
INFO: [ app_init ] --END-- [ RunTime:0.000435s ]
INFO: [ app_begin ] --START--
INFO: Run Behavior\ReadHtmlCacheBehavior [ RunTime:0.000504s ]
INFO: [ app_begin ] --END-- [ RunTime:0.000609s ]
SQL: SHOW COLUMNS FROM `article_type` [ RunTime:0.0036s ]
SQL: SELECT `id`,`article_type_name` FROM article_type at WHERE at.member_id = '29'  [ RunTime:0.0003s ]

[ 2016-11-15T21:49:49+08:00 ] ::1 /think_blog/Home/Article/personAdd
INFO: [ app_init ] --START--
INFO: Run Behavior\BuildLiteBehavior [ RunTime:0.000027s ]
INFO: [ app_init ] --END-- [ RunTime:0.000428s ]
INFO: [ app_begin ] --START--
INFO: Run Behavior\ReadHtmlCacheBehavior [ RunTime:0.000425s ]
INFO: [ app_begin ] --END-- [ RunTime:0.000530s ]
SQL: SHOW COLUMNS FROM `article` [ RunTime:0.0040s ]
NOTIC: [2048] Declaration of Home\Model\MemberModel::isExistsMemberId() should be compatible with Home\Model\CommonModel::isExistsMemberId($member_id = '') D:\wamp\www\think_blog\Application\Home\Model\MemberModel.class.php 第 560 行.
SQL: SHOW COLUMNS FROM `member` [ RunTime:0.0040s ]
SQL: SELECT count(id) AS `count` FROM `member` WHERE `id` = 29  [ RunTime:0.0003s ]
SQL: SHOW COLUMNS FROM `article_type` [ RunTime:0.0036s ]
SQL: SELECT count(id) AS `count` FROM `article_type` WHERE `id` = 1  [ RunTime:0.0003s ]
SQL: INSERT INTO `article` (`title`,`member_id`,`article_type_id`,`content`,`hitnum`,`create_time`) VALUES ('测试文章标题','29','1','&lt;p&gt;测试测试测试&lt;/p&gt;','0','2016-11-15 09:49:49') [ RunTime:0.0540s ]

[ 2016-11-15T21:49:50+08:00 ] ::1 /think_blog/Home/Member/personArticle
INFO: [ app_init ] --START--
INFO: Run Behavior\BuildLiteBehavior [ RunTime:0.000048s ]
INFO: [ app_init ] --END-- [ RunTime:0.000758s ]
INFO: [ app_begin ] --START--
INFO: Run Behavior\ReadHtmlCacheBehavior [ RunTime:0.000765s ]
INFO: [ app_begin ] --END-- [ RunTime:0.000956s ]
SQL: SHOW COLUMNS FROM `article` [ RunTime:0.0069s ]
SQL: SELECT a.id AS `article_id`,a.title AS `title`,a.content AS `content`,a.hitnum AS `hitnum`,a.create_time AS `create_time`,a.member_id AS `member_id`,a.article_type_id AS `article_type_id`,at.article_type_name AS `article_type_name` FROM article a LEFT JOIN article_type at ON a.article_type_id=at.id  WHERE a.member_id = '29' LIMIT 0,10   [ RunTime:0.0007s ]
SQL: SELECT COUNT(a.id) AS `count` FROM article a LEFT JOIN article_type at ON a.article_type_id=at.id  WHERE a.member_id = '29'  [ RunTime:0.0004s ]

[ 2016-11-15T21:49:56+08:00 ] ::1 /think_blog/Home/Member/index.html
INFO: [ app_init ] --START--
INFO: Run Behavior\BuildLiteBehavior [ RunTime:0.000028s ]
INFO: [ app_init ] --END-- [ RunTime:0.000443s ]

[ 2016-11-15T21:49:59+08:00 ] ::1 /think_blog/Home/Article/articleList/member_id/29.html
INFO: [ app_init ] --START--
INFO: Run Behavior\BuildLiteBehavior [ RunTime:0.000029s ]
INFO: [ app_init ] --END-- [ RunTime:0.000444s ]

[ 2016-11-15T21:50:03+08:00 ] ::1 /think_blog/Home/Article/index/article_id/40.html
INFO: [ app_init ] --START--
INFO: Run Behavior\BuildLiteBehavior [ RunTime:0.000025s ]
INFO: [ app_init ] --END-- [ RunTime:0.000433s ]

[ 2016-11-15T21:56:39+08:00 ] ::1 /think_blog/Home/Article/index/article_id/40.html
INFO: [ app_init ] --START--
INFO: Run Behavior\BuildLiteBehavior [ RunTime:0.000035s ]
INFO: [ app_init ] --END-- [ RunTime:0.000646s ]

[ 2016-11-15T21:56:45+08:00 ] ::1 /think_blog/Home/Article/index/article_id/3.html
INFO: [ app_init ] --START--
INFO: Run Behavior\BuildLiteBehavior [ RunTime:0.000046s ]
INFO: [ app_init ] --END-- [ RunTime:0.001153s ]

[ 2016-11-15T21:58:34+08:00 ] ::1 /think_blog/Home/Article/index/article_id/3.html
INFO: [ app_init ] --START--
INFO: Run Behavior\BuildLiteBehavior [ RunTime:0.000022s ]
INFO: [ app_init ] --END-- [ RunTime:0.000432s ]

[ 2016-11-15T21:58:36+08:00 ] ::1 /think_blog/Home/ArticleComment/getArticleComment
INFO: [ app_init ] --START--
INFO: Run Behavior\BuildLiteBehavior [ RunTime:0.000083s ]
INFO: [ app_init ] --END-- [ RunTime:0.000883s ]
INFO: [ app_begin ] --START--
INFO: Run Behavior\ReadHtmlCacheBehavior [ RunTime:0.001180s ]
INFO: [ app_begin ] --END-- [ RunTime:0.001393s ]
INFO: [ app_end ] --START--
INFO: Run Behavior\ShowPageTraceBehavior [ RunTime:0.000734s ]
INFO: [ app_end ] --END-- [ RunTime:0.000920s ]

[ 2016-11-15T21:58:51+08:00 ] ::1 /think_blog/Home/Article/index/article_id/3.html
INFO: [ app_init ] --START--
INFO: Run Behavior\BuildLiteBehavior [ RunTime:0.000069s ]
INFO: [ app_init ] --END-- [ RunTime:0.000550s ]

[ 2016-11-15T21:58:54+08:00 ] ::1 /think_blog/Home/Article/index/article_id/3.html
INFO: [ app_init ] --START--
INFO: Run Behavior\BuildLiteBehavior [ RunTime:0.000027s ]
INFO: [ app_init ] --END-- [ RunTime:0.000428s ]

[ 2016-11-15T21:58:56+08:00 ] ::1 /think_blog/Home/ArticleComment/getArticleComment
INFO: [ app_init ] --START--
INFO: Run Behavior\BuildLiteBehavior [ RunTime:0.000038s ]
INFO: [ app_init ] --END-- [ RunTime:0.000733s ]
INFO: [ app_begin ] --START--
INFO: Run Behavior\ReadHtmlCacheBehavior [ RunTime:0.000883s ]
INFO: [ app_begin ] --END-- [ RunTime:0.001131s ]
SQL: SHOW COLUMNS FROM `article` [ RunTime:0.0071s ]
SQL: SELECT `id` FROM `article` WHERE `id` = 3  [ RunTime:0.0003s ]
NOTIC: [2048] Declaration of Home\Model\ArticleCommentModel::comment() should be compatible with Think\Model::comment($comment) D:\wamp\www\think_blog\Application\Home\Model\ArticleCommentModel.class.php 第 242 行.
SQL: SHOW COLUMNS FROM `article_comment` [ RunTime:0.0038s ]
SQL: SELECT ac.id AS `article_comment_id`,ac.member_id AS `member_id`,m.member_name AS `member_name`,m.head_pic AS `head_pic`,ac.comment_content AS `comment_content`,ac.comment_time AS `comment_time` FROM article_comment ac INNER JOIN member m ON ac.member_id=m.id  WHERE ac.article_id = '3' LIMIT 10,10   [ RunTime:0.0004s ]
SQL: SELECT COUNT(ac.id) AS `count` FROM article_comment ac INNER JOIN member m ON ac.member_id=m.id  WHERE ac.article_id = '3'  [ RunTime:0.0003s ]

[ 2016-11-15T21:58:57+08:00 ] ::1 /think_blog/Home/ArticleComment/getArticleComment
INFO: [ app_init ] --START--
INFO: Run Behavior\BuildLiteBehavior [ RunTime:0.000047s ]
INFO: [ app_init ] --END-- [ RunTime:0.000737s ]
INFO: [ app_begin ] --START--
INFO: Run Behavior\ReadHtmlCacheBehavior [ RunTime:0.000710s ]
INFO: [ app_begin ] --END-- [ RunTime:0.000864s ]
SQL: SHOW COLUMNS FROM `article` [ RunTime:0.0043s ]
SQL: SELECT `id` FROM `article` WHERE `id` = 3  [ RunTime:0.0003s ]
NOTIC: [2048] Declaration of Home\Model\ArticleCommentModel::comment() should be compatible with Think\Model::comment($comment) D:\wamp\www\think_blog\Application\Home\Model\ArticleCommentModel.class.php 第 242 行.
SQL: SHOW COLUMNS FROM `article_comment` [ RunTime:0.0049s ]
SQL: SELECT ac.id AS `article_comment_id`,ac.member_id AS `member_id`,m.member_name AS `member_name`,m.head_pic AS `head_pic`,ac.comment_content AS `comment_content`,ac.comment_time AS `comment_time` FROM article_comment ac INNER JOIN member m ON ac.member_id=m.id  WHERE ac.article_id = '3' LIMIT 0,10   [ RunTime:0.0006s ]
SQL: SELECT COUNT(ac.id) AS `count` FROM article_comment ac INNER JOIN member m ON ac.member_id=m.id  WHERE ac.article_id = '3'  [ RunTime:0.0004s ]

[ 2016-11-15T21:58:59+08:00 ] ::1 /think_blog/Home/ArticleComment/getArticleComment
INFO: [ app_init ] --START--
INFO: Run Behavior\BuildLiteBehavior [ RunTime:0.000052s ]
INFO: [ app_init ] --END-- [ RunTime:0.000654s ]
INFO: [ app_begin ] --START--
INFO: Run Behavior\ReadHtmlCacheBehavior [ RunTime:0.000635s ]
INFO: [ app_begin ] --END-- [ RunTime:0.000790s ]
SQL: SHOW COLUMNS FROM `article` [ RunTime:0.0040s ]
SQL: SELECT `id` FROM `article` WHERE `id` = 3  [ RunTime:0.0003s ]
NOTIC: [2048] Declaration of Home\Model\ArticleCommentModel::comment() should be compatible with Think\Model::comment($comment) D:\wamp\www\think_blog\Application\Home\Model\ArticleCommentModel.class.php 第 242 行.
SQL: SHOW COLUMNS FROM `article_comment` [ RunTime:0.0074s ]
SQL: SELECT ac.id AS `article_comment_id`,ac.member_id AS `member_id`,m.member_name AS `member_name`,m.head_pic AS `head_pic`,ac.comment_content AS `comment_content`,ac.comment_time AS `comment_time` FROM article_comment ac INNER JOIN member m ON ac.member_id=m.id  WHERE ac.article_id = '3' LIMIT 10,10   [ RunTime:0.0004s ]
SQL: SELECT COUNT(ac.id) AS `count` FROM article_comment ac INNER JOIN member m ON ac.member_id=m.id  WHERE ac.article_id = '3'  [ RunTime:0.0003s ]

[ 2016-11-15T21:59:00+08:00 ] ::1 /think_blog/Home/ArticleComment/getArticleComment
INFO: [ app_init ] --START--
INFO: Run Behavior\BuildLiteBehavior [ RunTime:0.000047s ]
INFO: [ app_init ] --END-- [ RunTime:0.000476s ]
INFO: [ app_begin ] --START--
INFO: Run Behavior\ReadHtmlCacheBehavior [ RunTime:0.000444s ]
INFO: [ app_begin ] --END-- [ RunTime:0.000560s ]
SQL: SHOW COLUMNS FROM `article` [ RunTime:0.0039s ]
SQL: SELECT `id` FROM `article` WHERE `id` = 3  [ RunTime:0.0010s ]
NOTIC: [2048] Declaration of Home\Model\ArticleCommentModel::comment() should be compatible with Think\Model::comment($comment) D:\wamp\www\think_blog\Application\Home\Model\ArticleCommentModel.class.php 第 242 行.
SQL: SHOW COLUMNS FROM `article_comment` [ RunTime:0.0039s ]
SQL: SELECT ac.id AS `article_comment_id`,ac.member_id AS `member_id`,m.member_name AS `member_name`,m.head_pic AS `head_pic`,ac.comment_content AS `comment_content`,ac.comment_time AS `comment_time` FROM article_comment ac INNER JOIN member m ON ac.member_id=m.id  WHERE ac.article_id = '3' LIMIT 0,10   [ RunTime:0.0004s ]
SQL: SELECT COUNT(ac.id) AS `count` FROM article_comment ac INNER JOIN member m ON ac.member_id=m.id  WHERE ac.article_id = '3'  [ RunTime:0.0003s ]

[ 2016-11-15T22:00:05+08:00 ] ::1 /think_blog/Home/Member/personCenter.html
INFO: [ app_init ] --START--
INFO: Run Behavior\BuildLiteBehavior [ RunTime:0.000026s ]
INFO: [ app_init ] --END-- [ RunTime:0.000482s ]

[ 2016-11-15T22:00:05+08:00 ] ::1 /think_blog/Home/Member/info.html
INFO: [ app_init ] --START--
INFO: Run Behavior\BuildLiteBehavior [ RunTime:0.000041s ]
INFO: [ app_init ] --END-- [ RunTime:0.000622s ]

[ 2016-11-15T22:00:06+08:00 ] ::1 /think_blog/Home/Member/personArticle.html
INFO: [ app_init ] --START--
INFO: Run Behavior\BuildLiteBehavior [ RunTime:0.000030s ]
INFO: [ app_init ] --END-- [ RunTime:0.000472s ]

[ 2016-11-15T22:00:08+08:00 ] ::1 /think_blog/Home/Member/personArticleComment/article_id/3.html
INFO: [ app_init ] --START--
INFO: Run Behavior\BuildLiteBehavior [ RunTime:0.000026s ]
INFO: [ app_init ] --END-- [ RunTime:0.000435s ]

[ 2016-11-15T22:00:10+08:00 ] ::1 /think_blog/Home/Member/personArticleComment
INFO: [ app_init ] --START--
INFO: Run Behavior\BuildLiteBehavior [ RunTime:0.000024s ]
INFO: [ app_init ] --END-- [ RunTime:0.000418s ]
INFO: [ app_begin ] --START--
INFO: Run Behavior\ReadHtmlCacheBehavior [ RunTime:0.000597s ]
INFO: [ app_begin ] --END-- [ RunTime:0.000713s ]
NOTIC: [2048] Declaration of Home\Model\ArticleCommentModel::comment() should be compatible with Think\Model::comment($comment) D:\wamp\www\think_blog\Application\Home\Model\ArticleCommentModel.class.php 第 5 行.
SQL: SHOW COLUMNS FROM `article_comment` [ RunTime:0.0042s ]
SQL: SHOW COLUMNS FROM `article` [ RunTime:0.0037s ]
SQL: SELECT `title` FROM `article` WHERE `id` = 3  [ RunTime:0.0003s ]
SQL: SELECT ac.id AS `article_comment_id`,ac.member_id AS `member_id`,m.member_name AS `member_name`,m.head_pic AS `head_pic`,ac.comment_content AS `comment_content`,ac.comment_time AS `comment_time` FROM article_comment ac INNER JOIN member m ON ac.member_id=m.id  WHERE ac.article_id = '3' LIMIT 10,10   [ RunTime:0.0003s ]
SQL: SELECT COUNT(ac.id) AS `count` FROM article_comment ac INNER JOIN member m ON ac.member_id=m.id  WHERE ac.article_id = '3'  [ RunTime:0.0003s ]

[ 2016-11-15T22:00:11+08:00 ] ::1 /think_blog/Home/Member/personArticleComment
INFO: [ app_init ] --START--
INFO: Run Behavior\BuildLiteBehavior [ RunTime:0.000108s ]
INFO: [ app_init ] --END-- [ RunTime:0.002323s ]
INFO: [ app_begin ] --START--
INFO: Run Behavior\ReadHtmlCacheBehavior [ RunTime:0.000462s ]
INFO: [ app_begin ] --END-- [ RunTime:0.000581s ]
NOTIC: [2048] Declaration of Home\Model\ArticleCommentModel::comment() should be compatible with Think\Model::comment($comment) D:\wamp\www\think_blog\Application\Home\Model\ArticleCommentModel.class.php 第 5 行.
SQL: SHOW COLUMNS FROM `article_comment` [ RunTime:0.0064s ]
SQL: SHOW COLUMNS FROM `article` [ RunTime:0.0040s ]
SQL: SELECT `title` FROM `article` WHERE `id` = 3  [ RunTime:0.0003s ]
SQL: SELECT ac.id AS `article_comment_id`,ac.member_id AS `member_id`,m.member_name AS `member_name`,m.head_pic AS `head_pic`,ac.comment_content AS `comment_content`,ac.comment_time AS `comment_time` FROM article_comment ac INNER JOIN member m ON ac.member_id=m.id  WHERE ac.article_id = '3' LIMIT 0,10   [ RunTime:0.0004s ]
SQL: SELECT COUNT(ac.id) AS `count` FROM article_comment ac INNER JOIN member m ON ac.member_id=m.id  WHERE ac.article_id = '3'  [ RunTime:0.0003s ]

[ 2016-11-15T22:00:32+08:00 ] ::1 /think_blog/Home/Member/personCenter.html
INFO: [ app_init ] --START--
INFO: Run Behavior\BuildLiteBehavior [ RunTime:0.000026s ]
INFO: [ app_init ] --END-- [ RunTime:0.000448s ]

[ 2016-11-15T22:00:32+08:00 ] ::1 /think_blog/Home/Member/info.html
INFO: [ app_init ] --START--
INFO: Run Behavior\BuildLiteBehavior [ RunTime:0.000041s ]
INFO: [ app_init ] --END-- [ RunTime:0.000614s ]

[ 2016-11-15T22:00:35+08:00 ] ::1 /think_blog/Home/Member/personArticle.html
INFO: [ app_init ] --START--
INFO: Run Behavior\BuildLiteBehavior [ RunTime:0.000027s ]
INFO: [ app_init ] --END-- [ RunTime:0.000435s ]

[ 2016-11-15T22:00:37+08:00 ] ::1 /think_blog/Home/Member/personArticleComment/article_id/3.html
INFO: [ app_init ] --START--
INFO: Run Behavior\BuildLiteBehavior [ RunTime:0.000047s ]
INFO: [ app_init ] --END-- [ RunTime:0.001065s ]

[ 2016-11-15T22:00:38+08:00 ] ::1 /think_blog/Home/Member/personArticleComment
INFO: [ app_init ] --START--
INFO: Run Behavior\BuildLiteBehavior [ RunTime:0.000029s ]
INFO: [ app_init ] --END-- [ RunTime:0.000457s ]
INFO: [ app_begin ] --START--
INFO: Run Behavior\ReadHtmlCacheBehavior [ RunTime:0.001113s ]
INFO: [ app_begin ] --END-- [ RunTime:0.001354s ]
NOTIC: [2048] Declaration of Home\Model\ArticleCommentModel::comment() should be compatible with Think\Model::comment($comment) D:\wamp\www\think_blog\Application\Home\Model\ArticleCommentModel.class.php 第 5 行.
SQL: SHOW COLUMNS FROM `article_comment` [ RunTime:0.0038s ]
SQL: SHOW COLUMNS FROM `article` [ RunTime:0.0038s ]
SQL: SELECT `title` FROM `article` WHERE `id` = 3  [ RunTime:0.0003s ]
SQL: SELECT ac.id AS `article_comment_id`,ac.member_id AS `member_id`,m.member_name AS `member_name`,m.head_pic AS `head_pic`,ac.comment_content AS `comment_content`,ac.comment_time AS `comment_time` FROM article_comment ac INNER JOIN member m ON ac.member_id=m.id  WHERE ac.article_id = '3' LIMIT 10,10   [ RunTime:0.0003s ]
SQL: SELECT COUNT(ac.id) AS `count` FROM article_comment ac INNER JOIN member m ON ac.member_id=m.id  WHERE ac.article_id = '3'  [ RunTime:0.0002s ]

[ 2016-11-15T22:00:39+08:00 ] ::1 /think_blog/Home/Member/personArticleComment
INFO: [ app_init ] --START--
INFO: Run Behavior\BuildLiteBehavior [ RunTime:0.000027s ]
INFO: [ app_init ] --END-- [ RunTime:0.000437s ]
INFO: [ app_begin ] --START--
INFO: Run Behavior\ReadHtmlCacheBehavior [ RunTime:0.000427s ]
INFO: [ app_begin ] --END-- [ RunTime:0.000550s ]
NOTIC: [2048] Declaration of Home\Model\ArticleCommentModel::comment() should be compatible with Think\Model::comment($comment) D:\wamp\www\think_blog\Application\Home\Model\ArticleCommentModel.class.php 第 5 行.
SQL: SHOW COLUMNS FROM `article_comment` [ RunTime:0.0040s ]
SQL: SHOW COLUMNS FROM `article` [ RunTime:0.0040s ]
SQL: SELECT `title` FROM `article` WHERE `id` = 3  [ RunTime:0.0003s ]
SQL: SELECT ac.id AS `article_comment_id`,ac.member_id AS `member_id`,m.member_name AS `member_name`,m.head_pic AS `head_pic`,ac.comment_content AS `comment_content`,ac.comment_time AS `comment_time` FROM article_comment ac INNER JOIN member m ON ac.member_id=m.id  WHERE ac.article_id = '3' LIMIT 0,10   [ RunTime:0.0003s ]
SQL: SELECT COUNT(ac.id) AS `count` FROM article_comment ac INNER JOIN member m ON ac.member_id=m.id  WHERE ac.article_id = '3'  [ RunTime:0.0003s ]

[ 2016-11-15T22:03:35+08:00 ] ::1 /think_blog/Home/Member/personCenter.html
INFO: [ app_init ] --START--
INFO: Run Behavior\BuildLiteBehavior [ RunTime:0.000034s ]
INFO: [ app_init ] --END-- [ RunTime:0.000723s ]

[ 2016-11-15T22:03:35+08:00 ] ::1 /think_blog/Home/Member/info.html
INFO: [ app_init ] --START--
INFO: Run Behavior\BuildLiteBehavior [ RunTime:0.000041s ]
INFO: [ app_init ] --END-- [ RunTime:0.000698s ]

[ 2016-11-15T22:03:37+08:00 ] ::1 /think_blog/Home/Member/personArticle.html
INFO: [ app_init ] --START--
INFO: Run Behavior\BuildLiteBehavior [ RunTime:0.000042s ]
INFO: [ app_init ] --END-- [ RunTime:0.000622s ]

[ 2016-11-15T22:03:55+08:00 ] ::1 /think_blog/Home/Member/personArticle
INFO: [ app_init ] --START--
INFO: Run Behavior\BuildLiteBehavior [ RunTime:0.000023s ]
INFO: [ app_init ] --END-- [ RunTime:0.000387s ]
INFO: [ app_begin ] --START--
INFO: Run Behavior\ReadHtmlCacheBehavior [ RunTime:0.000381s ]
INFO: [ app_begin ] --END-- [ RunTime:0.000470s ]
SQL: SHOW COLUMNS FROM `article` [ RunTime:0.0038s ]
SQL: SELECT a.id AS `article_id`,a.title AS `title`,a.content AS `content`,a.hitnum AS `hitnum`,a.create_time AS `create_time`,a.member_id AS `member_id`,a.article_type_id AS `article_type_id`,at.article_type_name AS `article_type_name` FROM article a LEFT JOIN article_type at ON a.article_type_id=at.id  WHERE a.member_id = '29' LIMIT 10,10   [ RunTime:0.0005s ]
SQL: SELECT COUNT(a.id) AS `count` FROM article a LEFT JOIN article_type at ON a.article_type_id=at.id  WHERE a.member_id = '29'  [ RunTime:0.0003s ]

[ 2016-11-15T22:04:03+08:00 ] ::1 /think_blog/Home/ArticleComment/getArticleComment/article_id/40.html
INFO: [ app_init ] --START--
INFO: Run Behavior\BuildLiteBehavior [ RunTime:0.000028s ]
INFO: [ app_init ] --END-- [ RunTime:0.000465s ]

[ 2016-11-15T22:04:44+08:00 ] ::1 /think_blog/Home/Member/personCenter.html
INFO: [ app_init ] --START--
INFO: Run Behavior\BuildLiteBehavior [ RunTime:0.000037s ]
INFO: [ app_init ] --END-- [ RunTime:0.000889s ]

[ 2016-11-15T22:04:44+08:00 ] ::1 /think_blog/Home/Member/info.html
INFO: [ app_init ] --START--
INFO: Run Behavior\BuildLiteBehavior [ RunTime:0.000375s ]
INFO: [ app_init ] --END-- [ RunTime:0.002944s ]

[ 2016-11-15T22:04:46+08:00 ] ::1 /think_blog/Home/Member/personArticleType.html
INFO: [ app_init ] --START--
INFO: Run Behavior\BuildLiteBehavior [ RunTime:0.000030s ]
INFO: [ app_init ] --END-- [ RunTime:0.000430s ]

[ 2016-11-15T22:04:46+08:00 ] ::1 /think_blog/Home/Member/personArticle.html
INFO: [ app_init ] --START--
INFO: Run Behavior\BuildLiteBehavior [ RunTime:0.000029s ]
INFO: [ app_init ] --END-- [ RunTime:0.000497s ]

[ 2016-11-15T22:04:48+08:00 ] ::1 /think_blog/Home/Member/personArticleComment/article_id/3.html
INFO: [ app_init ] --START--
INFO: Run Behavior\BuildLiteBehavior [ RunTime:0.000028s ]
INFO: [ app_init ] --END-- [ RunTime:0.000443s ]

[ 2016-11-15T22:04:50+08:00 ] ::1 /think_blog/Home/Member/personArticleComment
INFO: [ app_init ] --START--
INFO: Run Behavior\BuildLiteBehavior [ RunTime:0.000030s ]
INFO: [ app_init ] --END-- [ RunTime:0.000554s ]
INFO: [ app_begin ] --START--
INFO: Run Behavior\ReadHtmlCacheBehavior [ RunTime:0.000454s ]
INFO: [ app_begin ] --END-- [ RunTime:0.000567s ]
NOTIC: [2048] Declaration of Home\Model\ArticleCommentModel::comment() should be compatible with Think\Model::comment($comment) D:\wamp\www\think_blog\Application\Home\Model\ArticleCommentModel.class.php 第 5 行.
SQL: SHOW COLUMNS FROM `article_comment` [ RunTime:0.0037s ]
SQL: SHOW COLUMNS FROM `article` [ RunTime:0.0042s ]
SQL: SELECT `title` FROM `article` WHERE `id` = 3  [ RunTime:0.0003s ]
SQL: SELECT ac.id AS `article_comment_id`,ac.member_id AS `member_id`,m.member_name AS `member_name`,m.head_pic AS `head_pic`,ac.comment_content AS `comment_content`,ac.comment_time AS `comment_time` FROM article_comment ac INNER JOIN member m ON ac.member_id=m.id  WHERE ac.article_id = '3' LIMIT 10,10   [ RunTime:0.0003s ]
SQL: SELECT COUNT(ac.id) AS `count` FROM article_comment ac INNER JOIN member m ON ac.member_id=m.id  WHERE ac.article_id = '3'  [ RunTime:0.0002s ]

[ 2016-11-15T22:04:51+08:00 ] ::1 /think_blog/Home/Member/personArticleComment
INFO: [ app_init ] --START--
INFO: Run Behavior\BuildLiteBehavior [ RunTime:0.000027s ]
INFO: [ app_init ] --END-- [ RunTime:0.000443s ]
INFO: [ app_begin ] --START--
INFO: Run Behavior\ReadHtmlCacheBehavior [ RunTime:0.000437s ]
INFO: [ app_begin ] --END-- [ RunTime:0.000544s ]
NOTIC: [2048] Declaration of Home\Model\ArticleCommentModel::comment() should be compatible with Think\Model::comment($comment) D:\wamp\www\think_blog\Application\Home\Model\ArticleCommentModel.class.php 第 5 行.
SQL: SHOW COLUMNS FROM `article_comment` [ RunTime:0.0038s ]
SQL: SHOW COLUMNS FROM `article` [ RunTime:0.0038s ]
SQL: SELECT `title` FROM `article` WHERE `id` = 3  [ RunTime:0.0009s ]
SQL: SELECT ac.id AS `article_comment_id`,ac.member_id AS `member_id`,m.member_name AS `member_name`,m.head_pic AS `head_pic`,ac.comment_content AS `comment_content`,ac.comment_time AS `comment_time` FROM article_comment ac INNER JOIN member m ON ac.member_id=m.id  WHERE ac.article_id = '3' LIMIT 0,10   [ RunTime:0.0004s ]
SQL: SELECT COUNT(ac.id) AS `count` FROM article_comment ac INNER JOIN member m ON ac.member_id=m.id  WHERE ac.article_id = '3'  [ RunTime:0.0002s ]

[ 2016-11-15T22:04:52+08:00 ] ::1 /think_blog/Home/Member/personCenter.html
INFO: [ app_init ] --START--
INFO: Run Behavior\BuildLiteBehavior [ RunTime:0.000028s ]
INFO: [ app_init ] --END-- [ RunTime:0.000463s ]

[ 2016-11-15T22:04:52+08:00 ] ::1 /think_blog/Home/Member/info.html
INFO: [ app_init ] --START--
INFO: Run Behavior\BuildLiteBehavior [ RunTime:0.000044s ]
INFO: [ app_init ] --END-- [ RunTime:0.000646s ]

[ 2016-11-15T22:04:53+08:00 ] ::1 /think_blog/Home/Member/personArticle.html
INFO: [ app_init ] --START--
INFO: Run Behavior\BuildLiteBehavior [ RunTime:0.000029s ]
INFO: [ app_init ] --END-- [ RunTime:0.000450s ]

[ 2016-11-15T22:04:55+08:00 ] ::1 /think_blog/Home/Member/personArticle
INFO: [ app_init ] --START--
INFO: Run Behavior\BuildLiteBehavior [ RunTime:0.000029s ]
INFO: [ app_init ] --END-- [ RunTime:0.000450s ]
INFO: [ app_begin ] --START--
INFO: Run Behavior\ReadHtmlCacheBehavior [ RunTime:0.000479s ]
INFO: [ app_begin ] --END-- [ RunTime:0.000594s ]
SQL: SHOW COLUMNS FROM `article` [ RunTime:0.0043s ]
SQL: SELECT a.id AS `article_id`,a.title AS `title`,a.content AS `content`,a.hitnum AS `hitnum`,a.create_time AS `create_time`,a.member_id AS `member_id`,a.article_type_id AS `article_type_id`,at.article_type_name AS `article_type_name` FROM article a LEFT JOIN article_type at ON a.article_type_id=at.id  WHERE a.member_id = '29' LIMIT 10,10   [ RunTime:0.0005s ]
SQL: SELECT COUNT(a.id) AS `count` FROM article a LEFT JOIN article_type at ON a.article_type_id=at.id  WHERE a.member_id = '29'  [ RunTime:0.0003s ]

[ 2016-11-15T22:04:56+08:00 ] ::1 /think_blog/Home/Member/personArticle
INFO: [ app_init ] --START--
INFO: Run Behavior\BuildLiteBehavior [ RunTime:0.000029s ]
INFO: [ app_init ] --END-- [ RunTime:0.000462s ]
INFO: [ app_begin ] --START--
INFO: Run Behavior\ReadHtmlCacheBehavior [ RunTime:0.001067s ]
INFO: [ app_begin ] --END-- [ RunTime:0.001202s ]
SQL: SHOW COLUMNS FROM `article` [ RunTime:0.0052s ]
SQL: SELECT a.id AS `article_id`,a.title AS `title`,a.content AS `content`,a.hitnum AS `hitnum`,a.create_time AS `create_time`,a.member_id AS `member_id`,a.article_type_id AS `article_type_id`,at.article_type_name AS `article_type_name` FROM article a LEFT JOIN article_type at ON a.article_type_id=at.id  WHERE a.member_id = '29' LIMIT 0,10   [ RunTime:0.0005s ]
SQL: SELECT COUNT(a.id) AS `count` FROM article a LEFT JOIN article_type at ON a.article_type_id=at.id  WHERE a.member_id = '29'  [ RunTime:0.0006s ]

[ 2016-11-15T22:04:58+08:00 ] ::1 /think_blog/Home/ArticleComment/getArticleComment/article_id/3.html
INFO: [ app_init ] --START--
INFO: Run Behavior\BuildLiteBehavior [ RunTime:0.000030s ]
INFO: [ app_init ] --END-- [ RunTime:0.000455s ]

[ 2016-11-15T22:05:38+08:00 ] ::1 /think_blog/Home/Member/personCenter.html
INFO: [ app_init ] --START--
INFO: Run Behavior\BuildLiteBehavior [ RunTime:0.000109s ]
INFO: [ app_init ] --END-- [ RunTime:0.001224s ]

[ 2016-11-15T22:05:38+08:00 ] ::1 /think_blog/Home/Member/login.html
INFO: [ app_init ] --START--
INFO: Run Behavior\BuildLiteBehavior [ RunTime:0.000025s ]
INFO: [ app_init ] --END-- [ RunTime:0.000392s ]

[ 2016-11-15T22:05:38+08:00 ] ::1 /think_blog/Home/Member/getVerify.html
INFO: [ app_init ] --START--
INFO: Run Behavior\BuildLiteBehavior [ RunTime:0.000025s ]
INFO: [ app_init ] --END-- [ RunTime:0.000445s ]

[ 2016-11-15T22:05:51+08:00 ] ::1 /think_blog/Home/Member/getVerify.html
INFO: [ app_init ] --START--
INFO: Run Behavior\BuildLiteBehavior [ RunTime:0.000027s ]
INFO: [ app_init ] --END-- [ RunTime:0.000430s ]

[ 2016-11-15T22:05:56+08:00 ] ::1 /think_blog/Home/Member/login.html
INFO: [ app_init ] --START--
INFO: Run Behavior\BuildLiteBehavior [ RunTime:0.000037s ]
INFO: [ app_init ] --END-- [ RunTime:0.000511s ]

[ 2016-11-15T22:05:56+08:00 ] ::1 /think_blog/Home/Member/getVerify.html
INFO: [ app_init ] --START--
INFO: Run Behavior\BuildLiteBehavior [ RunTime:0.000290s ]
INFO: [ app_init ] --END-- [ RunTime:0.002034s ]

[ 2016-11-15T22:06:06+08:00 ] ::1 /think_blog/Home/Member/login.html
INFO: [ app_init ] --START--
INFO: Run Behavior\BuildLiteBehavior [ RunTime:0.000024s ]
INFO: [ app_init ] --END-- [ RunTime:0.000459s ]

[ 2016-11-15T22:06:06+08:00 ] ::1 /think_blog/Home/Member/Index.html
INFO: [ app_init ] --START--
INFO: Run Behavior\BuildLiteBehavior [ RunTime:0.000022s ]
INFO: [ app_init ] --END-- [ RunTime:0.000365s ]

[ 2016-11-15T22:06:19+08:00 ] ::1 /think_blog/Home/Member/personCenter.html
INFO: [ app_init ] --START--
INFO: Run Behavior\BuildLiteBehavior [ RunTime:0.000030s ]
INFO: [ app_init ] --END-- [ RunTime:0.000601s ]

[ 2016-11-15T22:06:19+08:00 ] ::1 /think_blog/Home/Member/info.html
INFO: [ app_init ] --START--
INFO: Run Behavior\BuildLiteBehavior [ RunTime:0.000041s ]
INFO: [ app_init ] --END-- [ RunTime:0.000555s ]

[ 2016-11-15T22:06:21+08:00 ] ::1 /think_blog/Home/Member/personArticle.html
INFO: [ app_init ] --START--
INFO: Run Behavior\BuildLiteBehavior [ RunTime:0.000027s ]
INFO: [ app_init ] --END-- [ RunTime:0.000490s ]

[ 2016-11-15T22:06:22+08:00 ] ::1 /think_blog/Home/Member/personArticle
INFO: [ app_init ] --START--
INFO: Run Behavior\BuildLiteBehavior [ RunTime:0.000029s ]
INFO: [ app_init ] --END-- [ RunTime:0.000526s ]
INFO: [ app_begin ] --START--
INFO: Run Behavior\ReadHtmlCacheBehavior [ RunTime:0.000525s ]
INFO: [ app_begin ] --END-- [ RunTime:0.000630s ]
SQL: SHOW COLUMNS FROM `article` [ RunTime:0.0038s ]
SQL: SELECT a.id AS `article_id`,a.title AS `title`,a.content AS `content`,a.hitnum AS `hitnum`,a.create_time AS `create_time`,a.member_id AS `member_id`,a.article_type_id AS `article_type_id`,at.article_type_name AS `article_type_name` FROM article a LEFT JOIN article_type at ON a.article_type_id=at.id  WHERE a.member_id = '29' LIMIT 10,10   [ RunTime:0.0005s ]
SQL: SELECT COUNT(a.id) AS `count` FROM article a LEFT JOIN article_type at ON a.article_type_id=at.id  WHERE a.member_id = '29'  [ RunTime:0.0013s ]

[ 2016-11-15T22:06:24+08:00 ] ::1 /think_blog/Home/Member/personArticle
INFO: [ app_init ] --START--
INFO: Run Behavior\BuildLiteBehavior [ RunTime:0.000028s ]
INFO: [ app_init ] --END-- [ RunTime:0.000455s ]
INFO: [ app_begin ] --START--
INFO: Run Behavior\ReadHtmlCacheBehavior [ RunTime:0.000385s ]
INFO: [ app_begin ] --END-- [ RunTime:0.000488s ]
SQL: SHOW COLUMNS FROM `article` [ RunTime:0.0038s ]
SQL: SELECT a.id AS `article_id`,a.title AS `title`,a.content AS `content`,a.hitnum AS `hitnum`,a.create_time AS `create_time`,a.member_id AS `member_id`,a.article_type_id AS `article_type_id`,at.article_type_name AS `article_type_name` FROM article a LEFT JOIN article_type at ON a.article_type_id=at.id  WHERE a.member_id = '29' LIMIT 0,10   [ RunTime:0.0005s ]
SQL: SELECT COUNT(a.id) AS `count` FROM article a LEFT JOIN article_type at ON a.article_type_id=at.id  WHERE a.member_id = '29'  [ RunTime:0.0004s ]

[ 2016-11-15T22:06:26+08:00 ] ::1 /think_blog/Home/Member/personArticleComment/article_id/3.html
INFO: [ app_init ] --START--
INFO: Run Behavior\BuildLiteBehavior [ RunTime:0.000028s ]
INFO: [ app_init ] --END-- [ RunTime:0.000433s ]

[ 2016-11-15T22:06:27+08:00 ] ::1 /think_blog/Home/Member/personArticleComment
INFO: [ app_init ] --START--
INFO: Run Behavior\BuildLiteBehavior [ RunTime:0.000046s ]
INFO: [ app_init ] --END-- [ RunTime:0.000696s ]
INFO: [ app_begin ] --START--
INFO: Run Behavior\ReadHtmlCacheBehavior [ RunTime:0.000410s ]
INFO: [ app_begin ] --END-- [ RunTime:0.000551s ]
NOTIC: [2048] Declaration of Home\Model\ArticleCommentModel::comment() should be compatible with Think\Model::comment($comment) D:\wamp\www\think_blog\Application\Home\Model\ArticleCommentModel.class.php 第 5 行.
SQL: SHOW COLUMNS FROM `article_comment` [ RunTime:0.0057s ]
SQL: SHOW COLUMNS FROM `article` [ RunTime:0.0040s ]
SQL: SELECT `title` FROM `article` WHERE `id` = 3  [ RunTime:0.0003s ]
SQL: SELECT ac.id AS `article_comment_id`,ac.member_id AS `member_id`,m.member_name AS `member_name`,m.head_pic AS `head_pic`,ac.comment_content AS `comment_content`,ac.comment_time AS `comment_time` FROM article_comment ac INNER JOIN member m ON ac.member_id=m.id  WHERE ac.article_id = '3' LIMIT 10,10   [ RunTime:0.0004s ]
SQL: SELECT COUNT(ac.id) AS `count` FROM article_comment ac INNER JOIN member m ON ac.member_id=m.id  WHERE ac.article_id = '3'  [ RunTime:0.0003s ]

[ 2016-11-15T22:06:28+08:00 ] ::1 /think_blog/Home/Member/personArticleComment
INFO: [ app_init ] --START--
INFO: Run Behavior\BuildLiteBehavior [ RunTime:0.000026s ]
INFO: [ app_init ] --END-- [ RunTime:0.000428s ]
INFO: [ app_begin ] --START--
INFO: Run Behavior\ReadHtmlCacheBehavior [ RunTime:0.001011s ]
INFO: [ app_begin ] --END-- [ RunTime:0.001273s ]
NOTIC: [2048] Declaration of Home\Model\ArticleCommentModel::comment() should be compatible with Think\Model::comment($comment) D:\wamp\www\think_blog\Application\Home\Model\ArticleCommentModel.class.php 第 5 行.
SQL: SHOW COLUMNS FROM `article_comment` [ RunTime:0.0038s ]
SQL: SHOW COLUMNS FROM `article` [ RunTime:0.0045s ]
SQL: SELECT `title` FROM `article` WHERE `id` = 3  [ RunTime:0.0003s ]
SQL: SELECT ac.id AS `article_comment_id`,ac.member_id AS `member_id`,m.member_name AS `member_name`,m.head_pic AS `head_pic`,ac.comment_content AS `comment_content`,ac.comment_time AS `comment_time` FROM article_comment ac INNER JOIN member m ON ac.member_id=m.id  WHERE ac.article_id = '3' LIMIT 0,10   [ RunTime:0.0004s ]
SQL: SELECT COUNT(ac.id) AS `count` FROM article_comment ac INNER JOIN member m ON ac.member_id=m.id  WHERE ac.article_id = '3'  [ RunTime:0.0003s ]

[ 2016-11-15T22:06:30+08:00 ] ::1 /think_blog/Home/Member/personArticle.html
INFO: [ app_init ] --START--
INFO: Run Behavior\BuildLiteBehavior [ RunTime:0.000031s ]
INFO: [ app_init ] --END-- [ RunTime:0.000431s ]

[ 2016-11-15T22:06:31+08:00 ] ::1 /think_blog/Home/Member/personArticleComment/article_id/9.html
INFO: [ app_init ] --START--
INFO: Run Behavior\BuildLiteBehavior [ RunTime:0.000031s ]
INFO: [ app_init ] --END-- [ RunTime:0.000483s ]

[ 2016-11-15T22:06:33+08:00 ] ::1 /think_blog/Home/Member/personArticle.html
INFO: [ app_init ] --START--
INFO: Run Behavior\BuildLiteBehavior [ RunTime:0.000029s ]
INFO: [ app_init ] --END-- [ RunTime:0.000452s ]

[ 2016-11-15T22:06:34+08:00 ] ::1 /think_blog/Home/Member/personArticleComment/article_id/29.html
INFO: [ app_init ] --START--
INFO: Run Behavior\BuildLiteBehavior [ RunTime:0.000028s ]
INFO: [ app_init ] --END-- [ RunTime:0.000436s ]

[ 2016-11-15T22:06:39+08:00 ] ::1 /think_blog/Home/Member/personCenter.html
INFO: [ app_init ] --START--
INFO: Run Behavior\BuildLiteBehavior [ RunTime:0.000027s ]
INFO: [ app_init ] --END-- [ RunTime:0.000435s ]

[ 2016-11-15T22:06:39+08:00 ] ::1 /think_blog/Home/Member/info.html
INFO: [ app_init ] --START--
INFO: Run Behavior\BuildLiteBehavior [ RunTime:0.000050s ]
INFO: [ app_init ] --END-- [ RunTime:0.000694s ]

[ 2016-11-15T22:51:24+08:00 ] ::1 /think_blog/Home/Member/personArticle.html
INFO: [ app_init ] --START--
INFO: Run Behavior\BuildLiteBehavior [ RunTime:0.000029s ]
INFO: [ app_init ] --END-- [ RunTime:0.000537s ]

[ 2016-11-15T22:51:26+08:00 ] ::1 /think_blog/Home/Member/personArticle
INFO: [ app_init ] --START--
INFO: Run Behavior\BuildLiteBehavior [ RunTime:0.000028s ]
INFO: [ app_init ] --END-- [ RunTime:0.000510s ]
INFO: [ app_begin ] --START--
INFO: Run Behavior\ReadHtmlCacheBehavior [ RunTime:0.000612s ]
INFO: [ app_begin ] --END-- [ RunTime:0.000725s ]
SQL: SHOW COLUMNS FROM `article` [ RunTime:0.0044s ]
SQL: SELECT a.id AS `article_id`,a.title AS `title`,a.content AS `content`,a.hitnum AS `hitnum`,a.create_time AS `create_time`,a.member_id AS `member_id`,a.article_type_id AS `article_type_id`,at.article_type_name AS `article_type_name` FROM article a LEFT JOIN article_type at ON a.article_type_id=at.id  WHERE a.member_id = '29' LIMIT 10,10   [ RunTime:0.0006s ]
SQL: SELECT COUNT(a.id) AS `count` FROM article a LEFT JOIN article_type at ON a.article_type_id=at.id  WHERE a.member_id = '29'  [ RunTime:0.0003s ]

[ 2016-11-15T22:51:27+08:00 ] ::1 /think_blog/Home/Member/personArticleComment/article_id/40.html
INFO: [ app_init ] --START--
INFO: Run Behavior\BuildLiteBehavior [ RunTime:0.000031s ]
INFO: [ app_init ] --END-- [ RunTime:0.000651s ]

[ 2016-11-15T22:51:54+08:00 ] ::1 /think_blog/Home/Member/personPhoto.html
INFO: [ app_init ] --START--
INFO: Run Behavior\BuildLiteBehavior [ RunTime:0.000028s ]
INFO: [ app_init ] --END-- [ RunTime:0.000447s ]

[ 2016-11-15T22:51:55+08:00 ] ::1 /think_blog/Home/Member/personPhotoImg/photo_id/1.html
INFO: [ app_init ] --START--
INFO: Run Behavior\BuildLiteBehavior [ RunTime:0.000032s ]
INFO: [ app_init ] --END-- [ RunTime:0.000465s ]

[ 2016-11-15T22:51:56+08:00 ] ::1 /think_blog/Home/Member/personPhotoImg
INFO: [ app_init ] --START--
INFO: Run Behavior\BuildLiteBehavior [ RunTime:0.000054s ]
INFO: [ app_init ] --END-- [ RunTime:0.001471s ]
INFO: [ app_begin ] --START--
INFO: Run Behavior\ReadHtmlCacheBehavior [ RunTime:0.000599s ]
INFO: [ app_begin ] --END-- [ RunTime:0.000709s ]
SQL: SHOW COLUMNS FROM `photo_img` [ RunTime:0.0039s ]
SQL: SELECT pi.id AS `id`,pi.img_title AS `img_title`,pi.img_src AS `img_src` FROM photo_img pi LEFT JOIN photo p ON pi.photo_id=p.id  WHERE pi.photo_id = '1' LIMIT 10,10   [ RunTime:0.0004s ]
SQL: SELECT COUNT(pi.id) AS `count` FROM photo_img pi LEFT JOIN photo p ON pi.photo_id=p.id  WHERE pi.photo_id = '1'  [ RunTime:0.0002s ]

[ 2016-11-15T22:51:57+08:00 ] ::1 /think_blog/Home/Member/personPhotoImg
INFO: [ app_init ] --START--
INFO: Run Behavior\BuildLiteBehavior [ RunTime:0.000023s ]
INFO: [ app_init ] --END-- [ RunTime:0.000415s ]
INFO: [ app_begin ] --START--
INFO: Run Behavior\ReadHtmlCacheBehavior [ RunTime:0.000376s ]
INFO: [ app_begin ] --END-- [ RunTime:0.000484s ]
SQL: SHOW COLUMNS FROM `photo_img` [ RunTime:0.0042s ]
SQL: SELECT pi.id AS `id`,pi.img_title AS `img_title`,pi.img_src AS `img_src` FROM photo_img pi LEFT JOIN photo p ON pi.photo_id=p.id  WHERE pi.photo_id = '1' LIMIT 0,10   [ RunTime:0.0004s ]
SQL: SELECT COUNT(pi.id) AS `count` FROM photo_img pi LEFT JOIN photo p ON pi.photo_id=p.id  WHERE pi.photo_id = '1'  [ RunTime:0.0003s ]

[ 2016-11-15T22:52:14+08:00 ] ::1 /think_blog/Home/Member/personCenter.html
INFO: [ app_init ] --START--
INFO: Run Behavior\BuildLiteBehavior [ RunTime:0.000031s ]
INFO: [ app_init ] --END-- [ RunTime:0.000460s ]

[ 2016-11-15T22:52:14+08:00 ] ::1 /think_blog/Home/Member/info.html
INFO: [ app_init ] --START--
INFO: Run Behavior\BuildLiteBehavior [ RunTime:0.000043s ]
INFO: [ app_init ] --END-- [ RunTime:0.000693s ]

[ 2016-11-15T22:52:16+08:00 ] ::1 /think_blog/Home/Member/personPhoto.html
INFO: [ app_init ] --START--
INFO: Run Behavior\BuildLiteBehavior [ RunTime:0.000030s ]
INFO: [ app_init ] --END-- [ RunTime:0.000457s ]

[ 2016-11-15T22:52:17+08:00 ] ::1 /think_blog/Home/Member/personPhotoImg/photo_id/1.html
INFO: [ app_init ] --START--
INFO: Run Behavior\BuildLiteBehavior [ RunTime:0.000027s ]
INFO: [ app_init ] --END-- [ RunTime:0.000432s ]

[ 2016-11-15T22:53:10+08:00 ] ::1 /think_blog/Home/PhotoImg/personInfo
INFO: [ app_init ] --START--
INFO: Run Behavior\BuildLiteBehavior [ RunTime:0.000027s ]
INFO: [ app_init ] --END-- [ RunTime:0.000443s ]
INFO: [ app_begin ] --START--
INFO: Run Behavior\ReadHtmlCacheBehavior [ RunTime:0.000438s ]
INFO: [ app_begin ] --END-- [ RunTime:0.000548s ]
SQL: SHOW COLUMNS FROM `photo_img` [ RunTime:0.0038s ]
SQL: SELECT * FROM `photo_img` WHERE `id` = '2'  [ RunTime:0.0003s ]

[ 2016-11-15T22:55:26+08:00 ] ::1 /think_blog/Home/Member/personArticleType.html
INFO: [ app_init ] --START--
INFO: Run Behavior\BuildLiteBehavior [ RunTime:0.000028s ]
INFO: [ app_init ] --END-- [ RunTime:0.000501s ]

[ 2016-11-15T22:55:27+08:00 ] ::1 /think_blog/Home/ArticleType/personInfo
INFO: [ app_init ] --START--
INFO: Run Behavior\BuildLiteBehavior [ RunTime:0.000028s ]
INFO: [ app_init ] --END-- [ RunTime:0.000445s ]
INFO: [ app_begin ] --START--
INFO: Run Behavior\ReadHtmlCacheBehavior [ RunTime:0.000443s ]
INFO: [ app_begin ] --END-- [ RunTime:0.000549s ]
SQL: SHOW COLUMNS FROM `article_type` [ RunTime:0.0036s ]
SQL: SELECT * FROM `article_type` WHERE `id` = '25'  [ RunTime:0.0003s ]

[ 2016-11-15T22:57:09+08:00 ] ::1 /think_blog/Home/Member/personCenter.html
INFO: [ app_init ] --START--
INFO: Run Behavior\BuildLiteBehavior [ RunTime:0.000041s ]
INFO: [ app_init ] --END-- [ RunTime:0.001225s ]

[ 2016-11-15T22:57:09+08:00 ] ::1 /think_blog/Home/Member/info.html
INFO: [ app_init ] --START--
INFO: Run Behavior\BuildLiteBehavior [ RunTime:0.000046s ]
INFO: [ app_init ] --END-- [ RunTime:0.000759s ]

[ 2016-11-15T22:57:11+08:00 ] ::1 /think_blog/Home/Member/personArticleType.html
INFO: [ app_init ] --START--
INFO: Run Behavior\BuildLiteBehavior [ RunTime:0.000027s ]
INFO: [ app_init ] --END-- [ RunTime:0.000449s ]

[ 2016-11-15T22:57:13+08:00 ] ::1 /think_blog/Home/ArticleType/personInfo
INFO: [ app_init ] --START--
INFO: Run Behavior\BuildLiteBehavior [ RunTime:0.000030s ]
INFO: [ app_init ] --END-- [ RunTime:0.000455s ]
INFO: [ app_begin ] --START--
INFO: Run Behavior\ReadHtmlCacheBehavior [ RunTime:0.000439s ]
INFO: [ app_begin ] --END-- [ RunTime:0.000543s ]
SQL: SHOW COLUMNS FROM `article_type` [ RunTime:0.0035s ]
SQL: SELECT * FROM `article_type` WHERE `id` = '30'  [ RunTime:0.0003s ]

[ 2016-11-15T22:57:35+08:00 ] ::1 /think_blog/Home/Member/personCenter.html
INFO: [ app_init ] --START--
INFO: Run Behavior\BuildLiteBehavior [ RunTime:0.000035s ]
INFO: [ app_init ] --END-- [ RunTime:0.000559s ]

[ 2016-11-15T22:57:35+08:00 ] ::1 /think_blog/Home/Member/login.html
INFO: [ app_init ] --START--
INFO: Run Behavior\BuildLiteBehavior [ RunTime:0.000025s ]
INFO: [ app_init ] --END-- [ RunTime:0.000431s ]

[ 2016-11-15T22:57:35+08:00 ] ::1 /think_blog/Home/Member/getVerify.html
INFO: [ app_init ] --START--
INFO: Run Behavior\BuildLiteBehavior [ RunTime:0.000026s ]
INFO: [ app_init ] --END-- [ RunTime:0.000437s ]

[ 2016-11-15T22:57:45+08:00 ] ::1 /think_blog/Home/Member/getVerify.html
INFO: [ app_init ] --START--
INFO: Run Behavior\BuildLiteBehavior [ RunTime:0.000049s ]
INFO: [ app_init ] --END-- [ RunTime:0.000755s ]

[ 2016-11-15T22:57:49+08:00 ] ::1 /think_blog/Home/Member/login.html
INFO: [ app_init ] --START--
INFO: Run Behavior\BuildLiteBehavior [ RunTime:0.000027s ]
INFO: [ app_init ] --END-- [ RunTime:0.000437s ]

[ 2016-11-15T22:57:49+08:00 ] ::1 /think_blog/Home/Member/Index.html
INFO: [ app_init ] --START--
INFO: Run Behavior\BuildLiteBehavior [ RunTime:0.000028s ]
INFO: [ app_init ] --END-- [ RunTime:0.000729s ]

[ 2016-11-15T22:57:52+08:00 ] ::1 /think_blog/Home/Member/personCenter.html
INFO: [ app_init ] --START--
INFO: Run Behavior\BuildLiteBehavior [ RunTime:0.000030s ]
INFO: [ app_init ] --END-- [ RunTime:0.000444s ]

[ 2016-11-15T22:57:52+08:00 ] ::1 /think_blog/Home/Member/info.html
INFO: [ app_init ] --START--
INFO: Run Behavior\BuildLiteBehavior [ RunTime:0.000042s ]
INFO: [ app_init ] --END-- [ RunTime:0.000648s ]

[ 2016-11-15T22:58:02+08:00 ] ::1 /think_blog/Home/Member/personArticleType.html
INFO: [ app_init ] --START--
INFO: Run Behavior\BuildLiteBehavior [ RunTime:0.000027s ]
INFO: [ app_init ] --END-- [ RunTime:0.000492s ]

[ 2016-11-15T22:58:07+08:00 ] ::1 /think_blog/Home/ArticleType/personInfo
INFO: [ app_init ] --START--
INFO: Run Behavior\BuildLiteBehavior [ RunTime:0.000030s ]
INFO: [ app_init ] --END-- [ RunTime:0.000664s ]
INFO: [ app_begin ] --START--
INFO: Run Behavior\ReadHtmlCacheBehavior [ RunTime:0.001607s ]
INFO: [ app_begin ] --END-- [ RunTime:0.001979s ]
SQL: SHOW COLUMNS FROM `article_type` [ RunTime:0.0040s ]
SQL: SELECT * FROM `article_type` WHERE `id` = '30'  [ RunTime:0.0006s ]

[ 2016-11-15T22:58:54+08:00 ] ::1 /think_blog/Home/Member/personCenter.html
INFO: [ app_init ] --START--
INFO: Run Behavior\BuildLiteBehavior [ RunTime:0.000035s ]
INFO: [ app_init ] --END-- [ RunTime:0.000569s ]

[ 2016-11-15T22:58:54+08:00 ] ::1 /think_blog/Home/Member/info.html
INFO: [ app_init ] --START--
INFO: Run Behavior\BuildLiteBehavior [ RunTime:0.000043s ]
INFO: [ app_init ] --END-- [ RunTime:0.000702s ]

[ 2016-11-15T22:58:56+08:00 ] ::1 /think_blog/Home/Member/personArticleType.html
INFO: [ app_init ] --START--
INFO: Run Behavior\BuildLiteBehavior [ RunTime:0.000049s ]
INFO: [ app_init ] --END-- [ RunTime:0.000447s ]

[ 2016-11-15T22:58:58+08:00 ] ::1 /think_blog/Home/ArticleType/personInfo
INFO: [ app_init ] --START--
INFO: Run Behavior\BuildLiteBehavior [ RunTime:0.000028s ]
INFO: [ app_init ] --END-- [ RunTime:0.000437s ]
INFO: [ app_begin ] --START--
INFO: Run Behavior\ReadHtmlCacheBehavior [ RunTime:0.000432s ]
INFO: [ app_begin ] --END-- [ RunTime:0.000538s ]
SQL: SHOW COLUMNS FROM `article_type` [ RunTime:0.0036s ]
SQL: SELECT * FROM `article_type` WHERE `id` = '30'  [ RunTime:0.0003s ]

[ 2016-11-15T22:59:35+08:00 ] ::1 /think_blog/Home/Member/personCenter.html
INFO: [ app_init ] --START--
INFO: Run Behavior\BuildLiteBehavior [ RunTime:0.000029s ]
INFO: [ app_init ] --END-- [ RunTime:0.000461s ]

[ 2016-11-15T22:59:35+08:00 ] ::1 /think_blog/Home/Member/info.html
INFO: [ app_init ] --START--
INFO: Run Behavior\BuildLiteBehavior [ RunTime:0.000042s ]
INFO: [ app_init ] --END-- [ RunTime:0.000664s ]

[ 2016-11-15T22:59:37+08:00 ] ::1 /think_blog/Home/Member/personArticleType.html
INFO: [ app_init ] --START--
INFO: Run Behavior\BuildLiteBehavior [ RunTime:0.000031s ]
INFO: [ app_init ] --END-- [ RunTime:0.000449s ]

[ 2016-11-15T22:59:39+08:00 ] ::1 /think_blog/Home/ArticleType/personInfo
INFO: [ app_init ] --START--
INFO: Run Behavior\BuildLiteBehavior [ RunTime:0.000034s ]
INFO: [ app_init ] --END-- [ RunTime:0.000423s ]
INFO: [ app_begin ] --START--
INFO: Run Behavior\ReadHtmlCacheBehavior [ RunTime:0.000692s ]
INFO: [ app_begin ] --END-- [ RunTime:0.000886s ]
SQL: SHOW COLUMNS FROM `article_type` [ RunTime:0.0036s ]
SQL: SELECT * FROM `article_type` WHERE `id` = '30'  [ RunTime:0.0003s ]

[ 2016-11-15T23:00:35+08:00 ] ::1 /think_blog/Home/Member/personCenter.html
INFO: [ app_init ] --START--
INFO: Run Behavior\BuildLiteBehavior [ RunTime:0.000036s ]
INFO: [ app_init ] --END-- [ RunTime:0.000577s ]

[ 2016-11-15T23:00:35+08:00 ] ::1 /think_blog/Home/Member/info.html
INFO: [ app_init ] --START--
INFO: Run Behavior\BuildLiteBehavior [ RunTime:0.000041s ]
INFO: [ app_init ] --END-- [ RunTime:0.000641s ]

[ 2016-11-15T23:00:37+08:00 ] ::1 /think_blog/Home/Member/personArticleType.html
INFO: [ app_init ] --START--
INFO: Run Behavior\BuildLiteBehavior [ RunTime:0.000029s ]
INFO: [ app_init ] --END-- [ RunTime:0.000499s ]

[ 2016-11-15T23:00:39+08:00 ] ::1 /think_blog/Home/ArticleType/personInfo
INFO: [ app_init ] --START--
INFO: Run Behavior\BuildLiteBehavior [ RunTime:0.000035s ]
INFO: [ app_init ] --END-- [ RunTime:0.000636s ]
INFO: [ app_begin ] --START--
INFO: Run Behavior\ReadHtmlCacheBehavior [ RunTime:0.000356s ]
INFO: [ app_begin ] --END-- [ RunTime:0.000446s ]
SQL: SHOW COLUMNS FROM `article_type` [ RunTime:0.0038s ]
SQL: SELECT * FROM `article_type` WHERE `id` = '30'  [ RunTime:0.0003s ]

[ 2016-11-15T23:00:44+08:00 ] ::1 /think_blog/Home/ArticleType/personInfo
INFO: [ app_init ] --START--
INFO: Run Behavior\BuildLiteBehavior [ RunTime:0.000026s ]
INFO: [ app_init ] --END-- [ RunTime:0.000435s ]
INFO: [ app_begin ] --START--
INFO: Run Behavior\ReadHtmlCacheBehavior [ RunTime:0.000454s ]
INFO: [ app_begin ] --END-- [ RunTime:0.000565s ]
SQL: SHOW COLUMNS FROM `article_type` [ RunTime:0.0037s ]
SQL: SELECT * FROM `article_type` WHERE `id` = '30'  [ RunTime:0.0003s ]

[ 2016-11-15T23:00:46+08:00 ] ::1 /think_blog/Home/ArticleType/personInfo
INFO: [ app_init ] --START--
INFO: Run Behavior\BuildLiteBehavior [ RunTime:0.000027s ]
INFO: [ app_init ] --END-- [ RunTime:0.000440s ]
INFO: [ app_begin ] --START--
INFO: Run Behavior\ReadHtmlCacheBehavior [ RunTime:0.000441s ]
INFO: [ app_begin ] --END-- [ RunTime:0.000548s ]
SQL: SHOW COLUMNS FROM `article_type` [ RunTime:0.0038s ]
SQL: SELECT * FROM `article_type` WHERE `id` = '30'  [ RunTime:0.0003s ]

[ 2016-11-15T23:00:48+08:00 ] ::1 /think_blog/Home/ArticleType/personInfo
INFO: [ app_init ] --START--
INFO: Run Behavior\BuildLiteBehavior [ RunTime:0.000028s ]
INFO: [ app_init ] --END-- [ RunTime:0.000454s ]
INFO: [ app_begin ] --START--
INFO: Run Behavior\ReadHtmlCacheBehavior [ RunTime:0.000472s ]
INFO: [ app_begin ] --END-- [ RunTime:0.000588s ]
SQL: SHOW COLUMNS FROM `article_type` [ RunTime:0.0041s ]
SQL: SELECT * FROM `article_type` WHERE `id` = '30'  [ RunTime:0.0003s ]

[ 2016-11-15T23:01:09+08:00 ] ::1 /think_blog/Home/Member/personCenter.html
INFO: [ app_init ] --START--
INFO: Run Behavior\BuildLiteBehavior [ RunTime:0.000036s ]
INFO: [ app_init ] --END-- [ RunTime:0.000566s ]

[ 2016-11-15T23:01:09+08:00 ] ::1 /think_blog/Home/Member/info.html
INFO: [ app_init ] --START--
INFO: Run Behavior\BuildLiteBehavior [ RunTime:0.000040s ]
INFO: [ app_init ] --END-- [ RunTime:0.000710s ]

[ 2016-11-15T23:01:27+08:00 ] ::1 /think_blog/Home/Member/personArticleType.html
INFO: [ app_init ] --START--
INFO: Run Behavior\BuildLiteBehavior [ RunTime:0.000029s ]
INFO: [ app_init ] --END-- [ RunTime:0.000449s ]

[ 2016-11-15T23:01:31+08:00 ] ::1 /think_blog/Home/Member/personCenter.html
INFO: [ app_init ] --START--
INFO: Run Behavior\BuildLiteBehavior [ RunTime:0.000036s ]
INFO: [ app_init ] --END-- [ RunTime:0.000567s ]

[ 2016-11-15T23:01:31+08:00 ] ::1 /think_blog/Home/Member/info.html
INFO: [ app_init ] --START--
INFO: Run Behavior\BuildLiteBehavior [ RunTime:0.000024s ]
INFO: [ app_init ] --END-- [ RunTime:0.000379s ]

[ 2016-11-15T23:01:33+08:00 ] ::1 /think_blog/Home/Member/personArticleType.html
INFO: [ app_init ] --START--
INFO: Run Behavior\BuildLiteBehavior [ RunTime:0.000029s ]
INFO: [ app_init ] --END-- [ RunTime:0.000505s ]

[ 2016-11-15T23:01:35+08:00 ] ::1 /think_blog/Home/ArticleType/personInfo
INFO: [ app_init ] --START--
INFO: Run Behavior\BuildLiteBehavior [ RunTime:0.000028s ]
INFO: [ app_init ] --END-- [ RunTime:0.000464s ]
INFO: [ app_begin ] --START--
INFO: Run Behavior\ReadHtmlCacheBehavior [ RunTime:0.000434s ]
INFO: [ app_begin ] --END-- [ RunTime:0.000543s ]
SQL: SHOW COLUMNS FROM `article_type` [ RunTime:0.0040s ]
SQL: SELECT * FROM `article_type` WHERE `id` = '30'  [ RunTime:0.0003s ]

[ 2016-11-15T23:01:54+08:00 ] ::1 /think_blog/Home/Member/personCenter.html
INFO: [ app_init ] --START--
INFO: Run Behavior\BuildLiteBehavior [ RunTime:0.000022s ]
INFO: [ app_init ] --END-- [ RunTime:0.000367s ]

[ 2016-11-15T23:01:54+08:00 ] ::1 /think_blog/Home/Member/info.html
INFO: [ app_init ] --START--
INFO: Run Behavior\BuildLiteBehavior [ RunTime:0.000052s ]
INFO: [ app_init ] --END-- [ RunTime:0.000824s ]

[ 2016-11-15T23:01:56+08:00 ] ::1 /think_blog/Home/Member/personArticleType.html
INFO: [ app_init ] --START--
INFO: Run Behavior\BuildLiteBehavior [ RunTime:0.000029s ]
INFO: [ app_init ] --END-- [ RunTime:0.000445s ]

[ 2016-11-15T23:01:58+08:00 ] ::1 /think_blog/Home/ArticleType/personInfo
INFO: [ app_init ] --START--
INFO: Run Behavior\BuildLiteBehavior [ RunTime:0.000029s ]
INFO: [ app_init ] --END-- [ RunTime:0.000440s ]
INFO: [ app_begin ] --START--
INFO: Run Behavior\ReadHtmlCacheBehavior [ RunTime:0.000438s ]
INFO: [ app_begin ] --END-- [ RunTime:0.000547s ]
SQL: SHOW COLUMNS FROM `article_type` [ RunTime:0.0039s ]
SQL: SELECT * FROM `article_type` WHERE `id` = '30'  [ RunTime:0.0003s ]

[ 2016-11-15T23:03:11+08:00 ] ::1 /think_blog/Home/Member/personCenter.html
INFO: [ app_init ] --START--
INFO: Run Behavior\BuildLiteBehavior [ RunTime:0.000035s ]
INFO: [ app_init ] --END-- [ RunTime:0.000562s ]

[ 2016-11-15T23:03:11+08:00 ] ::1 /think_blog/Home/Member/info.html
INFO: [ app_init ] --START--
INFO: Run Behavior\BuildLiteBehavior [ RunTime:0.000043s ]
INFO: [ app_init ] --END-- [ RunTime:0.000771s ]

[ 2016-11-15T23:03:12+08:00 ] ::1 /think_blog/Home/Member/personArticleType.html
INFO: [ app_init ] --START--
INFO: Run Behavior\BuildLiteBehavior [ RunTime:0.000028s ]
INFO: [ app_init ] --END-- [ RunTime:0.000434s ]

[ 2016-11-15T23:03:13+08:00 ] ::1 /think_blog/Home/ArticleType/personInfo
INFO: [ app_init ] --START--
INFO: Run Behavior\BuildLiteBehavior [ RunTime:0.000028s ]
INFO: [ app_init ] --END-- [ RunTime:0.000437s ]
INFO: [ app_begin ] --START--
INFO: Run Behavior\ReadHtmlCacheBehavior [ RunTime:0.000441s ]
INFO: [ app_begin ] --END-- [ RunTime:0.000554s ]
SQL: SHOW COLUMNS FROM `article_type` [ RunTime:0.0033s ]
SQL: SELECT * FROM `article_type` WHERE `id` = '30'  [ RunTime:0.0003s ]

[ 2016-11-15T23:03:16+08:00 ] ::1 /think_blog/Home/ArticleType/personInfo
INFO: [ app_init ] --START--
INFO: Run Behavior\BuildLiteBehavior [ RunTime:0.000026s ]
INFO: [ app_init ] --END-- [ RunTime:0.000426s ]
INFO: [ app_begin ] --START--
INFO: Run Behavior\ReadHtmlCacheBehavior [ RunTime:0.000433s ]
INFO: [ app_begin ] --END-- [ RunTime:0.000541s ]
SQL: SHOW COLUMNS FROM `article_type` [ RunTime:0.0039s ]
SQL: SELECT * FROM `article_type` WHERE `id` = '30'  [ RunTime:0.0003s ]

[ 2016-11-15T23:03:59+08:00 ] ::1 /think_blog/Home/Member/personCenter.html
INFO: [ app_init ] --START--
INFO: Run Behavior\BuildLiteBehavior [ RunTime:0.000036s ]
INFO: [ app_init ] --END-- [ RunTime:0.000642s ]

[ 2016-11-15T23:03:59+08:00 ] ::1 /think_blog/Home/Member/info.html
INFO: [ app_init ] --START--
INFO: Run Behavior\BuildLiteBehavior [ RunTime:0.000049s ]
INFO: [ app_init ] --END-- [ RunTime:0.000994s ]

[ 2016-11-15T23:04:01+08:00 ] ::1 /think_blog/Home/Member/personArticleType.html
INFO: [ app_init ] --START--
INFO: Run Behavior\BuildLiteBehavior [ RunTime:0.000028s ]
INFO: [ app_init ] --END-- [ RunTime:0.000442s ]

[ 2016-11-15T23:04:02+08:00 ] ::1 /think_blog/Home/ArticleType/personInfo
INFO: [ app_init ] --START--
INFO: Run Behavior\BuildLiteBehavior [ RunTime:0.000038s ]
INFO: [ app_init ] --END-- [ RunTime:0.000416s ]
INFO: [ app_begin ] --START--
INFO: Run Behavior\ReadHtmlCacheBehavior [ RunTime:0.000359s ]
INFO: [ app_begin ] --END-- [ RunTime:0.000460s ]
SQL: SHOW COLUMNS FROM `article_type` [ RunTime:0.0037s ]
SQL: SELECT * FROM `article_type` WHERE `id` = '30'  [ RunTime:0.0003s ]

[ 2016-11-15T23:04:19+08:00 ] ::1 /think_blog/Home/Member/personCenter.html
INFO: [ app_init ] --START--
INFO: Run Behavior\BuildLiteBehavior [ RunTime:0.000041s ]
INFO: [ app_init ] --END-- [ RunTime:0.000670s ]

[ 2016-11-15T23:04:19+08:00 ] ::1 /think_blog/Home/Member/info.html
INFO: [ app_init ] --START--
INFO: Run Behavior\BuildLiteBehavior [ RunTime:0.000052s ]
INFO: [ app_init ] --END-- [ RunTime:0.000712s ]

[ 2016-11-15T23:04:21+08:00 ] ::1 /think_blog/Home/Member/personCenter.html
INFO: [ app_init ] --START--
INFO: Run Behavior\BuildLiteBehavior [ RunTime:0.000041s ]
INFO: [ app_init ] --END-- [ RunTime:0.000771s ]

[ 2016-11-15T23:04:21+08:00 ] ::1 /think_blog/Home/Member/info.html
INFO: [ app_init ] --START--
INFO: Run Behavior\BuildLiteBehavior [ RunTime:0.000026s ]
INFO: [ app_init ] --END-- [ RunTime:0.000398s ]

[ 2016-11-15T23:04:22+08:00 ] ::1 /think_blog/Home/Member/personArticleType.html
INFO: [ app_init ] --START--
INFO: Run Behavior\BuildLiteBehavior [ RunTime:0.000028s ]
INFO: [ app_init ] --END-- [ RunTime:0.000491s ]

[ 2016-11-15T23:04:23+08:00 ] ::1 /think_blog/Home/ArticleType/personInfo
INFO: [ app_init ] --START--
INFO: Run Behavior\BuildLiteBehavior [ RunTime:0.000034s ]
INFO: [ app_init ] --END-- [ RunTime:0.000545s ]
INFO: [ app_begin ] --START--
INFO: Run Behavior\ReadHtmlCacheBehavior [ RunTime:0.000459s ]
INFO: [ app_begin ] --END-- [ RunTime:0.000571s ]
SQL: SHOW COLUMNS FROM `article_type` [ RunTime:0.0035s ]
SQL: SELECT * FROM `article_type` WHERE `id` = '30'  [ RunTime:0.0003s ]

[ 2016-11-15T23:04:47+08:00 ] ::1 /think_blog/Home/Member/personCenter.html
INFO: [ app_init ] --START--
INFO: Run Behavior\BuildLiteBehavior [ RunTime:0.000042s ]
INFO: [ app_init ] --END-- [ RunTime:0.000691s ]

[ 2016-11-15T23:04:47+08:00 ] ::1 /think_blog/Home/Member/info.html
INFO: [ app_init ] --START--
INFO: Run Behavior\BuildLiteBehavior [ RunTime:0.000026s ]
INFO: [ app_init ] --END-- [ RunTime:0.000447s ]

[ 2016-11-15T23:04:49+08:00 ] ::1 /think_blog/Home/Member/personArticleType.html
INFO: [ app_init ] --START--
INFO: Run Behavior\BuildLiteBehavior [ RunTime:0.000027s ]
INFO: [ app_init ] --END-- [ RunTime:0.000430s ]

[ 2016-11-15T23:04:50+08:00 ] ::1 /think_blog/Home/ArticleType/personInfo
INFO: [ app_init ] --START--
INFO: Run Behavior\BuildLiteBehavior [ RunTime:0.000029s ]
INFO: [ app_init ] --END-- [ RunTime:0.000450s ]
INFO: [ app_begin ] --START--
INFO: Run Behavior\ReadHtmlCacheBehavior [ RunTime:0.000434s ]
INFO: [ app_begin ] --END-- [ RunTime:0.000544s ]
SQL: SHOW COLUMNS FROM `article_type` [ RunTime:0.0035s ]
SQL: SELECT * FROM `article_type` WHERE `id` = '30'  [ RunTime:0.0003s ]

[ 2016-11-15T23:05:07+08:00 ] ::1 /think_blog/Home/Member/personCenter.html
INFO: [ app_init ] --START--
INFO: Run Behavior\BuildLiteBehavior [ RunTime:0.000033s ]
INFO: [ app_init ] --END-- [ RunTime:0.001180s ]

[ 2016-11-15T23:05:07+08:00 ] ::1 /think_blog/Home/Member/info.html
INFO: [ app_init ] --START--
INFO: Run Behavior\BuildLiteBehavior [ RunTime:0.000082s ]
INFO: [ app_init ] --END-- [ RunTime:0.000932s ]

[ 2016-11-15T23:05:09+08:00 ] ::1 /think_blog/Home/Member/personArticleType.html
INFO: [ app_init ] --START--
INFO: Run Behavior\BuildLiteBehavior [ RunTime:0.000026s ]
INFO: [ app_init ] --END-- [ RunTime:0.000489s ]

[ 2016-11-15T23:05:10+08:00 ] ::1 /think_blog/Home/ArticleType/personInfo
INFO: [ app_init ] --START--
INFO: Run Behavior\BuildLiteBehavior [ RunTime:0.000027s ]
INFO: [ app_init ] --END-- [ RunTime:0.000431s ]
INFO: [ app_begin ] --START--
INFO: Run Behavior\ReadHtmlCacheBehavior [ RunTime:0.001094s ]
INFO: [ app_begin ] --END-- [ RunTime:0.001214s ]
SQL: SHOW COLUMNS FROM `article_type` [ RunTime:0.0036s ]
SQL: SELECT * FROM `article_type` WHERE `id` = '30'  [ RunTime:0.0003s ]

[ 2016-11-15T23:05:33+08:00 ] ::1 /think_blog/Home/Member/personCenter.html
INFO: [ app_init ] --START--
INFO: Run Behavior\BuildLiteBehavior [ RunTime:0.000034s ]
INFO: [ app_init ] --END-- [ RunTime:0.000559s ]

[ 2016-11-15T23:05:33+08:00 ] ::1 /think_blog/Home/Member/info.html
INFO: [ app_init ] --START--
INFO: Run Behavior\BuildLiteBehavior [ RunTime:0.000047s ]
INFO: [ app_init ] --END-- [ RunTime:0.000584s ]

[ 2016-11-15T23:05:35+08:00 ] ::1 /think_blog/Home/Member/personArticleType.html
INFO: [ app_init ] --START--
INFO: Run Behavior\BuildLiteBehavior [ RunTime:0.000046s ]
INFO: [ app_init ] --END-- [ RunTime:0.000736s ]

[ 2016-11-15T23:05:37+08:00 ] ::1 /think_blog/Home/ArticleType/personInfo
INFO: [ app_init ] --START--
INFO: Run Behavior\BuildLiteBehavior [ RunTime:0.000031s ]
INFO: [ app_init ] --END-- [ RunTime:0.000374s ]
INFO: [ app_begin ] --START--
INFO: Run Behavior\ReadHtmlCacheBehavior [ RunTime:0.000933s ]
INFO: [ app_begin ] --END-- [ RunTime:0.001064s ]
SQL: SHOW COLUMNS FROM `article_type` [ RunTime:0.0039s ]
SQL: SELECT * FROM `article_type` WHERE `id` = '30'  [ RunTime:0.0003s ]

[ 2016-11-15T23:07:08+08:00 ] ::1 /think_blog/Home/Member/personCenter.html
INFO: [ app_init ] --START--
INFO: Run Behavior\BuildLiteBehavior [ RunTime:0.000043s ]
INFO: [ app_init ] --END-- [ RunTime:0.000696s ]

[ 2016-11-15T23:07:08+08:00 ] ::1 /think_blog/Home/Member/info.html
INFO: [ app_init ] --START--
INFO: Run Behavior\BuildLiteBehavior [ RunTime:0.000043s ]
INFO: [ app_init ] --END-- [ RunTime:0.000639s ]

[ 2016-11-15T23:07:08+08:00 ] ::1 /think_blog/Home/Member/personCenter.html
INFO: [ app_init ] --START--
INFO: Run Behavior\BuildLiteBehavior [ RunTime:0.000026s ]
INFO: [ app_init ] --END-- [ RunTime:0.000501s ]

[ 2016-11-15T23:07:09+08:00 ] ::1 /think_blog/Home/Member/info.html
INFO: [ app_init ] --START--
INFO: Run Behavior\BuildLiteBehavior [ RunTime:0.000044s ]
INFO: [ app_init ] --END-- [ RunTime:0.000675s ]

[ 2016-11-15T23:07:10+08:00 ] ::1 /think_blog/Home/Member/personArticleType.html
INFO: [ app_init ] --START--
INFO: Run Behavior\BuildLiteBehavior [ RunTime:0.000028s ]
INFO: [ app_init ] --END-- [ RunTime:0.000488s ]

[ 2016-11-15T23:07:12+08:00 ] ::1 /think_blog/Home/ArticleType/personInfo
INFO: [ app_init ] --START--
INFO: Run Behavior\BuildLiteBehavior [ RunTime:0.000028s ]
INFO: [ app_init ] --END-- [ RunTime:0.000441s ]
INFO: [ app_begin ] --START--
INFO: Run Behavior\ReadHtmlCacheBehavior [ RunTime:0.000441s ]
INFO: [ app_begin ] --END-- [ RunTime:0.000549s ]
SQL: SHOW COLUMNS FROM `article_type` [ RunTime:0.0038s ]
SQL: SELECT * FROM `article_type` WHERE `id` = '30'  [ RunTime:0.0003s ]

[ 2016-11-15T23:07:16+08:00 ] ::1 /think_blog/Home/ArticleType/personInfo
INFO: [ app_init ] --START--
INFO: Run Behavior\BuildLiteBehavior [ RunTime:0.000029s ]
INFO: [ app_init ] --END-- [ RunTime:0.000446s ]
INFO: [ app_begin ] --START--
INFO: Run Behavior\ReadHtmlCacheBehavior [ RunTime:0.000443s ]
INFO: [ app_begin ] --END-- [ RunTime:0.000548s ]
SQL: SHOW COLUMNS FROM `article_type` [ RunTime:0.0043s ]
SQL: SELECT * FROM `article_type` WHERE `id` = '30'  [ RunTime:0.0003s ]

[ 2016-11-15T23:07:18+08:00 ] ::1 /think_blog/Home/ArticleType/personInfo
INFO: [ app_init ] --START--
INFO: Run Behavior\BuildLiteBehavior [ RunTime:0.000027s ]
INFO: [ app_init ] --END-- [ RunTime:0.000440s ]
INFO: [ app_begin ] --START--
INFO: Run Behavior\ReadHtmlCacheBehavior [ RunTime:0.000428s ]
INFO: [ app_begin ] --END-- [ RunTime:0.000538s ]
SQL: SHOW COLUMNS FROM `article_type` [ RunTime:0.0038s ]
SQL: SELECT * FROM `article_type` WHERE `id` = '30'  [ RunTime:0.0003s ]

[ 2016-11-15T23:07:49+08:00 ] ::1 /think_blog/Home/Member/personCenter.html
INFO: [ app_init ] --START--
INFO: Run Behavior\BuildLiteBehavior [ RunTime:0.000028s ]
INFO: [ app_init ] --END-- [ RunTime:0.000450s ]

[ 2016-11-15T23:07:49+08:00 ] ::1 /think_blog/Home/Member/info.html
INFO: [ app_init ] --START--
INFO: Run Behavior\BuildLiteBehavior [ RunTime:0.000054s ]
INFO: [ app_init ] --END-- [ RunTime:0.000767s ]

[ 2016-11-15T23:07:51+08:00 ] ::1 /think_blog/Home/Member/personArticleType.html
INFO: [ app_init ] --START--
INFO: Run Behavior\BuildLiteBehavior [ RunTime:0.000044s ]
INFO: [ app_init ] --END-- [ RunTime:0.000619s ]

[ 2016-11-15T23:07:52+08:00 ] ::1 /think_blog/Home/ArticleType/personInfo
INFO: [ app_init ] --START--
INFO: Run Behavior\BuildLiteBehavior [ RunTime:0.000025s ]
INFO: [ app_init ] --END-- [ RunTime:0.000393s ]
INFO: [ app_begin ] --START--
INFO: Run Behavior\ReadHtmlCacheBehavior [ RunTime:0.001084s ]
INFO: [ app_begin ] --END-- [ RunTime:0.001255s ]
SQL: SHOW COLUMNS FROM `article_type` [ RunTime:0.0036s ]
SQL: SELECT * FROM `article_type` WHERE `id` = '30'  [ RunTime:0.0003s ]

[ 2016-11-15T23:07:55+08:00 ] ::1 /think_blog/Home/ArticleType/personInfo
INFO: [ app_init ] --START--
INFO: Run Behavior\BuildLiteBehavior [ RunTime:0.000027s ]
INFO: [ app_init ] --END-- [ RunTime:0.000434s ]
INFO: [ app_begin ] --START--
INFO: Run Behavior\ReadHtmlCacheBehavior [ RunTime:0.000427s ]
INFO: [ app_begin ] --END-- [ RunTime:0.000535s ]
SQL: SHOW COLUMNS FROM `article_type` [ RunTime:0.0037s ]
SQL: SELECT * FROM `article_type` WHERE `id` = '30'  [ RunTime:0.0003s ]

[ 2016-11-15T23:08:22+08:00 ] ::1 /think_blog/Home/Member/personCenter.html
INFO: [ app_init ] --START--
INFO: Run Behavior\BuildLiteBehavior [ RunTime:0.000049s ]
INFO: [ app_init ] --END-- [ RunTime:0.000648s ]

[ 2016-11-15T23:08:22+08:00 ] ::1 /think_blog/Home/Member/info.html
INFO: [ app_init ] --START--
INFO: Run Behavior\BuildLiteBehavior [ RunTime:0.000026s ]
INFO: [ app_init ] --END-- [ RunTime:0.000427s ]

[ 2016-11-15T23:08:23+08:00 ] ::1 /think_blog/Home/Member/personArticleType.html
INFO: [ app_init ] --START--
INFO: Run Behavior\BuildLiteBehavior [ RunTime:0.000027s ]
INFO: [ app_init ] --END-- [ RunTime:0.000430s ]

[ 2016-11-15T23:08:25+08:00 ] ::1 /think_blog/Home/ArticleType/personInfo
INFO: [ app_init ] --START--
INFO: Run Behavior\BuildLiteBehavior [ RunTime:0.000027s ]
INFO: [ app_init ] --END-- [ RunTime:0.000434s ]
INFO: [ app_begin ] --START--
INFO: Run Behavior\ReadHtmlCacheBehavior [ RunTime:0.000876s ]
INFO: [ app_begin ] --END-- [ RunTime:0.001055s ]
SQL: SHOW COLUMNS FROM `article_type` [ RunTime:0.0038s ]
SQL: SELECT * FROM `article_type` WHERE `id` = '30'  [ RunTime:0.0003s ]

[ 2016-11-15T23:09:09+08:00 ] ::1 /think_blog/Home/Member/personCenter.html
INFO: [ app_init ] --START--
INFO: Run Behavior\BuildLiteBehavior [ RunTime:0.000036s ]
INFO: [ app_init ] --END-- [ RunTime:0.000669s ]

[ 2016-11-15T23:09:09+08:00 ] ::1 /think_blog/Home/Member/info.html
INFO: [ app_init ] --START--
INFO: Run Behavior\BuildLiteBehavior [ RunTime:0.000041s ]
INFO: [ app_init ] --END-- [ RunTime:0.000600s ]

[ 2016-11-15T23:09:11+08:00 ] ::1 /think_blog/Home/Member/personCenter.html
INFO: [ app_init ] --START--
INFO: Run Behavior\BuildLiteBehavior [ RunTime:0.000040s ]
INFO: [ app_init ] --END-- [ RunTime:0.000739s ]

[ 2016-11-15T23:09:11+08:00 ] ::1 /think_blog/Home/Member/info.html
INFO: [ app_init ] --START--
INFO: Run Behavior\BuildLiteBehavior [ RunTime:0.000056s ]
INFO: [ app_init ] --END-- [ RunTime:0.000869s ]

[ 2016-11-15T23:09:12+08:00 ] ::1 /think_blog/Home/Member/personArticleType.html
INFO: [ app_init ] --START--
INFO: Run Behavior\BuildLiteBehavior [ RunTime:0.000028s ]
INFO: [ app_init ] --END-- [ RunTime:0.000551s ]

[ 2016-11-15T23:09:14+08:00 ] ::1 /think_blog/Home/ArticleType/personInfo
INFO: [ app_init ] --START--
INFO: Run Behavior\BuildLiteBehavior [ RunTime:0.000027s ]
INFO: [ app_init ] --END-- [ RunTime:0.000441s ]
INFO: [ app_begin ] --START--
INFO: Run Behavior\ReadHtmlCacheBehavior [ RunTime:0.000433s ]
INFO: [ app_begin ] --END-- [ RunTime:0.000539s ]
SQL: SHOW COLUMNS FROM `article_type` [ RunTime:0.0034s ]
SQL: SELECT * FROM `article_type` WHERE `id` = '30'  [ RunTime:0.0002s ]

[ 2016-11-15T23:09:17+08:00 ] ::1 /think_blog/Home/ArticleType/personInfo
INFO: [ app_init ] --START--
INFO: Run Behavior\BuildLiteBehavior [ RunTime:0.000027s ]
INFO: [ app_init ] --END-- [ RunTime:0.000441s ]
INFO: [ app_begin ] --START--
INFO: Run Behavior\ReadHtmlCacheBehavior [ RunTime:0.000474s ]
INFO: [ app_begin ] --END-- [ RunTime:0.000590s ]
SQL: SHOW COLUMNS FROM `article_type` [ RunTime:0.0038s ]
SQL: SELECT * FROM `article_type` WHERE `id` = '30'  [ RunTime:0.0003s ]

[ 2016-11-15T23:09:19+08:00 ] ::1 /think_blog/Home/ArticleType/personInfo
INFO: [ app_init ] --START--
INFO: Run Behavior\BuildLiteBehavior [ RunTime:0.000031s ]
INFO: [ app_init ] --END-- [ RunTime:0.000458s ]
INFO: [ app_begin ] --START--
INFO: Run Behavior\ReadHtmlCacheBehavior [ RunTime:0.000456s ]
INFO: [ app_begin ] --END-- [ RunTime:0.000564s ]
SQL: SHOW COLUMNS FROM `article_type` [ RunTime:0.0035s ]
SQL: SELECT * FROM `article_type` WHERE `id` = '30'  [ RunTime:0.0003s ]

[ 2016-11-15T23:15:47+08:00 ] ::1 /think_blog/Home/Member/personPhoto.html
INFO: [ app_init ] --START--
INFO: Run Behavior\BuildLiteBehavior [ RunTime:0.000029s ]
INFO: [ app_init ] --END-- [ RunTime:0.000466s ]

[ 2016-11-15T23:15:48+08:00 ] ::1 /think_blog/Home/Member/personPhotoImg/photo_id/1.html
INFO: [ app_init ] --START--
INFO: Run Behavior\BuildLiteBehavior [ RunTime:0.000044s ]
INFO: [ app_init ] --END-- [ RunTime:0.000702s ]

[ 2016-11-15T23:15:50+08:00 ] ::1 /think_blog/Home/PhotoImg/personInfo
INFO: [ app_init ] --START--
INFO: Run Behavior\BuildLiteBehavior [ RunTime:0.000027s ]
INFO: [ app_init ] --END-- [ RunTime:0.000488s ]
INFO: [ app_begin ] --START--
INFO: Run Behavior\ReadHtmlCacheBehavior [ RunTime:0.000596s ]
INFO: [ app_begin ] --END-- [ RunTime:0.000705s ]
SQL: SHOW COLUMNS FROM `photo_img` [ RunTime:0.0038s ]
SQL: SELECT * FROM `photo_img` WHERE `id` = '2'  [ RunTime:0.0003s ]

[ 2016-11-15T23:15:53+08:00 ] ::1 /think_blog/Home/PhotoImg/personInfo
INFO: [ app_init ] --START--
INFO: Run Behavior\BuildLiteBehavior [ RunTime:0.000032s ]
INFO: [ app_init ] --END-- [ RunTime:0.000461s ]
INFO: [ app_begin ] --START--
INFO: Run Behavior\ReadHtmlCacheBehavior [ RunTime:0.000433s ]
INFO: [ app_begin ] --END-- [ RunTime:0.000539s ]
SQL: SHOW COLUMNS FROM `photo_img` [ RunTime:0.0038s ]
SQL: SELECT * FROM `photo_img` WHERE `id` = '2'  [ RunTime:0.0003s ]

[ 2016-11-15T23:15:56+08:00 ] ::1 /think_blog/Home/Member/personCenter.html
INFO: [ app_init ] --START--
INFO: Run Behavior\BuildLiteBehavior [ RunTime:0.000023s ]
INFO: [ app_init ] --END-- [ RunTime:0.000364s ]

[ 2016-11-15T23:15:57+08:00 ] ::1 /think_blog/Home/Member/info.html
INFO: [ app_init ] --START--
INFO: Run Behavior\BuildLiteBehavior [ RunTime:0.000052s ]
INFO: [ app_init ] --END-- [ RunTime:0.000717s ]

[ 2016-11-15T23:17:49+08:00 ] ::1 /think_blog/Home/Member/personPhoto.html
INFO: [ app_init ] --START--
INFO: Run Behavior\BuildLiteBehavior [ RunTime:0.000032s ]
INFO: [ app_init ] --END-- [ RunTime:0.000498s ]

[ 2016-11-15T23:17:49+08:00 ] ::1 /think_blog/Home/Member/login.html
INFO: [ app_init ] --START--
INFO: Run Behavior\BuildLiteBehavior [ RunTime:0.000027s ]
INFO: [ app_init ] --END-- [ RunTime:0.000426s ]

[ 2016-11-15T23:17:49+08:00 ] ::1 /think_blog/Home/Member/getVerify.html
INFO: [ app_init ] --START--
INFO: Run Behavior\BuildLiteBehavior [ RunTime:0.000026s ]
INFO: [ app_init ] --END-- [ RunTime:0.000504s ]

[ 2016-11-15T23:17:52+08:00 ] ::1 /think_blog/Home/Member/personCenter.html
INFO: [ app_init ] --START--
INFO: Run Behavior\BuildLiteBehavior [ RunTime:0.000046s ]
INFO: [ app_init ] --END-- [ RunTime:0.000695s ]

[ 2016-11-15T23:17:52+08:00 ] ::1 /think_blog/Home/Member/login.html
INFO: [ app_init ] --START--
INFO: Run Behavior\BuildLiteBehavior [ RunTime:0.000024s ]
INFO: [ app_init ] --END-- [ RunTime:0.000372s ]

[ 2016-11-15T23:17:52+08:00 ] ::1 /think_blog/Home/Member/getVerify.html
INFO: [ app_init ] --START--
INFO: Run Behavior\BuildLiteBehavior [ RunTime:0.000042s ]
INFO: [ app_init ] --END-- [ RunTime:0.000631s ]

[ 2016-11-15T23:18:05+08:00 ] ::1 /think_blog/Home/Member/login.html
INFO: [ app_init ] --START--
INFO: Run Behavior\BuildLiteBehavior [ RunTime:0.000027s ]
INFO: [ app_init ] --END-- [ RunTime:0.000486s ]

[ 2016-11-15T23:18:05+08:00 ] ::1 /think_blog/Home/Member/getVerify.html
INFO: [ app_init ] --START--
INFO: Run Behavior\BuildLiteBehavior [ RunTime:0.000025s ]
INFO: [ app_init ] --END-- [ RunTime:0.000401s ]

[ 2016-11-15T23:18:17+08:00 ] ::1 /think_blog/Home/Member/login.html
INFO: [ app_init ] --START--
INFO: Run Behavior\BuildLiteBehavior [ RunTime:0.000027s ]
INFO: [ app_init ] --END-- [ RunTime:0.000481s ]

[ 2016-11-15T23:18:17+08:00 ] ::1 /think_blog/Home/Member/Index.html
INFO: [ app_init ] --START--
INFO: Run Behavior\BuildLiteBehavior [ RunTime:0.000022s ]
INFO: [ app_init ] --END-- [ RunTime:0.000356s ]

[ 2016-11-15T23:18:19+08:00 ] ::1 /think_blog/Home/Member/personCenter.html
INFO: [ app_init ] --START--
INFO: Run Behavior\BuildLiteBehavior [ RunTime:0.000029s ]
INFO: [ app_init ] --END-- [ RunTime:0.000470s ]

[ 2016-11-15T23:18:19+08:00 ] ::1 /think_blog/Home/Member/info.html
INFO: [ app_init ] --START--
INFO: Run Behavior\BuildLiteBehavior [ RunTime:0.000025s ]
INFO: [ app_init ] --END-- [ RunTime:0.000395s ]

[ 2016-11-15T23:18:20+08:00 ] ::1 /think_blog/Home/Member/personPhoto.html
INFO: [ app_init ] --START--
INFO: Run Behavior\BuildLiteBehavior [ RunTime:0.000027s ]
INFO: [ app_init ] --END-- [ RunTime:0.000435s ]

[ 2016-11-15T23:18:22+08:00 ] ::1 /think_blog/Home/Member/personPhotoImg/photo_id/1.html
INFO: [ app_init ] --START--
INFO: Run Behavior\BuildLiteBehavior [ RunTime:0.000028s ]
INFO: [ app_init ] --END-- [ RunTime:0.000440s ]

[ 2016-11-15T23:20:15+08:00 ] ::1 /think_blog/Home/Member/personCenter.html
INFO: [ app_init ] --START--
INFO: Run Behavior\BuildLiteBehavior [ RunTime:0.000043s ]
INFO: [ app_init ] --END-- [ RunTime:0.000654s ]

[ 2016-11-15T23:20:15+08:00 ] ::1 /think_blog/Home/Member/info.html
INFO: [ app_init ] --START--
INFO: Run Behavior\BuildLiteBehavior [ RunTime:0.000047s ]
INFO: [ app_init ] --END-- [ RunTime:0.000821s ]

[ 2016-11-15T23:20:16+08:00 ] ::1 /think_blog/Home/Member/personPhoto.html
INFO: [ app_init ] --START--
INFO: Run Behavior\BuildLiteBehavior [ RunTime:0.000031s ]
INFO: [ app_init ] --END-- [ RunTime:0.000694s ]

[ 2016-11-15T23:20:19+08:00 ] ::1 /think_blog/Home/Member/personPhoto.html
INFO: [ app_init ] --START--
INFO: Run Behavior\BuildLiteBehavior [ RunTime:0.000026s ]
INFO: [ app_init ] --END-- [ RunTime:0.000440s ]

[ 2016-11-15T23:20:20+08:00 ] ::1 /think_blog/Home/Member/personPhotoImg/photo_id/1.html
INFO: [ app_init ] --START--
INFO: Run Behavior\BuildLiteBehavior [ RunTime:0.000028s ]
INFO: [ app_init ] --END-- [ RunTime:0.000436s ]

[ 2016-11-15T23:20:21+08:00 ] ::1 /think_blog/Home/PhotoImg/personInfo
INFO: [ app_init ] --START--
INFO: Run Behavior\BuildLiteBehavior [ RunTime:0.000027s ]
INFO: [ app_init ] --END-- [ RunTime:0.000428s ]
INFO: [ app_begin ] --START--
INFO: Run Behavior\ReadHtmlCacheBehavior [ RunTime:0.000427s ]
INFO: [ app_begin ] --END-- [ RunTime:0.000532s ]
SQL: SHOW COLUMNS FROM `photo_img` [ RunTime:0.0040s ]
SQL: SELECT * FROM `photo_img` WHERE `id` = '2'  [ RunTime:0.0003s ]

[ 2016-11-15T23:20:43+08:00 ] ::1 /think_blog/Home/Member/personCenter.html
INFO: [ app_init ] --START--
INFO: Run Behavior\BuildLiteBehavior [ RunTime:0.000023s ]
INFO: [ app_init ] --END-- [ RunTime:0.000378s ]

[ 2016-11-15T23:20:43+08:00 ] ::1 /think_blog/Home/Member/login.html
INFO: [ app_init ] --START--
INFO: Run Behavior\BuildLiteBehavior [ RunTime:0.000022s ]
INFO: [ app_init ] --END-- [ RunTime:0.000381s ]

[ 2016-11-15T23:20:43+08:00 ] ::1 /think_blog/Home/Member/getVerify.html
INFO: [ app_init ] --START--
INFO: Run Behavior\BuildLiteBehavior [ RunTime:0.000039s ]
INFO: [ app_init ] --END-- [ RunTime:0.000899s ]

[ 2016-11-15T23:20:52+08:00 ] ::1 /think_blog/Home/Member/login.html
INFO: [ app_init ] --START--
INFO: Run Behavior\BuildLiteBehavior [ RunTime:0.000024s ]
INFO: [ app_init ] --END-- [ RunTime:0.000398s ]

[ 2016-11-15T23:20:52+08:00 ] ::1 /think_blog/Home/Member/Index.html
INFO: [ app_init ] --START--
INFO: Run Behavior\BuildLiteBehavior [ RunTime:0.000028s ]
INFO: [ app_init ] --END-- [ RunTime:0.000518s ]

[ 2016-11-15T23:20:54+08:00 ] ::1 /think_blog/Home/Member/personCenter.html
INFO: [ app_init ] --START--
INFO: Run Behavior\BuildLiteBehavior [ RunTime:0.000066s ]
INFO: [ app_init ] --END-- [ RunTime:0.000988s ]

[ 2016-11-15T23:20:54+08:00 ] ::1 /think_blog/Home/Member/info.html
INFO: [ app_init ] --START--
INFO: Run Behavior\BuildLiteBehavior [ RunTime:0.000144s ]
INFO: [ app_init ] --END-- [ RunTime:0.001565s ]

[ 2016-11-15T23:20:56+08:00 ] ::1 /think_blog/Home/Member/personPhoto.html
INFO: [ app_init ] --START--
INFO: Run Behavior\BuildLiteBehavior [ RunTime:0.000030s ]
INFO: [ app_init ] --END-- [ RunTime:0.000520s ]

[ 2016-11-15T23:20:57+08:00 ] ::1 /think_blog/Home/Member/personPhotoImg/photo_id/1.html
INFO: [ app_init ] --START--
INFO: Run Behavior\BuildLiteBehavior [ RunTime:0.000031s ]
INFO: [ app_init ] --END-- [ RunTime:0.000473s ]

[ 2016-11-15T23:20:58+08:00 ] ::1 /think_blog/Home/PhotoImg/personInfo
INFO: [ app_init ] --START--
INFO: Run Behavior\BuildLiteBehavior [ RunTime:0.000027s ]
INFO: [ app_init ] --END-- [ RunTime:0.000486s ]
INFO: [ app_begin ] --START--
INFO: Run Behavior\ReadHtmlCacheBehavior [ RunTime:0.000520s ]
INFO: [ app_begin ] --END-- [ RunTime:0.000666s ]
SQL: SHOW COLUMNS FROM `photo_img` [ RunTime:0.0039s ]
SQL: SELECT * FROM `photo_img` WHERE `id` = '2'  [ RunTime:0.0003s ]

[ 2016-11-15T23:21:01+08:00 ] ::1 /think_blog/Home/PhotoImg/personInfo
INFO: [ app_init ] --START--
INFO: Run Behavior\BuildLiteBehavior [ RunTime:0.000027s ]
INFO: [ app_init ] --END-- [ RunTime:0.000457s ]
INFO: [ app_begin ] --START--
INFO: Run Behavior\ReadHtmlCacheBehavior [ RunTime:0.000445s ]
INFO: [ app_begin ] --END-- [ RunTime:0.000558s ]
SQL: SHOW COLUMNS FROM `photo_img` [ RunTime:0.0043s ]
SQL: SELECT * FROM `photo_img` WHERE `id` = '2'  [ RunTime:0.0003s ]

[ 2016-11-15T23:21:04+08:00 ] ::1 /think_blog/Home/PhotoImg/personInfo
INFO: [ app_init ] --START--
INFO: Run Behavior\BuildLiteBehavior [ RunTime:0.000027s ]
INFO: [ app_init ] --END-- [ RunTime:0.000432s ]
INFO: [ app_begin ] --START--
INFO: Run Behavior\ReadHtmlCacheBehavior [ RunTime:0.000452s ]
INFO: [ app_begin ] --END-- [ RunTime:0.000566s ]
SQL: SHOW COLUMNS FROM `photo_img` [ RunTime:0.0039s ]
SQL: SELECT * FROM `photo_img` WHERE `id` = '20'  [ RunTime:0.0003s ]

[ 2016-11-15T23:21:11+08:00 ] ::1 /think_blog/Home/PhotoImg/personInfo
INFO: [ app_init ] --START--
INFO: Run Behavior\BuildLiteBehavior [ RunTime:0.000029s ]
INFO: [ app_init ] --END-- [ RunTime:0.000487s ]
INFO: [ app_begin ] --START--
INFO: Run Behavior\ReadHtmlCacheBehavior [ RunTime:0.000447s ]
INFO: [ app_begin ] --END-- [ RunTime:0.000560s ]
SQL: SHOW COLUMNS FROM `photo_img` [ RunTime:0.0042s ]
SQL: SELECT * FROM `photo_img` WHERE `id` = '4'  [ RunTime:0.0003s ]

[ 2016-11-15T23:21:14+08:00 ] ::1 /think_blog/Home/PhotoImg/personInfo
INFO: [ app_init ] --START--
INFO: Run Behavior\BuildLiteBehavior [ RunTime:0.000028s ]
INFO: [ app_init ] --END-- [ RunTime:0.000437s ]
INFO: [ app_begin ] --START--
INFO: Run Behavior\ReadHtmlCacheBehavior [ RunTime:0.000430s ]
INFO: [ app_begin ] --END-- [ RunTime:0.000536s ]
SQL: SHOW COLUMNS FROM `photo_img` [ RunTime:0.0040s ]
SQL: SELECT * FROM `photo_img` WHERE `id` = '4'  [ RunTime:0.0003s ]

