[ 2016-11-01T09:02:02+08:00 ] ::1 /think_blog/Home/Member/login.html
INFO: [ app_init ] --START--
INFO: Run Behavior\BuildLiteBehavior [ RunTime:0.000225s ]
INFO: [ app_init ] --END-- [ RunTime:0.080069s ]

[ 2016-11-01T09:02:11+08:00 ] ::1 /think_blog/Home/Member/getVerify.html
INFO: [ app_init ] --START--
INFO: Run Behavior\BuildLiteBehavior [ RunTime:0.000090s ]
INFO: [ app_init ] --END-- [ RunTime:0.001938s ]

[ 2016-11-01T09:02:23+08:00 ] ::1 /think_blog/Home/Member/login.html
INFO: [ app_init ] --START--
INFO: Run Behavior\BuildLiteBehavior [ RunTime:0.000093s ]
INFO: [ app_init ] --END-- [ RunTime:0.002515s ]

[ 2016-11-01T09:02:23+08:00 ] ::1 /think_blog/Home/Member/getVerify.html
INFO: [ app_init ] --START--
INFO: Run Behavior\BuildLiteBehavior [ RunTime:0.000064s ]
INFO: [ app_init ] --END-- [ RunTime:0.001149s ]

[ 2016-11-01T09:02:40+08:00 ] ::1 /think_blog/Home/Member/login.html
INFO: [ app_init ] --START--
INFO: Run Behavior\BuildLiteBehavior [ RunTime:0.000089s ]
INFO: [ app_init ] --END-- [ RunTime:0.001842s ]

[ 2016-11-01T09:02:44+08:00 ] ::1 /think_blog/Home/Member/Index.html
INFO: [ app_init ] --START--
INFO: Run Behavior\BuildLiteBehavior [ RunTime:0.000093s ]
INFO: [ app_init ] --END-- [ RunTime:0.001878s ]

[ 2016-11-01T09:09:00+08:00 ] ::1 /think_blog/Home/Index/search
INFO: [ app_init ] --START--
INFO: Run Behavior\BuildLiteBehavior [ RunTime:0.000052s ]
INFO: [ app_init ] --END-- [ RunTime:0.001176s ]

[ 2016-11-01T09:10:49+08:00 ] ::1 /think_blog/Home/Index/search
INFO: [ app_init ] --START--
INFO: Run Behavior\BuildLiteBehavior [ RunTime:0.000109s ]
INFO: [ app_init ] --END-- [ RunTime:0.001858s ]
INFO: [ app_begin ] --START--
INFO: Run Behavior\ReadHtmlCacheBehavior [ RunTime:0.002156s ]
INFO: [ app_begin ] --END-- [ RunTime:0.002575s ]
NOTIC: [8] Undefined index: keyItem D:\wamp\www\think_blog\Application\Home\Controller\IndexController.class.php 第 14 行.
NOTIC: [8] Undefined index: keyItem D:\wamp\www\think_blog\Application\Home\Controller\IndexController.class.php 第 45 行.

[ 2016-11-01T09:12:21+08:00 ] ::1 /think_blog/Home/Index/search
INFO: [ app_init ] --START--
INFO: Run Behavior\BuildLiteBehavior [ RunTime:0.000047s ]
INFO: [ app_init ] --END-- [ RunTime:0.000918s ]

[ 2016-11-01T09:12:25+08:00 ] ::1 /think_blog/Home/Index/search
INFO: [ app_init ] --START--
INFO: Run Behavior\BuildLiteBehavior [ RunTime:0.000025s ]
INFO: [ app_init ] --END-- [ RunTime:0.000512s ]
INFO: [ app_begin ] --START--
INFO: Run Behavior\ReadHtmlCacheBehavior [ RunTime:0.000682s ]
INFO: [ app_begin ] --END-- [ RunTime:0.000813s ]
NOTIC: [8] Undefined index: keyItem D:\wamp\www\think_blog\Application\Home\Controller\IndexController.class.php 第 14 行.
NOTIC: [8] Undefined index: keyItem D:\wamp\www\think_blog\Application\Home\Controller\IndexController.class.php 第 45 行.

[ 2016-11-01T09:12:31+08:00 ] ::1 /think_blog/Home/Index/search
INFO: [ app_init ] --START--
INFO: Run Behavior\BuildLiteBehavior [ RunTime:0.000092s ]
INFO: [ app_init ] --END-- [ RunTime:0.001723s ]

[ 2016-11-01T09:14:43+08:00 ] ::1 /think_blog/Home/Index/search
INFO: [ app_init ] --START--
INFO: Run Behavior\BuildLiteBehavior [ RunTime:0.000030s ]
INFO: [ app_init ] --END-- [ RunTime:0.000659s ]
INFO: [ app_begin ] --START--
INFO: Run Behavior\ReadHtmlCacheBehavior [ RunTime:0.000689s ]
INFO: [ app_begin ] --END-- [ RunTime:0.000812s ]
NOTIC: [8] Undefined index: keyItem D:\wamp\www\think_blog\Application\Home\Controller\IndexController.class.php 第 14 行.
NOTIC: [8] Undefined index: keyItem D:\wamp\www\think_blog\Application\Home\Controller\IndexController.class.php 第 45 行.

[ 2016-11-01T09:15:16+08:00 ] ::1 /think_blog/Home/Index/search
INFO: [ app_init ] --START--
INFO: Run Behavior\BuildLiteBehavior [ RunTime:0.000058s ]
INFO: [ app_init ] --END-- [ RunTime:0.001083s ]

[ 2016-11-01T09:15:18+08:00 ] ::1 /think_blog/Home/Index/search
INFO: [ app_init ] --START--
INFO: Run Behavior\BuildLiteBehavior [ RunTime:0.000034s ]
INFO: [ app_init ] --END-- [ RunTime:0.000934s ]
INFO: [ app_begin ] --START--
INFO: Run Behavior\ReadHtmlCacheBehavior [ RunTime:0.000587s ]
INFO: [ app_begin ] --END-- [ RunTime:0.000696s ]
NOTIC: [8] Undefined index: keyItem D:\wamp\www\think_blog\Application\Home\Controller\IndexController.class.php 第 14 行.
NOTIC: [8] Undefined index: keyItem D:\wamp\www\think_blog\Application\Home\Controller\IndexController.class.php 第 45 行.

[ 2016-11-01T09:16:02+08:00 ] ::1 /think_blog/?XDEBUG_SESSION_START=11868
INFO: [ app_init ] --START--
INFO: Run Behavior\BuildLiteBehavior [ RunTime:0.000103s ]
INFO: [ app_init ] --END-- [ RunTime:0.003974s ]

[ 2016-11-01T09:16:50+08:00 ] ::1 /think_blog/Home/Index/search
INFO: [ app_init ] --START--
INFO: Run Behavior\BuildLiteBehavior [ RunTime:0.000118s ]
INFO: [ app_init ] --END-- [ RunTime:0.001529s ]
INFO: [ app_begin ] --START--
INFO: Run Behavior\ReadHtmlCacheBehavior [ RunTime:0.001646s ]
INFO: [ app_begin ] --END-- [ RunTime:0.002200s ]

[ 2016-11-01T09:16:58+08:00 ] ::1 /think_blog/Home/Index/search
INFO: [ app_init ] --START--
INFO: Run Behavior\BuildLiteBehavior [ RunTime:0.000040s ]
INFO: [ app_init ] --END-- [ RunTime:0.000828s ]

[ 2016-11-01T09:17:02+08:00 ] ::1 /think_blog/?XDEBUG_SESSION_START=18201
INFO: [ app_init ] --START--
INFO: Run Behavior\BuildLiteBehavior [ RunTime:0.000066s ]
INFO: [ app_init ] --END-- [ RunTime:0.000803s ]

[ 2016-11-01T09:18:06+08:00 ] ::1 /think_blog/Home/Index/search
INFO: [ app_init ] --START--
INFO: Run Behavior\BuildLiteBehavior [ RunTime:0.000243s ]
INFO: [ app_init ] --END-- [ RunTime:0.001932s ]
INFO: [ app_begin ] --START--
INFO: Run Behavior\ReadHtmlCacheBehavior [ RunTime:0.002921s ]
INFO: [ app_begin ] --END-- [ RunTime:0.004214s ]
SQL: SHOW COLUMNS FROM `article` [ RunTime:0.0036s ]
SQL: SELECT a.id AS `article_id`,a.title AS `title`,date_format(a.create_time,'%Y-%m-%d') AS `create_time`,a.member_id AS `member_id`,m.member_name AS `member_name` FROM article a LEFT JOIN member m ON a.member_id=m.id  WHERE a.title LIKE '%的%' LIMIT 0,20   [ RunTime:0.0018s ]
SQL: SELECT COUNT(a.id) AS `count` FROM article a LEFT JOIN member m ON a.member_id=m.id  WHERE a.title LIKE '%的%'  [ RunTime:0.0016s ]

[ 2016-11-01T09:18:12+08:00 ] ::1 /think_blog/Home/Index/search
INFO: [ app_init ] --START--
INFO: Run Behavior\BuildLiteBehavior [ RunTime:0.000053s ]
INFO: [ app_init ] --END-- [ RunTime:0.001498s ]

[ 2016-11-01T09:18:18+08:00 ] ::1 /think_blog/Home/Index/search
INFO: [ app_init ] --START--
INFO: Run Behavior\BuildLiteBehavior [ RunTime:0.000064s ]
INFO: [ app_init ] --END-- [ RunTime:0.001270s ]

[ 2016-11-01T09:18:21+08:00 ] ::1 /think_blog/Home/Index/search
INFO: [ app_init ] --START--
INFO: Run Behavior\BuildLiteBehavior [ RunTime:0.000091s ]
INFO: [ app_init ] --END-- [ RunTime:0.001699s ]
INFO: [ app_begin ] --START--
INFO: Run Behavior\ReadHtmlCacheBehavior [ RunTime:0.002204s ]
INFO: [ app_begin ] --END-- [ RunTime:0.002850s ]
SQL: SHOW COLUMNS FROM `article` [ RunTime:0.0057s ]
SQL: SELECT a.id AS `article_id`,a.title AS `title`,date_format(a.create_time,'%Y-%m-%d') AS `create_time`,a.member_id AS `member_id`,m.member_name AS `member_name` FROM article a LEFT JOIN member m ON a.member_id=m.id  WHERE a.title LIKE '%的%' LIMIT 0,20   [ RunTime:0.0006s ]
SQL: SELECT COUNT(a.id) AS `count` FROM article a LEFT JOIN member m ON a.member_id=m.id  WHERE a.title LIKE '%的%'  [ RunTime:0.0004s ]

[ 2016-11-01T09:19:54+08:00 ] ::1 /think_blog/Home/Index/search
INFO: [ app_init ] --START--
INFO: Run Behavior\BuildLiteBehavior [ RunTime:0.000047s ]
INFO: [ app_init ] --END-- [ RunTime:0.000971s ]

[ 2016-11-01T09:19:58+08:00 ] ::1 /think_blog/Home/Index/search
INFO: [ app_init ] --START--
INFO: Run Behavior\BuildLiteBehavior [ RunTime:0.000041s ]
INFO: [ app_init ] --END-- [ RunTime:0.001024s ]
INFO: [ app_begin ] --START--
INFO: Run Behavior\ReadHtmlCacheBehavior [ RunTime:0.001040s ]
INFO: [ app_begin ] --END-- [ RunTime:0.001203s ]
SQL: SHOW COLUMNS FROM `article` [ RunTime:0.0565s ]
SQL: SELECT a.id AS `article_id`,a.title AS `title`,date_format(a.create_time,'%Y-%m-%d') AS `create_time`,a.member_id AS `member_id`,m.member_name AS `member_name` FROM article a LEFT JOIN member m ON a.member_id=m.id  WHERE a.title LIKE '%的%' LIMIT 0,20   [ RunTime:0.0013s ]
SQL: SELECT COUNT(a.id) AS `count` FROM article a LEFT JOIN member m ON a.member_id=m.id  WHERE a.title LIKE '%的%'  [ RunTime:0.0007s ]

[ 2016-11-01T09:20:03+08:00 ] ::1 /think_blog/Home/Index/search
INFO: [ app_init ] --START--
INFO: Run Behavior\BuildLiteBehavior [ RunTime:0.000094s ]
INFO: [ app_init ] --END-- [ RunTime:0.001166s ]

[ 2016-11-01T09:20:29+08:00 ] ::1 /think_blog/Home/Index/search
INFO: [ app_init ] --START--
INFO: Run Behavior\BuildLiteBehavior [ RunTime:0.000043s ]
INFO: [ app_init ] --END-- [ RunTime:0.000946s ]

[ 2016-11-01T09:20:36+08:00 ] ::1 /think_blog/Home/Index/search
INFO: [ app_init ] --START--
INFO: Run Behavior\BuildLiteBehavior [ RunTime:0.000053s ]
INFO: [ app_init ] --END-- [ RunTime:0.001102s ]

[ 2016-11-01T09:20:40+08:00 ] ::1 /think_blog/Home/Index/search
INFO: [ app_init ] --START--
INFO: Run Behavior\BuildLiteBehavior [ RunTime:0.000044s ]
INFO: [ app_init ] --END-- [ RunTime:0.000978s ]
INFO: [ app_begin ] --START--
INFO: Run Behavior\ReadHtmlCacheBehavior [ RunTime:0.001296s ]
INFO: [ app_begin ] --END-- [ RunTime:0.001503s ]
SQL: SHOW COLUMNS FROM `article` [ RunTime:0.0186s ]
SQL: SELECT a.id AS `article_id`,a.title AS `title`,date_format(a.create_time,'%Y-%m-%d') AS `create_time`,a.member_id AS `member_id`,m.member_name AS `member_name` FROM article a LEFT JOIN member m ON a.member_id=m.id  WHERE a.title LIKE '%的%' LIMIT 0,20   [ RunTime:0.0012s ]
SQL: SELECT COUNT(a.id) AS `count` FROM article a LEFT JOIN member m ON a.member_id=m.id  WHERE a.title LIKE '%的%'  [ RunTime:0.0009s ]

[ 2016-11-01T09:20:43+08:00 ] ::1 /think_blog/Home/Index/search
INFO: [ app_init ] --START--
INFO: Run Behavior\BuildLiteBehavior [ RunTime:0.000048s ]
INFO: [ app_init ] --END-- [ RunTime:0.000930s ]
INFO: [ app_begin ] --START--
INFO: Run Behavior\ReadHtmlCacheBehavior [ RunTime:0.001205s ]
INFO: [ app_begin ] --END-- [ RunTime:0.001407s ]
SQL: SHOW COLUMNS FROM `article` [ RunTime:0.0137s ]
SQL: SELECT a.id AS `article_id`,a.title AS `title`,date_format(a.create_time,'%Y-%m-%d') AS `create_time`,a.member_id AS `member_id`,m.member_name AS `member_name` FROM article a LEFT JOIN member m ON a.member_id=m.id  WHERE a.title LIKE '%的%' LIMIT 0,30   [ RunTime:0.0015s ]
SQL: SELECT COUNT(a.id) AS `count` FROM article a LEFT JOIN member m ON a.member_id=m.id  WHERE a.title LIKE '%的%'  [ RunTime:0.0011s ]

[ 2016-11-01T09:21:40+08:00 ] ::1 /think_blog/Home/Index/search
INFO: [ app_init ] --START--
INFO: Run Behavior\BuildLiteBehavior [ RunTime:0.000053s ]
INFO: [ app_init ] --END-- [ RunTime:0.001321s ]

[ 2016-11-01T09:23:53+08:00 ] ::1 /think_blog/Home/Index/search
INFO: [ app_init ] --START--
INFO: Run Behavior\BuildLiteBehavior [ RunTime:0.000046s ]
INFO: [ app_init ] --END-- [ RunTime:0.000891s ]

[ 2016-11-01T09:23:58+08:00 ] ::1 /think_blog/Home/Index/search
INFO: [ app_init ] --START--
INFO: Run Behavior\BuildLiteBehavior [ RunTime:0.000049s ]
INFO: [ app_init ] --END-- [ RunTime:0.000818s ]

[ 2016-11-01T09:24:02+08:00 ] ::1 /think_blog/Home/Member/index/member_id/29.html
INFO: [ app_init ] --START--
INFO: Run Behavior\BuildLiteBehavior [ RunTime:0.000061s ]
INFO: [ app_init ] --END-- [ RunTime:0.001217s ]

[ 2016-11-01T09:24:42+08:00 ] ::1 /think_blog/Home/Index/search
INFO: [ app_init ] --START--
INFO: Run Behavior\BuildLiteBehavior [ RunTime:0.000092s ]
INFO: [ app_init ] --END-- [ RunTime:0.002057s ]
INFO: [ app_begin ] --START--
INFO: Run Behavior\ReadHtmlCacheBehavior [ RunTime:0.002657s ]
INFO: [ app_begin ] --END-- [ RunTime:0.003074s ]
SQL: SHOW COLUMNS FROM `article` [ RunTime:0.0106s ]
SQL: SELECT a.id AS `article_id`,a.title AS `title`,date_format(a.create_time,'%Y-%m-%d') AS `create_time`,a.member_id AS `member_id`,m.member_name AS `member_name` FROM article a LEFT JOIN member m ON a.member_id=m.id  WHERE a.title LIKE '%的%' LIMIT 0,30   [ RunTime:0.0013s ]
SQL: SELECT COUNT(a.id) AS `count` FROM article a LEFT JOIN member m ON a.member_id=m.id  WHERE a.title LIKE '%的%'  [ RunTime:0.0009s ]

[ 2016-11-01T09:24:46+08:00 ] ::1 /think_blog/Home/Member/index/member_id/29
INFO: [ app_init ] --START--
INFO: Run Behavior\BuildLiteBehavior [ RunTime:0.000080s ]
INFO: [ app_init ] --END-- [ RunTime:0.001500s ]

[ 2016-11-01T09:25:24+08:00 ] ::1 /think_blog/Home/Index/search
INFO: [ app_init ] --START--
INFO: Run Behavior\BuildLiteBehavior [ RunTime:0.000047s ]
INFO: [ app_init ] --END-- [ RunTime:0.001019s ]

[ 2016-11-01T09:25:26+08:00 ] ::1 /think_blog/Home/Index/search
INFO: [ app_init ] --START--
INFO: Run Behavior\BuildLiteBehavior [ RunTime:0.000042s ]
INFO: [ app_init ] --END-- [ RunTime:0.000884s ]
INFO: [ app_begin ] --START--
INFO: Run Behavior\ReadHtmlCacheBehavior [ RunTime:0.001039s ]
INFO: [ app_begin ] --END-- [ RunTime:0.001219s ]
SQL: SHOW COLUMNS FROM `article` [ RunTime:0.0111s ]
SQL: SELECT a.id AS `article_id`,a.title AS `title`,date_format(a.create_time,'%Y-%m-%d') AS `create_time`,a.member_id AS `member_id`,m.member_name AS `member_name` FROM article a LEFT JOIN member m ON a.member_id=m.id  WHERE a.title LIKE '%的%' LIMIT 0,30   [ RunTime:0.0014s ]
SQL: SELECT COUNT(a.id) AS `count` FROM article a LEFT JOIN member m ON a.member_id=m.id  WHERE a.title LIKE '%的%'  [ RunTime:0.0010s ]

[ 2016-11-01T09:25:29+08:00 ] ::1 /think_blog/Home/Member/index/member_id/29.html
INFO: [ app_init ] --START--
INFO: Run Behavior\BuildLiteBehavior [ RunTime:0.000025s ]
INFO: [ app_init ] --END-- [ RunTime:0.000563s ]

[ 2016-11-01T09:28:39+08:00 ] ::1 /think_blog/Home/Index/search
INFO: [ app_init ] --START--
INFO: Run Behavior\BuildLiteBehavior [ RunTime:0.000051s ]
INFO: [ app_init ] --END-- [ RunTime:0.001126s ]

[ 2016-11-01T09:52:13+08:00 ] ::1 /think_blog/Home/Article/index/article_id/10.html
INFO: [ app_init ] --START--
INFO: Run Behavior\BuildLiteBehavior [ RunTime:0.000047s ]
INFO: [ app_init ] --END-- [ RunTime:0.001044s ]

[ 2016-11-01T09:54:50+08:00 ] ::1 /think_blog/Home/Index/search
INFO: [ app_init ] --START--
INFO: Run Behavior\BuildLiteBehavior [ RunTime:0.000057s ]
INFO: [ app_init ] --END-- [ RunTime:0.001175s ]
ERR: 1267:Illegal mix of collations (latin1_swedish_ci,IMPLICIT) and (utf8_general_ci,COERCIBLE) for operation 'like'
 [ SQL语句 ] : SELECT m.id AS `member_id`,m.member_name AS `member_name`,m.sex AS `sex`,m.head_pic AS `head_pic`,m.hitnum AS `hitnum`,COUNT(DISTINCT f.id) AS `isFocus` FROM member m LEFT JOIN friends f ON m.id=f.member_id AND f.fans_id=29  WHERE `member_name` LIKE '%的%' GROUP BY m.id LIMIT 0,20  

[ 2016-11-01T09:54:58+08:00 ] ::1 /think_blog/Home/Index/search
INFO: [ app_init ] --START--
INFO: Run Behavior\BuildLiteBehavior [ RunTime:0.000057s ]
INFO: [ app_init ] --END-- [ RunTime:0.001138s ]

[ 2016-11-01T09:57:43+08:00 ] ::1 /think_blog/Home/Member/personCenter.html
INFO: [ app_init ] --START--
INFO: Run Behavior\BuildLiteBehavior [ RunTime:0.000026s ]
INFO: [ app_init ] --END-- [ RunTime:0.000463s ]

[ 2016-11-01T09:57:44+08:00 ] ::1 /think_blog/Home/Member/personPhoto.html
INFO: [ app_init ] --START--
INFO: Run Behavior\BuildLiteBehavior [ RunTime:0.000037s ]
INFO: [ app_init ] --END-- [ RunTime:0.000778s ]

[ 2016-11-01T09:57:48+08:00 ] ::1 /think_blog/Home/Member/index.html
INFO: [ app_init ] --START--
INFO: Run Behavior\BuildLiteBehavior [ RunTime:0.000095s ]
INFO: [ app_init ] --END-- [ RunTime:0.002719s ]

[ 2016-11-01T10:02:51+08:00 ] ::1 /think_blog/Home/Member/Photo.html
INFO: [ app_init ] --START--
INFO: Run Behavior\BuildLiteBehavior [ RunTime:0.000064s ]
INFO: [ app_init ] --END-- [ RunTime:0.001289s ]
ERR: 非法操作:Photo

[ 2016-11-01T10:10:07+08:00 ] ::1 /think_blog/Home/Member/index.html
INFO: [ app_init ] --START--
INFO: Run Behavior\BuildLiteBehavior [ RunTime:0.000045s ]
INFO: [ app_init ] --END-- [ RunTime:0.000933s ]

[ 2016-11-01T10:10:49+08:00 ] ::1 /think_blog/Home/Member/index.html
INFO: [ app_init ] --START--
INFO: Run Behavior\BuildLiteBehavior [ RunTime:0.000060s ]
INFO: [ app_init ] --END-- [ RunTime:0.001145s ]

[ 2016-11-01T10:10:51+08:00 ] ::1 /think_blog/Home/Member/index.html
INFO: [ app_init ] --START--
INFO: Run Behavior\BuildLiteBehavior [ RunTime:0.000042s ]
INFO: [ app_init ] --END-- [ RunTime:0.000867s ]

[ 2016-11-01T10:11:01+08:00 ] ::1 /think_blog/Home/Member/logout.html
INFO: [ app_init ] --START--
INFO: Run Behavior\BuildLiteBehavior [ RunTime:0.000044s ]
INFO: [ app_init ] --END-- [ RunTime:0.001175s ]

[ 2016-11-01T10:11:01+08:00 ] ::1 /think_blog/Home/Member/Index.html
INFO: [ app_init ] --START--
INFO: Run Behavior\BuildLiteBehavior [ RunTime:0.000029s ]
INFO: [ app_init ] --END-- [ RunTime:0.000625s ]

[ 2016-11-01T10:11:01+08:00 ] ::1 /think_blog/Home/Member/login.html
INFO: [ app_init ] --START--
INFO: Run Behavior\BuildLiteBehavior [ RunTime:0.000047s ]
INFO: [ app_init ] --END-- [ RunTime:0.000824s ]

[ 2016-11-01T10:11:02+08:00 ] ::1 /think_blog/Home/Member/getVerify.html
INFO: [ app_init ] --START--
INFO: Run Behavior\BuildLiteBehavior [ RunTime:0.000036s ]
INFO: [ app_init ] --END-- [ RunTime:0.000697s ]

[ 2016-11-01T10:11:06+08:00 ] ::1 /think_blog/Home/Member/index.html
INFO: [ app_init ] --START--
INFO: Run Behavior\BuildLiteBehavior [ RunTime:0.000045s ]
INFO: [ app_init ] --END-- [ RunTime:0.000934s ]

[ 2016-11-01T10:11:06+08:00 ] ::1 /think_blog/Home/Member/login.html
INFO: [ app_init ] --START--
INFO: Run Behavior\BuildLiteBehavior [ RunTime:0.000049s ]
INFO: [ app_init ] --END-- [ RunTime:0.001335s ]

[ 2016-11-01T10:11:07+08:00 ] ::1 /think_blog/Home/Member/getVerify.html
INFO: [ app_init ] --START--
INFO: Run Behavior\BuildLiteBehavior [ RunTime:0.000143s ]
INFO: [ app_init ] --END-- [ RunTime:0.002191s ]

[ 2016-11-01T10:11:15+08:00 ] ::1 /think_blog/Home/Member/login.html
INFO: [ app_init ] --START--
INFO: Run Behavior\BuildLiteBehavior [ RunTime:0.000064s ]
INFO: [ app_init ] --END-- [ RunTime:0.001137s ]

[ 2016-11-01T10:11:16+08:00 ] ::1 /think_blog/Home/Member/Index.html
INFO: [ app_init ] --START--
INFO: Run Behavior\BuildLiteBehavior [ RunTime:0.000138s ]
INFO: [ app_init ] --END-- [ RunTime:0.001983s ]

[ 2016-11-01T10:11:21+08:00 ] ::1 /think_blog/Home/Member/logout.html
INFO: [ app_init ] --START--
INFO: Run Behavior\BuildLiteBehavior [ RunTime:0.000052s ]
INFO: [ app_init ] --END-- [ RunTime:0.001145s ]

[ 2016-11-01T10:11:21+08:00 ] ::1 /think_blog/Home/Member/Index.html
INFO: [ app_init ] --START--
INFO: Run Behavior\BuildLiteBehavior [ RunTime:0.000047s ]
INFO: [ app_init ] --END-- [ RunTime:0.000979s ]

[ 2016-11-01T10:11:21+08:00 ] ::1 /think_blog/Home/Member/login.html
INFO: [ app_init ] --START--
INFO: Run Behavior\BuildLiteBehavior [ RunTime:0.000092s ]
INFO: [ app_init ] --END-- [ RunTime:0.001861s ]

[ 2016-11-01T10:11:22+08:00 ] ::1 /think_blog/Home/Member/getVerify.html
INFO: [ app_init ] --START--
INFO: Run Behavior\BuildLiteBehavior [ RunTime:0.000042s ]
INFO: [ app_init ] --END-- [ RunTime:0.000878s ]

[ 2016-11-01T10:11:22+08:00 ] ::1 /think_blog/Home/Member/personCenter.html
INFO: [ app_init ] --START--
INFO: Run Behavior\BuildLiteBehavior [ RunTime:0.000091s ]
INFO: [ app_init ] --END-- [ RunTime:0.001870s ]

[ 2016-11-01T10:11:23+08:00 ] ::1 /think_blog/Home/Member/login.html
INFO: [ app_init ] --START--
INFO: Run Behavior\BuildLiteBehavior [ RunTime:0.000048s ]
INFO: [ app_init ] --END-- [ RunTime:0.000986s ]

[ 2016-11-01T10:11:23+08:00 ] ::1 /think_blog/Home/Member/getVerify.html
INFO: [ app_init ] --START--
INFO: Run Behavior\BuildLiteBehavior [ RunTime:0.000043s ]
INFO: [ app_init ] --END-- [ RunTime:0.000891s ]

[ 2016-11-01T10:11:28+08:00 ] ::1 /think_blog/Home/Member/login.html
INFO: [ app_init ] --START--
INFO: Run Behavior\BuildLiteBehavior [ RunTime:0.000124s ]
INFO: [ app_init ] --END-- [ RunTime:0.002822s ]

[ 2016-11-01T10:11:29+08:00 ] ::1 /think_blog/Home/Member/Index.html
INFO: [ app_init ] --START--
INFO: Run Behavior\BuildLiteBehavior [ RunTime:0.000047s ]
INFO: [ app_init ] --END-- [ RunTime:0.000976s ]

[ 2016-11-01T10:11:34+08:00 ] ::1 /think_blog/Home/Member/personCenter.html
INFO: [ app_init ] --START--
INFO: Run Behavior\BuildLiteBehavior [ RunTime:0.000056s ]
INFO: [ app_init ] --END-- [ RunTime:0.001163s ]

[ 2016-11-01T10:11:35+08:00 ] ::1 /think_blog/Home/Member/personPhoto.html
INFO: [ app_init ] --START--
INFO: Run Behavior\BuildLiteBehavior [ RunTime:0.000061s ]
INFO: [ app_init ] --END-- [ RunTime:0.001284s ]

[ 2016-11-01T10:11:47+08:00 ] ::1 /think_blog/Home/Member/personPhoto.html
INFO: [ app_init ] --START--
INFO: Run Behavior\BuildLiteBehavior [ RunTime:0.000065s ]
INFO: [ app_init ] --END-- [ RunTime:0.001209s ]

[ 2016-11-01T10:11:50+08:00 ] ::1 /think_blog/Home/Member/personPhotoImg/photo_id/1.html
INFO: [ app_init ] --START--
INFO: Run Behavior\BuildLiteBehavior [ RunTime:0.000026s ]
INFO: [ app_init ] --END-- [ RunTime:0.000454s ]

[ 2016-11-01T10:14:52+08:00 ] ::1 /think_blog/Home/Member/index.html
INFO: [ app_init ] --START--
INFO: Run Behavior\BuildLiteBehavior [ RunTime:0.000025s ]
INFO: [ app_init ] --END-- [ RunTime:0.000494s ]

[ 2016-11-01T10:14:55+08:00 ] ::1 /think_blog/Home/Friends/index.html
INFO: [ app_init ] --START--
INFO: Run Behavior\BuildLiteBehavior [ RunTime:0.000024s ]
INFO: [ app_init ] --END-- [ RunTime:0.000428s ]
ERR: 无法加载控制器:Friends

[ 2016-11-01T10:15:25+08:00 ] ::1 /think_blog/Home/Friends/index.html
INFO: [ app_init ] --START--
INFO: Run Behavior\BuildLiteBehavior [ RunTime:0.000078s ]
INFO: [ app_init ] --END-- [ RunTime:0.001513s ]
ERR: 无法加载控制器:Friends

[ 2016-11-01T10:17:03+08:00 ] ::1 /think_blog/Home/Member/personCenter.html
INFO: [ app_init ] --START--
INFO: Run Behavior\BuildLiteBehavior [ RunTime:0.000032s ]
INFO: [ app_init ] --END-- [ RunTime:0.000865s ]

[ 2016-11-01T10:17:04+08:00 ] ::1 /think_blog/Home/Member/personPhoto.html
INFO: [ app_init ] --START--
INFO: Run Behavior\BuildLiteBehavior [ RunTime:0.000041s ]
INFO: [ app_init ] --END-- [ RunTime:0.000710s ]

[ 2016-11-01T10:17:09+08:00 ] ::1 /think_blog/Home/Member/index.html
INFO: [ app_init ] --START--
INFO: Run Behavior\BuildLiteBehavior [ RunTime:0.000046s ]
INFO: [ app_init ] --END-- [ RunTime:0.000924s ]

[ 2016-11-01T10:17:14+08:00 ] ::1 /think_blog/Home/Member/friends/member_id/29/f/focus.html
INFO: [ app_init ] --START--
INFO: Run Behavior\BuildLiteBehavior [ RunTime:0.000026s ]
INFO: [ app_init ] --END-- [ RunTime:0.000510s ]

[ 2016-11-01T10:17:20+08:00 ] ::1 /think_blog/Home/Member/friends/member_id/29/f/fans.html
INFO: [ app_init ] --START--
INFO: Run Behavior\BuildLiteBehavior [ RunTime:0.000027s ]
INFO: [ app_init ] --END-- [ RunTime:0.000553s ]

[ 2016-11-01T10:18:52+08:00 ] ::1 /think_blog/Home/Member/friends/member_id/29/f/focus.html
INFO: [ app_init ] --START--
INFO: Run Behavior\BuildLiteBehavior [ RunTime:0.000030s ]
INFO: [ app_init ] --END-- [ RunTime:0.000561s ]

[ 2016-11-01T10:18:56+08:00 ] ::1 /think_blog/Home/Member/friends/member_id/29/f/fans.html
INFO: [ app_init ] --START--
INFO: Run Behavior\BuildLiteBehavior [ RunTime:0.000030s ]
INFO: [ app_init ] --END-- [ RunTime:0.000647s ]

[ 2016-11-01T10:19:03+08:00 ] ::1 /think_blog/Home/Member/friends/f/focus/member_id/29
INFO: [ app_init ] --START--
INFO: Run Behavior\BuildLiteBehavior [ RunTime:0.000053s ]
INFO: [ app_init ] --END-- [ RunTime:0.000680s ]
INFO: [ app_begin ] --START--
INFO: Run Behavior\ReadHtmlCacheBehavior [ RunTime:0.000640s ]
INFO: [ app_begin ] --END-- [ RunTime:0.000761s ]
SQL: SHOW COLUMNS FROM `member` [ RunTime:0.0184s ]
SQL: SELECT `id` FROM `member` WHERE `id` = 29  [ RunTime:0.0009s ]
SQL: SHOW COLUMNS FROM `friends` [ RunTime:0.0115s ]
SQL: SELECT DISTINCT member_id FROM `friends` WHERE `fans_id` = 29  [ RunTime:0.0008s ]
SQL: SELECT m.id AS `member_id`,m.member_name AS `member_name`,m.sex AS `sex`,m.head_pic AS `head_pic`,m.hitnum AS `hitnum` FROM member m LEFT JOIN friends f ON m.id=f.fans_id AND f.member_id=29  WHERE m.id IN ('41','50','42','45','48') GROUP BY m.id LIMIT 0,20   [ RunTime:0.0009s ]
SQL: SELECT COUNT(DISTINCT f.member_id) AS `focus_count` FROM member m LEFT JOIN friends f ON m.id=f.fans_id  WHERE m.id IN ('41','50','42','45','48') GROUP BY m.id LIMIT 0,20   [ RunTime:0.0009s ]
SQL: SELECT COUNT(DISTINCT f.fans_id) AS `fans_count` FROM member m LEFT JOIN friends f ON m.id=f.member_id  WHERE m.id IN ('41','50','42','45','48') GROUP BY m.id LIMIT 0,20   [ RunTime:0.0008s ]

[ 2016-11-01T10:19:06+08:00 ] ::1 /think_blog/Home/Member/friends/f/focus/member_id/29
INFO: [ app_init ] --START--
INFO: Run Behavior\BuildLiteBehavior [ RunTime:0.000031s ]
INFO: [ app_init ] --END-- [ RunTime:0.000618s ]
INFO: [ app_begin ] --START--
INFO: Run Behavior\ReadHtmlCacheBehavior [ RunTime:0.000776s ]
INFO: [ app_begin ] --END-- [ RunTime:0.000947s ]
SQL: SHOW COLUMNS FROM `member` [ RunTime:0.0105s ]
SQL: SELECT `id` FROM `member` WHERE `id` = 29  [ RunTime:0.0007s ]
SQL: SHOW COLUMNS FROM `friends` [ RunTime:0.0089s ]
SQL: SELECT DISTINCT member_id FROM `friends` WHERE `fans_id` = 29  [ RunTime:0.0013s ]
SQL: SELECT m.id AS `member_id`,m.member_name AS `member_name`,m.sex AS `sex`,m.head_pic AS `head_pic`,m.hitnum AS `hitnum` FROM member m LEFT JOIN friends f ON m.id=f.fans_id AND f.member_id=29  WHERE m.id IN ('41','50','42','45','48') GROUP BY m.id LIMIT 0,20   [ RunTime:0.0016s ]
SQL: SELECT COUNT(DISTINCT f.member_id) AS `focus_count` FROM member m LEFT JOIN friends f ON m.id=f.fans_id  WHERE m.id IN ('41','50','42','45','48') GROUP BY m.id LIMIT 0,20   [ RunTime:0.0014s ]
SQL: SELECT COUNT(DISTINCT f.fans_id) AS `fans_count` FROM member m LEFT JOIN friends f ON m.id=f.member_id  WHERE m.id IN ('41','50','42','45','48') GROUP BY m.id LIMIT 0,20   [ RunTime:0.0015s ]

[ 2016-11-01T10:19:55+08:00 ] ::1 /think_blog/Home/Member/friends/member_id/29/f/focus.html
INFO: [ app_init ] --START--
INFO: Run Behavior\BuildLiteBehavior [ RunTime:0.000030s ]
INFO: [ app_init ] --END-- [ RunTime:0.000663s ]

[ 2016-11-01T10:19:57+08:00 ] ::1 /think_blog/Home/Member/friends/member_id/29/f/focus.html
INFO: [ app_init ] --START--
INFO: Run Behavior\BuildLiteBehavior [ RunTime:0.000038s ]
INFO: [ app_init ] --END-- [ RunTime:0.000678s ]

[ 2016-11-01T10:20:00+08:00 ] ::1 /think_blog/Home/Member/friends/f/focus/member_id/29
INFO: [ app_init ] --START--
INFO: Run Behavior\BuildLiteBehavior [ RunTime:0.000045s ]
INFO: [ app_init ] --END-- [ RunTime:0.000711s ]
INFO: [ app_begin ] --START--
INFO: Run Behavior\ReadHtmlCacheBehavior [ RunTime:0.000652s ]
INFO: [ app_begin ] --END-- [ RunTime:0.000768s ]
SQL: SHOW COLUMNS FROM `member` [ RunTime:0.0077s ]
SQL: SELECT `id` FROM `member` WHERE `id` = 29  [ RunTime:0.0003s ]
SQL: SHOW COLUMNS FROM `friends` [ RunTime:0.0036s ]
SQL: SELECT DISTINCT member_id FROM `friends` WHERE `fans_id` = 29  [ RunTime:0.0005s ]
SQL: SELECT m.id AS `member_id`,m.member_name AS `member_name`,m.sex AS `sex`,m.head_pic AS `head_pic`,m.hitnum AS `hitnum` FROM member m LEFT JOIN friends f ON m.id=f.fans_id AND f.member_id=29  WHERE m.id IN ('41','50','42','45','48') GROUP BY m.id LIMIT 0,20   [ RunTime:0.0004s ]
SQL: SELECT COUNT(DISTINCT f.member_id) AS `focus_count` FROM member m LEFT JOIN friends f ON m.id=f.fans_id  WHERE m.id IN ('41','50','42','45','48') GROUP BY m.id LIMIT 0,20   [ RunTime:0.0005s ]
SQL: SELECT COUNT(DISTINCT f.fans_id) AS `fans_count` FROM member m LEFT JOIN friends f ON m.id=f.member_id  WHERE m.id IN ('41','50','42','45','48') GROUP BY m.id LIMIT 0,20   [ RunTime:0.0004s ]

[ 2016-11-01T10:20:03+08:00 ] ::1 /think_blog/Home/Member/friends/member_id/29/f/focus.html
INFO: [ app_init ] --START--
INFO: Run Behavior\BuildLiteBehavior [ RunTime:0.000024s ]
INFO: [ app_init ] --END-- [ RunTime:0.000506s ]

[ 2016-11-01T10:20:31+08:00 ] ::1 /think_blog/Home/Member/friends/member_id/29/f/fans.html
INFO: [ app_init ] --START--
INFO: Run Behavior\BuildLiteBehavior [ RunTime:0.000025s ]
INFO: [ app_init ] --END-- [ RunTime:0.000522s ]

[ 2016-11-01T10:20:34+08:00 ] ::1 /think_blog/Home/Member/friends/f/fans/member_id/29
INFO: [ app_init ] --START--
INFO: Run Behavior\BuildLiteBehavior [ RunTime:0.000089s ]
INFO: [ app_init ] --END-- [ RunTime:0.001509s ]
INFO: [ app_begin ] --START--
INFO: Run Behavior\ReadHtmlCacheBehavior [ RunTime:0.000665s ]
INFO: [ app_begin ] --END-- [ RunTime:0.000774s ]
SQL: SHOW COLUMNS FROM `member` [ RunTime:0.0103s ]
SQL: SELECT `id` FROM `member` WHERE `id` = 29  [ RunTime:0.0008s ]
SQL: SHOW COLUMNS FROM `friends` [ RunTime:0.0102s ]
SQL: SELECT DISTINCT fans_id FROM `friends` WHERE `member_id` = 29  [ RunTime:0.0012s ]
SQL: SELECT m.id AS `member_id`,m.member_name AS `member_name`,m.sex AS `sex`,m.head_pic AS `head_pic`,m.hitnum AS `hitnum`,COUNT(DISTINCT f.fans_id) AS `isEach` FROM member m LEFT JOIN friends f ON m.id=f.member_id AND f.fans_id=29  WHERE m.id IN ('41','42','45','46','58') GROUP BY m.id LIMIT 0,20   [ RunTime:0.0019s ]
SQL: SELECT COUNT(DISTINCT f.member_id) AS `focus_count` FROM member m LEFT JOIN friends f ON m.id=f.fans_id  WHERE m.id IN ('41','42','45','46','58') GROUP BY m.id LIMIT 0,20   [ RunTime:0.0014s ]
SQL: SELECT COUNT(DISTINCT f.fans_id) AS `fans_count` FROM member m LEFT JOIN friends f ON m.id=f.member_id  WHERE m.id IN ('41','42','45','46','58') GROUP BY m.id LIMIT 0,20   [ RunTime:0.0013s ]

[ 2016-11-01T10:20:37+08:00 ] ::1 /think_blog/Home/Member/friends/f/fans/member_id/29
INFO: [ app_init ] --START--
INFO: Run Behavior\BuildLiteBehavior [ RunTime:0.000029s ]
INFO: [ app_init ] --END-- [ RunTime:0.000592s ]
INFO: [ app_begin ] --START--
INFO: Run Behavior\ReadHtmlCacheBehavior [ RunTime:0.000795s ]
INFO: [ app_begin ] --END-- [ RunTime:0.000930s ]
SQL: SHOW COLUMNS FROM `member` [ RunTime:0.0111s ]
SQL: SELECT `id` FROM `member` WHERE `id` = 29  [ RunTime:0.0007s ]
SQL: SHOW COLUMNS FROM `friends` [ RunTime:0.0078s ]
SQL: SELECT DISTINCT fans_id FROM `friends` WHERE `member_id` = 29  [ RunTime:0.0012s ]
SQL: SELECT m.id AS `member_id`,m.member_name AS `member_name`,m.sex AS `sex`,m.head_pic AS `head_pic`,m.hitnum AS `hitnum`,COUNT(DISTINCT f.fans_id) AS `isEach` FROM member m LEFT JOIN friends f ON m.id=f.member_id AND f.fans_id=29  WHERE m.id IN ('41','42','45','46','58') GROUP BY m.id LIMIT 0,20   [ RunTime:0.0195s ]
SQL: SELECT COUNT(DISTINCT f.member_id) AS `focus_count` FROM member m LEFT JOIN friends f ON m.id=f.fans_id  WHERE m.id IN ('41','42','45','46','58') GROUP BY m.id LIMIT 0,20   [ RunTime:0.0083s ]
SQL: SELECT COUNT(DISTINCT f.fans_id) AS `fans_count` FROM member m LEFT JOIN friends f ON m.id=f.member_id  WHERE m.id IN ('41','42','45','46','58') GROUP BY m.id LIMIT 0,20   [ RunTime:0.0012s ]

[ 2016-11-01T10:20:38+08:00 ] ::1 /think_blog/Home/Member/friends/f/fans/member_id/29
INFO: [ app_init ] --START--
INFO: Run Behavior\BuildLiteBehavior [ RunTime:0.000030s ]
INFO: [ app_init ] --END-- [ RunTime:0.000573s ]
INFO: [ app_begin ] --START--
INFO: Run Behavior\ReadHtmlCacheBehavior [ RunTime:0.000821s ]
INFO: [ app_begin ] --END-- [ RunTime:0.000948s ]
SQL: SHOW COLUMNS FROM `member` [ RunTime:0.0135s ]
SQL: SELECT `id` FROM `member` WHERE `id` = 29  [ RunTime:0.0009s ]
SQL: SHOW COLUMNS FROM `friends` [ RunTime:0.0048s ]
SQL: SELECT DISTINCT fans_id FROM `friends` WHERE `member_id` = 29  [ RunTime:0.0007s ]
SQL: SELECT m.id AS `member_id`,m.member_name AS `member_name`,m.sex AS `sex`,m.head_pic AS `head_pic`,m.hitnum AS `hitnum`,COUNT(DISTINCT f.fans_id) AS `isEach` FROM member m LEFT JOIN friends f ON m.id=f.member_id AND f.fans_id=29  WHERE m.id IN ('41','42','45','46','58') GROUP BY m.id LIMIT 0,20   [ RunTime:0.0008s ]
SQL: SELECT COUNT(DISTINCT f.member_id) AS `focus_count` FROM member m LEFT JOIN friends f ON m.id=f.fans_id  WHERE m.id IN ('41','42','45','46','58') GROUP BY m.id LIMIT 0,20   [ RunTime:0.0264s ]
SQL: SELECT COUNT(DISTINCT f.fans_id) AS `fans_count` FROM member m LEFT JOIN friends f ON m.id=f.member_id  WHERE m.id IN ('41','42','45','46','58') GROUP BY m.id LIMIT 0,20   [ RunTime:0.0008s ]

[ 2016-11-01T10:20:39+08:00 ] ::1 /think_blog/Home/Member/friends/f/fans/member_id/29
INFO: [ app_init ] --START--
INFO: Run Behavior\BuildLiteBehavior [ RunTime:0.000024s ]
INFO: [ app_init ] --END-- [ RunTime:0.000563s ]
INFO: [ app_begin ] --START--
INFO: Run Behavior\ReadHtmlCacheBehavior [ RunTime:0.000693s ]
INFO: [ app_begin ] --END-- [ RunTime:0.000806s ]
SQL: SHOW COLUMNS FROM `member` [ RunTime:0.0034s ]
SQL: SELECT `id` FROM `member` WHERE `id` = 29  [ RunTime:0.0003s ]
SQL: SHOW COLUMNS FROM `friends` [ RunTime:0.0032s ]
SQL: SELECT DISTINCT fans_id FROM `friends` WHERE `member_id` = 29  [ RunTime:0.0004s ]
SQL: SELECT m.id AS `member_id`,m.member_name AS `member_name`,m.sex AS `sex`,m.head_pic AS `head_pic`,m.hitnum AS `hitnum`,COUNT(DISTINCT f.fans_id) AS `isEach` FROM member m LEFT JOIN friends f ON m.id=f.member_id AND f.fans_id=29  WHERE m.id IN ('41','42','45','46','58') GROUP BY m.id LIMIT 0,20   [ RunTime:0.0005s ]
SQL: SELECT COUNT(DISTINCT f.member_id) AS `focus_count` FROM member m LEFT JOIN friends f ON m.id=f.fans_id  WHERE m.id IN ('41','42','45','46','58') GROUP BY m.id LIMIT 0,20   [ RunTime:0.0004s ]
SQL: SELECT COUNT(DISTINCT f.fans_id) AS `fans_count` FROM member m LEFT JOIN friends f ON m.id=f.member_id  WHERE m.id IN ('41','42','45','46','58') GROUP BY m.id LIMIT 0,20   [ RunTime:0.0009s ]

[ 2016-11-01T10:20:41+08:00 ] ::1 /think_blog/Home/Member/friends/f/fans/member_id/29
INFO: [ app_init ] --START--
INFO: Run Behavior\BuildLiteBehavior [ RunTime:0.000029s ]
INFO: [ app_init ] --END-- [ RunTime:0.000623s ]
INFO: [ app_begin ] --START--
INFO: Run Behavior\ReadHtmlCacheBehavior [ RunTime:0.000795s ]
INFO: [ app_begin ] --END-- [ RunTime:0.000919s ]
SQL: SHOW COLUMNS FROM `member` [ RunTime:0.0035s ]
SQL: SELECT `id` FROM `member` WHERE `id` = 29  [ RunTime:0.0003s ]
SQL: SHOW COLUMNS FROM `friends` [ RunTime:0.0031s ]
SQL: SELECT DISTINCT fans_id FROM `friends` WHERE `member_id` = 29  [ RunTime:0.0004s ]
SQL: SELECT m.id AS `member_id`,m.member_name AS `member_name`,m.sex AS `sex`,m.head_pic AS `head_pic`,m.hitnum AS `hitnum`,COUNT(DISTINCT f.fans_id) AS `isEach` FROM member m LEFT JOIN friends f ON m.id=f.member_id AND f.fans_id=29  WHERE m.id IN ('41','42','45','46','58') GROUP BY m.id LIMIT 0,20   [ RunTime:0.0005s ]
SQL: SELECT COUNT(DISTINCT f.member_id) AS `focus_count` FROM member m LEFT JOIN friends f ON m.id=f.fans_id  WHERE m.id IN ('41','42','45','46','58') GROUP BY m.id LIMIT 0,20   [ RunTime:0.0004s ]
SQL: SELECT COUNT(DISTINCT f.fans_id) AS `fans_count` FROM member m LEFT JOIN friends f ON m.id=f.member_id  WHERE m.id IN ('41','42','45','46','58') GROUP BY m.id LIMIT 0,20   [ RunTime:0.0004s ]

[ 2016-11-01T10:21:32+08:00 ] ::1 /think_blog/Home/Member/friends/member_id/29/f/fans.html
INFO: [ app_init ] --START--
INFO: Run Behavior\BuildLiteBehavior [ RunTime:0.000048s ]
INFO: [ app_init ] --END-- [ RunTime:0.000989s ]

[ 2016-11-01T10:21:34+08:00 ] ::1 /think_blog/Home/Member/friends/member_id/29/f/fans.html
INFO: [ app_init ] --START--
INFO: Run Behavior\BuildLiteBehavior [ RunTime:0.000030s ]
INFO: [ app_init ] --END-- [ RunTime:0.000631s ]

[ 2016-11-01T10:21:37+08:00 ] ::1 /think_blog/Home/Member/friends/f/fans/member_id/29
INFO: [ app_init ] --START--
INFO: Run Behavior\BuildLiteBehavior [ RunTime:0.000025s ]
INFO: [ app_init ] --END-- [ RunTime:0.000544s ]
INFO: [ app_begin ] --START--
INFO: Run Behavior\ReadHtmlCacheBehavior [ RunTime:0.000574s ]
INFO: [ app_begin ] --END-- [ RunTime:0.000687s ]
SQL: SHOW COLUMNS FROM `member` [ RunTime:0.0118s ]
SQL: SELECT `id` FROM `member` WHERE `id` = 29  [ RunTime:0.0008s ]
SQL: SHOW COLUMNS FROM `friends` [ RunTime:0.0100s ]
SQL: SELECT DISTINCT fans_id FROM `friends` WHERE `member_id` = 29  [ RunTime:0.0012s ]
SQL: SELECT m.id AS `member_id`,m.member_name AS `member_name`,m.sex AS `sex`,m.head_pic AS `head_pic`,m.hitnum AS `hitnum`,COUNT(DISTINCT f.fans_id) AS `isEach` FROM member m LEFT JOIN friends f ON m.id=f.member_id AND f.fans_id=29  WHERE m.id IN ('41','42','45','46','58') GROUP BY m.id LIMIT 0,20   [ RunTime:0.0016s ]
SQL: SELECT COUNT(DISTINCT f.member_id) AS `focus_count` FROM member m LEFT JOIN friends f ON m.id=f.fans_id  WHERE m.id IN ('41','42','45','46','58') GROUP BY m.id LIMIT 0,20   [ RunTime:0.0014s ]
SQL: SELECT COUNT(DISTINCT f.fans_id) AS `fans_count` FROM member m LEFT JOIN friends f ON m.id=f.member_id  WHERE m.id IN ('41','42','45','46','58') GROUP BY m.id LIMIT 0,20   [ RunTime:0.0017s ]

[ 2016-11-01T10:21:40+08:00 ] ::1 /think_blog/Home/Member/friends/member_id/29/f/focus.html
INFO: [ app_init ] --START--
INFO: Run Behavior\BuildLiteBehavior [ RunTime:0.000033s ]
INFO: [ app_init ] --END-- [ RunTime:0.000826s ]

[ 2016-11-01T10:21:43+08:00 ] ::1 /think_blog/Home/Member/friends/f/focus/member_id/29
INFO: [ app_init ] --START--
INFO: Run Behavior\BuildLiteBehavior [ RunTime:0.000051s ]
INFO: [ app_init ] --END-- [ RunTime:0.001141s ]
INFO: [ app_begin ] --START--
INFO: Run Behavior\ReadHtmlCacheBehavior [ RunTime:0.000763s ]
INFO: [ app_begin ] --END-- [ RunTime:0.000909s ]
SQL: SHOW COLUMNS FROM `member` [ RunTime:0.0036s ]
SQL: SELECT `id` FROM `member` WHERE `id` = 29  [ RunTime:0.0003s ]
SQL: SHOW COLUMNS FROM `friends` [ RunTime:0.0038s ]
SQL: SELECT DISTINCT member_id FROM `friends` WHERE `fans_id` = 29  [ RunTime:0.0005s ]
SQL: SELECT m.id AS `member_id`,m.member_name AS `member_name`,m.sex AS `sex`,m.head_pic AS `head_pic`,m.hitnum AS `hitnum` FROM member m LEFT JOIN friends f ON m.id=f.fans_id AND f.member_id=29  WHERE m.id IN ('41','50','42','45','48') GROUP BY m.id LIMIT 0,20   [ RunTime:0.0004s ]
SQL: SELECT COUNT(DISTINCT f.member_id) AS `focus_count` FROM member m LEFT JOIN friends f ON m.id=f.fans_id  WHERE m.id IN ('41','50','42','45','48') GROUP BY m.id LIMIT 0,20   [ RunTime:0.0004s ]
SQL: SELECT COUNT(DISTINCT f.fans_id) AS `fans_count` FROM member m LEFT JOIN friends f ON m.id=f.member_id  WHERE m.id IN ('41','50','42','45','48') GROUP BY m.id LIMIT 0,20   [ RunTime:0.0005s ]

[ 2016-11-01T10:27:37+08:00 ] ::1 /think_blog/Home/Member/friends/member_id/29/f/focus.html
INFO: [ app_init ] --START--
INFO: Run Behavior\BuildLiteBehavior [ RunTime:0.000031s ]
INFO: [ app_init ] --END-- [ RunTime:0.000681s ]

[ 2016-11-01T10:27:39+08:00 ] ::1 /think_blog/Home/Member/friends/f/focus/member_id/29
INFO: [ app_init ] --START--
INFO: Run Behavior\BuildLiteBehavior [ RunTime:0.000029s ]
INFO: [ app_init ] --END-- [ RunTime:0.000531s ]
INFO: [ app_begin ] --START--
INFO: Run Behavior\ReadHtmlCacheBehavior [ RunTime:0.000551s ]
INFO: [ app_begin ] --END-- [ RunTime:0.000684s ]
SQL: SHOW COLUMNS FROM `member` [ RunTime:0.0031s ]
SQL: SELECT `id` FROM `member` WHERE `id` = 29  [ RunTime:0.0002s ]
SQL: SHOW COLUMNS FROM `friends` [ RunTime:0.0028s ]
SQL: SELECT DISTINCT member_id FROM `friends` WHERE `fans_id` = 29  [ RunTime:0.0004s ]
SQL: SELECT m.id AS `member_id`,m.member_name AS `member_name`,m.sex AS `sex`,m.head_pic AS `head_pic`,m.hitnum AS `hitnum` FROM member m LEFT JOIN friends f ON m.id=f.fans_id AND f.member_id=29  WHERE m.id IN ('41','50','42','45','48') GROUP BY m.id LIMIT 0,20   [ RunTime:0.0005s ]
SQL: SELECT COUNT(DISTINCT f.member_id) AS `focus_count` FROM member m LEFT JOIN friends f ON m.id=f.fans_id  WHERE m.id IN ('41','50','42','45','48') GROUP BY m.id LIMIT 0,20   [ RunTime:0.0006s ]
SQL: SELECT COUNT(DISTINCT f.fans_id) AS `fans_count` FROM member m LEFT JOIN friends f ON m.id=f.member_id  WHERE m.id IN ('41','50','42','45','48') GROUP BY m.id LIMIT 0,20   [ RunTime:0.0004s ]

[ 2016-11-01T10:27:42+08:00 ] ::1 /think_blog/Home/Member/friends/f/focus/member_id/29
INFO: [ app_init ] --START--
INFO: Run Behavior\BuildLiteBehavior [ RunTime:0.000038s ]
INFO: [ app_init ] --END-- [ RunTime:0.000791s ]
INFO: [ app_begin ] --START--
INFO: Run Behavior\ReadHtmlCacheBehavior [ RunTime:0.000580s ]
INFO: [ app_begin ] --END-- [ RunTime:0.000707s ]
SQL: SHOW COLUMNS FROM `member` [ RunTime:0.0133s ]
SQL: SELECT `id` FROM `member` WHERE `id` = 29  [ RunTime:0.0009s ]
SQL: SHOW COLUMNS FROM `friends` [ RunTime:0.0092s ]
SQL: SELECT DISTINCT member_id FROM `friends` WHERE `fans_id` = 29  [ RunTime:0.0009s ]
SQL: SELECT m.id AS `member_id`,m.member_name AS `member_name`,m.sex AS `sex`,m.head_pic AS `head_pic`,m.hitnum AS `hitnum` FROM member m LEFT JOIN friends f ON m.id=f.fans_id AND f.member_id=29  WHERE m.id IN ('41','50','42','45','48') GROUP BY m.id LIMIT 0,20   [ RunTime:0.0007s ]
SQL: SELECT COUNT(DISTINCT f.member_id) AS `focus_count` FROM member m LEFT JOIN friends f ON m.id=f.fans_id  WHERE m.id IN ('41','50','42','45','48') GROUP BY m.id LIMIT 0,20   [ RunTime:0.0009s ]
SQL: SELECT COUNT(DISTINCT f.fans_id) AS `fans_count` FROM member m LEFT JOIN friends f ON m.id=f.member_id  WHERE m.id IN ('41','50','42','45','48') GROUP BY m.id LIMIT 0,20   [ RunTime:0.0010s ]

[ 2016-11-01T10:34:18+08:00 ] ::1 /think_blog/Home/Member/index.html
INFO: [ app_init ] --START--
INFO: Run Behavior\BuildLiteBehavior [ RunTime:0.000029s ]
INFO: [ app_init ] --END-- [ RunTime:0.000619s ]

[ 2016-11-01T10:34:20+08:00 ] ::1 /think_blog/Home/Article/hotArticleList/member_id/29.html
INFO: [ app_init ] --START--
INFO: Run Behavior\BuildLiteBehavior [ RunTime:0.000024s ]
INFO: [ app_init ] --END-- [ RunTime:0.000444s ]

[ 2016-11-01T10:34:27+08:00 ] ::1 /think_blog/Home/Article/articleList/member_id/29.html
INFO: [ app_init ] --START--
INFO: Run Behavior\BuildLiteBehavior [ RunTime:0.000029s ]
INFO: [ app_init ] --END-- [ RunTime:0.000591s ]

[ 2016-11-01T10:34:35+08:00 ] ::1 /think_blog/Home/Article/articleList/article_type_id/11.html
INFO: [ app_init ] --START--
INFO: Run Behavior\BuildLiteBehavior [ RunTime:0.000029s ]
INFO: [ app_init ] --END-- [ RunTime:0.000629s ]

[ 2016-11-01T10:34:36+08:00 ] ::1 /think_blog/Home/Article/articleList/article_type_id/25.html
INFO: [ app_init ] --START--
INFO: Run Behavior\BuildLiteBehavior [ RunTime:0.000029s ]
INFO: [ app_init ] --END-- [ RunTime:0.000619s ]

[ 2016-11-01T10:34:40+08:00 ] ::1 /think_blog/Home/Article/articleList/article_type_id/1.html
INFO: [ app_init ] --START--
INFO: Run Behavior\BuildLiteBehavior [ RunTime:0.000030s ]
INFO: [ app_init ] --END-- [ RunTime:0.000635s ]

[ 2016-11-01T10:35:28+08:00 ] ::1 /think_blog/Home/Article/articleList/article_type_id/1.html
INFO: [ app_init ] --START--
INFO: Run Behavior\BuildLiteBehavior [ RunTime:0.000025s ]
INFO: [ app_init ] --END-- [ RunTime:0.000492s ]

[ 2016-11-01T10:35:30+08:00 ] ::1 /think_blog/Home/Article/articleList/article_type_id/11.html
INFO: [ app_init ] --START--
INFO: Run Behavior\BuildLiteBehavior [ RunTime:0.000030s ]
INFO: [ app_init ] --END-- [ RunTime:0.000610s ]

[ 2016-11-01T10:35:31+08:00 ] ::1 /think_blog/Home/Article/articleList/article_type_id/25.html
INFO: [ app_init ] --START--
INFO: Run Behavior\BuildLiteBehavior [ RunTime:0.000035s ]
INFO: [ app_init ] --END-- [ RunTime:0.000606s ]

[ 2016-11-01T10:35:32+08:00 ] ::1 /think_blog/Home/Article/articleList/article_type_id/11.html
INFO: [ app_init ] --START--
INFO: Run Behavior\BuildLiteBehavior [ RunTime:0.000051s ]
INFO: [ app_init ] --END-- [ RunTime:0.000895s ]

[ 2016-11-01T10:35:32+08:00 ] ::1 /think_blog/Home/Article/articleList/article_type_id/1.html
INFO: [ app_init ] --START--
INFO: Run Behavior\BuildLiteBehavior [ RunTime:0.000046s ]
INFO: [ app_init ] --END-- [ RunTime:0.000747s ]

[ 2016-11-01T10:36:18+08:00 ] ::1 /think_blog/Home/Article/articleList/article_type_id/11.html
INFO: [ app_init ] --START--
INFO: Run Behavior\BuildLiteBehavior [ RunTime:0.000033s ]
INFO: [ app_init ] --END-- [ RunTime:0.000674s ]

[ 2016-11-01T10:36:31+08:00 ] ::1 /think_blog/Home/Article/articleList/article_type_id/11.html
INFO: [ app_init ] --START--
INFO: Run Behavior\BuildLiteBehavior [ RunTime:0.000065s ]
INFO: [ app_init ] --END-- [ RunTime:0.001058s ]

[ 2016-11-01T10:36:45+08:00 ] ::1 /think_blog/Home/Article/articleList/article_type_id/11.html
INFO: [ app_init ] --START--
INFO: Run Behavior\BuildLiteBehavior [ RunTime:0.000043s ]
INFO: [ app_init ] --END-- [ RunTime:0.000929s ]

[ 2016-11-01T10:36:47+08:00 ] ::1 /think_blog/Home/Article/articleList/article_type_id/1.html
INFO: [ app_init ] --START--
INFO: Run Behavior\BuildLiteBehavior [ RunTime:0.000029s ]
INFO: [ app_init ] --END-- [ RunTime:0.000652s ]

[ 2016-11-01T10:36:48+08:00 ] ::1 /think_blog/Home/Article/articleList/article_type_id/11.html
INFO: [ app_init ] --START--
INFO: Run Behavior\BuildLiteBehavior [ RunTime:0.000028s ]
INFO: [ app_init ] --END-- [ RunTime:0.000579s ]

[ 2016-11-01T10:36:49+08:00 ] ::1 /think_blog/Home/Article/articleList/article_type_id/25.html
INFO: [ app_init ] --START--
INFO: Run Behavior\BuildLiteBehavior [ RunTime:0.000025s ]
INFO: [ app_init ] --END-- [ RunTime:0.000464s ]

[ 2016-11-01T10:36:50+08:00 ] ::1 /think_blog/Home/Article/articleList/article_type_id/11.html
INFO: [ app_init ] --START--
INFO: Run Behavior\BuildLiteBehavior [ RunTime:0.000028s ]
INFO: [ app_init ] --END-- [ RunTime:0.000611s ]

[ 2016-11-01T10:36:51+08:00 ] ::1 /think_blog/Home/Article/articleList/article_type_id/1.html
INFO: [ app_init ] --START--
INFO: Run Behavior\BuildLiteBehavior [ RunTime:0.000045s ]
INFO: [ app_init ] --END-- [ RunTime:0.000688s ]

[ 2016-11-01T10:36:52+08:00 ] ::1 /think_blog/Home/Article/articleList/article_type_id/11.html
INFO: [ app_init ] --START--
INFO: Run Behavior\BuildLiteBehavior [ RunTime:0.000031s ]
INFO: [ app_init ] --END-- [ RunTime:0.000606s ]

[ 2016-11-01T10:36:53+08:00 ] ::1 /think_blog/Home/Article/articleList/article_type_id/25.html
INFO: [ app_init ] --START--
INFO: Run Behavior\BuildLiteBehavior [ RunTime:0.000030s ]
INFO: [ app_init ] --END-- [ RunTime:0.000547s ]

[ 2016-11-01T10:36:54+08:00 ] ::1 /think_blog/Home/Article/articleList/article_type_id/11.html
INFO: [ app_init ] --START--
INFO: Run Behavior\BuildLiteBehavior [ RunTime:0.000029s ]
INFO: [ app_init ] --END-- [ RunTime:0.000593s ]

[ 2016-11-01T10:36:55+08:00 ] ::1 /think_blog/Home/Article/articleList/article_type_id/1.html
INFO: [ app_init ] --START--
INFO: Run Behavior\BuildLiteBehavior [ RunTime:0.000024s ]
INFO: [ app_init ] --END-- [ RunTime:0.000524s ]

[ 2016-11-01T10:36:56+08:00 ] ::1 /think_blog/Home/Article/articleList/article_type_id/11.html
INFO: [ app_init ] --START--
INFO: Run Behavior\BuildLiteBehavior [ RunTime:0.000042s ]
INFO: [ app_init ] --END-- [ RunTime:0.000674s ]

[ 2016-11-01T10:36:57+08:00 ] ::1 /think_blog/Home/Article/articleList/article_type_id/25.html
INFO: [ app_init ] --START--
INFO: Run Behavior\BuildLiteBehavior [ RunTime:0.000029s ]
INFO: [ app_init ] --END-- [ RunTime:0.000592s ]

[ 2016-11-01T10:36:58+08:00 ] ::1 /think_blog/Home/Article/articleList/article_type_id/11.html
INFO: [ app_init ] --START--
INFO: Run Behavior\BuildLiteBehavior [ RunTime:0.000030s ]
INFO: [ app_init ] --END-- [ RunTime:0.000595s ]

[ 2016-11-01T10:36:59+08:00 ] ::1 /think_blog/Home/Article/articleList/article_type_id/1.html
INFO: [ app_init ] --START--
INFO: Run Behavior\BuildLiteBehavior [ RunTime:0.000029s ]
INFO: [ app_init ] --END-- [ RunTime:0.000592s ]

[ 2016-11-01T10:37:13+08:00 ] ::1 /think_blog/Home/Member/index.html
INFO: [ app_init ] --START--
INFO: Run Behavior\BuildLiteBehavior [ RunTime:0.000030s ]
INFO: [ app_init ] --END-- [ RunTime:0.000613s ]

[ 2016-11-01T10:37:16+08:00 ] ::1 /think_blog/Home/Article/index/article_id/3.html
INFO: [ app_init ] --START--
INFO: Run Behavior\BuildLiteBehavior [ RunTime:0.000042s ]
INFO: [ app_init ] --END-- [ RunTime:0.000628s ]

[ 2016-11-01T10:37:32+08:00 ] ::1 /think_blog/Home/Article/hotArticleList/member_id/29.html
INFO: [ app_init ] --START--
INFO: Run Behavior\BuildLiteBehavior [ RunTime:0.000030s ]
INFO: [ app_init ] --END-- [ RunTime:0.000539s ]

[ 2016-11-01T10:37:37+08:00 ] ::1 /think_blog/Home/Article/articleList/member_id/29.html
INFO: [ app_init ] --START--
INFO: Run Behavior\BuildLiteBehavior [ RunTime:0.000028s ]
INFO: [ app_init ] --END-- [ RunTime:0.000596s ]

[ 2016-11-01T10:37:57+08:00 ] ::1 /think_blog/Home/Article/articleList/member_id/29.html
INFO: [ app_init ] --START--
INFO: Run Behavior\BuildLiteBehavior [ RunTime:0.000029s ]
INFO: [ app_init ] --END-- [ RunTime:0.000625s ]

[ 2016-11-01T10:38:10+08:00 ] ::1 /think_blog/Home/Photo/index/member_id/29.html
INFO: [ app_init ] --START--
INFO: Run Behavior\BuildLiteBehavior [ RunTime:0.000029s ]
INFO: [ app_init ] --END-- [ RunTime:0.000632s ]

[ 2016-11-01T10:39:15+08:00 ] ::1 /think_blog/Home/Photo/index/member_id/29.html
INFO: [ app_init ] --START--
INFO: Run Behavior\BuildLiteBehavior [ RunTime:0.000043s ]
INFO: [ app_init ] --END-- [ RunTime:0.000898s ]

[ 2016-11-01T10:39:16+08:00 ] ::1 /think_blog/Home/Photo/index/photo_id/2.html
INFO: [ app_init ] --START--
INFO: Run Behavior\BuildLiteBehavior [ RunTime:0.000031s ]
INFO: [ app_init ] --END-- [ RunTime:0.000658s ]

[ 2016-11-01T10:39:17+08:00 ] ::1 /think_blog/Home/Photo/index/photo_id/11.html
INFO: [ app_init ] --START--
INFO: Run Behavior\BuildLiteBehavior [ RunTime:0.000030s ]
INFO: [ app_init ] --END-- [ RunTime:0.000625s ]

[ 2016-11-01T10:39:18+08:00 ] ::1 /think_blog/Home/Photo/index/photo_id/2.html
INFO: [ app_init ] --START--
INFO: Run Behavior\BuildLiteBehavior [ RunTime:0.000027s ]
INFO: [ app_init ] --END-- [ RunTime:0.000596s ]

[ 2016-11-01T10:39:19+08:00 ] ::1 /think_blog/Home/Photo/index/photo_id/1.html
INFO: [ app_init ] --START--
INFO: Run Behavior\BuildLiteBehavior [ RunTime:0.000029s ]
INFO: [ app_init ] --END-- [ RunTime:0.000628s ]

[ 2016-11-01T10:39:26+08:00 ] ::1 /think_blog/Home/Member/personCenter.html
INFO: [ app_init ] --START--
INFO: Run Behavior\BuildLiteBehavior [ RunTime:0.000028s ]
INFO: [ app_init ] --END-- [ RunTime:0.000616s ]

[ 2016-11-01T10:39:26+08:00 ] ::1 /think_blog/Home/Member/personPhoto.html
INFO: [ app_init ] --START--
INFO: Run Behavior\BuildLiteBehavior [ RunTime:0.000027s ]
INFO: [ app_init ] --END-- [ RunTime:0.000491s ]

[ 2016-11-01T10:39:27+08:00 ] ::1 /think_blog/Home/Member/index.html
INFO: [ app_init ] --START--
INFO: Run Behavior\BuildLiteBehavior [ RunTime:0.000048s ]
INFO: [ app_init ] --END-- [ RunTime:0.000867s ]

[ 2016-11-01T10:39:50+08:00 ] ::1 /think_blog/Home/Mess/index/member_id/29.html
INFO: [ app_init ] --START--
INFO: Run Behavior\BuildLiteBehavior [ RunTime:0.000031s ]
INFO: [ app_init ] --END-- [ RunTime:0.000636s ]

[ 2016-11-01T10:39:56+08:00 ] ::1 /think_blog/Home/Mess/index
INFO: [ app_init ] --START--
INFO: Run Behavior\BuildLiteBehavior [ RunTime:0.000061s ]
INFO: [ app_init ] --END-- [ RunTime:0.001287s ]
INFO: [ app_begin ] --START--
INFO: Run Behavior\ReadHtmlCacheBehavior [ RunTime:0.000717s ]
INFO: [ app_begin ] --END-- [ RunTime:0.000850s ]
SQL: SHOW COLUMNS FROM `mess` [ RunTime:0.0035s ]
SQL: SELECT ms.id AS `mess_id`,ms.messer_id AS `messer_id`,m.member_name AS `member_name`,m.head_pic AS `head_pic`,ms.content AS `content`,ms.mess_time AS `mess_time` FROM mess ms INNER JOIN member m ON ms.messer_id=m.id  WHERE ms.messed_id = '29' LIMIT 0,20   [ RunTime:0.0004s ]
SQL: SELECT COUNT(ms.id) as count FROM mess ms INNER JOIN member m ON ms.messer_id=m.id  WHERE ms.messed_id = '29'  [ RunTime:0.0003s ]

[ 2016-11-01T10:40:57+08:00 ] ::1 /think_blog/Home/Member/index.html
INFO: [ app_init ] --START--
INFO: Run Behavior\BuildLiteBehavior [ RunTime:0.000061s ]
INFO: [ app_init ] --END-- [ RunTime:0.001621s ]

[ 2016-11-01T10:40:59+08:00 ] ::1 /think_blog/Home/Mess/index/member_id/29.html
INFO: [ app_init ] --START--
INFO: Run Behavior\BuildLiteBehavior [ RunTime:0.000029s ]
INFO: [ app_init ] --END-- [ RunTime:0.000689s ]

[ 2016-11-01T10:41:09+08:00 ] ::1 /think_blog/Home/Member/index.html
INFO: [ app_init ] --START--
INFO: Run Behavior\BuildLiteBehavior [ RunTime:0.000030s ]
INFO: [ app_init ] --END-- [ RunTime:0.000636s ]

[ 2016-11-01T10:41:13+08:00 ] ::1 /think_blog/Home/Member/index.html
INFO: [ app_init ] --START--
INFO: Run Behavior\BuildLiteBehavior [ RunTime:0.000028s ]
INFO: [ app_init ] --END-- [ RunTime:0.000528s ]

[ 2016-11-01T10:41:35+08:00 ] ::1 /think_blog/Home/Member/index.html
INFO: [ app_init ] --START--
INFO: Run Behavior\BuildLiteBehavior [ RunTime:0.000028s ]
INFO: [ app_init ] --END-- [ RunTime:0.000577s ]

[ 2016-11-01T10:41:38+08:00 ] ::1 /think_blog/Home/Member/index/member_id/29.html
INFO: [ app_init ] --START--
INFO: Run Behavior\BuildLiteBehavior [ RunTime:0.000052s ]
INFO: [ app_init ] --END-- [ RunTime:0.000871s ]

[ 2016-11-01T10:41:56+08:00 ] ::1 /think_blog/Home/Member/index.html
INFO: [ app_init ] --START--
INFO: Run Behavior\BuildLiteBehavior [ RunTime:0.000041s ]
INFO: [ app_init ] --END-- [ RunTime:0.000834s ]

[ 2016-11-01T10:42:25+08:00 ] ::1 /think_blog/Home/Member/index.html
INFO: [ app_init ] --START--
INFO: Run Behavior\BuildLiteBehavior [ RunTime:0.000043s ]
INFO: [ app_init ] --END-- [ RunTime:0.000793s ]

[ 2016-11-01T10:42:40+08:00 ] ::1 /think_blog/Home/Member/index.html
INFO: [ app_init ] --START--
INFO: Run Behavior\BuildLiteBehavior [ RunTime:0.000026s ]
INFO: [ app_init ] --END-- [ RunTime:0.000657s ]

[ 2016-11-01T10:42:42+08:00 ] ::1 /think_blog/Home/Member/index/member_id/5.html
INFO: [ app_init ] --START--
INFO: Run Behavior\BuildLiteBehavior [ RunTime:0.000030s ]
INFO: [ app_init ] --END-- [ RunTime:0.000640s ]

[ 2016-11-01T10:42:59+08:00 ] ::1 /think_blog/Home/Member/index.html
INFO: [ app_init ] --START--
INFO: Run Behavior\BuildLiteBehavior [ RunTime:0.000028s ]
INFO: [ app_init ] --END-- [ RunTime:0.000523s ]

[ 2016-11-01T10:43:11+08:00 ] ::1 /think_blog/Home/Member/index.html
INFO: [ app_init ] --START--
INFO: Run Behavior\BuildLiteBehavior [ RunTime:0.000037s ]
INFO: [ app_init ] --END-- [ RunTime:0.000744s ]

[ 2016-11-01T10:43:13+08:00 ] ::1 /think_blog/Home/Member/index/member_id/47.html
INFO: [ app_init ] --START--
INFO: Run Behavior\BuildLiteBehavior [ RunTime:0.000030s ]
INFO: [ app_init ] --END-- [ RunTime:0.000596s ]

[ 2016-11-01T10:43:24+08:00 ] ::1 /think_blog/Home/Photo/index/photo_id/11.html
INFO: [ app_init ] --START--
INFO: Run Behavior\BuildLiteBehavior [ RunTime:0.000032s ]
INFO: [ app_init ] --END-- [ RunTime:0.000629s ]

[ 2016-11-01T10:43:27+08:00 ] ::1 /think_blog/Home/Photo/index/photo_id/2.html
INFO: [ app_init ] --START--
INFO: Run Behavior\BuildLiteBehavior [ RunTime:0.000029s ]
INFO: [ app_init ] --END-- [ RunTime:0.000598s ]

[ 2016-11-01T10:43:29+08:00 ] ::1 /think_blog/Home/Photo/index/photo_id/1.html
INFO: [ app_init ] --START--
INFO: Run Behavior\BuildLiteBehavior [ RunTime:0.000029s ]
INFO: [ app_init ] --END-- [ RunTime:0.000576s ]

[ 2016-11-01T10:43:43+08:00 ] ::1 /think_blog/Home/Article/articleList/article_type_id/1.html
INFO: [ app_init ] --START--
INFO: Run Behavior\BuildLiteBehavior [ RunTime:0.000028s ]
INFO: [ app_init ] --END-- [ RunTime:0.000623s ]

[ 2016-11-01T10:43:47+08:00 ] ::1 /think_blog/Home/Article/articleList/article_type_id/11.html
INFO: [ app_init ] --START--
INFO: Run Behavior\BuildLiteBehavior [ RunTime:0.000029s ]
INFO: [ app_init ] --END-- [ RunTime:0.000632s ]

[ 2016-11-01T10:43:51+08:00 ] ::1 /think_blog/Home/Article/articleList/article_type_id/1.html
INFO: [ app_init ] --START--
INFO: Run Behavior\BuildLiteBehavior [ RunTime:0.000030s ]
INFO: [ app_init ] --END-- [ RunTime:0.000637s ]

[ 2016-11-01T10:43:55+08:00 ] ::1 /think_blog/Home/Article/articleListPage
INFO: [ app_init ] --START--
INFO: Run Behavior\BuildLiteBehavior [ RunTime:0.000097s ]
INFO: [ app_init ] --END-- [ RunTime:0.001453s ]
INFO: [ app_begin ] --START--
INFO: Run Behavior\ReadHtmlCacheBehavior [ RunTime:0.000824s ]
INFO: [ app_begin ] --END-- [ RunTime:0.000949s ]
SQL: SHOW COLUMNS FROM `article` [ RunTime:0.0044s ]
SQL: SELECT `id`,`title`,date_format(create_time,'%Y-%m-%d') as create_time FROM `article` WHERE `article_type_id` = 1 LIMIT 0,30   [ RunTime:0.0004s ]
SQL: SELECT COUNT(id) as count FROM `article` WHERE `article_type_id` = 1  [ RunTime:0.0003s ]

[ 2016-11-01T10:44:48+08:00 ] ::1 /think_blog/Home/Article/articleList/article_type_id/1.html
INFO: [ app_init ] --START--
INFO: Run Behavior\BuildLiteBehavior [ RunTime:0.000031s ]
INFO: [ app_init ] --END-- [ RunTime:0.000643s ]

[ 2016-11-01T10:44:50+08:00 ] ::1 /think_blog/Home/Article/articleListPage
INFO: [ app_init ] --START--
INFO: Run Behavior\BuildLiteBehavior [ RunTime:0.000030s ]
INFO: [ app_init ] --END-- [ RunTime:0.000798s ]
INFO: [ app_begin ] --START--
INFO: Run Behavior\ReadHtmlCacheBehavior [ RunTime:0.000563s ]
INFO: [ app_begin ] --END-- [ RunTime:0.000673s ]
SQL: SHOW COLUMNS FROM `article` [ RunTime:0.0082s ]
SQL: SELECT `id`,`title`,date_format(create_time,'%Y-%m-%d') as create_time FROM `article` WHERE `article_type_id` = 1 LIMIT 0,50   [ RunTime:0.0010s ]
SQL: SELECT COUNT(id) as count FROM `article` WHERE `article_type_id` = 1  [ RunTime:0.0006s ]

[ 2016-11-01T10:44:55+08:00 ] ::1 /think_blog/Home/Article/articleListPage
INFO: [ app_init ] --START--
INFO: Run Behavior\BuildLiteBehavior [ RunTime:0.000030s ]
INFO: [ app_init ] --END-- [ RunTime:0.000663s ]
INFO: [ app_begin ] --START--
INFO: Run Behavior\ReadHtmlCacheBehavior [ RunTime:0.000978s ]
INFO: [ app_begin ] --END-- [ RunTime:0.001164s ]
SQL: SHOW COLUMNS FROM `article` [ RunTime:0.0042s ]
SQL: SELECT `id`,`title`,date_format(create_time,'%Y-%m-%d') as create_time FROM `article` WHERE `article_type_id` = 1 LIMIT 0,40   [ RunTime:0.0007s ]
SQL: SELECT COUNT(id) as count FROM `article` WHERE `article_type_id` = 1  [ RunTime:0.0003s ]

[ 2016-11-01T10:44:59+08:00 ] ::1 /think_blog/Home/Member/index.html
INFO: [ app_init ] --START--
INFO: Run Behavior\BuildLiteBehavior [ RunTime:0.000026s ]
INFO: [ app_init ] --END-- [ RunTime:0.000506s ]

[ 2016-11-01T10:45:02+08:00 ] ::1 /think_blog/Home/Article/hotArticleList/member_id/29.html
INFO: [ app_init ] --START--
INFO: Run Behavior\BuildLiteBehavior [ RunTime:0.000034s ]
INFO: [ app_init ] --END-- [ RunTime:0.000700s ]

[ 2016-11-01T10:45:11+08:00 ] ::1 /think_blog/Home/Article/articleList/article_type_id/1.html
INFO: [ app_init ] --START--
INFO: Run Behavior\BuildLiteBehavior [ RunTime:0.000029s ]
INFO: [ app_init ] --END-- [ RunTime:0.000645s ]

[ 2016-11-01T10:45:15+08:00 ] ::1 /think_blog/Home/Member/index/member_id/29.html
INFO: [ app_init ] --START--
INFO: Run Behavior\BuildLiteBehavior [ RunTime:0.000028s ]
INFO: [ app_init ] --END-- [ RunTime:0.000642s ]

[ 2016-11-01T10:45:38+08:00 ] ::1 /think_blog/Home/Article/index/article_id/10.html
INFO: [ app_init ] --START--
INFO: Run Behavior\BuildLiteBehavior [ RunTime:0.000048s ]
INFO: [ app_init ] --END-- [ RunTime:0.001108s ]

[ 2016-11-01T10:47:53+08:00 ] ::1 /think_blog/Home/Article/index/article_id/3.html
INFO: [ app_init ] --START--
INFO: Run Behavior\BuildLiteBehavior [ RunTime:0.000039s ]
INFO: [ app_init ] --END-- [ RunTime:0.000707s ]

[ 2016-11-01T10:47:58+08:00 ] ::1 /think_blog/Home/Article/articleList/member_id/29.html
INFO: [ app_init ] --START--
INFO: Run Behavior\BuildLiteBehavior [ RunTime:0.000026s ]
INFO: [ app_init ] --END-- [ RunTime:0.000555s ]

[ 2016-11-01T11:11:02+08:00 ] ::1 /think_blog/Home/Member/personCenter.html
INFO: [ app_init ] --START--
INFO: Run Behavior\BuildLiteBehavior [ RunTime:0.000025s ]
INFO: [ app_init ] --END-- [ RunTime:0.000569s ]

[ 2016-11-01T11:11:02+08:00 ] ::1 /think_blog/Home/Member/personPhoto.html
INFO: [ app_init ] --START--
INFO: Run Behavior\BuildLiteBehavior [ RunTime:0.000025s ]
INFO: [ app_init ] --END-- [ RunTime:0.000484s ]

[ 2016-11-01T11:11:05+08:00 ] ::1 /think_blog/Home/Member/personArticle.html
INFO: [ app_init ] --START--
INFO: Run Behavior\BuildLiteBehavior [ RunTime:0.000050s ]
INFO: [ app_init ] --END-- [ RunTime:0.000884s ]

[ 2016-11-01T11:11:06+08:00 ] ::1 /think_blog/Home/Member/info.html
INFO: [ app_init ] --START--
INFO: Run Behavior\BuildLiteBehavior [ RunTime:0.000043s ]
INFO: [ app_init ] --END-- [ RunTime:0.000989s ]

[ 2016-11-01T11:12:41+08:00 ] ::1 /think_blog/Home/Member/personCenter.html
INFO: [ app_init ] --START--
INFO: Run Behavior\BuildLiteBehavior [ RunTime:0.000025s ]
INFO: [ app_init ] --END-- [ RunTime:0.000599s ]

[ 2016-11-01T11:12:41+08:00 ] ::1 /think_blog/Home/Member/info.html
INFO: [ app_init ] --START--
INFO: Run Behavior\BuildLiteBehavior [ RunTime:0.000027s ]
INFO: [ app_init ] --END-- [ RunTime:0.000508s ]

[ 2016-11-01T11:13:26+08:00 ] ::1 /think_blog/Home/Member/personCenter.html
INFO: [ app_init ] --START--
INFO: Run Behavior\BuildLiteBehavior [ RunTime:0.000031s ]
INFO: [ app_init ] --END-- [ RunTime:0.000639s ]

[ 2016-11-01T11:13:26+08:00 ] ::1 /think_blog/Home/Member/info.html
INFO: [ app_init ] --START--
INFO: Run Behavior\BuildLiteBehavior [ RunTime:0.000034s ]
INFO: [ app_init ] --END-- [ RunTime:0.000655s ]

[ 2016-11-01T11:13:48+08:00 ] ::1 /think_blog/Home/Member/personCenter.html
INFO: [ app_init ] --START--
INFO: Run Behavior\BuildLiteBehavior [ RunTime:0.000048s ]
INFO: [ app_init ] --END-- [ RunTime:0.001008s ]

[ 2016-11-01T11:13:48+08:00 ] ::1 /think_blog/Home/Member/info.html
INFO: [ app_init ] --START--
INFO: Run Behavior\BuildLiteBehavior [ RunTime:0.000026s ]
INFO: [ app_init ] --END-- [ RunTime:0.000487s ]

[ 2016-11-01T11:13:52+08:00 ] ::1 /think_blog/Home/Member/info.html
INFO: [ app_init ] --START--
INFO: Run Behavior\BuildLiteBehavior [ RunTime:0.000030s ]
INFO: [ app_init ] --END-- [ RunTime:0.000627s ]

[ 2016-11-01T11:13:53+08:00 ] ::1 /think_blog/Home/Member/personArticle.html
INFO: [ app_init ] --START--
INFO: Run Behavior\BuildLiteBehavior [ RunTime:0.000030s ]
INFO: [ app_init ] --END-- [ RunTime:0.000598s ]

[ 2016-11-01T11:13:54+08:00 ] ::1 /think_blog/Home/Member/info.html
INFO: [ app_init ] --START--
INFO: Run Behavior\BuildLiteBehavior [ RunTime:0.000043s ]
INFO: [ app_init ] --END-- [ RunTime:0.000765s ]

[ 2016-11-01T11:13:56+08:00 ] ::1 /think_blog/Home/Member/personArticle.html
INFO: [ app_init ] --START--
INFO: Run Behavior\BuildLiteBehavior [ RunTime:0.000029s ]
INFO: [ app_init ] --END-- [ RunTime:0.000624s ]

[ 2016-11-01T11:17:29+08:00 ] ::1 /think_blog/Home/Member/personArticle.html
INFO: [ app_init ] --START--
INFO: Run Behavior\BuildLiteBehavior [ RunTime:0.000029s ]
INFO: [ app_init ] --END-- [ RunTime:0.000654s ]

[ 2016-11-01T11:17:32+08:00 ] ::1 /think_blog/Home/Member/undefinedHome/Article/personArticleInfo
INFO: [ app_init ] --START--
INFO: Run Behavior\BuildLiteBehavior [ RunTime:0.000028s ]
INFO: [ app_init ] --END-- [ RunTime:0.000572s ]
INFO: [ app_begin ] --START--
INFO: Run Behavior\ReadHtmlCacheBehavior [ RunTime:0.000741s ]
INFO: [ app_begin ] --END-- [ RunTime:0.000870s ]
ERR: 非法操作:undefinedHome

[ 2016-11-01T11:17:35+08:00 ] ::1 /think_blog/Home/Member/undefinedHome/Article/personArticleInfo
INFO: [ app_init ] --START--
INFO: Run Behavior\BuildLiteBehavior [ RunTime:0.000029s ]
INFO: [ app_init ] --END-- [ RunTime:0.000563s ]
INFO: [ app_begin ] --START--
INFO: Run Behavior\ReadHtmlCacheBehavior [ RunTime:0.000781s ]
INFO: [ app_begin ] --END-- [ RunTime:0.000946s ]
ERR: 非法操作:undefinedHome

[ 2016-11-01T11:18:42+08:00 ] ::1 /think_blog/Home/Member/undefinedHome/Article/personDel
INFO: [ app_init ] --START--
INFO: Run Behavior\BuildLiteBehavior [ RunTime:0.000032s ]
INFO: [ app_init ] --END-- [ RunTime:0.000648s ]
INFO: [ app_begin ] --START--
INFO: Run Behavior\ReadHtmlCacheBehavior [ RunTime:0.000739s ]
INFO: [ app_begin ] --END-- [ RunTime:0.000876s ]
ERR: 非法操作:undefinedHome

[ 2016-11-01T11:18:44+08:00 ] ::1 /think_blog/Home/Member/undefinedHome/Member/personArticle
INFO: [ app_init ] --START--
INFO: Run Behavior\BuildLiteBehavior [ RunTime:0.000045s ]
INFO: [ app_init ] --END-- [ RunTime:0.000975s ]
INFO: [ app_begin ] --START--
INFO: Run Behavior\ReadHtmlCacheBehavior [ RunTime:0.000586s ]
INFO: [ app_begin ] --END-- [ RunTime:0.000697s ]
ERR: 非法操作:undefinedHome

[ 2016-11-01T11:18:44+08:00 ] ::1 /think_blog/Home/Member/undefinedPublic/images/loading.gif
INFO: [ app_init ] --START--
INFO: Run Behavior\BuildLiteBehavior [ RunTime:0.000025s ]
INFO: [ app_init ] --END-- [ RunTime:0.000481s ]

[ 2016-11-01T11:20:10+08:00 ] ::1 /think_blog/Home/Member/personCenter.html
INFO: [ app_init ] --START--
INFO: Run Behavior\BuildLiteBehavior [ RunTime:0.000043s ]
INFO: [ app_init ] --END-- [ RunTime:0.000938s ]

[ 2016-11-01T11:20:10+08:00 ] ::1 /think_blog/Home/Member/info.html
INFO: [ app_init ] --START--
INFO: Run Behavior\BuildLiteBehavior [ RunTime:0.000027s ]
INFO: [ app_init ] --END-- [ RunTime:0.000502s ]

[ 2016-11-01T11:20:12+08:00 ] ::1 /think_blog/Home/Member/personArticle.html
INFO: [ app_init ] --START--
INFO: Run Behavior\BuildLiteBehavior [ RunTime:0.000031s ]
INFO: [ app_init ] --END-- [ RunTime:0.000605s ]

[ 2016-11-01T11:20:14+08:00 ] ::1 /think_blog/Home/Member/undefinedHome/Article/personArticleInfo
INFO: [ app_init ] --START--
INFO: Run Behavior\BuildLiteBehavior [ RunTime:0.000046s ]
INFO: [ app_init ] --END-- [ RunTime:0.000926s ]
INFO: [ app_begin ] --START--
INFO: Run Behavior\ReadHtmlCacheBehavior [ RunTime:0.001372s ]
INFO: [ app_begin ] --END-- [ RunTime:0.001654s ]
ERR: 非法操作:undefinedHome

[ 2016-11-01T11:20:44+08:00 ] ::1 /think_blog/Home/Member/personCenter.html
INFO: [ app_init ] --START--
INFO: Run Behavior\BuildLiteBehavior [ RunTime:0.000042s ]
INFO: [ app_init ] --END-- [ RunTime:0.000732s ]

[ 2016-11-01T11:20:44+08:00 ] ::1 /think_blog/Home/Member/info.html
INFO: [ app_init ] --START--
INFO: Run Behavior\BuildLiteBehavior [ RunTime:0.000026s ]
INFO: [ app_init ] --END-- [ RunTime:0.000443s ]

[ 2016-11-01T11:20:45+08:00 ] ::1 /think_blog/Home/Member/personArticle.html
INFO: [ app_init ] --START--
INFO: Run Behavior\BuildLiteBehavior [ RunTime:0.000029s ]
INFO: [ app_init ] --END-- [ RunTime:0.000639s ]

[ 2016-11-01T11:20:48+08:00 ] ::1 /think_blog/Home/Member/undefinedHome/Article/personArticleInfo
INFO: [ app_init ] --START--
INFO: Run Behavior\BuildLiteBehavior [ RunTime:0.000028s ]
INFO: [ app_init ] --END-- [ RunTime:0.000599s ]
INFO: [ app_begin ] --START--
INFO: Run Behavior\ReadHtmlCacheBehavior [ RunTime:0.000740s ]
INFO: [ app_begin ] --END-- [ RunTime:0.000876s ]
ERR: 非法操作:undefinedHome

[ 2016-11-01T11:21:33+08:00 ] ::1 /think_blog/Home/Member/undefinedPublic/images/loading.gif
INFO: [ app_init ] --START--
INFO: Run Behavior\BuildLiteBehavior [ RunTime:0.000024s ]
INFO: [ app_init ] --END-- [ RunTime:0.000551s ]

[ 2016-11-01T11:21:33+08:00 ] ::1 /think_blog/Home/Member/undefinedHome/Member/personArticle
INFO: [ app_init ] --START--
INFO: Run Behavior\BuildLiteBehavior [ RunTime:0.000029s ]
INFO: [ app_init ] --END-- [ RunTime:0.000569s ]
INFO: [ app_begin ] --START--
INFO: Run Behavior\ReadHtmlCacheBehavior [ RunTime:0.000592s ]
INFO: [ app_begin ] --END-- [ RunTime:0.000742s ]
ERR: 非法操作:undefinedHome

[ 2016-11-01T11:21:38+08:00 ] ::1 /think_blog/Home/Member/personCenter.html
INFO: [ app_init ] --START--
INFO: Run Behavior\BuildLiteBehavior [ RunTime:0.000049s ]
INFO: [ app_init ] --END-- [ RunTime:0.000996s ]

[ 2016-11-01T11:21:39+08:00 ] ::1 /think_blog/Home/Member/info.html
INFO: [ app_init ] --START--
INFO: Run Behavior\BuildLiteBehavior [ RunTime:0.000028s ]
INFO: [ app_init ] --END-- [ RunTime:0.000466s ]

[ 2016-11-01T11:21:40+08:00 ] ::1 /think_blog/Home/Member/personArticle.html
INFO: [ app_init ] --START--
INFO: Run Behavior\BuildLiteBehavior [ RunTime:0.000043s ]
INFO: [ app_init ] --END-- [ RunTime:0.000744s ]

[ 2016-11-01T11:21:42+08:00 ] ::1 /think_blog/Home/Member/undefinedHome/Article/personArticleInfo
INFO: [ app_init ] --START--
INFO: Run Behavior\BuildLiteBehavior [ RunTime:0.000048s ]
INFO: [ app_init ] --END-- [ RunTime:0.000874s ]
INFO: [ app_begin ] --START--
INFO: Run Behavior\ReadHtmlCacheBehavior [ RunTime:0.001152s ]
INFO: [ app_begin ] --END-- [ RunTime:0.001392s ]
ERR: 非法操作:undefinedHome

[ 2016-11-01T11:22:27+08:00 ] ::1 /think_blog/Home/Member/personCenter.html
INFO: [ app_init ] --START--
INFO: Run Behavior\BuildLiteBehavior [ RunTime:0.000038s ]
INFO: [ app_init ] --END-- [ RunTime:0.000706s ]

[ 2016-11-01T11:22:27+08:00 ] ::1 /think_blog/Home/Member/info.html
INFO: [ app_init ] --START--
INFO: Run Behavior\BuildLiteBehavior [ RunTime:0.000027s ]
INFO: [ app_init ] --END-- [ RunTime:0.000641s ]

[ 2016-11-01T11:22:29+08:00 ] ::1 /think_blog/Home/Member/personArticle.html
INFO: [ app_init ] --START--
INFO: Run Behavior\BuildLiteBehavior [ RunTime:0.000030s ]
INFO: [ app_init ] --END-- [ RunTime:0.000612s ]

[ 2016-11-01T11:22:32+08:00 ] ::1 /think_blog/Home/Member/undefinedHome/Article/personArticleInfo
INFO: [ app_init ] --START--
INFO: Run Behavior\BuildLiteBehavior [ RunTime:0.000033s ]
INFO: [ app_init ] --END-- [ RunTime:0.000903s ]
INFO: [ app_begin ] --START--
INFO: Run Behavior\ReadHtmlCacheBehavior [ RunTime:0.000770s ]
INFO: [ app_begin ] --END-- [ RunTime:0.000897s ]
ERR: 非法操作:undefinedHome

[ 2016-11-01T11:23:16+08:00 ] ::1 /think_blog/Home/Member/personCenter.html
INFO: [ app_init ] --START--
INFO: Run Behavior\BuildLiteBehavior [ RunTime:0.000031s ]
INFO: [ app_init ] --END-- [ RunTime:0.000628s ]

[ 2016-11-01T11:23:16+08:00 ] ::1 /think_blog/Home/Member/info.html
INFO: [ app_init ] --START--
INFO: Run Behavior\BuildLiteBehavior [ RunTime:0.000027s ]
INFO: [ app_init ] --END-- [ RunTime:0.000463s ]

[ 2016-11-01T11:23:18+08:00 ] ::1 /think_blog/Home/Member/personArticle.html
INFO: [ app_init ] --START--
INFO: Run Behavior\BuildLiteBehavior [ RunTime:0.000049s ]
INFO: [ app_init ] --END-- [ RunTime:0.000909s ]

[ 2016-11-01T11:23:20+08:00 ] ::1 /think_blog/Home/Member/undefinedHome/Article/personArticleInfo
INFO: [ app_init ] --START--
INFO: Run Behavior\BuildLiteBehavior [ RunTime:0.000087s ]
INFO: [ app_init ] --END-- [ RunTime:0.000833s ]
INFO: [ app_begin ] --START--
INFO: Run Behavior\ReadHtmlCacheBehavior [ RunTime:0.000820s ]
INFO: [ app_begin ] --END-- [ RunTime:0.000953s ]
ERR: 非法操作:undefinedHome

[ 2016-11-01T11:23:54+08:00 ] ::1 /think_blog/Home/Member/personCenter.html
INFO: [ app_init ] --START--
INFO: Run Behavior\BuildLiteBehavior [ RunTime:0.000044s ]
INFO: [ app_init ] --END-- [ RunTime:0.000788s ]

[ 2016-11-01T11:23:55+08:00 ] ::1 /think_blog/Home/Member/info.html
INFO: [ app_init ] --START--
INFO: Run Behavior\BuildLiteBehavior [ RunTime:0.000028s ]
INFO: [ app_init ] --END-- [ RunTime:0.000558s ]

[ 2016-11-01T11:23:56+08:00 ] ::1 /think_blog/Home/Member/personArticle.html
INFO: [ app_init ] --START--
INFO: Run Behavior\BuildLiteBehavior [ RunTime:0.000029s ]
INFO: [ app_init ] --END-- [ RunTime:0.000638s ]

[ 2016-11-01T11:23:58+08:00 ] ::1 /think_blog/Home/Member/undefinedHome/Article/personArticleInfo
INFO: [ app_init ] --START--
INFO: Run Behavior\BuildLiteBehavior [ RunTime:0.000029s ]
INFO: [ app_init ] --END-- [ RunTime:0.000614s ]
INFO: [ app_begin ] --START--
INFO: Run Behavior\ReadHtmlCacheBehavior [ RunTime:0.000713s ]
INFO: [ app_begin ] --END-- [ RunTime:0.000832s ]
ERR: 非法操作:undefinedHome

[ 2016-11-01T11:27:43+08:00 ] ::1 /think_blog/Home/Member/personCenter.html
INFO: [ app_init ] --START--
INFO: Run Behavior\BuildLiteBehavior [ RunTime:0.000031s ]
INFO: [ app_init ] --END-- [ RunTime:0.000615s ]

[ 2016-11-01T11:27:44+08:00 ] ::1 /think_blog/Home/Member/info.html
INFO: [ app_init ] --START--
INFO: Run Behavior\BuildLiteBehavior [ RunTime:0.000032s ]
INFO: [ app_init ] --END-- [ RunTime:0.000998s ]

[ 2016-11-01T11:27:45+08:00 ] ::1 /think_blog/Home/Member/personArticle.html
INFO: [ app_init ] --START--
INFO: Run Behavior\BuildLiteBehavior [ RunTime:0.000029s ]
INFO: [ app_init ] --END-- [ RunTime:0.000640s ]

[ 2016-11-01T11:27:49+08:00 ] ::1 /think_blog/Home/Member/undefinedHome/Article/personArticleInfo
INFO: [ app_init ] --START--
INFO: Run Behavior\BuildLiteBehavior [ RunTime:0.000024s ]
INFO: [ app_init ] --END-- [ RunTime:0.000541s ]
INFO: [ app_begin ] --START--
INFO: Run Behavior\ReadHtmlCacheBehavior [ RunTime:0.000837s ]
INFO: [ app_begin ] --END-- [ RunTime:0.001018s ]
ERR: 非法操作:undefinedHome

[ 2016-11-01T11:28:24+08:00 ] ::1 /think_blog/Home/Member/personCenter.html
INFO: [ app_init ] --START--
INFO: Run Behavior\BuildLiteBehavior [ RunTime:0.000046s ]
INFO: [ app_init ] --END-- [ RunTime:0.000983s ]

[ 2016-11-01T11:28:24+08:00 ] ::1 /think_blog/Home/Member/info.html
INFO: [ app_init ] --START--
INFO: Run Behavior\BuildLiteBehavior [ RunTime:0.000028s ]
INFO: [ app_init ] --END-- [ RunTime:0.000535s ]

[ 2016-11-01T11:28:25+08:00 ] ::1 /think_blog/Home/Member/personArticle.html
INFO: [ app_init ] --START--
INFO: Run Behavior\BuildLiteBehavior [ RunTime:0.000030s ]
INFO: [ app_init ] --END-- [ RunTime:0.000627s ]

[ 2016-11-01T11:28:42+08:00 ] ::1 /think_blog/Home/Member/personCenter.html
INFO: [ app_init ] --START--
INFO: Run Behavior\BuildLiteBehavior [ RunTime:0.000030s ]
INFO: [ app_init ] --END-- [ RunTime:0.000586s ]

[ 2016-11-01T11:28:42+08:00 ] ::1 /think_blog/Home/Member/info.html
INFO: [ app_init ] --START--
INFO: Run Behavior\BuildLiteBehavior [ RunTime:0.000025s ]
INFO: [ app_init ] --END-- [ RunTime:0.000436s ]

[ 2016-11-01T11:28:44+08:00 ] ::1 /think_blog/Home/Member/personArticle.html
INFO: [ app_init ] --START--
INFO: Run Behavior\BuildLiteBehavior [ RunTime:0.000029s ]
INFO: [ app_init ] --END-- [ RunTime:0.000590s ]

[ 2016-11-01T11:29:26+08:00 ] ::1 /think_blog/Home/Member/personCenter.html
INFO: [ app_init ] --START--
INFO: Run Behavior\BuildLiteBehavior [ RunTime:0.000043s ]
INFO: [ app_init ] --END-- [ RunTime:0.000896s ]

[ 2016-11-01T11:29:26+08:00 ] ::1 /think_blog/Home/Member/info.html
INFO: [ app_init ] --START--
INFO: Run Behavior\BuildLiteBehavior [ RunTime:0.000032s ]
INFO: [ app_init ] --END-- [ RunTime:0.000826s ]

[ 2016-11-01T11:29:28+08:00 ] ::1 /think_blog/Home/Member/personArticle.html
INFO: [ app_init ] --START--
INFO: Run Behavior\BuildLiteBehavior [ RunTime:0.000032s ]
INFO: [ app_init ] --END-- [ RunTime:0.000741s ]

[ 2016-11-01T11:31:39+08:00 ] ::1 /think_blog/Home/Member/personCenter.html
INFO: [ app_init ] --START--
INFO: Run Behavior\BuildLiteBehavior [ RunTime:0.000030s ]
INFO: [ app_init ] --END-- [ RunTime:0.000916s ]

[ 2016-11-01T11:31:39+08:00 ] ::1 /think_blog/Home/Member/info.html
INFO: [ app_init ] --START--
INFO: Run Behavior\BuildLiteBehavior [ RunTime:0.000028s ]
INFO: [ app_init ] --END-- [ RunTime:0.000478s ]

[ 2016-11-01T11:31:40+08:00 ] ::1 /think_blog/Home/Member/personArticle.html
INFO: [ app_init ] --START--
INFO: Run Behavior\BuildLiteBehavior [ RunTime:0.000029s ]
INFO: [ app_init ] --END-- [ RunTime:0.000580s ]

[ 2016-11-01T11:33:13+08:00 ] ::1 /think_blog/Home/Member/personCenter.html
INFO: [ app_init ] --START--
INFO: Run Behavior\BuildLiteBehavior [ RunTime:0.000036s ]
INFO: [ app_init ] --END-- [ RunTime:0.000799s ]

[ 2016-11-01T11:33:13+08:00 ] ::1 /think_blog/Home/Member/info.html
INFO: [ app_init ] --START--
INFO: Run Behavior\BuildLiteBehavior [ RunTime:0.000026s ]
INFO: [ app_init ] --END-- [ RunTime:0.000458s ]

[ 2016-11-01T11:33:15+08:00 ] ::1 /think_blog/Home/Member/personArticle.html
INFO: [ app_init ] --START--
INFO: Run Behavior\BuildLiteBehavior [ RunTime:0.000028s ]
INFO: [ app_init ] --END-- [ RunTime:0.000631s ]

[ 2016-11-01T11:34:05+08:00 ] ::1 /think_blog/Home/Member/personCenter.html
INFO: [ app_init ] --START--
INFO: Run Behavior\BuildLiteBehavior [ RunTime:0.000046s ]
INFO: [ app_init ] --END-- [ RunTime:0.000860s ]

[ 2016-11-01T11:34:05+08:00 ] ::1 /think_blog/Home/Member/info.html
INFO: [ app_init ] --START--
INFO: Run Behavior\BuildLiteBehavior [ RunTime:0.000025s ]
INFO: [ app_init ] --END-- [ RunTime:0.000480s ]

[ 2016-11-01T11:34:06+08:00 ] ::1 /think_blog/Home/Member/personArticle.html
INFO: [ app_init ] --START--
INFO: Run Behavior\BuildLiteBehavior [ RunTime:0.000031s ]
INFO: [ app_init ] --END-- [ RunTime:0.000647s ]

[ 2016-11-01T13:10:30+08:00 ] ::1 /think_blog/Home/Member/personCenter.html
INFO: [ app_init ] --START--
INFO: Run Behavior\BuildLiteBehavior [ RunTime:0.000024s ]
INFO: [ app_init ] --END-- [ RunTime:0.000502s ]

[ 2016-11-01T13:10:31+08:00 ] ::1 /think_blog/Home/Member/info.html
INFO: [ app_init ] --START--
INFO: Run Behavior\BuildLiteBehavior [ RunTime:0.000028s ]
INFO: [ app_init ] --END-- [ RunTime:0.000689s ]

[ 2016-11-01T13:11:09+08:00 ] ::1 /think_blog/Home/Member/personArticle.html
INFO: [ app_init ] --START--
INFO: Run Behavior\BuildLiteBehavior [ RunTime:0.000026s ]
INFO: [ app_init ] --END-- [ RunTime:0.000596s ]

[ 2016-11-01T13:11:22+08:00 ] ::1 /think_blog/Home/Member/personCenter.html
INFO: [ app_init ] --START--
INFO: Run Behavior\BuildLiteBehavior [ RunTime:0.000039s ]
INFO: [ app_init ] --END-- [ RunTime:0.000671s ]

[ 2016-11-01T13:11:23+08:00 ] ::1 /think_blog/Home/Member/info.html
INFO: [ app_init ] --START--
INFO: Run Behavior\BuildLiteBehavior [ RunTime:0.000026s ]
INFO: [ app_init ] --END-- [ RunTime:0.000477s ]

[ 2016-11-01T13:11:24+08:00 ] ::1 /think_blog/Home/Member/personArticle.html
INFO: [ app_init ] --START--
INFO: Run Behavior\BuildLiteBehavior [ RunTime:0.000029s ]
INFO: [ app_init ] --END-- [ RunTime:0.000609s ]

[ 2016-11-01T13:13:51+08:00 ] ::1 /think_blog/Home/Member/personCenter.html
INFO: [ app_init ] --START--
INFO: Run Behavior\BuildLiteBehavior [ RunTime:0.000050s ]
INFO: [ app_init ] --END-- [ RunTime:0.001273s ]

[ 2016-11-01T13:13:52+08:00 ] ::1 /think_blog/Home/Member/info.html
INFO: [ app_init ] --START--
INFO: Run Behavior\BuildLiteBehavior [ RunTime:0.000028s ]
INFO: [ app_init ] --END-- [ RunTime:0.000524s ]

[ 2016-11-01T13:14:03+08:00 ] ::1 /think_blog/Home/Member/personArticle.html
INFO: [ app_init ] --START--
INFO: Run Behavior\BuildLiteBehavior [ RunTime:0.000028s ]
INFO: [ app_init ] --END-- [ RunTime:0.000654s ]

[ 2016-11-01T13:14:04+08:00 ] ::1 /think_blog/Home/Member/personArticleType.html
INFO: [ app_init ] --START--
INFO: Run Behavior\BuildLiteBehavior [ RunTime:0.000046s ]
INFO: [ app_init ] --END-- [ RunTime:0.000829s ]

[ 2016-11-01T13:14:05+08:00 ] ::1 /think_blog/Home/Member/personPhoto.html
INFO: [ app_init ] --START--
INFO: Run Behavior\BuildLiteBehavior [ RunTime:0.000026s ]
INFO: [ app_init ] --END-- [ RunTime:0.000559s ]

[ 2016-11-01T13:14:06+08:00 ] ::1 /think_blog/Home/Member/personMess.html
INFO: [ app_init ] --START--
INFO: Run Behavior\BuildLiteBehavior [ RunTime:0.000025s ]
INFO: [ app_init ] --END-- [ RunTime:0.000453s ]

[ 2016-11-01T13:14:07+08:00 ] ::1 /think_blog/Home/Member/updatePasswd.html
INFO: [ app_init ] --START--
INFO: Run Behavior\BuildLiteBehavior [ RunTime:0.000024s ]
INFO: [ app_init ] --END-- [ RunTime:0.000455s ]

[ 2016-11-01T13:15:25+08:00 ] ::1 /think_blog/Home/Member/personCenter.html
INFO: [ app_init ] --START--
INFO: Run Behavior\BuildLiteBehavior [ RunTime:0.000041s ]
INFO: [ app_init ] --END-- [ RunTime:0.000829s ]

[ 2016-11-01T13:15:26+08:00 ] ::1 /think_blog/Home/Member/info.html
INFO: [ app_init ] --START--
INFO: Run Behavior\BuildLiteBehavior [ RunTime:0.000026s ]
INFO: [ app_init ] --END-- [ RunTime:0.000467s ]

[ 2016-11-01T13:15:27+08:00 ] ::1 /think_blog/Home/Member/personArticle.html
INFO: [ app_init ] --START--
INFO: Run Behavior\BuildLiteBehavior [ RunTime:0.000028s ]
INFO: [ app_init ] --END-- [ RunTime:0.000525s ]

[ 2016-11-01T13:15:29+08:00 ] ::1 /think_blog/Home/Article/personArticleInfo
INFO: [ app_init ] --START--
INFO: Run Behavior\BuildLiteBehavior [ RunTime:0.000067s ]
INFO: [ app_init ] --END-- [ RunTime:0.001127s ]
INFO: [ app_begin ] --START--
INFO: Run Behavior\ReadHtmlCacheBehavior [ RunTime:0.001295s ]
INFO: [ app_begin ] --END-- [ RunTime:0.001522s ]
SQL: SHOW COLUMNS FROM `article` [ RunTime:0.0122s ]
SQL: SHOW COLUMNS FROM `member` [ RunTime:0.0132s ]
SQL: SELECT a.id AS `article_id`,a.title AS `title`,a.content AS `content`,a.hitnum AS `hitnum`,a.create_time AS `create_time`,a.member_id AS `member_id`,m.member_name AS `member_name`,a.article_type_id AS `article_type_id`,at.article_type_name AS `article_type_name`,COUNT(ac.id) AS `article_comment_count` FROM `member` `m` LEFT JOIN article a ON a.member_id=m.id LEFT JOIN article_type at ON a.article_type_id=at.id LEFT JOIN article_comment ac ON a.id=ac.article_id  WHERE a.id = '3' GROUP BY a.id  [ RunTime:0.0014s ]

[ 2016-11-01T13:15:29+08:00 ] ::1 /think_blog/Home/ArticleType/getPersonArticleType
INFO: [ app_init ] --START--
INFO: Run Behavior\BuildLiteBehavior [ RunTime:0.000048s ]
INFO: [ app_init ] --END-- [ RunTime:0.000881s ]
INFO: [ app_begin ] --START--
INFO: Run Behavior\ReadHtmlCacheBehavior [ RunTime:0.000596s ]
INFO: [ app_begin ] --END-- [ RunTime:0.000707s ]
SQL: SHOW COLUMNS FROM `article_type` [ RunTime:0.0115s ]
SQL: SELECT `id`,`article_type_name` FROM article_type at WHERE at.member_id = '29'  [ RunTime:0.0009s ]

[ 2016-11-01T13:17:57+08:00 ] ::1 /think_blog/Home/Member/register.html
INFO: [ app_init ] --START--
INFO: Run Behavior\BuildLiteBehavior [ RunTime:0.000025s ]
INFO: [ app_init ] --END-- [ RunTime:0.000485s ]

[ 2016-11-01T13:20:23+08:00 ] ::1 /think_blog/Home/Member/undefinedHome/Member/register
INFO: [ app_init ] --START--
INFO: Run Behavior\BuildLiteBehavior [ RunTime:0.000027s ]
INFO: [ app_init ] --END-- [ RunTime:0.000572s ]
INFO: [ app_begin ] --START--
INFO: Run Behavior\ReadHtmlCacheBehavior [ RunTime:0.000668s ]
INFO: [ app_begin ] --END-- [ RunTime:0.000772s ]
ERR: 非法操作:undefinedHome

[ 2016-11-01T13:22:16+08:00 ] ::1 /think_blog/Home/Member/register.html
INFO: [ app_init ] --START--
INFO: Run Behavior\BuildLiteBehavior [ RunTime:0.000037s ]
INFO: [ app_init ] --END-- [ RunTime:0.000838s ]

[ 2016-11-01T13:22:59+08:00 ] ::1 /think_blog/Home/Member/register
INFO: [ app_init ] --START--
INFO: Run Behavior\BuildLiteBehavior [ RunTime:0.000025s ]
INFO: [ app_init ] --END-- [ RunTime:0.000494s ]
INFO: [ app_begin ] --START--
INFO: Run Behavior\ReadHtmlCacheBehavior [ RunTime:0.000567s ]
INFO: [ app_begin ] --END-- [ RunTime:0.000686s ]
SQL: SHOW COLUMNS FROM `member` [ RunTime:0.0165s ]
SQL: SELECT `id` FROM `member` WHERE `member_name` = 'wujianyang'  [ RunTime:0.0015s ]
SQL: INSERT INTO `member` (`member_name`,`passwd`,`sex`,`email`,`tel`,`address`,`question`,`answer`,`head_pic`,`hitnum`,`is_freeze`,`last_ip`,`last_time`) VALUES ('wujianyang','e10adc3949ba59abbe56e057f20f883e','1','320909924@qq.com','12312341234','soft park','question','answer.','head_pic/head_pic_1477977778.png','0','0','::1','2016-11-01 01:22:58') [ RunTime:0.1547s ]

[ 2016-11-01T13:23:00+08:00 ] ::1 /think_blog/Home/Member/login
INFO: [ app_init ] --START--
INFO: Run Behavior\BuildLiteBehavior [ RunTime:0.000024s ]
INFO: [ app_init ] --END-- [ RunTime:0.000550s ]

[ 2016-11-01T13:23:00+08:00 ] ::1 /think_blog/Home/Member/Index.html
INFO: [ app_init ] --START--
INFO: Run Behavior\BuildLiteBehavior [ RunTime:0.000024s ]
INFO: [ app_init ] --END-- [ RunTime:0.000452s ]

