[ 2016-11-10T13:51:33+08:00 ] ::1 /think_blog/Home/Member/friends/f/fans/member_id/29.html
INFO: [ app_init ] --START--
INFO: Run Behavior\BuildLiteBehavior [ RunTime:0.012959s ]
INFO: [ app_init ] --END-- [ RunTime:0.143038s ]

[ 2016-11-10T13:52:17+08:00 ] 127.0.0.1 /think_blog/Home/Member/index/member_id/29.html
INFO: [ app_init ] --START--
INFO: Run Behavior\BuildLiteBehavior [ RunTime:0.000023s ]
INFO: [ app_init ] --END-- [ RunTime:0.000445s ]
ERR: SQLSTATE[HY000] [2002] ”…”⁄ƒø±Íº∆À„ª˙ª˝º´æ‹æ¯£¨Œﬁ∑®¡¨Ω”°£


[ 2016-11-10T13:53:34+08:00 ] ::1 /think_blog/Home/Member/index/member_id/29.html
INFO: [ app_init ] --START--
INFO: Run Behavior\BuildLiteBehavior [ RunTime:0.000045s ]
INFO: [ app_init ] --END-- [ RunTime:0.000653s ]
ERR: Think\Model:getArticleByMemberIdÊñπÊ≥ï‰∏çÂ≠òÂú®ÔºÅ

[ 2016-11-10T13:54:40+08:00 ] ::1 /think_blog/Home/Member/index/member_id/29.html
INFO: [ app_init ] --START--
INFO: Run Behavior\BuildLiteBehavior [ RunTime:0.000043s ]
INFO: [ app_init ] --END-- [ RunTime:0.000661s ]
ERR: Think\Model:getPhotoByMemberIdÊñπÊ≥ï‰∏çÂ≠òÂú®ÔºÅ

[ 2016-11-10T13:54:41+08:00 ] ::1 /think_blog/Home/Member/index/member_id/29.html
INFO: [ app_init ] --START--
INFO: Run Behavior\BuildLiteBehavior [ RunTime:0.000024s ]
INFO: [ app_init ] --END-- [ RunTime:0.000481s ]
ERR: Think\Model:getPhotoByMemberIdÊñπÊ≥ï‰∏çÂ≠òÂú®ÔºÅ

[ 2016-11-10T13:54:42+08:00 ] ::1 /think_blog/Home/Member/index/member_id/29.html
INFO: [ app_init ] --START--
INFO: Run Behavior\BuildLiteBehavior [ RunTime:0.000024s ]
INFO: [ app_init ] --END-- [ RunTime:0.000542s ]
ERR: Think\Model:getPhotoByMemberIdÊñπÊ≥ï‰∏çÂ≠òÂú®ÔºÅ

[ 2016-11-10T13:55:30+08:00 ] ::1 /think_blog/Home/Member/index/member_id/29.html
INFO: [ app_init ] --START--
INFO: Run Behavior\BuildLiteBehavior [ RunTime:0.000027s ]
INFO: [ app_init ] --END-- [ RunTime:0.000651s ]
ERR: Think\Model:getMessByMemberIdÊñπÊ≥ï‰∏çÂ≠òÂú®ÔºÅ

[ 2016-11-10T13:56:03+08:00 ] ::1 /think_blog/Home/Member/index/member_id/29.html
INFO: [ app_init ] --START--
INFO: Run Behavior\BuildLiteBehavior [ RunTime:0.000023s ]
INFO: [ app_init ] --END-- [ RunTime:0.000474s ]

[ 2016-11-10T13:56:16+08:00 ] ::1 /think_blog/Home/Article/index/article_id/3.html
INFO: [ app_init ] --START--
INFO: Run Behavior\BuildLiteBehavior [ RunTime:0.000040s ]
INFO: [ app_init ] --END-- [ RunTime:0.000915s ]
ERR: Think\Model:getArticleCommentÊñπÊ≥ï‰∏çÂ≠òÂú®ÔºÅ

[ 2016-11-10T13:57:19+08:00 ] ::1 /think_blog/Home/Article/index/article_id/3.html
INFO: [ app_init ] --START--
INFO: Run Behavior\BuildLiteBehavior [ RunTime:0.000033s ]
INFO: [ app_init ] --END-- [ RunTime:0.000612s ]

[ 2016-11-10T13:57:49+08:00 ] ::1 /think_blog/Home/ArticleComment/getArticleComment
INFO: [ app_init ] --START--
INFO: Run Behavior\BuildLiteBehavior [ RunTime:0.000025s ]
INFO: [ app_init ] --END-- [ RunTime:0.000569s ]
INFO: [ app_begin ] --START--
INFO: Run Behavior\ReadHtmlCacheBehavior [ RunTime:0.000571s ]
INFO: [ app_begin ] --END-- [ RunTime:0.000686s ]
SQL: SHOW COLUMNS FROM `article` [ RunTime:0.0138s ]
SQL: SELECT `id` FROM `article` WHERE `id` = 3  [ RunTime:0.0003s ]
NOTIC: [2048] Declaration of Home\Model\ArticleCommentModel::comment() should be compatible with Think\Model::comment($comment) D:\wamp\www\think_blog\Application\Home\Model\ArticleCommentModel.class.php Á¨¨ 243 Ë°å.
SQL: SHOW COLUMNS FROM `article_comment` [ RunTime:0.0040s ]
SQL: SELECT ac.id AS `article_comment_id`,ac.member_id AS `member_id`,m.member_name AS `member_name`,m.head_pic AS `head_pic`,ac.comment_content AS `comment_content`,ac.comment_time AS `comment_time` FROM article_comment ac INNER JOIN member m ON ac.member_id=m.id  WHERE ac.article_id = '3' LIMIT 10,10   [ RunTime:0.0004s ]
ERR: Think\Model:getArticleCommentCountÊñπÊ≥ï‰∏çÂ≠òÂú®ÔºÅ

[ 2016-11-10T13:58:31+08:00 ] ::1 /think_blog/Home/Article/index/article_id/3.html
INFO: [ app_init ] --START--
INFO: Run Behavior\BuildLiteBehavior [ RunTime:0.000031s ]
INFO: [ app_init ] --END-- [ RunTime:0.000410s ]

[ 2016-11-10T14:00:56+08:00 ] ::1 /think_blog/Home/Article/index/article_id/3.html
INFO: [ app_init ] --START--
INFO: Run Behavior\BuildLiteBehavior [ RunTime:0.000023s ]
INFO: [ app_init ] --END-- [ RunTime:0.000527s ]

[ 2016-11-10T14:01:00+08:00 ] ::1 /think_blog/Home/ArticleComment/getArticleComment
INFO: [ app_init ] --START--
INFO: Run Behavior\BuildLiteBehavior [ RunTime:0.000024s ]
INFO: [ app_init ] --END-- [ RunTime:0.000472s ]
INFO: [ app_begin ] --START--
INFO: Run Behavior\ReadHtmlCacheBehavior [ RunTime:0.000489s ]
INFO: [ app_begin ] --END-- [ RunTime:0.000592s ]
SQL: SHOW COLUMNS FROM `article` [ RunTime:0.0035s ]
SQL: SELECT `id` FROM `article` WHERE `id` = 3  [ RunTime:0.0003s ]
NOTIC: [2048] Declaration of Home\Model\ArticleCommentModel::comment() should be compatible with Think\Model::comment($comment) D:\wamp\www\think_blog\Application\Home\Model\ArticleCommentModel.class.php Á¨¨ 243 Ë°å.
SQL: SHOW COLUMNS FROM `article_comment` [ RunTime:0.0035s ]
SQL: SELECT ac.id AS `article_comment_id`,ac.member_id AS `member_id`,m.member_name AS `member_name`,m.head_pic AS `head_pic`,ac.comment_content AS `comment_content`,ac.comment_time AS `comment_time` FROM article_comment ac INNER JOIN member m ON ac.member_id=m.id  WHERE ac.article_id = '3' LIMIT 10,10   [ RunTime:0.0004s ]
ERR: Think\Model:getArticleCommentCountÊñπÊ≥ï‰∏çÂ≠òÂú®ÔºÅ

[ 2016-11-10T14:01:17+08:00 ] ::1 /think_blog/Home/Article/index/article_id/3.html
INFO: [ app_init ] --START--
INFO: Run Behavior\BuildLiteBehavior [ RunTime:0.000038s ]
INFO: [ app_init ] --END-- [ RunTime:0.000679s ]

[ 2016-11-10T14:01:19+08:00 ] ::1 /think_blog/Home/ArticleComment/getArticleComment
INFO: [ app_init ] --START--
INFO: Run Behavior\BuildLiteBehavior [ RunTime:0.000044s ]
INFO: [ app_init ] --END-- [ RunTime:0.000963s ]
INFO: [ app_begin ] --START--
INFO: Run Behavior\ReadHtmlCacheBehavior [ RunTime:0.000586s ]
INFO: [ app_begin ] --END-- [ RunTime:0.000694s ]
SQL: SHOW COLUMNS FROM `article` [ RunTime:0.0040s ]
SQL: SELECT `id` FROM `article` WHERE `id` = 3  [ RunTime:0.0003s ]
NOTIC: [2048] Declaration of Home\Model\ArticleCommentModel::comment() should be compatible with Think\Model::comment($comment) D:\wamp\www\think_blog\Application\Home\Model\ArticleCommentModel.class.php Á¨¨ 243 Ë°å.
SQL: SHOW COLUMNS FROM `article_comment` [ RunTime:0.0041s ]
SQL: SELECT ac.id AS `article_comment_id`,ac.member_id AS `member_id`,m.member_name AS `member_name`,m.head_pic AS `head_pic`,ac.comment_content AS `comment_content`,ac.comment_time AS `comment_time` FROM article_comment ac INNER JOIN member m ON ac.member_id=m.id  WHERE ac.article_id = '3' LIMIT 10,10   [ RunTime:0.0004s ]
SQL: SELECT COUNT(ac.id) AS `count` FROM article_comment ac INNER JOIN member m ON ac.member_id=m.id  WHERE ac.article_id = '3'  [ RunTime:0.0003s ]

[ 2016-11-10T14:01:21+08:00 ] ::1 /think_blog/Home/ArticleComment/getArticleComment
INFO: [ app_init ] --START--
INFO: Run Behavior\BuildLiteBehavior [ RunTime:0.000041s ]
INFO: [ app_init ] --END-- [ RunTime:0.000631s ]
INFO: [ app_begin ] --START--
INFO: Run Behavior\ReadHtmlCacheBehavior [ RunTime:0.000564s ]
INFO: [ app_begin ] --END-- [ RunTime:0.000767s ]
SQL: SHOW COLUMNS FROM `article` [ RunTime:0.0043s ]
SQL: SELECT `id` FROM `article` WHERE `id` = 3  [ RunTime:0.0009s ]
NOTIC: [2048] Declaration of Home\Model\ArticleCommentModel::comment() should be compatible with Think\Model::comment($comment) D:\wamp\www\think_blog\Application\Home\Model\ArticleCommentModel.class.php Á¨¨ 243 Ë°å.
SQL: SHOW COLUMNS FROM `article_comment` [ RunTime:0.0037s ]
SQL: SELECT ac.id AS `article_comment_id`,ac.member_id AS `member_id`,m.member_name AS `member_name`,m.head_pic AS `head_pic`,ac.comment_content AS `comment_content`,ac.comment_time AS `comment_time` FROM article_comment ac INNER JOIN member m ON ac.member_id=m.id  WHERE ac.article_id = '3' LIMIT 0,10   [ RunTime:0.0005s ]
SQL: SELECT COUNT(ac.id) AS `count` FROM article_comment ac INNER JOIN member m ON ac.member_id=m.id  WHERE ac.article_id = '3'  [ RunTime:0.0002s ]

[ 2016-11-10T14:02:11+08:00 ] ::1 /think_blog/Home/Article/articleList/article_type_id/1.html
INFO: [ app_init ] --START--
INFO: Run Behavior\BuildLiteBehavior [ RunTime:0.000023s ]
INFO: [ app_init ] --END-- [ RunTime:0.000560s ]
ERR: Think\Model:getArticleTypeByMemberIdÊñπÊ≥ï‰∏çÂ≠òÂú®ÔºÅ

[ 2016-11-10T14:02:16+08:00 ] ::1 /think_blog/Home/Article/articleList/article_type_id/1.html
INFO: [ app_init ] --START--
INFO: Run Behavior\BuildLiteBehavior [ RunTime:0.000038s ]
INFO: [ app_init ] --END-- [ RunTime:0.000573s ]
ERR: Think\Model:getArticleTypeByMemberIdÊñπÊ≥ï‰∏çÂ≠òÂú®ÔºÅ

[ 2016-11-10T14:03:18+08:00 ] ::1 /think_blog/Home/Article/articleList/article_type_id/1.html
INFO: [ app_init ] --START--
INFO: Run Behavior\BuildLiteBehavior [ RunTime:0.000023s ]
INFO: [ app_init ] --END-- [ RunTime:0.000523s ]

[ 2016-11-10T14:04:25+08:00 ] ::1 /think_blog/Home/Article/articleListPage
INFO: [ app_init ] --START--
INFO: Run Behavior\BuildLiteBehavior [ RunTime:0.000029s ]
INFO: [ app_init ] --END-- [ RunTime:0.000519s ]
INFO: [ app_begin ] --START--
INFO: Run Behavior\ReadHtmlCacheBehavior [ RunTime:0.000573s ]
INFO: [ app_begin ] --END-- [ RunTime:0.000673s ]
SQL: SHOW COLUMNS FROM `article` [ RunTime:0.0036s ]
SQL: SELECT `id`,`title`,date_format(create_time,'%Y-%m-%d') as create_time FROM `article` WHERE `article_type_id` = 1 LIMIT 0,30   [ RunTime:0.0004s ]
SQL: SELECT COUNT(id) as count FROM `article` WHERE `article_type_id` = 1  [ RunTime:0.0002s ]

[ 2016-11-10T14:06:18+08:00 ] ::1 /think_blog/Home/ArticleComment/getArticleComment
INFO: [ app_init ] --START--
INFO: Run Behavior\BuildLiteBehavior [ RunTime:0.000042s ]
INFO: [ app_init ] --END-- [ RunTime:0.000753s ]
INFO: [ app_begin ] --START--
INFO: Run Behavior\ReadHtmlCacheBehavior [ RunTime:0.000604s ]
INFO: [ app_begin ] --END-- [ RunTime:0.000780s ]
SQL: SHOW COLUMNS FROM `article` [ RunTime:0.0043s ]
SQL: SELECT `id` FROM `article` WHERE `id` = 3  [ RunTime:0.0003s ]
NOTIC: [2048] Declaration of Home\Model\ArticleCommentModel::comment() should be compatible with Think\Model::comment($comment) D:\wamp\www\think_blog\Application\Home\Model\ArticleCommentModel.class.php Á¨¨ 242 Ë°å.
SQL: SHOW COLUMNS FROM `article_comment` [ RunTime:0.0045s ]
SQL: SELECT ac.id AS `article_comment_id`,ac.member_id AS `member_id`,m.member_name AS `member_name`,m.head_pic AS `head_pic`,ac.comment_content AS `comment_content`,ac.comment_time AS `comment_time` FROM article_comment ac INNER JOIN member m ON ac.member_id=m.id  WHERE ac.article_id = '3' LIMIT 10,10   [ RunTime:0.0004s ]
SQL: SELECT COUNT(ac.id) AS `count` FROM article_comment ac INNER JOIN member m ON ac.member_id=m.id  WHERE ac.article_id = '3'  [ RunTime:0.0003s ]

[ 2016-11-10T14:06:19+08:00 ] ::1 /think_blog/Home/ArticleComment/getArticleComment
INFO: [ app_init ] --START--
INFO: Run Behavior\BuildLiteBehavior [ RunTime:0.000188s ]
INFO: [ app_init ] --END-- [ RunTime:0.001964s ]
INFO: [ app_begin ] --START--
INFO: Run Behavior\ReadHtmlCacheBehavior [ RunTime:0.000534s ]
INFO: [ app_begin ] --END-- [ RunTime:0.000640s ]
SQL: SHOW COLUMNS FROM `article` [ RunTime:0.0042s ]
SQL: SELECT `id` FROM `article` WHERE `id` = 3  [ RunTime:0.0003s ]
NOTIC: [2048] Declaration of Home\Model\ArticleCommentModel::comment() should be compatible with Think\Model::comment($comment) D:\wamp\www\think_blog\Application\Home\Model\ArticleCommentModel.class.php Á¨¨ 242 Ë°å.
SQL: SHOW COLUMNS FROM `article_comment` [ RunTime:0.0046s ]
SQL: SELECT ac.id AS `article_comment_id`,ac.member_id AS `member_id`,m.member_name AS `member_name`,m.head_pic AS `head_pic`,ac.comment_content AS `comment_content`,ac.comment_time AS `comment_time` FROM article_comment ac INNER JOIN member m ON ac.member_id=m.id  WHERE ac.article_id = '3' LIMIT 0,10   [ RunTime:0.0004s ]
SQL: SELECT COUNT(ac.id) AS `count` FROM article_comment ac INNER JOIN member m ON ac.member_id=m.id  WHERE ac.article_id = '3'  [ RunTime:0.0003s ]

[ 2016-11-10T14:06:34+08:00 ] ::1 /think_blog/Home/Article/articleList/article_type_id/1.html
INFO: [ app_init ] --START--
INFO: Run Behavior\BuildLiteBehavior [ RunTime:0.000023s ]
INFO: [ app_init ] --END-- [ RunTime:0.000524s ]

[ 2016-11-10T14:56:21+08:00 ] ::1 /think_blog/Home/Member/friends/f/fans/member_id/29.html
INFO: [ app_init ] --START--
INFO: Run Behavior\BuildLiteBehavior [ RunTime:0.000023s ]
INFO: [ app_init ] --END-- [ RunTime:0.000440s ]

[ 2016-11-10T14:56:24+08:00 ] ::1 /think_blog/Home/Member/index/member_id/29.html
INFO: [ app_init ] --START--
INFO: Run Behavior\BuildLiteBehavior [ RunTime:0.000024s ]
INFO: [ app_init ] --END-- [ RunTime:0.000564s ]

[ 2016-11-10T14:56:28+08:00 ] ::1 /think_blog/Home/Article/index/article_id/3.html
INFO: [ app_init ] --START--
INFO: Run Behavior\BuildLiteBehavior [ RunTime:0.000035s ]
INFO: [ app_init ] --END-- [ RunTime:0.000622s ]

[ 2016-11-10T14:56:31+08:00 ] ::1 /think_blog/Home/Article/articleList/article_type_id/1.html
INFO: [ app_init ] --START--
INFO: Run Behavior\BuildLiteBehavior [ RunTime:0.000041s ]
INFO: [ app_init ] --END-- [ RunTime:0.000599s ]

[ 2016-11-10T14:56:35+08:00 ] ::1 /think_blog/Home/Article/articleList/article_type_id/25.html
INFO: [ app_init ] --START--
INFO: Run Behavior\BuildLiteBehavior [ RunTime:0.000025s ]
INFO: [ app_init ] --END-- [ RunTime:0.000507s ]

[ 2016-11-10T14:56:45+08:00 ] ::1 /think_blog/Home/Article/articleList/article_type_id/25.html
INFO: [ app_init ] --START--
INFO: Run Behavior\BuildLiteBehavior [ RunTime:0.000023s ]
INFO: [ app_init ] --END-- [ RunTime:0.000504s ]

[ 2016-11-10T14:56:47+08:00 ] ::1 /think_blog/Home/Article/articleList/article_type_id/25.html
INFO: [ app_init ] --START--
INFO: Run Behavior\BuildLiteBehavior [ RunTime:0.000026s ]
INFO: [ app_init ] --END-- [ RunTime:0.000650s ]

[ 2016-11-10T14:56:49+08:00 ] ::1 /think_blog/Home/Article/articleList/article_type_id/25.html
INFO: [ app_init ] --START--
INFO: Run Behavior\BuildLiteBehavior [ RunTime:0.000024s ]
INFO: [ app_init ] --END-- [ RunTime:0.000480s ]

[ 2016-11-10T14:56:49+08:00 ] ::1 /think_blog/Home/Article/articleList/article_type_id/25.html
INFO: [ app_init ] --START--
INFO: Run Behavior\BuildLiteBehavior [ RunTime:0.000025s ]
INFO: [ app_init ] --END-- [ RunTime:0.000561s ]

[ 2016-11-10T14:57:05+08:00 ] ::1 /think_blog/Home/Article/articleList/article_type_id/25.html
INFO: [ app_init ] --START--
INFO: Run Behavior\BuildLiteBehavior [ RunTime:0.000037s ]
INFO: [ app_init ] --END-- [ RunTime:0.000552s ]

[ 2016-11-10T14:57:08+08:00 ] ::1 /think_blog/Home/Article/articleList/article_type_id/1.html
INFO: [ app_init ] --START--
INFO: Run Behavior\BuildLiteBehavior [ RunTime:0.000023s ]
INFO: [ app_init ] --END-- [ RunTime:0.000518s ]

[ 2016-11-10T15:05:43+08:00 ] ::1 /think_blog/Home/Member/index/member_id/29.html
INFO: [ app_init ] --START--
INFO: Run Behavior\BuildLiteBehavior [ RunTime:0.000024s ]
INFO: [ app_init ] --END-- [ RunTime:0.000499s ]

[ 2016-11-10T15:05:47+08:00 ] ::1 /think_blog/Home/Article/articleList/member_id/29.html
INFO: [ app_init ] --START--
INFO: Run Behavior\BuildLiteBehavior [ RunTime:0.000022s ]
INFO: [ app_init ] --END-- [ RunTime:0.000481s ]

[ 2016-11-10T15:47:51+08:00 ] ::1 /think_blog/Home/Article/articleList/member_id/29.html
INFO: [ app_init ] --START--
INFO: Run Behavior\BuildLiteBehavior [ RunTime:0.000024s ]
INFO: [ app_init ] --END-- [ RunTime:0.000450s ]

[ 2016-11-10T15:48:13+08:00 ] ::1 /think_blog/Home/Article/articleList/member_id/29.html
INFO: [ app_init ] --START--
INFO: Run Behavior\BuildLiteBehavior [ RunTime:0.000024s ]
INFO: [ app_init ] --END-- [ RunTime:0.000531s ]

[ 2016-11-10T15:48:15+08:00 ] ::1 /think_blog/Home/Article/articleList/member_id/29.html
INFO: [ app_init ] --START--
INFO: Run Behavior\BuildLiteBehavior [ RunTime:0.000023s ]
INFO: [ app_init ] --END-- [ RunTime:0.000513s ]

[ 2016-11-10T15:48:21+08:00 ] ::1 /think_blog/Home/Article/articleList/article_type_id/25.html
INFO: [ app_init ] --START--
INFO: Run Behavior\BuildLiteBehavior [ RunTime:0.000022s ]
INFO: [ app_init ] --END-- [ RunTime:0.000497s ]

[ 2016-11-10T15:48:23+08:00 ] ::1 /think_blog/Home/Article/articleList/article_type_id/1.html
INFO: [ app_init ] --START--
INFO: Run Behavior\BuildLiteBehavior [ RunTime:0.000024s ]
INFO: [ app_init ] --END-- [ RunTime:0.000498s ]

[ 2016-11-10T15:48:25+08:00 ] ::1 /think_blog/Home/Article/articleList/article_type_id/25.html
INFO: [ app_init ] --START--
INFO: Run Behavior\BuildLiteBehavior [ RunTime:0.000023s ]
INFO: [ app_init ] --END-- [ RunTime:0.000518s ]

[ 2016-11-10T15:48:25+08:00 ] ::1 /think_blog/Home/Article/articleList/article_type_id/1.html
INFO: [ app_init ] --START--
INFO: Run Behavior\BuildLiteBehavior [ RunTime:0.000023s ]
INFO: [ app_init ] --END-- [ RunTime:0.000498s ]

[ 2016-11-10T15:48:30+08:00 ] ::1 /think_blog/Home/Article/articleList/member_id/29.html
INFO: [ app_init ] --START--
INFO: Run Behavior\BuildLiteBehavior [ RunTime:0.000024s ]
INFO: [ app_init ] --END-- [ RunTime:0.000480s ]

[ 2016-11-10T15:48:32+08:00 ] ::1 /think_blog/Home/Article/articleList/member_id/29.html
INFO: [ app_init ] --START--
INFO: Run Behavior\BuildLiteBehavior [ RunTime:0.000022s ]
INFO: [ app_init ] --END-- [ RunTime:0.000488s ]

[ 2016-11-10T15:49:48+08:00 ] ::1 /think_blog/Home/Article/articleList/article_type_id/25.html
INFO: [ app_init ] --START--
INFO: Run Behavior\BuildLiteBehavior [ RunTime:0.000023s ]
INFO: [ app_init ] --END-- [ RunTime:0.000439s ]

[ 2016-11-10T15:49:50+08:00 ] ::1 /think_blog/Home/Article/articleList/article_type_id/1.html
INFO: [ app_init ] --START--
INFO: Run Behavior\BuildLiteBehavior [ RunTime:0.000022s ]
INFO: [ app_init ] --END-- [ RunTime:0.000498s ]

[ 2016-11-10T15:49:53+08:00 ] ::1 /think_blog/Home/Article/articleList/article_type_id/1.html
INFO: [ app_init ] --START--
INFO: Run Behavior\BuildLiteBehavior [ RunTime:0.000023s ]
INFO: [ app_init ] --END-- [ RunTime:0.000510s ]

[ 2016-11-10T15:50:00+08:00 ] ::1 /think_blog/Home/Article/articleList/article_type_id/1.html
INFO: [ app_init ] --START--
INFO: Run Behavior\BuildLiteBehavior [ RunTime:0.000023s ]
INFO: [ app_init ] --END-- [ RunTime:0.000495s ]

[ 2016-11-10T15:50:02+08:00 ] ::1 /think_blog/Home/Article/articleList/member_id/29.html
INFO: [ app_init ] --START--
INFO: Run Behavior\BuildLiteBehavior [ RunTime:0.000023s ]
INFO: [ app_init ] --END-- [ RunTime:0.000493s ]

[ 2016-11-10T15:50:03+08:00 ] ::1 /think_blog/Home/Article/articleList/member_id/29.html
INFO: [ app_init ] --START--
INFO: Run Behavior\BuildLiteBehavior [ RunTime:0.000023s ]
INFO: [ app_init ] --END-- [ RunTime:0.000503s ]

[ 2016-11-10T15:50:12+08:00 ] ::1 /think_blog/Home/Article/articleList/member_id/29.html
INFO: [ app_init ] --START--
INFO: Run Behavior\BuildLiteBehavior [ RunTime:0.000025s ]
INFO: [ app_init ] --END-- [ RunTime:0.000603s ]

[ 2016-11-10T15:50:13+08:00 ] ::1 /think_blog/Home/Article/articleList/member_id/29.html
INFO: [ app_init ] --START--
INFO: Run Behavior\BuildLiteBehavior [ RunTime:0.000025s ]
INFO: [ app_init ] --END-- [ RunTime:0.000422s ]

[ 2016-11-10T15:50:51+08:00 ] ::1 /think_blog/Home/Article/articleList/member_id/29.html
INFO: [ app_init ] --START--
INFO: Run Behavior\BuildLiteBehavior [ RunTime:0.000025s ]
INFO: [ app_init ] --END-- [ RunTime:0.000488s ]

[ 2016-11-10T15:50:53+08:00 ] ::1 /think_blog/Home/Article/articleList/member_id/29.html
INFO: [ app_init ] --START--
INFO: Run Behavior\BuildLiteBehavior [ RunTime:0.000034s ]
INFO: [ app_init ] --END-- [ RunTime:0.000508s ]

[ 2016-11-10T15:50:53+08:00 ] ::1 /think_blog/Home/Article/articleList/member_id/29.html
INFO: [ app_init ] --START--
INFO: Run Behavior\BuildLiteBehavior [ RunTime:0.000026s ]
INFO: [ app_init ] --END-- [ RunTime:0.000469s ]

[ 2016-11-10T15:50:55+08:00 ] ::1 /think_blog/Home/Article/articleList/article_type_id/1.html
INFO: [ app_init ] --START--
INFO: Run Behavior\BuildLiteBehavior [ RunTime:0.000023s ]
INFO: [ app_init ] --END-- [ RunTime:0.000497s ]

[ 2016-11-10T15:50:56+08:00 ] ::1 /think_blog/Home/Article/articleList/article_type_id/1.html
INFO: [ app_init ] --START--
INFO: Run Behavior\BuildLiteBehavior [ RunTime:0.000023s ]
INFO: [ app_init ] --END-- [ RunTime:0.000493s ]

[ 2016-11-10T15:54:12+08:00 ] ::1 /think_blog/Home/Article/articleListPage
INFO: [ app_init ] --START--
INFO: Run Behavior\BuildLiteBehavior [ RunTime:0.000024s ]
INFO: [ app_init ] --END-- [ RunTime:0.000501s ]
INFO: [ app_begin ] --START--
INFO: Run Behavior\ReadHtmlCacheBehavior [ RunTime:0.001064s ]
INFO: [ app_begin ] --END-- [ RunTime:0.001362s ]
SQL: SHOW COLUMNS FROM `article` [ RunTime:0.0054s ]
SQL: SELECT `id`,`title`,date_format(create_time,'%Y-%m-%d') as create_time FROM `article` WHERE `article_type_id` = 1 LIMIT 0,30   [ RunTime:0.0005s ]
SQL: SELECT COUNT(id) as count FROM `article` WHERE `article_type_id` = 1  [ RunTime:0.0002s ]

[ 2016-11-10T15:54:19+08:00 ] ::1 /think_blog/Home/Article/articleListPage
INFO: [ app_init ] --START--
INFO: Run Behavior\BuildLiteBehavior [ RunTime:0.000041s ]
INFO: [ app_init ] --END-- [ RunTime:0.000708s ]
INFO: [ app_begin ] --START--
INFO: Run Behavior\ReadHtmlCacheBehavior [ RunTime:0.000975s ]
INFO: [ app_begin ] --END-- [ RunTime:0.001137s ]
SQL: SHOW COLUMNS FROM `article` [ RunTime:0.0053s ]
SQL: SELECT `id`,`title`,date_format(create_time,'%Y-%m-%d') as create_time FROM `article` WHERE `article_type_id` = 1 LIMIT 0,50   [ RunTime:0.0004s ]
SQL: SELECT COUNT(id) as count FROM `article` WHERE `article_type_id` = 1  [ RunTime:0.0002s ]

[ 2016-11-10T15:54:21+08:00 ] ::1 /think_blog/Home/Article/articleListPage
INFO: [ app_init ] --START--
INFO: Run Behavior\BuildLiteBehavior [ RunTime:0.000025s ]
INFO: [ app_init ] --END-- [ RunTime:0.000565s ]
INFO: [ app_begin ] --START--
INFO: Run Behavior\ReadHtmlCacheBehavior [ RunTime:0.000419s ]
INFO: [ app_begin ] --END-- [ RunTime:0.000531s ]
SQL: SHOW COLUMNS FROM `article` [ RunTime:0.0042s ]
SQL: SELECT `id`,`title`,date_format(create_time,'%Y-%m-%d') as create_time FROM `article` WHERE `article_type_id` = 1 LIMIT 0,20   [ RunTime:0.0004s ]
SQL: SELECT COUNT(id) as count FROM `article` WHERE `article_type_id` = 1  [ RunTime:0.0002s ]

[ 2016-11-10T16:18:16+08:00 ] ::1 /think_blog/Home/Member/index/member_id/29.html
INFO: [ app_init ] --START--
INFO: Run Behavior\BuildLiteBehavior [ RunTime:0.000024s ]
INFO: [ app_init ] --END-- [ RunTime:0.000582s ]

[ 2016-11-10T16:18:20+08:00 ] ::1 /think_blog/Home/Member/index/member_id/29.html
INFO: [ app_init ] --START--
INFO: Run Behavior\BuildLiteBehavior [ RunTime:0.000025s ]
INFO: [ app_init ] --END-- [ RunTime:0.000519s ]

[ 2016-11-10T16:18:23+08:00 ] ::1 /think_blog/Home/Article/hotArticleList/member_id/29.html
INFO: [ app_init ] --START--
INFO: Run Behavior\BuildLiteBehavior [ RunTime:0.000023s ]
INFO: [ app_init ] --END-- [ RunTime:0.000539s ]

[ 2016-11-10T16:22:10+08:00 ] ::1 /think_blog/Home/Article/hotArticleList/member_id/29.html
INFO: [ app_init ] --START--
INFO: Run Behavior\BuildLiteBehavior [ RunTime:0.000024s ]
INFO: [ app_init ] --END-- [ RunTime:0.000520s ]

[ 2016-11-10T16:22:12+08:00 ] ::1 /think_blog/Home/Article/hotArticleList/member_id/29.html
INFO: [ app_init ] --START--
INFO: Run Behavior\BuildLiteBehavior [ RunTime:0.000041s ]
INFO: [ app_init ] --END-- [ RunTime:0.000883s ]

[ 2016-11-10T16:22:21+08:00 ] ::1 /think_blog/Home/Article/hotArticleList/member_id/29.html
INFO: [ app_init ] --START--
INFO: Run Behavior\BuildLiteBehavior [ RunTime:0.000025s ]
INFO: [ app_init ] --END-- [ RunTime:0.000571s ]

[ 2016-11-10T16:22:33+08:00 ] ::1 /think_blog/Home/Article/hotArticleList/member_id/29.html
INFO: [ app_init ] --START--
INFO: Run Behavior\BuildLiteBehavior [ RunTime:0.000024s ]
INFO: [ app_init ] --END-- [ RunTime:0.000492s ]

[ 2016-11-10T16:23:18+08:00 ] ::1 /think_blog/Home/Article/hotArticleList/member_id/29.html
INFO: [ app_init ] --START--
INFO: Run Behavior\BuildLiteBehavior [ RunTime:0.000075s ]
INFO: [ app_init ] --END-- [ RunTime:0.000994s ]

[ 2016-11-10T16:23:34+08:00 ] ::1 /think_blog/Home/Article/hotArticleList/member_id/29.html
INFO: [ app_init ] --START--
INFO: Run Behavior\BuildLiteBehavior [ RunTime:0.000025s ]
INFO: [ app_init ] --END-- [ RunTime:0.000534s ]

[ 2016-11-10T16:29:15+08:00 ] ::1 /think_blog/Home/Article/hotArticleList/member_id/29.html
INFO: [ app_init ] --START--
INFO: Run Behavior\BuildLiteBehavior [ RunTime:0.000034s ]
INFO: [ app_init ] --END-- [ RunTime:0.000556s ]

[ 2016-11-10T16:29:27+08:00 ] ::1 /think_blog/Home/Article/hotArticleList/member_id/29.html
INFO: [ app_init ] --START--
INFO: Run Behavior\BuildLiteBehavior [ RunTime:0.000025s ]
INFO: [ app_init ] --END-- [ RunTime:0.000542s ]

[ 2016-11-10T16:30:06+08:00 ] ::1 /think_blog/Home/Article/hotArticleList/member_id/29.html
INFO: [ app_init ] --START--
INFO: Run Behavior\BuildLiteBehavior [ RunTime:0.000026s ]
INFO: [ app_init ] --END-- [ RunTime:0.000602s ]

[ 2016-11-10T16:30:08+08:00 ] ::1 /think_blog/Home/Index/search
INFO: [ app_init ] --START--
INFO: Run Behavior\BuildLiteBehavior [ RunTime:0.000023s ]
INFO: [ app_init ] --END-- [ RunTime:0.000410s ]
INFO: [ app_begin ] --START--
INFO: Run Behavior\ReadHtmlCacheBehavior [ RunTime:0.000906s ]
INFO: [ app_begin ] --END-- [ RunTime:0.001117s ]
SQL: SHOW COLUMNS FROM `article` [ RunTime:0.0050s ]
SQL: SELECT a.id AS `article_id`,a.title AS `title`,date_format(a.create_time,'%Y-%m-%d') AS `create_time`,a.member_id AS `member_id`,m.member_name AS `member_name` FROM article a LEFT JOIN member m ON a.member_id=m.id  WHERE a.title LIKE '%%' LIMIT 0,20   [ RunTime:0.0270s ]
SQL: SELECT COUNT(a.id) AS `count` FROM article a LEFT JOIN member m ON a.member_id=m.id  WHERE a.title LIKE '%%'  [ RunTime:0.0003s ]

[ 2016-11-10T16:30:31+08:00 ] ::1 /think_blog/Home/Article/hotArticleList/member_id/29.html
INFO: [ app_init ] --START--
INFO: Run Behavior\BuildLiteBehavior [ RunTime:0.000024s ]
INFO: [ app_init ] --END-- [ RunTime:0.000419s ]

[ 2016-11-10T16:30:34+08:00 ] ::1 /think_blog/Home/Index/search
INFO: [ app_init ] --START--
INFO: Run Behavior\BuildLiteBehavior [ RunTime:0.000024s ]
INFO: [ app_init ] --END-- [ RunTime:0.000517s ]
INFO: [ app_begin ] --START--
INFO: Run Behavior\ReadHtmlCacheBehavior [ RunTime:0.000584s ]
INFO: [ app_begin ] --END-- [ RunTime:0.000682s ]
SQL: SHOW COLUMNS FROM `article` [ RunTime:0.0171s ]
SQL: SELECT a.id AS `article_id`,a.title AS `title`,date_format(a.create_time,'%Y-%m-%d') AS `create_time`,a.member_id AS `member_id`,m.member_name AS `member_name` FROM article a LEFT JOIN member m ON a.member_id=m.id  WHERE a.title LIKE '%%' LIMIT 0,20   [ RunTime:0.0004s ]
SQL: SELECT COUNT(a.id) AS `count` FROM article a LEFT JOIN member m ON a.member_id=m.id  WHERE a.title LIKE '%%'  [ RunTime:0.0003s ]

[ 2016-11-10T16:30:58+08:00 ] ::1 /think_blog/Home/Article/hotArticleList/member_id/29.html
INFO: [ app_init ] --START--
INFO: Run Behavior\BuildLiteBehavior [ RunTime:0.000025s ]
INFO: [ app_init ] --END-- [ RunTime:0.000523s ]

[ 2016-11-10T16:31:01+08:00 ] ::1 /think_blog/Home/Index/search
INFO: [ app_init ] --START--
INFO: Run Behavior\BuildLiteBehavior [ RunTime:0.000023s ]
INFO: [ app_init ] --END-- [ RunTime:0.000474s ]
INFO: [ app_begin ] --START--
INFO: Run Behavior\ReadHtmlCacheBehavior [ RunTime:0.000662s ]
INFO: [ app_begin ] --END-- [ RunTime:0.000855s ]
SQL: SHOW COLUMNS FROM `article` [ RunTime:0.0041s ]
SQL: SELECT a.id AS `article_id`,a.title AS `title`,date_format(a.create_time,'%Y-%m-%d') AS `create_time`,a.member_id AS `member_id`,m.member_name AS `member_name` FROM article a LEFT JOIN member m ON a.member_id=m.id  WHERE a.title LIKE '%%' LIMIT 0,20   [ RunTime:0.0005s ]
SQL: SELECT COUNT(a.id) AS `count` FROM article a LEFT JOIN member m ON a.member_id=m.id  WHERE a.title LIKE '%%'  [ RunTime:0.0003s ]

[ 2016-11-10T16:35:38+08:00 ] ::1 /think_blog/Home/Article/hotArticleList/member_id/29.html
INFO: [ app_init ] --START--
INFO: Run Behavior\BuildLiteBehavior [ RunTime:0.000025s ]
INFO: [ app_init ] --END-- [ RunTime:0.000520s ]

[ 2016-11-10T16:36:33+08:00 ] ::1 /think_blog/Home/Article/hotArticleList/member_id/29.html
INFO: [ app_init ] --START--
INFO: Run Behavior\BuildLiteBehavior [ RunTime:0.000073s ]
INFO: [ app_init ] --END-- [ RunTime:0.000795s ]

[ 2016-11-10T16:36:36+08:00 ] ::1 /think_blog/Home/Article/hotArticleList
INFO: [ app_init ] --START--
INFO: Run Behavior\BuildLiteBehavior [ RunTime:0.000024s ]
INFO: [ app_init ] --END-- [ RunTime:0.000517s ]
INFO: [ app_begin ] --START--
INFO: Run Behavior\ReadHtmlCacheBehavior [ RunTime:0.000554s ]
INFO: [ app_begin ] --END-- [ RunTime:0.000653s ]
SQL: SHOW COLUMNS FROM `article` [ RunTime:0.0041s ]
SQL: SHOW COLUMNS FROM `member` [ RunTime:0.0040s ]
SQL: SELECT id,member_name,head_pic,hitnum FROM `member` WHERE `id` = 29  [ RunTime:0.0003s ]
SQL: SELECT `id` AS `article_id`,`title` AS `title`,`hitnum` AS `hitnum`,date_format(create_time,'%Y-%m-%d') AS `create_time` FROM `article` WHERE `member_id` = 29 AND `hitnum` > '0' ORDER BY `hitnum` desc LIMIT 0,20   [ RunTime:0.0003s ]
SQL: SELECT count(id) as count FROM `article` WHERE `member_id` = 29 AND `hitnum` > 0  [ RunTime:0.0003s ]

[ 2016-11-10T16:36:51+08:00 ] ::1 /think_blog/Home/Article/hotArticleList/member_id/29.html
INFO: [ app_init ] --START--
INFO: Run Behavior\BuildLiteBehavior [ RunTime:0.000042s ]
INFO: [ app_init ] --END-- [ RunTime:0.000747s ]

[ 2016-11-10T16:37:48+08:00 ] ::1 /think_blog/Home/Article/hotArticleList/member_id/29.html
INFO: [ app_init ] --START--
INFO: Run Behavior\BuildLiteBehavior [ RunTime:0.000025s ]
INFO: [ app_init ] --END-- [ RunTime:0.000604s ]

[ 2016-11-10T16:37:50+08:00 ] ::1 /think_blog/Home/Article/hotArticleList
INFO: [ app_init ] --START--
INFO: Run Behavior\BuildLiteBehavior [ RunTime:0.000025s ]
INFO: [ app_init ] --END-- [ RunTime:0.000464s ]
INFO: [ app_begin ] --START--
INFO: Run Behavior\ReadHtmlCacheBehavior [ RunTime:0.000634s ]
INFO: [ app_begin ] --END-- [ RunTime:0.000745s ]
SQL: SHOW COLUMNS FROM `article` [ RunTime:0.0045s ]
SQL: SHOW COLUMNS FROM `member` [ RunTime:0.0091s ]
SQL: SELECT id,member_name,head_pic,hitnum FROM `member` WHERE `id` = 29  [ RunTime:0.0003s ]
SQL: SELECT `id` AS `article_id`,`title` AS `title`,`hitnum` AS `hitnum`,date_format(create_time,'%Y-%m-%d') AS `create_time` FROM `article` WHERE `member_id` = 29 AND `hitnum` > '0' ORDER BY `hitnum` desc LIMIT 0,20   [ RunTime:0.0004s ]
SQL: SELECT count(id) as count FROM `article` WHERE `member_id` = 29 AND `hitnum` > 0  [ RunTime:0.0002s ]

[ 2016-11-10T16:37:52+08:00 ] ::1 /think_blog/Home/Article/hotArticleList
INFO: [ app_init ] --START--
INFO: Run Behavior\BuildLiteBehavior [ RunTime:0.000023s ]
INFO: [ app_init ] --END-- [ RunTime:0.000517s ]
INFO: [ app_begin ] --START--
INFO: Run Behavior\ReadHtmlCacheBehavior [ RunTime:0.000413s ]
INFO: [ app_begin ] --END-- [ RunTime:0.000513s ]
SQL: SHOW COLUMNS FROM `article` [ RunTime:0.0041s ]
SQL: SHOW COLUMNS FROM `member` [ RunTime:0.0046s ]
SQL: SELECT id,member_name,head_pic,hitnum FROM `member` WHERE `id` = 29  [ RunTime:0.0002s ]
SQL: SELECT `id` AS `article_id`,`title` AS `title`,`hitnum` AS `hitnum`,date_format(create_time,'%Y-%m-%d') AS `create_time` FROM `article` WHERE `member_id` = 29 AND `hitnum` > '0' ORDER BY `hitnum` desc LIMIT 0,40   [ RunTime:0.0003s ]
SQL: SELECT count(id) as count FROM `article` WHERE `member_id` = 29 AND `hitnum` > 0  [ RunTime:0.0002s ]

[ 2016-11-10T16:37:54+08:00 ] ::1 /think_blog/Home/Article/hotArticleList
INFO: [ app_init ] --START--
INFO: Run Behavior\BuildLiteBehavior [ RunTime:0.000025s ]
INFO: [ app_init ] --END-- [ RunTime:0.000563s ]
INFO: [ app_begin ] --START--
INFO: Run Behavior\ReadHtmlCacheBehavior [ RunTime:0.000535s ]
INFO: [ app_begin ] --END-- [ RunTime:0.000642s ]
SQL: SHOW COLUMNS FROM `article` [ RunTime:0.0041s ]
SQL: SHOW COLUMNS FROM `member` [ RunTime:0.0042s ]
SQL: SELECT id,member_name,head_pic,hitnum FROM `member` WHERE `id` = 29  [ RunTime:0.0002s ]
SQL: SELECT `id` AS `article_id`,`title` AS `title`,`hitnum` AS `hitnum`,date_format(create_time,'%Y-%m-%d') AS `create_time` FROM `article` WHERE `member_id` = 29 AND `hitnum` > '0' ORDER BY `hitnum` desc LIMIT 0,20   [ RunTime:0.0003s ]
SQL: SELECT count(id) as count FROM `article` WHERE `member_id` = 29 AND `hitnum` > 0  [ RunTime:0.0002s ]

[ 2016-11-10T16:38:40+08:00 ] ::1 /think_blog/Home/Article/hotArticleList/member_id/29.html
INFO: [ app_init ] --START--
INFO: Run Behavior\BuildLiteBehavior [ RunTime:0.000024s ]
INFO: [ app_init ] --END-- [ RunTime:0.000546s ]

[ 2016-11-10T16:38:43+08:00 ] ::1 /think_blog/Home/Article/hotArticleList
INFO: [ app_init ] --START--
INFO: Run Behavior\BuildLiteBehavior [ RunTime:0.000023s ]
INFO: [ app_init ] --END-- [ RunTime:0.000533s ]
INFO: [ app_begin ] --START--
INFO: Run Behavior\ReadHtmlCacheBehavior [ RunTime:0.000573s ]
INFO: [ app_begin ] --END-- [ RunTime:0.000683s ]
SQL: SHOW COLUMNS FROM `article` [ RunTime:0.0037s ]
SQL: SHOW COLUMNS FROM `member` [ RunTime:0.0043s ]
SQL: SELECT id,member_name,head_pic,hitnum FROM `member` WHERE `id` = 29  [ RunTime:0.0002s ]
SQL: SELECT `id` AS `article_id`,`title` AS `title`,`hitnum` AS `hitnum`,date_format(create_time,'%Y-%m-%d') AS `create_time` FROM `article` WHERE `member_id` = 29 AND `hitnum` > '0' ORDER BY `hitnum` desc LIMIT 0,20   [ RunTime:0.0003s ]
SQL: SELECT count(id) as count FROM `article` WHERE `member_id` = 29 AND `hitnum` > 0  [ RunTime:0.0002s ]

[ 2016-11-10T17:44:37+08:00 ] ::1 /think_blog/Home/Article/hotArticleList/member_id/29.html
INFO: [ app_init ] --START--
INFO: Run Behavior\BuildLiteBehavior [ RunTime:0.000037s ]
INFO: [ app_init ] --END-- [ RunTime:0.000718s ]

[ 2016-11-10T17:44:44+08:00 ] ::1 /think_blog/Home/Index/search
INFO: [ app_init ] --START--
INFO: Run Behavior\BuildLiteBehavior [ RunTime:0.000023s ]
INFO: [ app_init ] --END-- [ RunTime:0.000527s ]
ERR: Ê®°Êùø‰∏çÂ≠òÂú®:./Application/Home/View/Index/search.html

[ 2016-11-10T17:45:41+08:00 ] ::1 /think_blog/Home/Index/search
INFO: [ app_init ] --START--
INFO: Run Behavior\BuildLiteBehavior [ RunTime:0.000025s ]
INFO: [ app_init ] --END-- [ RunTime:0.000530s ]

[ 2016-11-10T17:45:46+08:00 ] ::1 /think_blog/Home/Index/search
INFO: [ app_init ] --START--
INFO: Run Behavior\BuildLiteBehavior [ RunTime:0.000024s ]
INFO: [ app_init ] --END-- [ RunTime:0.000494s ]
ERR: Ê®°Êùø‰∏çÂ≠òÂú®:./Application/Home/View/Article/hotArticle.html

[ 2016-11-10T17:46:04+08:00 ] ::1 /think_blog/Home/Index/search
INFO: [ app_init ] --START--
INFO: Run Behavior\BuildLiteBehavior [ RunTime:0.000022s ]
INFO: [ app_init ] --END-- [ RunTime:0.000499s ]

[ 2016-11-10T17:47:39+08:00 ] ::1 /think_blog/Home/Index/search
INFO: [ app_init ] --START--
INFO: Run Behavior\BuildLiteBehavior [ RunTime:0.000041s ]
INFO: [ app_init ] --END-- [ RunTime:0.000865s ]

[ 2016-11-10T17:47:51+08:00 ] ::1 /think_blog/Home/Index/search
INFO: [ app_init ] --START--
INFO: Run Behavior\BuildLiteBehavior [ RunTime:0.000025s ]
INFO: [ app_init ] --END-- [ RunTime:0.000496s ]

[ 2016-11-10T17:48:11+08:00 ] ::1 /think_blog/Home/Index/search
INFO: [ app_init ] --START--
INFO: Run Behavior\BuildLiteBehavior [ RunTime:0.000024s ]
INFO: [ app_init ] --END-- [ RunTime:0.000514s ]

[ 2016-11-10T17:48:17+08:00 ] ::1 /think_blog/Home/Index/search
INFO: [ app_init ] --START--
INFO: Run Behavior\BuildLiteBehavior [ RunTime:0.000023s ]
INFO: [ app_init ] --END-- [ RunTime:0.000537s ]

[ 2016-11-10T17:48:23+08:00 ] ::1 /think_blog/Home/Index/search
INFO: [ app_init ] --START--
INFO: Run Behavior\BuildLiteBehavior [ RunTime:0.000035s ]
INFO: [ app_init ] --END-- [ RunTime:0.001017s ]

[ 2016-11-10T17:48:28+08:00 ] ::1 /think_blog/Home/Index/search
INFO: [ app_init ] --START--
INFO: Run Behavior\BuildLiteBehavior [ RunTime:0.000025s ]
INFO: [ app_init ] --END-- [ RunTime:0.000661s ]
ERR: 1267:Illegal mix of collations (latin1_swedish_ci,IMPLICIT) and (utf8_general_ci,COERCIBLE) for operation 'like'
 [ SQLËØ≠Âè• ] : SELECT m.id AS `member_id`,m.member_name AS `member_name`,m.sex AS `sex`,m.head_pic AS `head_pic`,m.hitnum AS `hitnum` FROM member m LEFT JOIN friends f ON m.id=f.member_id  WHERE `member_name` LIKE '%ÁöÑ%' GROUP BY m.id LIMIT 0,20  

[ 2016-11-10T17:48:34+08:00 ] ::1 /think_blog/Home/Index/search
INFO: [ app_init ] --START--
INFO: Run Behavior\BuildLiteBehavior [ RunTime:0.000036s ]
INFO: [ app_init ] --END-- [ RunTime:0.000576s ]

[ 2016-11-10T17:48:37+08:00 ] ::1 /think_blog/Home/Index/search
INFO: [ app_init ] --START--
INFO: Run Behavior\BuildLiteBehavior [ RunTime:0.000023s ]
INFO: [ app_init ] --END-- [ RunTime:0.000512s ]

[ 2016-11-10T17:48:57+08:00 ] ::1 /think_blog/Home/Index/search
INFO: [ app_init ] --START--
INFO: Run Behavior\BuildLiteBehavior [ RunTime:0.000026s ]
INFO: [ app_init ] --END-- [ RunTime:0.000543s ]

[ 2016-11-10T17:49:32+08:00 ] ::1 /think_blog/Home/Index/search
INFO: [ app_init ] --START--
INFO: Run Behavior\BuildLiteBehavior [ RunTime:0.000025s ]
INFO: [ app_init ] --END-- [ RunTime:0.000435s ]

[ 2016-11-10T17:49:37+08:00 ] ::1 /think_blog/Home/Index/search
INFO: [ app_init ] --START--
INFO: Run Behavior\BuildLiteBehavior [ RunTime:0.000024s ]
INFO: [ app_init ] --END-- [ RunTime:0.000433s ]

[ 2016-11-10T17:50:14+08:00 ] ::1 /think_blog/Home/Index/search
INFO: [ app_init ] --START--
INFO: Run Behavior\BuildLiteBehavior [ RunTime:0.000024s ]
INFO: [ app_init ] --END-- [ RunTime:0.000582s ]

[ 2016-11-10T17:53:11+08:00 ] ::1 /think_blog/Home/Index/search
INFO: [ app_init ] --START--
INFO: Run Behavior\BuildLiteBehavior [ RunTime:0.000024s ]
INFO: [ app_init ] --END-- [ RunTime:0.000445s ]
INFO: [ app_begin ] --START--
INFO: Run Behavior\ReadHtmlCacheBehavior [ RunTime:0.000549s ]
INFO: [ app_begin ] --END-- [ RunTime:0.000671s ]
SQL: SHOW COLUMNS FROM `article` [ RunTime:0.0045s ]
SQL: SELECT a.id AS `article_id`,a.title AS `title`,date_format(a.create_time,'%Y-%m-%d') AS `create_time`,a.member_id AS `member_id`,m.member_name AS `member_name` FROM article a LEFT JOIN member m ON a.member_id=m.id  WHERE a.title LIKE '%ÁöÑ%' LIMIT 0,20   [ RunTime:0.0007s ]
SQL: SELECT COUNT(a.id) AS `count` FROM article a LEFT JOIN member m ON a.member_id=m.id  WHERE a.title LIKE '%ÁöÑ%'  [ RunTime:0.0004s ]

[ 2016-11-10T17:53:13+08:00 ] ::1 /think_blog/Home/Index/search
INFO: [ app_init ] --START--
INFO: Run Behavior\BuildLiteBehavior [ RunTime:0.000027s ]
INFO: [ app_init ] --END-- [ RunTime:0.000535s ]
INFO: [ app_begin ] --START--
INFO: Run Behavior\ReadHtmlCacheBehavior [ RunTime:0.000794s ]
INFO: [ app_begin ] --END-- [ RunTime:0.000965s ]
SQL: SHOW COLUMNS FROM `article` [ RunTime:0.0048s ]
SQL: SELECT a.id AS `article_id`,a.title AS `title`,date_format(a.create_time,'%Y-%m-%d') AS `create_time`,a.member_id AS `member_id`,m.member_name AS `member_name` FROM article a LEFT JOIN member m ON a.member_id=m.id  WHERE a.title LIKE '%ÁöÑ%' LIMIT 0,40   [ RunTime:0.0004s ]
SQL: SELECT COUNT(a.id) AS `count` FROM article a LEFT JOIN member m ON a.member_id=m.id  WHERE a.title LIKE '%ÁöÑ%'  [ RunTime:0.0003s ]

[ 2016-11-10T17:53:15+08:00 ] ::1 /think_blog/Home/Index/search
INFO: [ app_init ] --START--
INFO: Run Behavior\BuildLiteBehavior [ RunTime:0.000023s ]
INFO: [ app_init ] --END-- [ RunTime:0.000406s ]
INFO: [ app_begin ] --START--
INFO: Run Behavior\ReadHtmlCacheBehavior [ RunTime:0.000421s ]
INFO: [ app_begin ] --END-- [ RunTime:0.000532s ]
SQL: SHOW COLUMNS FROM `article` [ RunTime:0.0039s ]
SQL: SELECT a.id AS `article_id`,a.title AS `title`,date_format(a.create_time,'%Y-%m-%d') AS `create_time`,a.member_id AS `member_id`,m.member_name AS `member_name` FROM article a LEFT JOIN member m ON a.member_id=m.id  WHERE a.title LIKE '%ÁöÑ%' LIMIT 0,20   [ RunTime:0.0004s ]
SQL: SELECT COUNT(a.id) AS `count` FROM article a LEFT JOIN member m ON a.member_id=m.id  WHERE a.title LIKE '%ÁöÑ%'  [ RunTime:0.0003s ]

[ 2016-11-10T17:53:19+08:00 ] ::1 /think_blog/Home/Index/search
INFO: [ app_init ] --START--
INFO: Run Behavior\BuildLiteBehavior [ RunTime:0.000024s ]
INFO: [ app_init ] --END-- [ RunTime:0.000464s ]

