[ 2016-11-16T10:12:15+08:00 ] ::1 /think_blog/Home/Member/login.html
INFO: [ app_init ] --START--
INFO: Run Behavior\BuildLiteBehavior [ RunTime:0.000027s ]
INFO: [ app_init ] --END-- [ RunTime:0.087473s ]

[ 2016-11-16T10:12:24+08:00 ] ::1 /think_blog/Home/Member/getVerify.html
INFO: [ app_init ] --START--
INFO: Run Behavior\BuildLiteBehavior [ RunTime:0.000024s ]
INFO: [ app_init ] --END-- [ RunTime:0.000566s ]

[ 2016-11-16T10:12:34+08:00 ] ::1 /think_blog/Home/Member/login.html
INFO: [ app_init ] --START--
INFO: Run Behavior\BuildLiteBehavior [ RunTime:0.000023s ]
INFO: [ app_init ] --END-- [ RunTime:0.000511s ]

[ 2016-11-16T10:12:36+08:00 ] ::1 /think_blog/Home/Member/Index.html
INFO: [ app_init ] --START--
INFO: Run Behavior\BuildLiteBehavior [ RunTime:0.000025s ]
INFO: [ app_init ] --END-- [ RunTime:0.000519s ]

[ 2016-11-16T10:12:43+08:00 ] ::1 /think_blog/Home/Member/personCenter.html
INFO: [ app_init ] --START--
INFO: Run Behavior\BuildLiteBehavior [ RunTime:0.000025s ]
INFO: [ app_init ] --END-- [ RunTime:0.000555s ]

[ 2016-11-16T10:12:44+08:00 ] ::1 /think_blog/Home/Member/info.html
INFO: [ app_init ] --START--
INFO: Run Behavior\BuildLiteBehavior [ RunTime:0.000024s ]
INFO: [ app_init ] --END-- [ RunTime:0.000652s ]

[ 2016-11-16T10:12:47+08:00 ] ::1 /think_blog/Home/Member/personPhoto.html
INFO: [ app_init ] --START--
INFO: Run Behavior\BuildLiteBehavior [ RunTime:0.000024s ]
INFO: [ app_init ] --END-- [ RunTime:0.000474s ]

[ 2016-11-16T10:12:57+08:00 ] ::1 /think_blog/Home/Member/personArticleType.html
INFO: [ app_init ] --START--
INFO: Run Behavior\BuildLiteBehavior [ RunTime:0.000024s ]
INFO: [ app_init ] --END-- [ RunTime:0.000524s ]

[ 2016-11-16T10:12:58+08:00 ] ::1 /think_blog/Home/ArticleType/personInfo
INFO: [ app_init ] --START--
INFO: Run Behavior\BuildLiteBehavior [ RunTime:0.000023s ]
INFO: [ app_init ] --END-- [ RunTime:0.000515s ]
INFO: [ app_begin ] --START--
INFO: Run Behavior\ReadHtmlCacheBehavior [ RunTime:0.000631s ]
INFO: [ app_begin ] --END-- [ RunTime:0.000729s ]
SQL: SHOW COLUMNS FROM `article_type` [ RunTime:0.0168s ]
SQL: SELECT * FROM `article_type` WHERE `id` = '30'  [ RunTime:0.0003s ]

[ 2016-11-16T10:13:25+08:00 ] ::1 /think_blog/Home/Member/personCenter.html
INFO: [ app_init ] --START--
INFO: Run Behavior\BuildLiteBehavior [ RunTime:0.000025s ]
INFO: [ app_init ] --END-- [ RunTime:0.000613s ]

[ 2016-11-16T10:13:26+08:00 ] ::1 /think_blog/Home/Member/info.html
INFO: [ app_init ] --START--
INFO: Run Behavior\BuildLiteBehavior [ RunTime:0.000026s ]
INFO: [ app_init ] --END-- [ RunTime:0.000452s ]

[ 2016-11-16T10:13:28+08:00 ] ::1 /think_blog/Home/Member/personArticleType.html
INFO: [ app_init ] --START--
INFO: Run Behavior\BuildLiteBehavior [ RunTime:0.000024s ]
INFO: [ app_init ] --END-- [ RunTime:0.000517s ]

[ 2016-11-16T10:13:30+08:00 ] ::1 /think_blog/Home/ArticleType/personInfo
INFO: [ app_init ] --START--
INFO: Run Behavior\BuildLiteBehavior [ RunTime:0.000025s ]
INFO: [ app_init ] --END-- [ RunTime:0.000450s ]
INFO: [ app_begin ] --START--
INFO: Run Behavior\ReadHtmlCacheBehavior [ RunTime:0.000577s ]
INFO: [ app_begin ] --END-- [ RunTime:0.000681s ]
SQL: SHOW COLUMNS FROM `article_type` [ RunTime:0.0036s ]
SQL: SELECT * FROM `article_type` WHERE `id` = '30'  [ RunTime:0.0003s ]

[ 2016-11-16T10:13:42+08:00 ] ::1 /think_blog/Home/Member/personCenter.html
INFO: [ app_init ] --START--
INFO: Run Behavior\BuildLiteBehavior [ RunTime:0.000023s ]
INFO: [ app_init ] --END-- [ RunTime:0.000544s ]

[ 2016-11-16T10:13:42+08:00 ] ::1 /think_blog/Home/Member/login.html
INFO: [ app_init ] --START--
INFO: Run Behavior\BuildLiteBehavior [ RunTime:0.000026s ]
INFO: [ app_init ] --END-- [ RunTime:0.000681s ]

[ 2016-11-16T10:13:43+08:00 ] ::1 /think_blog/Home/Member/getVerify.html
INFO: [ app_init ] --START--
INFO: Run Behavior\BuildLiteBehavior [ RunTime:0.000025s ]
INFO: [ app_init ] --END-- [ RunTime:0.000456s ]

[ 2016-11-16T10:13:51+08:00 ] ::1 /think_blog/Home/Member/login.html
INFO: [ app_init ] --START--
INFO: Run Behavior\BuildLiteBehavior [ RunTime:0.000024s ]
INFO: [ app_init ] --END-- [ RunTime:0.000549s ]

[ 2016-11-16T10:13:51+08:00 ] ::1 /think_blog/Home/Member/Index.html
INFO: [ app_init ] --START--
INFO: Run Behavior\BuildLiteBehavior [ RunTime:0.000025s ]
INFO: [ app_init ] --END-- [ RunTime:0.000444s ]

[ 2016-11-16T10:13:53+08:00 ] ::1 /think_blog/Home/Member/personCenter.html
INFO: [ app_init ] --START--
INFO: Run Behavior\BuildLiteBehavior [ RunTime:0.000027s ]
INFO: [ app_init ] --END-- [ RunTime:0.000506s ]

[ 2016-11-16T10:13:53+08:00 ] ::1 /think_blog/Home/Member/info.html
INFO: [ app_init ] --START--
INFO: Run Behavior\BuildLiteBehavior [ RunTime:0.000026s ]
INFO: [ app_init ] --END-- [ RunTime:0.000579s ]

[ 2016-11-16T10:13:55+08:00 ] ::1 /think_blog/Home/Member/personArticleType.html
INFO: [ app_init ] --START--
INFO: Run Behavior\BuildLiteBehavior [ RunTime:0.000025s ]
INFO: [ app_init ] --END-- [ RunTime:0.000518s ]

[ 2016-11-16T10:13:56+08:00 ] ::1 /think_blog/Home/ArticleType/personInfo
INFO: [ app_init ] --START--
INFO: Run Behavior\BuildLiteBehavior [ RunTime:0.000026s ]
INFO: [ app_init ] --END-- [ RunTime:0.000489s ]
INFO: [ app_begin ] --START--
INFO: Run Behavior\ReadHtmlCacheBehavior [ RunTime:0.000730s ]
INFO: [ app_begin ] --END-- [ RunTime:0.000843s ]
SQL: SHOW COLUMNS FROM `article_type` [ RunTime:0.0036s ]
SQL: SELECT * FROM `article_type` WHERE `id` = '30'  [ RunTime:0.0003s ]

[ 2016-11-16T10:14:14+08:00 ] ::1 /think_blog/Home/Member/personCenter.html
INFO: [ app_init ] --START--
INFO: Run Behavior\BuildLiteBehavior [ RunTime:0.000024s ]
INFO: [ app_init ] --END-- [ RunTime:0.000523s ]

[ 2016-11-16T10:14:14+08:00 ] ::1 /think_blog/Home/Member/info.html
INFO: [ app_init ] --START--
INFO: Run Behavior\BuildLiteBehavior [ RunTime:0.000044s ]
INFO: [ app_init ] --END-- [ RunTime:0.000801s ]

[ 2016-11-16T10:14:16+08:00 ] ::1 /think_blog/Home/Member/personArticleType.html
INFO: [ app_init ] --START--
INFO: Run Behavior\BuildLiteBehavior [ RunTime:0.000024s ]
INFO: [ app_init ] --END-- [ RunTime:0.000555s ]

[ 2016-11-16T10:14:17+08:00 ] ::1 /think_blog/Home/ArticleType/personInfo
INFO: [ app_init ] --START--
INFO: Run Behavior\BuildLiteBehavior [ RunTime:0.000024s ]
INFO: [ app_init ] --END-- [ RunTime:0.000531s ]
INFO: [ app_begin ] --START--
INFO: Run Behavior\ReadHtmlCacheBehavior [ RunTime:0.000901s ]
INFO: [ app_begin ] --END-- [ RunTime:0.001037s ]
SQL: SHOW COLUMNS FROM `article_type` [ RunTime:0.0037s ]
SQL: SELECT * FROM `article_type` WHERE `id` = '30'  [ RunTime:0.0003s ]

[ 2016-11-16T10:14:23+08:00 ] ::1 /think_blog/Home/ArticleType/personInfo
INFO: [ app_init ] --START--
INFO: Run Behavior\BuildLiteBehavior [ RunTime:0.000023s ]
INFO: [ app_init ] --END-- [ RunTime:0.000537s ]
INFO: [ app_begin ] --START--
INFO: Run Behavior\ReadHtmlCacheBehavior [ RunTime:0.000633s ]
INFO: [ app_begin ] --END-- [ RunTime:0.000731s ]
SQL: SHOW COLUMNS FROM `article_type` [ RunTime:0.0031s ]
SQL: SELECT * FROM `article_type` WHERE `id` = '30'  [ RunTime:0.0002s ]

[ 2016-11-16T10:14:26+08:00 ] ::1 /think_blog/Home/ArticleType/personInfo
INFO: [ app_init ] --START--
INFO: Run Behavior\BuildLiteBehavior [ RunTime:0.000023s ]
INFO: [ app_init ] --END-- [ RunTime:0.000541s ]
INFO: [ app_begin ] --START--
INFO: Run Behavior\ReadHtmlCacheBehavior [ RunTime:0.000638s ]
INFO: [ app_begin ] --END-- [ RunTime:0.000756s ]
SQL: SHOW COLUMNS FROM `article_type` [ RunTime:0.0047s ]
SQL: SELECT * FROM `article_type` WHERE `id` = '30'  [ RunTime:0.0003s ]

[ 2016-11-16T10:14:29+08:00 ] ::1 /think_blog/Home/ArticleType/personInfo
INFO: [ app_init ] --START--
INFO: Run Behavior\BuildLiteBehavior [ RunTime:0.000024s ]
INFO: [ app_init ] --END-- [ RunTime:0.000520s ]
INFO: [ app_begin ] --START--
INFO: Run Behavior\ReadHtmlCacheBehavior [ RunTime:0.000634s ]
INFO: [ app_begin ] --END-- [ RunTime:0.000733s ]
SQL: SHOW COLUMNS FROM `article_type` [ RunTime:0.0045s ]
SQL: SELECT * FROM `article_type` WHERE `id` = '30'  [ RunTime:0.0003s ]

[ 2016-11-16T10:14:30+08:00 ] ::1 /think_blog/Home/ArticleType/personInfo
INFO: [ app_init ] --START--
INFO: Run Behavior\BuildLiteBehavior [ RunTime:0.000026s ]
INFO: [ app_init ] --END-- [ RunTime:0.000593s ]
INFO: [ app_begin ] --START--
INFO: Run Behavior\ReadHtmlCacheBehavior [ RunTime:0.000660s ]
INFO: [ app_begin ] --END-- [ RunTime:0.000762s ]
SQL: SHOW COLUMNS FROM `article_type` [ RunTime:0.0041s ]
SQL: SELECT * FROM `article_type` WHERE `id` = '30'  [ RunTime:0.0003s ]

[ 2016-11-16T10:15:33+08:00 ] ::1 /think_blog/Home/Member/personCenter.html
INFO: [ app_init ] --START--
INFO: Run Behavior\BuildLiteBehavior [ RunTime:0.000024s ]
INFO: [ app_init ] --END-- [ RunTime:0.000525s ]

[ 2016-11-16T10:15:33+08:00 ] ::1 /think_blog/Home/Member/info.html
INFO: [ app_init ] --START--
INFO: Run Behavior\BuildLiteBehavior [ RunTime:0.000026s ]
INFO: [ app_init ] --END-- [ RunTime:0.000464s ]

[ 2016-11-16T10:15:34+08:00 ] ::1 /think_blog/Home/Member/personArticleType.html
INFO: [ app_init ] --START--
INFO: Run Behavior\BuildLiteBehavior [ RunTime:0.000025s ]
INFO: [ app_init ] --END-- [ RunTime:0.000542s ]

[ 2016-11-16T10:15:36+08:00 ] ::1 /think_blog/Home/ArticleType/personInfo
INFO: [ app_init ] --START--
INFO: Run Behavior\BuildLiteBehavior [ RunTime:0.000026s ]
INFO: [ app_init ] --END-- [ RunTime:0.000538s ]
INFO: [ app_begin ] --START--
INFO: Run Behavior\ReadHtmlCacheBehavior [ RunTime:0.000645s ]
INFO: [ app_begin ] --END-- [ RunTime:0.000747s ]
SQL: SHOW COLUMNS FROM `article_type` [ RunTime:0.0034s ]
SQL: SELECT * FROM `article_type` WHERE `id` = '30'  [ RunTime:0.0003s ]

[ 2016-11-16T10:15:38+08:00 ] ::1 /think_blog/Home/ArticleType/personInfo
INFO: [ app_init ] --START--
INFO: Run Behavior\BuildLiteBehavior [ RunTime:0.000024s ]
INFO: [ app_init ] --END-- [ RunTime:0.000514s ]
INFO: [ app_begin ] --START--
INFO: Run Behavior\ReadHtmlCacheBehavior [ RunTime:0.000670s ]
INFO: [ app_begin ] --END-- [ RunTime:0.000770s ]
SQL: SHOW COLUMNS FROM `article_type` [ RunTime:0.0037s ]
SQL: SELECT * FROM `article_type` WHERE `id` = '30'  [ RunTime:0.0003s ]

[ 2016-11-16T10:15:41+08:00 ] ::1 /think_blog/Home/ArticleType/personInfo
INFO: [ app_init ] --START--
INFO: Run Behavior\BuildLiteBehavior [ RunTime:0.000024s ]
INFO: [ app_init ] --END-- [ RunTime:0.000523s ]
INFO: [ app_begin ] --START--
INFO: Run Behavior\ReadHtmlCacheBehavior [ RunTime:0.000588s ]
INFO: [ app_begin ] --END-- [ RunTime:0.000688s ]
SQL: SHOW COLUMNS FROM `article_type` [ RunTime:0.0041s ]
SQL: SELECT * FROM `article_type` WHERE `id` = '25'  [ RunTime:0.0003s ]

[ 2016-11-16T10:15:46+08:00 ] ::1 /think_blog/Home/ArticleType/personInfo
INFO: [ app_init ] --START--
INFO: Run Behavior\BuildLiteBehavior [ RunTime:0.000037s ]
INFO: [ app_init ] --END-- [ RunTime:0.000580s ]
INFO: [ app_begin ] --START--
INFO: Run Behavior\ReadHtmlCacheBehavior [ RunTime:0.000655s ]
INFO: [ app_begin ] --END-- [ RunTime:0.000759s ]
SQL: SHOW COLUMNS FROM `article_type` [ RunTime:0.0039s ]
SQL: SELECT * FROM `article_type` WHERE `id` = '30'  [ RunTime:0.0003s ]

[ 2016-11-16T10:15:50+08:00 ] ::1 /think_blog/Home/ArticleType/personInfo
INFO: [ app_init ] --START--
INFO: Run Behavior\BuildLiteBehavior [ RunTime:0.000023s ]
INFO: [ app_init ] --END-- [ RunTime:0.000513s ]
INFO: [ app_begin ] --START--
INFO: Run Behavior\ReadHtmlCacheBehavior [ RunTime:0.000660s ]
INFO: [ app_begin ] --END-- [ RunTime:0.000759s ]
SQL: SHOW COLUMNS FROM `article_type` [ RunTime:0.0032s ]
SQL: SELECT * FROM `article_type` WHERE `id` = '25'  [ RunTime:0.0002s ]

[ 2016-11-16T10:15:52+08:00 ] ::1 /think_blog/Home/ArticleType/personInfo
INFO: [ app_init ] --START--
INFO: Run Behavior\BuildLiteBehavior [ RunTime:0.000028s ]
INFO: [ app_init ] --END-- [ RunTime:0.000519s ]
INFO: [ app_begin ] --START--
INFO: Run Behavior\ReadHtmlCacheBehavior [ RunTime:0.000726s ]
INFO: [ app_begin ] --END-- [ RunTime:0.000926s ]
SQL: SHOW COLUMNS FROM `article_type` [ RunTime:0.0036s ]
SQL: SELECT * FROM `article_type` WHERE `id` = '25'  [ RunTime:0.0003s ]

[ 2016-11-16T10:16:35+08:00 ] ::1 /think_blog/Home/Member/personCenter.html
INFO: [ app_init ] --START--
INFO: Run Behavior\BuildLiteBehavior [ RunTime:0.000024s ]
INFO: [ app_init ] --END-- [ RunTime:0.000562s ]

[ 2016-11-16T10:16:35+08:00 ] ::1 /think_blog/Home/Member/info.html
INFO: [ app_init ] --START--
INFO: Run Behavior\BuildLiteBehavior [ RunTime:0.000039s ]
INFO: [ app_init ] --END-- [ RunTime:0.000599s ]

[ 2016-11-16T10:16:37+08:00 ] ::1 /think_blog/Home/Member/personPhoto.html
INFO: [ app_init ] --START--
INFO: Run Behavior\BuildLiteBehavior [ RunTime:0.000024s ]
INFO: [ app_init ] --END-- [ RunTime:0.000514s ]

[ 2016-11-16T10:16:38+08:00 ] ::1 /think_blog/Home/Member/personPhotoImg/photo_id/1.html
INFO: [ app_init ] --START--
INFO: Run Behavior\BuildLiteBehavior [ RunTime:0.000026s ]
INFO: [ app_init ] --END-- [ RunTime:0.000547s ]

[ 2016-11-16T10:16:40+08:00 ] ::1 /think_blog/Home/PhotoImg/personInfo
INFO: [ app_init ] --START--
INFO: Run Behavior\BuildLiteBehavior [ RunTime:0.000034s ]
INFO: [ app_init ] --END-- [ RunTime:0.000564s ]
INFO: [ app_begin ] --START--
INFO: Run Behavior\ReadHtmlCacheBehavior [ RunTime:0.000645s ]
INFO: [ app_begin ] --END-- [ RunTime:0.000746s ]
SQL: SHOW COLUMNS FROM `photo_img` [ RunTime:0.0039s ]
SQL: SELECT * FROM `photo_img` WHERE `id` = '2'  [ RunTime:0.0003s ]

[ 2016-11-16T10:16:43+08:00 ] ::1 /think_blog/Home/PhotoImg/personInfo
INFO: [ app_init ] --START--
INFO: Run Behavior\BuildLiteBehavior [ RunTime:0.000026s ]
INFO: [ app_init ] --END-- [ RunTime:0.000524s ]
INFO: [ app_begin ] --START--
INFO: Run Behavior\ReadHtmlCacheBehavior [ RunTime:0.000555s ]
INFO: [ app_begin ] --END-- [ RunTime:0.000670s ]
SQL: SHOW COLUMNS FROM `photo_img` [ RunTime:0.0038s ]
SQL: SELECT * FROM `photo_img` WHERE `id` = '2'  [ RunTime:0.0003s ]

[ 2016-11-16T10:16:45+08:00 ] ::1 /think_blog/Home/PhotoImg/personInfo
INFO: [ app_init ] --START--
INFO: Run Behavior\BuildLiteBehavior [ RunTime:0.000032s ]
INFO: [ app_init ] --END-- [ RunTime:0.000550s ]
INFO: [ app_begin ] --START--
INFO: Run Behavior\ReadHtmlCacheBehavior [ RunTime:0.000645s ]
INFO: [ app_begin ] --END-- [ RunTime:0.000751s ]
SQL: SHOW COLUMNS FROM `photo_img` [ RunTime:0.0041s ]
SQL: SELECT * FROM `photo_img` WHERE `id` = '20'  [ RunTime:0.0004s ]

[ 2016-11-16T10:16:51+08:00 ] ::1 /think_blog/Home/PhotoImg/personInfo
INFO: [ app_init ] --START--
INFO: Run Behavior\BuildLiteBehavior [ RunTime:0.000025s ]
INFO: [ app_init ] --END-- [ RunTime:0.000553s ]
INFO: [ app_begin ] --START--
INFO: Run Behavior\ReadHtmlCacheBehavior [ RunTime:0.000652s ]
INFO: [ app_begin ] --END-- [ RunTime:0.000757s ]
SQL: SHOW COLUMNS FROM `photo_img` [ RunTime:0.0042s ]
SQL: SELECT * FROM `photo_img` WHERE `id` = '20'  [ RunTime:0.0003s ]

[ 2016-11-16T10:16:54+08:00 ] ::1 /think_blog/Home/PhotoImg/personInfo
INFO: [ app_init ] --START--
INFO: Run Behavior\BuildLiteBehavior [ RunTime:0.000024s ]
INFO: [ app_init ] --END-- [ RunTime:0.000535s ]
INFO: [ app_begin ] --START--
INFO: Run Behavior\ReadHtmlCacheBehavior [ RunTime:0.000644s ]
INFO: [ app_begin ] --END-- [ RunTime:0.000758s ]
SQL: SHOW COLUMNS FROM `photo_img` [ RunTime:0.0038s ]
SQL: SELECT * FROM `photo_img` WHERE `id` = '20'  [ RunTime:0.0003s ]

[ 2016-11-16T10:17:03+08:00 ] ::1 /think_blog/Home/PhotoImg/personInfo
INFO: [ app_init ] --START--
INFO: Run Behavior\BuildLiteBehavior [ RunTime:0.000023s ]
INFO: [ app_init ] --END-- [ RunTime:0.000532s ]
INFO: [ app_begin ] --START--
INFO: Run Behavior\ReadHtmlCacheBehavior [ RunTime:0.000607s ]
INFO: [ app_begin ] --END-- [ RunTime:0.000705s ]
SQL: SHOW COLUMNS FROM `photo_img` [ RunTime:0.0038s ]
SQL: SELECT * FROM `photo_img` WHERE `id` = '33'  [ RunTime:0.0003s ]

[ 2016-11-16T10:22:54+08:00 ] ::1 /think_blog/Home/Member/personCenter.html
INFO: [ app_init ] --START--
INFO: Run Behavior\BuildLiteBehavior [ RunTime:0.000025s ]
INFO: [ app_init ] --END-- [ RunTime:0.000525s ]

[ 2016-11-16T10:22:54+08:00 ] ::1 /think_blog/Home/Member/info.html
INFO: [ app_init ] --START--
INFO: Run Behavior\BuildLiteBehavior [ RunTime:0.000025s ]
INFO: [ app_init ] --END-- [ RunTime:0.000465s ]

[ 2016-11-16T10:22:55+08:00 ] ::1 /think_blog/Home/Member/personArticle.html
INFO: [ app_init ] --START--
INFO: Run Behavior\BuildLiteBehavior [ RunTime:0.000025s ]
INFO: [ app_init ] --END-- [ RunTime:0.000522s ]

[ 2016-11-16T10:22:58+08:00 ] ::1 /think_blog/Home/Article/personInfo
INFO: [ app_init ] --START--
INFO: Run Behavior\BuildLiteBehavior [ RunTime:0.000023s ]
INFO: [ app_init ] --END-- [ RunTime:0.000526s ]
INFO: [ app_begin ] --START--
INFO: Run Behavior\ReadHtmlCacheBehavior [ RunTime:0.000642s ]
INFO: [ app_begin ] --END-- [ RunTime:0.000741s ]
SQL: SHOW COLUMNS FROM `article` [ RunTime:0.0037s ]
SQL: SHOW COLUMNS FROM `member` [ RunTime:0.0042s ]
SQL: SELECT a.id AS `article_id`,a.title AS `title`,a.content AS `content`,a.hitnum AS `hitnum`,a.create_time AS `create_time`,a.member_id AS `member_id`,m.member_name AS `member_name`,a.article_type_id AS `article_type_id`,at.article_type_name AS `article_type_name`,COUNT(ac.id) AS `article_comment_count` FROM `member` `m` LEFT JOIN article a ON a.member_id=m.id LEFT JOIN article_type at ON a.article_type_id=at.id LEFT JOIN article_comment ac ON a.id=ac.article_id  WHERE a.id = '10' GROUP BY a.id  [ RunTime:0.0004s ]

[ 2016-11-16T10:22:58+08:00 ] ::1 /think_blog/Home/ArticleType/getPersonArticleType
INFO: [ app_init ] --START--
INFO: Run Behavior\BuildLiteBehavior [ RunTime:0.000024s ]
INFO: [ app_init ] --END-- [ RunTime:0.000442s ]
INFO: [ app_begin ] --START--
INFO: Run Behavior\ReadHtmlCacheBehavior [ RunTime:0.001161s ]
INFO: [ app_begin ] --END-- [ RunTime:0.001405s ]
SQL: SHOW COLUMNS FROM `article_type` [ RunTime:0.0037s ]
SQL: SELECT `id`,`article_type_name` FROM article_type at WHERE at.member_id = '29'  [ RunTime:0.0003s ]

[ 2016-11-16T10:23:01+08:00 ] ::1 /think_blog/Home/Article/personInfo
INFO: [ app_init ] --START--
INFO: Run Behavior\BuildLiteBehavior [ RunTime:0.000024s ]
INFO: [ app_init ] --END-- [ RunTime:0.000517s ]
INFO: [ app_begin ] --START--
INFO: Run Behavior\ReadHtmlCacheBehavior [ RunTime:0.000626s ]
INFO: [ app_begin ] --END-- [ RunTime:0.000725s ]
SQL: SHOW COLUMNS FROM `article` [ RunTime:0.0042s ]
SQL: SHOW COLUMNS FROM `member` [ RunTime:0.0038s ]
SQL: SELECT a.id AS `article_id`,a.title AS `title`,a.content AS `content`,a.hitnum AS `hitnum`,a.create_time AS `create_time`,a.member_id AS `member_id`,m.member_name AS `member_name`,a.article_type_id AS `article_type_id`,at.article_type_name AS `article_type_name`,COUNT(ac.id) AS `article_comment_count` FROM `member` `m` LEFT JOIN article a ON a.member_id=m.id LEFT JOIN article_type at ON a.article_type_id=at.id LEFT JOIN article_comment ac ON a.id=ac.article_id  WHERE a.id = '12' GROUP BY a.id  [ RunTime:0.0004s ]

[ 2016-11-16T10:23:01+08:00 ] ::1 /think_blog/Home/ArticleType/getPersonArticleType
INFO: [ app_init ] --START--
INFO: Run Behavior\BuildLiteBehavior [ RunTime:0.000024s ]
INFO: [ app_init ] --END-- [ RunTime:0.000433s ]
INFO: [ app_begin ] --START--
INFO: Run Behavior\ReadHtmlCacheBehavior [ RunTime:0.000546s ]
INFO: [ app_begin ] --END-- [ RunTime:0.000648s ]
SQL: SHOW COLUMNS FROM `article_type` [ RunTime:0.0037s ]
SQL: SELECT `id`,`article_type_name` FROM article_type at WHERE at.member_id = '29'  [ RunTime:0.0003s ]

[ 2016-11-16T10:23:05+08:00 ] ::1 /think_blog/Home/Article/personInfo
INFO: [ app_init ] --START--
INFO: Run Behavior\BuildLiteBehavior [ RunTime:0.000024s ]
INFO: [ app_init ] --END-- [ RunTime:0.000511s ]
INFO: [ app_begin ] --START--
INFO: Run Behavior\ReadHtmlCacheBehavior [ RunTime:0.000689s ]
INFO: [ app_begin ] --END-- [ RunTime:0.000802s ]
SQL: SHOW COLUMNS FROM `article` [ RunTime:0.0041s ]
SQL: SHOW COLUMNS FROM `member` [ RunTime:0.0040s ]
SQL: SELECT a.id AS `article_id`,a.title AS `title`,a.content AS `content`,a.hitnum AS `hitnum`,a.create_time AS `create_time`,a.member_id AS `member_id`,m.member_name AS `member_name`,a.article_type_id AS `article_type_id`,at.article_type_name AS `article_type_name`,COUNT(ac.id) AS `article_comment_count` FROM `member` `m` LEFT JOIN article a ON a.member_id=m.id LEFT JOIN article_type at ON a.article_type_id=at.id LEFT JOIN article_comment ac ON a.id=ac.article_id  WHERE a.id = '12' GROUP BY a.id  [ RunTime:0.0004s ]

[ 2016-11-16T10:23:05+08:00 ] ::1 /think_blog/Home/ArticleType/getPersonArticleType
INFO: [ app_init ] --START--
INFO: Run Behavior\BuildLiteBehavior [ RunTime:0.000025s ]
INFO: [ app_init ] --END-- [ RunTime:0.000536s ]
INFO: [ app_begin ] --START--
INFO: Run Behavior\ReadHtmlCacheBehavior [ RunTime:0.000565s ]
INFO: [ app_begin ] --END-- [ RunTime:0.000670s ]
SQL: SHOW COLUMNS FROM `article_type` [ RunTime:0.0033s ]
SQL: SELECT `id`,`article_type_name` FROM article_type at WHERE at.member_id = '29'  [ RunTime:0.0002s ]

[ 2016-11-16T10:23:08+08:00 ] ::1 /think_blog/Home/Article/personInfo
INFO: [ app_init ] --START--
INFO: Run Behavior\BuildLiteBehavior [ RunTime:0.000026s ]
INFO: [ app_init ] --END-- [ RunTime:0.000625s ]
INFO: [ app_begin ] --START--
INFO: Run Behavior\ReadHtmlCacheBehavior [ RunTime:0.000633s ]
INFO: [ app_begin ] --END-- [ RunTime:0.000734s ]
SQL: SHOW COLUMNS FROM `article` [ RunTime:0.0039s ]
SQL: SHOW COLUMNS FROM `member` [ RunTime:0.0039s ]
SQL: SELECT a.id AS `article_id`,a.title AS `title`,a.content AS `content`,a.hitnum AS `hitnum`,a.create_time AS `create_time`,a.member_id AS `member_id`,m.member_name AS `member_name`,a.article_type_id AS `article_type_id`,at.article_type_name AS `article_type_name`,COUNT(ac.id) AS `article_comment_count` FROM `member` `m` LEFT JOIN article a ON a.member_id=m.id LEFT JOIN article_type at ON a.article_type_id=at.id LEFT JOIN article_comment ac ON a.id=ac.article_id  WHERE a.id = '12' GROUP BY a.id  [ RunTime:0.0004s ]

[ 2016-11-16T10:23:08+08:00 ] ::1 /think_blog/Home/ArticleType/getPersonArticleType
INFO: [ app_init ] --START--
INFO: Run Behavior\BuildLiteBehavior [ RunTime:0.000023s ]
INFO: [ app_init ] --END-- [ RunTime:0.000523s ]
INFO: [ app_begin ] --START--
INFO: Run Behavior\ReadHtmlCacheBehavior [ RunTime:0.000652s ]
INFO: [ app_begin ] --END-- [ RunTime:0.000766s ]
SQL: SHOW COLUMNS FROM `article_type` [ RunTime:0.0040s ]
SQL: SELECT `id`,`article_type_name` FROM article_type at WHERE at.member_id = '29'  [ RunTime:0.0003s ]

[ 2016-11-16T10:25:45+08:00 ] ::1 /think_blog/Home/Member/personCenter.html
INFO: [ app_init ] --START--
INFO: Run Behavior\BuildLiteBehavior [ RunTime:0.000036s ]
INFO: [ app_init ] --END-- [ RunTime:0.000551s ]

[ 2016-11-16T10:25:45+08:00 ] ::1 /think_blog/Home/Member/info.html
INFO: [ app_init ] --START--
INFO: Run Behavior\BuildLiteBehavior [ RunTime:0.000038s ]
INFO: [ app_init ] --END-- [ RunTime:0.000636s ]

[ 2016-11-16T10:25:46+08:00 ] ::1 /think_blog/Home/Member/personPhoto.html
INFO: [ app_init ] --START--
INFO: Run Behavior\BuildLiteBehavior [ RunTime:0.000027s ]
INFO: [ app_init ] --END-- [ RunTime:0.000941s ]

[ 2016-11-16T10:25:48+08:00 ] ::1 /think_blog/Home/Member/personPhotoImg/photo_id/1.html
INFO: [ app_init ] --START--
INFO: Run Behavior\BuildLiteBehavior [ RunTime:0.000026s ]
INFO: [ app_init ] --END-- [ RunTime:0.000558s ]

[ 2016-11-16T10:25:49+08:00 ] ::1 /think_blog/Home/PhotoImg/personInfo
INFO: [ app_init ] --START--
INFO: Run Behavior\BuildLiteBehavior [ RunTime:0.000024s ]
INFO: [ app_init ] --END-- [ RunTime:0.000521s ]
INFO: [ app_begin ] --START--
INFO: Run Behavior\ReadHtmlCacheBehavior [ RunTime:0.000604s ]
INFO: [ app_begin ] --END-- [ RunTime:0.000701s ]
SQL: SHOW COLUMNS FROM `photo_img` [ RunTime:0.0041s ]
SQL: SELECT * FROM `photo_img` WHERE `id` = '2'  [ RunTime:0.0004s ]

[ 2016-11-16T11:28:33+08:00 ] ::1 /think_blog/Home/Member/index.html
INFO: [ app_init ] --START--
INFO: Run Behavior\BuildLiteBehavior [ RunTime:0.000023s ]
INFO: [ app_init ] --END-- [ RunTime:0.000565s ]

[ 2016-11-16T11:28:36+08:00 ] ::1 /think_blog/Home/Member/friends/member_id/29/f/focus.html
INFO: [ app_init ] --START--
INFO: Run Behavior\BuildLiteBehavior [ RunTime:0.000025s ]
INFO: [ app_init ] --END-- [ RunTime:0.000557s ]

[ 2016-11-16T11:29:06+08:00 ] ::1 /think_blog/Home/Member/friends/member_id/41/f/focus.html
INFO: [ app_init ] --START--
INFO: Run Behavior\BuildLiteBehavior [ RunTime:0.000024s ]
INFO: [ app_init ] --END-- [ RunTime:0.000523s ]

[ 2016-11-16T11:30:02+08:00 ] ::1 /think_blog/?XDEBUG_SESSION_START=17741
INFO: [ app_init ] --START--
INFO: Run Behavior\BuildLiteBehavior [ RunTime:0.000115s ]
INFO: [ app_init ] --END-- [ RunTime:0.001191s ]

[ 2016-11-16T11:31:15+08:00 ] ::1 /think_blog/Home/Member/friends/member_id/41/f/focus.html
INFO: [ app_init ] --START--
INFO: Run Behavior\BuildLiteBehavior [ RunTime:0.000059s ]
INFO: [ app_init ] --END-- [ RunTime:0.000707s ]

[ 2016-11-16T11:31:30+08:00 ] ::1 /think_blog/?XDEBUG_SESSION_START=11598
INFO: [ app_init ] --START--
INFO: Run Behavior\BuildLiteBehavior [ RunTime:0.000060s ]
INFO: [ app_init ] --END-- [ RunTime:0.000705s ]

[ 2016-11-16T11:31:56+08:00 ] ::1 /think_blog/Home/Member/friends/member_id/41/f/focus.html
INFO: [ app_init ] --START--
INFO: Run Behavior\BuildLiteBehavior [ RunTime:0.000064s ]
INFO: [ app_init ] --END-- [ RunTime:0.000659s ]

[ 2016-11-16T11:32:02+08:00 ] ::1 /think_blog/?XDEBUG_SESSION_START=16389
INFO: [ app_init ] --START--
INFO: Run Behavior\BuildLiteBehavior [ RunTime:0.000061s ]
INFO: [ app_init ] --END-- [ RunTime:0.000726s ]

[ 2016-11-16T11:32:57+08:00 ] ::1 /think_blog/Home/Member/friends/member_id/41/f/focus.html
INFO: [ app_init ] --START--
INFO: Run Behavior\BuildLiteBehavior [ RunTime:0.000060s ]
INFO: [ app_init ] --END-- [ RunTime:0.000743s ]

[ 2016-11-16T11:33:02+08:00 ] ::1 /think_blog/?XDEBUG_SESSION_START=10536
INFO: [ app_init ] --START--
INFO: Run Behavior\BuildLiteBehavior [ RunTime:0.000063s ]
INFO: [ app_init ] --END-- [ RunTime:0.000647s ]

[ 2016-11-16T11:33:31+08:00 ] ::1 /think_blog/Home/Member/friends/member_id/41/f/focus.html
INFO: [ app_init ] --START--
INFO: Run Behavior\BuildLiteBehavior [ RunTime:0.000061s ]
INFO: [ app_init ] --END-- [ RunTime:0.000715s ]

[ 2016-11-16T11:35:41+08:00 ] ::1 /think_blog/Home/Member/friends/member_id/41/f/focus.html
INFO: [ app_init ] --START--
INFO: Run Behavior\BuildLiteBehavior [ RunTime:0.000036s ]
INFO: [ app_init ] --END-- [ RunTime:0.000660s ]

[ 2016-11-16T11:35:44+08:00 ] ::1 /think_blog/Home/Member/friends/member_id/41/f/focus.html
INFO: [ app_init ] --START--
INFO: Run Behavior\BuildLiteBehavior [ RunTime:0.000024s ]
INFO: [ app_init ] --END-- [ RunTime:0.000525s ]

[ 2016-11-16T11:35:48+08:00 ] ::1 /think_blog/Home/Member/friends/member_id/41/f/focus.html
INFO: [ app_init ] --START--
INFO: Run Behavior\BuildLiteBehavior [ RunTime:0.000024s ]
INFO: [ app_init ] --END-- [ RunTime:0.000531s ]

[ 2016-11-16T11:38:56+08:00 ] ::1 /think_blog/?XDEBUG_SESSION_START=15016
INFO: [ app_init ] --START--
INFO: Run Behavior\BuildLiteBehavior [ RunTime:0.000109s ]
INFO: [ app_init ] --END-- [ RunTime:0.001528s ]

[ 2016-11-16T11:40:13+08:00 ] ::1 /think_blog/Home/Member/friends/member_id/41/f/focus.html
INFO: [ app_init ] --START--
INFO: Run Behavior\BuildLiteBehavior [ RunTime:0.000061s ]
INFO: [ app_init ] --END-- [ RunTime:0.000702s ]

[ 2016-11-16T11:40:14+08:00 ] ::1 /think_blog/?XDEBUG_SESSION_START=11178
INFO: [ app_init ] --START--
INFO: Run Behavior\BuildLiteBehavior [ RunTime:0.000059s ]
INFO: [ app_init ] --END-- [ RunTime:0.000698s ]

[ 2016-11-16T11:40:50+08:00 ] ::1 /think_blog/Home/Member/friends/member_id/41/f/focus.html
INFO: [ app_init ] --START--
INFO: Run Behavior\BuildLiteBehavior [ RunTime:0.000060s ]
INFO: [ app_init ] --END-- [ RunTime:0.000708s ]

[ 2016-11-16T11:40:53+08:00 ] ::1 /think_blog/Home/Member/friends/member_id/41/f/focus.html
INFO: [ app_init ] --START--
INFO: Run Behavior\BuildLiteBehavior [ RunTime:0.000024s ]
INFO: [ app_init ] --END-- [ RunTime:0.000518s ]

[ 2016-11-16T11:41:00+08:00 ] ::1 /think_blog/?XDEBUG_SESSION_START=13971
INFO: [ app_init ] --START--
INFO: Run Behavior\BuildLiteBehavior [ RunTime:0.000066s ]
INFO: [ app_init ] --END-- [ RunTime:0.000739s ]

[ 2016-11-16T11:45:18+08:00 ] ::1 /think_blog/Home/Member/friends/member_id/41/f/focus.html
INFO: [ app_init ] --START--
INFO: Run Behavior\BuildLiteBehavior [ RunTime:0.000104s ]
INFO: [ app_init ] --END-- [ RunTime:0.001003s ]

[ 2016-11-16T11:45:36+08:00 ] ::1 /think_blog/Home/Member/friends/member_id/41/f/focus.html
INFO: [ app_init ] --START--
INFO: Run Behavior\BuildLiteBehavior [ RunTime:0.000037s ]
INFO: [ app_init ] --END-- [ RunTime:0.000604s ]

[ 2016-11-16T11:45:49+08:00 ] ::1 /think_blog/Home/Member/friends/member_id/41/f/fans.html
INFO: [ app_init ] --START--
INFO: Run Behavior\BuildLiteBehavior [ RunTime:0.000024s ]
INFO: [ app_init ] --END-- [ RunTime:0.000440s ]

[ 2016-11-16T11:46:05+08:00 ] ::1 /think_blog/Home/Member/friends/member_id/29/f/focus.html
INFO: [ app_init ] --START--
INFO: Run Behavior\BuildLiteBehavior [ RunTime:0.000023s ]
INFO: [ app_init ] --END-- [ RunTime:0.000465s ]

[ 2016-11-16T11:46:10+08:00 ] ::1 /think_blog/Home/Member/friends/member_id/29/f/fans.html
INFO: [ app_init ] --START--
INFO: Run Behavior\BuildLiteBehavior [ RunTime:0.000024s ]
INFO: [ app_init ] --END-- [ RunTime:0.000518s ]

[ 2016-11-16T13:20:42+08:00 ] ::1 /think_blog/Home/Member/friends/f/fans/member_id/29
INFO: [ app_init ] --START--
INFO: Run Behavior\BuildLiteBehavior [ RunTime:0.000040s ]
INFO: [ app_init ] --END-- [ RunTime:0.000583s ]
INFO: [ app_begin ] --START--
INFO: Run Behavior\ReadHtmlCacheBehavior [ RunTime:0.000888s ]
INFO: [ app_begin ] --END-- [ RunTime:0.001134s ]
NOTIC: [2048] Declaration of Home\Model\MemberModel::isExistsMemberId() should be compatible with Home\Model\CommonModel::isExistsMemberId($member_id = '') D:\wamp\www\think_blog\Application\Home\Model\MemberModel.class.php 第 6 行.
SQL: SHOW COLUMNS FROM `member` [ RunTime:0.0045s ]
SQL: SELECT `id` FROM `member` WHERE `id` = 29  [ RunTime:0.0004s ]
SQL: SHOW COLUMNS FROM `friends` [ RunTime:0.0040s ]
SQL: SELECT DISTINCT fans_id FROM `friends` WHERE `member_id` = 29  [ RunTime:0.0006s ]
SQL: SELECT COUNT(DISTINCT fans_id) AS count FROM `friends` WHERE `member_id` = 29  [ RunTime:0.0004s ]
SQL: SELECT m.id AS `member_id`,m.member_name AS `member_name`,m.sex AS `sex`,m.head_pic AS `head_pic`,m.hitnum AS `hitnum` FROM member m LEFT JOIN friends f ON m.id=f.member_id AND f.fans_id=29  WHERE m.id IN ('41','42','45','46','58') GROUP BY m.id LIMIT 0,20   [ RunTime:0.0004s ]
SQL: SELECT `member_id` FROM `friends` WHERE `fans_id` = 29  [ RunTime:0.0003s ]
SQL: SELECT COUNT(DISTINCT f.member_id) AS `focus_count` FROM member m LEFT JOIN friends f ON m.id=f.fans_id  WHERE m.id IN ('41','42','45','46','58') GROUP BY m.id LIMIT 0,20   [ RunTime:0.0004s ]
SQL: SELECT COUNT(DISTINCT f.fans_id) AS `fans_count` FROM member m LEFT JOIN friends f ON m.id=f.member_id  WHERE m.id IN ('41','42','45','46','58') GROUP BY m.id LIMIT 0,20   [ RunTime:0.0004s ]

[ 2016-11-16T13:20:45+08:00 ] ::1 /think_blog/Home/Member/friends/member_id/29/f/fans.html
INFO: [ app_init ] --START--
INFO: Run Behavior\BuildLiteBehavior [ RunTime:0.000024s ]
INFO: [ app_init ] --END-- [ RunTime:0.000537s ]

[ 2016-11-16T13:21:21+08:00 ] ::1 /think_blog/Home/Member/friends/f/fans/member_id/29
INFO: [ app_init ] --START--
INFO: Run Behavior\BuildLiteBehavior [ RunTime:0.000026s ]
INFO: [ app_init ] --END-- [ RunTime:0.000569s ]
INFO: [ app_begin ] --START--
INFO: Run Behavior\ReadHtmlCacheBehavior [ RunTime:0.000672s ]
INFO: [ app_begin ] --END-- [ RunTime:0.000773s ]
NOTIC: [2048] Declaration of Home\Model\MemberModel::isExistsMemberId() should be compatible with Home\Model\CommonModel::isExistsMemberId($member_id = '') D:\wamp\www\think_blog\Application\Home\Model\MemberModel.class.php 第 6 行.
SQL: SHOW COLUMNS FROM `member` [ RunTime:0.0038s ]
SQL: SELECT `id` FROM `member` WHERE `id` = 29  [ RunTime:0.0003s ]
SQL: SHOW COLUMNS FROM `friends` [ RunTime:0.0037s ]
SQL: SELECT DISTINCT fans_id FROM `friends` WHERE `member_id` = 29  [ RunTime:0.0004s ]
SQL: SELECT COUNT(DISTINCT fans_id) AS count FROM `friends` WHERE `member_id` = 29  [ RunTime:0.0003s ]
SQL: SELECT m.id AS `member_id`,m.member_name AS `member_name`,m.sex AS `sex`,m.head_pic AS `head_pic`,m.hitnum AS `hitnum` FROM member m LEFT JOIN friends f ON m.id=f.member_id AND f.fans_id=29  WHERE m.id IN ('41','42','45','46','58') GROUP BY m.id LIMIT 0,20   [ RunTime:0.0003s ]
SQL: SELECT `member_id` FROM `friends` WHERE `fans_id` = 29  [ RunTime:0.0002s ]
SQL: SELECT COUNT(DISTINCT f.member_id) AS `focus_count` FROM member m LEFT JOIN friends f ON m.id=f.fans_id  WHERE m.id IN ('41','42','45','46','58') GROUP BY m.id LIMIT 0,20   [ RunTime:0.0004s ]
SQL: SELECT COUNT(DISTINCT f.fans_id) AS `fans_count` FROM member m LEFT JOIN friends f ON m.id=f.member_id  WHERE m.id IN ('41','42','45','46','58') GROUP BY m.id LIMIT 0,20   [ RunTime:0.0003s ]

[ 2016-11-16T13:21:34+08:00 ] ::1 /think_blog/Home/Member/friends/member_id/29/f/fans.html
INFO: [ app_init ] --START--
INFO: Run Behavior\BuildLiteBehavior [ RunTime:0.000053s ]
INFO: [ app_init ] --END-- [ RunTime:0.000998s ]

[ 2016-11-16T13:21:39+08:00 ] ::1 /think_blog/Home/Member/friends/f/fans/member_id/29
INFO: [ app_init ] --START--
INFO: Run Behavior\BuildLiteBehavior [ RunTime:0.000026s ]
INFO: [ app_init ] --END-- [ RunTime:0.001013s ]
INFO: [ app_begin ] --START--
INFO: Run Behavior\ReadHtmlCacheBehavior [ RunTime:0.000671s ]
INFO: [ app_begin ] --END-- [ RunTime:0.000774s ]
NOTIC: [2048] Declaration of Home\Model\MemberModel::isExistsMemberId() should be compatible with Home\Model\CommonModel::isExistsMemberId($member_id = '') D:\wamp\www\think_blog\Application\Home\Model\MemberModel.class.php 第 6 行.
SQL: SHOW COLUMNS FROM `member` [ RunTime:0.0041s ]
SQL: SELECT `id` FROM `member` WHERE `id` = 29  [ RunTime:0.0003s ]
SQL: SHOW COLUMNS FROM `friends` [ RunTime:0.0037s ]
SQL: SELECT DISTINCT fans_id FROM `friends` WHERE `member_id` = 29  [ RunTime:0.0004s ]
SQL: SELECT COUNT(DISTINCT fans_id) AS count FROM `friends` WHERE `member_id` = 29  [ RunTime:0.0003s ]
SQL: SELECT m.id AS `member_id`,m.member_name AS `member_name`,m.sex AS `sex`,m.head_pic AS `head_pic`,m.hitnum AS `hitnum` FROM member m LEFT JOIN friends f ON m.id=f.member_id AND f.fans_id=29  WHERE m.id IN ('41','42','45','46','58') GROUP BY m.id LIMIT 0,20   [ RunTime:0.0003s ]
SQL: SELECT `member_id` FROM `friends` WHERE `fans_id` = 29  [ RunTime:0.0002s ]
SQL: SELECT COUNT(DISTINCT f.member_id) AS `focus_count` FROM member m LEFT JOIN friends f ON m.id=f.fans_id  WHERE m.id IN ('41','42','45','46','58') GROUP BY m.id LIMIT 0,20   [ RunTime:0.0004s ]
SQL: SELECT COUNT(DISTINCT f.fans_id) AS `fans_count` FROM member m LEFT JOIN friends f ON m.id=f.member_id  WHERE m.id IN ('41','42','45','46','58') GROUP BY m.id LIMIT 0,20   [ RunTime:0.0004s ]

[ 2016-11-16T13:22:00+08:00 ] ::1 /think_blog/Home/Member/friends/member_id/29/f/fans.html
INFO: [ app_init ] --START--
INFO: Run Behavior\BuildLiteBehavior [ RunTime:0.000055s ]
INFO: [ app_init ] --END-- [ RunTime:0.000939s ]

[ 2016-11-16T13:22:04+08:00 ] ::1 /think_blog/Home/Member/friends/f/fans/member_id/29
INFO: [ app_init ] --START--
INFO: Run Behavior\BuildLiteBehavior [ RunTime:0.000025s ]
INFO: [ app_init ] --END-- [ RunTime:0.000549s ]
INFO: [ app_begin ] --START--
INFO: Run Behavior\ReadHtmlCacheBehavior [ RunTime:0.000663s ]
INFO: [ app_begin ] --END-- [ RunTime:0.000765s ]
NOTIC: [2048] Declaration of Home\Model\MemberModel::isExistsMemberId() should be compatible with Home\Model\CommonModel::isExistsMemberId($member_id = '') D:\wamp\www\think_blog\Application\Home\Model\MemberModel.class.php 第 6 行.
SQL: SHOW COLUMNS FROM `member` [ RunTime:0.0038s ]
SQL: SELECT `id` FROM `member` WHERE `id` = 29  [ RunTime:0.0003s ]
SQL: SHOW COLUMNS FROM `friends` [ RunTime:0.0047s ]
SQL: SELECT DISTINCT fans_id FROM `friends` WHERE `member_id` = 29  [ RunTime:0.0004s ]
SQL: SELECT COUNT(DISTINCT fans_id) AS count FROM `friends` WHERE `member_id` = 29  [ RunTime:0.0003s ]
SQL: SELECT m.id AS `member_id`,m.member_name AS `member_name`,m.sex AS `sex`,m.head_pic AS `head_pic`,m.hitnum AS `hitnum` FROM member m LEFT JOIN friends f ON m.id=f.member_id AND f.fans_id=29  WHERE m.id IN ('41','42','45','46','58') GROUP BY m.id LIMIT 0,20   [ RunTime:0.0004s ]
SQL: SELECT `member_id` FROM `friends` WHERE `fans_id` = 29  [ RunTime:0.0002s ]
SQL: SELECT COUNT(DISTINCT f.member_id) AS `focus_count` FROM member m LEFT JOIN friends f ON m.id=f.fans_id  WHERE m.id IN ('41','42','45','46','58') GROUP BY m.id LIMIT 0,20   [ RunTime:0.0004s ]
SQL: SELECT COUNT(DISTINCT f.fans_id) AS `fans_count` FROM member m LEFT JOIN friends f ON m.id=f.member_id  WHERE m.id IN ('41','42','45','46','58') GROUP BY m.id LIMIT 0,20   [ RunTime:0.0004s ]

[ 2016-11-16T13:22:33+08:00 ] ::1 /think_blog/Home/Member/friends/member_id/29/f/fans.html
INFO: [ app_init ] --START--
INFO: Run Behavior\BuildLiteBehavior [ RunTime:0.000023s ]
INFO: [ app_init ] --END-- [ RunTime:0.000497s ]

[ 2016-11-16T13:22:35+08:00 ] ::1 /think_blog/Home/Member/friends/f/fans/member_id/29
INFO: [ app_init ] --START--
INFO: Run Behavior\BuildLiteBehavior [ RunTime:0.000026s ]
INFO: [ app_init ] --END-- [ RunTime:0.000546s ]
INFO: [ app_begin ] --START--
INFO: Run Behavior\ReadHtmlCacheBehavior [ RunTime:0.000770s ]
INFO: [ app_begin ] --END-- [ RunTime:0.000889s ]
NOTIC: [2048] Declaration of Home\Model\MemberModel::isExistsMemberId() should be compatible with Home\Model\CommonModel::isExistsMemberId($member_id = '') D:\wamp\www\think_blog\Application\Home\Model\MemberModel.class.php 第 6 行.
SQL: SHOW COLUMNS FROM `member` [ RunTime:0.0042s ]
SQL: SELECT `id` FROM `member` WHERE `id` = 29  [ RunTime:0.0003s ]
SQL: SHOW COLUMNS FROM `friends` [ RunTime:0.0039s ]
SQL: SELECT DISTINCT fans_id FROM `friends` WHERE `member_id` = 29  [ RunTime:0.0005s ]
SQL: SELECT COUNT(DISTINCT fans_id) AS count FROM `friends` WHERE `member_id` = 29  [ RunTime:0.0004s ]
SQL: SELECT m.id AS `member_id`,m.member_name AS `member_name`,m.sex AS `sex`,m.head_pic AS `head_pic`,m.hitnum AS `hitnum` FROM member m LEFT JOIN friends f ON m.id=f.member_id AND f.fans_id=29  WHERE m.id IN ('41','42','45','46','58') GROUP BY m.id LIMIT 0,20   [ RunTime:0.0004s ]
SQL: SELECT `member_id` FROM `friends` WHERE `fans_id` = 29  [ RunTime:0.0003s ]
SQL: SELECT COUNT(DISTINCT f.member_id) AS `focus_count` FROM member m LEFT JOIN friends f ON m.id=f.fans_id  WHERE m.id IN ('41','42','45','46','58') GROUP BY m.id LIMIT 0,20   [ RunTime:0.0004s ]
SQL: SELECT COUNT(DISTINCT f.fans_id) AS `fans_count` FROM member m LEFT JOIN friends f ON m.id=f.member_id  WHERE m.id IN ('41','42','45','46','58') GROUP BY m.id LIMIT 0,20   [ RunTime:0.0004s ]

[ 2016-11-16T13:23:36+08:00 ] ::1 /think_blog/Home/Member/friends/member_id/29/f/fans.html
INFO: [ app_init ] --START--
INFO: Run Behavior\BuildLiteBehavior [ RunTime:0.000024s ]
INFO: [ app_init ] --END-- [ RunTime:0.000534s ]

[ 2016-11-16T13:23:38+08:00 ] ::1 /think_blog/Home/Member/friends/f/fans/member_id/29
INFO: [ app_init ] --START--
INFO: Run Behavior\BuildLiteBehavior [ RunTime:0.000025s ]
INFO: [ app_init ] --END-- [ RunTime:0.000585s ]
INFO: [ app_begin ] --START--
INFO: Run Behavior\ReadHtmlCacheBehavior [ RunTime:0.000665s ]
INFO: [ app_begin ] --END-- [ RunTime:0.000767s ]
NOTIC: [2048] Declaration of Home\Model\MemberModel::isExistsMemberId() should be compatible with Home\Model\CommonModel::isExistsMemberId($member_id = '') D:\wamp\www\think_blog\Application\Home\Model\MemberModel.class.php 第 6 行.
SQL: SHOW COLUMNS FROM `member` [ RunTime:0.0035s ]
SQL: SELECT `id` FROM `member` WHERE `id` = 29  [ RunTime:0.0002s ]
SQL: SHOW COLUMNS FROM `friends` [ RunTime:0.0033s ]
SQL: SELECT DISTINCT fans_id FROM `friends` WHERE `member_id` = 29  [ RunTime:0.0004s ]
SQL: SELECT COUNT(DISTINCT fans_id) AS count FROM `friends` WHERE `member_id` = 29  [ RunTime:0.0003s ]
SQL: SELECT m.id AS `member_id`,m.member_name AS `member_name`,m.sex AS `sex`,m.head_pic AS `head_pic`,m.hitnum AS `hitnum` FROM member m LEFT JOIN friends f ON m.id=f.member_id AND f.fans_id=29  WHERE m.id IN ('41','42','45','46','58') GROUP BY m.id LIMIT 0,20   [ RunTime:0.0003s ]
SQL: SELECT `member_id` FROM `friends` WHERE `fans_id` = 29  [ RunTime:0.0002s ]
SQL: SELECT COUNT(DISTINCT f.member_id) AS `focus_count` FROM member m LEFT JOIN friends f ON m.id=f.fans_id  WHERE m.id IN ('41','42','45','46','58') GROUP BY m.id LIMIT 0,20   [ RunTime:0.0004s ]
SQL: SELECT COUNT(DISTINCT f.fans_id) AS `fans_count` FROM member m LEFT JOIN friends f ON m.id=f.member_id  WHERE m.id IN ('41','42','45','46','58') GROUP BY m.id LIMIT 0,20   [ RunTime:0.0004s ]

[ 2016-11-16T13:23:56+08:00 ] ::1 /think_blog/Home/Member/friends/member_id/29/f/fans.html
INFO: [ app_init ] --START--
INFO: Run Behavior\BuildLiteBehavior [ RunTime:0.000072s ]
INFO: [ app_init ] --END-- [ RunTime:0.000766s ]

[ 2016-11-16T13:23:59+08:00 ] ::1 /think_blog/Home/Member/friends/f/fans/member_id/29
INFO: [ app_init ] --START--
INFO: Run Behavior\BuildLiteBehavior [ RunTime:0.000038s ]
INFO: [ app_init ] --END-- [ RunTime:0.000852s ]
INFO: [ app_begin ] --START--
INFO: Run Behavior\ReadHtmlCacheBehavior [ RunTime:0.000702s ]
INFO: [ app_begin ] --END-- [ RunTime:0.000845s ]
NOTIC: [2048] Declaration of Home\Model\MemberModel::isExistsMemberId() should be compatible with Home\Model\CommonModel::isExistsMemberId($member_id = '') D:\wamp\www\think_blog\Application\Home\Model\MemberModel.class.php 第 6 行.
SQL: SHOW COLUMNS FROM `member` [ RunTime:0.0040s ]
SQL: SELECT `id` FROM `member` WHERE `id` = 29  [ RunTime:0.0002s ]
SQL: SHOW COLUMNS FROM `friends` [ RunTime:0.0037s ]
SQL: SELECT DISTINCT fans_id FROM `friends` WHERE `member_id` = 29  [ RunTime:0.0005s ]
SQL: SELECT COUNT(DISTINCT fans_id) AS count FROM `friends` WHERE `member_id` = 29  [ RunTime:0.0004s ]
SQL: SELECT m.id AS `member_id`,m.member_name AS `member_name`,m.sex AS `sex`,m.head_pic AS `head_pic`,m.hitnum AS `hitnum` FROM member m LEFT JOIN friends f ON m.id=f.member_id AND f.fans_id=29  WHERE m.id IN ('41','42','45','46','58') GROUP BY m.id LIMIT 0,20   [ RunTime:0.0003s ]
SQL: SELECT `member_id` FROM `friends` WHERE `fans_id` = 29  [ RunTime:0.0002s ]
SQL: SELECT COUNT(DISTINCT f.member_id) AS `focus_count` FROM member m LEFT JOIN friends f ON m.id=f.fans_id  WHERE m.id IN ('41','42','45','46','58') GROUP BY m.id LIMIT 0,20   [ RunTime:0.0004s ]
SQL: SELECT COUNT(DISTINCT f.fans_id) AS `fans_count` FROM member m LEFT JOIN friends f ON m.id=f.member_id  WHERE m.id IN ('41','42','45','46','58') GROUP BY m.id LIMIT 0,20   [ RunTime:0.0004s ]

[ 2016-11-16T13:24:27+08:00 ] ::1 /think_blog/Home/Member/friends/member_id/29/f/fans.html
INFO: [ app_init ] --START--
INFO: Run Behavior\BuildLiteBehavior [ RunTime:0.000024s ]
INFO: [ app_init ] --END-- [ RunTime:0.000532s ]

[ 2016-11-16T13:24:29+08:00 ] ::1 /think_blog/Home/Member/friends/f/fans/member_id/29
INFO: [ app_init ] --START--
INFO: Run Behavior\BuildLiteBehavior [ RunTime:0.000023s ]
INFO: [ app_init ] --END-- [ RunTime:0.000483s ]
INFO: [ app_begin ] --START--
INFO: Run Behavior\ReadHtmlCacheBehavior [ RunTime:0.001262s ]
INFO: [ app_begin ] --END-- [ RunTime:0.001495s ]
NOTIC: [2048] Declaration of Home\Model\MemberModel::isExistsMemberId() should be compatible with Home\Model\CommonModel::isExistsMemberId($member_id = '') D:\wamp\www\think_blog\Application\Home\Model\MemberModel.class.php 第 6 行.
SQL: SHOW COLUMNS FROM `member` [ RunTime:0.0050s ]
SQL: SELECT `id` FROM `member` WHERE `id` = 29  [ RunTime:0.0003s ]
SQL: SHOW COLUMNS FROM `friends` [ RunTime:0.0036s ]
SQL: SELECT DISTINCT fans_id FROM `friends` WHERE `member_id` = 29  [ RunTime:0.0005s ]
SQL: SELECT COUNT(DISTINCT fans_id) AS count FROM `friends` WHERE `member_id` = 29  [ RunTime:0.0003s ]
SQL: SELECT m.id AS `member_id`,m.member_name AS `member_name`,m.sex AS `sex`,m.head_pic AS `head_pic`,m.hitnum AS `hitnum` FROM member m LEFT JOIN friends f ON m.id=f.member_id AND f.fans_id=29  WHERE m.id IN ('41','42','45','46','58') GROUP BY m.id LIMIT 0,20   [ RunTime:0.0004s ]
SQL: SELECT `member_id` FROM `friends` WHERE `fans_id` = 29  [ RunTime:0.0002s ]
SQL: SELECT COUNT(DISTINCT f.member_id) AS `focus_count` FROM member m LEFT JOIN friends f ON m.id=f.fans_id  WHERE m.id IN ('41','42','45','46','58') GROUP BY m.id LIMIT 0,20   [ RunTime:0.0004s ]
SQL: SELECT COUNT(DISTINCT f.fans_id) AS `fans_count` FROM member m LEFT JOIN friends f ON m.id=f.member_id  WHERE m.id IN ('41','42','45','46','58') GROUP BY m.id LIMIT 0,20   [ RunTime:0.0004s ]

[ 2016-11-16T13:24:40+08:00 ] ::1 /think_blog/Home/Member/friends/member_id/29/f/fans.html
INFO: [ app_init ] --START--
INFO: Run Behavior\BuildLiteBehavior [ RunTime:0.000024s ]
INFO: [ app_init ] --END-- [ RunTime:0.000535s ]

[ 2016-11-16T13:24:46+08:00 ] ::1 /think_blog/Home/Member/personCenter.html
INFO: [ app_init ] --START--
INFO: Run Behavior\BuildLiteBehavior [ RunTime:0.000027s ]
INFO: [ app_init ] --END-- [ RunTime:0.000501s ]

[ 2016-11-16T13:24:46+08:00 ] ::1 /think_blog/Home/Member/info.html
INFO: [ app_init ] --START--
INFO: Run Behavior\BuildLiteBehavior [ RunTime:0.000025s ]
INFO: [ app_init ] --END-- [ RunTime:0.000514s ]

[ 2016-11-16T13:24:53+08:00 ] ::1 /think_blog/Home/Index/search
INFO: [ app_init ] --START--
INFO: Run Behavior\BuildLiteBehavior [ RunTime:0.000023s ]
INFO: [ app_init ] --END-- [ RunTime:0.000496s ]

[ 2016-11-16T13:25:17+08:00 ] ::1 /think_blog/Home/Index/search
INFO: [ app_init ] --START--
INFO: Run Behavior\BuildLiteBehavior [ RunTime:0.000024s ]
INFO: [ app_init ] --END-- [ RunTime:0.000543s ]

[ 2016-11-16T13:26:34+08:00 ] ::1 /think_blog/?XDEBUG_SESSION_START=19976
INFO: [ app_init ] --START--
INFO: Run Behavior\BuildLiteBehavior [ RunTime:0.000062s ]
INFO: [ app_init ] --END-- [ RunTime:0.000706s ]

[ 2016-11-16T13:29:35+08:00 ] ::1 /think_blog/Home/Index/search
INFO: [ app_init ] --START--
INFO: Run Behavior\BuildLiteBehavior [ RunTime:0.000061s ]
INFO: [ app_init ] --END-- [ RunTime:0.000703s ]

[ 2016-11-16T13:29:48+08:00 ] ::1 /think_blog/Home/Index/search
INFO: [ app_init ] --START--
INFO: Run Behavior\BuildLiteBehavior [ RunTime:0.000024s ]
INFO: [ app_init ] --END-- [ RunTime:0.000517s ]

[ 2016-11-16T13:29:54+08:00 ] ::1 /think_blog/Home/Index/search
INFO: [ app_init ] --START--
INFO: Run Behavior\BuildLiteBehavior [ RunTime:0.000025s ]
INFO: [ app_init ] --END-- [ RunTime:0.000581s ]

[ 2016-11-16T13:30:00+08:00 ] ::1 /think_blog/Home/Index/search
INFO: [ app_init ] --START--
INFO: Run Behavior\BuildLiteBehavior [ RunTime:0.000025s ]
INFO: [ app_init ] --END-- [ RunTime:0.000714s ]
INFO: [ app_begin ] --START--
INFO: Run Behavior\ReadHtmlCacheBehavior [ RunTime:0.000658s ]
INFO: [ app_begin ] --END-- [ RunTime:0.000760s ]
NOTIC: [2048] Declaration of Home\Model\MemberModel::isExistsMemberId() should be compatible with Home\Model\CommonModel::isExistsMemberId($member_id = '') D:\wamp\www\think_blog\Application\Home\Model\MemberModel.class.php 第 6 行.
SQL: SHOW COLUMNS FROM `member` [ RunTime:0.0040s ]
SQL: SELECT m.id AS `member_id`,m.member_name AS `member_name`,m.sex AS `sex`,m.head_pic AS `head_pic`,m.hitnum AS `hitnum` FROM member m LEFT JOIN friends f ON m.id=f.member_id  WHERE m.member_name LIKE '%username1%' GROUP BY m.id LIMIT 0,20   [ RunTime:0.0004s ]
SQL: SELECT COUNT(m.id) AS `count` FROM member m LEFT JOIN friends f ON m.id=f.member_id AND f.fans_id=29  WHERE `member_name` LIKE '%username1%'  [ RunTime:0.0004s ]
SQL: SHOW COLUMNS FROM `friends` [ RunTime:0.0037s ]
SQL: SELECT `member_id` FROM `friends` WHERE `fans_id` = 29  [ RunTime:0.0003s ]
SQL: SELECT COUNT(DISTINCT f.member_id) AS `focus_count` FROM member m LEFT JOIN friends f ON m.id=f.fans_id  WHERE m.id IN ('48','50','53','54','73','74','76','77','78') GROUP BY m.id LIMIT 0,20   [ RunTime:0.0004s ]
SQL: SELECT COUNT(DISTINCT f.fans_id) AS `fans_count` FROM member m LEFT JOIN friends f ON m.id=f.member_id  WHERE m.id IN ('48','50','53','54','73','74','76','77','78') GROUP BY m.id LIMIT 0,20   [ RunTime:0.0004s ]

[ 2016-11-16T13:30:03+08:00 ] ::1 /think_blog/Home/Index/search
INFO: [ app_init ] --START--
INFO: Run Behavior\BuildLiteBehavior [ RunTime:0.000025s ]
INFO: [ app_init ] --END-- [ RunTime:0.000555s ]
INFO: [ app_begin ] --START--
INFO: Run Behavior\ReadHtmlCacheBehavior [ RunTime:0.000658s ]
INFO: [ app_begin ] --END-- [ RunTime:0.000759s ]
NOTIC: [2048] Declaration of Home\Model\MemberModel::isExistsMemberId() should be compatible with Home\Model\CommonModel::isExistsMemberId($member_id = '') D:\wamp\www\think_blog\Application\Home\Model\MemberModel.class.php 第 6 行.
SQL: SHOW COLUMNS FROM `member` [ RunTime:0.0044s ]
SQL: SELECT m.id AS `member_id`,m.member_name AS `member_name`,m.sex AS `sex`,m.head_pic AS `head_pic`,m.hitnum AS `hitnum` FROM member m LEFT JOIN friends f ON m.id=f.member_id  WHERE m.member_name LIKE '%username1%' GROUP BY m.id LIMIT 0,40   [ RunTime:0.0004s ]
SQL: SELECT COUNT(m.id) AS `count` FROM member m LEFT JOIN friends f ON m.id=f.member_id AND f.fans_id=29  WHERE `member_name` LIKE '%username1%'  [ RunTime:0.0003s ]
SQL: SHOW COLUMNS FROM `friends` [ RunTime:0.0041s ]
SQL: SELECT `member_id` FROM `friends` WHERE `fans_id` = 29  [ RunTime:0.0003s ]
SQL: SELECT COUNT(DISTINCT f.member_id) AS `focus_count` FROM member m LEFT JOIN friends f ON m.id=f.fans_id  WHERE m.id IN ('48','50','53','54','73','74','76','77','78') GROUP BY m.id LIMIT 0,40   [ RunTime:0.0004s ]
SQL: SELECT COUNT(DISTINCT f.fans_id) AS `fans_count` FROM member m LEFT JOIN friends f ON m.id=f.member_id  WHERE m.id IN ('48','50','53','54','73','74','76','77','78') GROUP BY m.id LIMIT 0,40   [ RunTime:0.0004s ]

[ 2016-11-16T13:31:23+08:00 ] ::1 /think_blog/Home/Index/search
INFO: [ app_init ] --START--
INFO: Run Behavior\BuildLiteBehavior [ RunTime:0.000024s ]
INFO: [ app_init ] --END-- [ RunTime:0.000568s ]

[ 2016-11-16T13:31:26+08:00 ] ::1 /think_blog/Home/Index/search
INFO: [ app_init ] --START--
INFO: Run Behavior\BuildLiteBehavior [ RunTime:0.000023s ]
INFO: [ app_init ] --END-- [ RunTime:0.000560s ]
INFO: [ app_begin ] --START--
INFO: Run Behavior\ReadHtmlCacheBehavior [ RunTime:0.000652s ]
INFO: [ app_begin ] --END-- [ RunTime:0.000779s ]
NOTIC: [2048] Declaration of Home\Model\MemberModel::isExistsMemberId() should be compatible with Home\Model\CommonModel::isExistsMemberId($member_id = '') D:\wamp\www\think_blog\Application\Home\Model\MemberModel.class.php 第 6 行.
SQL: SHOW COLUMNS FROM `member` [ RunTime:0.0037s ]
SQL: SELECT m.id AS `member_id`,m.member_name AS `member_name`,m.sex AS `sex`,m.head_pic AS `head_pic`,m.hitnum AS `hitnum` FROM member m LEFT JOIN friends f ON m.id=f.member_id  WHERE m.member_name LIKE '%username1%' GROUP BY m.id LIMIT 0,50   [ RunTime:0.0004s ]
SQL: SELECT COUNT(m.id) AS `count` FROM member m LEFT JOIN friends f ON m.id=f.member_id AND f.fans_id=29  WHERE `member_name` LIKE '%username1%'  [ RunTime:0.0003s ]
SQL: SHOW COLUMNS FROM `friends` [ RunTime:0.0041s ]
SQL: SELECT `member_id` FROM `friends` WHERE `fans_id` = 29  [ RunTime:0.0003s ]
SQL: SELECT COUNT(DISTINCT f.member_id) AS `focus_count` FROM member m LEFT JOIN friends f ON m.id=f.fans_id  WHERE m.id IN ('48','50','53','54','73','74','76','77','78') GROUP BY m.id LIMIT 0,50   [ RunTime:0.0004s ]
SQL: SELECT COUNT(DISTINCT f.fans_id) AS `fans_count` FROM member m LEFT JOIN friends f ON m.id=f.member_id  WHERE m.id IN ('48','50','53','54','73','74','76','77','78') GROUP BY m.id LIMIT 0,50   [ RunTime:0.0004s ]

[ 2016-11-16T13:31:29+08:00 ] ::1 /think_blog/Home/Index/search
INFO: [ app_init ] --START--
INFO: Run Behavior\BuildLiteBehavior [ RunTime:0.000031s ]
INFO: [ app_init ] --END-- [ RunTime:0.000506s ]
INFO: [ app_begin ] --START--
INFO: Run Behavior\ReadHtmlCacheBehavior [ RunTime:0.000626s ]
INFO: [ app_begin ] --END-- [ RunTime:0.000733s ]
NOTIC: [2048] Declaration of Home\Model\MemberModel::isExistsMemberId() should be compatible with Home\Model\CommonModel::isExistsMemberId($member_id = '') D:\wamp\www\think_blog\Application\Home\Model\MemberModel.class.php 第 6 行.
SQL: SHOW COLUMNS FROM `member` [ RunTime:0.0042s ]
SQL: SELECT m.id AS `member_id`,m.member_name AS `member_name`,m.sex AS `sex`,m.head_pic AS `head_pic`,m.hitnum AS `hitnum` FROM member m LEFT JOIN friends f ON m.id=f.member_id  WHERE m.member_name LIKE '%username1%' GROUP BY m.id LIMIT 0,20   [ RunTime:0.0008s ]
SQL: SELECT COUNT(m.id) AS `count` FROM member m LEFT JOIN friends f ON m.id=f.member_id AND f.fans_id=29  WHERE `member_name` LIKE '%username1%'  [ RunTime:0.0004s ]
SQL: SHOW COLUMNS FROM `friends` [ RunTime:0.0039s ]
SQL: SELECT `member_id` FROM `friends` WHERE `fans_id` = 29  [ RunTime:0.0003s ]
SQL: SELECT COUNT(DISTINCT f.member_id) AS `focus_count` FROM member m LEFT JOIN friends f ON m.id=f.fans_id  WHERE m.id IN ('48','50','53','54','73','74','76','77','78') GROUP BY m.id LIMIT 0,20   [ RunTime:0.0005s ]
SQL: SELECT COUNT(DISTINCT f.fans_id) AS `fans_count` FROM member m LEFT JOIN friends f ON m.id=f.member_id  WHERE m.id IN ('48','50','53','54','73','74','76','77','78') GROUP BY m.id LIMIT 0,20   [ RunTime:0.0004s ]

[ 2016-11-16T13:31:32+08:00 ] ::1 /think_blog/Home/Index/search
INFO: [ app_init ] --START--
INFO: Run Behavior\BuildLiteBehavior [ RunTime:0.000040s ]
INFO: [ app_init ] --END-- [ RunTime:0.000587s ]

[ 2016-11-16T13:43:51+08:00 ] ::1 /think_blog/Home/Member/personCenter.html
INFO: [ app_init ] --START--
INFO: Run Behavior\BuildLiteBehavior [ RunTime:0.000026s ]
INFO: [ app_init ] --END-- [ RunTime:0.000567s ]

[ 2016-11-16T13:43:52+08:00 ] ::1 /think_blog/Home/Member/info.html
INFO: [ app_init ] --START--
INFO: Run Behavior\BuildLiteBehavior [ RunTime:0.000024s ]
INFO: [ app_init ] --END-- [ RunTime:0.000548s ]

[ 2016-11-16T13:43:54+08:00 ] ::1 /think_blog/Home/Member/personPhoto.html
INFO: [ app_init ] --START--
INFO: Run Behavior\BuildLiteBehavior [ RunTime:0.000024s ]
INFO: [ app_init ] --END-- [ RunTime:0.000506s ]

[ 2016-11-16T13:43:56+08:00 ] ::1 /think_blog/Home/Member/personPhotoImg/photo_id/1.html
INFO: [ app_init ] --START--
INFO: Run Behavior\BuildLiteBehavior [ RunTime:0.000024s ]
INFO: [ app_init ] --END-- [ RunTime:0.000544s ]

[ 2016-11-16T13:44:00+08:00 ] ::1 /think_blog/Home/Member/personPhotoImg
INFO: [ app_init ] --START--
INFO: Run Behavior\BuildLiteBehavior [ RunTime:0.000022s ]
INFO: [ app_init ] --END-- [ RunTime:0.000529s ]
INFO: [ app_begin ] --START--
INFO: Run Behavior\ReadHtmlCacheBehavior [ RunTime:0.000620s ]
INFO: [ app_begin ] --END-- [ RunTime:0.000718s ]
SQL: SHOW COLUMNS FROM `photo_img` [ RunTime:0.0444s ]
SQL: SELECT pi.id AS `id`,pi.img_title AS `img_title`,pi.img_src AS `img_src` FROM photo_img pi LEFT JOIN photo p ON pi.photo_id=p.id  WHERE pi.photo_id = '1' LIMIT 10,10   [ RunTime:0.0004s ]
SQL: SELECT COUNT(pi.id) AS `count` FROM photo_img pi LEFT JOIN photo p ON pi.photo_id=p.id  WHERE pi.photo_id = '1'  [ RunTime:0.0002s ]

[ 2016-11-16T13:44:01+08:00 ] ::1 /think_blog/Home/Member/personPhotoImg
INFO: [ app_init ] --START--
INFO: Run Behavior\BuildLiteBehavior [ RunTime:0.000023s ]
INFO: [ app_init ] --END-- [ RunTime:0.000529s ]
INFO: [ app_begin ] --START--
INFO: Run Behavior\ReadHtmlCacheBehavior [ RunTime:0.000658s ]
INFO: [ app_begin ] --END-- [ RunTime:0.000770s ]
SQL: SHOW COLUMNS FROM `photo_img` [ RunTime:0.0036s ]
SQL: SELECT pi.id AS `id`,pi.img_title AS `img_title`,pi.img_src AS `img_src` FROM photo_img pi LEFT JOIN photo p ON pi.photo_id=p.id  WHERE pi.photo_id = '1' LIMIT 0,10   [ RunTime:0.0004s ]
SQL: SELECT COUNT(pi.id) AS `count` FROM photo_img pi LEFT JOIN photo p ON pi.photo_id=p.id  WHERE pi.photo_id = '1'  [ RunTime:0.0002s ]

[ 2016-11-16T13:45:56+08:00 ] ::1 /think_blog/Home/Member/personCenter.html
INFO: [ app_init ] --START--
INFO: Run Behavior\BuildLiteBehavior [ RunTime:0.000026s ]
INFO: [ app_init ] --END-- [ RunTime:0.000552s ]

[ 2016-11-16T13:45:57+08:00 ] ::1 /think_blog/Home/Member/info.html
INFO: [ app_init ] --START--
INFO: Run Behavior\BuildLiteBehavior [ RunTime:0.000045s ]
INFO: [ app_init ] --END-- [ RunTime:0.000791s ]

[ 2016-11-16T13:45:58+08:00 ] ::1 /think_blog/Home/Member/personCenter.html
INFO: [ app_init ] --START--
INFO: Run Behavior\BuildLiteBehavior [ RunTime:0.000050s ]
INFO: [ app_init ] --END-- [ RunTime:0.000662s ]

[ 2016-11-16T13:45:58+08:00 ] ::1 /think_blog/Home/Member/info.html
INFO: [ app_init ] --START--
INFO: Run Behavior\BuildLiteBehavior [ RunTime:0.000023s ]
INFO: [ app_init ] --END-- [ RunTime:0.000497s ]

[ 2016-11-16T13:45:59+08:00 ] ::1 /think_blog/Home/Member/personPhoto.html
INFO: [ app_init ] --START--
INFO: Run Behavior\BuildLiteBehavior [ RunTime:0.000023s ]
INFO: [ app_init ] --END-- [ RunTime:0.000458s ]

[ 2016-11-16T13:46:01+08:00 ] ::1 /think_blog/Home/Member/personPhotoImg/photo_id/1.html
INFO: [ app_init ] --START--
INFO: Run Behavior\BuildLiteBehavior [ RunTime:0.000041s ]
INFO: [ app_init ] --END-- [ RunTime:0.000771s ]

[ 2016-11-16T13:46:02+08:00 ] ::1 /think_blog/Home/Member/personPhotoImg
INFO: [ app_init ] --START--
INFO: Run Behavior\BuildLiteBehavior [ RunTime:0.000023s ]
INFO: [ app_init ] --END-- [ RunTime:0.000544s ]
INFO: [ app_begin ] --START--
INFO: Run Behavior\ReadHtmlCacheBehavior [ RunTime:0.000638s ]
INFO: [ app_begin ] --END-- [ RunTime:0.000734s ]
SQL: SHOW COLUMNS FROM `photo_img` [ RunTime:0.0041s ]
SQL: SELECT pi.id AS `id`,pi.img_title AS `img_title`,pi.img_src AS `img_src` FROM photo_img pi LEFT JOIN photo p ON pi.photo_id=p.id  WHERE pi.photo_id = '1' LIMIT 10,10   [ RunTime:0.0004s ]
SQL: SELECT COUNT(pi.id) AS `count` FROM photo_img pi LEFT JOIN photo p ON pi.photo_id=p.id  WHERE pi.photo_id = '1'  [ RunTime:0.0003s ]

[ 2016-11-16T13:56:37+08:00 ] ::1 /think_blog/Home/Member/personPhotoImg/photo_id/1.html
INFO: [ app_init ] --START--
INFO: Run Behavior\BuildLiteBehavior [ RunTime:0.000023s ]
INFO: [ app_init ] --END-- [ RunTime:0.000523s ]

[ 2016-11-16T13:56:53+08:00 ] ::1 /think_blog/Home/Member/personPhotoImg
INFO: [ app_init ] --START--
INFO: Run Behavior\BuildLiteBehavior [ RunTime:0.000023s ]
INFO: [ app_init ] --END-- [ RunTime:0.000534s ]
INFO: [ app_begin ] --START--
INFO: Run Behavior\ReadHtmlCacheBehavior [ RunTime:0.000617s ]
INFO: [ app_begin ] --END-- [ RunTime:0.000715s ]
SQL: SHOW COLUMNS FROM `photo_img` [ RunTime:0.0043s ]
SQL: SELECT pi.id AS `id`,pi.img_title AS `img_title`,pi.img_src AS `img_src` FROM photo_img pi LEFT JOIN photo p ON pi.photo_id=p.id  WHERE pi.photo_id = '1' LIMIT 10,10   [ RunTime:0.0004s ]
SQL: SELECT COUNT(pi.id) AS `count` FROM photo_img pi LEFT JOIN photo p ON pi.photo_id=p.id  WHERE pi.photo_id = '1'  [ RunTime:0.0003s ]

