[ 2016-11-12T15:36:32+08:00 ] ::1 /think_blog/
INFO: [ app_init ] --START--
INFO: Run Behavior\BuildLiteBehavior [ RunTime:0.000033s ]
INFO: [ app_init ] --END-- [ RunTime:0.001648s ]

[ 2016-11-12T15:38:21+08:00 ] ::1 /think_blog/
INFO: [ app_init ] --START--
INFO: Run Behavior\BuildLiteBehavior [ RunTime:0.000026s ]
INFO: [ app_init ] --END-- [ RunTime:0.000668s ]

[ 2016-11-12T15:51:38+08:00 ] ::1 /think_blog/
INFO: [ app_init ] --START--
INFO: Run Behavior\BuildLiteBehavior [ RunTime:0.000025s ]
INFO: [ app_init ] --END-- [ RunTime:0.000445s ]

[ 2016-11-12T15:51:40+08:00 ] ::1 /think_blog/
INFO: [ app_init ] --START--
INFO: Run Behavior\BuildLiteBehavior [ RunTime:0.000024s ]
INFO: [ app_init ] --END-- [ RunTime:0.000408s ]

[ 2016-11-12T15:51:40+08:00 ] ::1 /think_blog/
INFO: [ app_init ] --START--
INFO: Run Behavior\BuildLiteBehavior [ RunTime:0.000023s ]
INFO: [ app_init ] --END-- [ RunTime:0.000412s ]

[ 2016-11-12T15:51:56+08:00 ] ::1 /think_blog/
INFO: [ app_init ] --START--
INFO: Run Behavior\BuildLiteBehavior [ RunTime:0.000039s ]
INFO: [ app_init ] --END-- [ RunTime:0.000620s ]

[ 2016-11-12T15:52:00+08:00 ] ::1 /think_blog/
INFO: [ app_init ] --START--
INFO: Run Behavior\BuildLiteBehavior [ RunTime:0.000029s ]
INFO: [ app_init ] --END-- [ RunTime:0.000479s ]

[ 2016-11-12T16:00:05+08:00 ] ::1 /think_blog/
INFO: [ app_init ] --START--
INFO: Run Behavior\BuildLiteBehavior [ RunTime:0.000024s ]
INFO: [ app_init ] --END-- [ RunTime:0.000414s ]

[ 2016-11-12T16:00:27+08:00 ] ::1 /think_blog/
INFO: [ app_init ] --START--
INFO: Run Behavior\BuildLiteBehavior [ RunTime:0.000020s ]
INFO: [ app_init ] --END-- [ RunTime:0.000351s ]

[ 2016-11-12T16:00:28+08:00 ] ::1 /think_blog/
INFO: [ app_init ] --START--
INFO: Run Behavior\BuildLiteBehavior [ RunTime:0.000024s ]
INFO: [ app_init ] --END-- [ RunTime:0.000429s ]

[ 2016-11-12T16:00:29+08:00 ] ::1 /think_blog/
INFO: [ app_init ] --START--
INFO: Run Behavior\BuildLiteBehavior [ RunTime:0.000024s ]
INFO: [ app_init ] --END-- [ RunTime:0.000411s ]

[ 2016-11-12T16:00:30+08:00 ] ::1 /think_blog/
INFO: [ app_init ] --START--
INFO: Run Behavior\BuildLiteBehavior [ RunTime:0.000024s ]
INFO: [ app_init ] --END-- [ RunTime:0.000413s ]

[ 2016-11-12T16:00:31+08:00 ] ::1 /think_blog/
INFO: [ app_init ] --START--
INFO: Run Behavior\BuildLiteBehavior [ RunTime:0.000019s ]
INFO: [ app_init ] --END-- [ RunTime:0.000333s ]

[ 2016-11-12T16:00:31+08:00 ] ::1 /think_blog/
INFO: [ app_init ] --START--
INFO: Run Behavior\BuildLiteBehavior [ RunTime:0.000020s ]
INFO: [ app_init ] --END-- [ RunTime:0.000372s ]

[ 2016-11-12T16:00:32+08:00 ] ::1 /think_blog/
INFO: [ app_init ] --START--
INFO: Run Behavior\BuildLiteBehavior [ RunTime:0.000037s ]
INFO: [ app_init ] --END-- [ RunTime:0.000397s ]

[ 2016-11-12T16:00:33+08:00 ] ::1 /think_blog/
INFO: [ app_init ] --START--
INFO: Run Behavior\BuildLiteBehavior [ RunTime:0.000020s ]
INFO: [ app_init ] --END-- [ RunTime:0.000336s ]

[ 2016-11-12T16:00:34+08:00 ] ::1 /think_blog/
INFO: [ app_init ] --START--
INFO: Run Behavior\BuildLiteBehavior [ RunTime:0.000021s ]
INFO: [ app_init ] --END-- [ RunTime:0.000359s ]

[ 2016-11-12T16:00:35+08:00 ] ::1 /think_blog/
INFO: [ app_init ] --START--
INFO: Run Behavior\BuildLiteBehavior [ RunTime:0.000024s ]
INFO: [ app_init ] --END-- [ RunTime:0.000424s ]

[ 2016-11-12T16:00:35+08:00 ] ::1 /think_blog/
INFO: [ app_init ] --START--
INFO: Run Behavior\BuildLiteBehavior [ RunTime:0.000042s ]
INFO: [ app_init ] --END-- [ RunTime:0.000501s ]

[ 2016-11-12T16:00:36+08:00 ] ::1 /think_blog/
INFO: [ app_init ] --START--
INFO: Run Behavior\BuildLiteBehavior [ RunTime:0.000023s ]
INFO: [ app_init ] --END-- [ RunTime:0.000403s ]

[ 2016-11-12T16:07:51+08:00 ] ::1 /think_blog/index.php
INFO: [ app_init ] --START--
INFO: Run Behavior\BuildLiteBehavior [ RunTime:0.000026s ]
INFO: [ app_init ] --END-- [ RunTime:0.000496s ]

[ 2016-11-12T17:36:59+08:00 ] ::1 /think_blog/Home/Member/login.html
INFO: [ app_init ] --START--
INFO: Run Behavior\BuildLiteBehavior [ RunTime:0.000035s ]
INFO: [ app_init ] --END-- [ RunTime:0.000677s ]

[ 2016-11-12T17:38:36+08:00 ] ::1 /think_blog/Home/Member/login.html
INFO: [ app_init ] --START--
INFO: Run Behavior\BuildLiteBehavior [ RunTime:0.000035s ]
INFO: [ app_init ] --END-- [ RunTime:0.000616s ]

[ 2016-11-12T17:38:37+08:00 ] ::1 /think_blog/Home/Member/login.html
INFO: [ app_init ] --START--
INFO: Run Behavior\BuildLiteBehavior [ RunTime:0.000033s ]
INFO: [ app_init ] --END-- [ RunTime:0.000579s ]

[ 2016-11-12T17:38:37+08:00 ] ::1 /think_blog/Home/Member/login.html
INFO: [ app_init ] --START--
INFO: Run Behavior\BuildLiteBehavior [ RunTime:0.000029s ]
INFO: [ app_init ] --END-- [ RunTime:0.000519s ]

[ 2016-11-12T17:38:37+08:00 ] ::1 /think_blog/Home/Member/login.html
INFO: [ app_init ] --START--
INFO: Run Behavior\BuildLiteBehavior [ RunTime:0.000026s ]
INFO: [ app_init ] --END-- [ RunTime:0.000443s ]

[ 2016-11-12T17:38:37+08:00 ] ::1 /think_blog/Home/Member/login.html
INFO: [ app_init ] --START--
INFO: Run Behavior\BuildLiteBehavior [ RunTime:0.000020s ]
INFO: [ app_init ] --END-- [ RunTime:0.000369s ]

[ 2016-11-12T17:38:38+08:00 ] ::1 /think_blog/Home/Member/login.html
INFO: [ app_init ] --START--
INFO: Run Behavior\BuildLiteBehavior [ RunTime:0.000021s ]
INFO: [ app_init ] --END-- [ RunTime:0.000341s ]

[ 2016-11-12T17:38:38+08:00 ] ::1 /think_blog/Home/Member/login.html
INFO: [ app_init ] --START--
INFO: Run Behavior\BuildLiteBehavior [ RunTime:0.000021s ]
INFO: [ app_init ] --END-- [ RunTime:0.000358s ]

[ 2016-11-12T17:38:38+08:00 ] ::1 /think_blog/Home/Member/login.html
INFO: [ app_init ] --START--
INFO: Run Behavior\BuildLiteBehavior [ RunTime:0.000024s ]
INFO: [ app_init ] --END-- [ RunTime:0.000390s ]

[ 2016-11-12T17:38:39+08:00 ] ::1 /think_blog/Home/Member/login.html
INFO: [ app_init ] --START--
INFO: Run Behavior\BuildLiteBehavior [ RunTime:0.000037s ]
INFO: [ app_init ] --END-- [ RunTime:0.000672s ]

[ 2016-11-12T17:38:39+08:00 ] ::1 /think_blog/Home/Member/login.html
INFO: [ app_init ] --START--
INFO: Run Behavior\BuildLiteBehavior [ RunTime:0.000041s ]
INFO: [ app_init ] --END-- [ RunTime:0.000764s ]

[ 2016-11-12T17:38:39+08:00 ] ::1 /think_blog/Home/Member/login.html
INFO: [ app_init ] --START--
INFO: Run Behavior\BuildLiteBehavior [ RunTime:0.000020s ]
INFO: [ app_init ] --END-- [ RunTime:0.000347s ]

[ 2016-11-12T17:38:39+08:00 ] ::1 /think_blog/Home/Member/login.html
INFO: [ app_init ] --START--
INFO: Run Behavior\BuildLiteBehavior [ RunTime:0.000025s ]
INFO: [ app_init ] --END-- [ RunTime:0.000395s ]

[ 2016-11-12T17:38:39+08:00 ] ::1 /think_blog/Home/Member/login.html
INFO: [ app_init ] --START--
INFO: Run Behavior\BuildLiteBehavior [ RunTime:0.000099s ]
INFO: [ app_init ] --END-- [ RunTime:0.001724s ]

[ 2016-11-12T17:38:40+08:00 ] ::1 /think_blog/Home/Member/login.html
INFO: [ app_init ] --START--
INFO: Run Behavior\BuildLiteBehavior [ RunTime:0.000023s ]
INFO: [ app_init ] --END-- [ RunTime:0.000461s ]

[ 2016-11-12T17:38:40+08:00 ] ::1 /think_blog/Home/Member/login.html
INFO: [ app_init ] --START--
INFO: Run Behavior\BuildLiteBehavior [ RunTime:0.000022s ]
INFO: [ app_init ] --END-- [ RunTime:0.000372s ]

[ 2016-11-12T17:39:05+08:00 ] ::1 /think_blog/Home/Member/login.html
INFO: [ app_init ] --START--
INFO: Run Behavior\BuildLiteBehavior [ RunTime:0.000019s ]
INFO: [ app_init ] --END-- [ RunTime:0.000385s ]

[ 2016-11-12T17:39:06+08:00 ] ::1 /think_blog/Home/Member/login.html
INFO: [ app_init ] --START--
INFO: Run Behavior\BuildLiteBehavior [ RunTime:0.000023s ]
INFO: [ app_init ] --END-- [ RunTime:0.000405s ]

[ 2016-11-12T17:39:07+08:00 ] ::1 /think_blog/Home/Member/login.html
INFO: [ app_init ] --START--
INFO: Run Behavior\BuildLiteBehavior [ RunTime:0.000024s ]
INFO: [ app_init ] --END-- [ RunTime:0.000410s ]

[ 2016-11-12T17:39:07+08:00 ] ::1 /think_blog/Home/Member/login.html
INFO: [ app_init ] --START--
INFO: Run Behavior\BuildLiteBehavior [ RunTime:0.000022s ]
INFO: [ app_init ] --END-- [ RunTime:0.000403s ]

[ 2016-11-12T17:39:08+08:00 ] ::1 /think_blog/Home/Member/login.html
INFO: [ app_init ] --START--
INFO: Run Behavior\BuildLiteBehavior [ RunTime:0.000023s ]
INFO: [ app_init ] --END-- [ RunTime:0.000419s ]

[ 2016-11-12T17:39:36+08:00 ] ::1 /think_blog/Home/Member/login.html
INFO: [ app_init ] --START--
INFO: Run Behavior\BuildLiteBehavior [ RunTime:0.000024s ]
INFO: [ app_init ] --END-- [ RunTime:0.000479s ]

[ 2016-11-12T17:39:38+08:00 ] ::1 /think_blog/Home/Member/login.html
INFO: [ app_init ] --START--
INFO: Run Behavior\BuildLiteBehavior [ RunTime:0.000060s ]
INFO: [ app_init ] --END-- [ RunTime:0.000511s ]

[ 2016-11-12T17:39:38+08:00 ] ::1 /think_blog/Home/Member/login.html
INFO: [ app_init ] --START--
INFO: Run Behavior\BuildLiteBehavior [ RunTime:0.000023s ]
INFO: [ app_init ] --END-- [ RunTime:0.000413s ]

[ 2016-11-12T17:39:58+08:00 ] ::1 /think_blog/Home/Member/login.html
INFO: [ app_init ] --START--
INFO: Run Behavior\BuildLiteBehavior [ RunTime:0.000023s ]
INFO: [ app_init ] --END-- [ RunTime:0.000408s ]

[ 2016-11-12T17:39:59+08:00 ] ::1 /think_blog/Home/Member/login.html
INFO: [ app_init ] --START--
INFO: Run Behavior\BuildLiteBehavior [ RunTime:0.000024s ]
INFO: [ app_init ] --END-- [ RunTime:0.000437s ]

[ 2016-11-12T17:40:32+08:00 ] ::1 /think_blog/Home/Member/login.html
INFO: [ app_init ] --START--
INFO: Run Behavior\BuildLiteBehavior [ RunTime:0.000025s ]
INFO: [ app_init ] --END-- [ RunTime:0.000429s ]

[ 2016-11-12T17:40:32+08:00 ] ::1 /think_blog/Home/Member/login.html
INFO: [ app_init ] --START--
INFO: Run Behavior\BuildLiteBehavior [ RunTime:0.000023s ]
INFO: [ app_init ] --END-- [ RunTime:0.000406s ]

[ 2016-11-12T17:40:50+08:00 ] ::1 /think_blog/Home/Member/login.html
INFO: [ app_init ] --START--
INFO: Run Behavior\BuildLiteBehavior [ RunTime:0.000025s ]
INFO: [ app_init ] --END-- [ RunTime:0.000451s ]

[ 2016-11-12T17:41:06+08:00 ] ::1 /think_blog/Home/Member/login.html
INFO: [ app_init ] --START--
INFO: Run Behavior\BuildLiteBehavior [ RunTime:0.000021s ]
INFO: [ app_init ] --END-- [ RunTime:0.000376s ]

[ 2016-11-12T17:41:40+08:00 ] ::1 /think_blog/Home/Member/login.html
INFO: [ app_init ] --START--
INFO: Run Behavior\BuildLiteBehavior [ RunTime:0.000027s ]
INFO: [ app_init ] --END-- [ RunTime:0.000521s ]

[ 2016-11-12T17:41:40+08:00 ] ::1 /think_blog/Home/Member/getVerify.html
INFO: [ app_init ] --START--
INFO: Run Behavior\BuildLiteBehavior [ RunTime:0.000023s ]
INFO: [ app_init ] --END-- [ RunTime:0.000370s ]

[ 2016-11-12T17:41:42+08:00 ] ::1 /think_blog/Home/Member/login.html
INFO: [ app_init ] --START--
INFO: Run Behavior\BuildLiteBehavior [ RunTime:0.000023s ]
INFO: [ app_init ] --END-- [ RunTime:0.000404s ]

[ 2016-11-12T17:41:42+08:00 ] ::1 /think_blog/Home/Member/getVerify.html
INFO: [ app_init ] --START--
INFO: Run Behavior\BuildLiteBehavior [ RunTime:0.000022s ]
INFO: [ app_init ] --END-- [ RunTime:0.000361s ]

[ 2016-11-12T17:41:43+08:00 ] ::1 /think_blog/Home/Member/login.html
INFO: [ app_init ] --START--
INFO: Run Behavior\BuildLiteBehavior [ RunTime:0.000025s ]
INFO: [ app_init ] --END-- [ RunTime:0.000430s ]

[ 2016-11-12T17:41:43+08:00 ] ::1 /think_blog/Home/Member/getVerify.html
INFO: [ app_init ] --START--
INFO: Run Behavior\BuildLiteBehavior [ RunTime:0.000023s ]
INFO: [ app_init ] --END-- [ RunTime:0.000376s ]

[ 2016-11-12T17:41:45+08:00 ] ::1 /think_blog/Home/Member/getVerify.html
INFO: [ app_init ] --START--
INFO: Run Behavior\BuildLiteBehavior [ RunTime:0.000024s ]
INFO: [ app_init ] --END-- [ RunTime:0.000412s ]

[ 2016-11-12T17:41:47+08:00 ] ::1 /think_blog/Home/Member/getVerify.html
INFO: [ app_init ] --START--
INFO: Run Behavior\BuildLiteBehavior [ RunTime:0.000023s ]
INFO: [ app_init ] --END-- [ RunTime:0.000406s ]

[ 2016-11-12T17:42:29+08:00 ] ::1 /think_blog/Home/Member/getVerify.html
INFO: [ app_init ] --START--
INFO: Run Behavior\BuildLiteBehavior [ RunTime:0.000020s ]
INFO: [ app_init ] --END-- [ RunTime:0.000382s ]

[ 2016-11-12T17:44:40+08:00 ] ::1 /think_blog/Home/Member/getVerify.html
INFO: [ app_init ] --START--
INFO: Run Behavior\BuildLiteBehavior [ RunTime:0.000052s ]
INFO: [ app_init ] --END-- [ RunTime:0.000947s ]

[ 2016-11-12T17:44:41+08:00 ] ::1 /think_blog/Home/Member/getVerify.html
INFO: [ app_init ] --START--
INFO: Run Behavior\BuildLiteBehavior [ RunTime:0.000024s ]
INFO: [ app_init ] --END-- [ RunTime:0.000409s ]

[ 2016-11-12T17:44:42+08:00 ] ::1 /think_blog/Home/Member/getVerify.html
INFO: [ app_init ] --START--
INFO: Run Behavior\BuildLiteBehavior [ RunTime:0.000026s ]
INFO: [ app_init ] --END-- [ RunTime:0.000416s ]

[ 2016-11-12T17:44:51+08:00 ] ::1 /think_blog/Home/Member/getVerify.html
INFO: [ app_init ] --START--
INFO: Run Behavior\BuildLiteBehavior [ RunTime:0.000029s ]
INFO: [ app_init ] --END-- [ RunTime:0.000855s ]

[ 2016-11-12T17:44:52+08:00 ] ::1 /think_blog/Home/Member/getVerify.html
INFO: [ app_init ] --START--
INFO: Run Behavior\BuildLiteBehavior [ RunTime:0.000023s ]
INFO: [ app_init ] --END-- [ RunTime:0.000417s ]

[ 2016-11-12T17:44:53+08:00 ] ::1 /think_blog/Home/Member/getVerify.html
INFO: [ app_init ] --START--
INFO: Run Behavior\BuildLiteBehavior [ RunTime:0.000026s ]
INFO: [ app_init ] --END-- [ RunTime:0.000432s ]

[ 2016-11-12T17:44:53+08:00 ] ::1 /think_blog/Home/Member/getVerify.html
INFO: [ app_init ] --START--
INFO: Run Behavior\BuildLiteBehavior [ RunTime:0.000023s ]
INFO: [ app_init ] --END-- [ RunTime:0.000362s ]

[ 2016-11-12T17:44:53+08:00 ] ::1 /think_blog/Home/Member/getVerify.html
INFO: [ app_init ] --START--
INFO: Run Behavior\BuildLiteBehavior [ RunTime:0.000023s ]
INFO: [ app_init ] --END-- [ RunTime:0.000378s ]

[ 2016-11-12T17:44:53+08:00 ] ::1 /think_blog/Home/Member/getVerify.html
INFO: [ app_init ] --START--
INFO: Run Behavior\BuildLiteBehavior [ RunTime:0.000024s ]
INFO: [ app_init ] --END-- [ RunTime:0.000523s ]

[ 2016-11-12T17:44:53+08:00 ] ::1 /think_blog/Home/Member/getVerify.html
INFO: [ app_init ] --START--
INFO: Run Behavior\BuildLiteBehavior [ RunTime:0.000026s ]
INFO: [ app_init ] --END-- [ RunTime:0.000420s ]

[ 2016-11-12T17:44:54+08:00 ] ::1 /think_blog/Home/Member/getVerify.html
INFO: [ app_init ] --START--
INFO: Run Behavior\BuildLiteBehavior [ RunTime:0.000022s ]
INFO: [ app_init ] --END-- [ RunTime:0.000380s ]

[ 2016-11-12T17:45:23+08:00 ] ::1 /think_blog/Home/Member/getVerify.html
INFO: [ app_init ] --START--
INFO: Run Behavior\BuildLiteBehavior [ RunTime:0.000020s ]
INFO: [ app_init ] --END-- [ RunTime:0.000465s ]

[ 2016-11-12T17:45:25+08:00 ] ::1 /think_blog/Home/Member/getVerify.html
INFO: [ app_init ] --START--
INFO: Run Behavior\BuildLiteBehavior [ RunTime:0.000030s ]
INFO: [ app_init ] --END-- [ RunTime:0.000506s ]

[ 2016-11-12T17:45:26+08:00 ] ::1 /think_blog/Home/Member/getVerify.html
INFO: [ app_init ] --START--
INFO: Run Behavior\BuildLiteBehavior [ RunTime:0.000031s ]
INFO: [ app_init ] --END-- [ RunTime:0.000688s ]

[ 2016-11-12T17:46:21+08:00 ] ::1 /think_blog/Home/Member/getVerify.html
INFO: [ app_init ] --START--
INFO: Run Behavior\BuildLiteBehavior [ RunTime:0.000040s ]
INFO: [ app_init ] --END-- [ RunTime:0.000666s ]

[ 2016-11-12T18:17:52+08:00 ] ::1 /think_blog/Home/Member/login.html
INFO: [ app_init ] --START--
INFO: Run Behavior\BuildLiteBehavior [ RunTime:0.000071s ]
INFO: [ app_init ] --END-- [ RunTime:0.007842s ]

[ 2016-11-12T18:17:52+08:00 ] ::1 /think_blog/Home/Member/getVerify.html
INFO: [ app_init ] --START--
INFO: Run Behavior\BuildLiteBehavior [ RunTime:0.000025s ]
INFO: [ app_init ] --END-- [ RunTime:0.000387s ]
ERR: SQLSTATE[HY000] [1049] Unknown database 'think_blog'

[ 2016-11-12T18:18:09+08:00 ] ::1 /think_blog/Home/Member/getVerify.html
INFO: [ app_init ] --START--
INFO: Run Behavior\BuildLiteBehavior [ RunTime:0.000030s ]
INFO: [ app_init ] --END-- [ RunTime:0.000698s ]
ERR: SQLSTATE[HY000] [1049] Unknown database 'think_blog'

[ 2016-11-12T18:20:26+08:00 ] ::1 /think_blog/Home/Member/getVerify.html
INFO: [ app_init ] --START--
INFO: Run Behavior\BuildLiteBehavior [ RunTime:0.000028s ]
INFO: [ app_init ] --END-- [ RunTime:0.000503s ]

[ 2016-11-12T18:20:30+08:00 ] ::1 /think_blog/Home/Member/login.html
INFO: [ app_init ] --START--
INFO: Run Behavior\BuildLiteBehavior [ RunTime:0.000027s ]
INFO: [ app_init ] --END-- [ RunTime:0.000444s ]

[ 2016-11-12T18:20:30+08:00 ] ::1 /think_blog/Home/Member/getVerify.html
INFO: [ app_init ] --START--
INFO: Run Behavior\BuildLiteBehavior [ RunTime:0.000026s ]
INFO: [ app_init ] --END-- [ RunTime:0.000420s ]

[ 2016-11-12T18:20:32+08:00 ] ::1 /think_blog/Home/Member/login.html
INFO: [ app_init ] --START--
INFO: Run Behavior\BuildLiteBehavior [ RunTime:0.000027s ]
INFO: [ app_init ] --END-- [ RunTime:0.000436s ]

[ 2016-11-12T18:20:32+08:00 ] ::1 /think_blog/Home/Member/getVerify.html
INFO: [ app_init ] --START--
INFO: Run Behavior\BuildLiteBehavior [ RunTime:0.000044s ]
INFO: [ app_init ] --END-- [ RunTime:0.000824s ]

[ 2016-11-12T18:20:33+08:00 ] ::1 /think_blog/Home/Member/getVerify.html
INFO: [ app_init ] --START--
INFO: Run Behavior\BuildLiteBehavior [ RunTime:0.000028s ]
INFO: [ app_init ] --END-- [ RunTime:0.000452s ]

[ 2016-11-12T18:20:33+08:00 ] ::1 /think_blog/Home/Member/getVerify.html
INFO: [ app_init ] --START--
INFO: Run Behavior\BuildLiteBehavior [ RunTime:0.000026s ]
INFO: [ app_init ] --END-- [ RunTime:0.000441s ]

[ 2016-11-12T18:20:34+08:00 ] ::1 /think_blog/Home/Member/getVerify.html
INFO: [ app_init ] --START--
INFO: Run Behavior\BuildLiteBehavior [ RunTime:0.000027s ]
INFO: [ app_init ] --END-- [ RunTime:0.000488s ]

[ 2016-11-12T18:20:36+08:00 ] ::1 /think_blog/Home/Member/getVerify.html
INFO: [ app_init ] --START--
INFO: Run Behavior\BuildLiteBehavior [ RunTime:0.000026s ]
INFO: [ app_init ] --END-- [ RunTime:0.000435s ]

[ 2016-11-12T18:20:37+08:00 ] ::1 /think_blog/Home/Member/getVerify.html
INFO: [ app_init ] --START--
INFO: Run Behavior\BuildLiteBehavior [ RunTime:0.000028s ]
INFO: [ app_init ] --END-- [ RunTime:0.000444s ]

[ 2016-11-12T18:20:38+08:00 ] ::1 /think_blog/Home/Member/getVerify.html
INFO: [ app_init ] --START--
INFO: Run Behavior\BuildLiteBehavior [ RunTime:0.000030s ]
INFO: [ app_init ] --END-- [ RunTime:0.000589s ]

[ 2016-11-12T18:20:38+08:00 ] ::1 /think_blog/Home/Member/getVerify.html
INFO: [ app_init ] --START--
INFO: Run Behavior\BuildLiteBehavior [ RunTime:0.000028s ]
INFO: [ app_init ] --END-- [ RunTime:0.000442s ]

[ 2016-11-12T18:20:39+08:00 ] ::1 /think_blog/Home/Member/getVerify.html
INFO: [ app_init ] --START--
INFO: Run Behavior\BuildLiteBehavior [ RunTime:0.000064s ]
INFO: [ app_init ] --END-- [ RunTime:0.000838s ]

[ 2016-11-12T18:20:39+08:00 ] ::1 /think_blog/Home/Member/getVerify.html
INFO: [ app_init ] --START--
INFO: Run Behavior\BuildLiteBehavior [ RunTime:0.000027s ]
INFO: [ app_init ] --END-- [ RunTime:0.000735s ]

[ 2016-11-12T18:20:39+08:00 ] ::1 /think_blog/Home/Member/getVerify.html
INFO: [ app_init ] --START--
INFO: Run Behavior\BuildLiteBehavior [ RunTime:0.000038s ]
INFO: [ app_init ] --END-- [ RunTime:0.000385s ]

[ 2016-11-12T18:20:39+08:00 ] ::1 /think_blog/Home/Member/getVerify.html
INFO: [ app_init ] --START--
INFO: Run Behavior\BuildLiteBehavior [ RunTime:0.000028s ]
INFO: [ app_init ] --END-- [ RunTime:0.000435s ]

[ 2016-11-12T18:20:40+08:00 ] ::1 /think_blog/Home/Member/getVerify.html
INFO: [ app_init ] --START--
INFO: Run Behavior\BuildLiteBehavior [ RunTime:0.000029s ]
INFO: [ app_init ] --END-- [ RunTime:0.000490s ]

[ 2016-11-12T18:20:40+08:00 ] ::1 /think_blog/Home/Member/getVerify.html
INFO: [ app_init ] --START--
INFO: Run Behavior\BuildLiteBehavior [ RunTime:0.000024s ]
INFO: [ app_init ] --END-- [ RunTime:0.000380s ]

[ 2016-11-12T18:20:40+08:00 ] ::1 /think_blog/Home/Member/getVerify.html
INFO: [ app_init ] --START--
INFO: Run Behavior\BuildLiteBehavior [ RunTime:0.000029s ]
INFO: [ app_init ] --END-- [ RunTime:0.000518s ]

[ 2016-11-12T18:20:40+08:00 ] ::1 /think_blog/Home/Member/getVerify.html
INFO: [ app_init ] --START--
INFO: Run Behavior\BuildLiteBehavior [ RunTime:0.000066s ]
INFO: [ app_init ] --END-- [ RunTime:0.000881s ]

[ 2016-11-12T18:20:40+08:00 ] ::1 /think_blog/Home/Member/getVerify.html
INFO: [ app_init ] --START--
INFO: Run Behavior\BuildLiteBehavior [ RunTime:0.000025s ]
INFO: [ app_init ] --END-- [ RunTime:0.000397s ]

[ 2016-11-12T18:20:41+08:00 ] ::1 /think_blog/Home/Member/getVerify.html
INFO: [ app_init ] --START--
INFO: Run Behavior\BuildLiteBehavior [ RunTime:0.000028s ]
INFO: [ app_init ] --END-- [ RunTime:0.000447s ]

[ 2016-11-12T18:20:41+08:00 ] ::1 /think_blog/Home/Member/getVerify.html
INFO: [ app_init ] --START--
INFO: Run Behavior\BuildLiteBehavior [ RunTime:0.000028s ]
INFO: [ app_init ] --END-- [ RunTime:0.000455s ]

[ 2016-11-12T21:03:31+08:00 ] ::1 /think_blog/Home/Member/login.html
INFO: [ app_init ] --START--
INFO: Run Behavior\BuildLiteBehavior [ RunTime:0.000072s ]
INFO: [ app_init ] --END-- [ RunTime:0.001762s ]

[ 2016-11-12T21:03:31+08:00 ] ::1 /think_blog/Home/Member/getVerify.html
INFO: [ app_init ] --START--
INFO: Run Behavior\BuildLiteBehavior [ RunTime:0.000031s ]
INFO: [ app_init ] --END-- [ RunTime:0.000521s ]

[ 2016-11-12T21:03:43+08:00 ] ::1 /think_blog/Home/Member/login.html
INFO: [ app_init ] --START--
INFO: Run Behavior\BuildLiteBehavior [ RunTime:0.000023s ]
INFO: [ app_init ] --END-- [ RunTime:0.000445s ]

[ 2016-11-12T21:03:43+08:00 ] ::1 /think_blog/Home/Member/Index.html
INFO: [ app_init ] --START--
INFO: Run Behavior\BuildLiteBehavior [ RunTime:0.000024s ]
INFO: [ app_init ] --END-- [ RunTime:0.000395s ]

[ 2016-11-12T21:03:47+08:00 ] ::1 /think_blog/Home/Photo/index/member_id/29.html
INFO: [ app_init ] --START--
INFO: Run Behavior\BuildLiteBehavior [ RunTime:0.000024s ]
INFO: [ app_init ] --END-- [ RunTime:0.000432s ]

[ 2016-11-12T21:03:54+08:00 ] ::1 /think_blog/Home/Photo/index/member_id/29.html
INFO: [ app_init ] --START--
INFO: Run Behavior\BuildLiteBehavior [ RunTime:0.000024s ]
INFO: [ app_init ] --END-- [ RunTime:0.000401s ]

[ 2016-11-12T21:04:02+08:00 ] ::1 /think_blog/Home/Photo/index/member_id/29.html
INFO: [ app_init ] --START--
INFO: Run Behavior\BuildLiteBehavior [ RunTime:0.000024s ]
INFO: [ app_init ] --END-- [ RunTime:0.000429s ]

[ 2016-11-12T21:04:06+08:00 ] ::1 /think_blog/Home/Photo/index/photo_id/1.html
INFO: [ app_init ] --START--
INFO: Run Behavior\BuildLiteBehavior [ RunTime:0.000025s ]
INFO: [ app_init ] --END-- [ RunTime:0.000426s ]

[ 2016-11-12T21:04:12+08:00 ] ::1 /think_blog/Home/Photo/index/photo_id/1.html
INFO: [ app_init ] --START--
INFO: Run Behavior\BuildLiteBehavior [ RunTime:0.000025s ]
INFO: [ app_init ] --END-- [ RunTime:0.000394s ]

[ 2016-11-12T21:04:41+08:00 ] ::1 /think_blog/Home/Member/Index.html
INFO: [ app_init ] --START--
INFO: Run Behavior\BuildLiteBehavior [ RunTime:0.000032s ]
INFO: [ app_init ] --END-- [ RunTime:0.001101s ]

[ 2016-11-12T21:04:43+08:00 ] ::1 /think_blog/Home/Photo/index/member_id/29.html
INFO: [ app_init ] --START--
INFO: Run Behavior\BuildLiteBehavior [ RunTime:0.000076s ]
INFO: [ app_init ] --END-- [ RunTime:0.000783s ]
ERR: Think\Model:getPhotoImg方法不存在！

[ 2016-11-12T21:36:39+08:00 ] ::1 /think_blog/Home/Photo/index/member_id/29.html
INFO: [ app_init ] --START--
INFO: Run Behavior\BuildLiteBehavior [ RunTime:0.000025s ]
INFO: [ app_init ] --END-- [ RunTime:0.000597s ]
ERR: Think\Model:getPhotoImgCount方法不存在！

[ 2016-11-12T21:37:15+08:00 ] ::1 /think_blog/Home/Photo/index/member_id/29.html
INFO: [ app_init ] --START--
INFO: Run Behavior\BuildLiteBehavior [ RunTime:0.000039s ]
INFO: [ app_init ] --END-- [ RunTime:0.000639s ]

[ 2016-11-12T21:37:18+08:00 ] ::1 /think_blog/Home/Photo/index/photo_id/1.html
INFO: [ app_init ] --START--
INFO: Run Behavior\BuildLiteBehavior [ RunTime:0.000038s ]
INFO: [ app_init ] --END-- [ RunTime:0.000629s ]

[ 2016-11-12T21:41:31+08:00 ] ::1 /think_blog/Home/Photo/index/member_id/29.html
INFO: [ app_init ] --START--
INFO: Run Behavior\BuildLiteBehavior [ RunTime:0.000025s ]
INFO: [ app_init ] --END-- [ RunTime:0.000467s ]

[ 2016-11-12T21:41:33+08:00 ] ::1 /think_blog/Home/Photo/index/member_id/29.html
INFO: [ app_init ] --START--
INFO: Run Behavior\BuildLiteBehavior [ RunTime:0.000022s ]
INFO: [ app_init ] --END-- [ RunTime:0.000370s ]

[ 2016-11-12T21:41:34+08:00 ] ::1 /think_blog/Home/Photo/index/member_id/29.html
INFO: [ app_init ] --START--
INFO: Run Behavior\BuildLiteBehavior [ RunTime:0.000024s ]
INFO: [ app_init ] --END-- [ RunTime:0.000379s ]

[ 2016-11-12T21:41:35+08:00 ] ::1 /think_blog/Home/Photo/index/member_id/29.html
INFO: [ app_init ] --START--
INFO: Run Behavior\BuildLiteBehavior [ RunTime:0.000026s ]
INFO: [ app_init ] --END-- [ RunTime:0.000381s ]

[ 2016-11-12T21:41:36+08:00 ] ::1 /think_blog/Home/Photo/index/member_id/29.html
INFO: [ app_init ] --START--
INFO: Run Behavior\BuildLiteBehavior [ RunTime:0.000028s ]
INFO: [ app_init ] --END-- [ RunTime:0.001249s ]

[ 2016-11-12T21:41:37+08:00 ] ::1 /think_blog/Home/Photo/index/member_id/29.html
INFO: [ app_init ] --START--
INFO: Run Behavior\BuildLiteBehavior [ RunTime:0.000025s ]
INFO: [ app_init ] --END-- [ RunTime:0.000396s ]

[ 2016-11-12T21:41:38+08:00 ] ::1 /think_blog/Home/Photo/index/member_id/29.html
INFO: [ app_init ] --START--
INFO: Run Behavior\BuildLiteBehavior [ RunTime:0.000026s ]
INFO: [ app_init ] --END-- [ RunTime:0.000437s ]

[ 2016-11-12T21:44:02+08:00 ] ::1 /think_blog/Home/Photo/index/member_id/29.html
INFO: [ app_init ] --START--
INFO: Run Behavior\BuildLiteBehavior [ RunTime:0.000023s ]
INFO: [ app_init ] --END-- [ RunTime:0.000429s ]

[ 2016-11-12T21:44:13+08:00 ] ::1 /think_blog/Home/Photo/index/member_id/29.html
INFO: [ app_init ] --START--
INFO: Run Behavior\BuildLiteBehavior [ RunTime:0.000047s ]
INFO: [ app_init ] --END-- [ RunTime:0.000782s ]

[ 2016-11-12T22:44:52+08:00 ] ::1 /think_blog/Home/Photo/index/member_id/29.html
INFO: [ app_init ] --START--
INFO: Run Behavior\BuildLiteBehavior [ RunTime:0.000043s ]
INFO: [ app_init ] --END-- [ RunTime:0.001060s ]

[ 2016-11-12T22:45:12+08:00 ] ::1 /think_blog/?XDEBUG_SESSION_START=14004
INFO: [ app_init ] --START--
INFO: Run Behavior\BuildLiteBehavior [ RunTime:0.000043s ]
INFO: [ app_init ] --END-- [ RunTime:0.000793s ]

