[ 2016-10-31T09:11:26+08:00 ] ::1 /think_blog/Home/Member/personPhotoImg/photo_id/1.html
INFO: [ app_init ] --START--
INFO: Run Behavior\BuildLiteBehavior [ RunTime:0.000038s ]
INFO: [ app_init ] --END-- [ RunTime:0.078537s ]

[ 2016-10-31T09:12:20+08:00 ] ::1 /think_blog/Home/Member/friends/f/fans/member_id/29.html
INFO: [ app_init ] --START--
INFO: Run Behavior\BuildLiteBehavior [ RunTime:0.000044s ]
INFO: [ app_init ] --END-- [ RunTime:0.001255s ]

[ 2016-10-31T09:12:30+08:00 ] ::1 /think_blog/Home/Index/search
INFO: [ app_init ] --START--
INFO: Run Behavior\BuildLiteBehavior [ RunTime:0.000049s ]
INFO: [ app_init ] --END-- [ RunTime:0.001074s ]

[ 2016-10-31T09:12:37+08:00 ] ::1 /think_blog/Home/Member/focusFriends
INFO: [ app_init ] --START--
INFO: Run Behavior\BuildLiteBehavior [ RunTime:0.000024s ]
INFO: [ app_init ] --END-- [ RunTime:0.000493s ]
INFO: [ app_begin ] --START--
INFO: Run Behavior\ReadHtmlCacheBehavior [ RunTime:0.000534s ]
INFO: [ app_begin ] --END-- [ RunTime:0.000648s ]

[ 2016-10-31T09:12:39+08:00 ] ::1 /think_blog/Home/Member/login.html
INFO: [ app_init ] --START--
INFO: Run Behavior\BuildLiteBehavior [ RunTime:0.000025s ]
INFO: [ app_init ] --END-- [ RunTime:0.000487s ]

[ 2016-10-31T09:12:41+08:00 ] ::1 /think_blog/Home/Member/getVerify.html
INFO: [ app_init ] --START--
INFO: Run Behavior\BuildLiteBehavior [ RunTime:0.000025s ]
INFO: [ app_init ] --END-- [ RunTime:0.000777s ]

[ 2016-10-31T09:12:49+08:00 ] ::1 /think_blog/Home/Index/search
INFO: [ app_init ] --START--
INFO: Run Behavior\BuildLiteBehavior [ RunTime:0.000063s ]
INFO: [ app_init ] --END-- [ RunTime:0.016865s ]
INFO: [ app_begin ] --START--
INFO: Run Behavior\ReadHtmlCacheBehavior [ RunTime:0.001769s ]
INFO: [ app_begin ] --END-- [ RunTime:0.002202s ]
SQL: SHOW COLUMNS FROM `member` [ RunTime:0.0528s ]
NOTIC: [2] Illegal string offset 'id' D:\wamp\www\think_blog\Application\Home\Controller\IndexController.class.php 第 24 行.
NOTIC: [8] Uninitialized string offset: 0 D:\wamp\www\think_blog\Application\Home\Controller\IndexController.class.php 第 24 行.
SQL: SELECT m.id AS `member_id`,m.member_name AS `member_name`,m.sex AS `sex`,m.head_pic AS `head_pic`,m.hitnum AS `hitnum` FROM member m LEFT JOIN friends f ON m.id=f.member_id  WHERE `member_name` LIKE '%username1%' GROUP BY m.id LIMIT 0,20   [ RunTime:0.0014s ]
NOTIC: [2] Illegal string offset 'id' D:\wamp\www\think_blog\Application\Home\Controller\IndexController.class.php 第 25 行.
NOTIC: [8] Uninitialized string offset: 0 D:\wamp\www\think_blog\Application\Home\Controller\IndexController.class.php 第 25 行.
SQL: SELECT COUNT(m.id) AS `count` FROM member m LEFT JOIN friends f ON m.id=f.member_id  WHERE `member_name` LIKE '%username1%'  [ RunTime:0.0010s ]
SQL: SELECT COUNT(DISTINCT f.member_id) AS `focus_count` FROM member m LEFT JOIN friends f ON m.id=f.fans_id  WHERE m.id IN ('48','50','53','54','73','74','75','76','77','78') GROUP BY m.id LIMIT 0,20   [ RunTime:0.0015s ]
SQL: SELECT COUNT(DISTINCT f.fans_id) AS `fans_count` FROM member m LEFT JOIN friends f ON m.id=f.member_id  WHERE m.id IN ('48','50','53','54','73','74','75','76','77','78') GROUP BY m.id LIMIT 0,20   [ RunTime:0.0017s ]

[ 2016-10-31T09:12:59+08:00 ] ::1 /think_blog/Home/Member/friends/f/fans/member_id/29
INFO: [ app_init ] --START--
INFO: Run Behavior\BuildLiteBehavior [ RunTime:0.000030s ]
INFO: [ app_init ] --END-- [ RunTime:0.000645s ]
INFO: [ app_begin ] --START--
INFO: Run Behavior\ReadHtmlCacheBehavior [ RunTime:0.000799s ]
INFO: [ app_begin ] --END-- [ RunTime:0.000930s ]
SQL: SHOW COLUMNS FROM `member` [ RunTime:0.0198s ]
SQL: SELECT `id` FROM `member` WHERE `id` = 29  [ RunTime:0.0007s ]
SQL: SHOW COLUMNS FROM `friends` [ RunTime:0.0354s ]
SQL: SELECT DISTINCT fans_id FROM `friends` WHERE `member_id` = 29  [ RunTime:0.0014s ]
SQL: SELECT m.id AS `member_id`,m.member_name AS `member_name`,m.sex AS `sex`,m.head_pic AS `head_pic`,m.hitnum AS `hitnum`,COUNT(DISTINCT f.fans_id) AS `isEach` FROM member m LEFT JOIN friends f ON m.id=f.member_id AND f.fans_id=29  WHERE m.id IN ('41','42','45','46','58') GROUP BY m.id LIMIT 0,20   [ RunTime:0.0018s ]
SQL: SELECT COUNT(DISTINCT f.member_id) AS `focus_count` FROM member m LEFT JOIN friends f ON m.id=f.fans_id  WHERE m.id IN ('41','42','45','46','58') GROUP BY m.id LIMIT 0,20   [ RunTime:0.0013s ]
SQL: SELECT COUNT(DISTINCT f.fans_id) AS `fans_count` FROM member m LEFT JOIN friends f ON m.id=f.member_id  WHERE m.id IN ('41','42','45','46','58') GROUP BY m.id LIMIT 0,20   [ RunTime:0.0015s ]

[ 2016-10-31T09:13:03+08:00 ] ::1 /think_blog/Home/Member/friends/f/fans/member_id/29
INFO: [ app_init ] --START--
INFO: Run Behavior\BuildLiteBehavior [ RunTime:0.000031s ]
INFO: [ app_init ] --END-- [ RunTime:0.000660s ]
INFO: [ app_begin ] --START--
INFO: Run Behavior\ReadHtmlCacheBehavior [ RunTime:0.000797s ]
INFO: [ app_begin ] --END-- [ RunTime:0.000925s ]
SQL: SHOW COLUMNS FROM `member` [ RunTime:0.0212s ]
SQL: SELECT `id` FROM `member` WHERE `id` = 29  [ RunTime:0.0008s ]
SQL: SHOW COLUMNS FROM `friends` [ RunTime:0.0487s ]
SQL: SELECT DISTINCT fans_id FROM `friends` WHERE `member_id` = 29  [ RunTime:0.0006s ]
SQL: SELECT m.id AS `member_id`,m.member_name AS `member_name`,m.sex AS `sex`,m.head_pic AS `head_pic`,m.hitnum AS `hitnum`,COUNT(DISTINCT f.fans_id) AS `isEach` FROM member m LEFT JOIN friends f ON m.id=f.member_id AND f.fans_id=29  WHERE m.id IN ('41','42','45','46','58') GROUP BY m.id LIMIT 0,20   [ RunTime:0.0008s ]
SQL: SELECT COUNT(DISTINCT f.member_id) AS `focus_count` FROM member m LEFT JOIN friends f ON m.id=f.fans_id  WHERE m.id IN ('41','42','45','46','58') GROUP BY m.id LIMIT 0,20   [ RunTime:0.0007s ]
SQL: SELECT COUNT(DISTINCT f.fans_id) AS `fans_count` FROM member m LEFT JOIN friends f ON m.id=f.member_id  WHERE m.id IN ('41','42','45','46','58') GROUP BY m.id LIMIT 0,20   [ RunTime:0.0009s ]

[ 2016-10-31T09:13:09+08:00 ] ::1 /think_blog/Home/Index/search
INFO: [ app_init ] --START--
INFO: Run Behavior\BuildLiteBehavior [ RunTime:0.000055s ]
INFO: [ app_init ] --END-- [ RunTime:0.000893s ]

[ 2016-10-31T09:13:15+08:00 ] ::1 /think_blog/Home/Member/login.html
INFO: [ app_init ] --START--
INFO: Run Behavior\BuildLiteBehavior [ RunTime:0.000029s ]
INFO: [ app_init ] --END-- [ RunTime:0.000630s ]

[ 2016-10-31T09:13:16+08:00 ] ::1 /think_blog/Home/Member/getVerify.html
INFO: [ app_init ] --START--
INFO: Run Behavior\BuildLiteBehavior [ RunTime:0.000038s ]
INFO: [ app_init ] --END-- [ RunTime:0.000637s ]

[ 2016-10-31T09:13:24+08:00 ] ::1 /think_blog/Home/Member/login.html
INFO: [ app_init ] --START--
INFO: Run Behavior\BuildLiteBehavior [ RunTime:0.000029s ]
INFO: [ app_init ] --END-- [ RunTime:0.000561s ]

[ 2016-10-31T09:13:25+08:00 ] ::1 /think_blog/Home/Member/Index.html
INFO: [ app_init ] --START--
INFO: Run Behavior\BuildLiteBehavior [ RunTime:0.000026s ]
INFO: [ app_init ] --END-- [ RunTime:0.000578s ]

[ 2016-10-31T09:15:32+08:00 ] ::1 /think_blog/Home/Index/search
INFO: [ app_init ] --START--
INFO: Run Behavior\BuildLiteBehavior [ RunTime:0.000045s ]
INFO: [ app_init ] --END-- [ RunTime:0.000751s ]

[ 2016-10-31T09:26:53+08:00 ] ::1 /think_blog/Home/Index/search
INFO: [ app_init ] --START--
INFO: Run Behavior\BuildLiteBehavior [ RunTime:0.000046s ]
INFO: [ app_init ] --END-- [ RunTime:0.000938s ]

[ 2016-10-31T09:26:59+08:00 ] ::1 /think_blog/Home/Index/search
INFO: [ app_init ] --START--
INFO: Run Behavior\BuildLiteBehavior [ RunTime:0.000041s ]
INFO: [ app_init ] --END-- [ RunTime:0.000564s ]

[ 2016-10-31T10:46:40+08:00 ] ::1 /think_blog/Home/Index/search
INFO: [ app_init ] --START--
INFO: Run Behavior\BuildLiteBehavior [ RunTime:0.000024s ]
INFO: [ app_init ] --END-- [ RunTime:0.000548s ]

[ 2016-10-31T10:46:45+08:00 ] ::1 /think_blog/Home/Index/search
INFO: [ app_init ] --START--
INFO: Run Behavior\BuildLiteBehavior [ RunTime:0.000034s ]
INFO: [ app_init ] --END-- [ RunTime:0.000670s ]

[ 2016-10-31T10:46:52+08:00 ] ::1 /think_blog/Home/Index/search
INFO: [ app_init ] --START--
INFO: Run Behavior\BuildLiteBehavior [ RunTime:0.000026s ]
INFO: [ app_init ] --END-- [ RunTime:0.000544s ]
INFO: [ app_begin ] --START--
INFO: Run Behavior\ReadHtmlCacheBehavior [ RunTime:0.000538s ]
INFO: [ app_begin ] --END-- [ RunTime:0.000643s ]
SQL: SHOW COLUMNS FROM `member` [ RunTime:0.0048s ]
SQL: SELECT m.id AS `member_id`,m.member_name AS `member_name`,m.sex AS `sex`,m.head_pic AS `head_pic`,m.hitnum AS `hitnum`,COUNT(DISTINCT f.id) AS `isFocus` FROM member m LEFT JOIN friends f ON m.id=f.member_id AND f.fans_id=29  WHERE `member_name` LIKE '%username1%' GROUP BY m.id LIMIT 0,20   [ RunTime:0.0008s ]
SQL: SELECT COUNT(m.id) AS `count` FROM member m LEFT JOIN friends f ON m.id=f.member_id AND f.fans_id=29  WHERE `member_name` LIKE '%username1%'  [ RunTime:0.0004s ]
SQL: SELECT COUNT(DISTINCT f.member_id) AS `focus_count` FROM member m LEFT JOIN friends f ON m.id=f.fans_id  WHERE m.id IN ('48','50','53','54','73','74','75','76','77','78') GROUP BY m.id LIMIT 0,20   [ RunTime:0.0004s ]
SQL: SELECT COUNT(DISTINCT f.fans_id) AS `fans_count` FROM member m LEFT JOIN friends f ON m.id=f.member_id  WHERE m.id IN ('48','50','53','54','73','74','75','76','77','78') GROUP BY m.id LIMIT 0,20   [ RunTime:0.0009s ]

[ 2016-10-31T10:46:55+08:00 ] ::1 /think_blog/Home/Index/search
INFO: [ app_init ] --START--
INFO: Run Behavior\BuildLiteBehavior [ RunTime:0.000029s ]
INFO: [ app_init ] --END-- [ RunTime:0.000588s ]

[ 2016-10-31T10:47:00+08:00 ] ::1 /think_blog/Home/Index/search
INFO: [ app_init ] --START--
INFO: Run Behavior\BuildLiteBehavior [ RunTime:0.000027s ]
INFO: [ app_init ] --END-- [ RunTime:0.000461s ]
INFO: [ app_begin ] --START--
INFO: Run Behavior\ReadHtmlCacheBehavior [ RunTime:0.000454s ]
INFO: [ app_begin ] --END-- [ RunTime:0.000568s ]
SQL: SHOW COLUMNS FROM `member` [ RunTime:0.0042s ]
SQL: SELECT m.id AS `member_id`,m.member_name AS `member_name`,m.sex AS `sex`,m.head_pic AS `head_pic`,m.hitnum AS `hitnum`,COUNT(DISTINCT f.id) AS `isFocus` FROM member m LEFT JOIN friends f ON m.id=f.member_id AND f.fans_id=29  WHERE `member_name` LIKE '%username1%' GROUP BY m.id LIMIT 0,20   [ RunTime:0.0007s ]
SQL: SELECT COUNT(m.id) AS `count` FROM member m LEFT JOIN friends f ON m.id=f.member_id AND f.fans_id=29  WHERE `member_name` LIKE '%username1%'  [ RunTime:0.0003s ]
SQL: SELECT COUNT(DISTINCT f.member_id) AS `focus_count` FROM member m LEFT JOIN friends f ON m.id=f.fans_id  WHERE m.id IN ('48','50','53','54','73','74','75','76','77','78') GROUP BY m.id LIMIT 0,20   [ RunTime:0.0004s ]
SQL: SELECT COUNT(DISTINCT f.fans_id) AS `fans_count` FROM member m LEFT JOIN friends f ON m.id=f.member_id  WHERE m.id IN ('48','50','53','54','73','74','75','76','77','78') GROUP BY m.id LIMIT 0,20   [ RunTime:0.0005s ]

[ 2016-10-31T10:47:02+08:00 ] ::1 /think_blog/Home/Index/search
INFO: [ app_init ] --START--
INFO: Run Behavior\BuildLiteBehavior [ RunTime:0.000025s ]
INFO: [ app_init ] --END-- [ RunTime:0.000509s ]

[ 2016-10-31T10:47:36+08:00 ] ::1 /think_blog/Home/Index/search
INFO: [ app_init ] --START--
INFO: Run Behavior\BuildLiteBehavior [ RunTime:0.000029s ]
INFO: [ app_init ] --END-- [ RunTime:0.000600s ]

[ 2016-10-31T10:47:40+08:00 ] ::1 /think_blog/Home/Index/search
INFO: [ app_init ] --START--
INFO: Run Behavior\BuildLiteBehavior [ RunTime:0.000034s ]
INFO: [ app_init ] --END-- [ RunTime:0.000553s ]

[ 2016-10-31T10:47:49+08:00 ] ::1 /think_blog/Home/Index/search
INFO: [ app_init ] --START--
INFO: Run Behavior\BuildLiteBehavior [ RunTime:0.000046s ]
INFO: [ app_init ] --END-- [ RunTime:0.027962s ]
INFO: [ app_begin ] --START--
INFO: Run Behavior\ReadHtmlCacheBehavior [ RunTime:0.001805s ]
INFO: [ app_begin ] --END-- [ RunTime:0.002060s ]
SQL: SHOW COLUMNS FROM `member` [ RunTime:0.0178s ]
SQL: SELECT m.id AS `member_id`,m.member_name AS `member_name`,m.sex AS `sex`,m.head_pic AS `head_pic`,m.hitnum AS `hitnum`,COUNT(DISTINCT f.id) AS `isFocus` FROM member m LEFT JOIN friends f ON m.id=f.member_id AND f.fans_id=29  WHERE `member_name` LIKE '%username1%' GROUP BY m.id LIMIT 0,20   [ RunTime:0.0013s ]
SQL: SELECT COUNT(m.id) AS `count` FROM member m LEFT JOIN friends f ON m.id=f.member_id AND f.fans_id=29  WHERE `member_name` LIKE '%username1%'  [ RunTime:0.0407s ]
SQL: SELECT COUNT(DISTINCT f.member_id) AS `focus_count` FROM member m LEFT JOIN friends f ON m.id=f.fans_id  WHERE m.id IN ('48','50','53','54','73','74','75','76','77','78') GROUP BY m.id LIMIT 0,20   [ RunTime:0.0009s ]
SQL: SELECT COUNT(DISTINCT f.fans_id) AS `fans_count` FROM member m LEFT JOIN friends f ON m.id=f.member_id  WHERE m.id IN ('48','50','53','54','73','74','75','76','77','78') GROUP BY m.id LIMIT 0,20   [ RunTime:0.0009s ]

[ 2016-10-31T10:48:14+08:00 ] ::1 /think_blog/Home/Index/search
INFO: [ app_init ] --START--
INFO: Run Behavior\BuildLiteBehavior [ RunTime:0.000043s ]
INFO: [ app_init ] --END-- [ RunTime:0.000889s ]

[ 2016-10-31T10:49:29+08:00 ] ::1 /think_blog/Home/Index/search
INFO: [ app_init ] --START--
INFO: Run Behavior\BuildLiteBehavior [ RunTime:0.000030s ]
INFO: [ app_init ] --END-- [ RunTime:0.000590s ]

[ 2016-10-31T10:49:40+08:00 ] ::1 /think_blog/Home/Index/search
INFO: [ app_init ] --START--
INFO: Run Behavior\BuildLiteBehavior [ RunTime:0.000024s ]
INFO: [ app_init ] --END-- [ RunTime:0.000444s ]

[ 2016-10-31T10:49:44+08:00 ] ::1 /think_blog/Home/Index/search
INFO: [ app_init ] --START--
INFO: Run Behavior\BuildLiteBehavior [ RunTime:0.000028s ]
INFO: [ app_init ] --END-- [ RunTime:0.000588s ]
INFO: [ app_begin ] --START--
INFO: Run Behavior\ReadHtmlCacheBehavior [ RunTime:0.000688s ]
INFO: [ app_begin ] --END-- [ RunTime:0.000791s ]
SQL: SHOW COLUMNS FROM `member` [ RunTime:0.0041s ]
SQL: SELECT m.id AS `member_id`,m.member_name AS `member_name`,m.sex AS `sex`,m.head_pic AS `head_pic`,m.hitnum AS `hitnum`,COUNT(DISTINCT f.id) AS `isFocus` FROM member m LEFT JOIN friends f ON m.id=f.member_id AND f.fans_id=29  WHERE `member_name` LIKE '%username1%' GROUP BY m.id LIMIT 0,20   [ RunTime:0.0007s ]
SQL: SELECT COUNT(m.id) AS `count` FROM member m LEFT JOIN friends f ON m.id=f.member_id AND f.fans_id=29  WHERE `member_name` LIKE '%username1%'  [ RunTime:0.0003s ]
SQL: SELECT COUNT(DISTINCT f.member_id) AS `focus_count` FROM member m LEFT JOIN friends f ON m.id=f.fans_id  WHERE m.id IN ('48','50','53','54','73','74','75','76','77','78') GROUP BY m.id LIMIT 0,20   [ RunTime:0.0005s ]
SQL: SELECT COUNT(DISTINCT f.fans_id) AS `fans_count` FROM member m LEFT JOIN friends f ON m.id=f.member_id  WHERE m.id IN ('48','50','53','54','73','74','75','76','77','78') GROUP BY m.id LIMIT 0,20   [ RunTime:0.0005s ]

[ 2016-10-31T11:33:32+08:00 ] ::1 /think_blog/Home/Member/index/member_id/41.html
INFO: [ app_init ] --START--
INFO: Run Behavior\BuildLiteBehavior [ RunTime:0.000029s ]
INFO: [ app_init ] --END-- [ RunTime:0.000637s ]

[ 2016-10-31T11:33:38+08:00 ] ::1 /think_blog/Home/Member/index/member_id/29.html
INFO: [ app_init ] --START--
INFO: Run Behavior\BuildLiteBehavior [ RunTime:0.000028s ]
INFO: [ app_init ] --END-- [ RunTime:0.000630s ]

[ 2016-10-31T11:33:41+08:00 ] ::1 /think_blog/Home/Article/hotArticleList/member_id/29.html
INFO: [ app_init ] --START--
INFO: Run Behavior\BuildLiteBehavior [ RunTime:0.000031s ]
INFO: [ app_init ] --END-- [ RunTime:0.000765s ]

[ 2016-10-31T11:33:45+08:00 ] ::1 /think_blog/Home/Article/hotArticleList
INFO: [ app_init ] --START--
INFO: Run Behavior\BuildLiteBehavior [ RunTime:0.000040s ]
INFO: [ app_init ] --END-- [ RunTime:0.000755s ]
INFO: [ app_begin ] --START--
INFO: Run Behavior\ReadHtmlCacheBehavior [ RunTime:0.002228s ]
INFO: [ app_begin ] --END-- [ RunTime:0.002447s ]
SQL: SHOW COLUMNS FROM `article` [ RunTime:0.0049s ]
SQL: SELECT `id` AS `article_id`,`title` AS `title`,`hitnum` AS `hitnum`,date_format(create_time,'%Y-%m-%d') AS `create_time` FROM `article` WHERE `member_id` = 29 AND `hitnum` > '0' ORDER BY `hitnum` desc LIMIT 0,20   [ RunTime:0.0004s ]
SQL: SELECT count(id) as count FROM `article` WHERE `member_id` = 29 AND `hitnum` > 0  [ RunTime:0.0617s ]

[ 2016-10-31T11:52:51+08:00 ] ::1 /think_blog/Home/Index/search
INFO: [ app_init ] --START--
INFO: Run Behavior\BuildLiteBehavior [ RunTime:0.000026s ]
INFO: [ app_init ] --END-- [ RunTime:0.000511s ]
ERR: 模板不存在:./Application/Home/View/./Article/hotArticle.html

[ 2016-10-31T11:53:15+08:00 ] ::1 /think_blog/Home/Index/search
INFO: [ app_init ] --START--
INFO: Run Behavior\BuildLiteBehavior [ RunTime:0.000030s ]
INFO: [ app_init ] --END-- [ RunTime:0.000637s ]

[ 2016-10-31T11:53:55+08:00 ] ::1 /think_blog/Home/Index/search
INFO: [ app_init ] --START--
INFO: Run Behavior\BuildLiteBehavior [ RunTime:0.000029s ]
INFO: [ app_init ] --END-- [ RunTime:0.000608s ]

[ 2016-10-31T11:54:00+08:00 ] ::1 /think_blog/Home/Index/search
INFO: [ app_init ] --START--
INFO: Run Behavior\BuildLiteBehavior [ RunTime:0.000026s ]
INFO: [ app_init ] --END-- [ RunTime:0.000566s ]

[ 2016-10-31T13:29:18+08:00 ] ::1 /think_blog/Home/Index/search
INFO: [ app_init ] --START--
INFO: Run Behavior\BuildLiteBehavior [ RunTime:0.000023s ]
INFO: [ app_init ] --END-- [ RunTime:0.000568s ]

[ 2016-10-31T13:36:13+08:00 ] ::1 /think_blog/Home/Index/search
INFO: [ app_init ] --START--
INFO: Run Behavior\BuildLiteBehavior [ RunTime:0.000025s ]
INFO: [ app_init ] --END-- [ RunTime:0.000579s ]

[ 2016-10-31T13:36:18+08:00 ] ::1 /think_blog/Home/Index/search
INFO: [ app_init ] --START--
INFO: Run Behavior\BuildLiteBehavior [ RunTime:0.000030s ]
INFO: [ app_init ] --END-- [ RunTime:0.000566s ]

[ 2016-10-31T13:37:12+08:00 ] ::1 /think_blog/Home/Index/search
INFO: [ app_init ] --START--
INFO: Run Behavior\BuildLiteBehavior [ RunTime:0.000028s ]
INFO: [ app_init ] --END-- [ RunTime:0.000640s ]

[ 2016-10-31T13:38:29+08:00 ] ::1 /think_blog/Home/Index/search
INFO: [ app_init ] --START--
INFO: Run Behavior\BuildLiteBehavior [ RunTime:0.000029s ]
INFO: [ app_init ] --END-- [ RunTime:0.000647s ]

[ 2016-10-31T14:08:07+08:00 ] ::1 /think_blog/Home/Index/search
INFO: [ app_init ] --START--
INFO: Run Behavior\BuildLiteBehavior [ RunTime:0.000026s ]
INFO: [ app_init ] --END-- [ RunTime:0.000583s ]

[ 2016-10-31T14:08:10+08:00 ] ::1 /think_blog/Home/Index/search
INFO: [ app_init ] --START--
INFO: Run Behavior\BuildLiteBehavior [ RunTime:0.000029s ]
INFO: [ app_init ] --END-- [ RunTime:0.000579s ]

[ 2016-10-31T14:08:15+08:00 ] ::1 /think_blog/Home/Index/search
INFO: [ app_init ] --START--
INFO: Run Behavior\BuildLiteBehavior [ RunTime:0.000029s ]
INFO: [ app_init ] --END-- [ RunTime:0.000635s ]

[ 2016-10-31T14:08:19+08:00 ] ::1 /think_blog/Home/Index/%7B$Think.config.HOST_DIR%7DHome/Index/search
INFO: [ app_init ] --START--
INFO: Run Behavior\BuildLiteBehavior [ RunTime:0.000025s ]
INFO: [ app_init ] --END-- [ RunTime:0.000545s ]
INFO: [ app_begin ] --START--
INFO: Run Behavior\ReadHtmlCacheBehavior [ RunTime:0.000660s ]
INFO: [ app_begin ] --END-- [ RunTime:0.000766s ]
ERR: 非法操作:{$Think.config.HOST_DIR}Home

[ 2016-10-31T14:13:53+08:00 ] ::1 /think_blog/Home/Index/search
INFO: [ app_init ] --START--
INFO: Run Behavior\BuildLiteBehavior [ RunTime:0.000024s ]
INFO: [ app_init ] --END-- [ RunTime:0.000615s ]

[ 2016-10-31T14:13:57+08:00 ] ::1 /think_blog/Home/Index/%7B$Think.config.HOST_DIR%7DHome/Index/search
INFO: [ app_init ] --START--
INFO: Run Behavior\BuildLiteBehavior [ RunTime:0.000028s ]
INFO: [ app_init ] --END-- [ RunTime:0.000561s ]
INFO: [ app_begin ] --START--
INFO: Run Behavior\ReadHtmlCacheBehavior [ RunTime:0.001003s ]
INFO: [ app_begin ] --END-- [ RunTime:0.001199s ]
ERR: 非法操作:{$Think.config.HOST_DIR}Home

[ 2016-10-31T14:15:38+08:00 ] ::1 /think_blog/Home/Index/search
INFO: [ app_init ] --START--
INFO: Run Behavior\BuildLiteBehavior [ RunTime:0.000048s ]
INFO: [ app_init ] --END-- [ RunTime:0.000837s ]

[ 2016-10-31T14:15:41+08:00 ] ::1 /think_blog/Home/Index/search
INFO: [ app_init ] --START--
INFO: Run Behavior\BuildLiteBehavior [ RunTime:0.000026s ]
INFO: [ app_init ] --END-- [ RunTime:0.000470s ]
INFO: [ app_begin ] --START--
INFO: Run Behavior\ReadHtmlCacheBehavior [ RunTime:0.000624s ]
INFO: [ app_begin ] --END-- [ RunTime:0.000731s ]
NOTIC: [8] Undefined index: keyItem D:\wamp\www\think_blog\Application\Home\Controller\IndexController.class.php 第 14 行.
NOTIC: [8] Undefined index: keyItem D:\wamp\www\think_blog\Application\Home\Controller\IndexController.class.php 第 45 行.

[ 2016-10-31T14:16:01+08:00 ] ::1 /think_blog/Home/Index/search
INFO: [ app_init ] --START--
INFO: Run Behavior\BuildLiteBehavior [ RunTime:0.000041s ]
INFO: [ app_init ] --END-- [ RunTime:0.000785s ]

[ 2016-10-31T14:16:07+08:00 ] ::1 /think_blog/Home/Index/search
INFO: [ app_init ] --START--
INFO: Run Behavior\BuildLiteBehavior [ RunTime:0.000027s ]
INFO: [ app_init ] --END-- [ RunTime:0.000575s ]

[ 2016-10-31T14:16:10+08:00 ] ::1 /think_blog/Home/Index/search
INFO: [ app_init ] --START--
INFO: Run Behavior\BuildLiteBehavior [ RunTime:0.000030s ]
INFO: [ app_init ] --END-- [ RunTime:0.000609s ]
INFO: [ app_begin ] --START--
INFO: Run Behavior\ReadHtmlCacheBehavior [ RunTime:0.000799s ]
INFO: [ app_begin ] --END-- [ RunTime:0.000926s ]
NOTIC: [8] Undefined index: keyItem D:\wamp\www\think_blog\Application\Home\Controller\IndexController.class.php 第 14 行.
NOTIC: [8] Undefined index: keyItem D:\wamp\www\think_blog\Application\Home\Controller\IndexController.class.php 第 45 行.

[ 2016-10-31T14:17:44+08:00 ] ::1 /think_blog/Home/Index/search
INFO: [ app_init ] --START--
INFO: Run Behavior\BuildLiteBehavior [ RunTime:0.000059s ]
INFO: [ app_init ] --END-- [ RunTime:0.000946s ]

[ 2016-10-31T14:17:47+08:00 ] ::1 /think_blog/Home/Index/search
INFO: [ app_init ] --START--
INFO: Run Behavior\BuildLiteBehavior [ RunTime:0.000024s ]
INFO: [ app_init ] --END-- [ RunTime:0.000418s ]
INFO: [ app_begin ] --START--
INFO: Run Behavior\ReadHtmlCacheBehavior [ RunTime:0.000599s ]
INFO: [ app_begin ] --END-- [ RunTime:0.000701s ]
NOTIC: [8] Undefined index: keyItem D:\wamp\www\think_blog\Application\Home\Controller\IndexController.class.php 第 14 行.
NOTIC: [8] Undefined index: keyItem D:\wamp\www\think_blog\Application\Home\Controller\IndexController.class.php 第 45 行.

[ 2016-10-31T14:18:05+08:00 ] ::1 /think_blog/Home/Index/search
INFO: [ app_init ] --START--
INFO: Run Behavior\BuildLiteBehavior [ RunTime:0.000029s ]
INFO: [ app_init ] --END-- [ RunTime:0.000681s ]

[ 2016-10-31T14:18:26+08:00 ] ::1 /think_blog/Home/Index/search
INFO: [ app_init ] --START--
INFO: Run Behavior\BuildLiteBehavior [ RunTime:0.000027s ]
INFO: [ app_init ] --END-- [ RunTime:0.000508s ]

[ 2016-10-31T14:18:30+08:00 ] ::1 /think_blog/Home/Index/search
INFO: [ app_init ] --START--
INFO: Run Behavior\BuildLiteBehavior [ RunTime:0.000024s ]
INFO: [ app_init ] --END-- [ RunTime:0.000444s ]
INFO: [ app_begin ] --START--
INFO: Run Behavior\ReadHtmlCacheBehavior [ RunTime:0.001042s ]
INFO: [ app_begin ] --END-- [ RunTime:0.001176s ]
NOTIC: [8] Undefined index: keyItem D:\wamp\www\think_blog\Application\Home\Controller\IndexController.class.php 第 14 行.
NOTIC: [8] Undefined index: keyItem D:\wamp\www\think_blog\Application\Home\Controller\IndexController.class.php 第 45 行.

[ 2016-10-31T14:18:41+08:00 ] ::1 /think_blog/Home/Index/search
INFO: [ app_init ] --START--
INFO: Run Behavior\BuildLiteBehavior [ RunTime:0.000056s ]
INFO: [ app_init ] --END-- [ RunTime:0.000848s ]

[ 2016-10-31T14:18:44+08:00 ] ::1 /think_blog/Home/Index/search
INFO: [ app_init ] --START--
INFO: Run Behavior\BuildLiteBehavior [ RunTime:0.000026s ]
INFO: [ app_init ] --END-- [ RunTime:0.000463s ]
INFO: [ app_begin ] --START--
INFO: Run Behavior\ReadHtmlCacheBehavior [ RunTime:0.001375s ]
INFO: [ app_begin ] --END-- [ RunTime:0.001581s ]
NOTIC: [8] Undefined index: keyItem D:\wamp\www\think_blog\Application\Home\Controller\IndexController.class.php 第 14 行.
NOTIC: [8] Undefined index: keyItem D:\wamp\www\think_blog\Application\Home\Controller\IndexController.class.php 第 45 行.

[ 2016-10-31T14:26:04+08:00 ] ::1 /think_blog/Home/Index/search
INFO: [ app_init ] --START--
INFO: Run Behavior\BuildLiteBehavior [ RunTime:0.000043s ]
INFO: [ app_init ] --END-- [ RunTime:0.000924s ]

[ 2016-10-31T14:26:08+08:00 ] ::1 /think_blog/Home/Index/search
INFO: [ app_init ] --START--
INFO: Run Behavior\BuildLiteBehavior [ RunTime:0.000030s ]
INFO: [ app_init ] --END-- [ RunTime:0.000625s ]

[ 2016-10-31T14:26:11+08:00 ] ::1 /think_blog/Home/Index/search
INFO: [ app_init ] --START--
INFO: Run Behavior\BuildLiteBehavior [ RunTime:0.000029s ]
INFO: [ app_init ] --END-- [ RunTime:0.000598s ]
INFO: [ app_begin ] --START--
INFO: Run Behavior\ReadHtmlCacheBehavior [ RunTime:0.000863s ]
INFO: [ app_begin ] --END-- [ RunTime:0.001021s ]
NOTIC: [8] Undefined index: keyItem D:\wamp\www\think_blog\Application\Home\Controller\IndexController.class.php 第 14 行.
NOTIC: [8] Undefined index: keyItem D:\wamp\www\think_blog\Application\Home\Controller\IndexController.class.php 第 45 行.

