[ 2016-10-25T09:14:15+08:00 ] ::1 /think_blog/?XDEBUG_SESSION_START=16756
INFO: [ app_init ] --START--
INFO: Run Behavior\BuildLiteBehavior [ RunTime:0.000272s ]
INFO: [ app_init ] --END-- [ RunTime:0.076492s ]

[ 2016-10-25T09:20:34+08:00 ] ::1 /think_blog/Home/member/friends/member_id/29/f/focus.html
INFO: [ app_init ] --START--
INFO: Run Behavior\BuildLiteBehavior [ RunTime:0.000099s ]
INFO: [ app_init ] --END-- [ RunTime:0.001014s ]

[ 2016-10-25T09:20:37+08:00 ] ::1 /think_blog/?XDEBUG_SESSION_START=18428
INFO: [ app_init ] --START--
INFO: Run Behavior\BuildLiteBehavior [ RunTime:0.000127s ]
INFO: [ app_init ] --END-- [ RunTime:0.001098s ]

[ 2016-10-25T09:22:04+08:00 ] ::1 /think_blog/Home/member/friends/member_id/29/f/focus.html
INFO: [ app_init ] --START--
INFO: Run Behavior\BuildLiteBehavior [ RunTime:0.000092s ]
INFO: [ app_init ] --END-- [ RunTime:0.001075s ]

[ 2016-10-25T09:22:32+08:00 ] ::1 /think_blog/?XDEBUG_SESSION_START=16505
INFO: [ app_init ] --START--
INFO: Run Behavior\BuildLiteBehavior [ RunTime:0.000115s ]
INFO: [ app_init ] --END-- [ RunTime:0.001292s ]

[ 2016-10-25T09:24:37+08:00 ] ::1 /think_blog/Home/member/friends/member_id/29/f/focus.html
INFO: [ app_init ] --START--
INFO: Run Behavior\BuildLiteBehavior [ RunTime:0.000098s ]
INFO: [ app_init ] --END-- [ RunTime:0.001148s ]

[ 2016-10-25T09:24:52+08:00 ] ::1 /think_blog/?XDEBUG_SESSION_START=19796
INFO: [ app_init ] --START--
INFO: Run Behavior\BuildLiteBehavior [ RunTime:0.000064s ]
INFO: [ app_init ] --END-- [ RunTime:0.000666s ]

[ 2016-10-25T09:25:06+08:00 ] ::1 /think_blog/Home/member/friends/member_id/41/f/focus.html
INFO: [ app_init ] --START--
INFO: Run Behavior\BuildLiteBehavior [ RunTime:0.000119s ]
INFO: [ app_init ] --END-- [ RunTime:0.001282s ]

[ 2016-10-25T09:25:24+08:00 ] ::1 /think_blog/Home/member/friends/member_id/29/f/focus.html
INFO: [ app_init ] --START--
INFO: Run Behavior\BuildLiteBehavior [ RunTime:0.000097s ]
INFO: [ app_init ] --END-- [ RunTime:0.001045s ]

[ 2016-10-25T09:27:06+08:00 ] ::1 /think_blog/Home/member/friends/member_id/41/f/focus.html
INFO: [ app_init ] --START--
INFO: Run Behavior\BuildLiteBehavior [ RunTime:0.000073s ]
INFO: [ app_init ] --END-- [ RunTime:0.000822s ]

[ 2016-10-25T09:27:08+08:00 ] ::1 /think_blog/?XDEBUG_SESSION_START=12637
INFO: [ app_init ] --START--
INFO: Run Behavior\BuildLiteBehavior [ RunTime:0.000061s ]
INFO: [ app_init ] --END-- [ RunTime:0.000723s ]

[ 2016-10-25T09:28:54+08:00 ] ::1 /think_blog/Home/member/friends/member_id/41/f/focus.html
INFO: [ app_init ] --START--
INFO: Run Behavior\BuildLiteBehavior [ RunTime:0.000120s ]
INFO: [ app_init ] --END-- [ RunTime:0.001601s ]

[ 2016-10-25T09:28:57+08:00 ] ::1 /think_blog/?XDEBUG_SESSION_START=12194
INFO: [ app_init ] --START--
INFO: Run Behavior\BuildLiteBehavior [ RunTime:0.000061s ]
INFO: [ app_init ] --END-- [ RunTime:0.000618s ]

[ 2016-10-25T09:30:31+08:00 ] ::1 /think_blog/Home/member/friends/member_id/41/f/focus.html
INFO: [ app_init ] --START--
INFO: Run Behavior\BuildLiteBehavior [ RunTime:0.000124s ]
INFO: [ app_init ] --END-- [ RunTime:0.001374s ]

[ 2016-10-25T09:30:45+08:00 ] ::1 /think_blog/?XDEBUG_SESSION_START=17386
INFO: [ app_init ] --START--
INFO: Run Behavior\BuildLiteBehavior [ RunTime:0.000063s ]
INFO: [ app_init ] --END-- [ RunTime:0.000941s ]

[ 2016-10-25T09:32:29+08:00 ] ::1 /think_blog/Home/member/friends/member_id/41/f/focus.html
INFO: [ app_init ] --START--
INFO: Run Behavior\BuildLiteBehavior [ RunTime:0.000106s ]
INFO: [ app_init ] --END-- [ RunTime:0.001234s ]

[ 2016-10-25T09:34:03+08:00 ] ::1 /think_blog/?XDEBUG_SESSION_START=19710
INFO: [ app_init ] --START--
INFO: Run Behavior\BuildLiteBehavior [ RunTime:0.000075s ]
INFO: [ app_init ] --END-- [ RunTime:0.000706s ]

[ 2016-10-25T09:35:28+08:00 ] ::1 /think_blog/Home/member/friends/member_id/41/f/focus.html
INFO: [ app_init ] --START--
INFO: Run Behavior\BuildLiteBehavior [ RunTime:0.000156s ]
INFO: [ app_init ] --END-- [ RunTime:0.001641s ]

[ 2016-10-25T09:37:54+08:00 ] ::1 /think_blog/?XDEBUG_SESSION_START=15552
INFO: [ app_init ] --START--
INFO: Run Behavior\BuildLiteBehavior [ RunTime:0.000070s ]
INFO: [ app_init ] --END-- [ RunTime:0.000893s ]

[ 2016-10-25T09:40:02+08:00 ] ::1 /think_blog/Home/member/friends/member_id/41/f/focus.html
INFO: [ app_init ] --START--
INFO: Run Behavior\BuildLiteBehavior [ RunTime:0.000077s ]
INFO: [ app_init ] --END-- [ RunTime:0.000864s ]

[ 2016-10-25T09:40:06+08:00 ] ::1 /think_blog/?XDEBUG_SESSION_START=18904
INFO: [ app_init ] --START--
INFO: Run Behavior\BuildLiteBehavior [ RunTime:0.000082s ]
INFO: [ app_init ] --END-- [ RunTime:0.001103s ]

[ 2016-10-25T09:48:37+08:00 ] ::1 /think_blog/Home/member/friends/member_id/41/f/focus.html
INFO: [ app_init ] --START--
INFO: Run Behavior\BuildLiteBehavior [ RunTime:0.000076s ]
INFO: [ app_init ] --END-- [ RunTime:0.000844s ]

[ 2016-10-25T09:48:40+08:00 ] ::1 /think_blog/?XDEBUG_SESSION_START=17831
INFO: [ app_init ] --START--
INFO: Run Behavior\BuildLiteBehavior [ RunTime:0.000067s ]
INFO: [ app_init ] --END-- [ RunTime:0.000831s ]

[ 2016-10-25T09:52:14+08:00 ] ::1 /think_blog/Home/member/friends/member_id/41/f/focus.html
INFO: [ app_init ] --START--
INFO: Run Behavior\BuildLiteBehavior [ RunTime:0.000074s ]
INFO: [ app_init ] --END-- [ RunTime:0.000830s ]

[ 2016-10-25T09:52:17+08:00 ] ::1 /think_blog/Home/member/friends/member_id/41/f/focus.html
INFO: [ app_init ] --START--
INFO: Run Behavior\BuildLiteBehavior [ RunTime:0.000069s ]
INFO: [ app_init ] --END-- [ RunTime:0.001697s ]
ERR: 1054:Champ 'Array' inconnu dans where clause
 [ SQL语句 ] : SELECT m.id AS `member_id`,m.member_name AS `member_name`,m.sex AS `sex`,m.head_pic AS `head_pic`,m.hitnum AS `hitnum`,COUNT(f.id) AS `isEach` FROM member m LEFT JOIN friends f ON m.id=f.fans_id AND f.member_id=41  WHERE m.id IN (Array,Array,Array,Array) GROUP BY m.id LIMIT 0,10  

[ 2016-10-25T09:58:22+08:00 ] ::1 /think_blog/?XDEBUG_SESSION_START=10866
INFO: [ app_init ] --START--
INFO: Run Behavior\BuildLiteBehavior [ RunTime:0.000062s ]
INFO: [ app_init ] --END-- [ RunTime:0.000747s ]

[ 2016-10-25T10:00:35+08:00 ] ::1 /think_blog/Home/member/friends/member_id/41/f/focus.html
INFO: [ app_init ] --START--
INFO: Run Behavior\BuildLiteBehavior [ RunTime:0.000076s ]
INFO: [ app_init ] --END-- [ RunTime:0.000818s ]

[ 2016-10-25T10:34:50+08:00 ] ::1 /think_blog/Home/member/friends/member_id/41/f/focus.html
INFO: [ app_init ] --START--
INFO: Run Behavior\BuildLiteBehavior [ RunTime:0.000038s ]
INFO: [ app_init ] --END-- [ RunTime:0.000834s ]

[ 2016-10-25T10:34:55+08:00 ] ::1 /think_blog/?XDEBUG_SESSION_START=16801
INFO: [ app_init ] --START--
INFO: Run Behavior\BuildLiteBehavior [ RunTime:0.000063s ]
INFO: [ app_init ] --END-- [ RunTime:0.000610s ]

[ 2016-10-25T10:39:03+08:00 ] ::1 /think_blog/Home/member/friends/member_id/41/f/focus.html
INFO: [ app_init ] --START--
INFO: Run Behavior\BuildLiteBehavior [ RunTime:0.000095s ]
INFO: [ app_init ] --END-- [ RunTime:0.001065s ]

[ 2016-10-25T10:41:12+08:00 ] ::1 /think_blog/?XDEBUG_SESSION_START=18695
INFO: [ app_init ] --START--
INFO: Run Behavior\BuildLiteBehavior [ RunTime:0.000062s ]
INFO: [ app_init ] --END-- [ RunTime:0.000659s ]

[ 2016-10-25T10:50:00+08:00 ] ::1 /think_blog/Home/member/friends/member_id/41/f/focus.html
INFO: [ app_init ] --START--
INFO: Run Behavior\BuildLiteBehavior [ RunTime:0.000123s ]
INFO: [ app_init ] --END-- [ RunTime:0.001255s ]

[ 2016-10-25T10:50:15+08:00 ] ::1 /think_blog/?XDEBUG_SESSION_START=18921
INFO: [ app_init ] --START--
INFO: Run Behavior\BuildLiteBehavior [ RunTime:0.000067s ]
INFO: [ app_init ] --END-- [ RunTime:0.000888s ]

[ 2016-10-25T10:50:38+08:00 ] ::1 /think_blog/Home/member/friends/member_id/41/f/focus.html
INFO: [ app_init ] --START--
INFO: Run Behavior\BuildLiteBehavior [ RunTime:0.000064s ]
INFO: [ app_init ] --END-- [ RunTime:0.000624s ]

[ 2016-10-25T10:53:14+08:00 ] ::1 /think_blog/Home/member/friends/member_id/41/f/focus.html
INFO: [ app_init ] --START--
INFO: Run Behavior\BuildLiteBehavior [ RunTime:0.000123s ]
INFO: [ app_init ] --END-- [ RunTime:0.001547s ]

[ 2016-10-25T10:53:19+08:00 ] ::1 /think_blog/Home/member/friends/member_id/41/f/focus.html
INFO: [ app_init ] --START--
INFO: Run Behavior\BuildLiteBehavior [ RunTime:0.000072s ]
INFO: [ app_init ] --END-- [ RunTime:0.001282s ]

[ 2016-10-25T10:53:36+08:00 ] ::1 /think_blog/?XDEBUG_SESSION_START=18444
INFO: [ app_init ] --START--
INFO: Run Behavior\BuildLiteBehavior [ RunTime:0.000065s ]
INFO: [ app_init ] --END-- [ RunTime:0.000681s ]

[ 2016-10-25T10:55:29+08:00 ] ::1 /think_blog/Home/member/friends/member_id/41/f/focus.html
INFO: [ app_init ] --START--
INFO: Run Behavior\BuildLiteBehavior [ RunTime:0.000085s ]
INFO: [ app_init ] --END-- [ RunTime:0.000817s ]

[ 2016-10-25T10:55:41+08:00 ] ::1 /think_blog/?XDEBUG_SESSION_START=15879
INFO: [ app_init ] --START--
INFO: Run Behavior\BuildLiteBehavior [ RunTime:0.000063s ]
INFO: [ app_init ] --END-- [ RunTime:0.000833s ]

[ 2016-10-25T11:24:24+08:00 ] ::1 /think_blog/Home/member/friends/member_id/41/f/focus.html
INFO: [ app_init ] --START--
INFO: Run Behavior\BuildLiteBehavior [ RunTime:0.000061s ]
INFO: [ app_init ] --END-- [ RunTime:0.000676s ]

[ 2016-10-25T11:24:27+08:00 ] ::1 /think_blog/?XDEBUG_SESSION_START=19058
INFO: [ app_init ] --START--
INFO: Run Behavior\BuildLiteBehavior [ RunTime:0.000098s ]
INFO: [ app_init ] --END-- [ RunTime:0.001163s ]

[ 2016-10-25T11:25:57+08:00 ] ::1 /think_blog/Home/member/friends/member_id/41/f/focus.html
INFO: [ app_init ] --START--
INFO: Run Behavior\BuildLiteBehavior [ RunTime:0.000074s ]
INFO: [ app_init ] --END-- [ RunTime:0.000819s ]

[ 2016-10-25T11:26:00+08:00 ] ::1 /think_blog/?XDEBUG_SESSION_START=10283
INFO: [ app_init ] --START--
INFO: Run Behavior\BuildLiteBehavior [ RunTime:0.000060s ]
INFO: [ app_init ] --END-- [ RunTime:0.000723s ]

[ 2016-10-25T11:26:51+08:00 ] ::1 /think_blog/Home/member/friends/member_id/41/f/focus.html
INFO: [ app_init ] --START--
INFO: Run Behavior\BuildLiteBehavior [ RunTime:0.000097s ]
INFO: [ app_init ] --END-- [ RunTime:0.001081s ]

[ 2016-10-25T11:26:54+08:00 ] ::1 /think_blog/?XDEBUG_SESSION_START=14298
INFO: [ app_init ] --START--
INFO: Run Behavior\BuildLiteBehavior [ RunTime:0.000084s ]
INFO: [ app_init ] --END-- [ RunTime:0.000980s ]

[ 2016-10-25T11:42:22+08:00 ] ::1 /think_blog/Home/member/friends/member_id/41/f/focus.html
INFO: [ app_init ] --START--
INFO: Run Behavior\BuildLiteBehavior [ RunTime:0.000064s ]
INFO: [ app_init ] --END-- [ RunTime:0.000665s ]

[ 2016-10-25T11:42:26+08:00 ] ::1 /think_blog/?XDEBUG_SESSION_START=19806
INFO: [ app_init ] --START--
INFO: Run Behavior\BuildLiteBehavior [ RunTime:0.000062s ]
INFO: [ app_init ] --END-- [ RunTime:0.000661s ]

[ 2016-10-25T11:48:15+08:00 ] ::1 /think_blog/Home/member/friends/member_id/41/f/focus.html
INFO: [ app_init ] --START--
INFO: Run Behavior\BuildLiteBehavior [ RunTime:0.000071s ]
INFO: [ app_init ] --END-- [ RunTime:0.000741s ]

[ 2016-10-25T11:48:17+08:00 ] ::1 /think_blog/Home/member/friends/member_id/41/f/focus.html
INFO: [ app_init ] --START--
INFO: Run Behavior\BuildLiteBehavior [ RunTime:0.000069s ]
INFO: [ app_init ] --END-- [ RunTime:0.001631s ]

[ 2016-10-25T11:48:27+08:00 ] ::1 /think_blog/Home/Member/index/member_id/50.html
INFO: [ app_init ] --START--
INFO: Run Behavior\BuildLiteBehavior [ RunTime:0.000051s ]
INFO: [ app_init ] --END-- [ RunTime:0.001031s ]

[ 2016-10-25T11:49:43+08:00 ] ::1 /think_blog/Home/member/friends/member_id/41/f/focus.html
INFO: [ app_init ] --START--
INFO: Run Behavior\BuildLiteBehavior [ RunTime:0.000074s ]
INFO: [ app_init ] --END-- [ RunTime:0.001327s ]

[ 2016-10-25T11:49:57+08:00 ] ::1 /think_blog/Home/Member/friends/member_id/29/f/focus.html
INFO: [ app_init ] --START--
INFO: Run Behavior\BuildLiteBehavior [ RunTime:0.000047s ]
INFO: [ app_init ] --END-- [ RunTime:0.000933s ]

[ 2016-10-25T11:52:45+08:00 ] ::1 /think_blog/Home/member/friends/member_id/41/f/focus.html
INFO: [ app_init ] --START--
INFO: Run Behavior\BuildLiteBehavior [ RunTime:0.000080s ]
INFO: [ app_init ] --END-- [ RunTime:0.001839s ]

[ 2016-10-25T11:53:14+08:00 ] ::1 /think_blog/Home/member/friends/member_id/41/f/focus.html
INFO: [ app_init ] --START--
INFO: Run Behavior\BuildLiteBehavior [ RunTime:0.000179s ]
INFO: [ app_init ] --END-- [ RunTime:0.002264s ]

[ 2016-10-25T11:53:30+08:00 ] ::1 /think_blog/Home/member/friends/member_id/41/f/focus.html
INFO: [ app_init ] --START--
INFO: Run Behavior\BuildLiteBehavior [ RunTime:0.000108s ]
INFO: [ app_init ] --END-- [ RunTime:0.003998s ]

[ 2016-10-25T11:53:52+08:00 ] ::1 /think_blog/Home/member/friends/member_id/41/f/focus.html
INFO: [ app_init ] --START--
INFO: Run Behavior\BuildLiteBehavior [ RunTime:0.000046s ]
INFO: [ app_init ] --END-- [ RunTime:0.000909s ]

[ 2016-10-25T11:54:04+08:00 ] ::1 /think_blog/Home/member/friends/member_id/41/f/focus.html
INFO: [ app_init ] --START--
INFO: Run Behavior\BuildLiteBehavior [ RunTime:0.000082s ]
INFO: [ app_init ] --END-- [ RunTime:0.001449s ]

[ 2016-10-25T11:54:17+08:00 ] ::1 /think_blog/Home/member/friends/member_id/41/f/focus.html
INFO: [ app_init ] --START--
INFO: Run Behavior\BuildLiteBehavior [ RunTime:0.000038s ]
INFO: [ app_init ] --END-- [ RunTime:0.000768s ]

[ 2016-10-25T11:54:28+08:00 ] ::1 /think_blog/Home/member/friends/member_id/41/f/focus.html
INFO: [ app_init ] --START--
INFO: Run Behavior\BuildLiteBehavior [ RunTime:0.000065s ]
INFO: [ app_init ] --END-- [ RunTime:0.001352s ]

[ 2016-10-25T11:54:49+08:00 ] ::1 /think_blog/Home/member/friends/member_id/41/f/focus.html
INFO: [ app_init ] --START--
INFO: Run Behavior\BuildLiteBehavior [ RunTime:0.000044s ]
INFO: [ app_init ] --END-- [ RunTime:0.000964s ]

[ 2016-10-25T11:55:09+08:00 ] ::1 /think_blog/Home/member/friends/member_id/41/f/focus.html
INFO: [ app_init ] --START--
INFO: Run Behavior\BuildLiteBehavior [ RunTime:0.000049s ]
INFO: [ app_init ] --END-- [ RunTime:0.000838s ]

[ 2016-10-25T11:55:18+08:00 ] ::1 /think_blog/Home/member/friends/member_id/41/f/focus.html
INFO: [ app_init ] --START--
INFO: Run Behavior\BuildLiteBehavior [ RunTime:0.000064s ]
INFO: [ app_init ] --END-- [ RunTime:0.001466s ]

[ 2016-10-25T11:55:26+08:00 ] ::1 /think_blog/Home/member/friends/member_id/41/f/focus.html
INFO: [ app_init ] --START--
INFO: Run Behavior\BuildLiteBehavior [ RunTime:0.000090s ]
INFO: [ app_init ] --END-- [ RunTime:0.003559s ]

[ 2016-10-25T11:55:36+08:00 ] ::1 /think_blog/Home/member/friends/member_id/41/f/focus.html
INFO: [ app_init ] --START--
INFO: Run Behavior\BuildLiteBehavior [ RunTime:0.000062s ]
INFO: [ app_init ] --END-- [ RunTime:0.001319s ]

[ 2016-10-25T11:56:06+08:00 ] ::1 /think_blog/Home/member/friends/member_id/41/f/focus.html
INFO: [ app_init ] --START--
INFO: Run Behavior\BuildLiteBehavior [ RunTime:0.000046s ]
INFO: [ app_init ] --END-- [ RunTime:0.000871s ]

[ 2016-10-25T11:57:03+08:00 ] ::1 /think_blog/Home/member/friends/member_id/41/f/focus.html
INFO: [ app_init ] --START--
INFO: Run Behavior\BuildLiteBehavior [ RunTime:0.000043s ]
INFO: [ app_init ] --END-- [ RunTime:0.000817s ]

[ 2016-10-25T11:57:19+08:00 ] ::1 /think_blog/Home/member/friends/member_id/41/f/focus.html
INFO: [ app_init ] --START--
INFO: Run Behavior\BuildLiteBehavior [ RunTime:0.000066s ]
INFO: [ app_init ] --END-- [ RunTime:0.001312s ]

[ 2016-10-25T11:57:55+08:00 ] ::1 /think_blog/Home/member/friends/member_id/41/f/focus.html
INFO: [ app_init ] --START--
INFO: Run Behavior\BuildLiteBehavior [ RunTime:0.000052s ]
INFO: [ app_init ] --END-- [ RunTime:0.001493s ]

[ 2016-10-25T11:58:14+08:00 ] ::1 /think_blog/Home/member/friends/member_id/41/f/focus.html
INFO: [ app_init ] --START--
INFO: Run Behavior\BuildLiteBehavior [ RunTime:0.000048s ]
INFO: [ app_init ] --END-- [ RunTime:0.001082s ]

[ 2016-10-25T11:59:23+08:00 ] ::1 /think_blog/Home/member/friends/member_id/41/f/focus.html
INFO: [ app_init ] --START--
INFO: Run Behavior\BuildLiteBehavior [ RunTime:0.000056s ]
INFO: [ app_init ] --END-- [ RunTime:0.001311s ]

[ 2016-10-25T11:59:41+08:00 ] ::1 /think_blog/Home/member/friends/member_id/41/f/focus.html
INFO: [ app_init ] --START--
INFO: Run Behavior\BuildLiteBehavior [ RunTime:0.000034s ]
INFO: [ app_init ] --END-- [ RunTime:0.000723s ]

[ 2016-10-25T13:19:26+08:00 ] ::1 /think_blog/Home/member/friends/member_id/41/f/focus.html
INFO: [ app_init ] --START--
INFO: Run Behavior\BuildLiteBehavior [ RunTime:0.000028s ]
INFO: [ app_init ] --END-- [ RunTime:0.000631s ]

[ 2016-10-25T13:19:41+08:00 ] ::1 /think_blog/Home/member/friends/member_id/41/f/focus.html
INFO: [ app_init ] --START--
INFO: Run Behavior\BuildLiteBehavior [ RunTime:0.000035s ]
INFO: [ app_init ] --END-- [ RunTime:0.000667s ]

[ 2016-10-25T13:20:08+08:00 ] ::1 /think_blog/Home/member/friends/member_id/41/f/focus.html
INFO: [ app_init ] --START--
INFO: Run Behavior\BuildLiteBehavior [ RunTime:0.000028s ]
INFO: [ app_init ] --END-- [ RunTime:0.000592s ]

[ 2016-10-25T13:24:21+08:00 ] ::1 /think_blog/Home/member/friends/member_id/2/f/focus.html
INFO: [ app_init ] --START--
INFO: Run Behavior\BuildLiteBehavior [ RunTime:0.000029s ]
INFO: [ app_init ] --END-- [ RunTime:0.000638s ]

[ 2016-10-25T13:25:01+08:00 ] ::1 /think_blog/Home/member/friends/member_id/2/f/focus.html
INFO: [ app_init ] --START--
INFO: Run Behavior\BuildLiteBehavior [ RunTime:0.000037s ]
INFO: [ app_init ] --END-- [ RunTime:0.000636s ]

[ 2016-10-25T13:25:08+08:00 ] ::1 /think_blog/Home/member/friends/member_id/45/f/focus.html
INFO: [ app_init ] --START--
INFO: Run Behavior\BuildLiteBehavior [ RunTime:0.000029s ]
INFO: [ app_init ] --END-- [ RunTime:0.000622s ]

[ 2016-10-25T13:25:12+08:00 ] ::1 /think_blog/Home/member/friends/member_id/46/f/focus.html
INFO: [ app_init ] --START--
INFO: Run Behavior\BuildLiteBehavior [ RunTime:0.000034s ]
INFO: [ app_init ] --END-- [ RunTime:0.000633s ]

[ 2016-10-25T13:25:17+08:00 ] ::1 /think_blog/Home/member/friends/member_id/59/f/focus.html
INFO: [ app_init ] --START--
INFO: Run Behavior\BuildLiteBehavior [ RunTime:0.000045s ]
INFO: [ app_init ] --END-- [ RunTime:0.000802s ]
ERR: 1064:Erreur de syntaxe près de ') GROUP BY m.id LIMIT 0,10' à la ligne 1
 [ SQL语句 ] : SELECT m.id AS `member_id`,m.member_name AS `member_name`,m.sex AS `sex`,m.head_pic AS `head_pic`,m.hitnum AS `hitnum`,COUNT(f.id) AS `isEach` FROM member m LEFT JOIN friends f ON m.id=f.fans_id AND f.member_id=59  WHERE m.id IN () GROUP BY m.id LIMIT 0,10  

[ 2016-10-25T13:25:46+08:00 ] ::1 /think_blog/Home/member/friends/member_id/50/f/focus.html
INFO: [ app_init ] --START--
INFO: Run Behavior\BuildLiteBehavior [ RunTime:0.000050s ]
INFO: [ app_init ] --END-- [ RunTime:0.000829s ]
ERR: 1064:Erreur de syntaxe près de ') GROUP BY m.id LIMIT 0,10' à la ligne 1
 [ SQL语句 ] : SELECT m.id AS `member_id`,m.member_name AS `member_name`,m.sex AS `sex`,m.head_pic AS `head_pic`,m.hitnum AS `hitnum`,COUNT(f.id) AS `isEach` FROM member m LEFT JOIN friends f ON m.id=f.fans_id AND f.member_id=50  WHERE m.id IN () GROUP BY m.id LIMIT 0,10  

[ 2016-10-25T13:47:54+08:00 ] ::1 /think_blog/Home/member/friends/member_id/50/f/focus.html
INFO: [ app_init ] --START--
INFO: Run Behavior\BuildLiteBehavior [ RunTime:0.000025s ]
INFO: [ app_init ] --END-- [ RunTime:0.000554s ]
ERR: 1064:Erreur de syntaxe près de ') GROUP BY m.id LIMIT 0,10' à la ligne 1
 [ SQL语句 ] : SELECT m.id AS `member_id`,m.member_name AS `member_name`,m.sex AS `sex`,m.head_pic AS `head_pic`,m.hitnum AS `hitnum`,COUNT(f.id) AS `isEach` FROM member m LEFT JOIN friends f ON m.id=f.fans_id AND f.member_id=50  WHERE m.id IN () GROUP BY m.id LIMIT 0,10  

[ 2016-10-25T13:47:58+08:00 ] ::1 /think_blog/Home/member/friends/member_id/41/f/focus.html
INFO: [ app_init ] --START--
INFO: Run Behavior\BuildLiteBehavior [ RunTime:0.000041s ]
INFO: [ app_init ] --END-- [ RunTime:0.000778s ]

[ 2016-10-25T13:48:25+08:00 ] ::1 /think_blog/Home/member/friends/member_id/41/f/focus.html
INFO: [ app_init ] --START--
INFO: Run Behavior\BuildLiteBehavior [ RunTime:0.000031s ]
INFO: [ app_init ] --END-- [ RunTime:0.000593s ]

[ 2016-10-25T13:49:14+08:00 ] ::1 /think_blog/Home/member/friends/member_id/41/f/focus.html
INFO: [ app_init ] --START--
INFO: Run Behavior\BuildLiteBehavior [ RunTime:0.000031s ]
INFO: [ app_init ] --END-- [ RunTime:0.000620s ]

[ 2016-10-25T13:49:43+08:00 ] ::1 /think_blog/Home/member/friends/member_id/41/f/focus.html
INFO: [ app_init ] --START--
INFO: Run Behavior\BuildLiteBehavior [ RunTime:0.000025s ]
INFO: [ app_init ] --END-- [ RunTime:0.000428s ]

[ 2016-10-25T13:49:46+08:00 ] ::1 /think_blog/Home/member/friends/member_id/41/f/focus.html
INFO: [ app_init ] --START--
INFO: Run Behavior\BuildLiteBehavior [ RunTime:0.000025s ]
INFO: [ app_init ] --END-- [ RunTime:0.000422s ]

[ 2016-10-25T13:49:54+08:00 ] ::1 /think_blog/Home/member/friends/member_id/41/f/focus.html
INFO: [ app_init ] --START--
INFO: Run Behavior\BuildLiteBehavior [ RunTime:0.000029s ]
INFO: [ app_init ] --END-- [ RunTime:0.000630s ]

[ 2016-10-25T13:50:13+08:00 ] ::1 /think_blog/Home/member/friends/member_id/41/f/focus.html
INFO: [ app_init ] --START--
INFO: Run Behavior\BuildLiteBehavior [ RunTime:0.000033s ]
INFO: [ app_init ] --END-- [ RunTime:0.000692s ]

[ 2016-10-25T13:56:09+08:00 ] ::1 /think_blog/Home/member/friends/member_id/41/f/focus.html
INFO: [ app_init ] --START--
INFO: Run Behavior\BuildLiteBehavior [ RunTime:0.000028s ]
INFO: [ app_init ] --END-- [ RunTime:0.000644s ]

[ 2016-10-25T13:56:22+08:00 ] ::1 /think_blog/Home/member/friends/member_id/50/f/focus.html
INFO: [ app_init ] --START--
INFO: Run Behavior\BuildLiteBehavior [ RunTime:0.000029s ]
INFO: [ app_init ] --END-- [ RunTime:0.000635s ]
ERR: 1064:Erreur de syntaxe près de ') GROUP BY m.id LIMIT 0,10' à la ligne 1
 [ SQL语句 ] : SELECT m.id AS `member_id`,m.member_name AS `member_name`,m.sex AS `sex`,m.head_pic AS `head_pic`,m.hitnum AS `hitnum`,COUNT(f.id) AS `isEach` FROM member m LEFT JOIN friends f ON m.id=f.fans_id AND f.member_id=50  WHERE m.id IN () GROUP BY m.id LIMIT 0,10  

[ 2016-10-25T13:56:36+08:00 ] ::1 /think_blog/Home/member/friends/member_id/50/f/focus.html
INFO: [ app_init ] --START--
INFO: Run Behavior\BuildLiteBehavior [ RunTime:0.000037s ]
INFO: [ app_init ] --END-- [ RunTime:0.000602s ]
ERR: 1064:Erreur de syntaxe près de ') GROUP BY m.id LIMIT 0,10' à la ligne 1
 [ SQL语句 ] : SELECT m.id AS `member_id`,m.member_name AS `member_name`,m.sex AS `sex`,m.head_pic AS `head_pic`,m.hitnum AS `hitnum`,COUNT(f.id) AS `isEach` FROM member m LEFT JOIN friends f ON m.id=f.fans_id AND f.member_id=50  WHERE m.id IN () GROUP BY m.id LIMIT 0,10  

[ 2016-10-25T13:56:37+08:00 ] ::1 /think_blog/Home/member/friends/member_id/50/f/focus.html
INFO: [ app_init ] --START--
INFO: Run Behavior\BuildLiteBehavior [ RunTime:0.000045s ]
INFO: [ app_init ] --END-- [ RunTime:0.000659s ]
ERR: 1064:Erreur de syntaxe près de ') GROUP BY m.id LIMIT 0,10' à la ligne 1
 [ SQL语句 ] : SELECT m.id AS `member_id`,m.member_name AS `member_name`,m.sex AS `sex`,m.head_pic AS `head_pic`,m.hitnum AS `hitnum`,COUNT(f.id) AS `isEach` FROM member m LEFT JOIN friends f ON m.id=f.fans_id AND f.member_id=50  WHERE m.id IN () GROUP BY m.id LIMIT 0,10  

[ 2016-10-25T13:58:21+08:00 ] ::1 /think_blog/Home/member/friends/member_id/50/f/focus.html
INFO: [ app_init ] --START--
INFO: Run Behavior\BuildLiteBehavior [ RunTime:0.000032s ]
INFO: [ app_init ] --END-- [ RunTime:0.000653s ]
ERR: 1064:Erreur de syntaxe près de ') GROUP BY m.id LIMIT 0,10' à la ligne 1
 [ SQL语句 ] : SELECT m.id AS `member_id`,m.member_name AS `member_name`,m.sex AS `sex`,m.head_pic AS `head_pic`,m.hitnum AS `hitnum`,COUNT(f.id) AS `isEach` FROM member m LEFT JOIN friends f ON m.id=f.fans_id AND f.member_id=50  WHERE m.id IN () GROUP BY m.id LIMIT 0,10  

[ 2016-10-25T13:58:27+08:00 ] ::1 /think_blog/Home/member/friends/member_id/50/f/focus.html
INFO: [ app_init ] --START--
INFO: Run Behavior\BuildLiteBehavior [ RunTime:0.000030s ]
INFO: [ app_init ] --END-- [ RunTime:0.000620s ]
ERR: 1064:Erreur de syntaxe près de ') GROUP BY m.id LIMIT 0,10' à la ligne 1
 [ SQL语句 ] : SELECT COUNT(f.id) AS `focus_count` FROM member m LEFT JOIN friends f ON m.id=f.fans_id  WHERE m.id IN () GROUP BY m.id LIMIT 0,10  

[ 2016-10-25T14:04:15+08:00 ] ::1 /think_blog/Home/member/friends/member_id/50/f/focus.html
INFO: [ app_init ] --START--
INFO: Run Behavior\BuildLiteBehavior [ RunTime:0.000025s ]
INFO: [ app_init ] --END-- [ RunTime:0.000771s ]

[ 2016-10-25T14:05:26+08:00 ] ::1 /think_blog/Home/member/friends/member_id/50/f/focus.html
INFO: [ app_init ] --START--
INFO: Run Behavior\BuildLiteBehavior [ RunTime:0.000044s ]
INFO: [ app_init ] --END-- [ RunTime:0.000709s ]
ERR: 1064:Erreur de syntaxe près de ') GROUP BY m.id LIMIT 0,10' à la ligne 1
 [ SQL语句 ] : SELECT m.id AS `member_id`,m.member_name AS `member_name`,m.sex AS `sex`,m.head_pic AS `head_pic`,m.hitnum AS `hitnum`,COUNT(f.id) AS `isEach` FROM member m LEFT JOIN friends f ON m.id=f.fans_id AND f.member_id=50  WHERE m.id IN () GROUP BY m.id LIMIT 0,10  

[ 2016-10-25T14:19:49+08:00 ] ::1 /think_blog/Home/member/friends/member_id/41/f/focus.html
INFO: [ app_init ] --START--
INFO: Run Behavior\BuildLiteBehavior [ RunTime:0.000028s ]
INFO: [ app_init ] --END-- [ RunTime:0.000649s ]

