[ 2016-11-17T09:33:21+08:00 ] ::1 /think_blog/?XDEBUG_SESSION_START=10960
INFO: [ app_init ] --START--
INFO: Run Behavior\BuildLiteBehavior [ RunTime:0.000116s ]
INFO: [ app_init ] --END-- [ RunTime:0.048806s ]

[ 2016-11-17T09:34:44+08:00 ] ::1 /think_blog/?XDEBUG_SESSION_START=17298
INFO: [ app_init ] --START--
INFO: Run Behavior\BuildLiteBehavior [ RunTime:0.000062s ]
INFO: [ app_init ] --END-- [ RunTime:0.000706s ]

[ 2016-11-17T10:09:53+08:00 ] ::1 /think_blog/Home/Member/register.html
INFO: [ app_init ] --START--
INFO: Run Behavior\BuildLiteBehavior [ RunTime:0.000025s ]
INFO: [ app_init ] --END-- [ RunTime:0.000574s ]

[ 2016-11-17T10:10:25+08:00 ] ::1 /think_blog/Home/Member/register
INFO: [ app_init ] --START--
INFO: Run Behavior\BuildLiteBehavior [ RunTime:0.000024s ]
INFO: [ app_init ] --END-- [ RunTime:0.000503s ]
INFO: [ app_begin ] --START--
INFO: Run Behavior\ReadHtmlCacheBehavior [ RunTime:0.000646s ]
INFO: [ app_begin ] --END-- [ RunTime:0.000748s ]
NOTIC: [2048] Declaration of Home\Model\MemberModel::isExistsMemberId() should be compatible with Home\Model\CommonModel::isExistsMemberId($member_id = '') D:\wamp\www\think_blog\Application\Home\Model\MemberModel.class.php 第 6 行.
SQL: SHOW COLUMNS FROM `member` [ RunTime:0.0140s ]
SQL: SELECT `id` FROM `member` WHERE `member_name` = 'administrator'  [ RunTime:0.0004s ]
NOTIC: [2] call_user_func() expects parameter 1 to be a valid callback, no array or string given D:\wamp\www\think_blog\ThinkPHP\Library\Think\Upload.class.php 第 170 行.
SQL: INSERT INTO `member` (`member_name`,`passwd`,`sex`,`email`,`tel`,`address`,`question`,`answer`,`head_pic`,`hitnum`,`is_freeze`,`last_ip`,`last_time`) VALUES ('administrator','e10adc3949ba59abbe56e057f20f883e','1','123456@qq.com','12312341234','address road','question one','answer one','head_pic/head_pic_administrator.png','0','0','0.0.0.0','2016-11-17 10:10:25') [ RunTime:0.2337s ]

[ 2016-11-17T10:10:27+08:00 ] ::1 /think_blog/Home/Member/login
INFO: [ app_init ] --START--
INFO: Run Behavior\BuildLiteBehavior [ RunTime:0.000024s ]
INFO: [ app_init ] --END-- [ RunTime:0.000517s ]

[ 2016-11-17T10:10:28+08:00 ] ::1 /think_blog/Home/Member/getVerify.html
INFO: [ app_init ] --START--
INFO: Run Behavior\BuildLiteBehavior [ RunTime:0.000024s ]
INFO: [ app_init ] --END-- [ RunTime:0.000505s ]

[ 2016-11-17T10:10:52+08:00 ] ::1 /think_blog/Home/Member/login.html
INFO: [ app_init ] --START--
INFO: Run Behavior\BuildLiteBehavior [ RunTime:0.000024s ]
INFO: [ app_init ] --END-- [ RunTime:0.000537s ]

[ 2016-11-17T10:10:53+08:00 ] ::1 /think_blog/Home/Member/Index.html
INFO: [ app_init ] --START--
INFO: Run Behavior\BuildLiteBehavior [ RunTime:0.000022s ]
INFO: [ app_init ] --END-- [ RunTime:0.000526s ]

[ 2016-11-17T10:11:01+08:00 ] ::1 /think_blog/Home/Member/personCenter.html
INFO: [ app_init ] --START--
INFO: Run Behavior\BuildLiteBehavior [ RunTime:0.000023s ]
INFO: [ app_init ] --END-- [ RunTime:0.000517s ]

[ 2016-11-17T10:11:01+08:00 ] ::1 /think_blog/Home/Member/info.html
INFO: [ app_init ] --START--
INFO: Run Behavior\BuildLiteBehavior [ RunTime:0.000029s ]
INFO: [ app_init ] --END-- [ RunTime:0.000560s ]

[ 2016-11-17T10:11:51+08:00 ] ::1 /think_blog/Home/Member/updateInfo
INFO: [ app_init ] --START--
INFO: Run Behavior\BuildLiteBehavior [ RunTime:0.000025s ]
INFO: [ app_init ] --END-- [ RunTime:0.000538s ]
INFO: [ app_begin ] --START--
INFO: Run Behavior\ReadHtmlCacheBehavior [ RunTime:0.000584s ]
INFO: [ app_begin ] --END-- [ RunTime:0.000683s ]
NOTIC: [2048] Declaration of Home\Model\MemberModel::isExistsMemberId() should be compatible with Home\Model\CommonModel::isExistsMemberId($member_id = '') D:\wamp\www\think_blog\Application\Home\Model\MemberModel.class.php 第 6 行.
SQL: SHOW COLUMNS FROM `member` [ RunTime:0.0037s ]
SQL: SELECT `id` FROM `member` WHERE `id` = 84 AND `member_name` = 'administrator'  [ RunTime:0.0003s ]
NOTIC: [2] call_user_func() expects parameter 1 to be a valid callback, no array or string given D:\wamp\www\think_blog\ThinkPHP\Library\Think\Upload.class.php 第 170 行.
SQL: UPDATE `member` SET `member_name`='administrator',`sex`='1',`email`='123456@qq.com',`tel`='12312341234',`address`='address road',`question`='question one',`answer`='answer one',`head_pic`='head_pic/head_pic_administrator.gif',`last_ip`='0.0.0.0',`last_time`='2016-11-17 10:11:51' WHERE `id` = 84 [ RunTime:0.2648s ]

[ 2016-11-17T10:11:53+08:00 ] ::1 /think_blog/Home/Member/info.html
INFO: [ app_init ] --START--
INFO: Run Behavior\BuildLiteBehavior [ RunTime:0.000025s ]
INFO: [ app_init ] --END-- [ RunTime:0.000596s ]

[ 2016-11-17T10:12:32+08:00 ] ::1 /think_blog/Home/Member/updateInfo
INFO: [ app_init ] --START--
INFO: Run Behavior\BuildLiteBehavior [ RunTime:0.000034s ]
INFO: [ app_init ] --END-- [ RunTime:0.000553s ]
INFO: [ app_begin ] --START--
INFO: Run Behavior\ReadHtmlCacheBehavior [ RunTime:0.000584s ]
INFO: [ app_begin ] --END-- [ RunTime:0.000706s ]
NOTIC: [2048] Declaration of Home\Model\MemberModel::isExistsMemberId() should be compatible with Home\Model\CommonModel::isExistsMemberId($member_id = '') D:\wamp\www\think_blog\Application\Home\Model\MemberModel.class.php 第 6 行.
SQL: SHOW COLUMNS FROM `member` [ RunTime:0.0033s ]
SQL: SELECT `id` FROM `member` WHERE `id` = 84 AND `member_name` = 'administrator'  [ RunTime:0.0003s ]
NOTIC: [2] call_user_func() expects parameter 1 to be a valid callback, no array or string given D:\wamp\www\think_blog\ThinkPHP\Library\Think\Upload.class.php 第 170 行.
NOTIC: [8] Undefined index: upload D:\wamp\www\think_blog\Application\Home\Model\MemberModel.class.php 第 499 行.
NOTIC: [8] Array to string conversion D:\wamp\www\think_blog\Application\Home\Model\MemberModel.class.php 第 370 行.
NOTIC: [8] Array to string conversion D:\wamp\www\think_blog\Application\Home\Model\MemberModel.class.php 第 370 行.

[ 2016-11-17T10:14:43+08:00 ] ::1 /think_blog/?XDEBUG_SESSION_START=18178
INFO: [ app_init ] --START--
INFO: Run Behavior\BuildLiteBehavior [ RunTime:0.000062s ]
INFO: [ app_init ] --END-- [ RunTime:0.000711s ]

[ 2016-11-17T10:22:47+08:00 ] ::1 /think_blog/Home/Member/updateInfo
INFO: [ app_init ] --START--
INFO: Run Behavior\BuildLiteBehavior [ RunTime:0.000063s ]
INFO: [ app_init ] --END-- [ RunTime:0.000655s ]
INFO: [ app_begin ] --START--
INFO: Run Behavior\ReadHtmlCacheBehavior [ RunTime:0.000713s ]
INFO: [ app_begin ] --END-- [ RunTime:0.000951s ]
NOTIC: [2048] Declaration of Home\Model\MemberModel::isExistsMemberId() should be compatible with Home\Model\CommonModel::isExistsMemberId($member_id = '') D:\wamp\www\think_blog\Application\Home\Model\MemberModel.class.php 第 6 行.
SQL: SHOW COLUMNS FROM `member` [ RunTime:0.0028s ]
SQL: SELECT `id` FROM `member` WHERE `id` = 84 AND `member_name` = 'administrator'  [ RunTime:0.0003s ]

[ 2016-11-17T10:22:50+08:00 ] ::1 /think_blog/Home/Member/personCenter.html
INFO: [ app_init ] --START--
INFO: Run Behavior\BuildLiteBehavior [ RunTime:0.000024s ]
INFO: [ app_init ] --END-- [ RunTime:0.000471s ]

[ 2016-11-17T10:22:52+08:00 ] ::1 /think_blog/Home/Member/info.html
INFO: [ app_init ] --START--
INFO: Run Behavior\BuildLiteBehavior [ RunTime:0.000026s ]
INFO: [ app_init ] --END-- [ RunTime:0.006268s ]

[ 2016-11-17T10:22:57+08:00 ] ::1 /think_blog/Home/Member/updateInfo
INFO: [ app_init ] --START--
INFO: Run Behavior\BuildLiteBehavior [ RunTime:0.000024s ]
INFO: [ app_init ] --END-- [ RunTime:0.000601s ]
INFO: [ app_begin ] --START--
INFO: Run Behavior\ReadHtmlCacheBehavior [ RunTime:0.000650s ]
INFO: [ app_begin ] --END-- [ RunTime:0.000751s ]
NOTIC: [2048] Declaration of Home\Model\MemberModel::isExistsMemberId() should be compatible with Home\Model\CommonModel::isExistsMemberId($member_id = '') D:\wamp\www\think_blog\Application\Home\Model\MemberModel.class.php 第 6 行.
SQL: SHOW COLUMNS FROM `member` [ RunTime:0.0035s ]
SQL: SELECT `id` FROM `member` WHERE `id` = 84 AND `member_name` = 'administrator'  [ RunTime:0.0003s ]
NOTIC: [2] call_user_func() expects parameter 1 to be a valid callback, no array or string given D:\wamp\www\think_blog\ThinkPHP\Library\Think\Upload.class.php 第 170 行.
SQL: UPDATE `member` SET `member_name`='administrator',`sex`='1',`email`='123456@qq.com',`tel`='12312341234',`address`='address road',`question`='question one',`answer`='answer one',`head_pic`='head_pic/head_pic_administrator.gif',`last_ip`='0.0.0.0',`last_time`='2016-11-17 10:22:56' WHERE `id` = 84 [ RunTime:0.1016s ]

[ 2016-11-17T10:22:59+08:00 ] ::1 /think_blog/Home/Member/info.html
INFO: [ app_init ] --START--
INFO: Run Behavior\BuildLiteBehavior [ RunTime:0.000025s ]
INFO: [ app_init ] --END-- [ RunTime:0.000564s ]

[ 2016-11-17T10:23:19+08:00 ] ::1 /think_blog/Home/Member/personCenter.html
INFO: [ app_init ] --START--
INFO: Run Behavior\BuildLiteBehavior [ RunTime:0.000024s ]
INFO: [ app_init ] --END-- [ RunTime:0.000462s ]

[ 2016-11-17T10:23:19+08:00 ] ::1 /think_blog/Home/Member/info.html
INFO: [ app_init ] --START--
INFO: Run Behavior\BuildLiteBehavior [ RunTime:0.000028s ]
INFO: [ app_init ] --END-- [ RunTime:0.000514s ]

[ 2016-11-17T10:26:01+08:00 ] ::1 /think_blog/Home/Member/personCenter.html
INFO: [ app_init ] --START--
INFO: Run Behavior\BuildLiteBehavior [ RunTime:0.000024s ]
INFO: [ app_init ] --END-- [ RunTime:0.000514s ]

[ 2016-11-17T10:26:01+08:00 ] ::1 /think_blog/Home/Member/info.html
INFO: [ app_init ] --START--
INFO: Run Behavior\BuildLiteBehavior [ RunTime:0.000026s ]
INFO: [ app_init ] --END-- [ RunTime:0.000566s ]

[ 2016-11-17T10:26:07+08:00 ] ::1 /think_blog/Home/Member/updateInfo
INFO: [ app_init ] --START--
INFO: Run Behavior\BuildLiteBehavior [ RunTime:0.000023s ]
INFO: [ app_init ] --END-- [ RunTime:0.000539s ]
INFO: [ app_begin ] --START--
INFO: Run Behavior\ReadHtmlCacheBehavior [ RunTime:0.000655s ]
INFO: [ app_begin ] --END-- [ RunTime:0.000754s ]
NOTIC: [2048] Declaration of Home\Model\MemberModel::isExistsMemberId() should be compatible with Home\Model\CommonModel::isExistsMemberId($member_id = '') D:\wamp\www\think_blog\Application\Home\Model\MemberModel.class.php 第 6 行.
SQL: SHOW COLUMNS FROM `member` [ RunTime:0.0037s ]
SQL: SELECT `id` FROM `member` WHERE `id` = 84 AND `member_name` = 'administrator'  [ RunTime:0.0003s ]
NOTIC: [2] call_user_func() expects parameter 1 to be a valid callback, no array or string given D:\wamp\www\think_blog\ThinkPHP\Library\Think\Upload.class.php 第 170 行.
SQL: UPDATE `member` SET `member_name`='administrator',`sex`='1',`email`='123456@qq.com',`tel`='12312341234',`address`='address road',`question`='question one',`answer`='answer one',`head_pic`='head_pic/head_pic_administrator.gif',`last_ip`='0.0.0.0',`last_time`='2016-11-17 10:26:06' WHERE `id` = 84 [ RunTime:0.0906s ]

[ 2016-11-17T10:26:08+08:00 ] ::1 /think_blog/Home/Member/info.html
INFO: [ app_init ] --START--
INFO: Run Behavior\BuildLiteBehavior [ RunTime:0.000039s ]
INFO: [ app_init ] --END-- [ RunTime:0.000705s ]

[ 2016-11-17T10:26:13+08:00 ] ::1 /think_blog/Home/Member/personCenter.html
INFO: [ app_init ] --START--
INFO: Run Behavior\BuildLiteBehavior [ RunTime:0.000026s ]
INFO: [ app_init ] --END-- [ RunTime:0.000433s ]

[ 2016-11-17T10:26:13+08:00 ] ::1 /think_blog/Home/Member/info.html
INFO: [ app_init ] --START--
INFO: Run Behavior\BuildLiteBehavior [ RunTime:0.000023s ]
INFO: [ app_init ] --END-- [ RunTime:0.000512s ]

[ 2016-11-17T10:26:14+08:00 ] ::1 /think_blog/Home/Member/personCenter.html
INFO: [ app_init ] --START--
INFO: Run Behavior\BuildLiteBehavior [ RunTime:0.000024s ]
INFO: [ app_init ] --END-- [ RunTime:0.000435s ]

[ 2016-11-17T10:26:14+08:00 ] ::1 /think_blog/Home/Member/info.html
INFO: [ app_init ] --START--
INFO: Run Behavior\BuildLiteBehavior [ RunTime:0.000024s ]
INFO: [ app_init ] --END-- [ RunTime:0.000516s ]

[ 2016-11-17T10:26:16+08:00 ] ::1 /think_blog/Home/Member/personCenter.html
INFO: [ app_init ] --START--
INFO: Run Behavior\BuildLiteBehavior [ RunTime:0.000024s ]
INFO: [ app_init ] --END-- [ RunTime:0.000492s ]

[ 2016-11-17T10:26:18+08:00 ] ::1 /think_blog/Home/Member/info.html
INFO: [ app_init ] --START--
INFO: Run Behavior\BuildLiteBehavior [ RunTime:0.000025s ]
INFO: [ app_init ] --END-- [ RunTime:0.000682s ]

[ 2016-11-17T10:27:26+08:00 ] ::1 /think_blog/Home/Member/personCenter.html
INFO: [ app_init ] --START--
INFO: Run Behavior\BuildLiteBehavior [ RunTime:0.000025s ]
INFO: [ app_init ] --END-- [ RunTime:0.000520s ]

[ 2016-11-17T10:27:26+08:00 ] ::1 /think_blog/Home/Member/login.html
INFO: [ app_init ] --START--
INFO: Run Behavior\BuildLiteBehavior [ RunTime:0.000025s ]
INFO: [ app_init ] --END-- [ RunTime:0.000554s ]

[ 2016-11-17T10:27:26+08:00 ] ::1 /think_blog/Home/Member/getVerify.html
INFO: [ app_init ] --START--
INFO: Run Behavior\BuildLiteBehavior [ RunTime:0.000027s ]
INFO: [ app_init ] --END-- [ RunTime:0.000654s ]

[ 2016-11-17T10:27:31+08:00 ] ::1 /think_blog/Home/Member/getVerify.html
INFO: [ app_init ] --START--
INFO: Run Behavior\BuildLiteBehavior [ RunTime:0.000024s ]
INFO: [ app_init ] --END-- [ RunTime:0.000497s ]

[ 2016-11-17T10:27:34+08:00 ] ::1 /think_blog/Home/Member/login.html
INFO: [ app_init ] --START--
INFO: Run Behavior\BuildLiteBehavior [ RunTime:0.000034s ]
INFO: [ app_init ] --END-- [ RunTime:0.000605s ]

[ 2016-11-17T10:27:34+08:00 ] ::1 /think_blog/Home/Member/Index.html
INFO: [ app_init ] --START--
INFO: Run Behavior\BuildLiteBehavior [ RunTime:0.000025s ]
INFO: [ app_init ] --END-- [ RunTime:0.000481s ]

[ 2016-11-17T10:27:36+08:00 ] ::1 /think_blog/Home/Member/personCenter.html
INFO: [ app_init ] --START--
INFO: Run Behavior\BuildLiteBehavior [ RunTime:0.000024s ]
INFO: [ app_init ] --END-- [ RunTime:0.000549s ]

[ 2016-11-17T10:27:37+08:00 ] ::1 /think_blog/Home/Member/info.html
INFO: [ app_init ] --START--
INFO: Run Behavior\BuildLiteBehavior [ RunTime:0.000025s ]
INFO: [ app_init ] --END-- [ RunTime:0.000421s ]

[ 2016-11-17T10:27:41+08:00 ] ::1 /think_blog/Home/Member/updateInfo
INFO: [ app_init ] --START--
INFO: Run Behavior\BuildLiteBehavior [ RunTime:0.000027s ]
INFO: [ app_init ] --END-- [ RunTime:0.000530s ]
INFO: [ app_begin ] --START--
INFO: Run Behavior\ReadHtmlCacheBehavior [ RunTime:0.000503s ]
INFO: [ app_begin ] --END-- [ RunTime:0.000605s ]
NOTIC: [2048] Declaration of Home\Model\MemberModel::isExistsMemberId() should be compatible with Home\Model\CommonModel::isExistsMemberId($member_id = '') D:\wamp\www\think_blog\Application\Home\Model\MemberModel.class.php 第 6 行.
SQL: SHOW COLUMNS FROM `member` [ RunTime:0.0034s ]
SQL: SELECT `id` FROM `member` WHERE `id` = 84 AND `member_name` = 'administrator'  [ RunTime:0.0004s ]
NOTIC: [2] call_user_func() expects parameter 1 to be a valid callback, no array or string given D:\wamp\www\think_blog\ThinkPHP\Library\Think\Upload.class.php 第 170 行.
SQL: UPDATE `member` SET `member_name`='administrator',`sex`='1',`email`='123456@qq.com',`tel`='12312341234',`address`='address road',`question`='question one',`answer`='answer one',`head_pic`='head_pic/head_pic_administrator.gif',`last_ip`='0.0.0.0',`last_time`='2016-11-17 10:27:40' WHERE `id` = 84 [ RunTime:0.1704s ]

[ 2016-11-17T10:27:42+08:00 ] ::1 /think_blog/Home/Member/info.html
INFO: [ app_init ] --START--
INFO: Run Behavior\BuildLiteBehavior [ RunTime:0.000025s ]
INFO: [ app_init ] --END-- [ RunTime:0.000572s ]

[ 2016-11-17T10:27:49+08:00 ] ::1 /think_blog/Home/Member/updateInfo
INFO: [ app_init ] --START--
INFO: Run Behavior\BuildLiteBehavior [ RunTime:0.000022s ]
INFO: [ app_init ] --END-- [ RunTime:0.000509s ]
INFO: [ app_begin ] --START--
INFO: Run Behavior\ReadHtmlCacheBehavior [ RunTime:0.000639s ]
INFO: [ app_begin ] --END-- [ RunTime:0.000736s ]
NOTIC: [2048] Declaration of Home\Model\MemberModel::isExistsMemberId() should be compatible with Home\Model\CommonModel::isExistsMemberId($member_id = '') D:\wamp\www\think_blog\Application\Home\Model\MemberModel.class.php 第 6 行.
SQL: SHOW COLUMNS FROM `member` [ RunTime:0.0033s ]
SQL: SELECT `id` FROM `member` WHERE `id` = 84 AND `member_name` = 'administrator'  [ RunTime:0.0002s ]
NOTIC: [2] call_user_func() expects parameter 1 to be a valid callback, no array or string given D:\wamp\www\think_blog\ThinkPHP\Library\Think\Upload.class.php 第 170 行.
SQL: UPDATE `member` SET `member_name`='administrator',`sex`='1',`email`='123456@qq.com',`tel`='12312341234',`address`='address road',`question`='question one',`answer`='answer one',`head_pic`='head_pic/head_pic_administrator.gif',`last_ip`='0.0.0.0',`last_time`='2016-11-17 10:27:49' WHERE `id` = 84 [ RunTime:0.0947s ]

[ 2016-11-17T10:27:50+08:00 ] ::1 /think_blog/Home/Member/info.html
INFO: [ app_init ] --START--
INFO: Run Behavior\BuildLiteBehavior [ RunTime:0.000023s ]
INFO: [ app_init ] --END-- [ RunTime:0.000519s ]

[ 2016-11-17T10:27:55+08:00 ] ::1 /think_blog/Home/Member/updateInfo
INFO: [ app_init ] --START--
INFO: Run Behavior\BuildLiteBehavior [ RunTime:0.000023s ]
INFO: [ app_init ] --END-- [ RunTime:0.000518s ]
INFO: [ app_begin ] --START--
INFO: Run Behavior\ReadHtmlCacheBehavior [ RunTime:0.000580s ]
INFO: [ app_begin ] --END-- [ RunTime:0.000679s ]
NOTIC: [2048] Declaration of Home\Model\MemberModel::isExistsMemberId() should be compatible with Home\Model\CommonModel::isExistsMemberId($member_id = '') D:\wamp\www\think_blog\Application\Home\Model\MemberModel.class.php 第 6 行.
SQL: SHOW COLUMNS FROM `member` [ RunTime:0.0030s ]
SQL: SELECT `id` FROM `member` WHERE `id` = 84 AND `member_name` = 'administrator'  [ RunTime:0.0002s ]
NOTIC: [2] call_user_func() expects parameter 1 to be a valid callback, no array or string given D:\wamp\www\think_blog\ThinkPHP\Library\Think\Upload.class.php 第 170 行.
SQL: UPDATE `member` SET `member_name`='administrator',`sex`='1',`email`='123456@qq.com',`tel`='12312341234',`address`='address road',`question`='question one',`answer`='answer one',`head_pic`='head_pic/head_pic_administrator.gif',`last_ip`='0.0.0.0',`last_time`='2016-11-17 10:27:55' WHERE `id` = 84 [ RunTime:0.0879s ]

[ 2016-11-17T10:27:56+08:00 ] ::1 /think_blog/Home/Member/info.html
INFO: [ app_init ] --START--
INFO: Run Behavior\BuildLiteBehavior [ RunTime:0.000041s ]
INFO: [ app_init ] --END-- [ RunTime:0.000861s ]

[ 2016-11-17T13:59:42+08:00 ] ::1 /think_blog/?XDEBUG_SESSION_START=10916
ERR: 1146:La table 'think_blog.common' n'existe pas
 [ SQL语句 ] : SHOW COLUMNS FROM `common`

[ 2016-11-17T15:29:34+08:00 ] ::1 /think_blog/
ERR: 1146:La table 'think_blog.common' n'existe pas
 [ SQL语句 ] : SHOW COLUMNS FROM `common`

[ 2016-11-17T15:30:32+08:00 ] ::1 /think_blog/
ERR: 1146:La table 'think_blog.common' n'existe pas
 [ SQL语句 ] : SHOW COLUMNS FROM `common`

[ 2016-11-17T15:51:10+08:00 ] ::1 /think_blog/Home/Member/updateInfo
INFO: [ app_begin ] --START--
INFO: Run Behavior\ReadHtmlCacheBehavior [ RunTime:0.000648s ]
INFO: [ app_begin ] --END-- [ RunTime:0.001102s ]
NOTIC: [2048] Declaration of Home\Model\MemberModel::isExistsMemberId() should be compatible with Home\Model\CommonModel::isExistsMemberId($member_id = '') D:\wamp\www\think_blog\Application\Home\Model\MemberModel.class.php 第 6 行.
SQL: SHOW COLUMNS FROM `member` [ RunTime:0.0042s ]
SQL: SELECT `id` FROM `member` WHERE `id` = 29 AND `member_name` = 'username2'  [ RunTime:0.0003s ]
SQL: UPDATE `member` SET `member_name`='username2',`sex`='0',`email`='123456@qq.com',`tel`='12312341234',`address`='address road street',`question`='question one',`answer`='answer ones',`last_ip`='0.0.0.0',`last_time`='2016-11-17 03:51:10' WHERE `id` = 29 [ RunTime:0.0853s ]

[ 2016-11-17T16:12:35+08:00 ] ::1 /think_blog/Home/Index/search
INFO: [ app_begin ] --START--
INFO: Run Behavior\ReadHtmlCacheBehavior [ RunTime:0.000615s ]
INFO: [ app_begin ] --END-- [ RunTime:0.001118s ]
NOTIC: [8] Undefined index: keyItem D:\wamp\www\think_blog\Application\Home\Controller\IndexController.class.php 第 32 行.
NOTIC: [8] Undefined index: keyItem D:\wamp\www\think_blog\Application\Home\Controller\IndexController.class.php 第 34 行.

[ 2016-11-17T16:15:03+08:00 ] ::1 /think_blog/Home/Index/search
INFO: [ app_begin ] --START--
INFO: Run Behavior\ReadHtmlCacheBehavior [ RunTime:0.000675s ]
INFO: [ app_begin ] --END-- [ RunTime:0.001129s ]
NOTIC: [8] Undefined index: keyItem D:\wamp\www\think_blog\Application\Home\Controller\IndexController.class.php 第 32 行.
NOTIC: [8] Undefined index: keyItem D:\wamp\www\think_blog\Application\Home\Controller\IndexController.class.php 第 34 行.

[ 2016-11-17T16:16:35+08:00 ] ::1 /think_blog/Home/Index/search?page=1&page_size=20&key=username1&keyItem=member
INFO: [ app_begin ] --START--
INFO: Run Behavior\ReadHtmlCacheBehavior [ RunTime:0.000687s ]
INFO: [ app_begin ] --END-- [ RunTime:0.001232s ]
NOTIC: [2048] Declaration of Home\Model\MemberModel::isExistsMemberId() should be compatible with Home\Model\CommonModel::isExistsMemberId($member_id = '') D:\wamp\www\think_blog\Application\Home\Model\MemberModel.class.php 第 6 行.
SQL: SHOW COLUMNS FROM `member` [ RunTime:0.0041s ]
SQL: SELECT m.id AS `member_id`,m.member_name AS `member_name`,m.sex AS `sex`,m.head_pic AS `head_pic`,m.hitnum AS `hitnum` FROM member m LEFT JOIN friends f ON m.id=f.member_id  WHERE m.member_name LIKE '%username1%' GROUP BY m.id LIMIT 0,0   [ RunTime:0.0003s ]
SQL: SELECT COUNT(m.id) AS `count` FROM member m LEFT JOIN friends f ON m.id=f.member_id AND f.fans_id=29  WHERE `member_name` LIKE '%username1%'  [ RunTime:0.0003s ]
SQL: SHOW COLUMNS FROM `friends` [ RunTime:0.0048s ]
SQL: SELECT `member_id` FROM `friends` WHERE `fans_id` = 29  [ RunTime:0.0004s ]
SQL: SELECT COUNT(DISTINCT f.member_id) AS `focus_count` FROM member m LEFT JOIN friends f ON m.id=f.fans_id  WHERE m.id IN ('') GROUP BY m.id LIMIT 0,0   [ RunTime:0.0002s ]
SQL: SELECT COUNT(DISTINCT f.fans_id) AS `fans_count` FROM member m LEFT JOIN friends f ON m.id=f.member_id  WHERE m.id IN ('') GROUP BY m.id LIMIT 0,0   [ RunTime:0.0004s ]
NOTIC: [2] Division by zero D:\wamp\www\think_blog\Application\Home\Controller\IndexController.class.php 第 93 行.

[ 2016-11-17T16:18:00+08:00 ] ::1 /think_blog/Home/Index/search?page=1&page_size=10&key=username1&keyItem=member
INFO: [ app_begin ] --START--
INFO: Run Behavior\ReadHtmlCacheBehavior [ RunTime:0.000783s ]
INFO: [ app_begin ] --END-- [ RunTime:0.001415s ]
NOTIC: [2048] Declaration of Home\Model\MemberModel::isExistsMemberId() should be compatible with Home\Model\CommonModel::isExistsMemberId($member_id = '') D:\wamp\www\think_blog\Application\Home\Model\MemberModel.class.php 第 6 行.
SQL: SHOW COLUMNS FROM `member` [ RunTime:0.0036s ]

[ 2016-11-17T16:18:17+08:00 ] ::1 /think_blog/Home/Index/search?page=1&page_size=20&key=username1&keyItem=member
INFO: [ app_begin ] --START--
INFO: Run Behavior\ReadHtmlCacheBehavior [ RunTime:0.000801s ]
INFO: [ app_begin ] --END-- [ RunTime:0.001306s ]
NOTIC: [2048] Declaration of Home\Model\MemberModel::isExistsMemberId() should be compatible with Home\Model\CommonModel::isExistsMemberId($member_id = '') D:\wamp\www\think_blog\Application\Home\Model\MemberModel.class.php 第 6 行.
SQL: SHOW COLUMNS FROM `member` [ RunTime:0.0047s ]
SQL: SELECT m.id AS `member_id`,m.member_name AS `member_name`,m.sex AS `sex`,m.head_pic AS `head_pic`,m.hitnum AS `hitnum` FROM member m LEFT JOIN friends f ON m.id=f.member_id  WHERE m.member_name LIKE '%username1%' GROUP BY m.id LIMIT 0,20   [ RunTime:0.0004s ]
SQL: SELECT COUNT(m.id) AS `count` FROM member m LEFT JOIN friends f ON m.id=f.member_id AND f.fans_id=29  WHERE `member_name` LIKE '%username1%'  [ RunTime:0.0003s ]
SQL: SHOW COLUMNS FROM `friends` [ RunTime:0.0038s ]
SQL: SELECT `member_id` FROM `friends` WHERE `fans_id` = 29  [ RunTime:0.0003s ]
SQL: SELECT COUNT(DISTINCT f.member_id) AS `focus_count` FROM member m LEFT JOIN friends f ON m.id=f.fans_id  WHERE m.id IN ('48','50','53','54','73','74','76','77','78') GROUP BY m.id LIMIT 0,20   [ RunTime:0.0004s ]
SQL: SELECT COUNT(DISTINCT f.fans_id) AS `fans_count` FROM member m LEFT JOIN friends f ON m.id=f.member_id  WHERE m.id IN ('48','50','53','54','73','74','76','77','78') GROUP BY m.id LIMIT 0,20   [ RunTime:0.0004s ]

[ 2016-11-17T16:18:19+08:00 ] ::1 /think_blog/Home/Index/search?page=1&page_size=30&key=username1&keyItem=member
INFO: [ app_begin ] --START--
INFO: Run Behavior\ReadHtmlCacheBehavior [ RunTime:0.000715s ]
INFO: [ app_begin ] --END-- [ RunTime:0.001201s ]
NOTIC: [2048] Declaration of Home\Model\MemberModel::isExistsMemberId() should be compatible with Home\Model\CommonModel::isExistsMemberId($member_id = '') D:\wamp\www\think_blog\Application\Home\Model\MemberModel.class.php 第 6 行.
SQL: SHOW COLUMNS FROM `member` [ RunTime:0.0042s ]
SQL: SELECT m.id AS `member_id`,m.member_name AS `member_name`,m.sex AS `sex`,m.head_pic AS `head_pic`,m.hitnum AS `hitnum` FROM member m LEFT JOIN friends f ON m.id=f.member_id  WHERE m.member_name LIKE '%username1%' GROUP BY m.id LIMIT 0,30   [ RunTime:0.0004s ]
SQL: SELECT COUNT(m.id) AS `count` FROM member m LEFT JOIN friends f ON m.id=f.member_id AND f.fans_id=29  WHERE `member_name` LIKE '%username1%'  [ RunTime:0.0003s ]
SQL: SHOW COLUMNS FROM `friends` [ RunTime:0.0044s ]
SQL: SELECT `member_id` FROM `friends` WHERE `fans_id` = 29  [ RunTime:0.0004s ]
SQL: SELECT COUNT(DISTINCT f.member_id) AS `focus_count` FROM member m LEFT JOIN friends f ON m.id=f.fans_id  WHERE m.id IN ('48','50','53','54','73','74','76','77','78') GROUP BY m.id LIMIT 0,30   [ RunTime:0.0005s ]
SQL: SELECT COUNT(DISTINCT f.fans_id) AS `fans_count` FROM member m LEFT JOIN friends f ON m.id=f.member_id  WHERE m.id IN ('48','50','53','54','73','74','76','77','78') GROUP BY m.id LIMIT 0,30   [ RunTime:0.0004s ]

[ 2016-11-17T16:18:22+08:00 ] ::1 /think_blog/Home/Index/search?page=1&page_size=20&key=username1&keyItem=member
INFO: [ app_begin ] --START--
INFO: Run Behavior\ReadHtmlCacheBehavior [ RunTime:0.000736s ]
INFO: [ app_begin ] --END-- [ RunTime:0.001223s ]
NOTIC: [2048] Declaration of Home\Model\MemberModel::isExistsMemberId() should be compatible with Home\Model\CommonModel::isExistsMemberId($member_id = '') D:\wamp\www\think_blog\Application\Home\Model\MemberModel.class.php 第 6 行.
SQL: SHOW COLUMNS FROM `member` [ RunTime:0.0040s ]
SQL: SELECT m.id AS `member_id`,m.member_name AS `member_name`,m.sex AS `sex`,m.head_pic AS `head_pic`,m.hitnum AS `hitnum` FROM member m LEFT JOIN friends f ON m.id=f.member_id  WHERE m.member_name LIKE '%username1%' GROUP BY m.id LIMIT 0,20   [ RunTime:0.0004s ]
SQL: SELECT COUNT(m.id) AS `count` FROM member m LEFT JOIN friends f ON m.id=f.member_id AND f.fans_id=29  WHERE `member_name` LIKE '%username1%'  [ RunTime:0.0003s ]
SQL: SHOW COLUMNS FROM `friends` [ RunTime:0.0034s ]
SQL: SELECT `member_id` FROM `friends` WHERE `fans_id` = 29  [ RunTime:0.0003s ]
SQL: SELECT COUNT(DISTINCT f.member_id) AS `focus_count` FROM member m LEFT JOIN friends f ON m.id=f.fans_id  WHERE m.id IN ('48','50','53','54','73','74','76','77','78') GROUP BY m.id LIMIT 0,20   [ RunTime:0.0004s ]
SQL: SELECT COUNT(DISTINCT f.fans_id) AS `fans_count` FROM member m LEFT JOIN friends f ON m.id=f.member_id  WHERE m.id IN ('48','50','53','54','73','74','76','77','78') GROUP BY m.id LIMIT 0,20   [ RunTime:0.0004s ]

[ 2016-11-17T16:20:58+08:00 ] ::1 /think_blog/Home/Index/search?page=1&page_size=20&key=%E7%9A%84&keyItem=article
INFO: [ app_begin ] --START--
INFO: Run Behavior\ReadHtmlCacheBehavior [ RunTime:0.000762s ]
INFO: [ app_begin ] --END-- [ RunTime:0.001366s ]
SQL: SHOW COLUMNS FROM `article` [ RunTime:0.0105s ]
SQL: SELECT a.id AS `article_id`,a.title AS `title`,date_format(a.create_time,'%Y-%m-%d') AS `create_time`,a.member_id AS `member_id`,m.member_name AS `member_name` FROM article a LEFT JOIN member m ON a.member_id=m.id  WHERE a.title LIKE '%的%' LIMIT 0,20   [ RunTime:0.0004s ]
SQL: SELECT COUNT(a.id) AS `count` FROM article a LEFT JOIN member m ON a.member_id=m.id  WHERE a.title LIKE '%的%'  [ RunTime:0.0003s ]

[ 2016-11-17T16:21:00+08:00 ] ::1 /think_blog/Home/Index/search?page=1&page_size=30&key=%E7%9A%84&keyItem=article
INFO: [ app_begin ] --START--
INFO: Run Behavior\ReadHtmlCacheBehavior [ RunTime:0.000691s ]
INFO: [ app_begin ] --END-- [ RunTime:0.001194s ]
SQL: SHOW COLUMNS FROM `article` [ RunTime:0.0040s ]
SQL: SELECT a.id AS `article_id`,a.title AS `title`,date_format(a.create_time,'%Y-%m-%d') AS `create_time`,a.member_id AS `member_id`,m.member_name AS `member_name` FROM article a LEFT JOIN member m ON a.member_id=m.id  WHERE a.title LIKE '%的%' LIMIT 0,30   [ RunTime:0.0004s ]
SQL: SELECT COUNT(a.id) AS `count` FROM article a LEFT JOIN member m ON a.member_id=m.id  WHERE a.title LIKE '%的%'  [ RunTime:0.0003s ]

[ 2016-11-17T16:21:02+08:00 ] ::1 /think_blog/Home/Index/search?page=1&page_size=40&key=%E7%9A%84&keyItem=article
INFO: [ app_begin ] --START--
INFO: Run Behavior\ReadHtmlCacheBehavior [ RunTime:0.000711s ]
INFO: [ app_begin ] --END-- [ RunTime:0.001178s ]
SQL: SHOW COLUMNS FROM `article` [ RunTime:0.0040s ]
SQL: SELECT a.id AS `article_id`,a.title AS `title`,date_format(a.create_time,'%Y-%m-%d') AS `create_time`,a.member_id AS `member_id`,m.member_name AS `member_name` FROM article a LEFT JOIN member m ON a.member_id=m.id  WHERE a.title LIKE '%的%' LIMIT 0,40   [ RunTime:0.0004s ]
SQL: SELECT COUNT(a.id) AS `count` FROM article a LEFT JOIN member m ON a.member_id=m.id  WHERE a.title LIKE '%的%'  [ RunTime:0.0003s ]

[ 2016-11-17T21:44:09+08:00 ] ::1 /think_blog/Home/Article/personInfo
INFO: [ app_begin ] --START--
INFO: Run Behavior\ReadHtmlCacheBehavior [ RunTime:0.000542s ]
INFO: [ app_begin ] --END-- [ RunTime:0.000924s ]
SQL: SHOW COLUMNS FROM `article` [ RunTime:0.0043s ]
SQL: SHOW COLUMNS FROM `member` [ RunTime:0.0039s ]
SQL: SELECT a.id AS `article_id`,a.title AS `title`,a.content AS `content`,a.hitnum AS `hitnum`,a.create_time AS `create_time`,a.member_id AS `member_id`,m.member_name AS `member_name`,a.article_type_id AS `article_type_id`,at.article_type_name AS `article_type_name`,COUNT(ac.id) AS `article_comment_count` FROM `member` `m` LEFT JOIN article a ON a.member_id=m.id LEFT JOIN article_type at ON a.article_type_id=at.id LEFT JOIN article_comment ac ON a.id=ac.article_id  WHERE a.id = '3' GROUP BY a.id  [ RunTime:0.0005s ]

[ 2016-11-17T21:44:09+08:00 ] ::1 /think_blog/Home/ArticleType/getPersonArticleType
INFO: [ app_begin ] --START--
INFO: Run Behavior\ReadHtmlCacheBehavior [ RunTime:0.000383s ]
INFO: [ app_begin ] --END-- [ RunTime:0.000708s ]
SQL: SHOW COLUMNS FROM `article_type` [ RunTime:0.0038s ]
SQL: SELECT `id`,`article_type_name` FROM article_type at WHERE at.member_id = '29'  [ RunTime:0.0003s ]

[ 2016-11-17T21:45:13+08:00 ] ::1 /think_blog/Home/ArticleType/getPersonArticleType
INFO: [ app_begin ] --START--
INFO: Run Behavior\ReadHtmlCacheBehavior [ RunTime:0.000518s ]
INFO: [ app_begin ] --END-- [ RunTime:0.000903s ]
SQL: SHOW COLUMNS FROM `article_type` [ RunTime:0.0038s ]
SQL: SELECT `id`,`article_type_name` FROM article_type at WHERE at.member_id = '29'  [ RunTime:0.0003s ]

[ 2016-11-17T21:45:17+08:00 ] ::1 /think_blog/Home/Article/personInfo
INFO: [ app_begin ] --START--
INFO: Run Behavior\ReadHtmlCacheBehavior [ RunTime:0.000361s ]
INFO: [ app_begin ] --END-- [ RunTime:0.000712s ]
SQL: SHOW COLUMNS FROM `article` [ RunTime:0.0039s ]
SQL: SHOW COLUMNS FROM `member` [ RunTime:0.0043s ]
SQL: SELECT a.id AS `article_id`,a.title AS `title`,a.content AS `content`,a.hitnum AS `hitnum`,a.create_time AS `create_time`,a.member_id AS `member_id`,m.member_name AS `member_name`,a.article_type_id AS `article_type_id`,at.article_type_name AS `article_type_name`,COUNT(ac.id) AS `article_comment_count` FROM `member` `m` LEFT JOIN article a ON a.member_id=m.id LEFT JOIN article_type at ON a.article_type_id=at.id LEFT JOIN article_comment ac ON a.id=ac.article_id  WHERE a.id = '3' GROUP BY a.id  [ RunTime:0.0005s ]

[ 2016-11-17T21:45:17+08:00 ] ::1 /think_blog/Home/ArticleType/getPersonArticleType
INFO: [ app_begin ] --START--
INFO: Run Behavior\ReadHtmlCacheBehavior [ RunTime:0.000381s ]
INFO: [ app_begin ] --END-- [ RunTime:0.000690s ]
SQL: SHOW COLUMNS FROM `article_type` [ RunTime:0.0034s ]
SQL: SELECT `id`,`article_type_name` FROM article_type at WHERE at.member_id = '29'  [ RunTime:0.0003s ]

[ 2016-11-17T21:46:01+08:00 ] ::1 /think_blog/Home/Article/personInfo
INFO: [ app_begin ] --START--
INFO: Run Behavior\ReadHtmlCacheBehavior [ RunTime:0.000454s ]
INFO: [ app_begin ] --END-- [ RunTime:0.000864s ]
SQL: SHOW COLUMNS FROM `article` [ RunTime:0.0040s ]
SQL: SHOW COLUMNS FROM `member` [ RunTime:0.0042s ]
SQL: SELECT a.id AS `article_id`,a.title AS `title`,a.content AS `content`,a.hitnum AS `hitnum`,a.create_time AS `create_time`,a.member_id AS `member_id`,m.member_name AS `member_name`,a.article_type_id AS `article_type_id`,at.article_type_name AS `article_type_name`,COUNT(ac.id) AS `article_comment_count` FROM `member` `m` LEFT JOIN article a ON a.member_id=m.id LEFT JOIN article_type at ON a.article_type_id=at.id LEFT JOIN article_comment ac ON a.id=ac.article_id  WHERE a.id = '10' GROUP BY a.id  [ RunTime:0.0004s ]

[ 2016-11-17T21:46:01+08:00 ] ::1 /think_blog/Home/ArticleType/getPersonArticleType
INFO: [ app_begin ] --START--
INFO: Run Behavior\ReadHtmlCacheBehavior [ RunTime:0.000350s ]
INFO: [ app_begin ] --END-- [ RunTime:0.000683s ]
SQL: SHOW COLUMNS FROM `article_type` [ RunTime:0.0036s ]
SQL: SELECT `id`,`article_type_name` FROM article_type at WHERE at.member_id = '29'  [ RunTime:0.0003s ]

[ 2016-11-17T21:46:46+08:00 ] ::1 /think_blog/Home/Article/personInfo
INFO: [ app_begin ] --START--
INFO: Run Behavior\ReadHtmlCacheBehavior [ RunTime:0.000546s ]
INFO: [ app_begin ] --END-- [ RunTime:0.000955s ]
SQL: SHOW COLUMNS FROM `article` [ RunTime:0.0046s ]
SQL: SHOW COLUMNS FROM `member` [ RunTime:0.0046s ]
SQL: SELECT a.id AS `article_id`,a.title AS `title`,a.content AS `content`,a.hitnum AS `hitnum`,a.create_time AS `create_time`,a.member_id AS `member_id`,m.member_name AS `member_name`,a.article_type_id AS `article_type_id`,at.article_type_name AS `article_type_name`,COUNT(ac.id) AS `article_comment_count` FROM `member` `m` LEFT JOIN article a ON a.member_id=m.id LEFT JOIN article_type at ON a.article_type_id=at.id LEFT JOIN article_comment ac ON a.id=ac.article_id  WHERE a.id = '29' GROUP BY a.id  [ RunTime:0.0011s ]

[ 2016-11-17T21:46:46+08:00 ] ::1 /think_blog/Home/ArticleType/getPersonArticleType
INFO: [ app_begin ] --START--
INFO: Run Behavior\ReadHtmlCacheBehavior [ RunTime:0.000400s ]
INFO: [ app_begin ] --END-- [ RunTime:0.000756s ]
SQL: SHOW COLUMNS FROM `article_type` [ RunTime:0.0034s ]
SQL: SELECT `id`,`article_type_name` FROM article_type at WHERE at.member_id = '29'  [ RunTime:0.0002s ]

[ 2016-11-17T21:47:22+08:00 ] ::1 /think_blog/Home/Article/personInfo
INFO: [ app_begin ] --START--
INFO: Run Behavior\ReadHtmlCacheBehavior [ RunTime:0.000587s ]
INFO: [ app_begin ] --END-- [ RunTime:0.001017s ]
SQL: SHOW COLUMNS FROM `article` [ RunTime:0.0044s ]
SQL: SHOW COLUMNS FROM `member` [ RunTime:0.0044s ]
SQL: SELECT a.id AS `article_id`,a.title AS `title`,a.content AS `content`,a.hitnum AS `hitnum`,a.create_time AS `create_time`,a.member_id AS `member_id`,m.member_name AS `member_name`,a.article_type_id AS `article_type_id`,at.article_type_name AS `article_type_name`,COUNT(ac.id) AS `article_comment_count` FROM `member` `m` LEFT JOIN article a ON a.member_id=m.id LEFT JOIN article_type at ON a.article_type_id=at.id LEFT JOIN article_comment ac ON a.id=ac.article_id  WHERE a.id = '29' GROUP BY a.id  [ RunTime:0.0004s ]

[ 2016-11-17T21:47:22+08:00 ] ::1 /think_blog/Home/ArticleType/getPersonArticleType
INFO: [ app_begin ] --START--
INFO: Run Behavior\ReadHtmlCacheBehavior [ RunTime:0.000374s ]
INFO: [ app_begin ] --END-- [ RunTime:0.000725s ]
SQL: SHOW COLUMNS FROM `article_type` [ RunTime:0.0035s ]
SQL: SELECT `id`,`article_type_name` FROM article_type at WHERE at.member_id = '29'  [ RunTime:0.0003s ]

[ 2016-11-17T21:49:01+08:00 ] ::1 /think_blog/Home/Article/personInfo
INFO: [ app_begin ] --START--
INFO: Run Behavior\ReadHtmlCacheBehavior [ RunTime:0.000718s ]
INFO: [ app_begin ] --END-- [ RunTime:0.001413s ]
SQL: SHOW COLUMNS FROM `article` [ RunTime:0.0038s ]
SQL: SHOW COLUMNS FROM `member` [ RunTime:0.0036s ]
SQL: SELECT a.id AS `article_id`,a.title AS `title`,a.content AS `content`,a.hitnum AS `hitnum`,a.create_time AS `create_time`,a.member_id AS `member_id`,m.member_name AS `member_name`,a.article_type_id AS `article_type_id`,at.article_type_name AS `article_type_name`,COUNT(ac.id) AS `article_comment_count` FROM `member` `m` LEFT JOIN article a ON a.member_id=m.id LEFT JOIN article_type at ON a.article_type_id=at.id LEFT JOIN article_comment ac ON a.id=ac.article_id  WHERE a.id = '29' GROUP BY a.id  [ RunTime:0.0004s ]

[ 2016-11-17T21:49:01+08:00 ] ::1 /think_blog/Home/ArticleType/getPersonArticleType
INFO: [ app_begin ] --START--
INFO: Run Behavior\ReadHtmlCacheBehavior [ RunTime:0.000372s ]
INFO: [ app_begin ] --END-- [ RunTime:0.000721s ]
SQL: SHOW COLUMNS FROM `article_type` [ RunTime:0.0036s ]
SQL: SELECT `id`,`article_type_name` FROM article_type at WHERE at.member_id = '29'  [ RunTime:0.0003s ]

[ 2016-11-17T21:49:36+08:00 ] ::1 /think_blog/Home/Article/personInfo
INFO: [ app_begin ] --START--
INFO: Run Behavior\ReadHtmlCacheBehavior [ RunTime:0.000503s ]
INFO: [ app_begin ] --END-- [ RunTime:0.000891s ]
SQL: SHOW COLUMNS FROM `article` [ RunTime:0.0040s ]
SQL: SHOW COLUMNS FROM `member` [ RunTime:0.0039s ]
SQL: SELECT a.id AS `article_id`,a.title AS `title`,a.content AS `content`,a.hitnum AS `hitnum`,a.create_time AS `create_time`,a.member_id AS `member_id`,m.member_name AS `member_name`,a.article_type_id AS `article_type_id`,at.article_type_name AS `article_type_name`,COUNT(ac.id) AS `article_comment_count` FROM `member` `m` LEFT JOIN article a ON a.member_id=m.id LEFT JOIN article_type at ON a.article_type_id=at.id LEFT JOIN article_comment ac ON a.id=ac.article_id  WHERE a.id = '29' GROUP BY a.id  [ RunTime:0.0006s ]

[ 2016-11-17T21:49:36+08:00 ] ::1 /think_blog/Home/ArticleType/getPersonArticleType
INFO: [ app_begin ] --START--
INFO: Run Behavior\ReadHtmlCacheBehavior [ RunTime:0.000384s ]
INFO: [ app_begin ] --END-- [ RunTime:0.000801s ]
SQL: SHOW COLUMNS FROM `article_type` [ RunTime:0.0036s ]
SQL: SELECT `id`,`article_type_name` FROM article_type at WHERE at.member_id = '29'  [ RunTime:0.0003s ]

[ 2016-11-17T21:50:04+08:00 ] ::1 /think_blog/Home/Article/personInfo
INFO: [ app_begin ] --START--
INFO: Run Behavior\ReadHtmlCacheBehavior [ RunTime:0.000368s ]
INFO: [ app_begin ] --END-- [ RunTime:0.000713s ]
SQL: SHOW COLUMNS FROM `article` [ RunTime:0.0045s ]
SQL: SHOW COLUMNS FROM `member` [ RunTime:0.0045s ]
SQL: SELECT a.id AS `article_id`,a.title AS `title`,a.content AS `content`,a.hitnum AS `hitnum`,a.create_time AS `create_time`,a.member_id AS `member_id`,m.member_name AS `member_name`,a.article_type_id AS `article_type_id`,at.article_type_name AS `article_type_name`,COUNT(ac.id) AS `article_comment_count` FROM `member` `m` LEFT JOIN article a ON a.member_id=m.id LEFT JOIN article_type at ON a.article_type_id=at.id LEFT JOIN article_comment ac ON a.id=ac.article_id  WHERE a.id = '29' GROUP BY a.id  [ RunTime:0.0004s ]

[ 2016-11-17T21:50:04+08:00 ] ::1 /think_blog/Home/ArticleType/getPersonArticleType
INFO: [ app_begin ] --START--
INFO: Run Behavior\ReadHtmlCacheBehavior [ RunTime:0.000361s ]
INFO: [ app_begin ] --END-- [ RunTime:0.000723s ]
SQL: SHOW COLUMNS FROM `article_type` [ RunTime:0.0035s ]
SQL: SELECT `id`,`article_type_name` FROM article_type at WHERE at.member_id = '29'  [ RunTime:0.0003s ]

[ 2016-11-17T21:50:28+08:00 ] ::1 /think_blog/Home/Article/personInfo
INFO: [ app_begin ] --START--
INFO: Run Behavior\ReadHtmlCacheBehavior [ RunTime:0.000440s ]
INFO: [ app_begin ] --END-- [ RunTime:0.000820s ]
SQL: SHOW COLUMNS FROM `article` [ RunTime:0.0043s ]
SQL: SHOW COLUMNS FROM `member` [ RunTime:0.0040s ]
SQL: SELECT a.id AS `article_id`,a.title AS `title`,a.content AS `content`,a.hitnum AS `hitnum`,a.create_time AS `create_time`,a.member_id AS `member_id`,m.member_name AS `member_name`,a.article_type_id AS `article_type_id`,at.article_type_name AS `article_type_name`,COUNT(ac.id) AS `article_comment_count` FROM `member` `m` LEFT JOIN article a ON a.member_id=m.id LEFT JOIN article_type at ON a.article_type_id=at.id LEFT JOIN article_comment ac ON a.id=ac.article_id  WHERE a.id = '29' GROUP BY a.id  [ RunTime:0.0005s ]

[ 2016-11-17T21:50:28+08:00 ] ::1 /think_blog/Home/ArticleType/getPersonArticleType
INFO: [ app_begin ] --START--
INFO: Run Behavior\ReadHtmlCacheBehavior [ RunTime:0.000375s ]
INFO: [ app_begin ] --END-- [ RunTime:0.000713s ]
SQL: SHOW COLUMNS FROM `article_type` [ RunTime:0.0044s ]
SQL: SELECT `id`,`article_type_name` FROM article_type at WHERE at.member_id = '29'  [ RunTime:0.0003s ]

[ 2016-11-17T21:51:21+08:00 ] ::1 /think_blog/Home/Article/personInfo
INFO: [ app_begin ] --START--
INFO: Run Behavior\ReadHtmlCacheBehavior [ RunTime:0.000386s ]
INFO: [ app_begin ] --END-- [ RunTime:0.000709s ]
SQL: SHOW COLUMNS FROM `article` [ RunTime:0.0055s ]
SQL: SHOW COLUMNS FROM `member` [ RunTime:0.0043s ]
SQL: SELECT a.id AS `article_id`,a.title AS `title`,a.content AS `content`,a.hitnum AS `hitnum`,a.create_time AS `create_time`,a.member_id AS `member_id`,m.member_name AS `member_name`,a.article_type_id AS `article_type_id`,at.article_type_name AS `article_type_name`,COUNT(ac.id) AS `article_comment_count` FROM `member` `m` LEFT JOIN article a ON a.member_id=m.id LEFT JOIN article_type at ON a.article_type_id=at.id LEFT JOIN article_comment ac ON a.id=ac.article_id  WHERE a.id = '3' GROUP BY a.id  [ RunTime:0.0011s ]

[ 2016-11-17T21:51:21+08:00 ] ::1 /think_blog/Home/ArticleType/getPersonArticleType
INFO: [ app_begin ] --START--
INFO: Run Behavior\ReadHtmlCacheBehavior [ RunTime:0.000375s ]
INFO: [ app_begin ] --END-- [ RunTime:0.000688s ]
SQL: SHOW COLUMNS FROM `article_type` [ RunTime:0.0034s ]
SQL: SELECT `id`,`article_type_name` FROM article_type at WHERE at.member_id = '29'  [ RunTime:0.0003s ]

[ 2016-11-17T21:53:25+08:00 ] ::1 /think_blog/Home/ArticleType/getPersonArticleType
INFO: [ app_begin ] --START--
INFO: Run Behavior\ReadHtmlCacheBehavior [ RunTime:0.000377s ]
INFO: [ app_begin ] --END-- [ RunTime:0.000720s ]
SQL: SHOW COLUMNS FROM `article_type` [ RunTime:0.0038s ]
SQL: SELECT `id`,`article_type_name` FROM article_type at WHERE at.member_id = '29'  [ RunTime:0.0003s ]

[ 2016-11-17T21:53:31+08:00 ] ::1 /think_blog/Home/Article/personInfo
INFO: [ app_begin ] --START--
INFO: Run Behavior\ReadHtmlCacheBehavior [ RunTime:0.000460s ]
INFO: [ app_begin ] --END-- [ RunTime:0.000847s ]
SQL: SHOW COLUMNS FROM `article` [ RunTime:0.0041s ]
SQL: SHOW COLUMNS FROM `member` [ RunTime:0.0046s ]
SQL: SELECT a.id AS `article_id`,a.title AS `title`,a.content AS `content`,a.hitnum AS `hitnum`,a.create_time AS `create_time`,a.member_id AS `member_id`,m.member_name AS `member_name`,a.article_type_id AS `article_type_id`,at.article_type_name AS `article_type_name`,COUNT(ac.id) AS `article_comment_count` FROM `member` `m` LEFT JOIN article a ON a.member_id=m.id LEFT JOIN article_type at ON a.article_type_id=at.id LEFT JOIN article_comment ac ON a.id=ac.article_id  WHERE a.id = '9' GROUP BY a.id  [ RunTime:0.0005s ]

[ 2016-11-17T21:53:31+08:00 ] ::1 /think_blog/Home/ArticleType/getPersonArticleType
INFO: [ app_begin ] --START--
INFO: Run Behavior\ReadHtmlCacheBehavior [ RunTime:0.000429s ]
INFO: [ app_begin ] --END-- [ RunTime:0.000817s ]
SQL: SHOW COLUMNS FROM `article_type` [ RunTime:0.0040s ]
SQL: SELECT `id`,`article_type_name` FROM article_type at WHERE at.member_id = '29'  [ RunTime:0.0003s ]

[ 2016-11-17T21:54:27+08:00 ] ::1 /think_blog/Home/ArticleType/getPersonArticleType
INFO: [ app_begin ] --START--
INFO: Run Behavior\ReadHtmlCacheBehavior [ RunTime:0.000386s ]
INFO: [ app_begin ] --END-- [ RunTime:0.000745s ]
SQL: SHOW COLUMNS FROM `article_type` [ RunTime:0.0046s ]
SQL: SELECT `id`,`article_type_name` FROM article_type at WHERE at.member_id = '29'  [ RunTime:0.0003s ]

[ 2016-11-17T21:54:30+08:00 ] ::1 /think_blog/Home/Article/personInfo
INFO: [ app_begin ] --START--
INFO: Run Behavior\ReadHtmlCacheBehavior [ RunTime:0.000433s ]
INFO: [ app_begin ] --END-- [ RunTime:0.000815s ]
SQL: SHOW COLUMNS FROM `article` [ RunTime:0.0042s ]
SQL: SHOW COLUMNS FROM `member` [ RunTime:0.0051s ]
SQL: SELECT a.id AS `article_id`,a.title AS `title`,a.content AS `content`,a.hitnum AS `hitnum`,a.create_time AS `create_time`,a.member_id AS `member_id`,m.member_name AS `member_name`,a.article_type_id AS `article_type_id`,at.article_type_name AS `article_type_name`,COUNT(ac.id) AS `article_comment_count` FROM `member` `m` LEFT JOIN article a ON a.member_id=m.id LEFT JOIN article_type at ON a.article_type_id=at.id LEFT JOIN article_comment ac ON a.id=ac.article_id  WHERE a.id = '9' GROUP BY a.id  [ RunTime:0.0005s ]

[ 2016-11-17T21:54:30+08:00 ] ::1 /think_blog/Home/ArticleType/getPersonArticleType
INFO: [ app_begin ] --START--
INFO: Run Behavior\ReadHtmlCacheBehavior [ RunTime:0.000381s ]
INFO: [ app_begin ] --END-- [ RunTime:0.000703s ]
SQL: SHOW COLUMNS FROM `article_type` [ RunTime:0.0033s ]
SQL: SELECT `id`,`article_type_name` FROM article_type at WHERE at.member_id = '29'  [ RunTime:0.0003s ]

[ 2016-11-17T21:54:50+08:00 ] ::1 /think_blog/Home/Article/personInfo
INFO: [ app_begin ] --START--
INFO: Run Behavior\ReadHtmlCacheBehavior [ RunTime:0.000440s ]
INFO: [ app_begin ] --END-- [ RunTime:0.000826s ]
SQL: SHOW COLUMNS FROM `article` [ RunTime:0.0041s ]
SQL: SHOW COLUMNS FROM `member` [ RunTime:0.0039s ]
SQL: SELECT a.id AS `article_id`,a.title AS `title`,a.content AS `content`,a.hitnum AS `hitnum`,a.create_time AS `create_time`,a.member_id AS `member_id`,m.member_name AS `member_name`,a.article_type_id AS `article_type_id`,at.article_type_name AS `article_type_name`,COUNT(ac.id) AS `article_comment_count` FROM `member` `m` LEFT JOIN article a ON a.member_id=m.id LEFT JOIN article_type at ON a.article_type_id=at.id LEFT JOIN article_comment ac ON a.id=ac.article_id  WHERE a.id = '29' GROUP BY a.id  [ RunTime:0.0006s ]

[ 2016-11-17T21:54:50+08:00 ] ::1 /think_blog/Home/ArticleType/getPersonArticleType
INFO: [ app_begin ] --START--
INFO: Run Behavior\ReadHtmlCacheBehavior [ RunTime:0.000379s ]
INFO: [ app_begin ] --END-- [ RunTime:0.000699s ]
SQL: SHOW COLUMNS FROM `article_type` [ RunTime:0.0037s ]
SQL: SELECT `id`,`article_type_name` FROM article_type at WHERE at.member_id = '29'  [ RunTime:0.0003s ]

[ 2016-11-17T21:54:53+08:00 ] ::1 /think_blog/Home/Article/personInfo
INFO: [ app_begin ] --START--
INFO: Run Behavior\ReadHtmlCacheBehavior [ RunTime:0.000448s ]
INFO: [ app_begin ] --END-- [ RunTime:0.000846s ]
SQL: SHOW COLUMNS FROM `article` [ RunTime:0.0040s ]
SQL: SHOW COLUMNS FROM `member` [ RunTime:0.0041s ]
SQL: SELECT a.id AS `article_id`,a.title AS `title`,a.content AS `content`,a.hitnum AS `hitnum`,a.create_time AS `create_time`,a.member_id AS `member_id`,m.member_name AS `member_name`,a.article_type_id AS `article_type_id`,at.article_type_name AS `article_type_name`,COUNT(ac.id) AS `article_comment_count` FROM `member` `m` LEFT JOIN article a ON a.member_id=m.id LEFT JOIN article_type at ON a.article_type_id=at.id LEFT JOIN article_comment ac ON a.id=ac.article_id  WHERE a.id = '3' GROUP BY a.id  [ RunTime:0.0004s ]

[ 2016-11-17T21:54:53+08:00 ] ::1 /think_blog/Home/ArticleType/getPersonArticleType
INFO: [ app_begin ] --START--
INFO: Run Behavior\ReadHtmlCacheBehavior [ RunTime:0.000378s ]
INFO: [ app_begin ] --END-- [ RunTime:0.000695s ]
SQL: SHOW COLUMNS FROM `article_type` [ RunTime:0.0038s ]
SQL: SELECT `id`,`article_type_name` FROM article_type at WHERE at.member_id = '29'  [ RunTime:0.0003s ]

[ 2016-11-17T21:54:56+08:00 ] ::1 /think_blog/Home/Article/personInfo
INFO: [ app_begin ] --START--
INFO: Run Behavior\ReadHtmlCacheBehavior [ RunTime:0.000432s ]
INFO: [ app_begin ] --END-- [ RunTime:0.000821s ]
SQL: SHOW COLUMNS FROM `article` [ RunTime:0.0039s ]
SQL: SHOW COLUMNS FROM `member` [ RunTime:0.0038s ]
SQL: SELECT a.id AS `article_id`,a.title AS `title`,a.content AS `content`,a.hitnum AS `hitnum`,a.create_time AS `create_time`,a.member_id AS `member_id`,m.member_name AS `member_name`,a.article_type_id AS `article_type_id`,at.article_type_name AS `article_type_name`,COUNT(ac.id) AS `article_comment_count` FROM `member` `m` LEFT JOIN article a ON a.member_id=m.id LEFT JOIN article_type at ON a.article_type_id=at.id LEFT JOIN article_comment ac ON a.id=ac.article_id  WHERE a.id = '9' GROUP BY a.id  [ RunTime:0.0004s ]

[ 2016-11-17T21:54:56+08:00 ] ::1 /think_blog/Home/ArticleType/getPersonArticleType
INFO: [ app_begin ] --START--
INFO: Run Behavior\ReadHtmlCacheBehavior [ RunTime:0.000376s ]
INFO: [ app_begin ] --END-- [ RunTime:0.000690s ]
SQL: SHOW COLUMNS FROM `article_type` [ RunTime:0.0036s ]
SQL: SELECT `id`,`article_type_name` FROM article_type at WHERE at.member_id = '29'  [ RunTime:0.0003s ]

[ 2016-11-17T21:54:59+08:00 ] ::1 /think_blog/Home/Article/personInfo
INFO: [ app_begin ] --START--
INFO: Run Behavior\ReadHtmlCacheBehavior [ RunTime:0.000507s ]
INFO: [ app_begin ] --END-- [ RunTime:0.000937s ]
SQL: SHOW COLUMNS FROM `article` [ RunTime:0.0041s ]
SQL: SHOW COLUMNS FROM `member` [ RunTime:0.0040s ]
SQL: SELECT a.id AS `article_id`,a.title AS `title`,a.content AS `content`,a.hitnum AS `hitnum`,a.create_time AS `create_time`,a.member_id AS `member_id`,m.member_name AS `member_name`,a.article_type_id AS `article_type_id`,at.article_type_name AS `article_type_name`,COUNT(ac.id) AS `article_comment_count` FROM `member` `m` LEFT JOIN article a ON a.member_id=m.id LEFT JOIN article_type at ON a.article_type_id=at.id LEFT JOIN article_comment ac ON a.id=ac.article_id  WHERE a.id = '10' GROUP BY a.id  [ RunTime:0.0005s ]

[ 2016-11-17T21:54:59+08:00 ] ::1 /think_blog/Home/ArticleType/getPersonArticleType
INFO: [ app_begin ] --START--
INFO: Run Behavior\ReadHtmlCacheBehavior [ RunTime:0.000356s ]
INFO: [ app_begin ] --END-- [ RunTime:0.000676s ]
SQL: SHOW COLUMNS FROM `article_type` [ RunTime:0.0038s ]
SQL: SELECT `id`,`article_type_name` FROM article_type at WHERE at.member_id = '29'  [ RunTime:0.0003s ]

[ 2016-11-17T21:55:02+08:00 ] ::1 /think_blog/Home/Article/personInfo
INFO: [ app_begin ] --START--
INFO: Run Behavior\ReadHtmlCacheBehavior [ RunTime:0.000791s ]
INFO: [ app_begin ] --END-- [ RunTime:0.001243s ]
SQL: SHOW COLUMNS FROM `article` [ RunTime:0.0039s ]
SQL: SHOW COLUMNS FROM `member` [ RunTime:0.0042s ]
SQL: SELECT a.id AS `article_id`,a.title AS `title`,a.content AS `content`,a.hitnum AS `hitnum`,a.create_time AS `create_time`,a.member_id AS `member_id`,m.member_name AS `member_name`,a.article_type_id AS `article_type_id`,at.article_type_name AS `article_type_name`,COUNT(ac.id) AS `article_comment_count` FROM `member` `m` LEFT JOIN article a ON a.member_id=m.id LEFT JOIN article_type at ON a.article_type_id=at.id LEFT JOIN article_comment ac ON a.id=ac.article_id  WHERE a.id = '15' GROUP BY a.id  [ RunTime:0.0005s ]

[ 2016-11-17T21:55:02+08:00 ] ::1 /think_blog/Home/ArticleType/getPersonArticleType
INFO: [ app_begin ] --START--
INFO: Run Behavior\ReadHtmlCacheBehavior [ RunTime:0.000356s ]
INFO: [ app_begin ] --END-- [ RunTime:0.000705s ]
SQL: SHOW COLUMNS FROM `article_type` [ RunTime:0.0036s ]
SQL: SELECT `id`,`article_type_name` FROM article_type at WHERE at.member_id = '29'  [ RunTime:0.0003s ]

[ 2016-11-17T21:55:06+08:00 ] ::1 /think_blog/Home/Article/personInfo
INFO: [ app_begin ] --START--
INFO: Run Behavior\ReadHtmlCacheBehavior [ RunTime:0.000431s ]
INFO: [ app_begin ] --END-- [ RunTime:0.000817s ]
SQL: SHOW COLUMNS FROM `article` [ RunTime:0.0040s ]
SQL: SHOW COLUMNS FROM `member` [ RunTime:0.0051s ]
SQL: SELECT a.id AS `article_id`,a.title AS `title`,a.content AS `content`,a.hitnum AS `hitnum`,a.create_time AS `create_time`,a.member_id AS `member_id`,m.member_name AS `member_name`,a.article_type_id AS `article_type_id`,at.article_type_name AS `article_type_name`,COUNT(ac.id) AS `article_comment_count` FROM `member` `m` LEFT JOIN article a ON a.member_id=m.id LEFT JOIN article_type at ON a.article_type_id=at.id LEFT JOIN article_comment ac ON a.id=ac.article_id  WHERE a.id = '26' GROUP BY a.id  [ RunTime:0.0004s ]

[ 2016-11-17T21:55:06+08:00 ] ::1 /think_blog/Home/ArticleType/getPersonArticleType
INFO: [ app_begin ] --START--
INFO: Run Behavior\ReadHtmlCacheBehavior [ RunTime:0.000731s ]
INFO: [ app_begin ] --END-- [ RunTime:0.001571s ]
SQL: SHOW COLUMNS FROM `article_type` [ RunTime:0.0037s ]
SQL: SELECT `id`,`article_type_name` FROM article_type at WHERE at.member_id = '29'  [ RunTime:0.0002s ]

[ 2016-11-17T21:55:11+08:00 ] ::1 /think_blog/Home/Article/personInfo
INFO: [ app_begin ] --START--
INFO: Run Behavior\ReadHtmlCacheBehavior [ RunTime:0.000435s ]
INFO: [ app_begin ] --END-- [ RunTime:0.000822s ]
SQL: SHOW COLUMNS FROM `article` [ RunTime:0.0039s ]
SQL: SHOW COLUMNS FROM `member` [ RunTime:0.0040s ]
SQL: SELECT a.id AS `article_id`,a.title AS `title`,a.content AS `content`,a.hitnum AS `hitnum`,a.create_time AS `create_time`,a.member_id AS `member_id`,m.member_name AS `member_name`,a.article_type_id AS `article_type_id`,at.article_type_name AS `article_type_name`,COUNT(ac.id) AS `article_comment_count` FROM `member` `m` LEFT JOIN article a ON a.member_id=m.id LEFT JOIN article_type at ON a.article_type_id=at.id LEFT JOIN article_comment ac ON a.id=ac.article_id  WHERE a.id = '3' GROUP BY a.id  [ RunTime:0.0004s ]

[ 2016-11-17T21:55:11+08:00 ] ::1 /think_blog/Home/ArticleType/getPersonArticleType
INFO: [ app_begin ] --START--
INFO: Run Behavior\ReadHtmlCacheBehavior [ RunTime:0.000348s ]
INFO: [ app_begin ] --END-- [ RunTime:0.000678s ]
SQL: SHOW COLUMNS FROM `article_type` [ RunTime:0.0039s ]
SQL: SELECT `id`,`article_type_name` FROM article_type at WHERE at.member_id = '29'  [ RunTime:0.0003s ]

[ 2016-11-17T21:55:19+08:00 ] ::1 /think_blog/Home/ArticleType/getPersonArticleType
INFO: [ app_begin ] --START--
INFO: Run Behavior\ReadHtmlCacheBehavior [ RunTime:0.000437s ]
INFO: [ app_begin ] --END-- [ RunTime:0.000846s ]
SQL: SHOW COLUMNS FROM `article_type` [ RunTime:0.0038s ]
SQL: SELECT `id`,`article_type_name` FROM article_type at WHERE at.member_id = '29'  [ RunTime:0.0003s ]

[ 2016-11-17T21:55:42+08:00 ] ::1 /think_blog/Home/ArticleType/personInfo
INFO: [ app_begin ] --START--
INFO: Run Behavior\ReadHtmlCacheBehavior [ RunTime:0.000439s ]
INFO: [ app_begin ] --END-- [ RunTime:0.000824s ]
SQL: SHOW COLUMNS FROM `article_type` [ RunTime:0.0041s ]
SQL: SELECT * FROM `article_type` WHERE `id` = '30'  [ RunTime:0.0003s ]

[ 2016-11-17T21:55:54+08:00 ] ::1 /think_blog/Home/PhotoImg/personInfo
INFO: [ app_begin ] --START--
INFO: Run Behavior\ReadHtmlCacheBehavior [ RunTime:0.000614s ]
INFO: [ app_begin ] --END-- [ RunTime:0.001061s ]
SQL: SHOW COLUMNS FROM `photo_img` [ RunTime:0.0041s ]
SQL: SELECT * FROM `photo_img` WHERE `id` = '2'  [ RunTime:0.0003s ]

[ 2016-11-17T22:05:04+08:00 ] ::1 /think_blog/Home/ArticleType/personInfo
INFO: [ app_begin ] --START--
INFO: Run Behavior\ReadHtmlCacheBehavior [ RunTime:0.000433s ]
INFO: [ app_begin ] --END-- [ RunTime:0.000811s ]
SQL: SHOW COLUMNS FROM `article_type` [ RunTime:0.0040s ]
SQL: SELECT * FROM `article_type` WHERE `id` = '1'  [ RunTime:0.0003s ]

[ 2016-11-17T22:05:12+08:00 ] ::1 /think_blog/Home/Article/personInfo
INFO: [ app_begin ] --START--
INFO: Run Behavior\ReadHtmlCacheBehavior [ RunTime:0.000635s ]
INFO: [ app_begin ] --END-- [ RunTime:0.001094s ]
SQL: SHOW COLUMNS FROM `article` [ RunTime:0.0048s ]
SQL: SHOW COLUMNS FROM `member` [ RunTime:0.0044s ]
SQL: SELECT a.id AS `article_id`,a.title AS `title`,a.content AS `content`,a.hitnum AS `hitnum`,a.create_time AS `create_time`,a.member_id AS `member_id`,m.member_name AS `member_name`,a.article_type_id AS `article_type_id`,at.article_type_name AS `article_type_name`,COUNT(ac.id) AS `article_comment_count` FROM `member` `m` LEFT JOIN article a ON a.member_id=m.id LEFT JOIN article_type at ON a.article_type_id=at.id LEFT JOIN article_comment ac ON a.id=ac.article_id  WHERE a.id = '3' GROUP BY a.id  [ RunTime:0.0004s ]

[ 2016-11-17T22:05:12+08:00 ] ::1 /think_blog/Home/ArticleType/getPersonArticleType
INFO: [ app_begin ] --START--
INFO: Run Behavior\ReadHtmlCacheBehavior [ RunTime:0.000375s ]
INFO: [ app_begin ] --END-- [ RunTime:0.000700s ]
SQL: SHOW COLUMNS FROM `article_type` [ RunTime:0.0038s ]
SQL: SELECT `id`,`article_type_name` FROM article_type at WHERE at.member_id = '29'  [ RunTime:0.0003s ]

[ 2016-11-17T22:05:17+08:00 ] ::1 /think_blog/Home/Photo/personInfo
INFO: [ app_begin ] --START--
INFO: Run Behavior\ReadHtmlCacheBehavior [ RunTime:0.000436s ]
INFO: [ app_begin ] --END-- [ RunTime:0.000834s ]
SQL: SHOW COLUMNS FROM `photo` [ RunTime:0.0039s ]
SQL: SELECT * FROM `photo` WHERE `id` = '1'  [ RunTime:0.0003s ]

[ 2016-11-17T22:06:28+08:00 ] ::1 /think_blog/Home/ArticleType/personInfo
INFO: [ app_begin ] --START--
INFO: Run Behavior\ReadHtmlCacheBehavior [ RunTime:0.000460s ]
INFO: [ app_begin ] --END-- [ RunTime:0.000891s ]
SQL: SHOW COLUMNS FROM `article_type` [ RunTime:0.0037s ]
SQL: SELECT * FROM `article_type` WHERE `id` = '1'  [ RunTime:0.0003s ]

[ 2016-11-17T22:06:31+08:00 ] ::1 /think_blog/Home/ArticleType/personInfo
INFO: [ app_begin ] --START--
INFO: Run Behavior\ReadHtmlCacheBehavior [ RunTime:0.000432s ]
INFO: [ app_begin ] --END-- [ RunTime:0.000811s ]
SQL: SHOW COLUMNS FROM `article_type` [ RunTime:0.0040s ]
SQL: SELECT * FROM `article_type` WHERE `id` = '1'  [ RunTime:0.0003s ]

[ 2016-11-17T22:06:35+08:00 ] ::1 /think_blog/Home/Photo/personInfo
INFO: [ app_begin ] --START--
INFO: Run Behavior\ReadHtmlCacheBehavior [ RunTime:0.000379s ]
INFO: [ app_begin ] --END-- [ RunTime:0.000691s ]
SQL: SHOW COLUMNS FROM `photo` [ RunTime:0.0039s ]
SQL: SELECT * FROM `photo` WHERE `id` = '1'  [ RunTime:0.0003s ]

[ 2016-11-17T22:53:34+08:00 ] ::1 /think_blog/Home/Mess/mess
INFO: [ app_begin ] --START--
INFO: Run Behavior\ReadHtmlCacheBehavior [ RunTime:0.000612s ]
INFO: [ app_begin ] --END-- [ RunTime:0.001051s ]
SQL: SHOW COLUMNS FROM `mess` [ RunTime:0.0045s ]
SQL: INSERT INTO `mess` (`messer_id`,`content`,`messed_id`,`mess_time`) VALUES ('29','&lt;p&gt;留言留言测试&lt;/p&gt;','29','2016-11-17 10:53:34') [ RunTime:0.1024s ]

[ 2016-11-17T22:57:13+08:00 ] ::1 /think_blog/Home/Member/personMess
INFO: [ app_begin ] --START--
INFO: Run Behavior\ReadHtmlCacheBehavior [ RunTime:0.000540s ]
INFO: [ app_begin ] --END-- [ RunTime:0.000939s ]
SQL: SHOW COLUMNS FROM `mess` [ RunTime:0.0043s ]
SQL: SELECT ms.id AS `mess_id`,ms.messer_id AS `messer_id`,m.member_name AS `member_name`,m.head_pic AS `head_pic`,ms.content AS `content`,ms.mess_time AS `mess_time` FROM mess ms INNER JOIN member m ON ms.messer_id=m.id  WHERE ms.messed_id = '29' LIMIT 0,20   [ RunTime:0.0005s ]
SQL: SELECT COUNT(ms.id) as count FROM mess ms INNER JOIN member m ON ms.messer_id=m.id  WHERE ms.messed_id = '29'  [ RunTime:0.0003s ]

[ 2016-11-17T22:57:15+08:00 ] ::1 /think_blog/Home/Member/personMess
INFO: [ app_begin ] --START--
INFO: Run Behavior\ReadHtmlCacheBehavior [ RunTime:0.000782s ]
INFO: [ app_begin ] --END-- [ RunTime:0.002950s ]
SQL: SHOW COLUMNS FROM `mess` [ RunTime:0.0057s ]
SQL: SELECT ms.id AS `mess_id`,ms.messer_id AS `messer_id`,m.member_name AS `member_name`,m.head_pic AS `head_pic`,ms.content AS `content`,ms.mess_time AS `mess_time` FROM mess ms INNER JOIN member m ON ms.messer_id=m.id  WHERE ms.messed_id = '29' LIMIT 0,10   [ RunTime:0.0005s ]
SQL: SELECT COUNT(ms.id) as count FROM mess ms INNER JOIN member m ON ms.messer_id=m.id  WHERE ms.messed_id = '29'  [ RunTime:0.0003s ]

[ 2016-11-17T22:57:18+08:00 ] ::1 /think_blog/Home/Member/personMess
INFO: [ app_begin ] --START--
INFO: Run Behavior\ReadHtmlCacheBehavior [ RunTime:0.000395s ]
INFO: [ app_begin ] --END-- [ RunTime:0.000741s ]
SQL: SHOW COLUMNS FROM `mess` [ RunTime:0.0036s ]
SQL: SELECT ms.id AS `mess_id`,ms.messer_id AS `messer_id`,m.member_name AS `member_name`,m.head_pic AS `head_pic`,ms.content AS `content`,ms.mess_time AS `mess_time` FROM mess ms INNER JOIN member m ON ms.messer_id=m.id  WHERE ms.messed_id = '29' LIMIT 0,20   [ RunTime:0.0004s ]
SQL: SELECT COUNT(ms.id) as count FROM mess ms INNER JOIN member m ON ms.messer_id=m.id  WHERE ms.messed_id = '29'  [ RunTime:0.0002s ]

[ 2016-11-17T23:00:51+08:00 ] ::1 /think_blog/Home/Member/personMess
INFO: [ app_begin ] --START--
INFO: Run Behavior\ReadHtmlCacheBehavior [ RunTime:0.000461s ]
INFO: [ app_begin ] --END-- [ RunTime:0.000885s ]
SQL: SHOW COLUMNS FROM `mess` [ RunTime:0.0037s ]
SQL: SELECT ms.id AS `mess_id`,ms.messer_id AS `messer_id`,m.member_name AS `member_name`,m.head_pic AS `head_pic`,ms.content AS `content`,ms.mess_time AS `mess_time` FROM mess ms INNER JOIN member m ON ms.messer_id=m.id  WHERE ms.messed_id = '29' LIMIT 0,20   [ RunTime:0.0011s ]
SQL: SELECT COUNT(ms.id) as count FROM mess ms INNER JOIN member m ON ms.messer_id=m.id  WHERE ms.messed_id = '29'  [ RunTime:0.0003s ]

[ 2016-11-17T23:04:43+08:00 ] ::1 /think_blog/Home/Member/personMess
INFO: [ app_begin ] --START--
INFO: Run Behavior\ReadHtmlCacheBehavior [ RunTime:0.001296s ]
INFO: [ app_begin ] --END-- [ RunTime:0.001877s ]
SQL: SHOW COLUMNS FROM `mess` [ RunTime:0.0052s ]
SQL: SELECT ms.id AS `mess_id`,ms.messer_id AS `messer_id`,m.member_name AS `member_name`,m.head_pic AS `head_pic`,ms.content AS `content`,ms.mess_time AS `mess_time` FROM mess ms INNER JOIN member m ON ms.messer_id=m.id  WHERE ms.messed_id = '29' LIMIT 0,20   [ RunTime:0.0004s ]
SQL: SELECT COUNT(ms.id) as count FROM mess ms INNER JOIN member m ON ms.messer_id=m.id  WHERE ms.messed_id = '29'  [ RunTime:0.0003s ]

[ 2016-11-17T23:05:12+08:00 ] ::1 /think_blog/Home/Member/personMess
INFO: [ app_begin ] --START--
INFO: Run Behavior\ReadHtmlCacheBehavior [ RunTime:0.000520s ]
INFO: [ app_begin ] --END-- [ RunTime:0.000908s ]
SQL: SHOW COLUMNS FROM `mess` [ RunTime:0.0054s ]
SQL: SELECT ms.id AS `mess_id`,ms.messer_id AS `messer_id`,m.member_name AS `member_name`,m.head_pic AS `head_pic`,ms.content AS `content`,ms.mess_time AS `mess_time` FROM mess ms INNER JOIN member m ON ms.messer_id=m.id  WHERE ms.messed_id = '29' LIMIT 0,20   [ RunTime:0.0004s ]
SQL: SELECT COUNT(ms.id) as count FROM mess ms INNER JOIN member m ON ms.messer_id=m.id  WHERE ms.messed_id = '29'  [ RunTime:0.0003s ]

[ 2016-11-17T23:08:38+08:00 ] ::1 /think_blog/Home/Member/personMess
INFO: [ app_begin ] --START--
INFO: Run Behavior\ReadHtmlCacheBehavior [ RunTime:0.000443s ]
INFO: [ app_begin ] --END-- [ RunTime:0.000863s ]
SQL: SHOW COLUMNS FROM `mess` [ RunTime:0.0041s ]
SQL: SELECT ms.id AS `mess_id`,ms.messer_id AS `messer_id`,m.member_name AS `member_name`,m.head_pic AS `head_pic`,ms.content AS `content`,ms.mess_time AS `mess_time` FROM mess ms INNER JOIN member m ON ms.messer_id=m.id  WHERE ms.messed_id = '29' LIMIT 0,20   [ RunTime:0.0013s ]
SQL: SELECT COUNT(ms.id) as count FROM mess ms INNER JOIN member m ON ms.messer_id=m.id  WHERE ms.messed_id = '29'  [ RunTime:0.0003s ]

[ 2016-11-17T23:08:40+08:00 ] ::1 /think_blog/Home/Member/personMess
INFO: [ app_begin ] --START--
INFO: Run Behavior\ReadHtmlCacheBehavior [ RunTime:0.000623s ]
INFO: [ app_begin ] --END-- [ RunTime:0.001190s ]
SQL: SHOW COLUMNS FROM `mess` [ RunTime:0.0037s ]
SQL: SELECT ms.id AS `mess_id`,ms.messer_id AS `messer_id`,m.member_name AS `member_name`,m.head_pic AS `head_pic`,ms.content AS `content`,ms.mess_time AS `mess_time` FROM mess ms INNER JOIN member m ON ms.messer_id=m.id  WHERE ms.messed_id = '29' LIMIT 0,10   [ RunTime:0.0004s ]
SQL: SELECT COUNT(ms.id) as count FROM mess ms INNER JOIN member m ON ms.messer_id=m.id  WHERE ms.messed_id = '29'  [ RunTime:0.0003s ]

