[ 2016-11-19T22:22:04+08:00 ] ::1 /think_blog/Home/Article/personInfo
INFO: [ app_begin ] --START--
INFO: Run Behavior\ReadHtmlCacheBehavior [ RunTime:0.000525s ]
INFO: [ app_begin ] --END-- [ RunTime:0.000889s ]
SQL: SHOW COLUMNS FROM `article` [ RunTime:0.0041s ]
SQL: SHOW COLUMNS FROM `member` [ RunTime:0.0045s ]
SQL: SELECT a.id AS `article_id`,a.title AS `title`,a.content AS `content`,a.hitnum AS `hitnum`,a.create_time AS `create_time`,a.member_id AS `member_id`,m.member_name AS `member_name`,a.article_type_id AS `article_type_id`,at.article_type_name AS `article_type_name`,COUNT(ac.id) AS `article_comment_count` FROM `member` `m` LEFT JOIN article a ON a.member_id=m.id LEFT JOIN article_type at ON a.article_type_id=at.id LEFT JOIN article_comment ac ON a.id=ac.article_id  WHERE a.id = '3' GROUP BY a.id  [ RunTime:0.0005s ]

[ 2016-11-19T22:22:05+08:00 ] ::1 /think_blog/Home/ArticleType/getPersonArticleType
INFO: [ app_begin ] --START--
INFO: Run Behavior\ReadHtmlCacheBehavior [ RunTime:0.000410s ]
INFO: [ app_begin ] --END-- [ RunTime:0.000777s ]
SQL: SHOW COLUMNS FROM `article_type` [ RunTime:0.0035s ]
SQL: SELECT `id`,`article_type_name` FROM article_type at WHERE at.member_id = '29'  [ RunTime:0.0003s ]

[ 2016-11-19T22:22:29+08:00 ] ::1 /think_blog/Home/Article/personInfo
INFO: [ app_begin ] --START--
INFO: Run Behavior\ReadHtmlCacheBehavior [ RunTime:0.000435s ]
INFO: [ app_begin ] --END-- [ RunTime:0.000814s ]
SQL: SHOW COLUMNS FROM `article` [ RunTime:0.0047s ]
SQL: SHOW COLUMNS FROM `member` [ RunTime:0.0041s ]
SQL: SELECT a.id AS `article_id`,a.title AS `title`,a.content AS `content`,a.hitnum AS `hitnum`,a.create_time AS `create_time`,a.member_id AS `member_id`,m.member_name AS `member_name`,a.article_type_id AS `article_type_id`,at.article_type_name AS `article_type_name`,COUNT(ac.id) AS `article_comment_count` FROM `member` `m` LEFT JOIN article a ON a.member_id=m.id LEFT JOIN article_type at ON a.article_type_id=at.id LEFT JOIN article_comment ac ON a.id=ac.article_id  WHERE a.id = '12' GROUP BY a.id  [ RunTime:0.0005s ]

[ 2016-11-19T22:22:29+08:00 ] ::1 /think_blog/Home/ArticleType/getPersonArticleType
INFO: [ app_begin ] --START--
INFO: Run Behavior\ReadHtmlCacheBehavior [ RunTime:0.000585s ]
INFO: [ app_begin ] --END-- [ RunTime:0.001020s ]
SQL: SHOW COLUMNS FROM `article_type` [ RunTime:0.0040s ]
SQL: SELECT `id`,`article_type_name` FROM article_type at WHERE at.member_id = '29'  [ RunTime:0.0003s ]

[ 2016-11-19T22:28:49+08:00 ] ::1 /think_blog/Home/Member/register
INFO: [ app_begin ] --START--
INFO: Run Behavior\ReadHtmlCacheBehavior [ RunTime:0.000521s ]
INFO: [ app_begin ] --END-- [ RunTime:0.000907s ]
NOTIC: [2048] Declaration of Home\Model\MemberModel::isExistsMemberId() should be compatible with Home\Model\CommonModel::isExistsMemberId($member_id = '') D:\wamp\www\think_blog\Application\Home\Model\MemberModel.class.php 第 6 行.
SQL: SHOW COLUMNS FROM `member` [ RunTime:0.0045s ]
SQL: SELECT `id` FROM `member` WHERE `member_name` = 'thinkphp'  [ RunTime:0.0003s ]
NOTIC: [2] call_user_func() expects parameter 1 to be a valid callback, no array or string given D:\wamp\www\think_blog\ThinkPHP\Library\Think\Upload.class.php 第 170 行.
SQL: INSERT INTO `member` (`member_name`,`passwd`,`sex`,`email`,`tel`,`address`,`question`,`answer`,`head_pic`,`hitnum`,`is_freeze`,`last_ip`,`last_time`) VALUES ('thinkphp','4e5e5d7364f443e28fbf0d3ae744a59a','1','thinkphp@gmail.com','15394400368','thinkphp','thinkphp','hello word','head_pic/head_pic_thinkphp.jpg','0','0','0.0.0.0','2016-11-19 10:28:49') [ RunTime:0.0719s ]

[ 2016-11-19T22:31:56+08:00 ] ::1 /think_blog/Home/ArticleType/getPersonArticleType
INFO: [ app_begin ] --START--
INFO: Run Behavior\ReadHtmlCacheBehavior [ RunTime:0.000454s ]
INFO: [ app_begin ] --END-- [ RunTime:0.000845s ]
SQL: SHOW COLUMNS FROM `article_type` [ RunTime:0.0043s ]
SQL: SELECT `id`,`article_type_name` FROM article_type at WHERE at.member_id = '84'  [ RunTime:0.0003s ]
NOTIC: [8] Undefined index: articleType D:\wamp\www\think_blog\Application\Home\Controller\ArticleTypeController.class.php 第 22 行.

[ 2016-11-19T22:31:59+08:00 ] ::1 /think_blog/Home/ArticleType/getPersonArticleType
INFO: [ app_begin ] --START--
INFO: Run Behavior\ReadHtmlCacheBehavior [ RunTime:0.000445s ]
INFO: [ app_begin ] --END-- [ RunTime:0.000825s ]
SQL: SHOW COLUMNS FROM `article_type` [ RunTime:0.0043s ]
SQL: SELECT `id`,`article_type_name` FROM article_type at WHERE at.member_id = '84'  [ RunTime:0.0003s ]
NOTIC: [8] Undefined index: articleType D:\wamp\www\think_blog\Application\Home\Controller\ArticleTypeController.class.php 第 22 行.

[ 2016-11-19T22:33:14+08:00 ] ::1 /think_blog/Home/ArticleType/getPersonArticleType
INFO: [ app_begin ] --START--
INFO: Run Behavior\ReadHtmlCacheBehavior [ RunTime:0.000434s ]
INFO: [ app_begin ] --END-- [ RunTime:0.000841s ]
SQL: SHOW COLUMNS FROM `article_type` [ RunTime:0.0044s ]
SQL: SELECT `id`,`article_type_name` FROM article_type at WHERE at.member_id = '84'  [ RunTime:0.0003s ]
NOTIC: [8] Undefined index: articleType D:\wamp\www\think_blog\Application\Home\Controller\ArticleTypeController.class.php 第 22 行.

[ 2016-11-19T22:33:23+08:00 ] ::1 /think_blog/Home/ArticleType/getPersonArticleType
INFO: [ app_begin ] --START--
INFO: Run Behavior\ReadHtmlCacheBehavior [ RunTime:0.000504s ]
INFO: [ app_begin ] --END-- [ RunTime:0.000886s ]
SQL: SHOW COLUMNS FROM `article_type` [ RunTime:0.0039s ]
SQL: SELECT `id`,`article_type_name` FROM article_type at WHERE at.member_id = '84'  [ RunTime:0.0003s ]
NOTIC: [8] Undefined index: articleType D:\wamp\www\think_blog\Application\Home\Controller\ArticleTypeController.class.php 第 22 行.

[ 2016-11-19T22:33:29+08:00 ] ::1 /think_blog/Home/ArticleType/getPersonArticleType
INFO: [ app_begin ] --START--
INFO: Run Behavior\ReadHtmlCacheBehavior [ RunTime:0.000579s ]
INFO: [ app_begin ] --END-- [ RunTime:0.000998s ]
SQL: SHOW COLUMNS FROM `article_type` [ RunTime:0.0039s ]
SQL: SELECT `id`,`article_type_name` FROM article_type at WHERE at.member_id = '84'  [ RunTime:0.0002s ]
NOTIC: [8] Undefined index: articleType D:\wamp\www\think_blog\Application\Home\Controller\ArticleTypeController.class.php 第 22 行.

[ 2016-11-19T22:34:29+08:00 ] ::1 /think_blog/Home/ArticleType/getPersonArticleType
INFO: [ app_begin ] --START--
INFO: Run Behavior\ReadHtmlCacheBehavior [ RunTime:0.001412s ]
INFO: [ app_begin ] --END-- [ RunTime:0.001989s ]
SQL: SHOW COLUMNS FROM `article_type` [ RunTime:0.0049s ]
SQL: SELECT `id`,`article_type_name` FROM article_type at WHERE at.member_id = '84'  [ RunTime:0.0003s ]
NOTIC: [8] Undefined index: articleType D:\wamp\www\think_blog\Application\Home\Controller\ArticleTypeController.class.php 第 22 行.

[ 2016-11-19T22:35:09+08:00 ] ::1 /think_blog/Home/ArticleType/getPersonArticleType
INFO: [ app_begin ] --START--
INFO: Run Behavior\ReadHtmlCacheBehavior [ RunTime:0.000365s ]
INFO: [ app_begin ] --END-- [ RunTime:0.000692s ]
SQL: SHOW COLUMNS FROM `article_type` [ RunTime:0.0041s ]
SQL: SELECT `id`,`article_type_name` FROM article_type at WHERE at.member_id = '84'  [ RunTime:0.0003s ]
NOTIC: [8] Undefined index: articleType D:\wamp\www\think_blog\Application\Home\Controller\ArticleTypeController.class.php 第 22 行.

[ 2016-11-19T22:37:59+08:00 ] ::1 /think_blog/Home/ArticleType/getPersonArticleType
INFO: [ app_begin ] --START--
INFO: Run Behavior\ReadHtmlCacheBehavior [ RunTime:0.000372s ]
INFO: [ app_begin ] --END-- [ RunTime:0.000851s ]
SQL: SHOW COLUMNS FROM `article_type` [ RunTime:0.0045s ]
SQL: SELECT `id`,`article_type_name` FROM article_type at WHERE at.member_id = '84'  [ RunTime:0.0004s ]
NOTIC: [8] Undefined index: articleType D:\wamp\www\think_blog\Application\Home\Controller\ArticleTypeController.class.php 第 22 行.

[ 2016-11-19T22:38:33+08:00 ] ::1 /think_blog/Home/ArticleType/getPersonArticleType
INFO: [ app_begin ] --START--
INFO: Run Behavior\ReadHtmlCacheBehavior [ RunTime:0.000439s ]
INFO: [ app_begin ] --END-- [ RunTime:0.000833s ]
SQL: SHOW COLUMNS FROM `article_type` [ RunTime:0.0043s ]
SQL: SELECT `id`,`article_type_name` FROM article_type at WHERE at.member_id = '84'  [ RunTime:0.0003s ]
NOTIC: [8] Undefined index: articleType D:\wamp\www\think_blog\Application\Home\Controller\ArticleTypeController.class.php 第 22 行.

[ 2016-11-19T22:44:10+08:00 ] ::1 /think_blog/Home/Article/personAdd
INFO: [ app_begin ] --START--
INFO: Run Behavior\ReadHtmlCacheBehavior [ RunTime:0.000536s ]
INFO: [ app_begin ] --END-- [ RunTime:0.000928s ]
SQL: SHOW COLUMNS FROM `article` [ RunTime:0.0044s ]
NOTIC: [2048] Declaration of Home\Model\MemberModel::isExistsMemberId() should be compatible with Home\Model\CommonModel::isExistsMemberId($member_id = '') D:\wamp\www\think_blog\Application\Home\Model\MemberModel.class.php 第 596 行.
SQL: SHOW COLUMNS FROM `member` [ RunTime:0.0044s ]
SQL: SELECT count(id) AS `count` FROM `member` WHERE `id` = 84  [ RunTime:0.0003s ]
SQL: SHOW COLUMNS FROM `article_type` [ RunTime:0.0038s ]
SQL: SELECT count(id) AS `count` FROM `article_type` WHERE `id` = 0  [ RunTime:0.0003s ]
ERR: 1452:Cannot add or update a child row: a foreign key constraint fails (`think_blog`.`article`, CONSTRAINT `article_ibfk_2` FOREIGN KEY (`article_type_id`) REFERENCES `article_type` (`id`))
 [ SQL语句 ] : INSERT INTO `article` (`title`,`member_id`,`article_type_id`,`content`,`hitnum`,`create_time`) VALUES ('总结thinkphp快捷查询getBy、getField、getFieldBy用法及场景','84','0','&lt;p style=&quot;color: rgb(51, 51, 51); font-size: 14px; white-space: normal; background-color: rgb(255, 255, 255); font-family: &amp;quot;Microsoft YaHei&amp;quot;, SimSun, Verdana, Arial, Helvetica, sans-serif; line-height: 21px;&quot;&gt;thinkphp作为国内现阶段最成熟的框架；没有之一；&lt;/p&gt;&lt;p style=&quot;color: rgb(51, 51, 51); font-size: 14px; white-space: normal; background-color: rgb(255, 255, 255); font-family: &amp;quot;Microsoft YaHei&amp;quot;, SimSun, Verdana, Arial, Helvetica, sans-serif; line-height: 21px;&quot;&gt;不得不说是有好些特别方便的方法的；&lt;/p&gt;&lt;p style=&quot;color: rgb(51, 51, 51); font-size: 14px; white-space: normal; background-color: rgb(255, 255, 255); font-family: &amp;quot;Microsoft YaHei&amp;quot;, SimSun, Verdana, Arial, Helvetica, sans-serif; line-height: 21px;&quot;&gt;然而如果初接触thinkphp的时候难免会被搞的有点迷茫；&lt;/p&gt;&lt;p style=&quot;color: rgb(51, 51, 51); font-size: 14px; white-space: normal; background-color: rgb(255, 255, 255); font-family: &amp;quot;Microsoft YaHei&amp;quot;, SimSun, Verdana, Arial, Helvetica, sans-serif; line-height: 21px;&quot;&gt;for example这些:&lt;br/&gt;&lt;/p&gt;&lt;p style=&quot;color: rgb(51, 51, 51); font-size: 14px; white-space: normal; background-color: rgb(255, 255, 255); font-family: &amp;quot;Microsoft YaHei&amp;quot;, SimSun, Verdana, Arial, Helvetica, sans-serif; line-height: 21px;&quot;&gt;getBy&lt;/p&gt;&lt;p style=&quot;color: rgb(51, 51, 51); font-size: 14px; white-space: normal; background-color: rgb(255, 255, 255); font-family: &amp;quot;Microsoft YaHei&amp;quot;, SimSun, Verdana, Arial, Helvetica, sans-serif; line-height: 21px;&quot;&gt;getField&lt;/p&gt;&lt;p style=&quot;color: rgb(51, 51, 51); font-size: 14px; white-space: normal; background-color: rgb(255, 255, 255); font-family: &amp;quot;Microsoft YaHei&amp;quot;, SimSun, Verdana, Arial, Helvetica, sans-serif; line-height: 21px;&quot;&gt;getFieldBy&lt;/p&gt;','0','2016-11-19 10:44:09')
ERR: 1452:Cannot add or update a child row: a foreign key constraint fails (`think_blog`.`article`, CONSTRAINT `article_ibfk_2` FOREIGN KEY (`article_type_id`) REFERENCES `article_type` (`id`))
 [ SQL语句 ] : INSERT INTO `article` (`title`,`member_id`,`article_type_id`,`content`,`hitnum`,`create_time`) VALUES ('总结thinkphp快捷查询getBy、getField、getFieldBy用法及场景','84','0','&lt;p style=&quot;color: rgb(51, 51, 51); font-size: 14px; white-space: normal; background-color: rgb(255, 255, 255); font-family: &amp;quot;Microsoft YaHei&amp;quot;, SimSun, Verdana, Arial, Helvetica, sans-serif; line-height: 21px;&quot;&gt;thinkphp作为国内现阶段最成熟的框架；没有之一；&lt;/p&gt;&lt;p style=&quot;color: rgb(51, 51, 51); font-size: 14px; white-space: normal; background-color: rgb(255, 255, 255); font-family: &amp;quot;Microsoft YaHei&amp;quot;, SimSun, Verdana, Arial, Helvetica, sans-serif; line-height: 21px;&quot;&gt;不得不说是有好些特别方便的方法的；&lt;/p&gt;&lt;p style=&quot;color: rgb(51, 51, 51); font-size: 14px; white-space: normal; background-color: rgb(255, 255, 255); font-family: &amp;quot;Microsoft YaHei&amp;quot;, SimSun, Verdana, Arial, Helvetica, sans-serif; line-height: 21px;&quot;&gt;然而如果初接触thinkphp的时候难免会被搞的有点迷茫；&lt;/p&gt;&lt;p style=&quot;color: rgb(51, 51, 51); font-size: 14px; white-space: normal; background-color: rgb(255, 255, 255); font-family: &amp;quot;Microsoft YaHei&amp;quot;, SimSun, Verdana, Arial, Helvetica, sans-serif; line-height: 21px;&quot;&gt;for example这些:&lt;br/&gt;&lt;/p&gt;&lt;p style=&quot;color: rgb(51, 51, 51); font-size: 14px; white-space: normal; background-color: rgb(255, 255, 255); font-family: &amp;quot;Microsoft YaHei&amp;quot;, SimSun, Verdana, Arial, Helvetica, sans-serif; line-height: 21px;&quot;&gt;getBy&lt;/p&gt;&lt;p style=&quot;color: rgb(51, 51, 51); font-size: 14px; white-space: normal; background-color: rgb(255, 255, 255); font-family: &amp;quot;Microsoft YaHei&amp;quot;, SimSun, Verdana, Arial, Helvetica, sans-serif; line-height: 21px;&quot;&gt;getField&lt;/p&gt;&lt;p style=&quot;color: rgb(51, 51, 51); font-size: 14px; white-space: normal; background-color: rgb(255, 255, 255); font-family: &amp;quot;Microsoft YaHei&amp;quot;, SimSun, Verdana, Arial, Helvetica, sans-serif; line-height: 21px;&quot;&gt;getFieldBy&lt;/p&gt;','0','2016-11-19 10:44:09')

[ 2016-11-19T22:45:26+08:00 ] ::1 /think_blog/Home/ArticleType/personAdd
INFO: [ app_begin ] --START--
INFO: Run Behavior\ReadHtmlCacheBehavior [ RunTime:0.000432s ]
INFO: [ app_begin ] --END-- [ RunTime:0.000812s ]
SQL: SHOW COLUMNS FROM `article_type` [ RunTime:0.0041s ]
NOTIC: [2048] Declaration of Home\Model\MemberModel::isExistsMemberId() should be compatible with Home\Model\CommonModel::isExistsMemberId($member_id = '') D:\wamp\www\think_blog\Application\Home\Model\MemberModel.class.php 第 596 行.
SQL: SHOW COLUMNS FROM `member` [ RunTime:0.0039s ]
SQL: SELECT count(id) AS `count` FROM `member` WHERE `id` = 84  [ RunTime:0.0003s ]
SQL: INSERT INTO `article_type` (`article_type_name`,`member_id`) VALUES ('实用总结','84') [ RunTime:0.1025s ]

[ 2016-11-19T22:45:27+08:00 ] ::1 /think_blog/Home/Member/personArticleType
INFO: [ app_begin ] --START--
INFO: Run Behavior\ReadHtmlCacheBehavior [ RunTime:0.000632s ]
INFO: [ app_begin ] --END-- [ RunTime:0.001283s ]
SQL: SHOW COLUMNS FROM `article_type` [ RunTime:0.0062s ]
SQL: SELECT at.id AS `article_type_id`,at.article_type_name AS `article_type_name` FROM article_type at WHERE at.member_id = '84' LIMIT 0,10   [ RunTime:0.0006s ]
SQL: SELECT COUNT(at.id) AS `count` FROM article_type at WHERE at.member_id = '84'  [ RunTime:0.0003s ]

[ 2016-11-19T22:45:33+08:00 ] ::1 /think_blog/Home/ArticleType/getPersonArticleType
INFO: [ app_begin ] --START--
INFO: Run Behavior\ReadHtmlCacheBehavior [ RunTime:0.000436s ]
INFO: [ app_begin ] --END-- [ RunTime:0.000817s ]
SQL: SHOW COLUMNS FROM `article_type` [ RunTime:0.0036s ]
SQL: SELECT `id`,`article_type_name` FROM article_type at WHERE at.member_id = '84'  [ RunTime:0.0003s ]

[ 2016-11-19T22:45:48+08:00 ] ::1 /think_blog/Home/Article/personAdd
INFO: [ app_begin ] --START--
INFO: Run Behavior\ReadHtmlCacheBehavior [ RunTime:0.000381s ]
INFO: [ app_begin ] --END-- [ RunTime:0.000728s ]
SQL: SHOW COLUMNS FROM `article` [ RunTime:0.0041s ]
NOTIC: [2048] Declaration of Home\Model\MemberModel::isExistsMemberId() should be compatible with Home\Model\CommonModel::isExistsMemberId($member_id = '') D:\wamp\www\think_blog\Application\Home\Model\MemberModel.class.php 第 596 行.
SQL: SHOW COLUMNS FROM `member` [ RunTime:0.0044s ]
SQL: SELECT count(id) AS `count` FROM `member` WHERE `id` = 84  [ RunTime:0.0003s ]
SQL: SHOW COLUMNS FROM `article_type` [ RunTime:0.0039s ]
SQL: SELECT count(id) AS `count` FROM `article_type` WHERE `id` = 31  [ RunTime:0.0003s ]
SQL: INSERT INTO `article` (`title`,`member_id`,`article_type_id`,`content`,`hitnum`,`create_time`) VALUES (' 总结thinkphp快捷查询getBy、getField、getFieldBy用法及场景','84','31','&lt;p style=&quot;color: rgb(51, 51, 51); font-size: 14px; white-space: normal; background-color: rgb(255, 255, 255); font-family: &amp;quot;Microsoft YaHei&amp;quot;, SimSun, Verdana, Arial, Helvetica, sans-serif; line-height: 21px;&quot;&gt;thinkphp作为国内现阶段最成熟的框架；没有之一；&lt;/p&gt;&lt;p style=&quot;color: rgb(51, 51, 51); font-size: 14px; white-space: normal; background-color: rgb(255, 255, 255); font-family: &amp;quot;Microsoft YaHei&amp;quot;, SimSun, Verdana, Arial, Helvetica, sans-serif; line-height: 21px;&quot;&gt;不得不说是有好些特别方便的方法的；&lt;/p&gt;&lt;p style=&quot;color: rgb(51, 51, 51); font-size: 14px; white-space: normal; background-color: rgb(255, 255, 255); font-family: &amp;quot;Microsoft YaHei&amp;quot;, SimSun, Verdana, Arial, Helvetica, sans-serif; line-height: 21px;&quot;&gt;然而如果初接触thinkphp的时候难免会被搞的有点迷茫；&lt;/p&gt;&lt;p style=&quot;color: rgb(51, 51, 51); font-size: 14px; white-space: normal; background-color: rgb(255, 255, 255); font-family: &amp;quot;Microsoft YaHei&amp;quot;, SimSun, Verdana, Arial, Helvetica, sans-serif; line-height: 21px;&quot;&gt;for example这些:&lt;br/&gt;&lt;/p&gt;&lt;p style=&quot;color: rgb(51, 51, 51); font-size: 14px; white-space: normal; background-color: rgb(255, 255, 255); font-family: &amp;quot;Microsoft YaHei&amp;quot;, SimSun, Verdana, Arial, Helvetica, sans-serif; line-height: 21px;&quot;&gt;getBy&lt;/p&gt;&lt;p style=&quot;color: rgb(51, 51, 51); font-size: 14px; white-space: normal; background-color: rgb(255, 255, 255); font-family: &amp;quot;Microsoft YaHei&amp;quot;, SimSun, Verdana, Arial, Helvetica, sans-serif; line-height: 21px;&quot;&gt;getField&lt;/p&gt;&lt;p style=&quot;color: rgb(51, 51, 51); font-size: 14px; white-space: normal; background-color: rgb(255, 255, 255); font-family: &amp;quot;Microsoft YaHei&amp;quot;, SimSun, Verdana, Arial, Helvetica, sans-serif; line-height: 21px;&quot;&gt;getFieldBy&lt;/p&gt;&lt;p style=&quot;color: rgb(51, 51, 51); font-size: 14px; white-space: normal; background-color: rgb(255, 255, 255); font-family: &amp;quot;Microsoft YaHei&amp;quot;, SimSun, Verdana, Arial, Helvetica, sans-serif; line-height: 21px;&quot;&gt;我曾在相当一段时间内都用的迷迷糊糊的；&lt;/p&gt;&lt;p style=&quot;color: rgb(51, 51, 51); font-size: 14px; white-space: normal; background-color: rgb(255, 255, 255); font-family: &amp;quot;Microsoft YaHei&amp;quot;, SimSun, Verdana, Arial, Helvetica, sans-serif; line-height: 21px;&quot;&gt;直到后来把它们总结如下：&lt;/p&gt;&lt;p style=&quot;color: rgb(51, 51, 51); font-size: 14px; white-space: normal; background-color: rgb(255, 255, 255); font-family: &amp;quot;Microsoft YaHei&amp;quot;, SimSun, Verdana, Arial, Helvetica, sans-serif; line-height: 21px;&quot;&gt;咱先虚拟一张表出来&lt;/p&gt;&lt;p&gt;&lt;br/&gt;&lt;/p&gt;','0','2016-11-19 10:45:48') [ RunTime:0.1039s ]

[ 2016-11-19T22:45:50+08:00 ] ::1 /think_blog/Home/Member/personArticle
INFO: [ app_begin ] --START--
INFO: Run Behavior\ReadHtmlCacheBehavior [ RunTime:0.000681s ]
INFO: [ app_begin ] --END-- [ RunTime:0.001410s ]
SQL: SHOW COLUMNS FROM `article` [ RunTime:0.0100s ]
SQL: SELECT a.id AS `article_id`,a.title AS `title`,a.content AS `content`,a.hitnum AS `hitnum`,a.create_time AS `create_time`,a.member_id AS `member_id`,a.article_type_id AS `article_type_id`,at.article_type_name AS `article_type_name` FROM article a LEFT JOIN article_type at ON a.article_type_id=at.id  WHERE a.member_id = '84' LIMIT 0,10   [ RunTime:0.0007s ]
SQL: SELECT COUNT(a.id) AS `count` FROM article a LEFT JOIN article_type at ON a.article_type_id=at.id  WHERE a.member_id = '84'  [ RunTime:0.0005s ]

[ 2016-11-19T22:45:51+08:00 ] ::1 /think_blog/Home/Article/personInfo
INFO: [ app_begin ] --START--
INFO: Run Behavior\ReadHtmlCacheBehavior [ RunTime:0.000459s ]
INFO: [ app_begin ] --END-- [ RunTime:0.000885s ]
SQL: SHOW COLUMNS FROM `article` [ RunTime:0.0046s ]
SQL: SHOW COLUMNS FROM `member` [ RunTime:0.0048s ]
SQL: SELECT a.id AS `article_id`,a.title AS `title`,a.content AS `content`,a.hitnum AS `hitnum`,a.create_time AS `create_time`,a.member_id AS `member_id`,m.member_name AS `member_name`,a.article_type_id AS `article_type_id`,at.article_type_name AS `article_type_name`,COUNT(ac.id) AS `article_comment_count` FROM `member` `m` LEFT JOIN article a ON a.member_id=m.id LEFT JOIN article_type at ON a.article_type_id=at.id LEFT JOIN article_comment ac ON a.id=ac.article_id  WHERE a.id = '44' GROUP BY a.id  [ RunTime:0.0006s ]

[ 2016-11-19T22:45:51+08:00 ] ::1 /think_blog/Home/ArticleType/getPersonArticleType
INFO: [ app_begin ] --START--
INFO: Run Behavior\ReadHtmlCacheBehavior [ RunTime:0.000352s ]
INFO: [ app_begin ] --END-- [ RunTime:0.000687s ]
SQL: SHOW COLUMNS FROM `article_type` [ RunTime:0.0040s ]
SQL: SELECT `id`,`article_type_name` FROM article_type at WHERE at.member_id = '84'  [ RunTime:0.0003s ]

[ 2016-11-19T22:46:10+08:00 ] ::1 /think_blog/Home/Article/personInfo
INFO: [ app_begin ] --START--
INFO: Run Behavior\ReadHtmlCacheBehavior [ RunTime:0.000542s ]
INFO: [ app_begin ] --END-- [ RunTime:0.000951s ]
SQL: SHOW COLUMNS FROM `article` [ RunTime:0.0038s ]
SQL: SHOW COLUMNS FROM `member` [ RunTime:0.0056s ]
SQL: SELECT a.id AS `article_id`,a.title AS `title`,a.content AS `content`,a.hitnum AS `hitnum`,a.create_time AS `create_time`,a.member_id AS `member_id`,m.member_name AS `member_name`,a.article_type_id AS `article_type_id`,at.article_type_name AS `article_type_name`,COUNT(ac.id) AS `article_comment_count` FROM `member` `m` LEFT JOIN article a ON a.member_id=m.id LEFT JOIN article_type at ON a.article_type_id=at.id LEFT JOIN article_comment ac ON a.id=ac.article_id  WHERE a.id = '44' GROUP BY a.id  [ RunTime:0.0006s ]

[ 2016-11-19T22:46:10+08:00 ] ::1 /think_blog/Home/ArticleType/getPersonArticleType
INFO: [ app_begin ] --START--
INFO: Run Behavior\ReadHtmlCacheBehavior [ RunTime:0.000887s ]
INFO: [ app_begin ] --END-- [ RunTime:0.001695s ]
SQL: SHOW COLUMNS FROM `article_type` [ RunTime:0.0042s ]
SQL: SELECT `id`,`article_type_name` FROM article_type at WHERE at.member_id = '84'  [ RunTime:0.0002s ]

[ 2016-11-19T22:51:52+08:00 ] ::1 /think_blog/Home/ArticleType/getPersonArticleType
INFO: [ app_begin ] --START--
INFO: Run Behavior\ReadHtmlCacheBehavior [ RunTime:0.000866s ]
INFO: [ app_begin ] --END-- [ RunTime:0.001438s ]
SQL: SHOW COLUMNS FROM `article_type` [ RunTime:0.0036s ]
SQL: SELECT `id`,`article_type_name` FROM article_type at WHERE at.member_id = '84'  [ RunTime:0.0003s ]

[ 2016-11-19T22:52:06+08:00 ] ::1 /think_blog/Home/Article/personAdd
INFO: [ app_begin ] --START--
INFO: Run Behavior\ReadHtmlCacheBehavior [ RunTime:0.000568s ]
INFO: [ app_begin ] --END-- [ RunTime:0.000960s ]
SQL: SHOW COLUMNS FROM `article` [ RunTime:0.0042s ]
NOTIC: [2048] Declaration of Home\Model\MemberModel::isExistsMemberId() should be compatible with Home\Model\CommonModel::isExistsMemberId($member_id = '') D:\wamp\www\think_blog\Application\Home\Model\MemberModel.class.php 第 596 行.
SQL: SHOW COLUMNS FROM `member` [ RunTime:0.0040s ]
SQL: SELECT count(id) AS `count` FROM `member` WHERE `id` = 84  [ RunTime:0.0003s ]
SQL: SHOW COLUMNS FROM `article_type` [ RunTime:0.0036s ]
SQL: SELECT count(id) AS `count` FROM `article_type` WHERE `id` = 31  [ RunTime:0.0002s ]
SQL: INSERT INTO `article` (`title`,`member_id`,`article_type_id`,`content`,`hitnum`,`create_time`) VALUES ('总结thinkphp快捷查询getBy、getField、getFieldBy用法及场景','84','31','<p style=\"color: rgb(51, 51, 51); font-size: 14px; white-space: normal; background-color: rgb(255, 255, 255); font-family: &quot;Microsoft YaHei&quot;, SimSun, Verdana, Arial, Helvetica, sans-serif; line-height: 21px;\">thinkphp作为国内现阶段最成熟的框架；没有之一；</p><p style=\"color: rgb(51, 51, 51); font-size: 14px; white-space: normal; background-color: rgb(255, 255, 255); font-family: &quot;Microsoft YaHei&quot;, SimSun, Verdana, Arial, Helvetica, sans-serif; line-height: 21px;\">不得不说是有好些特别方便的方法的；</p><p style=\"color: rgb(51, 51, 51); font-size: 14px; white-space: normal; background-color: rgb(255, 255, 255); font-family: &quot;Microsoft YaHei&quot;, SimSun, Verdana, Arial, Helvetica, sans-serif; line-height: 21px;\">然而如果初接触thinkphp的时候难免会被搞的有点迷茫；</p><p style=\"color: rgb(51, 51, 51); font-size: 14px; white-space: normal; background-color: rgb(255, 255, 255); font-family: &quot;Microsoft YaHei&quot;, SimSun, Verdana, Arial, Helvetica, sans-serif; line-height: 21px;\">for example这些:<br/></p><p style=\"color: rgb(51, 51, 51); font-size: 14px; white-space: normal; background-color: rgb(255, 255, 255); font-family: &quot;Microsoft YaHei&quot;, SimSun, Verdana, Arial, Helvetica, sans-serif; line-height: 21px;\">getBy</p><p style=\"color: rgb(51, 51, 51); font-size: 14px; white-space: normal; background-color: rgb(255, 255, 255); font-family: &quot;Microsoft YaHei&quot;, SimSun, Verdana, Arial, Helvetica, sans-serif; line-height: 21px;\">getField</p><p style=\"color: rgb(51, 51, 51); font-size: 14px; white-space: normal; background-color: rgb(255, 255, 255); font-family: &quot;Microsoft YaHei&quot;, SimSun, Verdana, Arial, Helvetica, sans-serif; line-height: 21px;\">getFieldBy</p><p style=\"color: rgb(51, 51, 51); font-size: 14px; white-space: normal; background-color: rgb(255, 255, 255); font-family: &quot;Microsoft YaHei&quot;, SimSun, Verdana, Arial, Helvetica, sans-serif; line-height: 21px;\">我曾在相当一段时间内都用的迷迷糊糊的；</p><p style=\"color: rgb(51, 51, 51); font-size: 14px; white-space: normal; background-color: rgb(255, 255, 255); font-family: &quot;Microsoft YaHei&quot;, SimSun, Verdana, Arial, Helvetica, sans-serif; line-height: 21px;\">直到后来把它们总结如下：</p><p style=\"color: rgb(51, 51, 51); font-size: 14px; white-space: normal; background-color: rgb(255, 255, 255); font-family: &quot;Microsoft YaHei&quot;, SimSun, Verdana, Arial, Helvetica, sans-serif; line-height: 21px;\">咱先虚拟一张表出来</p><p><br/></p>','0','2016-11-19 10:52:06') [ RunTime:0.1096s ]

[ 2016-11-19T22:52:07+08:00 ] ::1 /think_blog/Home/Member/personArticle
INFO: [ app_begin ] --START--
INFO: Run Behavior\ReadHtmlCacheBehavior [ RunTime:0.000842s ]
INFO: [ app_begin ] --END-- [ RunTime:0.001518s ]
SQL: SHOW COLUMNS FROM `article` [ RunTime:0.0045s ]
SQL: SELECT a.id AS `article_id`,a.title AS `title`,a.content AS `content`,a.hitnum AS `hitnum`,a.create_time AS `create_time`,a.member_id AS `member_id`,a.article_type_id AS `article_type_id`,at.article_type_name AS `article_type_name` FROM article a LEFT JOIN article_type at ON a.article_type_id=at.id  WHERE a.member_id = '84' LIMIT 0,10   [ RunTime:0.0005s ]
SQL: SELECT COUNT(a.id) AS `count` FROM article a LEFT JOIN article_type at ON a.article_type_id=at.id  WHERE a.member_id = '84'  [ RunTime:0.0002s ]

[ 2016-11-19T22:52:09+08:00 ] ::1 /think_blog/Home/Article/personInfo
INFO: [ app_begin ] --START--
INFO: Run Behavior\ReadHtmlCacheBehavior [ RunTime:0.000669s ]
INFO: [ app_begin ] --END-- [ RunTime:0.001113s ]
SQL: SHOW COLUMNS FROM `article` [ RunTime:0.0041s ]
SQL: SHOW COLUMNS FROM `member` [ RunTime:0.0052s ]
SQL: SELECT a.id AS `article_id`,a.title AS `title`,a.content AS `content`,a.hitnum AS `hitnum`,a.create_time AS `create_time`,a.member_id AS `member_id`,m.member_name AS `member_name`,a.article_type_id AS `article_type_id`,at.article_type_name AS `article_type_name`,COUNT(ac.id) AS `article_comment_count` FROM `member` `m` LEFT JOIN article a ON a.member_id=m.id LEFT JOIN article_type at ON a.article_type_id=at.id LEFT JOIN article_comment ac ON a.id=ac.article_id  WHERE a.id = '45' GROUP BY a.id  [ RunTime:0.0005s ]

[ 2016-11-19T22:52:09+08:00 ] ::1 /think_blog/Home/ArticleType/getPersonArticleType
INFO: [ app_begin ] --START--
INFO: Run Behavior\ReadHtmlCacheBehavior [ RunTime:0.000950s ]
INFO: [ app_begin ] --END-- [ RunTime:0.001586s ]
SQL: SHOW COLUMNS FROM `article_type` [ RunTime:0.0038s ]
SQL: SELECT `id`,`article_type_name` FROM article_type at WHERE at.member_id = '84'  [ RunTime:0.0003s ]

[ 2016-11-19T22:52:58+08:00 ] ::1 /think_blog/Home/Article/personEdit
INFO: [ app_begin ] --START--
INFO: Run Behavior\ReadHtmlCacheBehavior [ RunTime:0.000584s ]
INFO: [ app_begin ] --END-- [ RunTime:0.000986s ]
SQL: SHOW COLUMNS FROM `article` [ RunTime:0.0055s ]
NOTIC: [2048] Declaration of Home\Model\MemberModel::isExistsMemberId() should be compatible with Home\Model\CommonModel::isExistsMemberId($member_id = '') D:\wamp\www\think_blog\Application\Home\Model\MemberModel.class.php 第 596 行.
SQL: SHOW COLUMNS FROM `member` [ RunTime:0.0047s ]
SQL: SELECT count(id) AS `count` FROM `member` WHERE `id` = 84  [ RunTime:0.0003s ]
SQL: SHOW COLUMNS FROM `article_type` [ RunTime:0.0034s ]
SQL: SELECT count(id) AS `count` FROM `article_type` WHERE `id` = 31  [ RunTime:0.0007s ]
SQL: UPDATE `article` SET `title`='总结thinkphp快捷查询getBy、getField、getFieldBy用法及场景',`member_id`='84',`article_type_id`='31',`content`='<p style=\"color: rgb(51, 51, 51); font-size: 14px; white-space: normal; background-color: rgb(255, 255, 255); font-family: \"><strong>thinkphp作为国内现阶段最成熟的框架；没有之一；</strong></p><p style=\"color: rgb(51, 51, 51); font-size: 14px; white-space: normal; background-color: rgb(255, 255, 255); font-family: \">不得不说是有好些特别方便的方法的；</p><p style=\"color: rgb(51, 51, 51); font-size: 14px; white-space: normal; background-color: rgb(255, 255, 255); font-family: \">然而如果初接触thinkphp的时候难免会被搞的有点迷茫；</p><p style=\"color: rgb(51, 51, 51); font-size: 14px; white-space: normal; background-color: rgb(255, 255, 255); font-family: \">for example这些:<br/></p><p style=\"color: rgb(51, 51, 51); font-size: 14px; white-space: normal; background-color: rgb(255, 255, 255); font-family: \">getBy</p><p style=\"color: rgb(51, 51, 51); font-size: 14px; white-space: normal; background-color: rgb(255, 255, 255); font-family: \">getField</p><p style=\"color: rgb(51, 51, 51); font-size: 14px; white-space: normal; background-color: rgb(255, 255, 255); font-family: \">getFieldBy</p><p style=\"color: rgb(51, 51, 51); font-size: 14px; white-space: normal; background-color: rgb(255, 255, 255); font-family: \">我曾在相当一段时间内都用的迷迷糊糊的；</p><p>&lt;p style=&quot;color: rgb(51, 51, 51); font-size: 14px; white-space: normal; background</p>' WHERE `id` = 45 [ RunTime:0.3701s ]

[ 2016-11-19T22:53:00+08:00 ] ::1 /think_blog/Home/Member/personArticle
INFO: [ app_begin ] --START--
INFO: Run Behavior\ReadHtmlCacheBehavior [ RunTime:0.000820s ]
INFO: [ app_begin ] --END-- [ RunTime:0.001484s ]
SQL: SHOW COLUMNS FROM `article` [ RunTime:0.0065s ]
SQL: SELECT a.id AS `article_id`,a.title AS `title`,a.content AS `content`,a.hitnum AS `hitnum`,a.create_time AS `create_time`,a.member_id AS `member_id`,a.article_type_id AS `article_type_id`,at.article_type_name AS `article_type_name` FROM article a LEFT JOIN article_type at ON a.article_type_id=at.id  WHERE a.member_id = '84' LIMIT 0,10   [ RunTime:0.0004s ]
SQL: SELECT COUNT(a.id) AS `count` FROM article a LEFT JOIN article_type at ON a.article_type_id=at.id  WHERE a.member_id = '84'  [ RunTime:0.0003s ]

[ 2016-11-19T22:53:01+08:00 ] ::1 /think_blog/Home/Article/personInfo
INFO: [ app_begin ] --START--
INFO: Run Behavior\ReadHtmlCacheBehavior [ RunTime:0.000560s ]
INFO: [ app_begin ] --END-- [ RunTime:0.000929s ]
SQL: SHOW COLUMNS FROM `article` [ RunTime:0.0039s ]
SQL: SHOW COLUMNS FROM `member` [ RunTime:0.0046s ]
SQL: SELECT a.id AS `article_id`,a.title AS `title`,a.content AS `content`,a.hitnum AS `hitnum`,a.create_time AS `create_time`,a.member_id AS `member_id`,m.member_name AS `member_name`,a.article_type_id AS `article_type_id`,at.article_type_name AS `article_type_name`,COUNT(ac.id) AS `article_comment_count` FROM `member` `m` LEFT JOIN article a ON a.member_id=m.id LEFT JOIN article_type at ON a.article_type_id=at.id LEFT JOIN article_comment ac ON a.id=ac.article_id  WHERE a.id = '45' GROUP BY a.id  [ RunTime:0.0005s ]

[ 2016-11-19T22:53:01+08:00 ] ::1 /think_blog/Home/ArticleType/getPersonArticleType
INFO: [ app_begin ] --START--
INFO: Run Behavior\ReadHtmlCacheBehavior [ RunTime:0.000596s ]
INFO: [ app_begin ] --END-- [ RunTime:0.000956s ]
SQL: SHOW COLUMNS FROM `article_type` [ RunTime:0.0038s ]
SQL: SELECT `id`,`article_type_name` FROM article_type at WHERE at.member_id = '84'  [ RunTime:0.0003s ]

[ 2016-11-19T22:53:04+08:00 ] ::1 /think_blog/Home/Article/personInfo
INFO: [ app_begin ] --START--
INFO: Run Behavior\ReadHtmlCacheBehavior [ RunTime:0.000928s ]
INFO: [ app_begin ] --END-- [ RunTime:0.001504s ]
SQL: SHOW COLUMNS FROM `article` [ RunTime:0.0044s ]
SQL: SHOW COLUMNS FROM `member` [ RunTime:0.0052s ]
SQL: SELECT a.id AS `article_id`,a.title AS `title`,a.content AS `content`,a.hitnum AS `hitnum`,a.create_time AS `create_time`,a.member_id AS `member_id`,m.member_name AS `member_name`,a.article_type_id AS `article_type_id`,at.article_type_name AS `article_type_name`,COUNT(ac.id) AS `article_comment_count` FROM `member` `m` LEFT JOIN article a ON a.member_id=m.id LEFT JOIN article_type at ON a.article_type_id=at.id LEFT JOIN article_comment ac ON a.id=ac.article_id  WHERE a.id = '44' GROUP BY a.id  [ RunTime:0.0005s ]

[ 2016-11-19T22:53:04+08:00 ] ::1 /think_blog/Home/ArticleType/getPersonArticleType
INFO: [ app_begin ] --START--
INFO: Run Behavior\ReadHtmlCacheBehavior [ RunTime:0.000557s ]
INFO: [ app_begin ] --END-- [ RunTime:0.000954s ]
SQL: SHOW COLUMNS FROM `article_type` [ RunTime:0.0039s ]
SQL: SELECT `id`,`article_type_name` FROM article_type at WHERE at.member_id = '84'  [ RunTime:0.0002s ]

[ 2016-11-19T22:53:22+08:00 ] ::1 /think_blog/Home/Article/personEdit
INFO: [ app_begin ] --START--
INFO: Run Behavior\ReadHtmlCacheBehavior [ RunTime:0.000593s ]
INFO: [ app_begin ] --END-- [ RunTime:0.000979s ]
SQL: SHOW COLUMNS FROM `article` [ RunTime:0.0053s ]
NOTIC: [2048] Declaration of Home\Model\MemberModel::isExistsMemberId() should be compatible with Home\Model\CommonModel::isExistsMemberId($member_id = '') D:\wamp\www\think_blog\Application\Home\Model\MemberModel.class.php 第 596 行.
SQL: SHOW COLUMNS FROM `member` [ RunTime:0.0052s ]
SQL: SELECT count(id) AS `count` FROM `member` WHERE `id` = 84  [ RunTime:0.0003s ]
SQL: SHOW COLUMNS FROM `article_type` [ RunTime:0.0043s ]
SQL: SELECT count(id) AS `count` FROM `article_type` WHERE `id` = 31  [ RunTime:0.0003s ]
SQL: UPDATE `article` SET `title`=' 总结thinkphp快捷查询getBy、getField、getFieldBy用法及场景',`member_id`='84',`article_type_id`='31',`content`='<p style=\"color: rgb(51, 51, 51); font-size: 14px; white-space: normal; background-color: rgb(255, 255, 255); font-family: &quot;Microsoft YaHei&quot;, SimSun, Verdana, Arial, Helvetica, sans-serif; line-height: 21px;\"><strong>thinkphp作为国内现阶段最成熟的框架；没有之一；</strong></p><p style=\"color: rgb(51, 51, 51); font-size: 14px; white-space: normal; background-color: rgb(255, 255, 255); font-family: &quot;Microsoft YaHei&quot;, SimSun, Verdana, Arial, Helvetica, sans-serif; line-height: 21px;\">不得不说是有好些特别方便的方法的；</p><p style=\"color: rgb(51, 51, 51); font-size: 14px; white-space: normal; background-color: rgb(255, 255, 255); font-family: &quot;Microsoft YaHei&quot;, SimSun, Verdana, Arial, Helvetica, sans-serif; line-height: 21px;\">然而如果初接触thinkphp的时候难免会被搞的有点迷茫；</p><p style=\"color: rgb(51, 51, 51); font-size: 14px; white-space: normal; background-color: rgb(255, 255, 255); font-family: &quot;Microsoft YaHei&quot;, SimSun, Verdana, Arial, Helvetica, sans-serif; line-height: 21px;\">for example这些:<br/></p><p style=\"color: rgb(51, 51, 51); font-size: 14px; white-space: normal; background-color: rgb(255, 255, 255); font-family: &quot;Microsoft YaHei&quot;, SimSun, Verdana, Arial, Helvetica, sans-serif; line-height: 21px;\">getBy</p><p style=\"color: rgb(51, 51, 51); font-size: 14px; white-space: normal; background-color: rgb(255, 255, 255); font-family: &quot;Microsoft YaHei&quot;, SimSun, Verdana, Arial, Helvetica, sans-serif; line-height: 21px;\">getField</p><p style=\"color: rgb(51, 51, 51); font-size: 14px; white-space: normal; background-color: rgb(255, 255, 255); font-family: &quot;Microsoft YaHei&quot;, SimSun, Verdana, Arial, Helvetica, sans-serif; line-height: 21px;\">getFieldBy</p><p>&lt;p style=&quot;color: rgb(51, 51, 51); font-size: 14px; white-space: normal; background-color: rgb(255, 2</p>' WHERE `id` = 44 [ RunTime:0.0921s ]

[ 2016-11-19T22:53:24+08:00 ] ::1 /think_blog/Home/Member/personArticle
INFO: [ app_begin ] --START--
INFO: Run Behavior\ReadHtmlCacheBehavior [ RunTime:0.001327s ]
INFO: [ app_begin ] --END-- [ RunTime:0.002156s ]
SQL: SHOW COLUMNS FROM `article` [ RunTime:0.0040s ]
SQL: SELECT a.id AS `article_id`,a.title AS `title`,a.content AS `content`,a.hitnum AS `hitnum`,a.create_time AS `create_time`,a.member_id AS `member_id`,a.article_type_id AS `article_type_id`,at.article_type_name AS `article_type_name` FROM article a LEFT JOIN article_type at ON a.article_type_id=at.id  WHERE a.member_id = '84' LIMIT 0,10   [ RunTime:0.0004s ]
SQL: SELECT COUNT(a.id) AS `count` FROM article a LEFT JOIN article_type at ON a.article_type_id=at.id  WHERE a.member_id = '84'  [ RunTime:0.0002s ]

[ 2016-11-19T22:53:25+08:00 ] ::1 /think_blog/Home/Article/personInfo
INFO: [ app_begin ] --START--
INFO: Run Behavior\ReadHtmlCacheBehavior [ RunTime:0.000675s ]
INFO: [ app_begin ] --END-- [ RunTime:0.001122s ]
SQL: SHOW COLUMNS FROM `article` [ RunTime:0.0040s ]
SQL: SHOW COLUMNS FROM `member` [ RunTime:0.0044s ]
SQL: SELECT a.id AS `article_id`,a.title AS `title`,a.content AS `content`,a.hitnum AS `hitnum`,a.create_time AS `create_time`,a.member_id AS `member_id`,m.member_name AS `member_name`,a.article_type_id AS `article_type_id`,at.article_type_name AS `article_type_name`,COUNT(ac.id) AS `article_comment_count` FROM `member` `m` LEFT JOIN article a ON a.member_id=m.id LEFT JOIN article_type at ON a.article_type_id=at.id LEFT JOIN article_comment ac ON a.id=ac.article_id  WHERE a.id = '44' GROUP BY a.id  [ RunTime:0.0005s ]

[ 2016-11-19T22:53:25+08:00 ] ::1 /think_blog/Home/ArticleType/getPersonArticleType
INFO: [ app_begin ] --START--
INFO: Run Behavior\ReadHtmlCacheBehavior [ RunTime:0.000538s ]
INFO: [ app_begin ] --END-- [ RunTime:0.000911s ]
SQL: SHOW COLUMNS FROM `article_type` [ RunTime:0.0040s ]
SQL: SELECT `id`,`article_type_name` FROM article_type at WHERE at.member_id = '84'  [ RunTime:0.0003s ]

[ 2016-11-19T22:53:27+08:00 ] ::1 /think_blog/Home/Article/personInfo
INFO: [ app_begin ] --START--
INFO: Run Behavior\ReadHtmlCacheBehavior [ RunTime:0.000605s ]
INFO: [ app_begin ] --END-- [ RunTime:0.001009s ]
SQL: SHOW COLUMNS FROM `article` [ RunTime:0.0039s ]
SQL: SHOW COLUMNS FROM `member` [ RunTime:0.0038s ]
SQL: SELECT a.id AS `article_id`,a.title AS `title`,a.content AS `content`,a.hitnum AS `hitnum`,a.create_time AS `create_time`,a.member_id AS `member_id`,m.member_name AS `member_name`,a.article_type_id AS `article_type_id`,at.article_type_name AS `article_type_name`,COUNT(ac.id) AS `article_comment_count` FROM `member` `m` LEFT JOIN article a ON a.member_id=m.id LEFT JOIN article_type at ON a.article_type_id=at.id LEFT JOIN article_comment ac ON a.id=ac.article_id  WHERE a.id = '45' GROUP BY a.id  [ RunTime:0.0005s ]

[ 2016-11-19T22:53:28+08:00 ] ::1 /think_blog/Home/ArticleType/getPersonArticleType
INFO: [ app_begin ] --START--
INFO: Run Behavior\ReadHtmlCacheBehavior [ RunTime:0.000591s ]
INFO: [ app_begin ] --END-- [ RunTime:0.000992s ]
SQL: SHOW COLUMNS FROM `article_type` [ RunTime:0.0035s ]
SQL: SELECT `id`,`article_type_name` FROM article_type at WHERE at.member_id = '84'  [ RunTime:0.0003s ]

[ 2016-11-19T22:54:26+08:00 ] ::1 /think_blog/Home/Article/personInfo
INFO: [ app_begin ] --START--
INFO: Run Behavior\ReadHtmlCacheBehavior [ RunTime:0.000620s ]
INFO: [ app_begin ] --END-- [ RunTime:0.001066s ]
SQL: SHOW COLUMNS FROM `article` [ RunTime:0.0041s ]
SQL: SHOW COLUMNS FROM `member` [ RunTime:0.0039s ]
SQL: SELECT a.id AS `article_id`,a.title AS `title`,a.content AS `content`,a.hitnum AS `hitnum`,a.create_time AS `create_time`,a.member_id AS `member_id`,m.member_name AS `member_name`,a.article_type_id AS `article_type_id`,at.article_type_name AS `article_type_name`,COUNT(ac.id) AS `article_comment_count` FROM `member` `m` LEFT JOIN article a ON a.member_id=m.id LEFT JOIN article_type at ON a.article_type_id=at.id LEFT JOIN article_comment ac ON a.id=ac.article_id  WHERE a.id = '44' GROUP BY a.id  [ RunTime:0.0005s ]

[ 2016-11-19T22:54:26+08:00 ] ::1 /think_blog/Home/ArticleType/getPersonArticleType
INFO: [ app_begin ] --START--
INFO: Run Behavior\ReadHtmlCacheBehavior [ RunTime:0.000389s ]
INFO: [ app_begin ] --END-- [ RunTime:0.000755s ]
SQL: SHOW COLUMNS FROM `article_type` [ RunTime:0.0039s ]
SQL: SELECT `id`,`article_type_name` FROM article_type at WHERE at.member_id = '84'  [ RunTime:0.0003s ]

[ 2016-11-19T22:54:38+08:00 ] ::1 /think_blog/Home/Article/personEdit
INFO: [ app_begin ] --START--
INFO: Run Behavior\ReadHtmlCacheBehavior [ RunTime:0.000357s ]
INFO: [ app_begin ] --END-- [ RunTime:0.000713s ]
SQL: SHOW COLUMNS FROM `article` [ RunTime:0.0040s ]
NOTIC: [2048] Declaration of Home\Model\MemberModel::isExistsMemberId() should be compatible with Home\Model\CommonModel::isExistsMemberId($member_id = '') D:\wamp\www\think_blog\Application\Home\Model\MemberModel.class.php 第 596 行.
SQL: SHOW COLUMNS FROM `member` [ RunTime:0.0066s ]
SQL: SELECT count(id) AS `count` FROM `member` WHERE `id` = 84  [ RunTime:0.0003s ]
SQL: SHOW COLUMNS FROM `article_type` [ RunTime:0.0044s ]
SQL: SELECT count(id) AS `count` FROM `article_type` WHERE `id` = 31  [ RunTime:0.0003s ]
SQL: UPDATE `article` SET `title`=' 总结thinkphp快捷查询getBy、getField、getFieldBy用法及场景',`member_id`='84',`article_type_id`='31',`content`='&lt;p style=&quot;color: rgb(51, 51, 51); font-size: 14px; white-space: normal; background-color: rgb(255, 255, 255); font-family: &quot;&gt;thinkphp作为国内现阶段最成熟的框架；没有之一；&lt;/p&gt;&lt;p style=&quot;color: rgb(51, 51, 51); font-size: 14px; white-space: normal; background-color: rgb(255, 255, 255); font-family: &quot;&gt;不得不说是有好些特别方便的方法的；&lt;/p&gt;&lt;p style=&quot;color: rgb(51, 51, 51); font-size: 14px; white-space: normal; background-color: rgb(255, 255, 255); font-family: &quot;&gt;&lt;strong&gt;然而如果初接触thinkphp的时候难免会被搞的有点迷茫；&lt;/strong&gt;&lt;/p&gt;&lt;p style=&quot;color: rgb(51, 51, 51); font-size: 14px; white-space: normal; background-color: rgb(255, 255, 255); font-family: &quot;&gt;for example这些:&lt;br/&gt;&lt;/p&gt;&lt;p style=&quot;color: rgb(51, 51, 51); font-size: 14px; white-space: normal; background-color: rgb(255, 255, 255); font-family: &quot;&gt;getBy&lt;/p&gt;&lt;p style=&quot;color: rgb(51, 51, 51); font-size: 14px; white-space: normal; background-color: rgb(255, 255, 255); font-family: &quot;&gt;getField&lt;/p&gt;&lt;p style=&quot;color: rgb(51, 51, 51); font-size: 14px; white-space: normal; background-color: rgb(255, 255, 255); font-family: &quot;&gt;getFieldBy&lt;/p&gt;&lt;p&gt;&amp;lt;p style=&amp;quot;color: rgb(51, 51, 51); font-size: 14px; white-space: normal; background-color: rgb(255, 2&lt;/p&gt;' WHERE `id` = 44 [ RunTime:0.1236s ]

[ 2016-11-19T22:54:39+08:00 ] ::1 /think_blog/Home/Member/personArticle
INFO: [ app_begin ] --START--
INFO: Run Behavior\ReadHtmlCacheBehavior [ RunTime:0.000681s ]
INFO: [ app_begin ] --END-- [ RunTime:0.001437s ]
SQL: SHOW COLUMNS FROM `article` [ RunTime:0.0094s ]
SQL: SELECT a.id AS `article_id`,a.title AS `title`,a.content AS `content`,a.hitnum AS `hitnum`,a.create_time AS `create_time`,a.member_id AS `member_id`,a.article_type_id AS `article_type_id`,at.article_type_name AS `article_type_name` FROM article a LEFT JOIN article_type at ON a.article_type_id=at.id  WHERE a.member_id = '84' LIMIT 0,10   [ RunTime:0.0004s ]
SQL: SELECT COUNT(a.id) AS `count` FROM article a LEFT JOIN article_type at ON a.article_type_id=at.id  WHERE a.member_id = '84'  [ RunTime:0.0002s ]

[ 2016-11-19T22:54:40+08:00 ] ::1 /think_blog/Home/Article/personInfo
INFO: [ app_begin ] --START--
INFO: Run Behavior\ReadHtmlCacheBehavior [ RunTime:0.000430s ]
INFO: [ app_begin ] --END-- [ RunTime:0.000811s ]
SQL: SHOW COLUMNS FROM `article` [ RunTime:0.0046s ]
SQL: SHOW COLUMNS FROM `member` [ RunTime:0.0042s ]
SQL: SELECT a.id AS `article_id`,a.title AS `title`,a.content AS `content`,a.hitnum AS `hitnum`,a.create_time AS `create_time`,a.member_id AS `member_id`,m.member_name AS `member_name`,a.article_type_id AS `article_type_id`,at.article_type_name AS `article_type_name`,COUNT(ac.id) AS `article_comment_count` FROM `member` `m` LEFT JOIN article a ON a.member_id=m.id LEFT JOIN article_type at ON a.article_type_id=at.id LEFT JOIN article_comment ac ON a.id=ac.article_id  WHERE a.id = '44' GROUP BY a.id  [ RunTime:0.0005s ]

[ 2016-11-19T22:54:40+08:00 ] ::1 /think_blog/Home/ArticleType/getPersonArticleType
INFO: [ app_begin ] --START--
INFO: Run Behavior\ReadHtmlCacheBehavior [ RunTime:0.000396s ]
INFO: [ app_begin ] --END-- [ RunTime:0.000706s ]
SQL: SHOW COLUMNS FROM `article_type` [ RunTime:0.0036s ]
SQL: SELECT `id`,`article_type_name` FROM article_type at WHERE at.member_id = '84'  [ RunTime:0.0003s ]

[ 2016-11-19T22:54:56+08:00 ] ::1 /think_blog/Home/Article/personInfo
INFO: [ app_begin ] --START--
INFO: Run Behavior\ReadHtmlCacheBehavior [ RunTime:0.000431s ]
INFO: [ app_begin ] --END-- [ RunTime:0.000831s ]
SQL: SHOW COLUMNS FROM `article` [ RunTime:0.0040s ]
SQL: SHOW COLUMNS FROM `member` [ RunTime:0.0041s ]
SQL: SELECT a.id AS `article_id`,a.title AS `title`,a.content AS `content`,a.hitnum AS `hitnum`,a.create_time AS `create_time`,a.member_id AS `member_id`,m.member_name AS `member_name`,a.article_type_id AS `article_type_id`,at.article_type_name AS `article_type_name`,COUNT(ac.id) AS `article_comment_count` FROM `member` `m` LEFT JOIN article a ON a.member_id=m.id LEFT JOIN article_type at ON a.article_type_id=at.id LEFT JOIN article_comment ac ON a.id=ac.article_id  WHERE a.id = '45' GROUP BY a.id  [ RunTime:0.0005s ]

[ 2016-11-19T22:54:56+08:00 ] ::1 /think_blog/Home/ArticleType/getPersonArticleType
INFO: [ app_begin ] --START--
INFO: Run Behavior\ReadHtmlCacheBehavior [ RunTime:0.000465s ]
INFO: [ app_begin ] --END-- [ RunTime:0.000851s ]
SQL: SHOW COLUMNS FROM `article_type` [ RunTime:0.0036s ]
SQL: SELECT `id`,`article_type_name` FROM article_type at WHERE at.member_id = '84'  [ RunTime:0.0003s ]

[ 2016-11-19T22:55:16+08:00 ] ::1 /think_blog/Home/Article/personInfo
INFO: [ app_begin ] --START--
INFO: Run Behavior\ReadHtmlCacheBehavior [ RunTime:0.000630s ]
INFO: [ app_begin ] --END-- [ RunTime:0.001176s ]
SQL: SHOW COLUMNS FROM `article` [ RunTime:0.0043s ]
SQL: SHOW COLUMNS FROM `member` [ RunTime:0.0046s ]
SQL: SELECT a.id AS `article_id`,a.title AS `title`,a.content AS `content`,a.hitnum AS `hitnum`,a.create_time AS `create_time`,a.member_id AS `member_id`,m.member_name AS `member_name`,a.article_type_id AS `article_type_id`,at.article_type_name AS `article_type_name`,COUNT(ac.id) AS `article_comment_count` FROM `member` `m` LEFT JOIN article a ON a.member_id=m.id LEFT JOIN article_type at ON a.article_type_id=at.id LEFT JOIN article_comment ac ON a.id=ac.article_id  WHERE a.id = '44' GROUP BY a.id  [ RunTime:0.0005s ]

[ 2016-11-19T22:55:16+08:00 ] ::1 /think_blog/Home/ArticleType/getPersonArticleType
INFO: [ app_begin ] --START--
INFO: Run Behavior\ReadHtmlCacheBehavior [ RunTime:0.000453s ]
INFO: [ app_begin ] --END-- [ RunTime:0.000861s ]
SQL: SHOW COLUMNS FROM `article_type` [ RunTime:0.0039s ]
SQL: SELECT `id`,`article_type_name` FROM article_type at WHERE at.member_id = '84'  [ RunTime:0.0003s ]

[ 2016-11-19T22:58:14+08:00 ] ::1 /think_blog/Home/Article/personInfo
INFO: [ app_begin ] --START--
INFO: Run Behavior\ReadHtmlCacheBehavior [ RunTime:0.000616s ]
INFO: [ app_begin ] --END-- [ RunTime:0.001056s ]
SQL: SHOW COLUMNS FROM `article` [ RunTime:0.0045s ]
SQL: SHOW COLUMNS FROM `member` [ RunTime:0.0041s ]
SQL: SELECT a.id AS `article_id`,a.title AS `title`,a.content AS `content`,a.hitnum AS `hitnum`,a.create_time AS `create_time`,a.member_id AS `member_id`,m.member_name AS `member_name`,a.article_type_id AS `article_type_id`,at.article_type_name AS `article_type_name`,COUNT(ac.id) AS `article_comment_count` FROM `member` `m` LEFT JOIN article a ON a.member_id=m.id LEFT JOIN article_type at ON a.article_type_id=at.id LEFT JOIN article_comment ac ON a.id=ac.article_id  WHERE a.id = '45' GROUP BY a.id  [ RunTime:0.0005s ]

[ 2016-11-19T22:58:14+08:00 ] ::1 /think_blog/Home/ArticleType/getPersonArticleType
INFO: [ app_begin ] --START--
INFO: Run Behavior\ReadHtmlCacheBehavior [ RunTime:0.000384s ]
INFO: [ app_begin ] --END-- [ RunTime:0.000738s ]
SQL: SHOW COLUMNS FROM `article_type` [ RunTime:0.0039s ]
SQL: SELECT `id`,`article_type_name` FROM article_type at WHERE at.member_id = '84'  [ RunTime:0.0003s ]

[ 2016-11-19T22:58:20+08:00 ] ::1 /think_blog/Home/Article/personEdit
INFO: [ app_begin ] --START--
INFO: Run Behavior\ReadHtmlCacheBehavior [ RunTime:0.000437s ]
INFO: [ app_begin ] --END-- [ RunTime:0.000816s ]
SQL: SHOW COLUMNS FROM `article` [ RunTime:0.0037s ]
NOTIC: [2048] Declaration of Home\Model\MemberModel::isExistsMemberId() should be compatible with Home\Model\CommonModel::isExistsMemberId($member_id = '') D:\wamp\www\think_blog\Application\Home\Model\MemberModel.class.php 第 596 行.
SQL: SHOW COLUMNS FROM `member` [ RunTime:0.0050s ]
SQL: SELECT count(id) AS `count` FROM `member` WHERE `id` = 84  [ RunTime:0.0003s ]
SQL: SHOW COLUMNS FROM `article_type` [ RunTime:0.0038s ]
SQL: SELECT count(id) AS `count` FROM `article_type` WHERE `id` = 31  [ RunTime:0.0003s ]
SQL: UPDATE `article` SET `title`='总结thinkphp快捷查询getBy、getField、getFieldBy用法及场景',`member_id`='84',`article_type_id`='31',`content`='<p style=\"color: rgb(51, 51, 51); font-size: 14px; white-space: normal; background-color: rgb(255, 255, 255); font-family: \">thinkphp作为国内现阶段最成熟的框架；没有之一；</p><p style=\"color: rgb(51, 51, 51); font-size: 14px; white-space: normal; background-color: rgb(255, 255, 255); font-family: \">不得不说是有好些特别方便的方法的；</p><p style=\"color: rgb(51, 51, 51); font-size: 14px; white-space: normal; background-color: rgb(255, 255, 255); font-family: \">然而如果初接触thinkphp的时候难免会被搞的有点迷茫；</p><p style=\"color: rgb(51, 51, 51); font-size: 14px; white-space: normal; background-color: rgb(255, 255, 255); font-family: \">for example这些:<br/></p><p style=\"color: rgb(51, 51, 51); font-size: 14px; white-space: normal; background-color: rgb(255, 255, 255); font-family: \">getBy</p><p style=\"color: rgb(51, 51, 51); font-size: 14px; white-space: normal; background-color: rgb(255, 255, 255); font-family: \">getField</p><p style=\"color: rgb(51, 51, 51); font-size: 14px; white-space: normal; background-color: rgb(255, 255, 255); font-family: \">getFieldBy</p><p style=\"color: rgb(51, 51, 51); font-size: 14px; white-space: normal; background-color: rgb(255, 255, 255); font-family: \">我曾在相当一段时间内都用的迷迷糊糊的；</p><p>&lt;p style=&quot;color: rgb(51, 51, 51); font-size: 14px; white-space: normal; background</p>' WHERE `id` = 45 [ RunTime:0.0965s ]

[ 2016-11-19T22:58:22+08:00 ] ::1 /think_blog/Home/Member/personArticle
INFO: [ app_begin ] --START--
INFO: Run Behavior\ReadHtmlCacheBehavior [ RunTime:0.000698s ]
INFO: [ app_begin ] --END-- [ RunTime:0.001399s ]
SQL: SHOW COLUMNS FROM `article` [ RunTime:0.0058s ]
SQL: SELECT a.id AS `article_id`,a.title AS `title`,a.content AS `content`,a.hitnum AS `hitnum`,a.create_time AS `create_time`,a.member_id AS `member_id`,a.article_type_id AS `article_type_id`,at.article_type_name AS `article_type_name` FROM article a LEFT JOIN article_type at ON a.article_type_id=at.id  WHERE a.member_id = '84' LIMIT 0,10   [ RunTime:0.0006s ]
SQL: SELECT COUNT(a.id) AS `count` FROM article a LEFT JOIN article_type at ON a.article_type_id=at.id  WHERE a.member_id = '84'  [ RunTime:0.0004s ]

[ 2016-11-19T22:58:29+08:00 ] ::1 /think_blog/Home/Article/personDel
INFO: [ app_begin ] --START--
INFO: Run Behavior\ReadHtmlCacheBehavior [ RunTime:0.000481s ]
INFO: [ app_begin ] --END-- [ RunTime:0.001052s ]
SQL: SHOW COLUMNS FROM `article` [ RunTime:0.0038s ]
NOTIC: [2048] Declaration of Home\Model\ArticleCommentModel::comment() should be compatible with Think\Model::comment($comment) D:\wamp\www\think_blog\Application\Home\Model\ArticleCommentModel.class.php 第 253 行.
SQL: SHOW COLUMNS FROM `article_comment` [ RunTime:0.0042s ]
SQL: DELETE FROM `article_comment` WHERE `article_id` IN ('44') [ RunTime:0.0003s ]
SQL: DELETE FROM `article` WHERE `id` IN ('44') [ RunTime:0.0586s ]

[ 2016-11-19T22:58:31+08:00 ] ::1 /think_blog/Home/Member/personArticle
INFO: [ app_begin ] --START--
INFO: Run Behavior\ReadHtmlCacheBehavior [ RunTime:0.000851s ]
INFO: [ app_begin ] --END-- [ RunTime:0.003199s ]
SQL: SHOW COLUMNS FROM `article` [ RunTime:0.0064s ]
SQL: SELECT a.id AS `article_id`,a.title AS `title`,a.content AS `content`,a.hitnum AS `hitnum`,a.create_time AS `create_time`,a.member_id AS `member_id`,a.article_type_id AS `article_type_id`,at.article_type_name AS `article_type_name` FROM article a LEFT JOIN article_type at ON a.article_type_id=at.id  WHERE a.member_id = '84' LIMIT 0,10   [ RunTime:0.0004s ]
SQL: SELECT COUNT(a.id) AS `count` FROM article a LEFT JOIN article_type at ON a.article_type_id=at.id  WHERE a.member_id = '84'  [ RunTime:0.0003s ]

[ 2016-11-19T22:58:33+08:00 ] ::1 /think_blog/Home/Member/personArticle
INFO: [ app_begin ] --START--
INFO: Run Behavior\ReadHtmlCacheBehavior [ RunTime:0.000623s ]
INFO: [ app_begin ] --END-- [ RunTime:0.001264s ]
SQL: SHOW COLUMNS FROM `article` [ RunTime:0.0039s ]
SQL: SELECT a.id AS `article_id`,a.title AS `title`,a.content AS `content`,a.hitnum AS `hitnum`,a.create_time AS `create_time`,a.member_id AS `member_id`,a.article_type_id AS `article_type_id`,at.article_type_name AS `article_type_name` FROM article a LEFT JOIN article_type at ON a.article_type_id=at.id  WHERE a.member_id = '84' LIMIT 0,20   [ RunTime:0.0005s ]
SQL: SELECT COUNT(a.id) AS `count` FROM article a LEFT JOIN article_type at ON a.article_type_id=at.id  WHERE a.member_id = '84'  [ RunTime:0.0014s ]

[ 2016-11-19T22:59:49+08:00 ] ::1 /think_blog/Home/Member/personArticle
INFO: [ app_begin ] --START--
INFO: Run Behavior\ReadHtmlCacheBehavior [ RunTime:0.000577s ]
INFO: [ app_begin ] --END-- [ RunTime:0.000998s ]
SQL: SHOW COLUMNS FROM `article` [ RunTime:0.0048s ]
SQL: SELECT a.id AS `article_id`,a.title AS `title`,a.content AS `content`,a.hitnum AS `hitnum`,a.create_time AS `create_time`,a.member_id AS `member_id`,a.article_type_id AS `article_type_id`,at.article_type_name AS `article_type_name` FROM article a LEFT JOIN article_type at ON a.article_type_id=at.id  WHERE a.member_id = '84' LIMIT 0,20   [ RunTime:0.0005s ]
SQL: SELECT COUNT(a.id) AS `count` FROM article a LEFT JOIN article_type at ON a.article_type_id=at.id  WHERE a.member_id = '84'  [ RunTime:0.0003s ]

[ 2016-11-19T23:01:31+08:00 ] ::1 /think_blog/Home/Member/personArticle
INFO: [ app_begin ] --START--
INFO: Run Behavior\ReadHtmlCacheBehavior [ RunTime:0.000512s ]
INFO: [ app_begin ] --END-- [ RunTime:0.000893s ]
SQL: SHOW COLUMNS FROM `article` [ RunTime:0.0042s ]
SQL: SELECT a.id AS `article_id`,a.title AS `title`,a.content AS `content`,a.hitnum AS `hitnum`,a.create_time AS `create_time`,a.member_id AS `member_id`,a.article_type_id AS `article_type_id`,at.article_type_name AS `article_type_name` FROM article a LEFT JOIN article_type at ON a.article_type_id=at.id  WHERE a.member_id = '84' LIMIT 0,10   [ RunTime:0.0004s ]
SQL: SELECT COUNT(a.id) AS `count` FROM article a LEFT JOIN article_type at ON a.article_type_id=at.id  WHERE a.member_id = '84'  [ RunTime:0.0002s ]

[ 2016-11-19T23:05:50+08:00 ] ::1 /think_blog/Home/Photo/personAdd
INFO: [ app_begin ] --START--
INFO: Run Behavior\ReadHtmlCacheBehavior [ RunTime:0.000623s ]
INFO: [ app_begin ] --END-- [ RunTime:0.001062s ]
SQL: SHOW COLUMNS FROM `photo` [ RunTime:0.0066s ]
NOTIC: [2048] Declaration of Home\Model\MemberModel::isExistsMemberId() should be compatible with Home\Model\CommonModel::isExistsMemberId($member_id = '') D:\wamp\www\think_blog\Application\Home\Model\MemberModel.class.php 第 596 行.
SQL: SHOW COLUMNS FROM `member` [ RunTime:0.0072s ]
SQL: SELECT count(id) AS `count` FROM `member` WHERE `id` = 84  [ RunTime:0.0004s ]
SQL: INSERT INTO `photo` (`photo_title`,`member_id`) VALUES ('thinkphp','84') [ RunTime:0.0624s ]

[ 2016-11-19T23:05:51+08:00 ] ::1 /think_blog/Home/Member/personPhoto
INFO: [ app_begin ] --START--
INFO: Run Behavior\ReadHtmlCacheBehavior [ RunTime:0.001552s ]
INFO: [ app_begin ] --END-- [ RunTime:0.002615s ]
SQL: SHOW COLUMNS FROM `photo` [ RunTime:0.0045s ]
SQL: SHOW COLUMNS FROM `photo_img` [ RunTime:0.0039s ]
SQL: SELECT p.id AS `photo_id`,p.photo_title AS `photo_title`,COUNT(pi.id) AS `photo_count` FROM `photo_img` `pi` RIGHT JOIN photo p ON p.id=pi.photo_id  WHERE p.member_id = '84' GROUP BY p.id LIMIT 0,10   [ RunTime:0.0011s ]
SQL: SELECT COUNT(p.id) AS `count` FROM photo p WHERE p.member_id = '84'  [ RunTime:0.0021s ]

[ 2016-11-19T23:08:08+08:00 ] ::1 /think_blog/Home/Photo/personInfo
INFO: [ app_begin ] --START--
INFO: Run Behavior\ReadHtmlCacheBehavior [ RunTime:0.000442s ]
INFO: [ app_begin ] --END-- [ RunTime:0.000837s ]
SQL: SHOW COLUMNS FROM `photo` [ RunTime:0.0038s ]
SQL: SELECT * FROM `photo` WHERE `id` = '24'  [ RunTime:0.0003s ]

[ 2016-11-19T23:08:10+08:00 ] ::1 /think_blog/Home/Photo/personInfo
INFO: [ app_begin ] --START--
INFO: Run Behavior\ReadHtmlCacheBehavior [ RunTime:0.000422s ]
INFO: [ app_begin ] --END-- [ RunTime:0.000819s ]
SQL: SHOW COLUMNS FROM `photo` [ RunTime:0.0037s ]
SQL: SELECT * FROM `photo` WHERE `id` = '24'  [ RunTime:0.0003s ]

[ 2016-11-19T23:08:15+08:00 ] ::1 /think_blog/Home/Photo/personDel
INFO: [ app_begin ] --START--
INFO: Run Behavior\ReadHtmlCacheBehavior [ RunTime:0.000462s ]
INFO: [ app_begin ] --END-- [ RunTime:0.000885s ]
SQL: SHOW COLUMNS FROM `photo` [ RunTime:0.0057s ]
SQL: SHOW COLUMNS FROM `photo_img` [ RunTime:0.0035s ]
SQL: SELECT `img_src` FROM `photo_img` WHERE `photo_id` IN ('24')  [ RunTime:0.0011s ]
SQL: DELETE FROM `photo_img` WHERE `photo_id` IN ('24') [ RunTime:0.0002s ]
SQL: DELETE FROM `photo` WHERE `id` IN ('24') [ RunTime:0.0002s ]

[ 2016-11-19T23:08:16+08:00 ] ::1 /think_blog/Home/Member/personPhoto
INFO: [ app_begin ] --START--
INFO: Run Behavior\ReadHtmlCacheBehavior [ RunTime:0.000648s ]
INFO: [ app_begin ] --END-- [ RunTime:0.001285s ]
SQL: SHOW COLUMNS FROM `photo` [ RunTime:0.0041s ]
SQL: SHOW COLUMNS FROM `photo_img` [ RunTime:0.0054s ]
SQL: SELECT p.id AS `photo_id`,p.photo_title AS `photo_title`,COUNT(pi.id) AS `photo_count` FROM `photo_img` `pi` RIGHT JOIN photo p ON p.id=pi.photo_id  WHERE p.member_id = '84' GROUP BY p.id LIMIT 0,10   [ RunTime:0.0003s ]
NOTIC: [8] Undefined index: rows D:\wamp\www\think_blog\Application\Home\Controller\CommonController.class.php 第 111 行.
SQL: SELECT COUNT(p.id) AS `count` FROM photo p WHERE p.member_id = '84'  [ RunTime:0.0002s ]

[ 2016-11-19T23:13:35+08:00 ] ::1 /think_blog/Home/Photo/personAdd
INFO: [ app_begin ] --START--
INFO: Run Behavior\ReadHtmlCacheBehavior [ RunTime:0.000516s ]
INFO: [ app_begin ] --END-- [ RunTime:0.000911s ]
SQL: SHOW COLUMNS FROM `photo` [ RunTime:0.0047s ]
NOTIC: [2048] Declaration of Home\Model\MemberModel::isExistsMemberId() should be compatible with Home\Model\CommonModel::isExistsMemberId($member_id = '') D:\wamp\www\think_blog\Application\Home\Model\MemberModel.class.php 第 596 行.
SQL: SHOW COLUMNS FROM `member` [ RunTime:0.0042s ]
SQL: SELECT count(id) AS `count` FROM `member` WHERE `id` = 84  [ RunTime:0.0003s ]
SQL: INSERT INTO `photo` (`photo_title`,`member_id`) VALUES ('thinkphp','84') [ RunTime:0.1155s ]

[ 2016-11-19T23:13:38+08:00 ] ::1 /think_blog/Home/Member/personPhoto
INFO: [ app_begin ] --START--
INFO: Run Behavior\ReadHtmlCacheBehavior [ RunTime:0.000616s ]
INFO: [ app_begin ] --END-- [ RunTime:0.001198s ]
SQL: SHOW COLUMNS FROM `photo` [ RunTime:0.0039s ]
SQL: SHOW COLUMNS FROM `photo_img` [ RunTime:0.0037s ]
SQL: SELECT p.id AS `photo_id`,p.photo_title AS `photo_title`,COUNT(pi.id) AS `photo_count` FROM `photo_img` `pi` RIGHT JOIN photo p ON p.id=pi.photo_id  WHERE p.member_id = '84' GROUP BY p.id LIMIT 0,10   [ RunTime:0.0004s ]
SQL: SELECT COUNT(p.id) AS `count` FROM photo p WHERE p.member_id = '84'  [ RunTime:0.0009s ]

[ 2016-11-19T23:15:45+08:00 ] ::1 /think_blog/Home/Photo/personDel
INFO: [ app_begin ] --START--
INFO: Run Behavior\ReadHtmlCacheBehavior [ RunTime:0.000625s ]
INFO: [ app_begin ] --END-- [ RunTime:0.001084s ]
SQL: SHOW COLUMNS FROM `photo` [ RunTime:0.0056s ]
SQL: SHOW COLUMNS FROM `photo_img` [ RunTime:0.0040s ]
SQL: SELECT `img_src` FROM `photo_img` WHERE `photo_id` IN ('25')  [ RunTime:0.0003s ]
SQL: DELETE FROM `photo_img` WHERE `photo_id` IN ('25') [ RunTime:0.0002s ]
SQL: DELETE FROM `photo` WHERE `id` IN ('25') [ RunTime:0.0006s ]

[ 2016-11-19T23:15:46+08:00 ] ::1 /think_blog/Home/Member/personPhoto
INFO: [ app_begin ] --START--
INFO: Run Behavior\ReadHtmlCacheBehavior [ RunTime:0.002104s ]
INFO: [ app_begin ] --END-- [ RunTime:0.003127s ]
SQL: SHOW COLUMNS FROM `photo` [ RunTime:0.0080s ]
SQL: SHOW COLUMNS FROM `photo_img` [ RunTime:0.0043s ]
SQL: SELECT p.id AS `photo_id`,p.photo_title AS `photo_title`,COUNT(pi.id) AS `photo_count` FROM `photo_img` `pi` RIGHT JOIN photo p ON p.id=pi.photo_id  WHERE p.member_id = '84' GROUP BY p.id LIMIT 0,10   [ RunTime:0.0003s ]
NOTIC: [8] Undefined index: rows D:\wamp\www\think_blog\Application\Home\Controller\CommonController.class.php 第 111 行.
SQL: SELECT COUNT(p.id) AS `count` FROM photo p WHERE p.member_id = '84'  [ RunTime:0.0002s ]

[ 2016-11-19T23:16:01+08:00 ] ::1 /think_blog/Home/Photo/personAdd
INFO: [ app_begin ] --START--
INFO: Run Behavior\ReadHtmlCacheBehavior [ RunTime:0.000349s ]
INFO: [ app_begin ] --END-- [ RunTime:0.000663s ]
SQL: SHOW COLUMNS FROM `photo` [ RunTime:0.0034s ]
NOTIC: [2048] Declaration of Home\Model\MemberModel::isExistsMemberId() should be compatible with Home\Model\CommonModel::isExistsMemberId($member_id = '') D:\wamp\www\think_blog\Application\Home\Model\MemberModel.class.php 第 596 行.
SQL: SHOW COLUMNS FROM `member` [ RunTime:0.0044s ]
SQL: SELECT count(id) AS `count` FROM `member` WHERE `id` = 84  [ RunTime:0.0003s ]
SQL: INSERT INTO `photo` (`photo_title`,`member_id`) VALUES ('thinkphp','84') [ RunTime:0.0828s ]

[ 2016-11-19T23:16:02+08:00 ] ::1 /think_blog/Home/Member/personPhoto
INFO: [ app_begin ] --START--
INFO: Run Behavior\ReadHtmlCacheBehavior [ RunTime:0.000639s ]
INFO: [ app_begin ] --END-- [ RunTime:0.001326s ]
SQL: SHOW COLUMNS FROM `photo` [ RunTime:0.0088s ]
SQL: SHOW COLUMNS FROM `photo_img` [ RunTime:0.0040s ]
SQL: SELECT p.id AS `photo_id`,p.photo_title AS `photo_title`,COUNT(pi.id) AS `photo_count` FROM `photo_img` `pi` RIGHT JOIN photo p ON p.id=pi.photo_id  WHERE p.member_id = '84' GROUP BY p.id LIMIT 0,10   [ RunTime:0.0004s ]
SQL: SELECT COUNT(p.id) AS `count` FROM photo p WHERE p.member_id = '84'  [ RunTime:0.0002s ]

[ 2016-11-19T23:31:26+08:00 ] ::1 /think_blog/Home/Photo/personDel
INFO: [ app_begin ] --START--
INFO: Run Behavior\ReadHtmlCacheBehavior [ RunTime:0.000585s ]
INFO: [ app_begin ] --END-- [ RunTime:0.000960s ]
SQL: SHOW COLUMNS FROM `photo` [ RunTime:0.0037s ]
SQL: SHOW COLUMNS FROM `photo_img` [ RunTime:0.0056s ]
SQL: SELECT `img_src` FROM `photo_img` WHERE `photo_id` IN ('26')  [ RunTime:0.0003s ]
SQL: DELETE FROM `photo_img` WHERE `photo_id` IN ('26') [ RunTime:0.0002s ]
SQL: DELETE FROM `photo` WHERE `id` IN ('26') [ RunTime:0.0002s ]

[ 2016-11-19T23:31:27+08:00 ] ::1 /think_blog/Home/Member/personPhoto
INFO: [ app_begin ] --START--
INFO: Run Behavior\ReadHtmlCacheBehavior [ RunTime:0.000588s ]
INFO: [ app_begin ] --END-- [ RunTime:0.000966s ]
SQL: SHOW COLUMNS FROM `photo` [ RunTime:0.0038s ]
SQL: SHOW COLUMNS FROM `photo_img` [ RunTime:0.0042s ]
SQL: SELECT p.id AS `photo_id`,p.photo_title AS `photo_title`,COUNT(pi.id) AS `photo_count` FROM `photo_img` `pi` RIGHT JOIN photo p ON p.id=pi.photo_id  WHERE p.member_id = '84' GROUP BY p.id LIMIT 0,10   [ RunTime:0.0004s ]
NOTIC: [8] Undefined index: rows D:\wamp\www\think_blog\Application\Home\Controller\CommonController.class.php 第 111 行.
SQL: SELECT COUNT(p.id) AS `count` FROM photo p WHERE p.member_id = '84'  [ RunTime:0.0002s ]

