[ 2016-10-23T14:12:29+08:00 ] ::1 /think_blog/Home/member/index.html
INFO: [ app_init ] --START--
INFO: Run Behavior\BuildLiteBehavior [ RunTime:0.000150s ]
INFO: [ app_init ] --END-- [ RunTime:0.047863s ]

[ 2016-10-23T14:12:30+08:00 ] ::1 /think_blog/Home/Member/login.html
INFO: [ app_init ] --START--
INFO: Run Behavior\BuildLiteBehavior [ RunTime:0.000088s ]
INFO: [ app_init ] --END-- [ RunTime:0.001729s ]

[ 2016-10-23T14:12:33+08:00 ] ::1 /think_blog/Home/Member/getVerify.html
INFO: [ app_init ] --START--
INFO: Run Behavior\BuildLiteBehavior [ RunTime:0.000094s ]
INFO: [ app_init ] --END-- [ RunTime:0.015699s ]

[ 2016-10-23T14:13:35+08:00 ] ::1 /think_blog/Home/Member/login.html
INFO: [ app_init ] --START--
INFO: Run Behavior\BuildLiteBehavior [ RunTime:0.000097s ]
INFO: [ app_init ] --END-- [ RunTime:0.014887s ]

[ 2016-10-23T14:13:36+08:00 ] ::1 /think_blog/Home/Member/Index.html
INFO: [ app_init ] --START--
INFO: Run Behavior\BuildLiteBehavior [ RunTime:0.000045s ]
INFO: [ app_init ] --END-- [ RunTime:0.000795s ]

[ 2016-10-23T14:13:49+08:00 ] ::1 /think_blog/Home/Member/personCenter.html
INFO: [ app_init ] --START--
INFO: Run Behavior\BuildLiteBehavior [ RunTime:0.000052s ]
INFO: [ app_init ] --END-- [ RunTime:0.001015s ]

[ 2016-10-23T14:13:50+08:00 ] ::1 /think_blog/Home/Member/personArticle.html
INFO: [ app_init ] --START--
INFO: Run Behavior\BuildLiteBehavior [ RunTime:0.000025s ]
INFO: [ app_init ] --END-- [ RunTime:0.000502s ]

[ 2016-10-23T14:31:39+08:00 ] ::1 /think_blog/Home/Member/personCenter.html
INFO: [ app_init ] --START--
INFO: Run Behavior\BuildLiteBehavior [ RunTime:0.000029s ]
INFO: [ app_init ] --END-- [ RunTime:0.000613s ]

[ 2016-10-23T14:31:39+08:00 ] ::1 /think_blog/Home/Member/personArticle.html
INFO: [ app_init ] --START--
INFO: Run Behavior\BuildLiteBehavior [ RunTime:0.000026s ]
INFO: [ app_init ] --END-- [ RunTime:0.000472s ]

[ 2016-10-23T14:47:14+08:00 ] ::1 /think_blog/Home/Member/personCenter.html
INFO: [ app_init ] --START--
INFO: Run Behavior\BuildLiteBehavior [ RunTime:0.000028s ]
INFO: [ app_init ] --END-- [ RunTime:0.000613s ]

[ 2016-10-23T14:47:14+08:00 ] ::1 /think_blog/Home/Member/personArticle.html
INFO: [ app_init ] --START--
INFO: Run Behavior\BuildLiteBehavior [ RunTime:0.000040s ]
INFO: [ app_init ] --END-- [ RunTime:0.000604s ]

[ 2016-10-23T14:47:20+08:00 ] ::1 /think_blog/Home/Member/personCenter.html
INFO: [ app_init ] --START--
INFO: Run Behavior\BuildLiteBehavior [ RunTime:0.000028s ]
INFO: [ app_init ] --END-- [ RunTime:0.000630s ]

[ 2016-10-23T14:47:20+08:00 ] ::1 /think_blog/Home/Member/personArticle.html
INFO: [ app_init ] --START--
INFO: Run Behavior\BuildLiteBehavior [ RunTime:0.000033s ]
INFO: [ app_init ] --END-- [ RunTime:0.000465s ]

[ 2016-10-23T14:47:24+08:00 ] ::1 /think_blog/Home/ArticleComment/getArticleComment/article_id/3.html
INFO: [ app_init ] --START--
INFO: Run Behavior\BuildLiteBehavior [ RunTime:0.000030s ]
INFO: [ app_init ] --END-- [ RunTime:0.000587s ]
ERR: Think\Model:getTitleByArticle方法不存在！

[ 2016-10-23T14:48:02+08:00 ] ::1 /think_blog/Home/Member/personCenter.html
INFO: [ app_init ] --START--
INFO: Run Behavior\BuildLiteBehavior [ RunTime:0.000034s ]
INFO: [ app_init ] --END-- [ RunTime:0.000590s ]

[ 2016-10-23T14:48:03+08:00 ] ::1 /think_blog/Home/Member/personArticle.html
INFO: [ app_init ] --START--
INFO: Run Behavior\BuildLiteBehavior [ RunTime:0.000049s ]
INFO: [ app_init ] --END-- [ RunTime:0.000770s ]

[ 2016-10-23T14:48:06+08:00 ] ::1 /think_blog/Home/ArticleComment/getArticleComment/article_id/3.html
INFO: [ app_init ] --START--
INFO: Run Behavior\BuildLiteBehavior [ RunTime:0.000028s ]
INFO: [ app_init ] --END-- [ RunTime:0.000581s ]
ERR: 模板不存在:./Application/Home/View/ArticleComment/getArticleComment.html

[ 2016-10-23T14:48:47+08:00 ] ::1 /think_blog/Home/Member/personCenter.html
INFO: [ app_init ] --START--
INFO: Run Behavior\BuildLiteBehavior [ RunTime:0.000028s ]
INFO: [ app_init ] --END-- [ RunTime:0.000577s ]

[ 2016-10-23T14:48:47+08:00 ] ::1 /think_blog/Home/Member/personArticle.html
INFO: [ app_init ] --START--
INFO: Run Behavior\BuildLiteBehavior [ RunTime:0.000040s ]
INFO: [ app_init ] --END-- [ RunTime:0.000528s ]

[ 2016-10-23T14:48:51+08:00 ] ::1 /think_blog/Home/ArticleComment/getArticleComment/article_id/3.html
INFO: [ app_init ] --START--
INFO: Run Behavior\BuildLiteBehavior [ RunTime:0.000030s ]
INFO: [ app_init ] --END-- [ RunTime:0.000641s ]

[ 2016-10-23T14:50:47+08:00 ] ::1 /think_blog/Home/Member/personCenter.html
INFO: [ app_init ] --START--
INFO: Run Behavior\BuildLiteBehavior [ RunTime:0.000079s ]
INFO: [ app_init ] --END-- [ RunTime:0.001698s ]

[ 2016-10-23T14:50:47+08:00 ] ::1 /think_blog/Home/Member/personArticle.html
INFO: [ app_init ] --START--
INFO: Run Behavior\BuildLiteBehavior [ RunTime:0.000043s ]
INFO: [ app_init ] --END-- [ RunTime:0.000685s ]

[ 2016-10-23T14:50:49+08:00 ] ::1 /think_blog/Home/ArticleComment/getArticleComment/article_id/3.html
INFO: [ app_init ] --START--
INFO: Run Behavior\BuildLiteBehavior [ RunTime:0.000039s ]
INFO: [ app_init ] --END-- [ RunTime:0.000672s ]

[ 2016-10-23T14:51:58+08:00 ] ::1 /think_blog/Home/Member/personCenter.html
INFO: [ app_init ] --START--
INFO: Run Behavior\BuildLiteBehavior [ RunTime:0.000030s ]
INFO: [ app_init ] --END-- [ RunTime:0.000620s ]

[ 2016-10-23T14:51:58+08:00 ] ::1 /think_blog/Home/Member/personArticle.html
INFO: [ app_init ] --START--
INFO: Run Behavior\BuildLiteBehavior [ RunTime:0.000043s ]
INFO: [ app_init ] --END-- [ RunTime:0.000829s ]

[ 2016-10-23T14:52:00+08:00 ] ::1 /think_blog/Home/ArticleComment/getArticleComment/article_id/3.html
INFO: [ app_init ] --START--
INFO: Run Behavior\BuildLiteBehavior [ RunTime:0.000026s ]
INFO: [ app_init ] --END-- [ RunTime:0.000475s ]

[ 2016-10-23T14:53:56+08:00 ] ::1 /think_blog/?XDEBUG_SESSION_START=11054
INFO: [ app_init ] --START--
INFO: Run Behavior\BuildLiteBehavior [ RunTime:0.000069s ]
INFO: [ app_init ] --END-- [ RunTime:0.006267s ]

[ 2016-10-23T14:54:04+08:00 ] ::1 /think_blog/Home/Member/personCenter.html
INFO: [ app_init ] --START--
INFO: Run Behavior\BuildLiteBehavior [ RunTime:0.000066s ]
INFO: [ app_init ] --END-- [ RunTime:0.000690s ]

[ 2016-10-23T14:54:04+08:00 ] ::1 /think_blog/Home/Member/personArticle.html
INFO: [ app_init ] --START--
INFO: Run Behavior\BuildLiteBehavior [ RunTime:0.000074s ]
INFO: [ app_init ] --END-- [ RunTime:0.000692s ]

[ 2016-10-23T14:55:20+08:00 ] ::1 /think_blog/Home/ArticleComment/getArticleComment/article_id/3.html
INFO: [ app_init ] --START--
INFO: Run Behavior\BuildLiteBehavior [ RunTime:0.000076s ]
INFO: [ app_init ] --END-- [ RunTime:0.000834s ]

[ 2016-10-23T14:55:24+08:00 ] ::1 /think_blog/Home/Member/personCenter.html
INFO: [ app_init ] --START--
INFO: Run Behavior\BuildLiteBehavior [ RunTime:0.000164s ]
INFO: [ app_init ] --END-- [ RunTime:0.002431s ]

[ 2016-10-23T14:55:25+08:00 ] ::1 /think_blog/Home/Member/personArticle.html
INFO: [ app_init ] --START--
INFO: Run Behavior\BuildLiteBehavior [ RunTime:0.000096s ]
INFO: [ app_init ] --END-- [ RunTime:0.001326s ]

[ 2016-10-23T14:55:26+08:00 ] ::1 /think_blog/Home/ArticleComment/getArticleComment/article_id/3.html
INFO: [ app_init ] --START--
INFO: Run Behavior\BuildLiteBehavior [ RunTime:0.000091s ]
INFO: [ app_init ] --END-- [ RunTime:0.001742s ]

[ 2016-10-23T15:12:23+08:00 ] ::1 /think_blog/?XDEBUG_SESSION_START=16659
INFO: [ app_init ] --START--
INFO: Run Behavior\BuildLiteBehavior [ RunTime:0.000066s ]
INFO: [ app_init ] --END-- [ RunTime:0.000720s ]

[ 2016-10-23T15:12:27+08:00 ] ::1 /think_blog/Home/Member/personCenter.html
INFO: [ app_init ] --START--
INFO: Run Behavior\BuildLiteBehavior [ RunTime:0.000067s ]
INFO: [ app_init ] --END-- [ RunTime:0.000665s ]

[ 2016-10-23T15:12:28+08:00 ] ::1 /think_blog/Home/Member/personArticle.html
INFO: [ app_init ] --START--
INFO: Run Behavior\BuildLiteBehavior [ RunTime:0.000111s ]
INFO: [ app_init ] --END-- [ RunTime:0.001013s ]

[ 2016-10-23T15:13:27+08:00 ] ::1 /think_blog/Home/ArticleComment/getArticleComment/article_id/3.html
INFO: [ app_init ] --START--
INFO: Run Behavior\BuildLiteBehavior [ RunTime:0.000078s ]
INFO: [ app_init ] --END-- [ RunTime:0.000796s ]

[ 2016-10-23T15:13:34+08:00 ] ::1 /think_blog/Home/Member/personCenter.html
INFO: [ app_init ] --START--
INFO: Run Behavior\BuildLiteBehavior [ RunTime:0.000055s ]
INFO: [ app_init ] --END-- [ RunTime:0.001234s ]

[ 2016-10-23T15:13:34+08:00 ] ::1 /think_blog/Home/Member/personArticle.html
INFO: [ app_init ] --START--
INFO: Run Behavior\BuildLiteBehavior [ RunTime:0.000036s ]
INFO: [ app_init ] --END-- [ RunTime:0.000758s ]

[ 2016-10-23T15:13:36+08:00 ] ::1 /think_blog/Home/ArticleComment/getArticleComment/article_id/3.html
INFO: [ app_init ] --START--
INFO: Run Behavior\BuildLiteBehavior [ RunTime:0.000052s ]
INFO: [ app_init ] --END-- [ RunTime:0.001057s ]

[ 2016-10-23T15:28:52+08:00 ] ::1 /think_blog/Home/Member/personCenter.html
INFO: [ app_init ] --START--
INFO: Run Behavior\BuildLiteBehavior [ RunTime:0.000089s ]
INFO: [ app_init ] --END-- [ RunTime:0.001766s ]

[ 2016-10-23T15:28:53+08:00 ] ::1 /think_blog/Home/Member/personArticle.html
INFO: [ app_init ] --START--
INFO: Run Behavior\BuildLiteBehavior [ RunTime:0.000046s ]
INFO: [ app_init ] --END-- [ RunTime:0.000908s ]

[ 2016-10-23T15:28:59+08:00 ] ::1 /think_blog/Home/ArticleComment/getArticleComment/article_id/3.html
INFO: [ app_init ] --START--
INFO: Run Behavior\BuildLiteBehavior [ RunTime:0.000166s ]
INFO: [ app_init ] --END-- [ RunTime:0.001909s ]

[ 2016-10-23T15:29:01+08:00 ] ::1 /think_blog/Home/Member/personComment
INFO: [ app_init ] --START--
INFO: Run Behavior\BuildLiteBehavior [ RunTime:0.000088s ]
INFO: [ app_init ] --END-- [ RunTime:0.001780s ]
INFO: [ app_begin ] --START--
INFO: Run Behavior\ReadHtmlCacheBehavior [ RunTime:0.002412s ]
INFO: [ app_begin ] --END-- [ RunTime:0.002911s ]
INFO: [ view_parse ] --START--
INFO: [ template_filter ] --START--
INFO: Run Behavior\ContentReplaceBehavior [ RunTime:0.000176s ]
INFO: [ template_filter ] --END-- [ RunTime:0.000433s ]
NOTIC: [8] Undefined variable: article D:\wamp\www\think_blog\Application\Runtime\Cache\Home\d8c9168df674c9306e36004515bf8c04.php 第 37 行.
NOTIC: [8] Undefined variable: article D:\wamp\www\think_blog\Application\Runtime\Cache\Home\d8c9168df674c9306e36004515bf8c04.php 第 39 行.
NOTIC: [8] Undefined variable: articleComment D:\wamp\www\think_blog\Application\Runtime\Cache\Home\d8c9168df674c9306e36004515bf8c04.php 第 51 行.
NOTIC: [8] Undefined variable: empty D:\wamp\www\think_blog\Application\Runtime\Cache\Home\d8c9168df674c9306e36004515bf8c04.php 第 58 行.
NOTIC: [8] Undefined variable: count D:\wamp\www\think_blog\Application\Runtime\Cache\Home\d8c9168df674c9306e36004515bf8c04.php 第 63 行.
INFO: Run Behavior\ParseTemplateBehavior [ RunTime:0.035127s ]
INFO: [ view_parse ] --END-- [ RunTime:0.035431s ]
INFO: [ view_filter ] --START--
INFO: Run Behavior\WriteHtmlCacheBehavior [ RunTime:0.001067s ]
INFO: [ view_filter ] --END-- [ RunTime:0.001392s ]
INFO: [ app_end ] --START--
INFO: Run Behavior\ShowPageTraceBehavior [ RunTime:0.001314s ]
INFO: [ app_end ] --END-- [ RunTime:0.001623s ]

[ 2016-10-23T15:30:16+08:00 ] ::1 /think_blog/Home/Member/personCenter.html
INFO: [ app_init ] --START--
INFO: Run Behavior\BuildLiteBehavior [ RunTime:0.000074s ]
INFO: [ app_init ] --END-- [ RunTime:0.001356s ]

[ 2016-10-23T15:30:16+08:00 ] ::1 /think_blog/Home/Member/personArticle.html
INFO: [ app_init ] --START--
INFO: Run Behavior\BuildLiteBehavior [ RunTime:0.000150s ]
INFO: [ app_init ] --END-- [ RunTime:0.002416s ]

[ 2016-10-23T15:30:18+08:00 ] ::1 /think_blog/Home/ArticleComment/getArticleComment/article_id/3.html
INFO: [ app_init ] --START--
INFO: Run Behavior\BuildLiteBehavior [ RunTime:0.000025s ]
INFO: [ app_init ] --END-- [ RunTime:0.000445s ]

[ 2016-10-23T15:30:23+08:00 ] ::1 /think_blog/Home/Member/personComment
INFO: [ app_init ] --START--
INFO: Run Behavior\BuildLiteBehavior [ RunTime:0.000057s ]
INFO: [ app_init ] --END-- [ RunTime:0.001115s ]
INFO: [ app_begin ] --START--
INFO: Run Behavior\ReadHtmlCacheBehavior [ RunTime:0.001109s ]
INFO: [ app_begin ] --END-- [ RunTime:0.001359s ]
INFO: [ view_parse ] --START--
INFO: [ template_filter ] --START--
INFO: Run Behavior\ContentReplaceBehavior [ RunTime:0.000101s ]
INFO: [ template_filter ] --END-- [ RunTime:0.000232s ]
NOTIC: [8] Undefined variable: article D:\wamp\www\think_blog\Application\Runtime\Cache\Home\d8c9168df674c9306e36004515bf8c04.php 第 37 行.
NOTIC: [8] Undefined variable: article D:\wamp\www\think_blog\Application\Runtime\Cache\Home\d8c9168df674c9306e36004515bf8c04.php 第 39 行.
NOTIC: [8] Undefined variable: articleComment D:\wamp\www\think_blog\Application\Runtime\Cache\Home\d8c9168df674c9306e36004515bf8c04.php 第 51 行.
NOTIC: [8] Undefined variable: empty D:\wamp\www\think_blog\Application\Runtime\Cache\Home\d8c9168df674c9306e36004515bf8c04.php 第 58 行.
NOTIC: [8] Undefined variable: count D:\wamp\www\think_blog\Application\Runtime\Cache\Home\d8c9168df674c9306e36004515bf8c04.php 第 63 行.
INFO: Run Behavior\ParseTemplateBehavior [ RunTime:0.017756s ]
INFO: [ view_parse ] --END-- [ RunTime:0.018392s ]
INFO: [ view_filter ] --START--
INFO: Run Behavior\WriteHtmlCacheBehavior [ RunTime:0.000619s ]
INFO: [ view_filter ] --END-- [ RunTime:0.000777s ]
INFO: [ app_end ] --START--
INFO: Run Behavior\ShowPageTraceBehavior [ RunTime:0.000691s ]
INFO: [ app_end ] --END-- [ RunTime:0.000869s ]

[ 2016-10-23T15:30:44+08:00 ] ::1 /think_blog/Home/Member/personCenter.html
INFO: [ app_init ] --START--
INFO: Run Behavior\BuildLiteBehavior [ RunTime:0.000042s ]
INFO: [ app_init ] --END-- [ RunTime:0.000833s ]

[ 2016-10-23T15:30:45+08:00 ] ::1 /think_blog/Home/Member/personArticle.html
INFO: [ app_init ] --START--
INFO: Run Behavior\BuildLiteBehavior [ RunTime:0.000043s ]
INFO: [ app_init ] --END-- [ RunTime:0.000804s ]

[ 2016-10-23T15:30:48+08:00 ] ::1 /think_blog/Home/ArticleComment/getArticleComment/article_id/3.html
INFO: [ app_init ] --START--
INFO: Run Behavior\BuildLiteBehavior [ RunTime:0.000028s ]
INFO: [ app_init ] --END-- [ RunTime:0.000431s ]

[ 2016-10-23T15:30:50+08:00 ] ::1 /think_blog/Home/Member/personComment
INFO: [ app_init ] --START--
INFO: Run Behavior\BuildLiteBehavior [ RunTime:0.000094s ]
INFO: [ app_init ] --END-- [ RunTime:0.003727s ]
INFO: [ app_begin ] --START--
INFO: Run Behavior\ReadHtmlCacheBehavior [ RunTime:0.000948s ]
INFO: [ app_begin ] --END-- [ RunTime:0.001161s ]
INFO: [ view_parse ] --START--
INFO: [ template_filter ] --START--
INFO: Run Behavior\ContentReplaceBehavior [ RunTime:0.000191s ]
INFO: [ template_filter ] --END-- [ RunTime:0.000450s ]
NOTIC: [8] Undefined variable: article D:\wamp\www\think_blog\Application\Runtime\Cache\Home\d8c9168df674c9306e36004515bf8c04.php 第 37 行.
NOTIC: [8] Undefined variable: article D:\wamp\www\think_blog\Application\Runtime\Cache\Home\d8c9168df674c9306e36004515bf8c04.php 第 39 行.
NOTIC: [8] Undefined variable: articleComment D:\wamp\www\think_blog\Application\Runtime\Cache\Home\d8c9168df674c9306e36004515bf8c04.php 第 51 行.
NOTIC: [8] Undefined variable: empty D:\wamp\www\think_blog\Application\Runtime\Cache\Home\d8c9168df674c9306e36004515bf8c04.php 第 58 行.
NOTIC: [8] Undefined variable: count D:\wamp\www\think_blog\Application\Runtime\Cache\Home\d8c9168df674c9306e36004515bf8c04.php 第 63 行.
INFO: Run Behavior\ParseTemplateBehavior [ RunTime:0.024111s ]
INFO: [ view_parse ] --END-- [ RunTime:0.024299s ]
INFO: [ view_filter ] --START--
INFO: Run Behavior\WriteHtmlCacheBehavior [ RunTime:0.000678s ]
INFO: [ view_filter ] --END-- [ RunTime:0.000857s ]
INFO: [ app_end ] --START--
INFO: Run Behavior\ShowPageTraceBehavior [ RunTime:0.000923s ]
INFO: [ app_end ] --END-- [ RunTime:0.001091s ]

[ 2016-10-23T15:31:25+08:00 ] ::1 /think_blog/Home/Member/personCenter.html
INFO: [ app_init ] --START--
INFO: Run Behavior\BuildLiteBehavior [ RunTime:0.000047s ]
INFO: [ app_init ] --END-- [ RunTime:0.001076s ]

[ 2016-10-23T15:31:25+08:00 ] ::1 /think_blog/Home/Member/personArticle.html
INFO: [ app_init ] --START--
INFO: Run Behavior\BuildLiteBehavior [ RunTime:0.000100s ]
INFO: [ app_init ] --END-- [ RunTime:0.002632s ]

[ 2016-10-23T15:31:27+08:00 ] ::1 /think_blog/Home/ArticleComment/getArticleComment/article_id/3.html
INFO: [ app_init ] --START--
INFO: Run Behavior\BuildLiteBehavior [ RunTime:0.000042s ]
INFO: [ app_init ] --END-- [ RunTime:0.000791s ]

[ 2016-10-23T15:31:28+08:00 ] ::1 /think_blog/Home/ArticleComment/getArticleComment/article_id/3.html
INFO: [ app_init ] --START--
INFO: Run Behavior\BuildLiteBehavior [ RunTime:0.000036s ]
INFO: [ app_init ] --END-- [ RunTime:0.000506s ]

[ 2016-10-23T15:31:30+08:00 ] ::1 /think_blog/Home/Member/getArticleComment
INFO: [ app_init ] --START--
INFO: Run Behavior\BuildLiteBehavior [ RunTime:0.000090s ]
INFO: [ app_init ] --END-- [ RunTime:0.001711s ]
INFO: [ app_begin ] --START--
INFO: Run Behavior\ReadHtmlCacheBehavior [ RunTime:0.002821s ]
INFO: [ app_begin ] --END-- [ RunTime:0.003466s ]
ERR: 非法操作:getArticleComment

[ 2016-10-23T15:32:10+08:00 ] ::1 /think_blog/Home/Member/personCenter.html
INFO: [ app_init ] --START--
INFO: Run Behavior\BuildLiteBehavior [ RunTime:0.000054s ]
INFO: [ app_init ] --END-- [ RunTime:0.001268s ]

[ 2016-10-23T15:32:10+08:00 ] ::1 /think_blog/Home/Member/personArticle.html
INFO: [ app_init ] --START--
INFO: Run Behavior\BuildLiteBehavior [ RunTime:0.000059s ]
INFO: [ app_init ] --END-- [ RunTime:0.001955s ]

[ 2016-10-23T15:32:11+08:00 ] ::1 /think_blog/Home/ArticleComment/getArticleComment/article_id/3.html
INFO: [ app_init ] --START--
INFO: Run Behavior\BuildLiteBehavior [ RunTime:0.000037s ]
INFO: [ app_init ] --END-- [ RunTime:0.000647s ]

[ 2016-10-23T15:32:13+08:00 ] ::1 /think_blog/Home/ArticleComment/getArticleComment
INFO: [ app_init ] --START--
INFO: Run Behavior\BuildLiteBehavior [ RunTime:0.000095s ]
INFO: [ app_init ] --END-- [ RunTime:0.002469s ]
INFO: [ app_begin ] --START--
INFO: Run Behavior\ReadHtmlCacheBehavior [ RunTime:0.001807s ]
INFO: [ app_begin ] --END-- [ RunTime:0.002233s ]

[ 2016-10-23T15:32:30+08:00 ] ::1 /think_blog/Home/Member/personCenter.html
INFO: [ app_init ] --START--
INFO: Run Behavior\BuildLiteBehavior [ RunTime:0.000093s ]
INFO: [ app_init ] --END-- [ RunTime:0.002315s ]

[ 2016-10-23T15:32:31+08:00 ] ::1 /think_blog/Home/Member/personArticle.html
INFO: [ app_init ] --START--
INFO: Run Behavior\BuildLiteBehavior [ RunTime:0.000053s ]
INFO: [ app_init ] --END-- [ RunTime:0.000871s ]

[ 2016-10-23T15:32:32+08:00 ] ::1 /think_blog/Home/ArticleComment/getArticleComment/article_id/3.html
INFO: [ app_init ] --START--
INFO: Run Behavior\BuildLiteBehavior [ RunTime:0.000042s ]
INFO: [ app_init ] --END-- [ RunTime:0.000739s ]

[ 2016-10-23T15:32:34+08:00 ] ::1 /think_blog/Home/ArticleComment/getArticleComment
INFO: [ app_init ] --START--
INFO: Run Behavior\BuildLiteBehavior [ RunTime:0.000046s ]
INFO: [ app_init ] --END-- [ RunTime:0.000909s ]
INFO: [ app_begin ] --START--
INFO: Run Behavior\ReadHtmlCacheBehavior [ RunTime:0.000914s ]
INFO: [ app_begin ] --END-- [ RunTime:0.001141s ]

[ 2016-10-23T15:33:24+08:00 ] ::1 /think_blog/Home/Member/personCenter.html
INFO: [ app_init ] --START--
INFO: Run Behavior\BuildLiteBehavior [ RunTime:0.000045s ]
INFO: [ app_init ] --END-- [ RunTime:0.000955s ]

[ 2016-10-23T15:33:24+08:00 ] ::1 /think_blog/Home/Member/personArticle.html
INFO: [ app_init ] --START--
INFO: Run Behavior\BuildLiteBehavior [ RunTime:0.000045s ]
INFO: [ app_init ] --END-- [ RunTime:0.000980s ]

[ 2016-10-23T15:33:27+08:00 ] ::1 /think_blog/Home/ArticleComment/getArticleComment/article_id/3.html
INFO: [ app_init ] --START--
INFO: Run Behavior\BuildLiteBehavior [ RunTime:0.000058s ]
INFO: [ app_init ] --END-- [ RunTime:0.000944s ]

[ 2016-10-23T15:33:31+08:00 ] ::1 /think_blog/Home/ArticleComment/getArticleComment
INFO: [ app_init ] --START--
INFO: Run Behavior\BuildLiteBehavior [ RunTime:0.000087s ]
INFO: [ app_init ] --END-- [ RunTime:0.001690s ]
INFO: [ app_begin ] --START--
INFO: Run Behavior\ReadHtmlCacheBehavior [ RunTime:0.001777s ]
INFO: [ app_begin ] --END-- [ RunTime:0.002363s ]
SQL: SHOW COLUMNS FROM `article` [ RunTime:0.0152s ]
SQL: SELECT `id` FROM `article` WHERE `id` = 3  [ RunTime:0.0008s ]
NOTIC: [2048] Declaration of Home\Model\ArticleCommentModel::comment() should be compatible with Think\Model::comment($comment) D:\wamp\www\think_blog\Application\Home\Model\ArticleCommentModel.class.php 第 111 行.
SQL: SHOW COLUMNS FROM `article_comment` [ RunTime:0.0135s ]
SQL: SELECT ac.id AS `article_comment_id`,ac.member_id AS `member_id`,m.member_name AS `member_name`,m.head_pic AS `head_pic`,ac.comment_content AS `comment_content`,ac.comment_time AS `comment_time` FROM article_comment ac INNER JOIN member m ON ac.member_id=m.id  WHERE ac.article_id = '3' LIMIT 10,10   [ RunTime:0.0008s ]
SQL: SELECT COUNT(ac.id) AS `count` FROM article_comment ac INNER JOIN member m ON ac.member_id=m.id  WHERE ac.article_id = '3'  [ RunTime:0.0006s ]

[ 2016-10-23T15:47:15+08:00 ] ::1 /think_blog/Home/Member/personCenter.html
INFO: [ app_init ] --START--
INFO: Run Behavior\BuildLiteBehavior [ RunTime:0.000047s ]
INFO: [ app_init ] --END-- [ RunTime:0.001031s ]

[ 2016-10-23T15:47:15+08:00 ] ::1 /think_blog/Home/Member/personArticle.html
INFO: [ app_init ] --START--
INFO: Run Behavior\BuildLiteBehavior [ RunTime:0.000062s ]
INFO: [ app_init ] --END-- [ RunTime:0.001277s ]

[ 2016-10-23T15:47:20+08:00 ] ::1 /think_blog/Home/ArticleComment/getArticleComment/article_id/3.html
INFO: [ app_init ] --START--
INFO: Run Behavior\BuildLiteBehavior [ RunTime:0.000038s ]
INFO: [ app_init ] --END-- [ RunTime:0.000723s ]

[ 2016-10-23T15:47:22+08:00 ] ::1 /think_blog/Home/ArticleComment/getArticleComment
INFO: [ app_init ] --START--
INFO: Run Behavior\BuildLiteBehavior [ RunTime:0.000047s ]
INFO: [ app_init ] --END-- [ RunTime:0.000936s ]
INFO: [ app_begin ] --START--
INFO: Run Behavior\ReadHtmlCacheBehavior [ RunTime:0.001165s ]
INFO: [ app_begin ] --END-- [ RunTime:0.001408s ]
SQL: SHOW COLUMNS FROM `article` [ RunTime:0.0294s ]
SQL: SELECT `id` FROM `article` WHERE `id` = 3  [ RunTime:0.0003s ]
NOTIC: [2048] Declaration of Home\Model\ArticleCommentModel::comment() should be compatible with Think\Model::comment($comment) D:\wamp\www\think_blog\Application\Home\Model\ArticleCommentModel.class.php 第 129 行.
SQL: SHOW COLUMNS FROM `article_comment` [ RunTime:0.0042s ]
SQL: SELECT ac.id AS `article_comment_id`,ac.member_id AS `member_id`,m.member_name AS `member_name`,m.head_pic AS `head_pic`,ac.comment_content AS `comment_content`,ac.comment_time AS `comment_time` FROM article_comment ac INNER JOIN member m ON ac.member_id=m.id  WHERE ac.article_id = '3' LIMIT 10,10   [ RunTime:0.0006s ]
SQL: SELECT COUNT(ac.id) AS `count` FROM article_comment ac INNER JOIN member m ON ac.member_id=m.id  WHERE ac.article_id = '3'  [ RunTime:0.0004s ]

[ 2016-10-23T15:47:34+08:00 ] ::1 /think_blog/Home/ArticleComment/commentDel
INFO: [ app_init ] --START--
INFO: Run Behavior\BuildLiteBehavior [ RunTime:0.000045s ]
INFO: [ app_init ] --END-- [ RunTime:0.000907s ]
INFO: [ app_begin ] --START--
INFO: Run Behavior\ReadHtmlCacheBehavior [ RunTime:0.000880s ]
INFO: [ app_begin ] --END-- [ RunTime:0.001078s ]
NOTIC: [2048] Declaration of Home\Model\ArticleCommentModel::comment() should be compatible with Think\Model::comment($comment) D:\wamp\www\think_blog\Application\Home\Model\ArticleCommentModel.class.php 第 5 行.
SQL: SHOW COLUMNS FROM `article_comment` [ RunTime:0.0083s ]
NOTIC: [8] Undefined offset: 0 D:\wamp\www\think_blog\ThinkPHP\Library\Think\Db\Driver.class.php 第 550 行.
NOTIC: [8] Undefined offset: 0 D:\wamp\www\think_blog\ThinkPHP\Library\Think\Db\Driver.class.php 第 596 行.
NOTIC: [8] Undefined offset: 0 D:\wamp\www\think_blog\ThinkPHP\Library\Think\Db\Driver.class.php 第 596 行.
NOTIC: [8] Undefined offset: 0 D:\wamp\www\think_blog\ThinkPHP\Library\Think\Db\Driver.class.php 第 597 行.
NOTIC: [8] Undefined offset: 0 D:\wamp\www\think_blog\ThinkPHP\Library\Think\Db\Driver.class.php 第 600 行.
SQL: DELETE FROM `article_comment` WHERE ( `id` = null  ) [ RunTime:0.0004s ]

[ 2016-10-23T15:47:35+08:00 ] ::1 /think_blog/Home/ArticleComment/getArticleComment
INFO: [ app_init ] --START--
INFO: Run Behavior\BuildLiteBehavior [ RunTime:0.000060s ]
INFO: [ app_init ] --END-- [ RunTime:0.001471s ]
INFO: [ app_begin ] --START--
INFO: Run Behavior\ReadHtmlCacheBehavior [ RunTime:0.001730s ]
INFO: [ app_begin ] --END-- [ RunTime:0.002338s ]
SQL: SHOW COLUMNS FROM `article` [ RunTime:0.0047s ]
SQL: SELECT `id` FROM `article` WHERE `id` = 3  [ RunTime:0.0003s ]
NOTIC: [2048] Declaration of Home\Model\ArticleCommentModel::comment() should be compatible with Think\Model::comment($comment) D:\wamp\www\think_blog\Application\Home\Model\ArticleCommentModel.class.php 第 129 行.
SQL: SHOW COLUMNS FROM `article_comment` [ RunTime:0.0044s ]
SQL: SELECT ac.id AS `article_comment_id`,ac.member_id AS `member_id`,m.member_name AS `member_name`,m.head_pic AS `head_pic`,ac.comment_content AS `comment_content`,ac.comment_time AS `comment_time` FROM article_comment ac INNER JOIN member m ON ac.member_id=m.id  WHERE ac.article_id = '3' LIMIT 0,10   [ RunTime:0.0005s ]
SQL: SELECT COUNT(ac.id) AS `count` FROM article_comment ac INNER JOIN member m ON ac.member_id=m.id  WHERE ac.article_id = '3'  [ RunTime:0.0004s ]

[ 2016-10-23T15:47:37+08:00 ] ::1 /think_blog/Home/ArticleComment/getArticleComment
INFO: [ app_init ] --START--
INFO: Run Behavior\BuildLiteBehavior [ RunTime:0.000089s ]
INFO: [ app_init ] --END-- [ RunTime:0.001296s ]
INFO: [ app_begin ] --START--
INFO: Run Behavior\ReadHtmlCacheBehavior [ RunTime:0.001188s ]
INFO: [ app_begin ] --END-- [ RunTime:0.001441s ]
SQL: SHOW COLUMNS FROM `article` [ RunTime:0.0051s ]
SQL: SELECT `id` FROM `article` WHERE `id` = 3  [ RunTime:0.0005s ]
NOTIC: [2048] Declaration of Home\Model\ArticleCommentModel::comment() should be compatible with Think\Model::comment($comment) D:\wamp\www\think_blog\Application\Home\Model\ArticleCommentModel.class.php 第 129 行.
SQL: SHOW COLUMNS FROM `article_comment` [ RunTime:0.0054s ]
SQL: SELECT ac.id AS `article_comment_id`,ac.member_id AS `member_id`,m.member_name AS `member_name`,m.head_pic AS `head_pic`,ac.comment_content AS `comment_content`,ac.comment_time AS `comment_time` FROM article_comment ac INNER JOIN member m ON ac.member_id=m.id  WHERE ac.article_id = '3' LIMIT 10,10   [ RunTime:0.0007s ]
SQL: SELECT COUNT(ac.id) AS `count` FROM article_comment ac INNER JOIN member m ON ac.member_id=m.id  WHERE ac.article_id = '3'  [ RunTime:0.0006s ]

[ 2016-10-23T15:49:15+08:00 ] ::1 /think_blog/?XDEBUG_SESSION_START=11414
INFO: [ app_init ] --START--
INFO: Run Behavior\BuildLiteBehavior [ RunTime:0.000090s ]
INFO: [ app_init ] --END-- [ RunTime:0.000783s ]

[ 2016-10-23T15:49:19+08:00 ] ::1 /think_blog/Home/Member/personCenter.html
INFO: [ app_init ] --START--
INFO: Run Behavior\BuildLiteBehavior [ RunTime:0.000079s ]
INFO: [ app_init ] --END-- [ RunTime:0.000870s ]

[ 2016-10-23T15:49:19+08:00 ] ::1 /think_blog/Home/Member/personArticle.html
INFO: [ app_init ] --START--
INFO: Run Behavior\BuildLiteBehavior [ RunTime:0.000066s ]
INFO: [ app_init ] --END-- [ RunTime:0.000649s ]

[ 2016-10-23T15:49:22+08:00 ] ::1 /think_blog/Home/Member/personArticle
INFO: [ app_init ] --START--
INFO: Run Behavior\BuildLiteBehavior [ RunTime:0.000110s ]
INFO: [ app_init ] --END-- [ RunTime:0.001367s ]
INFO: [ app_begin ] --START--
INFO: Run Behavior\ReadHtmlCacheBehavior [ RunTime:0.001065s ]
INFO: [ app_begin ] --END-- [ RunTime:0.001431s ]
SQL: SHOW COLUMNS FROM `article` [ RunTime:0.0141s ]
SQL: SHOW COLUMNS FROM `member` [ RunTime:0.0176s ]
SQL: SELECT a.id AS `article_id`,a.title AS `title`,a.content AS `content`,a.hitnum AS `hitnum`,a.create_time AS `create_time`,a.member_id AS `member_id`,m.member_name AS `member_name`,a.article_type_id AS `article_type_id`,at.article_type_name AS `article_type_name`,COUNT(ac.id) AS `article_comment_count` FROM `member` `m` LEFT JOIN article a ON a.member_id=m.id LEFT JOIN article_type at ON a.article_type_id=at.id LEFT JOIN article_comment ac ON a.id=ac.article_id  WHERE a.member_id = '29' GROUP BY a.id LIMIT 10,10   [ RunTime:0.0015s ]
SQL: SELECT COUNT(a.id) as count FROM article a LEFT JOIN article_type at ON a.article_type_id=at.id  WHERE a.member_id = '29'  [ RunTime:0.0008s ]

[ 2016-10-23T15:49:26+08:00 ] ::1 /think_blog/Home/Member/personCenter.html
INFO: [ app_init ] --START--
INFO: Run Behavior\BuildLiteBehavior [ RunTime:0.000092s ]
INFO: [ app_init ] --END-- [ RunTime:0.000838s ]

[ 2016-10-23T15:49:27+08:00 ] ::1 /think_blog/Home/Member/personArticle.html
INFO: [ app_init ] --START--
INFO: Run Behavior\BuildLiteBehavior [ RunTime:0.000098s ]
INFO: [ app_init ] --END-- [ RunTime:0.000842s ]

[ 2016-10-23T15:49:43+08:00 ] ::1 /think_blog/Home/ArticleComment/getArticleComment/article_id/3.html
INFO: [ app_init ] --START--
INFO: Run Behavior\BuildLiteBehavior [ RunTime:0.000143s ]
INFO: [ app_init ] --END-- [ RunTime:0.002120s ]

[ 2016-10-23T15:49:45+08:00 ] ::1 /think_blog/?XDEBUG_SESSION_START=13162
INFO: [ app_init ] --START--
INFO: Run Behavior\BuildLiteBehavior [ RunTime:0.000071s ]
INFO: [ app_init ] --END-- [ RunTime:0.000796s ]

[ 2016-10-23T15:49:48+08:00 ] ::1 /think_blog/Home/Member/personCenter.html
INFO: [ app_init ] --START--
INFO: Run Behavior\BuildLiteBehavior [ RunTime:0.000075s ]
INFO: [ app_init ] --END-- [ RunTime:0.000833s ]

[ 2016-10-23T15:49:48+08:00 ] ::1 /think_blog/Home/Member/personArticle.html
INFO: [ app_init ] --START--
INFO: Run Behavior\BuildLiteBehavior [ RunTime:0.000072s ]
INFO: [ app_init ] --END-- [ RunTime:0.001104s ]

[ 2016-10-23T15:49:50+08:00 ] ::1 /think_blog/Home/ArticleComment/getArticleComment/article_id/3.html
INFO: [ app_init ] --START--
INFO: Run Behavior\BuildLiteBehavior [ RunTime:0.000067s ]
INFO: [ app_init ] --END-- [ RunTime:0.000747s ]

[ 2016-10-23T15:49:52+08:00 ] ::1 /think_blog/Home/ArticleComment/getArticleComment
INFO: [ app_init ] --START--
INFO: Run Behavior\BuildLiteBehavior [ RunTime:0.000118s ]
INFO: [ app_init ] --END-- [ RunTime:0.001271s ]
INFO: [ app_begin ] --START--
INFO: Run Behavior\ReadHtmlCacheBehavior [ RunTime:0.000979s ]
INFO: [ app_begin ] --END-- [ RunTime:0.001387s ]
SQL: SHOW COLUMNS FROM `article` [ RunTime:0.0083s ]
SQL: SELECT `id` FROM `article` WHERE `id` = 3  [ RunTime:0.0005s ]
NOTIC: [2048] Declaration of Home\Model\ArticleCommentModel::comment() should be compatible with Think\Model::comment($comment) D:\wamp\www\think_blog\Application\Home\Model\ArticleCommentModel.class.php 第 129 行.
SQL: SHOW COLUMNS FROM `article_comment` [ RunTime:0.0052s ]
SQL: SELECT ac.id AS `article_comment_id`,ac.member_id AS `member_id`,m.member_name AS `member_name`,m.head_pic AS `head_pic`,ac.comment_content AS `comment_content`,ac.comment_time AS `comment_time` FROM article_comment ac INNER JOIN member m ON ac.member_id=m.id  WHERE ac.article_id = '3' LIMIT 10,10   [ RunTime:0.0005s ]
SQL: SELECT COUNT(ac.id) AS `count` FROM article_comment ac INNER JOIN member m ON ac.member_id=m.id  WHERE ac.article_id = '3'  [ RunTime:0.0004s ]

[ 2016-10-23T15:50:46+08:00 ] ::1 /think_blog/Home/ArticleComment/commentDel
INFO: [ app_init ] --START--
INFO: Run Behavior\BuildLiteBehavior [ RunTime:0.000150s ]
INFO: [ app_init ] --END-- [ RunTime:0.001400s ]
INFO: [ app_begin ] --START--
INFO: Run Behavior\ReadHtmlCacheBehavior [ RunTime:0.000767s ]
INFO: [ app_begin ] --END-- [ RunTime:0.001080s ]
NOTIC: [2048] Declaration of Home\Model\ArticleCommentModel::comment() should be compatible with Think\Model::comment($comment) D:\wamp\www\think_blog\Application\Home\Model\ArticleCommentModel.class.php 第 5 行.
SQL: SHOW COLUMNS FROM `article_comment` [ RunTime:0.0143s ]
NOTIC: [8] Undefined offset: 0 D:\wamp\www\think_blog\ThinkPHP\Library\Think\Db\Driver.class.php 第 550 行.
NOTIC: [8] Undefined offset: 0 D:\wamp\www\think_blog\ThinkPHP\Library\Think\Db\Driver.class.php 第 596 行.
NOTIC: [8] Undefined offset: 0 D:\wamp\www\think_blog\ThinkPHP\Library\Think\Db\Driver.class.php 第 596 行.
NOTIC: [8] Undefined offset: 0 D:\wamp\www\think_blog\ThinkPHP\Library\Think\Db\Driver.class.php 第 597 行.
NOTIC: [8] Undefined offset: 0 D:\wamp\www\think_blog\ThinkPHP\Library\Think\Db\Driver.class.php 第 600 行.
SQL: DELETE FROM `article_comment` WHERE ( `id` = null  ) [ RunTime:0.0010s ]

[ 2016-10-23T15:50:50+08:00 ] ::1 /think_blog/Home/ArticleComment/getArticleComment
INFO: [ app_init ] --START--
INFO: Run Behavior\BuildLiteBehavior [ RunTime:0.000065s ]
INFO: [ app_init ] --END-- [ RunTime:0.000661s ]
INFO: [ app_begin ] --START--
INFO: Run Behavior\ReadHtmlCacheBehavior [ RunTime:0.000528s ]
INFO: [ app_begin ] --END-- [ RunTime:0.000755s ]
SQL: SHOW COLUMNS FROM `article` [ RunTime:0.0125s ]
SQL: SELECT `id` FROM `article` WHERE `id` = 3  [ RunTime:0.0010s ]
NOTIC: [2048] Declaration of Home\Model\ArticleCommentModel::comment() should be compatible with Think\Model::comment($comment) D:\wamp\www\think_blog\Application\Home\Model\ArticleCommentModel.class.php 第 130 行.
SQL: SHOW COLUMNS FROM `article_comment` [ RunTime:0.0127s ]
SQL: SELECT ac.id AS `article_comment_id`,ac.member_id AS `member_id`,m.member_name AS `member_name`,m.head_pic AS `head_pic`,ac.comment_content AS `comment_content`,ac.comment_time AS `comment_time` FROM article_comment ac INNER JOIN member m ON ac.member_id=m.id  WHERE ac.article_id = '3' LIMIT 0,10   [ RunTime:0.0010s ]
SQL: SELECT COUNT(ac.id) AS `count` FROM article_comment ac INNER JOIN member m ON ac.member_id=m.id  WHERE ac.article_id = '3'  [ RunTime:0.0008s ]

[ 2016-10-23T15:50:52+08:00 ] ::1 /think_blog/Home/ArticleComment/getArticleComment
INFO: [ app_init ] --START--
INFO: Run Behavior\BuildLiteBehavior [ RunTime:0.000076s ]
INFO: [ app_init ] --END-- [ RunTime:0.000749s ]
INFO: [ app_begin ] --START--
INFO: Run Behavior\ReadHtmlCacheBehavior [ RunTime:0.000763s ]
INFO: [ app_begin ] --END-- [ RunTime:0.001097s ]
SQL: SHOW COLUMNS FROM `article` [ RunTime:0.0040s ]
SQL: SELECT `id` FROM `article` WHERE `id` = 3  [ RunTime:0.0004s ]
NOTIC: [2048] Declaration of Home\Model\ArticleCommentModel::comment() should be compatible with Think\Model::comment($comment) D:\wamp\www\think_blog\Application\Home\Model\ArticleCommentModel.class.php 第 130 行.
SQL: SHOW COLUMNS FROM `article_comment` [ RunTime:0.0047s ]
SQL: SELECT ac.id AS `article_comment_id`,ac.member_id AS `member_id`,m.member_name AS `member_name`,m.head_pic AS `head_pic`,ac.comment_content AS `comment_content`,ac.comment_time AS `comment_time` FROM article_comment ac INNER JOIN member m ON ac.member_id=m.id  WHERE ac.article_id = '3' LIMIT 10,10   [ RunTime:0.0005s ]
SQL: SELECT COUNT(ac.id) AS `count` FROM article_comment ac INNER JOIN member m ON ac.member_id=m.id  WHERE ac.article_id = '3'  [ RunTime:0.0004s ]

[ 2016-10-23T15:52:33+08:00 ] ::1 /think_blog/Home/ArticleComment/commentDel
INFO: [ app_init ] --START--
INFO: Run Behavior\BuildLiteBehavior [ RunTime:0.000127s ]
INFO: [ app_init ] --END-- [ RunTime:0.001654s ]
INFO: [ app_begin ] --START--
INFO: Run Behavior\ReadHtmlCacheBehavior [ RunTime:0.000788s ]
INFO: [ app_begin ] --END-- [ RunTime:0.001116s ]
NOTIC: [2048] Declaration of Home\Model\ArticleCommentModel::comment() should be compatible with Think\Model::comment($comment) D:\wamp\www\think_blog\Application\Home\Model\ArticleCommentModel.class.php 第 5 行.
SQL: SHOW COLUMNS FROM `article_comment` [ RunTime:0.0044s ]
NOTIC: [8] Undefined offset: 0 D:\wamp\www\think_blog\ThinkPHP\Library\Think\Db\Driver.class.php 第 550 行.
NOTIC: [8] Undefined offset: 0 D:\wamp\www\think_blog\ThinkPHP\Library\Think\Db\Driver.class.php 第 596 行.
NOTIC: [8] Undefined offset: 0 D:\wamp\www\think_blog\ThinkPHP\Library\Think\Db\Driver.class.php 第 596 行.
NOTIC: [8] Undefined offset: 0 D:\wamp\www\think_blog\ThinkPHP\Library\Think\Db\Driver.class.php 第 597 行.
NOTIC: [8] Undefined offset: 0 D:\wamp\www\think_blog\ThinkPHP\Library\Think\Db\Driver.class.php 第 600 行.
SQL: DELETE FROM `article_comment` WHERE ( `id` = null  ) [ RunTime:0.0009s ]

[ 2016-10-23T15:52:36+08:00 ] ::1 /think_blog/?XDEBUG_SESSION_START=15659
INFO: [ app_init ] --START--
INFO: Run Behavior\BuildLiteBehavior [ RunTime:0.000169s ]
INFO: [ app_init ] --END-- [ RunTime:0.001342s ]

[ 2016-10-23T15:52:40+08:00 ] ::1 /think_blog/Home/Member/personCenter.html
INFO: [ app_init ] --START--
INFO: Run Behavior\BuildLiteBehavior [ RunTime:0.000116s ]
INFO: [ app_init ] --END-- [ RunTime:0.001179s ]

[ 2016-10-23T15:52:40+08:00 ] ::1 /think_blog/Home/Member/personArticle.html
INFO: [ app_init ] --START--
INFO: Run Behavior\BuildLiteBehavior [ RunTime:0.000105s ]
INFO: [ app_init ] --END-- [ RunTime:0.000972s ]

[ 2016-10-23T15:52:43+08:00 ] ::1 /think_blog/Home/ArticleComment/getArticleComment/article_id/3.html
INFO: [ app_init ] --START--
INFO: Run Behavior\BuildLiteBehavior [ RunTime:0.000082s ]
INFO: [ app_init ] --END-- [ RunTime:0.000668s ]

[ 2016-10-23T15:52:45+08:00 ] ::1 /think_blog/Home/ArticleComment/getArticleComment
INFO: [ app_init ] --START--
INFO: Run Behavior\BuildLiteBehavior [ RunTime:0.000064s ]
INFO: [ app_init ] --END-- [ RunTime:0.000711s ]
INFO: [ app_begin ] --START--
INFO: Run Behavior\ReadHtmlCacheBehavior [ RunTime:0.000582s ]
INFO: [ app_begin ] --END-- [ RunTime:0.000805s ]
SQL: SHOW COLUMNS FROM `article` [ RunTime:0.0038s ]
SQL: SELECT `id` FROM `article` WHERE `id` = 3  [ RunTime:0.0003s ]
NOTIC: [2048] Declaration of Home\Model\ArticleCommentModel::comment() should be compatible with Think\Model::comment($comment) D:\wamp\www\think_blog\Application\Home\Model\ArticleCommentModel.class.php 第 130 行.
SQL: SHOW COLUMNS FROM `article_comment` [ RunTime:0.0041s ]
SQL: SELECT ac.id AS `article_comment_id`,ac.member_id AS `member_id`,m.member_name AS `member_name`,m.head_pic AS `head_pic`,ac.comment_content AS `comment_content`,ac.comment_time AS `comment_time` FROM article_comment ac INNER JOIN member m ON ac.member_id=m.id  WHERE ac.article_id = '3' LIMIT 10,10   [ RunTime:0.0005s ]
SQL: SELECT COUNT(ac.id) AS `count` FROM article_comment ac INNER JOIN member m ON ac.member_id=m.id  WHERE ac.article_id = '3'  [ RunTime:0.0003s ]

[ 2016-10-23T15:53:03+08:00 ] ::1 /think_blog/Home/ArticleComment/commentDel
INFO: [ app_init ] --START--
INFO: Run Behavior\BuildLiteBehavior [ RunTime:0.000072s ]
INFO: [ app_init ] --END-- [ RunTime:0.000688s ]
INFO: [ app_begin ] --START--
INFO: Run Behavior\ReadHtmlCacheBehavior [ RunTime:0.000535s ]
INFO: [ app_begin ] --END-- [ RunTime:0.000779s ]
NOTIC: [2048] Declaration of Home\Model\ArticleCommentModel::comment() should be compatible with Think\Model::comment($comment) D:\wamp\www\think_blog\Application\Home\Model\ArticleCommentModel.class.php 第 5 行.
SQL: SHOW COLUMNS FROM `article_comment` [ RunTime:0.0071s ]
SQL: DELETE FROM `article_comment` WHERE `id` IN ('14','15') [ RunTime:0.1667s ]

[ 2016-10-23T15:53:06+08:00 ] ::1 /think_blog/Home/ArticleComment/getArticleComment
INFO: [ app_init ] --START--
INFO: Run Behavior\BuildLiteBehavior [ RunTime:0.000064s ]
INFO: [ app_init ] --END-- [ RunTime:0.000625s ]
INFO: [ app_begin ] --START--
INFO: Run Behavior\ReadHtmlCacheBehavior [ RunTime:0.000493s ]
INFO: [ app_begin ] --END-- [ RunTime:0.000707s ]
SQL: SHOW COLUMNS FROM `article` [ RunTime:0.0039s ]
SQL: SELECT `id` FROM `article` WHERE `id` = 3  [ RunTime:0.0003s ]
NOTIC: [2048] Declaration of Home\Model\ArticleCommentModel::comment() should be compatible with Think\Model::comment($comment) D:\wamp\www\think_blog\Application\Home\Model\ArticleCommentModel.class.php 第 130 行.
SQL: SHOW COLUMNS FROM `article_comment` [ RunTime:0.0039s ]
SQL: SELECT ac.id AS `article_comment_id`,ac.member_id AS `member_id`,m.member_name AS `member_name`,m.head_pic AS `head_pic`,ac.comment_content AS `comment_content`,ac.comment_time AS `comment_time` FROM article_comment ac INNER JOIN member m ON ac.member_id=m.id  WHERE ac.article_id = '3' LIMIT 0,10   [ RunTime:0.0007s ]
SQL: SELECT COUNT(ac.id) AS `count` FROM article_comment ac INNER JOIN member m ON ac.member_id=m.id  WHERE ac.article_id = '3'  [ RunTime:0.0004s ]

[ 2016-10-23T15:53:08+08:00 ] ::1 /think_blog/Home/ArticleComment/getArticleComment
INFO: [ app_init ] --START--
INFO: Run Behavior\BuildLiteBehavior [ RunTime:0.000081s ]
INFO: [ app_init ] --END-- [ RunTime:0.000797s ]
INFO: [ app_begin ] --START--
INFO: Run Behavior\ReadHtmlCacheBehavior [ RunTime:0.000686s ]
INFO: [ app_begin ] --END-- [ RunTime:0.000918s ]
SQL: SHOW COLUMNS FROM `article` [ RunTime:0.0136s ]
SQL: SELECT `id` FROM `article` WHERE `id` = 3  [ RunTime:0.0013s ]
NOTIC: [2048] Declaration of Home\Model\ArticleCommentModel::comment() should be compatible with Think\Model::comment($comment) D:\wamp\www\think_blog\Application\Home\Model\ArticleCommentModel.class.php 第 130 行.
SQL: SHOW COLUMNS FROM `article_comment` [ RunTime:0.0109s ]
SQL: SELECT ac.id AS `article_comment_id`,ac.member_id AS `member_id`,m.member_name AS `member_name`,m.head_pic AS `head_pic`,ac.comment_content AS `comment_content`,ac.comment_time AS `comment_time` FROM article_comment ac INNER JOIN member m ON ac.member_id=m.id  WHERE ac.article_id = '3' LIMIT 10,10   [ RunTime:0.0009s ]
SQL: SELECT COUNT(ac.id) AS `count` FROM article_comment ac INNER JOIN member m ON ac.member_id=m.id  WHERE ac.article_id = '3'  [ RunTime:0.0008s ]

[ 2016-10-23T15:53:10+08:00 ] ::1 /think_blog/Home/ArticleComment/getArticleComment
INFO: [ app_init ] --START--
INFO: Run Behavior\BuildLiteBehavior [ RunTime:0.000336s ]
INFO: [ app_init ] --END-- [ RunTime:0.002668s ]
INFO: [ app_begin ] --START--
INFO: Run Behavior\ReadHtmlCacheBehavior [ RunTime:0.001103s ]
INFO: [ app_begin ] --END-- [ RunTime:0.001532s ]
SQL: SHOW COLUMNS FROM `article` [ RunTime:0.0074s ]
SQL: SELECT `id` FROM `article` WHERE `id` = 3  [ RunTime:0.0008s ]
NOTIC: [2048] Declaration of Home\Model\ArticleCommentModel::comment() should be compatible with Think\Model::comment($comment) D:\wamp\www\think_blog\Application\Home\Model\ArticleCommentModel.class.php 第 130 行.
SQL: SHOW COLUMNS FROM `article_comment` [ RunTime:0.0069s ]
SQL: SELECT ac.id AS `article_comment_id`,ac.member_id AS `member_id`,m.member_name AS `member_name`,m.head_pic AS `head_pic`,ac.comment_content AS `comment_content`,ac.comment_time AS `comment_time` FROM article_comment ac INNER JOIN member m ON ac.member_id=m.id  WHERE ac.article_id = '3' LIMIT 0,10   [ RunTime:0.0009s ]
SQL: SELECT COUNT(ac.id) AS `count` FROM article_comment ac INNER JOIN member m ON ac.member_id=m.id  WHERE ac.article_id = '3'  [ RunTime:0.0008s ]

[ 2016-10-23T15:57:43+08:00 ] ::1 /think_blog/Home/Member/personCenter.html
INFO: [ app_init ] --START--
INFO: Run Behavior\BuildLiteBehavior [ RunTime:0.000076s ]
INFO: [ app_init ] --END-- [ RunTime:0.000867s ]

[ 2016-10-23T15:57:43+08:00 ] ::1 /think_blog/Home/Member/personArticle.html
INFO: [ app_init ] --START--
INFO: Run Behavior\BuildLiteBehavior [ RunTime:0.000074s ]
INFO: [ app_init ] --END-- [ RunTime:0.000708s ]

[ 2016-10-23T15:58:00+08:00 ] ::1 /think_blog/Home/Member/personCenter.html
INFO: [ app_init ] --START--
INFO: Run Behavior\BuildLiteBehavior [ RunTime:0.000064s ]
INFO: [ app_init ] --END-- [ RunTime:0.000659s ]

[ 2016-10-23T15:58:00+08:00 ] ::1 /think_blog/Home/Member/personArticle.html
INFO: [ app_init ] --START--
INFO: Run Behavior\BuildLiteBehavior [ RunTime:0.000108s ]
INFO: [ app_init ] --END-- [ RunTime:0.000841s ]

[ 2016-10-23T15:58:36+08:00 ] ::1 /think_blog/Home/Member/personCenter.html
INFO: [ app_init ] --START--
INFO: Run Behavior\BuildLiteBehavior [ RunTime:0.000103s ]
INFO: [ app_init ] --END-- [ RunTime:0.000785s ]

[ 2016-10-23T15:58:36+08:00 ] ::1 /think_blog/Home/Member/personArticle.html
INFO: [ app_init ] --START--
INFO: Run Behavior\BuildLiteBehavior [ RunTime:0.000116s ]
INFO: [ app_init ] --END-- [ RunTime:0.000787s ]

[ 2016-10-23T15:59:06+08:00 ] ::1 /think_blog/Home/Member/personCenter.html
INFO: [ app_init ] --START--
INFO: Run Behavior\BuildLiteBehavior [ RunTime:0.000079s ]
INFO: [ app_init ] --END-- [ RunTime:0.000900s ]

[ 2016-10-23T15:59:06+08:00 ] ::1 /think_blog/Home/Member/personArticle.html
INFO: [ app_init ] --START--
INFO: Run Behavior\BuildLiteBehavior [ RunTime:0.000064s ]
INFO: [ app_init ] --END-- [ RunTime:0.000671s ]

[ 2016-10-23T15:59:16+08:00 ] ::1 /think_blog/Home/Member/personCenter.html
INFO: [ app_init ] --START--
INFO: Run Behavior\BuildLiteBehavior [ RunTime:0.000115s ]
INFO: [ app_init ] --END-- [ RunTime:0.001279s ]

[ 2016-10-23T15:59:17+08:00 ] ::1 /think_blog/Home/Member/personArticle.html
INFO: [ app_init ] --START--
INFO: Run Behavior\BuildLiteBehavior [ RunTime:0.000065s ]
INFO: [ app_init ] --END-- [ RunTime:0.000626s ]

[ 2016-10-23T15:59:21+08:00 ] ::1 /think_blog/Home/Article/personArticleInfo
INFO: [ app_init ] --START--
INFO: Run Behavior\BuildLiteBehavior [ RunTime:0.000112s ]
INFO: [ app_init ] --END-- [ RunTime:0.001135s ]
INFO: [ app_begin ] --START--
INFO: Run Behavior\ReadHtmlCacheBehavior [ RunTime:0.000954s ]
INFO: [ app_begin ] --END-- [ RunTime:0.001332s ]
SQL: SHOW COLUMNS FROM `article` [ RunTime:0.0064s ]
SQL: SHOW COLUMNS FROM `member` [ RunTime:0.0068s ]
SQL: SELECT a.id AS `article_id`,a.title AS `title`,a.content AS `content`,a.hitnum AS `hitnum`,a.create_time AS `create_time`,a.member_id AS `member_id`,m.member_name AS `member_name`,a.article_type_id AS `article_type_id`,at.article_type_name AS `article_type_name`,COUNT(ac.id) AS `article_comment_count` FROM `member` `m` LEFT JOIN article a ON a.member_id=m.id LEFT JOIN article_type at ON a.article_type_id=at.id LEFT JOIN article_comment ac ON a.id=ac.article_id  WHERE a.id = '23' GROUP BY a.id  [ RunTime:0.0007s ]

[ 2016-10-23T15:59:21+08:00 ] ::1 /think_blog/Home/ArticleType/getPersonArticleType
INFO: [ app_init ] --START--
INFO: Run Behavior\BuildLiteBehavior [ RunTime:0.000165s ]
INFO: [ app_init ] --END-- [ RunTime:0.001786s ]
INFO: [ app_begin ] --START--
INFO: Run Behavior\ReadHtmlCacheBehavior [ RunTime:0.001367s ]
INFO: [ app_begin ] --END-- [ RunTime:0.001929s ]
SQL: SHOW COLUMNS FROM `article_type` [ RunTime:0.0079s ]
SQL: SELECT `id`,`article_type_name` FROM `article_type` WHERE `member_id` = 29  [ RunTime:0.0189s ]

[ 2016-10-23T15:59:26+08:00 ] ::1 /think_blog/Home/Member/personCenter.html
INFO: [ app_init ] --START--
INFO: Run Behavior\BuildLiteBehavior [ RunTime:0.000117s ]
INFO: [ app_init ] --END-- [ RunTime:0.001169s ]

[ 2016-10-23T15:59:27+08:00 ] ::1 /think_blog/Home/Member/personArticle.html
INFO: [ app_init ] --START--
INFO: Run Behavior\BuildLiteBehavior [ RunTime:0.000071s ]
INFO: [ app_init ] --END-- [ RunTime:0.000656s ]

[ 2016-10-23T15:59:39+08:00 ] ::1 /think_blog/Home/Article/personDel
INFO: [ app_init ] --START--
INFO: Run Behavior\BuildLiteBehavior [ RunTime:0.000129s ]
INFO: [ app_init ] --END-- [ RunTime:0.001294s ]
INFO: [ app_begin ] --START--
INFO: Run Behavior\ReadHtmlCacheBehavior [ RunTime:0.000628s ]
INFO: [ app_begin ] --END-- [ RunTime:0.000906s ]
SQL: SHOW COLUMNS FROM `article` [ RunTime:0.0039s ]
SQL: DELETE FROM `article` WHERE `id` IN ('23','24') [ RunTime:0.0950s ]

[ 2016-10-23T15:59:41+08:00 ] ::1 /think_blog/Home/Member/personArticle
INFO: [ app_init ] --START--
INFO: Run Behavior\BuildLiteBehavior [ RunTime:0.000073s ]
INFO: [ app_init ] --END-- [ RunTime:0.000807s ]
INFO: [ app_begin ] --START--
INFO: Run Behavior\ReadHtmlCacheBehavior [ RunTime:0.000616s ]
INFO: [ app_begin ] --END-- [ RunTime:0.001000s ]
SQL: SHOW COLUMNS FROM `article` [ RunTime:0.0363s ]
SQL: SHOW COLUMNS FROM `member` [ RunTime:0.0071s ]
SQL: SELECT a.id AS `article_id`,a.title AS `title`,a.content AS `content`,a.hitnum AS `hitnum`,a.create_time AS `create_time`,a.member_id AS `member_id`,m.member_name AS `member_name`,a.article_type_id AS `article_type_id`,at.article_type_name AS `article_type_name`,COUNT(ac.id) AS `article_comment_count` FROM `member` `m` LEFT JOIN article a ON a.member_id=m.id LEFT JOIN article_type at ON a.article_type_id=at.id LEFT JOIN article_comment ac ON a.id=ac.article_id  WHERE a.member_id = '29' GROUP BY a.id LIMIT 0,10   [ RunTime:0.0010s ]
SQL: SELECT COUNT(a.id) as count FROM article a LEFT JOIN article_type at ON a.article_type_id=at.id  WHERE a.member_id = '29'  [ RunTime:0.0228s ]

[ 2016-10-23T15:59:44+08:00 ] ::1 /think_blog/Home/Member/personArticle
INFO: [ app_init ] --START--
INFO: Run Behavior\BuildLiteBehavior [ RunTime:0.000132s ]
INFO: [ app_init ] --END-- [ RunTime:0.001359s ]
INFO: [ app_begin ] --START--
INFO: Run Behavior\ReadHtmlCacheBehavior [ RunTime:0.000621s ]
INFO: [ app_begin ] --END-- [ RunTime:0.000894s ]
SQL: SHOW COLUMNS FROM `article` [ RunTime:0.0133s ]
SQL: SHOW COLUMNS FROM `member` [ RunTime:0.0111s ]
SQL: SELECT a.id AS `article_id`,a.title AS `title`,a.content AS `content`,a.hitnum AS `hitnum`,a.create_time AS `create_time`,a.member_id AS `member_id`,m.member_name AS `member_name`,a.article_type_id AS `article_type_id`,at.article_type_name AS `article_type_name`,COUNT(ac.id) AS `article_comment_count` FROM `member` `m` LEFT JOIN article a ON a.member_id=m.id LEFT JOIN article_type at ON a.article_type_id=at.id LEFT JOIN article_comment ac ON a.id=ac.article_id  WHERE a.member_id = '29' GROUP BY a.id LIMIT 10,10   [ RunTime:0.0007s ]
SQL: SELECT COUNT(a.id) as count FROM article a LEFT JOIN article_type at ON a.article_type_id=at.id  WHERE a.member_id = '29'  [ RunTime:0.0004s ]

[ 2016-10-23T15:59:47+08:00 ] ::1 /think_blog/Home/Member/personArticle
INFO: [ app_init ] --START--
INFO: Run Behavior\BuildLiteBehavior [ RunTime:0.000130s ]
INFO: [ app_init ] --END-- [ RunTime:0.001216s ]
INFO: [ app_begin ] --START--
INFO: Run Behavior\ReadHtmlCacheBehavior [ RunTime:0.000598s ]
INFO: [ app_begin ] --END-- [ RunTime:0.000814s ]
SQL: SHOW COLUMNS FROM `article` [ RunTime:0.0139s ]
SQL: SHOW COLUMNS FROM `member` [ RunTime:0.0151s ]
SQL: SELECT a.id AS `article_id`,a.title AS `title`,a.content AS `content`,a.hitnum AS `hitnum`,a.create_time AS `create_time`,a.member_id AS `member_id`,m.member_name AS `member_name`,a.article_type_id AS `article_type_id`,at.article_type_name AS `article_type_name`,COUNT(ac.id) AS `article_comment_count` FROM `member` `m` LEFT JOIN article a ON a.member_id=m.id LEFT JOIN article_type at ON a.article_type_id=at.id LEFT JOIN article_comment ac ON a.id=ac.article_id  WHERE a.member_id = '29' GROUP BY a.id LIMIT 0,10   [ RunTime:0.0014s ]
SQL: SELECT COUNT(a.id) as count FROM article a LEFT JOIN article_type at ON a.article_type_id=at.id  WHERE a.member_id = '29'  [ RunTime:0.0012s ]

[ 2016-10-23T16:02:07+08:00 ] ::1 /think_blog/Home/Member/personCenter.html
INFO: [ app_init ] --START--
INFO: Run Behavior\BuildLiteBehavior [ RunTime:0.000074s ]
INFO: [ app_init ] --END-- [ RunTime:0.000884s ]

[ 2016-10-23T16:02:07+08:00 ] ::1 /think_blog/Home/Member/personArticle.html
INFO: [ app_init ] --START--
INFO: Run Behavior\BuildLiteBehavior [ RunTime:0.000075s ]
INFO: [ app_init ] --END-- [ RunTime:0.000748s ]

[ 2016-10-23T16:03:09+08:00 ] ::1 /think_blog/Home/Member/personCenter.html
INFO: [ app_init ] --START--
INFO: Run Behavior\BuildLiteBehavior [ RunTime:0.000105s ]
INFO: [ app_init ] --END-- [ RunTime:0.001195s ]

[ 2016-10-23T16:03:09+08:00 ] ::1 /think_blog/Home/Member/personArticleType.html
INFO: [ app_init ] --START--
INFO: Run Behavior\BuildLiteBehavior [ RunTime:0.000104s ]
INFO: [ app_init ] --END-- [ RunTime:0.001006s ]

[ 2016-10-23T16:03:34+08:00 ] ::1 /think_blog/Home/Member/personCenter.html
INFO: [ app_init ] --START--
INFO: Run Behavior\BuildLiteBehavior [ RunTime:0.000107s ]
INFO: [ app_init ] --END-- [ RunTime:0.001075s ]

[ 2016-10-23T16:03:34+08:00 ] ::1 /think_blog/Home/Member/personArticleType.html
INFO: [ app_init ] --START--
INFO: Run Behavior\BuildLiteBehavior [ RunTime:0.000064s ]
INFO: [ app_init ] --END-- [ RunTime:0.000651s ]

[ 2016-10-23T16:12:22+08:00 ] ::1 /think_blog/Home/Member/personCenter.html
INFO: [ app_init ] --START--
INFO: Run Behavior\BuildLiteBehavior [ RunTime:0.000093s ]
INFO: [ app_init ] --END-- [ RunTime:0.000981s ]

[ 2016-10-23T16:12:22+08:00 ] ::1 /think_blog/Home/Member/personArticleType.html
INFO: [ app_init ] --START--
INFO: Run Behavior\BuildLiteBehavior [ RunTime:0.000112s ]
INFO: [ app_init ] --END-- [ RunTime:0.001112s ]

[ 2016-10-23T16:25:54+08:00 ] ::1 /think_blog/Home/Member/personCenter.html
INFO: [ app_init ] --START--
INFO: Run Behavior\BuildLiteBehavior [ RunTime:0.000098s ]
INFO: [ app_init ] --END-- [ RunTime:0.001159s ]

[ 2016-10-23T16:25:54+08:00 ] ::1 /think_blog/Home/Member/personArticleType.html
INFO: [ app_init ] --START--
INFO: Run Behavior\BuildLiteBehavior [ RunTime:0.000066s ]
INFO: [ app_init ] --END-- [ RunTime:0.000644s ]

[ 2016-10-23T16:27:14+08:00 ] ::1 /think_blog/Home/Member/personCenter.html
INFO: [ app_init ] --START--
INFO: Run Behavior\BuildLiteBehavior [ RunTime:0.000115s ]
INFO: [ app_init ] --END-- [ RunTime:0.001386s ]

[ 2016-10-23T16:27:14+08:00 ] ::1 /think_blog/Home/Member/personArticleType.html
INFO: [ app_init ] --START--
INFO: Run Behavior\BuildLiteBehavior [ RunTime:0.000066s ]
INFO: [ app_init ] --END-- [ RunTime:0.000698s ]

[ 2016-10-23T16:27:16+08:00 ] ::1 /think_blog/Home/Member/personCenter.html
INFO: [ app_init ] --START--
INFO: Run Behavior\BuildLiteBehavior [ RunTime:0.000498s ]
INFO: [ app_init ] --END-- [ RunTime:0.002311s ]

[ 2016-10-23T16:27:16+08:00 ] ::1 /think_blog/Home/Member/personArticleType.html
INFO: [ app_init ] --START--
INFO: Run Behavior\BuildLiteBehavior [ RunTime:0.000070s ]
INFO: [ app_init ] --END-- [ RunTime:0.000934s ]

[ 2016-10-23T16:27:58+08:00 ] ::1 /think_blog/?XDEBUG_SESSION_START=14790
INFO: [ app_init ] --START--
INFO: Run Behavior\BuildLiteBehavior [ RunTime:0.000094s ]
INFO: [ app_init ] --END-- [ RunTime:0.001033s ]

[ 2016-10-23T16:28:08+08:00 ] ::1 /think_blog/Home/Member/personCenter.html
INFO: [ app_init ] --START--
INFO: Run Behavior\BuildLiteBehavior [ RunTime:0.000129s ]
INFO: [ app_init ] --END-- [ RunTime:0.001445s ]

[ 2016-10-23T16:28:08+08:00 ] ::1 /think_blog/Home/Member/personArticleType.html
INFO: [ app_init ] --START--
INFO: Run Behavior\BuildLiteBehavior [ RunTime:0.000072s ]
INFO: [ app_init ] --END-- [ RunTime:0.000650s ]

[ 2016-10-23T16:29:28+08:00 ] ::1 /think_blog/Home/Member/personCenter.html
INFO: [ app_init ] --START--
INFO: Run Behavior\BuildLiteBehavior [ RunTime:0.000068s ]
INFO: [ app_init ] --END-- [ RunTime:0.000682s ]

[ 2016-10-23T16:29:34+08:00 ] ::1 /think_blog/Home/Member/personArticleType.html
INFO: [ app_init ] --START--
INFO: Run Behavior\BuildLiteBehavior [ RunTime:0.000089s ]
INFO: [ app_init ] --END-- [ RunTime:0.000766s ]

[ 2016-10-23T16:29:37+08:00 ] ::1 /think_blog/Home/Member/personCenter.html
INFO: [ app_init ] --START--
INFO: Run Behavior\BuildLiteBehavior [ RunTime:0.000037s ]
INFO: [ app_init ] --END-- [ RunTime:0.000728s ]

[ 2016-10-23T16:29:37+08:00 ] ::1 /think_blog/Home/Member/personArticleType.html
INFO: [ app_init ] --START--
INFO: Run Behavior\BuildLiteBehavior [ RunTime:0.000038s ]
INFO: [ app_init ] --END-- [ RunTime:0.000792s ]

[ 2016-10-23T16:30:03+08:00 ] ::1 /think_blog/Home/Member/personCenter.html
INFO: [ app_init ] --START--
INFO: Run Behavior\BuildLiteBehavior [ RunTime:0.000060s ]
INFO: [ app_init ] --END-- [ RunTime:0.001117s ]

[ 2016-10-23T16:30:04+08:00 ] ::1 /think_blog/Home/Member/personArticleType.html
INFO: [ app_init ] --START--
INFO: Run Behavior\BuildLiteBehavior [ RunTime:0.000048s ]
INFO: [ app_init ] --END-- [ RunTime:0.001166s ]

[ 2016-10-23T16:30:26+08:00 ] ::1 /think_blog/Home/Member/personCenter.html
INFO: [ app_init ] --START--
INFO: Run Behavior\BuildLiteBehavior [ RunTime:0.000053s ]
INFO: [ app_init ] --END-- [ RunTime:0.001071s ]

[ 2016-10-23T16:30:26+08:00 ] ::1 /think_blog/Home/Member/personArticleType.html
INFO: [ app_init ] --START--
INFO: Run Behavior\BuildLiteBehavior [ RunTime:0.000030s ]
INFO: [ app_init ] --END-- [ RunTime:0.000621s ]

[ 2016-10-23T16:33:12+08:00 ] ::1 /think_blog/Home/Member/personCenter.html
INFO: [ app_init ] --START--
INFO: Run Behavior\BuildLiteBehavior [ RunTime:0.000052s ]
INFO: [ app_init ] --END-- [ RunTime:0.001004s ]

[ 2016-10-23T16:33:12+08:00 ] ::1 /think_blog/Home/Member/personArticleType.html
INFO: [ app_init ] --START--
INFO: Run Behavior\BuildLiteBehavior [ RunTime:0.000134s ]
INFO: [ app_init ] --END-- [ RunTime:0.004809s ]

[ 2016-10-23T16:33:41+08:00 ] ::1 /think_blog/Home/Member/personCenter.html
INFO: [ app_init ] --START--
INFO: Run Behavior\BuildLiteBehavior [ RunTime:0.000044s ]
INFO: [ app_init ] --END-- [ RunTime:0.000964s ]

[ 2016-10-23T16:33:41+08:00 ] ::1 /think_blog/Home/Member/personArticleType.html
INFO: [ app_init ] --START--
INFO: Run Behavior\BuildLiteBehavior [ RunTime:0.000047s ]
INFO: [ app_init ] --END-- [ RunTime:0.000992s ]

[ 2016-10-23T16:34:06+08:00 ] ::1 /think_blog/Home/Member/personCenter.html
INFO: [ app_init ] --START--
INFO: Run Behavior\BuildLiteBehavior [ RunTime:0.000060s ]
INFO: [ app_init ] --END-- [ RunTime:0.001215s ]

[ 2016-10-23T16:34:06+08:00 ] ::1 /think_blog/Home/Member/personArticleType.html
INFO: [ app_init ] --START--
INFO: Run Behavior\BuildLiteBehavior [ RunTime:0.000038s ]
INFO: [ app_init ] --END-- [ RunTime:0.000758s ]

[ 2016-10-23T16:35:17+08:00 ] ::1 /think_blog/Home/Member/personCenter.html
INFO: [ app_init ] --START--
INFO: Run Behavior\BuildLiteBehavior [ RunTime:0.000025s ]
INFO: [ app_init ] --END-- [ RunTime:0.000517s ]

[ 2016-10-23T16:35:17+08:00 ] ::1 /think_blog/Home/Member/personArticleType.html
INFO: [ app_init ] --START--
INFO: Run Behavior\BuildLiteBehavior [ RunTime:0.000024s ]
INFO: [ app_init ] --END-- [ RunTime:0.000442s ]

[ 2016-10-23T16:50:11+08:00 ] ::1 /think_blog/Home/Member/personCenter.html
INFO: [ app_init ] --START--
INFO: Run Behavior\BuildLiteBehavior [ RunTime:0.000035s ]
INFO: [ app_init ] --END-- [ RunTime:0.000821s ]

[ 2016-10-23T16:50:11+08:00 ] ::1 /think_blog/Home/Member/personArticleType.html
INFO: [ app_init ] --START--
INFO: Run Behavior\BuildLiteBehavior [ RunTime:0.000047s ]
INFO: [ app_init ] --END-- [ RunTime:0.000917s ]
ERR: 1054:Champ 'at.member_id' inconnu dans where clause
 [ SQL语句 ] : SELECT `id`,`article_type_name` FROM `article_type` WHERE at.member_id = '29' 

[ 2016-10-23T16:50:48+08:00 ] ::1 /think_blog/Home/Member/personCenter.html
INFO: [ app_init ] --START--
INFO: Run Behavior\BuildLiteBehavior [ RunTime:0.000053s ]
INFO: [ app_init ] --END-- [ RunTime:0.001054s ]

[ 2016-10-23T16:50:48+08:00 ] ::1 /think_blog/Home/Member/personArticleType.html
INFO: [ app_init ] --START--
INFO: Run Behavior\BuildLiteBehavior [ RunTime:0.000046s ]
INFO: [ app_init ] --END-- [ RunTime:0.000963s ]

[ 2016-10-23T16:54:05+08:00 ] ::1 /think_blog/Home/Member/personCenter.html
INFO: [ app_init ] --START--
INFO: Run Behavior\BuildLiteBehavior [ RunTime:0.000088s ]
INFO: [ app_init ] --END-- [ RunTime:0.001397s ]

[ 2016-10-23T16:54:05+08:00 ] ::1 /think_blog/Home/Member/personArticleType.html
INFO: [ app_init ] --START--
INFO: Run Behavior\BuildLiteBehavior [ RunTime:0.000055s ]
INFO: [ app_init ] --END-- [ RunTime:0.001126s ]
ERR: 1054:Champ 'at.member_id' inconnu dans where clause
 [ SQL语句 ] : SELECT COUNT(id) AS count FROM `article_type` WHERE at.member_id = '29' 

[ 2016-10-23T16:54:26+08:00 ] ::1 /think_blog/Home/Member/personCenter.html
INFO: [ app_init ] --START--
INFO: Run Behavior\BuildLiteBehavior [ RunTime:0.000076s ]
INFO: [ app_init ] --END-- [ RunTime:0.001212s ]

[ 2016-10-23T16:54:27+08:00 ] ::1 /think_blog/Home/Member/personArticleType.html
INFO: [ app_init ] --START--
INFO: Run Behavior\BuildLiteBehavior [ RunTime:0.000052s ]
INFO: [ app_init ] --END-- [ RunTime:0.001024s ]

[ 2016-10-23T16:54:34+08:00 ] ::1 /think_blog/Home/Member/personArticleType
INFO: [ app_init ] --START--
INFO: Run Behavior\BuildLiteBehavior [ RunTime:0.000052s ]
INFO: [ app_init ] --END-- [ RunTime:0.000968s ]
INFO: [ app_begin ] --START--
INFO: Run Behavior\ReadHtmlCacheBehavior [ RunTime:0.001012s ]
INFO: [ app_begin ] --END-- [ RunTime:0.001235s ]
SQL: SHOW COLUMNS FROM `article_type` [ RunTime:0.0047s ]
SQL: SELECT `id`,`article_type_name` FROM article_type at WHERE at.member_id = '29' LIMIT 1,1   [ RunTime:0.0003s ]
SQL: SELECT COUNT(id) AS count FROM article_type at WHERE at.member_id = '29'  [ RunTime:0.0002s ]

[ 2016-10-23T16:54:45+08:00 ] ::1 /think_blog/Home/Member/personCenter.html
INFO: [ app_init ] --START--
INFO: Run Behavior\BuildLiteBehavior [ RunTime:0.000058s ]
INFO: [ app_init ] --END-- [ RunTime:0.001133s ]

[ 2016-10-23T16:54:45+08:00 ] ::1 /think_blog/Home/Member/personArticleType.html
INFO: [ app_init ] --START--
INFO: Run Behavior\BuildLiteBehavior [ RunTime:0.000052s ]
INFO: [ app_init ] --END-- [ RunTime:0.001008s ]

[ 2016-10-23T16:55:36+08:00 ] ::1 /think_blog/?XDEBUG_SESSION_START=17797
INFO: [ app_init ] --START--
INFO: Run Behavior\BuildLiteBehavior [ RunTime:0.000113s ]
INFO: [ app_init ] --END-- [ RunTime:0.001083s ]

[ 2016-10-23T16:55:41+08:00 ] ::1 /think_blog/Home/Member/personCenter.html
INFO: [ app_init ] --START--
INFO: Run Behavior\BuildLiteBehavior [ RunTime:0.000177s ]
INFO: [ app_init ] --END-- [ RunTime:0.001471s ]

[ 2016-10-23T16:57:18+08:00 ] ::1 /think_blog/Home/Member/personArticleType.html
INFO: [ app_init ] --START--
INFO: Run Behavior\BuildLiteBehavior [ RunTime:0.000075s ]
INFO: [ app_init ] --END-- [ RunTime:0.000676s ]

[ 2016-10-23T16:57:18+08:00 ] ::1 /think_blog/Home/Member/personCenter.html
INFO: [ app_init ] --START--
INFO: Run Behavior\BuildLiteBehavior [ RunTime:0.000135s ]
INFO: [ app_init ] --END-- [ RunTime:0.001091s ]

[ 2016-10-23T16:57:19+08:00 ] ::1 /think_blog/Home/Member/personArticleType.html
INFO: [ app_init ] --START--
INFO: Run Behavior\BuildLiteBehavior [ RunTime:0.000033s ]
INFO: [ app_init ] --END-- [ RunTime:0.000613s ]

[ 2016-10-23T16:57:20+08:00 ] ::1 /think_blog/?XDEBUG_SESSION_START=13046
INFO: [ app_init ] --START--
INFO: Run Behavior\BuildLiteBehavior [ RunTime:0.000071s ]
INFO: [ app_init ] --END-- [ RunTime:0.000747s ]

[ 2016-10-23T16:57:23+08:00 ] ::1 /think_blog/Home/Member/personCenter.html
INFO: [ app_init ] --START--
INFO: Run Behavior\BuildLiteBehavior [ RunTime:0.000090s ]
INFO: [ app_init ] --END-- [ RunTime:0.000882s ]

[ 2016-10-23T16:58:02+08:00 ] ::1 /think_blog/Home/Member/personArticleType.html
INFO: [ app_init ] --START--
INFO: Run Behavior\BuildLiteBehavior [ RunTime:0.000137s ]
INFO: [ app_init ] --END-- [ RunTime:0.001136s ]

[ 2016-10-23T17:00:17+08:00 ] ::1 /think_blog/Home/Member/personCenter.html
INFO: [ app_init ] --START--
INFO: Run Behavior\BuildLiteBehavior [ RunTime:0.000109s ]
INFO: [ app_init ] --END-- [ RunTime:0.002262s ]

[ 2016-10-23T17:00:18+08:00 ] ::1 /think_blog/Home/Member/personArticleType.html
INFO: [ app_init ] --START--
INFO: Run Behavior\BuildLiteBehavior [ RunTime:0.000058s ]
INFO: [ app_init ] --END-- [ RunTime:0.001512s ]

[ 2016-10-23T17:00:54+08:00 ] ::1 /think_blog/Home/Member/personCenter.html
INFO: [ app_init ] --START--
INFO: Run Behavior\BuildLiteBehavior [ RunTime:0.000087s ]
INFO: [ app_init ] --END-- [ RunTime:0.001900s ]

[ 2016-10-23T17:00:54+08:00 ] ::1 /think_blog/Home/Member/personArticleType.html
INFO: [ app_init ] --START--
INFO: Run Behavior\BuildLiteBehavior [ RunTime:0.000036s ]
INFO: [ app_init ] --END-- [ RunTime:0.000827s ]

[ 2016-10-23T17:00:58+08:00 ] ::1 /think_blog/Home/Member/personArticleType
INFO: [ app_init ] --START--
INFO: Run Behavior\BuildLiteBehavior [ RunTime:0.000089s ]
INFO: [ app_init ] --END-- [ RunTime:0.001747s ]
INFO: [ app_begin ] --START--
INFO: Run Behavior\ReadHtmlCacheBehavior [ RunTime:0.001796s ]
INFO: [ app_begin ] --END-- [ RunTime:0.002248s ]
SQL: SHOW COLUMNS FROM `article_type` [ RunTime:0.0076s ]
SQL: SELECT `id`,`article_type_name` FROM article_type at WHERE at.member_id = '29' LIMIT 1,1   [ RunTime:0.0005s ]
SQL: SELECT COUNT(id) AS count FROM article_type at WHERE at.member_id = '29'  [ RunTime:0.0004s ]

[ 2016-10-23T17:02:06+08:00 ] ::1 /think_blog/?XDEBUG_SESSION_START=10910
INFO: [ app_init ] --START--
INFO: Run Behavior\BuildLiteBehavior [ RunTime:0.000103s ]
INFO: [ app_init ] --END-- [ RunTime:0.001447s ]

[ 2016-10-23T17:02:22+08:00 ] ::1 /think_blog/Home/Member/personCenter.html
INFO: [ app_init ] --START--
INFO: Run Behavior\BuildLiteBehavior [ RunTime:0.000077s ]
INFO: [ app_init ] --END-- [ RunTime:0.000838s ]

[ 2016-10-23T17:03:49+08:00 ] ::1 /think_blog/Home/Member/personArticleType.html
INFO: [ app_init ] --START--
INFO: Run Behavior\BuildLiteBehavior [ RunTime:0.000111s ]
INFO: [ app_init ] --END-- [ RunTime:0.001269s ]

[ 2016-10-23T17:03:54+08:00 ] ::1 /think_blog/Home/Member/personCenter.html
INFO: [ app_init ] --START--
INFO: Run Behavior\BuildLiteBehavior [ RunTime:0.000036s ]
INFO: [ app_init ] --END-- [ RunTime:0.000677s ]

[ 2016-10-23T17:03:54+08:00 ] ::1 /think_blog/Home/Member/personArticleType.html
INFO: [ app_init ] --START--
INFO: Run Behavior\BuildLiteBehavior [ RunTime:0.000048s ]
INFO: [ app_init ] --END-- [ RunTime:0.001491s ]

[ 2016-10-23T17:04:08+08:00 ] ::1 /think_blog/Home/Member/personArticleType
INFO: [ app_init ] --START--
INFO: Run Behavior\BuildLiteBehavior [ RunTime:0.000028s ]
INFO: [ app_init ] --END-- [ RunTime:0.000714s ]
INFO: [ app_begin ] --START--
INFO: Run Behavior\ReadHtmlCacheBehavior [ RunTime:0.000575s ]
INFO: [ app_begin ] --END-- [ RunTime:0.000679s ]
SQL: SHOW COLUMNS FROM `article_type` [ RunTime:0.0117s ]
SQL: SELECT `id`,`article_type_name` FROM article_type at WHERE at.id = '前端技术' AND at.member_id = '29' LIMIT 0,0   [ RunTime:0.0007s ]
SQL: SELECT COUNT(id) AS count FROM article_type at WHERE at.id = '前端技术' AND at.member_id = '29'  [ RunTime:0.0197s ]
NOTIC: [8] Undefined index: articleType D:\wamp\www\think_blog\Application\Home\Controller\MemberController.class.php 第 423 行.

[ 2016-10-23T17:04:30+08:00 ] ::1 /think_blog/Home/Member/personArticleType
INFO: [ app_init ] --START--
INFO: Run Behavior\BuildLiteBehavior [ RunTime:0.000089s ]
INFO: [ app_init ] --END-- [ RunTime:0.001668s ]
INFO: [ app_begin ] --START--
INFO: Run Behavior\ReadHtmlCacheBehavior [ RunTime:0.001699s ]
INFO: [ app_begin ] --END-- [ RunTime:0.002081s ]
SQL: SHOW COLUMNS FROM `article_type` [ RunTime:0.0205s ]
SQL: SELECT `id`,`article_type_name` FROM article_type at WHERE at.article_type_name LIKE '前端技术' AND at.member_id = '29' LIMIT 0,0   [ RunTime:0.0008s ]
SQL: SELECT COUNT(id) AS count FROM article_type at WHERE at.article_type_name LIKE '前端技术' AND at.member_id = '29'  [ RunTime:0.0008s ]
NOTIC: [8] Undefined index: articleType D:\wamp\www\think_blog\Application\Home\Controller\MemberController.class.php 第 423 行.

[ 2016-10-23T17:04:33+08:00 ] ::1 /think_blog/Home/Member/personCenter.html
INFO: [ app_init ] --START--
INFO: Run Behavior\BuildLiteBehavior [ RunTime:0.000039s ]
INFO: [ app_init ] --END-- [ RunTime:0.000727s ]

[ 2016-10-23T17:04:34+08:00 ] ::1 /think_blog/Home/Member/personArticleType.html
INFO: [ app_init ] --START--
INFO: Run Behavior\BuildLiteBehavior [ RunTime:0.000098s ]
INFO: [ app_init ] --END-- [ RunTime:0.001437s ]

[ 2016-10-23T17:04:41+08:00 ] ::1 /think_blog/Home/Member/personArticleType
INFO: [ app_init ] --START--
INFO: Run Behavior\BuildLiteBehavior [ RunTime:0.000040s ]
INFO: [ app_init ] --END-- [ RunTime:0.000727s ]
INFO: [ app_begin ] --START--
INFO: Run Behavior\ReadHtmlCacheBehavior [ RunTime:0.000590s ]
INFO: [ app_begin ] --END-- [ RunTime:0.000699s ]
SQL: SHOW COLUMNS FROM `article_type` [ RunTime:0.0131s ]
SQL: SELECT `id`,`article_type_name` FROM article_type at WHERE at.article_type_name LIKE '前端技术' AND at.member_id = '29' LIMIT 0,0   [ RunTime:0.0009s ]
SQL: SELECT COUNT(id) AS count FROM article_type at WHERE at.article_type_name LIKE '前端技术' AND at.member_id = '29'  [ RunTime:0.0014s ]
NOTIC: [8] Undefined index: articleType D:\wamp\www\think_blog\Application\Home\Controller\MemberController.class.php 第 423 行.

[ 2016-10-23T17:05:15+08:00 ] ::1 /think_blog/?XDEBUG_SESSION_START=10583
INFO: [ app_init ] --START--
INFO: Run Behavior\BuildLiteBehavior [ RunTime:0.000059s ]
INFO: [ app_init ] --END-- [ RunTime:0.000605s ]

[ 2016-10-23T17:05:17+08:00 ] ::1 /think_blog/Home/Member/personCenter.html
INFO: [ app_init ] --START--
INFO: Run Behavior\BuildLiteBehavior [ RunTime:0.000075s ]
INFO: [ app_init ] --END-- [ RunTime:0.000809s ]

[ 2016-10-23T17:05:27+08:00 ] ::1 /think_blog/Home/Member/personArticleType.html
INFO: [ app_init ] --START--
INFO: Run Behavior\BuildLiteBehavior [ RunTime:0.000062s ]
INFO: [ app_init ] --END-- [ RunTime:0.000608s ]

[ 2016-10-23T17:07:50+08:00 ] ::1 /think_blog/Home/Member/personArticleType
INFO: [ app_init ] --START--
INFO: Run Behavior\BuildLiteBehavior [ RunTime:0.000124s ]
INFO: [ app_init ] --END-- [ RunTime:0.001294s ]
INFO: [ app_begin ] --START--
INFO: Run Behavior\ReadHtmlCacheBehavior [ RunTime:0.001015s ]
INFO: [ app_begin ] --END-- [ RunTime:0.001423s ]
SQL: SHOW COLUMNS FROM `article_type` [ RunTime:0.0092s ]
SQL: SELECT `id`,`article_type_name` FROM article_type at WHERE at.article_type_name LIKE '前端' AND at.member_id = '29' LIMIT 0,0   [ RunTime:0.0010s ]
SQL: SELECT COUNT(id) AS count FROM article_type at WHERE at.article_type_name LIKE '前端' AND at.member_id = '29'  [ RunTime:0.0010s ]
NOTIC: [8] Undefined index: articleType D:\wamp\www\think_blog\Application\Home\Controller\MemberController.class.php 第 423 行.

[ 2016-10-23T17:13:26+08:00 ] ::1 /think_blog/Home/Member/personArticleType
INFO: [ app_init ] --START--
INFO: Run Behavior\BuildLiteBehavior [ RunTime:0.000104s ]
INFO: [ app_init ] --END-- [ RunTime:0.000931s ]
INFO: [ app_begin ] --START--
INFO: Run Behavior\ReadHtmlCacheBehavior [ RunTime:0.000808s ]
INFO: [ app_begin ] --END-- [ RunTime:0.001110s ]
SQL: SHOW COLUMNS FROM `article_type` [ RunTime:0.0157s ]
SQL: SELECT `id`,`article_type_name` FROM article_type at WHERE at.article_type_name LIKE '前端' AND at.member_id = '29' LIMIT 0,0   [ RunTime:0.0010s ]
SQL: SELECT COUNT(id) AS count FROM article_type at WHERE at.article_type_name LIKE '前端' AND at.member_id = '29'  [ RunTime:0.0005s ]
NOTIC: [8] Undefined index: articleType D:\wamp\www\think_blog\Application\Home\Controller\MemberController.class.php 第 423 行.

[ 2016-10-23T17:13:36+08:00 ] ::1 /think_blog/Home/Member/personArticleType
INFO: [ app_init ] --START--
INFO: Run Behavior\BuildLiteBehavior [ RunTime:0.000046s ]
INFO: [ app_init ] --END-- [ RunTime:0.000919s ]
INFO: [ app_begin ] --START--
INFO: Run Behavior\ReadHtmlCacheBehavior [ RunTime:0.000997s ]
INFO: [ app_begin ] --END-- [ RunTime:0.001182s ]
SQL: SHOW COLUMNS FROM `article_type` [ RunTime:0.0062s ]
SQL: SELECT `id`,`article_type_name` FROM article_type at WHERE at.article_type_name LIKE '前端技术' AND at.member_id = '29' LIMIT 0,0   [ RunTime:0.0004s ]
SQL: SELECT COUNT(id) AS count FROM article_type at WHERE at.article_type_name LIKE '前端技术' AND at.member_id = '29'  [ RunTime:0.0005s ]
NOTIC: [8] Undefined index: articleType D:\wamp\www\think_blog\Application\Home\Controller\MemberController.class.php 第 423 行.

[ 2016-10-23T17:16:14+08:00 ] ::1 /think_blog/Home/Member/personArticleType
INFO: [ app_init ] --START--
INFO: Run Behavior\BuildLiteBehavior [ RunTime:0.000046s ]
INFO: [ app_init ] --END-- [ RunTime:0.000928s ]
INFO: [ app_begin ] --START--
INFO: Run Behavior\ReadHtmlCacheBehavior [ RunTime:0.002590s ]
INFO: [ app_begin ] --END-- [ RunTime:0.002814s ]
SQL: SHOW COLUMNS FROM `article_type` [ RunTime:0.0073s ]
SQL: SELECT `id`,`article_type_name` FROM article_type at WHERE at.article_type_name LIKE '%前端技术%' AND at.member_id = '29' LIMIT 0,0   [ RunTime:0.0004s ]
SQL: SELECT COUNT(id) AS count FROM article_type at WHERE at.article_type_name LIKE '%前端技术%' AND at.member_id = '29'  [ RunTime:0.0004s ]
NOTIC: [8] Undefined index: articleType D:\wamp\www\think_blog\Application\Home\Controller\MemberController.class.php 第 423 行.

[ 2016-10-23T17:16:15+08:00 ] ::1 /think_blog/Home/Member/personArticleType
INFO: [ app_init ] --START--
INFO: Run Behavior\BuildLiteBehavior [ RunTime:0.000044s ]
INFO: [ app_init ] --END-- [ RunTime:0.000839s ]
INFO: [ app_begin ] --START--
INFO: Run Behavior\ReadHtmlCacheBehavior [ RunTime:0.000776s ]
INFO: [ app_begin ] --END-- [ RunTime:0.000953s ]
SQL: SHOW COLUMNS FROM `article_type` [ RunTime:0.0075s ]
SQL: SELECT `id`,`article_type_name` FROM article_type at WHERE at.article_type_name LIKE '%前端技术%' AND at.member_id = '29' LIMIT 0,0   [ RunTime:0.0005s ]
SQL: SELECT COUNT(id) AS count FROM article_type at WHERE at.article_type_name LIKE '%前端技术%' AND at.member_id = '29'  [ RunTime:0.0005s ]
NOTIC: [8] Undefined index: articleType D:\wamp\www\think_blog\Application\Home\Controller\MemberController.class.php 第 423 行.

[ 2016-10-23T17:17:22+08:00 ] ::1 /think_blog/?XDEBUG_SESSION_START=18901
INFO: [ app_init ] --START--
INFO: Run Behavior\BuildLiteBehavior [ RunTime:0.000159s ]
INFO: [ app_init ] --END-- [ RunTime:0.001829s ]

[ 2016-10-23T17:18:16+08:00 ] ::1 /think_blog/Home/Member/personArticleType
INFO: [ app_init ] --START--
INFO: Run Behavior\BuildLiteBehavior [ RunTime:0.000076s ]
INFO: [ app_init ] --END-- [ RunTime:0.000836s ]
INFO: [ app_begin ] --START--
INFO: Run Behavior\ReadHtmlCacheBehavior [ RunTime:0.000691s ]
INFO: [ app_begin ] --END-- [ RunTime:0.000957s ]
SQL: SHOW COLUMNS FROM `article_type` [ RunTime:0.0104s ]
SQL: SELECT `id`,`article_type_name` FROM article_type at WHERE at.article_type_name LIKE '%前端技术%' AND at.member_id = '29' LIMIT 0,0   [ RunTime:0.0012s ]

[ 2016-10-23T17:18:22+08:00 ] ::1 /think_blog/Home/Member/personArticleType
INFO: [ app_init ] --START--
INFO: Run Behavior\BuildLiteBehavior [ RunTime:0.000045s ]
INFO: [ app_init ] --END-- [ RunTime:0.000915s ]
INFO: [ app_begin ] --START--
INFO: Run Behavior\ReadHtmlCacheBehavior [ RunTime:0.000967s ]
INFO: [ app_begin ] --END-- [ RunTime:0.001191s ]
SQL: SHOW COLUMNS FROM `article_type` [ RunTime:0.0158s ]
SQL: SELECT `id`,`article_type_name` FROM article_type at WHERE at.article_type_name LIKE '%前端技术%' AND at.member_id = '29' LIMIT 0,10   [ RunTime:0.0012s ]
SQL: SELECT COUNT(id) AS count FROM article_type at WHERE at.article_type_name LIKE '%前端技术%' AND at.member_id = '29'  [ RunTime:0.0008s ]

[ 2016-10-23T17:18:27+08:00 ] ::1 /think_blog/Home/Member/personArticleType
INFO: [ app_init ] --START--
INFO: Run Behavior\BuildLiteBehavior [ RunTime:0.000045s ]
INFO: [ app_init ] --END-- [ RunTime:0.000804s ]
INFO: [ app_begin ] --START--
INFO: Run Behavior\ReadHtmlCacheBehavior [ RunTime:0.000769s ]
INFO: [ app_begin ] --END-- [ RunTime:0.000968s ]
SQL: SHOW COLUMNS FROM `article_type` [ RunTime:0.0134s ]
SQL: SELECT `id`,`article_type_name` FROM article_type at WHERE at.article_type_name LIKE '%前端%' AND at.member_id = '29' LIMIT 0,10   [ RunTime:0.0009s ]
SQL: SELECT COUNT(id) AS count FROM article_type at WHERE at.article_type_name LIKE '%前端%' AND at.member_id = '29'  [ RunTime:0.0007s ]

[ 2016-10-23T17:18:41+08:00 ] ::1 /think_blog/Home/Member/personArticleType
INFO: [ app_init ] --START--
INFO: Run Behavior\BuildLiteBehavior [ RunTime:0.000028s ]
INFO: [ app_init ] --END-- [ RunTime:0.000496s ]
INFO: [ app_begin ] --START--
INFO: Run Behavior\ReadHtmlCacheBehavior [ RunTime:0.000531s ]
INFO: [ app_begin ] --END-- [ RunTime:0.000649s ]
SQL: SHOW COLUMNS FROM `article_type` [ RunTime:0.0059s ]
SQL: SELECT `id`,`article_type_name` FROM article_type at WHERE at.article_type_name LIKE '%生活%' AND at.member_id = '29' LIMIT 0,10   [ RunTime:0.0005s ]
SQL: SELECT COUNT(id) AS count FROM article_type at WHERE at.article_type_name LIKE '%生活%' AND at.member_id = '29'  [ RunTime:0.0003s ]

