[ 2016-11-11T09:46:40+08:00 ] ::1 /think_blog/Home/Member/login.html
INFO: [ app_init ] --START--
INFO: Run Behavior\BuildLiteBehavior [ RunTime:0.000030s ]
INFO: [ app_init ] --END-- [ RunTime:0.063014s ]

[ 2016-11-11T09:46:44+08:00 ] ::1 /think_blog/Home/Member/getVerify.html
INFO: [ app_init ] --START--
INFO: Run Behavior\BuildLiteBehavior [ RunTime:0.000026s ]
INFO: [ app_init ] --END-- [ RunTime:0.000445s ]

[ 2016-11-11T09:46:59+08:00 ] ::1 /think_blog/Home/Member/index/member_id/29.html
INFO: [ app_init ] --START--
INFO: Run Behavior\BuildLiteBehavior [ RunTime:0.000025s ]
INFO: [ app_init ] --END-- [ RunTime:0.000411s ]

[ 2016-11-11T09:47:09+08:00 ] ::1 /think_blog/Home/Index/search
INFO: [ app_init ] --START--
INFO: Run Behavior\BuildLiteBehavior [ RunTime:0.000024s ]
INFO: [ app_init ] --END-- [ RunTime:0.000517s ]

[ 2016-11-11T09:47:30+08:00 ] ::1 /think_blog/Home/Index/search
INFO: [ app_init ] --START--
INFO: Run Behavior\BuildLiteBehavior [ RunTime:0.000024s ]
INFO: [ app_init ] --END-- [ RunTime:0.000493s ]

[ 2016-11-11T09:49:02+08:00 ] ::1 /think_blog/Home/Index/search
INFO: [ app_init ] --START--
INFO: Run Behavior\BuildLiteBehavior [ RunTime:0.000053s ]
INFO: [ app_init ] --END-- [ RunTime:0.000466s ]

[ 2016-11-11T09:49:06+08:00 ] ::1 /think_blog/Home/Index/search
INFO: [ app_init ] --START--
INFO: Run Behavior\BuildLiteBehavior [ RunTime:0.000022s ]
INFO: [ app_init ] --END-- [ RunTime:0.000509s ]

[ 2016-11-11T09:50:29+08:00 ] ::1 /think_blog/Home/Index/search
INFO: [ app_init ] --START--
INFO: Run Behavior\BuildLiteBehavior [ RunTime:0.000025s ]
INFO: [ app_init ] --END-- [ RunTime:0.000623s ]

[ 2016-11-11T09:50:33+08:00 ] ::1 /think_blog/Home/Index/search
INFO: [ app_init ] --START--
INFO: Run Behavior\BuildLiteBehavior [ RunTime:0.000024s ]
INFO: [ app_init ] --END-- [ RunTime:0.000496s ]

[ 2016-11-11T09:50:54+08:00 ] ::1 /think_blog/Home/Index/search
INFO: [ app_init ] --START--
INFO: Run Behavior\BuildLiteBehavior [ RunTime:0.000054s ]
INFO: [ app_init ] --END-- [ RunTime:0.000639s ]

[ 2016-11-11T09:53:25+08:00 ] ::1 /think_blog/Home/Index/search
INFO: [ app_init ] --START--
INFO: Run Behavior\BuildLiteBehavior [ RunTime:0.000022s ]
INFO: [ app_init ] --END-- [ RunTime:0.000444s ]

[ 2016-11-11T09:56:31+08:00 ] ::1 /think_blog/Home/Index/search
INFO: [ app_init ] --START--
INFO: Run Behavior\BuildLiteBehavior [ RunTime:0.000025s ]
INFO: [ app_init ] --END-- [ RunTime:0.000555s ]

[ 2016-11-11T09:56:35+08:00 ] ::1 /think_blog/Home/Member/friends/member_id/48/f/fans.html
INFO: [ app_init ] --START--
INFO: Run Behavior\BuildLiteBehavior [ RunTime:0.000021s ]
INFO: [ app_init ] --END-- [ RunTime:0.000467s ]

[ 2016-11-11T09:57:48+08:00 ] ::1 /think_blog/Home/Index/search
INFO: [ app_init ] --START--
INFO: Run Behavior\BuildLiteBehavior [ RunTime:0.000023s ]
INFO: [ app_init ] --END-- [ RunTime:0.000485s ]

[ 2016-11-11T09:58:15+08:00 ] ::1 /think_blog/Home/Member/index/member_id/41.html
INFO: [ app_init ] --START--
INFO: Run Behavior\BuildLiteBehavior [ RunTime:0.000025s ]
INFO: [ app_init ] --END-- [ RunTime:0.000435s ]

[ 2016-11-11T09:58:21+08:00 ] ::1 /think_blog/Home/Index/search
INFO: [ app_init ] --START--
INFO: Run Behavior\BuildLiteBehavior [ RunTime:0.000026s ]
INFO: [ app_init ] --END-- [ RunTime:0.000545s ]

[ 2016-11-11T10:23:56+08:00 ] ::1 /think_blog/Home/Index/search
INFO: [ app_init ] --START--
INFO: Run Behavior\BuildLiteBehavior [ RunTime:0.000023s ]
INFO: [ app_init ] --END-- [ RunTime:0.000521s ]

[ 2016-11-11T10:24:07+08:00 ] ::1 /think_blog/Home/Member/friends/member_id/48/f/fans.html
INFO: [ app_init ] --START--
INFO: Run Behavior\BuildLiteBehavior [ RunTime:0.000032s ]
INFO: [ app_init ] --END-- [ RunTime:0.010052s ]

[ 2016-11-11T10:24:19+08:00 ] ::1 /think_blog/Home/Member/friends/member_id/41/f/fans.html
INFO: [ app_init ] --START--
INFO: Run Behavior\BuildLiteBehavior [ RunTime:0.000023s ]
INFO: [ app_init ] --END-- [ RunTime:0.000484s ]

[ 2016-11-11T10:24:45+08:00 ] ::1 /think_blog/Home/Member/friends/member_id/41/f/fans.html
INFO: [ app_init ] --START--
INFO: Run Behavior\BuildLiteBehavior [ RunTime:0.000023s ]
INFO: [ app_init ] --END-- [ RunTime:0.000569s ]

[ 2016-11-11T10:24:51+08:00 ] ::1 /think_blog/Home/Member/friends/f/fans/member_id/41
INFO: [ app_init ] --START--
INFO: Run Behavior\BuildLiteBehavior [ RunTime:0.000022s ]
INFO: [ app_init ] --END-- [ RunTime:0.000506s ]
INFO: [ app_begin ] --START--
INFO: Run Behavior\ReadHtmlCacheBehavior [ RunTime:0.000615s ]
INFO: [ app_begin ] --END-- [ RunTime:0.000720s ]
SQL: SHOW COLUMNS FROM `member` [ RunTime:0.0035s ]
SQL: SELECT `id` FROM `member` WHERE `id` = 41  [ RunTime:0.0002s ]
SQL: SHOW COLUMNS FROM `friends` [ RunTime:0.0025s ]
SQL: SELECT DISTINCT fans_id FROM `friends` WHERE `member_id` = 41  [ RunTime:0.0004s ]
SQL: SELECT COUNT(DISTINCT fans_id) AS count FROM `friends` WHERE `member_id` = 41  [ RunTime:0.0003s ]
SQL: SELECT m.id AS `member_id`,m.member_name AS `member_name`,m.sex AS `sex`,m.head_pic AS `head_pic`,m.hitnum AS `hitnum`,COUNT(DISTINCT f.fans_id) AS `isEach` FROM member m LEFT JOIN friends f ON m.id=f.member_id AND f.fans_id=41  WHERE m.id IN ('29','43','47','44') GROUP BY m.id LIMIT 0,20   [ RunTime:0.0004s ]
SQL: SELECT COUNT(DISTINCT f.member_id) AS `focus_count` FROM member m LEFT JOIN friends f ON m.id=f.fans_id  WHERE m.id IN ('29','43','47','44') GROUP BY m.id LIMIT 0,20   [ RunTime:0.0003s ]
SQL: SELECT COUNT(DISTINCT f.fans_id) AS `fans_count` FROM member m LEFT JOIN friends f ON m.id=f.member_id  WHERE m.id IN ('29','43','47','44') GROUP BY m.id LIMIT 0,20   [ RunTime:0.0003s ]

[ 2016-11-11T10:24:56+08:00 ] ::1 /think_blog/Home/Member/friends/member_id/41/f/fans.html
INFO: [ app_init ] --START--
INFO: Run Behavior\BuildLiteBehavior [ RunTime:0.000023s ]
INFO: [ app_init ] --END-- [ RunTime:0.000513s ]

[ 2016-11-11T10:24:59+08:00 ] ::1 /think_blog/Home/Member/friends/member_id/41/f/focus.html
INFO: [ app_init ] --START--
INFO: Run Behavior\BuildLiteBehavior [ RunTime:0.000022s ]
INFO: [ app_init ] --END-- [ RunTime:0.000468s ]

[ 2016-11-11T10:26:09+08:00 ] ::1 /think_blog/Home/Member/friends/member_id/29/f/focus.html
INFO: [ app_init ] --START--
INFO: Run Behavior\BuildLiteBehavior [ RunTime:0.000027s ]
INFO: [ app_init ] --END-- [ RunTime:0.000439s ]

[ 2016-11-11T10:26:14+08:00 ] ::1 /think_blog/Home/Member/friends/member_id/29/f/fans.html
INFO: [ app_init ] --START--
INFO: Run Behavior\BuildLiteBehavior [ RunTime:0.000025s ]
INFO: [ app_init ] --END-- [ RunTime:0.000455s ]

[ 2016-11-11T10:27:11+08:00 ] ::1 /think_blog/Home/Member/login.html
INFO: [ app_init ] --START--
INFO: Run Behavior\BuildLiteBehavior [ RunTime:0.000023s ]
INFO: [ app_init ] --END-- [ RunTime:0.000435s ]

[ 2016-11-11T10:27:11+08:00 ] ::1 /think_blog/Home/Member/getVerify.html
INFO: [ app_init ] --START--
INFO: Run Behavior\BuildLiteBehavior [ RunTime:0.000025s ]
INFO: [ app_init ] --END-- [ RunTime:0.000416s ]

[ 2016-11-11T10:27:20+08:00 ] ::1 /think_blog/Home/Member/getVerify.html
INFO: [ app_init ] --START--
INFO: Run Behavior\BuildLiteBehavior [ RunTime:0.000023s ]
INFO: [ app_init ] --END-- [ RunTime:0.000449s ]

[ 2016-11-11T10:27:23+08:00 ] ::1 /think_blog/Home/Member/login.html
INFO: [ app_init ] --START--
INFO: Run Behavior\BuildLiteBehavior [ RunTime:0.000024s ]
INFO: [ app_init ] --END-- [ RunTime:0.000427s ]

[ 2016-11-11T10:27:24+08:00 ] ::1 /think_blog/Home/Member/getVerify.html
INFO: [ app_init ] --START--
INFO: Run Behavior\BuildLiteBehavior [ RunTime:0.000024s ]
INFO: [ app_init ] --END-- [ RunTime:0.000411s ]

[ 2016-11-11T10:27:30+08:00 ] ::1 /think_blog/Home/Member/login.html
INFO: [ app_init ] --START--
INFO: Run Behavior\BuildLiteBehavior [ RunTime:0.000024s ]
INFO: [ app_init ] --END-- [ RunTime:0.000523s ]

[ 2016-11-11T10:27:30+08:00 ] ::1 /think_blog/Home/Member/Index.html
INFO: [ app_init ] --START--
INFO: Run Behavior\BuildLiteBehavior [ RunTime:0.000024s ]
INFO: [ app_init ] --END-- [ RunTime:0.000498s ]

[ 2016-11-11T10:27:37+08:00 ] ::1 /think_blog/Home/Member/friends/member_id/41/f/focus.html
INFO: [ app_init ] --START--
INFO: Run Behavior\BuildLiteBehavior [ RunTime:0.000024s ]
INFO: [ app_init ] --END-- [ RunTime:0.000496s ]

[ 2016-11-11T10:27:52+08:00 ] ::1 /think_blog/Home/Member/friends/member_id/41/f/fans.html
INFO: [ app_init ] --START--
INFO: Run Behavior\BuildLiteBehavior [ RunTime:0.000026s ]
INFO: [ app_init ] --END-- [ RunTime:0.000568s ]

[ 2016-11-11T10:29:59+08:00 ] ::1 /think_blog/Home/Index/search
INFO: [ app_init ] --START--
INFO: Run Behavior\BuildLiteBehavior [ RunTime:0.000022s ]
INFO: [ app_init ] --END-- [ RunTime:0.000547s ]

[ 2016-11-11T10:30:12+08:00 ] ::1 /think_blog/Home/Member/friends/member_id/41/f/fans.html
INFO: [ app_init ] --START--
INFO: Run Behavior\BuildLiteBehavior [ RunTime:0.000024s ]
INFO: [ app_init ] --END-- [ RunTime:0.000436s ]

[ 2016-11-11T10:30:16+08:00 ] ::1 /think_blog/Home/Index/search
INFO: [ app_init ] --START--
INFO: Run Behavior\BuildLiteBehavior [ RunTime:0.000025s ]
INFO: [ app_init ] --END-- [ RunTime:0.000544s ]

[ 2016-11-11T10:30:27+08:00 ] ::1 /think_blog/Home/Index/search
INFO: [ app_init ] --START--
INFO: Run Behavior\BuildLiteBehavior [ RunTime:0.000026s ]
INFO: [ app_init ] --END-- [ RunTime:0.000579s ]

[ 2016-11-11T10:30:31+08:00 ] ::1 /think_blog/Home/Index/search
INFO: [ app_init ] --START--
INFO: Run Behavior\BuildLiteBehavior [ RunTime:0.000035s ]
INFO: [ app_init ] --END-- [ RunTime:0.000549s ]

[ 2016-11-11T10:30:39+08:00 ] ::1 /think_blog/Home/Member/friends/member_id/41/f/fans.html
INFO: [ app_init ] --START--
INFO: Run Behavior\BuildLiteBehavior [ RunTime:0.000024s ]
INFO: [ app_init ] --END-- [ RunTime:0.000478s ]

[ 2016-11-11T10:30:51+08:00 ] ::1 /think_blog/Home/Member/friends/member_id/41/f/focus.html
INFO: [ app_init ] --START--
INFO: Run Behavior\BuildLiteBehavior [ RunTime:0.000023s ]
INFO: [ app_init ] --END-- [ RunTime:0.000457s ]

[ 2016-11-11T10:31:43+08:00 ] ::1 /think_blog/Home/Member/personCenter.html
INFO: [ app_init ] --START--
INFO: Run Behavior\BuildLiteBehavior [ RunTime:0.000024s ]
INFO: [ app_init ] --END-- [ RunTime:0.000539s ]

[ 2016-11-11T10:31:44+08:00 ] ::1 /think_blog/Home/Member/info.html
INFO: [ app_init ] --START--
INFO: Run Behavior\BuildLiteBehavior [ RunTime:0.000025s ]
INFO: [ app_init ] --END-- [ RunTime:0.000450s ]

[ 2016-11-11T10:32:11+08:00 ] ::1 /think_blog/Home/Member/friends/member_id/29/f/focus.html
INFO: [ app_init ] --START--
INFO: Run Behavior\BuildLiteBehavior [ RunTime:0.000023s ]
INFO: [ app_init ] --END-- [ RunTime:0.000493s ]

[ 2016-11-11T10:35:33+08:00 ] ::1 /think_blog/Home/Member/friends/member_id/41/f/focus.html
INFO: [ app_init ] --START--
INFO: Run Behavior\BuildLiteBehavior [ RunTime:0.000041s ]
INFO: [ app_init ] --END-- [ RunTime:0.000542s ]

[ 2016-11-11T10:35:35+08:00 ] ::1 /think_blog/Home/Member/friends/member_id/29/f/focus.html
INFO: [ app_init ] --START--
INFO: Run Behavior\BuildLiteBehavior [ RunTime:0.000036s ]
INFO: [ app_init ] --END-- [ RunTime:0.000556s ]

[ 2016-11-11T10:35:36+08:00 ] ::1 /think_blog/Home/Member/friends/member_id/41/f/fans.html
INFO: [ app_init ] --START--
INFO: Run Behavior\BuildLiteBehavior [ RunTime:0.000024s ]
INFO: [ app_init ] --END-- [ RunTime:0.000520s ]

[ 2016-11-11T10:35:37+08:00 ] ::1 /think_blog/Home/Member/friends/member_id/41/f/fans.html
INFO: [ app_init ] --START--
INFO: Run Behavior\BuildLiteBehavior [ RunTime:0.000023s ]
INFO: [ app_init ] --END-- [ RunTime:0.000484s ]

[ 2016-11-11T10:35:41+08:00 ] ::1 /think_blog/Home/Index/search
INFO: [ app_init ] --START--
INFO: Run Behavior\BuildLiteBehavior [ RunTime:0.000025s ]
INFO: [ app_init ] --END-- [ RunTime:0.000552s ]

[ 2016-11-11T10:37:30+08:00 ] ::1 /think_blog/Home/Index/search
INFO: [ app_init ] --START--
INFO: Run Behavior\BuildLiteBehavior [ RunTime:0.000023s ]
INFO: [ app_init ] --END-- [ RunTime:0.000506s ]

[ 2016-11-11T10:37:40+08:00 ] ::1 /think_blog/Home/Member/friends/member_id/41/f/focus.html
INFO: [ app_init ] --START--
INFO: Run Behavior\BuildLiteBehavior [ RunTime:0.000022s ]
INFO: [ app_init ] --END-- [ RunTime:0.000478s ]

[ 2016-11-11T10:37:42+08:00 ] ::1 /think_blog/Home/Member/friends/member_id/29/f/focus.html
INFO: [ app_init ] --START--
INFO: Run Behavior\BuildLiteBehavior [ RunTime:0.000022s ]
INFO: [ app_init ] --END-- [ RunTime:0.000467s ]

[ 2016-11-11T10:37:43+08:00 ] ::1 /think_blog/Home/Member/friends/member_id/29/f/focus.html
INFO: [ app_init ] --START--
INFO: Run Behavior\BuildLiteBehavior [ RunTime:0.000022s ]
INFO: [ app_init ] --END-- [ RunTime:0.000487s ]

[ 2016-11-11T10:37:46+08:00 ] ::1 /think_blog/Home/Member/friends/member_id/29/f/focus.html
INFO: [ app_init ] --START--
INFO: Run Behavior\BuildLiteBehavior [ RunTime:0.000023s ]
INFO: [ app_init ] --END-- [ RunTime:0.000448s ]

[ 2016-11-11T10:39:18+08:00 ] ::1 /think_blog/Home/Member/friends/member_id/29/f/focus.html
INFO: [ app_init ] --START--
INFO: Run Behavior\BuildLiteBehavior [ RunTime:0.000040s ]
INFO: [ app_init ] --END-- [ RunTime:0.000556s ]

[ 2016-11-11T10:41:32+08:00 ] ::1 /think_blog/Home/Member/friends/member_id/29/f/focus.html
INFO: [ app_init ] --START--
INFO: Run Behavior\BuildLiteBehavior [ RunTime:0.000024s ]
INFO: [ app_init ] --END-- [ RunTime:0.000523s ]

[ 2016-11-11T10:41:33+08:00 ] ::1 /think_blog/Home/Member/friends/member_id/29/f/focus.html
INFO: [ app_init ] --START--
INFO: Run Behavior\BuildLiteBehavior [ RunTime:0.000044s ]
INFO: [ app_init ] --END-- [ RunTime:0.000889s ]

[ 2016-11-11T10:41:34+08:00 ] ::1 /think_blog/Home/Member/friends/member_id/29/f/focus.html
INFO: [ app_init ] --START--
INFO: Run Behavior\BuildLiteBehavior [ RunTime:0.000023s ]
INFO: [ app_init ] --END-- [ RunTime:0.000494s ]

[ 2016-11-11T10:41:41+08:00 ] ::1 /think_blog/Home/Index/search
INFO: [ app_init ] --START--
INFO: Run Behavior\BuildLiteBehavior [ RunTime:0.000022s ]
INFO: [ app_init ] --END-- [ RunTime:0.000479s ]

[ 2016-11-11T10:41:49+08:00 ] ::1 /think_blog/Home/Member/friends/member_id/29/f/focus.html
INFO: [ app_init ] --START--
INFO: Run Behavior\BuildLiteBehavior [ RunTime:0.000024s ]
INFO: [ app_init ] --END-- [ RunTime:0.000512s ]

[ 2016-11-11T10:41:50+08:00 ] ::1 /think_blog/Home/Member/friends/member_id/29/f/focus.html
INFO: [ app_init ] --START--
INFO: Run Behavior\BuildLiteBehavior [ RunTime:0.000022s ]
INFO: [ app_init ] --END-- [ RunTime:0.000434s ]

[ 2016-11-11T10:41:51+08:00 ] ::1 /think_blog/Home/Member/friends/member_id/29/f/focus.html
INFO: [ app_init ] --START--
INFO: Run Behavior\BuildLiteBehavior [ RunTime:0.000025s ]
INFO: [ app_init ] --END-- [ RunTime:0.000489s ]

[ 2016-11-11T10:41:57+08:00 ] ::1 /think_blog/Home/Member/friends/member_id/41/f/fans.html
INFO: [ app_init ] --START--
INFO: Run Behavior\BuildLiteBehavior [ RunTime:0.000024s ]
INFO: [ app_init ] --END-- [ RunTime:0.000492s ]

[ 2016-11-11T10:41:58+08:00 ] ::1 /think_blog/Home/Member/friends/member_id/41/f/fans.html
INFO: [ app_init ] --START--
INFO: Run Behavior\BuildLiteBehavior [ RunTime:0.000023s ]
INFO: [ app_init ] --END-- [ RunTime:0.000484s ]

[ 2016-11-11T10:41:59+08:00 ] ::1 /think_blog/Home/Member/friends/member_id/41/f/fans.html
INFO: [ app_init ] --START--
INFO: Run Behavior\BuildLiteBehavior [ RunTime:0.000024s ]
INFO: [ app_init ] --END-- [ RunTime:0.000481s ]

[ 2016-11-11T10:41:59+08:00 ] ::1 /think_blog/Home/Member/friends/member_id/41/f/fans.html
INFO: [ app_init ] --START--
INFO: Run Behavior\BuildLiteBehavior [ RunTime:0.000026s ]
INFO: [ app_init ] --END-- [ RunTime:0.000462s ]

[ 2016-11-11T10:42:24+08:00 ] ::1 /think_blog/Home/Member/friends/member_id/41/f/focus.html
INFO: [ app_init ] --START--
INFO: Run Behavior\BuildLiteBehavior [ RunTime:0.000023s ]
INFO: [ app_init ] --END-- [ RunTime:0.000523s ]

[ 2016-11-11T10:42:25+08:00 ] ::1 /think_blog/Home/Member/friends/member_id/41/f/focus.html
INFO: [ app_init ] --START--
INFO: Run Behavior\BuildLiteBehavior [ RunTime:0.000024s ]
INFO: [ app_init ] --END-- [ RunTime:0.000546s ]

[ 2016-11-11T10:42:26+08:00 ] ::1 /think_blog/Home/Member/friends/member_id/41/f/focus.html
INFO: [ app_init ] --START--
INFO: Run Behavior\BuildLiteBehavior [ RunTime:0.000022s ]
INFO: [ app_init ] --END-- [ RunTime:0.000501s ]

[ 2016-11-11T10:42:27+08:00 ] ::1 /think_blog/Home/Member/friends/member_id/41/f/focus.html
INFO: [ app_init ] --START--
INFO: Run Behavior\BuildLiteBehavior [ RunTime:0.000023s ]
INFO: [ app_init ] --END-- [ RunTime:0.000500s ]

[ 2016-11-11T10:46:35+08:00 ] ::1 /think_blog/Home/Member/friends/member_id/41/f/fans.html
INFO: [ app_init ] --START--
INFO: Run Behavior\BuildLiteBehavior [ RunTime:0.000024s ]
INFO: [ app_init ] --END-- [ RunTime:0.000501s ]
ERR: 1064:Erreur de syntaxe près de 'WHERE m.id IN ('29','43','47','44') GROUP BY m.id LIMIT 0,20' à la ligne 1
 [ SQL语句 ] : SELECT m.id AS `member_id`,m.member_name AS `member_name`,m.sex AS `sex`,m.head_pic AS `head_pic`,m.hitnum AS `hitnum`,COUNT(DISTINCT f.fans_id) AS `isEach` FROM member m LEFT JOIN friends f ON m.id=f.member_id AND f.fans_id=  WHERE m.id IN ('29','43','47','44') GROUP BY m.id LIMIT 0,20  

[ 2016-11-11T10:46:48+08:00 ] ::1 /think_blog/Home/Index/search
INFO: [ app_init ] --START--
INFO: Run Behavior\BuildLiteBehavior [ RunTime:0.000023s ]
INFO: [ app_init ] --END-- [ RunTime:0.000512s ]

[ 2016-11-11T10:46:52+08:00 ] ::1 /think_blog/Home/Index/search
INFO: [ app_init ] --START--
INFO: Run Behavior\BuildLiteBehavior [ RunTime:0.000023s ]
INFO: [ app_init ] --END-- [ RunTime:0.000505s ]

[ 2016-11-11T10:49:31+08:00 ] ::1 /think_blog/Home/Member/friends/member_id/29/f/focus.html
INFO: [ app_init ] --START--
INFO: Run Behavior\BuildLiteBehavior [ RunTime:0.000026s ]
INFO: [ app_init ] --END-- [ RunTime:0.000543s ]

[ 2016-11-11T10:49:33+08:00 ] ::1 /think_blog/Home/Member/friends/member_id/29/f/focus.html
INFO: [ app_init ] --START--
INFO: Run Behavior\BuildLiteBehavior [ RunTime:0.000024s ]
INFO: [ app_init ] --END-- [ RunTime:0.000568s ]

[ 2016-11-11T10:49:34+08:00 ] ::1 /think_blog/Home/Member/friends/member_id/29/f/focus.html
INFO: [ app_init ] --START--
INFO: Run Behavior\BuildLiteBehavior [ RunTime:0.000022s ]
INFO: [ app_init ] --END-- [ RunTime:0.000473s ]

[ 2016-11-11T10:49:35+08:00 ] ::1 /think_blog/Home/Member/friends/member_id/29/f/focus.html
INFO: [ app_init ] --START--
INFO: Run Behavior\BuildLiteBehavior [ RunTime:0.000024s ]
INFO: [ app_init ] --END-- [ RunTime:0.000484s ]

[ 2016-11-11T10:49:37+08:00 ] ::1 /think_blog/Home/Member/friends/member_id/29/f/focus.html
INFO: [ app_init ] --START--
INFO: Run Behavior\BuildLiteBehavior [ RunTime:0.000025s ]
INFO: [ app_init ] --END-- [ RunTime:0.000539s ]

[ 2016-11-11T10:49:37+08:00 ] ::1 /think_blog/Home/Member/friends/member_id/29/f/focus.html
INFO: [ app_init ] --START--
INFO: Run Behavior\BuildLiteBehavior [ RunTime:0.000023s ]
INFO: [ app_init ] --END-- [ RunTime:0.000478s ]

[ 2016-11-11T10:49:39+08:00 ] ::1 /think_blog/Home/Member/friends/member_id/41/f/focus.html
INFO: [ app_init ] --START--
INFO: Run Behavior\BuildLiteBehavior [ RunTime:0.000033s ]
INFO: [ app_init ] --END-- [ RunTime:0.000569s ]

[ 2016-11-11T10:49:40+08:00 ] ::1 /think_blog/Home/Member/friends/member_id/41/f/focus.html
INFO: [ app_init ] --START--
INFO: Run Behavior\BuildLiteBehavior [ RunTime:0.000023s ]
INFO: [ app_init ] --END-- [ RunTime:0.000496s ]

[ 2016-11-11T10:49:41+08:00 ] ::1 /think_blog/Home/Member/friends/member_id/41/f/fans.html
INFO: [ app_init ] --START--
INFO: Run Behavior\BuildLiteBehavior [ RunTime:0.000024s ]
INFO: [ app_init ] --END-- [ RunTime:0.000498s ]

[ 2016-11-11T10:49:43+08:00 ] ::1 /think_blog/Home/Member/friends/member_id/41/f/fans.html
INFO: [ app_init ] --START--
INFO: Run Behavior\BuildLiteBehavior [ RunTime:0.000023s ]
INFO: [ app_init ] --END-- [ RunTime:0.000501s ]

[ 2016-11-11T10:49:44+08:00 ] ::1 /think_blog/Home/Member/friends/member_id/41/f/fans.html
INFO: [ app_init ] --START--
INFO: Run Behavior\BuildLiteBehavior [ RunTime:0.000024s ]
INFO: [ app_init ] --END-- [ RunTime:0.000500s ]

[ 2016-11-11T10:50:02+08:00 ] ::1 /think_blog/Home/Member/friends/member_id/41/f/fans.html
INFO: [ app_init ] --START--
INFO: Run Behavior\BuildLiteBehavior [ RunTime:0.000025s ]
INFO: [ app_init ] --END-- [ RunTime:0.000536s ]

[ 2016-11-11T10:51:05+08:00 ] ::1 /think_blog/Home/Member/friends/member_id/29/f/focus.html
INFO: [ app_init ] --START--
INFO: Run Behavior\BuildLiteBehavior [ RunTime:0.000023s ]
INFO: [ app_init ] --END-- [ RunTime:0.000491s ]

[ 2016-11-11T10:51:44+08:00 ] ::1 /think_blog/Home/Member/friends/member_id/41/f/focus.html
INFO: [ app_init ] --START--
INFO: Run Behavior\BuildLiteBehavior [ RunTime:0.000024s ]
INFO: [ app_init ] --END-- [ RunTime:0.000527s ]

[ 2016-11-11T10:54:02+08:00 ] ::1 /think_blog/Home/Member/friends/member_id/29/f/focus.html
INFO: [ app_init ] --START--
INFO: Run Behavior\BuildLiteBehavior [ RunTime:0.000024s ]
INFO: [ app_init ] --END-- [ RunTime:0.000510s ]

[ 2016-11-11T10:54:03+08:00 ] ::1 /think_blog/Home/Member/friends/member_id/29/f/focus.html
INFO: [ app_init ] --START--
INFO: Run Behavior\BuildLiteBehavior [ RunTime:0.000024s ]
INFO: [ app_init ] --END-- [ RunTime:0.000497s ]

[ 2016-11-11T11:24:00+08:00 ] ::1 /think_blog/Home/Member/login.html
INFO: [ app_init ] --START--
INFO: Run Behavior\BuildLiteBehavior [ RunTime:0.000024s ]
INFO: [ app_init ] --END-- [ RunTime:0.000521s ]

[ 2016-11-11T11:24:00+08:00 ] ::1 /think_blog/Home/Member/Index.html
INFO: [ app_init ] --START--
INFO: Run Behavior\BuildLiteBehavior [ RunTime:0.000022s ]
INFO: [ app_init ] --END-- [ RunTime:0.000437s ]

[ 2016-11-11T11:24:03+08:00 ] ::1 /think_blog/Home/Member/personCenter.html
INFO: [ app_init ] --START--
INFO: Run Behavior\BuildLiteBehavior [ RunTime:0.000026s ]
INFO: [ app_init ] --END-- [ RunTime:0.000433s ]

[ 2016-11-11T11:24:03+08:00 ] ::1 /think_blog/Home/Member/info.html
INFO: [ app_init ] --START--
INFO: Run Behavior\BuildLiteBehavior [ RunTime:0.000027s ]
INFO: [ app_init ] --END-- [ RunTime:0.000533s ]

[ 2016-11-11T11:24:05+08:00 ] ::1 /think_blog/Home/Member/personArticleType.html
INFO: [ app_init ] --START--
INFO: Run Behavior\BuildLiteBehavior [ RunTime:0.000022s ]
INFO: [ app_init ] --END-- [ RunTime:0.000471s ]

[ 2016-11-11T11:29:43+08:00 ] ::1 /think_blog/Home/Member/personCenter.html
INFO: [ app_init ] --START--
INFO: Run Behavior\BuildLiteBehavior [ RunTime:0.000036s ]
INFO: [ app_init ] --END-- [ RunTime:0.000617s ]

[ 2016-11-11T11:29:44+08:00 ] ::1 /think_blog/Home/Member/info.html
INFO: [ app_init ] --START--
INFO: Run Behavior\BuildLiteBehavior [ RunTime:0.000026s ]
INFO: [ app_init ] --END-- [ RunTime:0.000430s ]

[ 2016-11-11T11:29:46+08:00 ] ::1 /think_blog/Home/Member/personCenter.html
INFO: [ app_init ] --START--
INFO: Run Behavior\BuildLiteBehavior [ RunTime:0.000044s ]
INFO: [ app_init ] --END-- [ RunTime:0.000596s ]

[ 2016-11-11T11:29:46+08:00 ] ::1 /think_blog/Home/Member/info.html
INFO: [ app_init ] --START--
INFO: Run Behavior\BuildLiteBehavior [ RunTime:0.000038s ]
INFO: [ app_init ] --END-- [ RunTime:0.000542s ]

[ 2016-11-11T11:29:47+08:00 ] ::1 /think_blog/Home/Member/index.html
INFO: [ app_init ] --START--
INFO: Run Behavior\BuildLiteBehavior [ RunTime:0.000023s ]
INFO: [ app_init ] --END-- [ RunTime:0.000488s ]

[ 2016-11-11T11:29:51+08:00 ] ::1 /think_blog/Home/Mess/index/member_id/29.html
INFO: [ app_init ] --START--
INFO: Run Behavior\BuildLiteBehavior [ RunTime:0.000025s ]
INFO: [ app_init ] --END-- [ RunTime:0.000528s ]
ERR: Think\Model:getCount方法不存在！

[ 2016-11-11T11:30:48+08:00 ] ::1 /think_blog/Home/Mess/index/member_id/29.html
INFO: [ app_init ] --START--
INFO: Run Behavior\BuildLiteBehavior [ RunTime:0.000024s ]
INFO: [ app_init ] --END-- [ RunTime:0.000423s ]

[ 2016-11-11T11:46:32+08:00 ] ::1 /think_blog/Home/Mess/index/member_id/29.html
INFO: [ app_init ] --START--
INFO: Run Behavior\BuildLiteBehavior [ RunTime:0.000031s ]
INFO: [ app_init ] --END-- [ RunTime:0.000656s ]

[ 2016-11-11T11:47:14+08:00 ] ::1 /think_blog/Home/Mess/index/member_id/29.html
INFO: [ app_init ] --START--
INFO: Run Behavior\BuildLiteBehavior [ RunTime:0.000024s ]
INFO: [ app_init ] --END-- [ RunTime:0.000580s ]

[ 2016-11-11T11:47:24+08:00 ] ::1 /think_blog/Home/Member/index/member_id/29.html
INFO: [ app_init ] --START--
INFO: Run Behavior\BuildLiteBehavior [ RunTime:0.000024s ]
INFO: [ app_init ] --END-- [ RunTime:0.000544s ]

[ 2016-11-11T11:47:48+08:00 ] ::1 /think_blog/Home/Mess/index/member_id/29.html
INFO: [ app_init ] --START--
INFO: Run Behavior\BuildLiteBehavior [ RunTime:0.000043s ]
INFO: [ app_init ] --END-- [ RunTime:0.000566s ]

[ 2016-11-11T11:47:52+08:00 ] ::1 /think_blog/Home/Mess/index
INFO: [ app_init ] --START--
INFO: Run Behavior\BuildLiteBehavior [ RunTime:0.000046s ]
INFO: [ app_init ] --END-- [ RunTime:0.000819s ]
INFO: [ app_begin ] --START--
INFO: Run Behavior\ReadHtmlCacheBehavior [ RunTime:0.000534s ]
INFO: [ app_begin ] --END-- [ RunTime:0.000646s ]
SQL: SHOW COLUMNS FROM `member` [ RunTime:0.0029s ]
SQL: SELECT `id` FROM `member` WHERE `id` = 29  [ RunTime:0.0003s ]
SQL: SELECT id,member_name,head_pic,hitnum FROM `member` WHERE `id` = 29  [ RunTime:0.0002s ]
SQL: SHOW COLUMNS FROM `mess` [ RunTime:0.0032s ]
SQL: SELECT ms.id AS `mess_id`,ms.messer_id AS `messer_id`,m.member_name AS `member_name`,m.head_pic AS `head_pic`,ms.content AS `content`,ms.mess_time AS `mess_time` FROM mess ms INNER JOIN member m ON ms.messer_id=m.id  WHERE ms.messed_id = '29' LIMIT 0,10   [ RunTime:0.0004s ]
SQL: SELECT COUNT(ms.id) as count FROM mess ms INNER JOIN member m ON ms.messer_id=m.id  WHERE ms.messed_id = '29'  [ RunTime:0.0002s ]

[ 2016-11-11T11:48:13+08:00 ] ::1 /think_blog/Home/Mess/index/member_id/29.html
INFO: [ app_init ] --START--
INFO: Run Behavior\BuildLiteBehavior [ RunTime:0.000033s ]
INFO: [ app_init ] --END-- [ RunTime:0.000529s ]

[ 2016-11-11T11:48:16+08:00 ] ::1 /think_blog/Home/Mess/index
INFO: [ app_init ] --START--
INFO: Run Behavior\BuildLiteBehavior [ RunTime:0.000026s ]
INFO: [ app_init ] --END-- [ RunTime:0.000519s ]
INFO: [ app_begin ] --START--
INFO: Run Behavior\ReadHtmlCacheBehavior [ RunTime:0.000507s ]
INFO: [ app_begin ] --END-- [ RunTime:0.000633s ]
SQL: SHOW COLUMNS FROM `member` [ RunTime:0.0031s ]
SQL: SELECT `id` FROM `member` WHERE `id` = 29  [ RunTime:0.0002s ]
SQL: SELECT id,member_name,head_pic,hitnum FROM `member` WHERE `id` = 29  [ RunTime:0.0002s ]
SQL: SHOW COLUMNS FROM `mess` [ RunTime:0.0026s ]
SQL: SELECT ms.id AS `mess_id`,ms.messer_id AS `messer_id`,m.member_name AS `member_name`,m.head_pic AS `head_pic`,ms.content AS `content`,ms.mess_time AS `mess_time` FROM mess ms INNER JOIN member m ON ms.messer_id=m.id  WHERE ms.messed_id = '29' LIMIT 0,10   [ RunTime:0.0004s ]
SQL: SELECT COUNT(ms.id) as count FROM mess ms INNER JOIN member m ON ms.messer_id=m.id  WHERE ms.messed_id = '29'  [ RunTime:0.0002s ]

[ 2016-11-11T11:48:33+08:00 ] ::1 /think_blog/Home/Mess/index/member_id/29.html
INFO: [ app_init ] --START--
INFO: Run Behavior\BuildLiteBehavior [ RunTime:0.000023s ]
INFO: [ app_init ] --END-- [ RunTime:0.000472s ]

[ 2016-11-11T11:48:37+08:00 ] ::1 /think_blog/Home/Mess/index
INFO: [ app_init ] --START--
INFO: Run Behavior\BuildLiteBehavior [ RunTime:0.000024s ]
INFO: [ app_init ] --END-- [ RunTime:0.000500s ]
INFO: [ app_begin ] --START--
INFO: Run Behavior\ReadHtmlCacheBehavior [ RunTime:0.000583s ]
INFO: [ app_begin ] --END-- [ RunTime:0.000682s ]
SQL: SHOW COLUMNS FROM `member` [ RunTime:0.0030s ]
SQL: SELECT `id` FROM `member` WHERE `id` = 29  [ RunTime:0.0002s ]
SQL: SELECT id,member_name,head_pic,hitnum FROM `member` WHERE `id` = 29  [ RunTime:0.0001s ]
SQL: SHOW COLUMNS FROM `mess` [ RunTime:0.0028s ]
SQL: SELECT ms.id AS `mess_id`,ms.messer_id AS `messer_id`,m.member_name AS `member_name`,m.head_pic AS `head_pic`,ms.content AS `content`,ms.mess_time AS `mess_time` FROM mess ms INNER JOIN member m ON ms.messer_id=m.id  WHERE ms.messed_id = '29' LIMIT 0,10   [ RunTime:0.0004s ]
SQL: SELECT COUNT(ms.id) as count FROM mess ms INNER JOIN member m ON ms.messer_id=m.id  WHERE ms.messed_id = '29'  [ RunTime:0.0002s ]

[ 2016-11-11T11:51:26+08:00 ] ::1 /think_blog/Home/Mess/index/member_id/29.html
INFO: [ app_init ] --START--
INFO: Run Behavior\BuildLiteBehavior [ RunTime:0.000023s ]
INFO: [ app_init ] --END-- [ RunTime:0.000546s ]

[ 2016-11-11T11:51:29+08:00 ] ::1 /think_blog/Home/Mess/index
INFO: [ app_init ] --START--
INFO: Run Behavior\BuildLiteBehavior [ RunTime:0.000045s ]
INFO: [ app_init ] --END-- [ RunTime:0.000946s ]
INFO: [ app_begin ] --START--
INFO: Run Behavior\ReadHtmlCacheBehavior [ RunTime:0.000515s ]
INFO: [ app_begin ] --END-- [ RunTime:0.000621s ]
SQL: SHOW COLUMNS FROM `member` [ RunTime:0.0039s ]
SQL: SELECT `id` FROM `member` WHERE `id` = 29  [ RunTime:0.0003s ]
SQL: SELECT id,member_name,head_pic,hitnum FROM `member` WHERE `id` = 29  [ RunTime:0.0002s ]
SQL: SHOW COLUMNS FROM `mess` [ RunTime:0.0033s ]
SQL: SELECT ms.id AS `mess_id`,ms.messer_id AS `messer_id`,m.member_name AS `member_name`,m.head_pic AS `head_pic`,ms.content AS `content`,ms.mess_time AS `mess_time` FROM mess ms INNER JOIN member m ON ms.messer_id=m.id  WHERE ms.messed_id = '29' LIMIT 0,10   [ RunTime:0.0005s ]
SQL: SELECT COUNT(ms.id) as count FROM mess ms INNER JOIN member m ON ms.messer_id=m.id  WHERE ms.messed_id = '29'  [ RunTime:0.0003s ]

[ 2016-11-11T11:52:16+08:00 ] ::1 /think_blog/Home/Mess/index/member_id/29.html
INFO: [ app_init ] --START--
INFO: Run Behavior\BuildLiteBehavior [ RunTime:0.000066s ]
INFO: [ app_init ] --END-- [ RunTime:0.000867s ]

[ 2016-11-11T11:52:16+08:00 ] ::1 /think_blog/Home/Mess/index/member_id/29.html
INFO: [ app_init ] --START--
INFO: Run Behavior\BuildLiteBehavior [ RunTime:0.000026s ]
INFO: [ app_init ] --END-- [ RunTime:0.000563s ]

[ 2016-11-11T11:52:33+08:00 ] ::1 /think_blog/Home/Member/personCenter.html
INFO: [ app_init ] --START--
INFO: Run Behavior\BuildLiteBehavior [ RunTime:0.000040s ]
INFO: [ app_init ] --END-- [ RunTime:0.000684s ]

[ 2016-11-11T11:52:33+08:00 ] ::1 /think_blog/Home/Member/info.html
INFO: [ app_init ] --START--
INFO: Run Behavior\BuildLiteBehavior [ RunTime:0.000042s ]
INFO: [ app_init ] --END-- [ RunTime:0.000677s ]

[ 2016-11-11T11:52:35+08:00 ] ::1 /think_blog/Home/Member/personMess.html
INFO: [ app_init ] --START--
INFO: Run Behavior\BuildLiteBehavior [ RunTime:0.000024s ]
INFO: [ app_init ] --END-- [ RunTime:0.000527s ]

