[ 2016-10-11T09:11:33+08:00 ] ::1 /think_blog/Home/Photo
INFO: [ app_init ] --START--
INFO: Run Behavior\BuildLiteBehavior [ RunTime:0.000027s ]
INFO: [ app_init ] --END-- [ RunTime:0.000632s ]

[ 2016-10-11T09:13:04+08:00 ] ::1 /think_blog/Home/Photo
INFO: [ app_init ] --START--
INFO: Run Behavior\BuildLiteBehavior [ RunTime:0.000025s ]
INFO: [ app_init ] --END-- [ RunTime:0.000585s ]

[ 2016-10-11T09:18:14+08:00 ] ::1 /think_blog/Home/Photo
INFO: [ app_init ] --START--
INFO: Run Behavior\BuildLiteBehavior [ RunTime:0.000041s ]
INFO: [ app_init ] --END-- [ RunTime:0.001026s ]

[ 2016-10-11T09:18:54+08:00 ] ::1 /think_blog/Home/Photo
INFO: [ app_init ] --START--
INFO: Run Behavior\BuildLiteBehavior [ RunTime:0.000044s ]
INFO: [ app_init ] --END-- [ RunTime:0.000736s ]

[ 2016-10-11T09:19:50+08:00 ] ::1 /think_blog/Home/Photo
INFO: [ app_init ] --START--
INFO: Run Behavior\BuildLiteBehavior [ RunTime:0.000059s ]
INFO: [ app_init ] --END-- [ RunTime:0.001630s ]

[ 2016-10-11T09:20:58+08:00 ] ::1 /think_blog/Home/Photo
INFO: [ app_init ] --START--
INFO: Run Behavior\BuildLiteBehavior [ RunTime:0.000047s ]
INFO: [ app_init ] --END-- [ RunTime:0.000870s ]

[ 2016-10-11T09:21:55+08:00 ] ::1 /think_blog/Home/Photo
INFO: [ app_init ] --START--
INFO: Run Behavior\BuildLiteBehavior [ RunTime:0.000024s ]
INFO: [ app_init ] --END-- [ RunTime:0.000507s ]

[ 2016-10-11T09:42:52+08:00 ] ::1 /think_blog/Home/Photo/test
INFO: [ app_init ] --START--
INFO: Run Behavior\BuildLiteBehavior [ RunTime:0.000025s ]
INFO: [ app_init ] --END-- [ RunTime:0.000521s ]

[ 2016-10-11T09:42:53+08:00 ] ::1 /think_blog/Home/Photo/images/cur-left.cur.ico
INFO: [ app_init ] --START--
INFO: Run Behavior\BuildLiteBehavior [ RunTime:0.000029s ]
INFO: [ app_init ] --END-- [ RunTime:0.000513s ]

[ 2016-10-11T09:42:53+08:00 ] ::1 /think_blog/Home/Photo/images/cur-right.cur.ico
INFO: [ app_init ] --START--
INFO: Run Behavior\BuildLiteBehavior [ RunTime:0.000043s ]
INFO: [ app_init ] --END-- [ RunTime:0.000748s ]

[ 2016-10-11T09:44:41+08:00 ] ::1 /think_blog/Home/Photo/test
INFO: [ app_init ] --START--
INFO: Run Behavior\BuildLiteBehavior [ RunTime:0.000032s ]
INFO: [ app_init ] --END-- [ RunTime:0.000509s ]

[ 2016-10-11T09:44:42+08:00 ] ::1 /think_blog/Home/Photo/test
INFO: [ app_init ] --START--
INFO: Run Behavior\BuildLiteBehavior [ RunTime:0.000028s ]
INFO: [ app_init ] --END-- [ RunTime:0.000634s ]

[ 2016-10-11T09:46:05+08:00 ] ::1 /think_blog/Home/Photo/test
INFO: [ app_init ] --START--
INFO: Run Behavior\BuildLiteBehavior [ RunTime:0.000035s ]
INFO: [ app_init ] --END-- [ RunTime:0.000655s ]

[ 2016-10-11T09:48:35+08:00 ] ::1 /think_blog/Home/Photo/test
INFO: [ app_init ] --START--
INFO: Run Behavior\BuildLiteBehavior [ RunTime:0.000030s ]
INFO: [ app_init ] --END-- [ RunTime:0.000649s ]

[ 2016-10-11T09:49:10+08:00 ] ::1 /think_blog/Home/Photo/test
INFO: [ app_init ] --START--
INFO: Run Behavior\BuildLiteBehavior [ RunTime:0.000043s ]
INFO: [ app_init ] --END-- [ RunTime:0.000770s ]

[ 2016-10-11T09:51:24+08:00 ] ::1 /think_blog/Home/Photo/test
INFO: [ app_init ] --START--
INFO: Run Behavior\BuildLiteBehavior [ RunTime:0.000025s ]
INFO: [ app_init ] --END-- [ RunTime:0.000496s ]

[ 2016-10-11T09:52:33+08:00 ] ::1 /think_blog/Home/Photo/test
INFO: [ app_init ] --START--
INFO: Run Behavior\BuildLiteBehavior [ RunTime:0.000028s ]
INFO: [ app_init ] --END-- [ RunTime:0.000694s ]

[ 2016-10-11T09:53:18+08:00 ] ::1 /think_blog/Home/Photo/test
INFO: [ app_init ] --START--
INFO: Run Behavior\BuildLiteBehavior [ RunTime:0.000040s ]
INFO: [ app_init ] --END-- [ RunTime:0.000654s ]

[ 2016-10-11T09:57:36+08:00 ] ::1 /think_blog/Home/Photo
INFO: [ app_init ] --START--
INFO: Run Behavior\BuildLiteBehavior [ RunTime:0.000036s ]
INFO: [ app_init ] --END-- [ RunTime:0.000507s ]

[ 2016-10-11T09:58:27+08:00 ] ::1 /think_blog/Home/Photo
INFO: [ app_init ] --START--
INFO: Run Behavior\BuildLiteBehavior [ RunTime:0.000048s ]
INFO: [ app_init ] --END-- [ RunTime:0.001232s ]

[ 2016-10-11T09:59:17+08:00 ] ::1 /think_blog/Home/Photo
INFO: [ app_init ] --START--
INFO: Run Behavior\BuildLiteBehavior [ RunTime:0.000027s ]
INFO: [ app_init ] --END-- [ RunTime:0.000592s ]

[ 2016-10-11T09:59:39+08:00 ] ::1 /think_blog/Home/Photo
INFO: [ app_init ] --START--
INFO: Run Behavior\BuildLiteBehavior [ RunTime:0.000037s ]
INFO: [ app_init ] --END-- [ RunTime:0.000657s ]

[ 2016-10-11T10:00:00+08:00 ] ::1 /think_blog/Home/Photo
INFO: [ app_init ] --START--
INFO: Run Behavior\BuildLiteBehavior [ RunTime:0.000050s ]
INFO: [ app_init ] --END-- [ RunTime:0.000826s ]

[ 2016-10-11T10:01:07+08:00 ] ::1 /think_blog/Home/Photo
INFO: [ app_init ] --START--
INFO: Run Behavior\BuildLiteBehavior [ RunTime:0.000024s ]
INFO: [ app_init ] --END-- [ RunTime:0.000521s ]

[ 2016-10-11T10:01:47+08:00 ] ::1 /think_blog/Home/Photo
INFO: [ app_init ] --START--
INFO: Run Behavior\BuildLiteBehavior [ RunTime:0.000030s ]
INFO: [ app_init ] --END-- [ RunTime:0.000615s ]

[ 2016-10-11T10:02:34+08:00 ] ::1 /think_blog/Home/Photo
INFO: [ app_init ] --START--
INFO: Run Behavior\BuildLiteBehavior [ RunTime:0.000101s ]
INFO: [ app_init ] --END-- [ RunTime:0.001158s ]

[ 2016-10-11T10:03:50+08:00 ] ::1 /think_blog/Home/Photo
INFO: [ app_init ] --START--
INFO: Run Behavior\BuildLiteBehavior [ RunTime:0.000029s ]
INFO: [ app_init ] --END-- [ RunTime:0.000633s ]

[ 2016-10-11T10:04:41+08:00 ] ::1 /think_blog/Home/Photo
INFO: [ app_init ] --START--
INFO: Run Behavior\BuildLiteBehavior [ RunTime:0.000030s ]
INFO: [ app_init ] --END-- [ RunTime:0.000453s ]

[ 2016-10-11T10:34:44+08:00 ] ::1 /think_blog/Home/Photo
INFO: [ app_init ] --START--
INFO: Run Behavior\BuildLiteBehavior [ RunTime:0.000039s ]
INFO: [ app_init ] --END-- [ RunTime:0.000817s ]

[ 2016-10-11T10:36:35+08:00 ] ::1 /think_blog/Home/Photo
INFO: [ app_init ] --START--
INFO: Run Behavior\BuildLiteBehavior [ RunTime:0.000041s ]
INFO: [ app_init ] --END-- [ RunTime:0.000964s ]

[ 2016-10-11T10:36:44+08:00 ] ::1 /think_blog/Home/Photo
INFO: [ app_init ] --START--
INFO: Run Behavior\BuildLiteBehavior [ RunTime:0.000036s ]
INFO: [ app_init ] --END-- [ RunTime:0.000604s ]

[ 2016-10-11T10:46:44+08:00 ] ::1 /think_blog/Home/Photo
INFO: [ app_init ] --START--
INFO: Run Behavior\BuildLiteBehavior [ RunTime:0.000027s ]
INFO: [ app_init ] --END-- [ RunTime:0.000624s ]

[ 2016-10-11T10:47:09+08:00 ] ::1 /think_blog/Home/Photo
INFO: [ app_init ] --START--
INFO: Run Behavior\BuildLiteBehavior [ RunTime:0.000031s ]
INFO: [ app_init ] --END-- [ RunTime:0.000890s ]

[ 2016-10-11T10:47:41+08:00 ] ::1 /think_blog/Home/Photo
INFO: [ app_init ] --START--
INFO: Run Behavior\BuildLiteBehavior [ RunTime:0.000043s ]
INFO: [ app_init ] --END-- [ RunTime:0.000640s ]

[ 2016-10-11T10:56:09+08:00 ] ::1 /think_blog/Home/Photo
INFO: [ app_init ] --START--
INFO: Run Behavior\BuildLiteBehavior [ RunTime:0.000026s ]
INFO: [ app_init ] --END-- [ RunTime:0.000517s ]

[ 2016-10-11T10:56:19+08:00 ] ::1 /think_blog/Home/Friends
INFO: [ app_init ] --START--
INFO: Run Behavior\BuildLiteBehavior [ RunTime:0.000066s ]
INFO: [ app_init ] --END-- [ RunTime:0.001217s ]
ERR: 无法加载控制器:Friends

[ 2016-10-11T10:56:30+08:00 ] ::1 /think_blog/Home/Member/friends
INFO: [ app_init ] --START--
INFO: Run Behavior\BuildLiteBehavior [ RunTime:0.000029s ]
INFO: [ app_init ] --END-- [ RunTime:0.000694s ]

[ 2016-10-11T10:56:45+08:00 ] ::1 /think_blog/Home/Member/friends
INFO: [ app_init ] --START--
INFO: Run Behavior\BuildLiteBehavior [ RunTime:0.000030s ]
INFO: [ app_init ] --END-- [ RunTime:0.000562s ]

[ 2016-10-11T10:56:59+08:00 ] ::1 /think_blog/Home/Member/friends
INFO: [ app_init ] --START--
INFO: Run Behavior\BuildLiteBehavior [ RunTime:0.000025s ]
INFO: [ app_init ] --END-- [ RunTime:0.000455s ]

[ 2016-10-11T10:57:10+08:00 ] ::1 /think_blog/Home/Member/friends
INFO: [ app_init ] --START--
INFO: Run Behavior\BuildLiteBehavior [ RunTime:0.000029s ]
INFO: [ app_init ] --END-- [ RunTime:0.000580s ]

[ 2016-10-11T10:57:53+08:00 ] ::1 /think_blog/Home/Member/friends
INFO: [ app_init ] --START--
INFO: Run Behavior\BuildLiteBehavior [ RunTime:0.000027s ]
INFO: [ app_init ] --END-- [ RunTime:0.000509s ]

[ 2016-10-11T10:58:08+08:00 ] ::1 /think_blog/Home/Member/friends
INFO: [ app_init ] --START--
INFO: Run Behavior\BuildLiteBehavior [ RunTime:0.000029s ]
INFO: [ app_init ] --END-- [ RunTime:0.000601s ]

[ 2016-10-11T10:58:30+08:00 ] ::1 /think_blog/Home/Member/friends
INFO: [ app_init ] --START--
INFO: Run Behavior\BuildLiteBehavior [ RunTime:0.000025s ]
INFO: [ app_init ] --END-- [ RunTime:0.000460s ]

[ 2016-10-11T10:58:54+08:00 ] ::1 /think_blog/Home/Member/friends
INFO: [ app_init ] --START--
INFO: Run Behavior\BuildLiteBehavior [ RunTime:0.000030s ]
INFO: [ app_init ] --END-- [ RunTime:0.000727s ]

[ 2016-10-11T10:59:16+08:00 ] ::1 /think_blog/Home/Member/friends
INFO: [ app_init ] --START--
INFO: Run Behavior\BuildLiteBehavior [ RunTime:0.000051s ]
INFO: [ app_init ] --END-- [ RunTime:0.000751s ]

[ 2016-10-11T10:59:31+08:00 ] ::1 /think_blog/Home/Member/friends
INFO: [ app_init ] --START--
INFO: Run Behavior\BuildLiteBehavior [ RunTime:0.000028s ]
INFO: [ app_init ] --END-- [ RunTime:0.000554s ]

[ 2016-10-11T10:59:49+08:00 ] ::1 /think_blog/Home/Member/friends
INFO: [ app_init ] --START--
INFO: Run Behavior\BuildLiteBehavior [ RunTime:0.000033s ]
INFO: [ app_init ] --END-- [ RunTime:0.000456s ]

[ 2016-10-11T11:00:01+08:00 ] ::1 /think_blog/Home/Member/friends
INFO: [ app_init ] --START--
INFO: Run Behavior\BuildLiteBehavior [ RunTime:0.000026s ]
INFO: [ app_init ] --END-- [ RunTime:0.000533s ]

[ 2016-10-11T11:00:10+08:00 ] ::1 /think_blog/Home/Member/friends
INFO: [ app_init ] --START--
INFO: Run Behavior\BuildLiteBehavior [ RunTime:0.000028s ]
INFO: [ app_init ] --END-- [ RunTime:0.000602s ]

[ 2016-10-11T11:00:30+08:00 ] ::1 /think_blog/Home/Member/friends
INFO: [ app_init ] --START--
INFO: Run Behavior\BuildLiteBehavior [ RunTime:0.000031s ]
INFO: [ app_init ] --END-- [ RunTime:0.000617s ]

[ 2016-10-11T11:00:35+08:00 ] ::1 /think_blog/Home/Member/friends
INFO: [ app_init ] --START--
INFO: Run Behavior\BuildLiteBehavior [ RunTime:0.000023s ]
INFO: [ app_init ] --END-- [ RunTime:0.000457s ]

[ 2016-10-11T11:00:41+08:00 ] ::1 /think_blog/Home/Member/friends
INFO: [ app_init ] --START--
INFO: Run Behavior\BuildLiteBehavior [ RunTime:0.000032s ]
INFO: [ app_init ] --END-- [ RunTime:0.000573s ]

[ 2016-10-11T11:01:08+08:00 ] ::1 /think_blog/Home/Member/friends
INFO: [ app_init ] --START--
INFO: Run Behavior\BuildLiteBehavior [ RunTime:0.000029s ]
INFO: [ app_init ] --END-- [ RunTime:0.000549s ]

[ 2016-10-11T11:01:15+08:00 ] ::1 /think_blog/Home/Member/friends
INFO: [ app_init ] --START--
INFO: Run Behavior\BuildLiteBehavior [ RunTime:0.000030s ]
INFO: [ app_init ] --END-- [ RunTime:0.000545s ]

[ 2016-10-11T11:01:23+08:00 ] ::1 /think_blog/Home/Member/friends
INFO: [ app_init ] --START--
INFO: Run Behavior\BuildLiteBehavior [ RunTime:0.000030s ]
INFO: [ app_init ] --END-- [ RunTime:0.000572s ]

[ 2016-10-11T11:01:38+08:00 ] ::1 /think_blog/Home/Member/friends
INFO: [ app_init ] --START--
INFO: Run Behavior\BuildLiteBehavior [ RunTime:0.000025s ]
INFO: [ app_init ] --END-- [ RunTime:0.000490s ]

[ 2016-10-11T11:01:39+08:00 ] ::1 /think_blog/Home/Member/friends
INFO: [ app_init ] --START--
INFO: Run Behavior\BuildLiteBehavior [ RunTime:0.000029s ]
INFO: [ app_init ] --END-- [ RunTime:0.000444s ]

[ 2016-10-11T11:01:39+08:00 ] ::1 /think_blog/Home/Member/friends
INFO: [ app_init ] --START--
INFO: Run Behavior\BuildLiteBehavior [ RunTime:0.000024s ]
INFO: [ app_init ] --END-- [ RunTime:0.000417s ]

[ 2016-10-11T11:01:39+08:00 ] ::1 /think_blog/Home/Member/friends
INFO: [ app_init ] --START--
INFO: Run Behavior\BuildLiteBehavior [ RunTime:0.000022s ]
INFO: [ app_init ] --END-- [ RunTime:0.000420s ]

[ 2016-10-11T11:02:15+08:00 ] ::1 /think_blog/Home/Member/friends
INFO: [ app_init ] --START--
INFO: Run Behavior\BuildLiteBehavior [ RunTime:0.000029s ]
INFO: [ app_init ] --END-- [ RunTime:0.000634s ]

[ 2016-10-11T11:02:29+08:00 ] ::1 /think_blog/Home/Member/friends
INFO: [ app_init ] --START--
INFO: Run Behavior\BuildLiteBehavior [ RunTime:0.000022s ]
INFO: [ app_init ] --END-- [ RunTime:0.000424s ]

[ 2016-10-11T11:02:37+08:00 ] ::1 /think_blog/Home/Member/friends
INFO: [ app_init ] --START--
INFO: Run Behavior\BuildLiteBehavior [ RunTime:0.000028s ]
INFO: [ app_init ] --END-- [ RunTime:0.000576s ]

[ 2016-10-11T11:02:47+08:00 ] ::1 /think_blog/Home/Member/friends
INFO: [ app_init ] --START--
INFO: Run Behavior\BuildLiteBehavior [ RunTime:0.000029s ]
INFO: [ app_init ] --END-- [ RunTime:0.000587s ]

[ 2016-10-11T11:03:12+08:00 ] ::1 /think_blog/Home/Member/friends
INFO: [ app_init ] --START--
INFO: Run Behavior\BuildLiteBehavior [ RunTime:0.000041s ]
INFO: [ app_init ] --END-- [ RunTime:0.000786s ]

[ 2016-10-11T11:03:32+08:00 ] ::1 /think_blog/Home/Member/friends
INFO: [ app_init ] --START--
INFO: Run Behavior\BuildLiteBehavior [ RunTime:0.000034s ]
INFO: [ app_init ] --END-- [ RunTime:0.000665s ]

[ 2016-10-11T11:03:47+08:00 ] ::1 /think_blog/Home/Member/friends
INFO: [ app_init ] --START--
INFO: Run Behavior\BuildLiteBehavior [ RunTime:0.000025s ]
INFO: [ app_init ] --END-- [ RunTime:0.000478s ]

[ 2016-10-11T11:03:57+08:00 ] ::1 /think_blog/Home/Member/friends
INFO: [ app_init ] --START--
INFO: Run Behavior\BuildLiteBehavior [ RunTime:0.000033s ]
INFO: [ app_init ] --END-- [ RunTime:0.000555s ]

[ 2016-10-11T11:04:11+08:00 ] ::1 /think_blog/Home/Member/friends
INFO: [ app_init ] --START--
INFO: Run Behavior\BuildLiteBehavior [ RunTime:0.000030s ]
INFO: [ app_init ] --END-- [ RunTime:0.000619s ]

[ 2016-10-11T11:04:19+08:00 ] ::1 /think_blog/Home/Member/friends
INFO: [ app_init ] --START--
INFO: Run Behavior\BuildLiteBehavior [ RunTime:0.000023s ]
INFO: [ app_init ] --END-- [ RunTime:0.000424s ]

[ 2016-10-11T11:04:40+08:00 ] ::1 /think_blog/Home/Member/friends
INFO: [ app_init ] --START--
INFO: Run Behavior\BuildLiteBehavior [ RunTime:0.000037s ]
INFO: [ app_init ] --END-- [ RunTime:0.000573s ]

[ 2016-10-11T11:05:17+08:00 ] ::1 /think_blog/Home/Member/friends
INFO: [ app_init ] --START--
INFO: Run Behavior\BuildLiteBehavior [ RunTime:0.000033s ]
INFO: [ app_init ] --END-- [ RunTime:0.000646s ]

[ 2016-10-11T11:05:40+08:00 ] ::1 /think_blog/Home/Member/friends
INFO: [ app_init ] --START--
INFO: Run Behavior\BuildLiteBehavior [ RunTime:0.000029s ]
INFO: [ app_init ] --END-- [ RunTime:0.000624s ]

[ 2016-10-11T11:05:58+08:00 ] ::1 /think_blog/Home/Member/friends
INFO: [ app_init ] --START--
INFO: Run Behavior\BuildLiteBehavior [ RunTime:0.000028s ]
INFO: [ app_init ] --END-- [ RunTime:0.000617s ]

[ 2016-10-11T11:06:08+08:00 ] ::1 /think_blog/Home/Member/friends
INFO: [ app_init ] --START--
INFO: Run Behavior\BuildLiteBehavior [ RunTime:0.000030s ]
INFO: [ app_init ] --END-- [ RunTime:0.000562s ]

[ 2016-10-11T11:06:14+08:00 ] ::1 /think_blog/Home/Member/friends
INFO: [ app_init ] --START--
INFO: Run Behavior\BuildLiteBehavior [ RunTime:0.000032s ]
INFO: [ app_init ] --END-- [ RunTime:0.000845s ]

[ 2016-10-11T11:06:21+08:00 ] ::1 /think_blog/Home/Member/friends
INFO: [ app_init ] --START--
INFO: Run Behavior\BuildLiteBehavior [ RunTime:0.000030s ]
INFO: [ app_init ] --END-- [ RunTime:0.000579s ]

[ 2016-10-11T11:06:36+08:00 ] ::1 /think_blog/Home/Member/friends
INFO: [ app_init ] --START--
INFO: Run Behavior\BuildLiteBehavior [ RunTime:0.000029s ]
INFO: [ app_init ] --END-- [ RunTime:0.000584s ]

[ 2016-10-11T11:06:49+08:00 ] ::1 /think_blog/Home/Member/friends
INFO: [ app_init ] --START--
INFO: Run Behavior\BuildLiteBehavior [ RunTime:0.000042s ]
INFO: [ app_init ] --END-- [ RunTime:0.000671s ]

[ 2016-10-11T11:07:46+08:00 ] ::1 /think_blog/Home/Member/friends
INFO: [ app_init ] --START--
INFO: Run Behavior\BuildLiteBehavior [ RunTime:0.000031s ]
INFO: [ app_init ] --END-- [ RunTime:0.000582s ]

[ 2016-10-11T11:08:03+08:00 ] ::1 /think_blog/Home/Member/friends
INFO: [ app_init ] --START--
INFO: Run Behavior\BuildLiteBehavior [ RunTime:0.000027s ]
INFO: [ app_init ] --END-- [ RunTime:0.000590s ]

[ 2016-10-11T11:08:04+08:00 ] ::1 /think_blog/Home/Member/friends
INFO: [ app_init ] --START--
INFO: Run Behavior\BuildLiteBehavior [ RunTime:0.000029s ]
INFO: [ app_init ] --END-- [ RunTime:0.000598s ]

[ 2016-10-11T11:11:46+08:00 ] ::1 /think_blog/Home/Member/friends
INFO: [ app_init ] --START--
INFO: Run Behavior\BuildLiteBehavior [ RunTime:0.000027s ]
INFO: [ app_init ] --END-- [ RunTime:0.000747s ]

[ 2016-10-11T11:11:57+08:00 ] ::1 /think_blog/Home/Member/friends
INFO: [ app_init ] --START--
INFO: Run Behavior\BuildLiteBehavior [ RunTime:0.000027s ]
INFO: [ app_init ] --END-- [ RunTime:0.000524s ]

[ 2016-10-11T11:12:17+08:00 ] ::1 /think_blog/Home/Member/friends
INFO: [ app_init ] --START--
INFO: Run Behavior\BuildLiteBehavior [ RunTime:0.000028s ]
INFO: [ app_init ] --END-- [ RunTime:0.000541s ]

[ 2016-10-11T11:16:00+08:00 ] ::1 /think_blog/Home/Member/friends
INFO: [ app_init ] --START--
INFO: Run Behavior\BuildLiteBehavior [ RunTime:0.000028s ]
INFO: [ app_init ] --END-- [ RunTime:0.000613s ]

[ 2016-10-11T11:16:12+08:00 ] ::1 /think_blog/Home/Member/friends
INFO: [ app_init ] --START--
INFO: Run Behavior\BuildLiteBehavior [ RunTime:0.000030s ]
INFO: [ app_init ] --END-- [ RunTime:0.000631s ]

[ 2016-10-11T11:16:21+08:00 ] ::1 /think_blog/Home/Member/friends
INFO: [ app_init ] --START--
INFO: Run Behavior\BuildLiteBehavior [ RunTime:0.000029s ]
INFO: [ app_init ] --END-- [ RunTime:0.000622s ]

[ 2016-10-11T11:16:44+08:00 ] ::1 /think_blog/Home/Member/friends
INFO: [ app_init ] --START--
INFO: Run Behavior\BuildLiteBehavior [ RunTime:0.000029s ]
INFO: [ app_init ] --END-- [ RunTime:0.000618s ]

[ 2016-10-11T11:16:56+08:00 ] ::1 /think_blog/Home/Member/friends
INFO: [ app_init ] --START--
INFO: Run Behavior\BuildLiteBehavior [ RunTime:0.000034s ]
INFO: [ app_init ] --END-- [ RunTime:0.000628s ]

[ 2016-10-11T11:17:02+08:00 ] ::1 /think_blog/Home/Member/friends
INFO: [ app_init ] --START--
INFO: Run Behavior\BuildLiteBehavior [ RunTime:0.000028s ]
INFO: [ app_init ] --END-- [ RunTime:0.000578s ]

[ 2016-10-11T11:17:03+08:00 ] ::1 /think_blog/Home/Member/friends
INFO: [ app_init ] --START--
INFO: Run Behavior\BuildLiteBehavior [ RunTime:0.000027s ]
INFO: [ app_init ] --END-- [ RunTime:0.000489s ]

[ 2016-10-11T11:17:04+08:00 ] ::1 /think_blog/Home/Member/friends
INFO: [ app_init ] --START--
INFO: Run Behavior\BuildLiteBehavior [ RunTime:0.000031s ]
INFO: [ app_init ] --END-- [ RunTime:0.000579s ]

[ 2016-10-11T11:46:54+08:00 ] ::1 /think_blog/Home/Member/info
INFO: [ app_init ] --START--
INFO: Run Behavior\BuildLiteBehavior [ RunTime:0.000025s ]
INFO: [ app_init ] --END-- [ RunTime:0.000683s ]

[ 2016-10-11T11:47:12+08:00 ] ::1 /think_blog/Home/Member/info
INFO: [ app_init ] --START--
INFO: Run Behavior\BuildLiteBehavior [ RunTime:0.000031s ]
INFO: [ app_init ] --END-- [ RunTime:0.000685s ]

[ 2016-10-11T11:49:46+08:00 ] ::1 /think_blog/Home/Member/info
INFO: [ app_init ] --START--
INFO: Run Behavior\BuildLiteBehavior [ RunTime:0.000041s ]
INFO: [ app_init ] --END-- [ RunTime:0.000816s ]

[ 2016-10-11T11:50:15+08:00 ] ::1 /think_blog/Home/Member/info
INFO: [ app_init ] --START--
INFO: Run Behavior\BuildLiteBehavior [ RunTime:0.000032s ]
INFO: [ app_init ] --END-- [ RunTime:0.000690s ]

[ 2016-10-11T11:51:13+08:00 ] ::1 /think_blog/Home/Member/info
INFO: [ app_init ] --START--
INFO: Run Behavior\BuildLiteBehavior [ RunTime:0.000030s ]
INFO: [ app_init ] --END-- [ RunTime:0.000581s ]

[ 2016-10-11T11:51:14+08:00 ] ::1 /think_blog/Home/Member/info
INFO: [ app_init ] --START--
INFO: Run Behavior\BuildLiteBehavior [ RunTime:0.000028s ]
INFO: [ app_init ] --END-- [ RunTime:0.000634s ]

[ 2016-10-11T11:51:26+08:00 ] ::1 /think_blog/Home/Member/info
INFO: [ app_init ] --START--
INFO: Run Behavior\BuildLiteBehavior [ RunTime:0.000044s ]
INFO: [ app_init ] --END-- [ RunTime:0.000665s ]

[ 2016-10-11T13:26:18+08:00 ] ::1 /think_blog/Home/Member/info
INFO: [ app_init ] --START--
INFO: Run Behavior\BuildLiteBehavior [ RunTime:0.000029s ]
INFO: [ app_init ] --END-- [ RunTime:0.000618s ]

[ 2016-10-11T13:26:19+08:00 ] ::1 /think_blog/Home/Member/info
INFO: [ app_init ] --START--
INFO: Run Behavior\BuildLiteBehavior [ RunTime:0.000030s ]
INFO: [ app_init ] --END-- [ RunTime:0.000659s ]

[ 2016-10-11T13:26:20+08:00 ] ::1 /think_blog/Home/Member/info
INFO: [ app_init ] --START--
INFO: Run Behavior\BuildLiteBehavior [ RunTime:0.000029s ]
INFO: [ app_init ] --END-- [ RunTime:0.000623s ]

[ 2016-10-11T13:26:39+08:00 ] ::1 /think_blog/Home/Member/info
INFO: [ app_init ] --START--
INFO: Run Behavior\BuildLiteBehavior [ RunTime:0.000027s ]
INFO: [ app_init ] --END-- [ RunTime:0.000672s ]

[ 2016-10-11T13:26:51+08:00 ] ::1 /think_blog/Home/Member/info
INFO: [ app_init ] --START--
INFO: Run Behavior\BuildLiteBehavior [ RunTime:0.000043s ]
INFO: [ app_init ] --END-- [ RunTime:0.000664s ]

[ 2016-10-11T13:26:52+08:00 ] ::1 /think_blog/Home/Member/info
INFO: [ app_init ] --START--
INFO: Run Behavior\BuildLiteBehavior [ RunTime:0.000047s ]
INFO: [ app_init ] --END-- [ RunTime:0.000813s ]

[ 2016-10-11T13:27:56+08:00 ] ::1 /think_blog/Home/Member/info
INFO: [ app_init ] --START--
INFO: Run Behavior\BuildLiteBehavior [ RunTime:0.000029s ]
INFO: [ app_init ] --END-- [ RunTime:0.000604s ]

[ 2016-10-11T13:28:07+08:00 ] ::1 /think_blog/Home/Member/info
INFO: [ app_init ] --START--
INFO: Run Behavior\BuildLiteBehavior [ RunTime:0.000028s ]
INFO: [ app_init ] --END-- [ RunTime:0.000582s ]

[ 2016-10-11T13:28:48+08:00 ] ::1 /think_blog/Home/Member/info
INFO: [ app_init ] --START--
INFO: Run Behavior\BuildLiteBehavior [ RunTime:0.000033s ]
INFO: [ app_init ] --END-- [ RunTime:0.000591s ]

[ 2016-10-11T13:29:14+08:00 ] ::1 /think_blog/Home/Member/info
INFO: [ app_init ] --START--
INFO: Run Behavior\BuildLiteBehavior [ RunTime:0.000031s ]
INFO: [ app_init ] --END-- [ RunTime:0.000599s ]

[ 2016-10-11T13:29:23+08:00 ] ::1 /think_blog/Home/Member/info
INFO: [ app_init ] --START--
INFO: Run Behavior\BuildLiteBehavior [ RunTime:0.000028s ]
INFO: [ app_init ] --END-- [ RunTime:0.000597s ]

[ 2016-10-11T13:30:15+08:00 ] ::1 /think_blog/Home/Member/info
INFO: [ app_init ] --START--
INFO: Run Behavior\BuildLiteBehavior [ RunTime:0.000029s ]
INFO: [ app_init ] --END-- [ RunTime:0.000577s ]

[ 2016-10-11T13:30:54+08:00 ] ::1 /think_blog/Home/Member/info
INFO: [ app_init ] --START--
INFO: Run Behavior\BuildLiteBehavior [ RunTime:0.000030s ]
INFO: [ app_init ] --END-- [ RunTime:0.000636s ]

[ 2016-10-11T13:33:58+08:00 ] ::1 /think_blog/Home/Member/info
INFO: [ app_init ] --START--
INFO: Run Behavior\BuildLiteBehavior [ RunTime:0.000024s ]
INFO: [ app_init ] --END-- [ RunTime:0.000571s ]

[ 2016-10-11T13:34:10+08:00 ] ::1 /think_blog/Home/Member/info
INFO: [ app_init ] --START--
INFO: Run Behavior\BuildLiteBehavior [ RunTime:0.000042s ]
INFO: [ app_init ] --END-- [ RunTime:0.000907s ]

[ 2016-10-11T13:34:28+08:00 ] ::1 /think_blog/Home/Member/info
INFO: [ app_init ] --START--
INFO: Run Behavior\BuildLiteBehavior [ RunTime:0.000028s ]
INFO: [ app_init ] --END-- [ RunTime:0.000575s ]

[ 2016-10-11T13:34:35+08:00 ] ::1 /think_blog/Home/Member/info
INFO: [ app_init ] --START--
INFO: Run Behavior\BuildLiteBehavior [ RunTime:0.000028s ]
INFO: [ app_init ] --END-- [ RunTime:0.000616s ]

[ 2016-10-11T13:34:43+08:00 ] ::1 /think_blog/Home/Member/info
INFO: [ app_init ] --START--
INFO: Run Behavior\BuildLiteBehavior [ RunTime:0.000028s ]
INFO: [ app_init ] --END-- [ RunTime:0.000546s ]

[ 2016-10-11T13:34:50+08:00 ] ::1 /think_blog/Home/Member/info
INFO: [ app_init ] --START--
INFO: Run Behavior\BuildLiteBehavior [ RunTime:0.000031s ]
INFO: [ app_init ] --END-- [ RunTime:0.000719s ]

[ 2016-10-11T13:34:50+08:00 ] ::1 /think_blog/Home/Member/info
INFO: [ app_init ] --START--
INFO: Run Behavior\BuildLiteBehavior [ RunTime:0.000043s ]
INFO: [ app_init ] --END-- [ RunTime:0.000734s ]

[ 2016-10-11T13:34:51+08:00 ] ::1 /think_blog/Home/Member/info
INFO: [ app_init ] --START--
INFO: Run Behavior\BuildLiteBehavior [ RunTime:0.000029s ]
INFO: [ app_init ] --END-- [ RunTime:0.000534s ]

[ 2016-10-11T13:35:35+08:00 ] ::1 /think_blog/Home/Member/info
INFO: [ app_init ] --START--
INFO: Run Behavior\BuildLiteBehavior [ RunTime:0.000030s ]
INFO: [ app_init ] --END-- [ RunTime:0.000572s ]

[ 2016-10-11T13:35:47+08:00 ] ::1 /think_blog/Home/Member/info
INFO: [ app_init ] --START--
INFO: Run Behavior\BuildLiteBehavior [ RunTime:0.000028s ]
INFO: [ app_init ] --END-- [ RunTime:0.000570s ]

[ 2016-10-11T13:37:30+08:00 ] ::1 /think_blog/Home/Member/info
INFO: [ app_init ] --START--
INFO: Run Behavior\BuildLiteBehavior [ RunTime:0.000024s ]
INFO: [ app_init ] --END-- [ RunTime:0.000675s ]

[ 2016-10-11T13:37:30+08:00 ] ::1 /think_blog/Home/Member/info
INFO: [ app_init ] --START--
INFO: Run Behavior\BuildLiteBehavior [ RunTime:0.000032s ]
INFO: [ app_init ] --END-- [ RunTime:0.000662s ]

[ 2016-10-11T13:39:34+08:00 ] ::1 /think_blog/Home/Member/info
INFO: [ app_init ] --START--
INFO: Run Behavior\BuildLiteBehavior [ RunTime:0.000044s ]
INFO: [ app_init ] --END-- [ RunTime:0.000803s ]

[ 2016-10-11T13:39:35+08:00 ] ::1 /think_blog/Home/Member/info
INFO: [ app_init ] --START--
INFO: Run Behavior\BuildLiteBehavior [ RunTime:0.000028s ]
INFO: [ app_init ] --END-- [ RunTime:0.000498s ]

[ 2016-10-11T13:39:41+08:00 ] ::1 /think_blog/Home/Member/updatePasswd
INFO: [ app_init ] --START--
INFO: Run Behavior\BuildLiteBehavior [ RunTime:0.000029s ]
INFO: [ app_init ] --END-- [ RunTime:0.000583s ]

[ 2016-10-11T13:39:57+08:00 ] ::1 /think_blog/Home/Member/updatePasswd
INFO: [ app_init ] --START--
INFO: Run Behavior\BuildLiteBehavior [ RunTime:0.000025s ]
INFO: [ app_init ] --END-- [ RunTime:0.000520s ]

[ 2016-10-11T13:40:14+08:00 ] ::1 /think_blog/Home/Member/updatePasswd
INFO: [ app_init ] --START--
INFO: Run Behavior\BuildLiteBehavior [ RunTime:0.000035s ]
INFO: [ app_init ] --END-- [ RunTime:0.000682s ]

[ 2016-10-11T13:40:14+08:00 ] ::1 /think_blog/Home/Member/updatePasswd
INFO: [ app_init ] --START--
INFO: Run Behavior\BuildLiteBehavior [ RunTime:0.000029s ]
INFO: [ app_init ] --END-- [ RunTime:0.000608s ]

[ 2016-10-11T13:41:47+08:00 ] ::1 /think_blog/Home/Member/updatePasswd
INFO: [ app_init ] --START--
INFO: Run Behavior\BuildLiteBehavior [ RunTime:0.000024s ]
INFO: [ app_init ] --END-- [ RunTime:0.000667s ]

[ 2016-10-11T13:42:04+08:00 ] ::1 /think_blog/Home/Member/updatePasswd
INFO: [ app_init ] --START--
INFO: Run Behavior\BuildLiteBehavior [ RunTime:0.000031s ]
INFO: [ app_init ] --END-- [ RunTime:0.000660s ]

[ 2016-10-11T13:43:08+08:00 ] ::1 /think_blog/Home/Member/register
INFO: [ app_init ] --START--
INFO: Run Behavior\BuildLiteBehavior [ RunTime:0.000029s ]
INFO: [ app_init ] --END-- [ RunTime:0.000729s ]

[ 2016-10-11T13:44:02+08:00 ] ::1 /think_blog/Home/Member/register
INFO: [ app_init ] --START--
INFO: Run Behavior\BuildLiteBehavior [ RunTime:0.000030s ]
INFO: [ app_init ] --END-- [ RunTime:0.000669s ]

[ 2016-10-11T13:44:23+08:00 ] ::1 /think_blog/Home/Member/register
INFO: [ app_init ] --START--
INFO: Run Behavior\BuildLiteBehavior [ RunTime:0.000023s ]
INFO: [ app_init ] --END-- [ RunTime:0.000468s ]

[ 2016-10-11T13:48:51+08:00 ] ::1 /think_blog/Home/Member/register
INFO: [ app_init ] --START--
INFO: Run Behavior\BuildLiteBehavior [ RunTime:0.000023s ]
INFO: [ app_init ] --END-- [ RunTime:0.000499s ]

[ 2016-10-11T13:48:52+08:00 ] ::1 /think_blog/Home/Member/register
INFO: [ app_init ] --START--
INFO: Run Behavior\BuildLiteBehavior [ RunTime:0.000028s ]
INFO: [ app_init ] --END-- [ RunTime:0.000578s ]

[ 2016-10-11T13:49:08+08:00 ] ::1 /think_blog/Home/Member/register
INFO: [ app_init ] --START--
INFO: Run Behavior\BuildLiteBehavior [ RunTime:0.000028s ]
INFO: [ app_init ] --END-- [ RunTime:0.000567s ]

[ 2016-10-11T13:50:10+08:00 ] ::1 /think_blog/Home/Member/register
INFO: [ app_init ] --START--
INFO: Run Behavior\BuildLiteBehavior [ RunTime:0.000040s ]
INFO: [ app_init ] --END-- [ RunTime:0.000763s ]

[ 2016-10-11T13:50:27+08:00 ] ::1 /think_blog/Home/Member/register
INFO: [ app_init ] --START--
INFO: Run Behavior\BuildLiteBehavior [ RunTime:0.000031s ]
INFO: [ app_init ] --END-- [ RunTime:0.000509s ]

[ 2016-10-11T13:55:18+08:00 ] ::1 /think_blog/Home/Member/register
INFO: [ app_init ] --START--
INFO: Run Behavior\BuildLiteBehavior [ RunTime:0.000023s ]
INFO: [ app_init ] --END-- [ RunTime:0.000583s ]

[ 2016-10-11T13:55:41+08:00 ] ::1 /think_blog/Home/Member/register
INFO: [ app_init ] --START--
INFO: Run Behavior\BuildLiteBehavior [ RunTime:0.000029s ]
INFO: [ app_init ] --END-- [ RunTime:0.000679s ]

[ 2016-10-11T13:55:48+08:00 ] ::1 /think_blog/Home/Member/register
INFO: [ app_init ] --START--
INFO: Run Behavior\BuildLiteBehavior [ RunTime:0.000029s ]
INFO: [ app_init ] --END-- [ RunTime:0.000618s ]

[ 2016-10-11T13:57:01+08:00 ] ::1 /think_blog/Home/Member/register
INFO: [ app_init ] --START--
INFO: Run Behavior\BuildLiteBehavior [ RunTime:0.000028s ]
INFO: [ app_init ] --END-- [ RunTime:0.000598s ]

[ 2016-10-11T13:57:11+08:00 ] ::1 /think_blog/Home/Member/register
INFO: [ app_init ] --START--
INFO: Run Behavior\BuildLiteBehavior [ RunTime:0.000031s ]
INFO: [ app_init ] --END-- [ RunTime:0.000812s ]

[ 2016-10-11T13:57:25+08:00 ] ::1 /think_blog/Home/Member/register
INFO: [ app_init ] --START--
INFO: Run Behavior\BuildLiteBehavior [ RunTime:0.000028s ]
INFO: [ app_init ] --END-- [ RunTime:0.000599s ]

[ 2016-10-11T13:57:30+08:00 ] ::1 /think_blog/Home/Member/register
INFO: [ app_init ] --START--
INFO: Run Behavior\BuildLiteBehavior [ RunTime:0.000027s ]
INFO: [ app_init ] --END-- [ RunTime:0.000506s ]

[ 2016-10-11T14:06:21+08:00 ] ::1 /think_blog/Home/Member/register
INFO: [ app_init ] --START--
INFO: Run Behavior\BuildLiteBehavior [ RunTime:0.000045s ]
INFO: [ app_init ] --END-- [ RunTime:0.001021s ]

[ 2016-10-11T14:13:52+08:00 ] ::1 /think_blog/Home/Member/register
INFO: [ app_init ] --START--
INFO: Run Behavior\BuildLiteBehavior [ RunTime:0.000026s ]
INFO: [ app_init ] --END-- [ RunTime:0.000639s ]

[ 2016-10-11T14:13:53+08:00 ] ::1 /think_blog/Home/Member/register
INFO: [ app_init ] --START--
INFO: Run Behavior\BuildLiteBehavior [ RunTime:0.000027s ]
INFO: [ app_init ] --END-- [ RunTime:0.000569s ]

[ 2016-10-11T14:14:04+08:00 ] ::1 /think_blog/Home/Member/register
INFO: [ app_init ] --START--
INFO: Run Behavior\BuildLiteBehavior [ RunTime:0.000028s ]
INFO: [ app_init ] --END-- [ RunTime:0.000666s ]

[ 2016-10-11T14:14:10+08:00 ] ::1 /think_blog/Home/Member/register
INFO: [ app_init ] --START--
INFO: Run Behavior\BuildLiteBehavior [ RunTime:0.000028s ]
INFO: [ app_init ] --END-- [ RunTime:0.000554s ]

[ 2016-10-11T14:17:23+08:00 ] ::1 /think_blog/Home/Member/register
INFO: [ app_init ] --START--
INFO: Run Behavior\BuildLiteBehavior [ RunTime:0.000049s ]
INFO: [ app_init ] --END-- [ RunTime:0.000722s ]

[ 2016-10-11T14:17:38+08:00 ] ::1 /think_blog/Home/Member/register
INFO: [ app_init ] --START--
INFO: Run Behavior\BuildLiteBehavior [ RunTime:0.000029s ]
INFO: [ app_init ] --END-- [ RunTime:0.000604s ]

[ 2016-10-11T14:18:43+08:00 ] ::1 /think_blog/Home/Member/register
INFO: [ app_init ] --START--
INFO: Run Behavior\BuildLiteBehavior [ RunTime:0.000023s ]
INFO: [ app_init ] --END-- [ RunTime:0.000528s ]

[ 2016-10-11T14:19:20+08:00 ] ::1 /think_blog/Home/Member/register
INFO: [ app_init ] --START--
INFO: Run Behavior\BuildLiteBehavior [ RunTime:0.000031s ]
INFO: [ app_init ] --END-- [ RunTime:0.000634s ]

[ 2016-10-11T14:30:44+08:00 ] ::1 /think_blog/Home/Member/register
INFO: [ app_init ] --START--
INFO: Run Behavior\BuildLiteBehavior [ RunTime:0.000024s ]
INFO: [ app_init ] --END-- [ RunTime:0.000619s ]

[ 2016-10-11T14:30:48+08:00 ] ::1 /think_blog/Home/Member/register
INFO: [ app_init ] --START--
INFO: Run Behavior\BuildLiteBehavior [ RunTime:0.000031s ]
INFO: [ app_init ] --END-- [ RunTime:0.000674s ]

[ 2016-10-11T14:30:49+08:00 ] ::1 /think_blog/Home/Member/register
INFO: [ app_init ] --START--
INFO: Run Behavior\BuildLiteBehavior [ RunTime:0.000027s ]
INFO: [ app_init ] --END-- [ RunTime:0.000578s ]

[ 2016-10-11T14:30:49+08:00 ] ::1 /think_blog/Home/Member/register
INFO: [ app_init ] --START--
INFO: Run Behavior\BuildLiteBehavior [ RunTime:0.000023s ]
INFO: [ app_init ] --END-- [ RunTime:0.000409s ]

[ 2016-10-11T14:30:50+08:00 ] ::1 /think_blog/Home/Member/register
INFO: [ app_init ] --START--
INFO: Run Behavior\BuildLiteBehavior [ RunTime:0.000029s ]
INFO: [ app_init ] --END-- [ RunTime:0.000575s ]

[ 2016-10-11T14:32:07+08:00 ] ::1 /think_blog/Home/Member/register
INFO: [ app_init ] --START--
INFO: Run Behavior\BuildLiteBehavior [ RunTime:0.000025s ]
INFO: [ app_init ] --END-- [ RunTime:0.000444s ]

[ 2016-10-11T14:32:47+08:00 ] ::1 /think_blog/Home/Member/register
INFO: [ app_init ] --START--
INFO: Run Behavior\BuildLiteBehavior [ RunTime:0.000063s ]
INFO: [ app_init ] --END-- [ RunTime:0.001448s ]

[ 2016-10-11T14:34:29+08:00 ] ::1 /think_blog/Home/Member/register
INFO: [ app_init ] --START--
INFO: Run Behavior\BuildLiteBehavior [ RunTime:0.000030s ]
INFO: [ app_init ] --END-- [ RunTime:0.000588s ]

[ 2016-10-11T14:37:17+08:00 ] ::1 /think_blog/Home/Member/register
INFO: [ app_init ] --START--
INFO: Run Behavior\BuildLiteBehavior [ RunTime:0.000025s ]
INFO: [ app_init ] --END-- [ RunTime:0.000493s ]

[ 2016-10-11T14:38:06+08:00 ] ::1 /think_blog/Home/Member/register
INFO: [ app_init ] --START--
INFO: Run Behavior\BuildLiteBehavior [ RunTime:0.000023s ]
INFO: [ app_init ] --END-- [ RunTime:0.000452s ]
INFO: [ app_begin ] --START--
INFO: Run Behavior\ReadHtmlCacheBehavior [ RunTime:0.000549s ]
INFO: [ app_begin ] --END-- [ RunTime:0.000654s ]

[ 2016-10-11T14:54:59+08:00 ] ::1 /think_blog/Home/Member/register
INFO: [ app_init ] --START--
INFO: Run Behavior\BuildLiteBehavior [ RunTime:0.000029s ]
INFO: [ app_init ] --END-- [ RunTime:0.000728s ]

[ 2016-10-11T14:55:20+08:00 ] ::1 /think_blog/Home/Member/register
INFO: [ app_init ] --START--
INFO: Run Behavior\BuildLiteBehavior [ RunTime:0.000024s ]
INFO: [ app_init ] --END-- [ RunTime:0.000519s ]
INFO: [ app_begin ] --START--
INFO: Run Behavior\ReadHtmlCacheBehavior [ RunTime:0.000501s ]
INFO: [ app_begin ] --END-- [ RunTime:0.000626s ]
SQL: SHOW COLUMNS FROM `member` [ RunTime:0.0194s ]
ERR: Think\Model:register方法不存在！

[ 2016-10-11T14:56:30+08:00 ] ::1 /think_blog/Home/Member/register
INFO: [ app_init ] --START--
INFO: Run Behavior\BuildLiteBehavior [ RunTime:0.000024s ]
INFO: [ app_init ] --END-- [ RunTime:0.000526s ]
INFO: [ app_begin ] --START--
INFO: Run Behavior\ReadHtmlCacheBehavior [ RunTime:0.000513s ]
INFO: [ app_begin ] --END-- [ RunTime:0.000613s ]
SQL: SHOW COLUMNS FROM `member` [ RunTime:0.0042s ]
ERR: Think\Model:addData方法不存在！

[ 2016-10-11T14:57:03+08:00 ] ::1 /think_blog/?XDEBUG_SESSION_START=15006
INFO: [ app_init ] --START--
INFO: Run Behavior\BuildLiteBehavior [ RunTime:0.000067s ]
INFO: [ app_init ] --END-- [ RunTime:0.000642s ]

[ 2016-10-11T14:57:17+08:00 ] ::1 /think_blog/Home/Member/register
INFO: [ app_init ] --START--
INFO: Run Behavior\BuildLiteBehavior [ RunTime:0.000068s ]
INFO: [ app_init ] --END-- [ RunTime:0.000745s ]

[ 2016-10-11T14:59:00+08:00 ] ::1 /think_blog/Home/Member/register
INFO: [ app_init ] --START--
INFO: Run Behavior\BuildLiteBehavior [ RunTime:0.000120s ]
INFO: [ app_init ] --END-- [ RunTime:0.001345s ]
INFO: [ app_begin ] --START--
INFO: Run Behavior\ReadHtmlCacheBehavior [ RunTime:0.001145s ]
INFO: [ app_begin ] --END-- [ RunTime:0.001567s ]
SQL: SHOW COLUMNS FROM `member` [ RunTime:0.0093s ]
ERR: Think\Model:addData方法不存在！

[ 2016-10-11T14:59:26+08:00 ] ::1 /think_blog/Home/Member/register
INFO: [ app_init ] --START--
INFO: Run Behavior\BuildLiteBehavior [ RunTime:0.000076s ]
INFO: [ app_init ] --END-- [ RunTime:0.000821s ]
INFO: [ app_begin ] --START--
INFO: Run Behavior\ReadHtmlCacheBehavior [ RunTime:0.000645s ]
INFO: [ app_begin ] --END-- [ RunTime:0.000906s ]
NOTIC: D方法实例化没找到模型类Home\Model\MemberModel
SQL: SHOW COLUMNS FROM `member` [ RunTime:0.0086s ]
ERR: Think\Model:register方法不存在！

[ 2016-10-11T15:00:24+08:00 ] ::1 /think_blog/Home/Member/register
INFO: [ app_init ] --START--
INFO: Run Behavior\BuildLiteBehavior [ RunTime:0.000079s ]
INFO: [ app_init ] --END-- [ RunTime:0.000805s ]
INFO: [ app_begin ] --START--
INFO: Run Behavior\ReadHtmlCacheBehavior [ RunTime:0.000766s ]
INFO: [ app_begin ] --END-- [ RunTime:0.001029s ]
SQL: SHOW COLUMNS FROM `member` [ RunTime:0.0141s ]
ERR: Think\Model:isExistsMemberName方法不存在！

[ 2016-10-11T15:01:19+08:00 ] ::1 /think_blog/Home/Member/register
INFO: [ app_init ] --START--
INFO: Run Behavior\BuildLiteBehavior [ RunTime:0.000119s ]
INFO: [ app_init ] --END-- [ RunTime:0.001298s ]
INFO: [ app_begin ] --START--
INFO: Run Behavior\ReadHtmlCacheBehavior [ RunTime:0.001031s ]
INFO: [ app_begin ] --END-- [ RunTime:0.001450s ]
SQL: SHOW COLUMNS FROM `member` [ RunTime:0.0056s ]
SQL: SELECT * FROM `member` WHERE `member_name` = 'username123'  [ RunTime:0.0030s ]
NOTIC: [8] Undefined variable: fileName D:\wamp\www\think_blog\Public\func\func.php 第 113 行.
NOTIC: [8] Array to string conversion D:\wamp\www\think_blog\Application\Home\Model\MemberModel.class.php 第 26 行.
NOTIC: [8] Array to string conversion D:\wamp\www\think_blog\Application\Home\Model\MemberModel.class.php 第 26 行.

[ 2016-10-11T15:07:10+08:00 ] ::1 /think_blog/Home/Member/register
INFO: [ app_init ] --START--
INFO: Run Behavior\BuildLiteBehavior [ RunTime:0.000078s ]
INFO: [ app_init ] --END-- [ RunTime:0.001952s ]
INFO: [ app_begin ] --START--
INFO: Run Behavior\ReadHtmlCacheBehavior [ RunTime:0.000785s ]
INFO: [ app_begin ] --END-- [ RunTime:0.001096s ]
SQL: SHOW COLUMNS FROM `member` [ RunTime:0.0045s ]
SQL: SELECT * FROM `member` WHERE `member_name` = 'username123'  [ RunTime:0.0014s ]
NOTIC: [8] Undefined variable: fileName D:\wamp\www\think_blog\Public\func\func.php 第 113 行.
NOTIC: [8] Array to string conversion D:\wamp\www\think_blog\Application\Home\Model\MemberModel.class.php 第 26 行.
NOTIC: [8] Array to string conversion D:\wamp\www\think_blog\Application\Home\Model\MemberModel.class.php 第 26 行.

[ 2016-10-11T15:07:22+08:00 ] ::1 /think_blog/Home/Member/register
INFO: [ app_init ] --START--
INFO: Run Behavior\BuildLiteBehavior [ RunTime:0.000119s ]
INFO: [ app_init ] --END-- [ RunTime:0.001340s ]
INFO: [ app_begin ] --START--
INFO: Run Behavior\ReadHtmlCacheBehavior [ RunTime:0.001156s ]
INFO: [ app_begin ] --END-- [ RunTime:0.001564s ]
SQL: SHOW COLUMNS FROM `member` [ RunTime:0.0098s ]
SQL: SELECT * FROM `member` WHERE `member_name` = 'username123'  [ RunTime:0.0005s ]
SQL: INSERT INTO `member` (`member_name`,`passwd`,`sex`,`email`,`tel`,`address`,`question`,`answer`,`head_pic`,`hitnum`,`is_freeze`,`last_ip`,`last_time`) VALUES ('username123','e10adc3949ba59abbe56e057f20f883e','1','123456@qq.com','12312341234','address road','question one','answer one','head_pic/head_pic_1476169641.png','0','0','::1','2016-10-11 03:07:21') [ RunTime:0.1143s ]

[ 2016-10-11T15:11:16+08:00 ] ::1 /think_blog/Home/Member/register
INFO: [ app_init ] --START--
INFO: Run Behavior\BuildLiteBehavior [ RunTime:0.000093s ]
INFO: [ app_init ] --END-- [ RunTime:0.001118s ]

[ 2016-10-11T15:11:20+08:00 ] ::1 /think_blog/Home/Member/register
INFO: [ app_init ] --START--
INFO: Run Behavior\BuildLiteBehavior [ RunTime:0.000138s ]
INFO: [ app_init ] --END-- [ RunTime:0.002058s ]

[ 2016-10-11T15:12:01+08:00 ] ::1 /think_blog/Home/Member/register
INFO: [ app_init ] --START--
INFO: Run Behavior\BuildLiteBehavior [ RunTime:0.000036s ]
INFO: [ app_init ] --END-- [ RunTime:0.000727s ]
INFO: [ app_begin ] --START--
INFO: Run Behavior\ReadHtmlCacheBehavior [ RunTime:0.000722s ]
INFO: [ app_begin ] --END-- [ RunTime:0.000875s ]
SQL: SHOW COLUMNS FROM `member` [ RunTime:0.0058s ]
SQL: SELECT * FROM `member` WHERE `member_name` = 'username111'  [ RunTime:0.0005s ]
SQL: INSERT INTO `member` (`member_name`,`passwd`,`sex`,`email`,`tel`,`address`,`question`,`answer`,`head_pic`,`hitnum`,`is_freeze`,`last_ip`,`last_time`) VALUES ('username111','e10adc3949ba59abbe56e057f20f883e','1','123456@qq.com','12312341234','address road','question','answer','head_pic/head_pic_1476169921.png','0','0','::1','2016-10-11 03:12:01') [ RunTime:0.0658s ]

[ 2016-10-11T15:13:17+08:00 ] ::1 /think_blog/Home/Member/register
INFO: [ app_init ] --START--
INFO: Run Behavior\BuildLiteBehavior [ RunTime:0.000029s ]
INFO: [ app_init ] --END-- [ RunTime:0.000639s ]
INFO: [ app_begin ] --START--
INFO: Run Behavior\ReadHtmlCacheBehavior [ RunTime:0.000609s ]
INFO: [ app_begin ] --END-- [ RunTime:0.000710s ]
SQL: SHOW COLUMNS FROM `member` [ RunTime:0.0270s ]
SQL: SELECT * FROM `member` WHERE `member_name` = 'username121'  [ RunTime:0.0006s ]
SQL: INSERT INTO `member` (`member_name`,`passwd`,`sex`,`email`,`tel`,`address`,`question`,`answer`,`head_pic`,`hitnum`,`is_freeze`,`last_ip`,`last_time`) VALUES ('username121','e10adc3949ba59abbe56e057f20f883e','1','123456@qq.com','12312341234','address road','question','answer','head_pic/head_pic_1476169997.png','0','0','::1','2016-10-11 03:13:17') [ RunTime:0.0719s ]

[ 2016-10-11T15:16:01+08:00 ] ::1 /think_blog/Home/Member/register
INFO: [ app_init ] --START--
INFO: Run Behavior\BuildLiteBehavior [ RunTime:0.000046s ]
INFO: [ app_init ] --END-- [ RunTime:0.000966s ]

[ 2016-10-11T15:16:23+08:00 ] ::1 /think_blog/Home/Member/register
INFO: [ app_init ] --START--
INFO: Run Behavior\BuildLiteBehavior [ RunTime:0.000087s ]
INFO: [ app_init ] --END-- [ RunTime:0.001985s ]
INFO: [ app_begin ] --START--
INFO: Run Behavior\ReadHtmlCacheBehavior [ RunTime:0.002041s ]
INFO: [ app_begin ] --END-- [ RunTime:0.002513s ]
SQL: SHOW COLUMNS FROM `member` [ RunTime:0.0133s ]
SQL: SELECT * FROM `member` WHERE `member_name` = 'username111'  [ RunTime:0.0011s ]
NOTIC: [8] Array to string conversion D:\wamp\www\think_blog\Application\Home\Model\MemberModel.class.php 第 26 行.
NOTIC: [8] Array to string conversion D:\wamp\www\think_blog\Application\Home\Model\MemberModel.class.php 第 26 行.

[ 2016-10-11T15:16:32+08:00 ] ::1 /think_blog/Home/Member/register
INFO: [ app_init ] --START--
INFO: Run Behavior\BuildLiteBehavior [ RunTime:0.000123s ]
INFO: [ app_init ] --END-- [ RunTime:0.001852s ]
INFO: [ app_begin ] --START--
INFO: Run Behavior\ReadHtmlCacheBehavior [ RunTime:0.001803s ]
INFO: [ app_begin ] --END-- [ RunTime:0.002188s ]
SQL: SHOW COLUMNS FROM `member` [ RunTime:0.0073s ]
SQL: SELECT * FROM `member` WHERE `member_name` = 'username112'  [ RunTime:0.0005s ]
SQL: INSERT INTO `member` (`member_name`,`passwd`,`sex`,`email`,`tel`,`address`,`question`,`answer`,`head_pic`,`hitnum`,`is_freeze`,`last_ip`,`last_time`) VALUES ('username112','e10adc3949ba59abbe56e057f20f883e','1','123456@qq.com','12312341234','address road','question one','answer one','head_pic/head_pic_1476170192.png','0','0','::1','2016-10-11 03:16:32') [ RunTime:0.0726s ]

[ 2016-10-11T15:16:35+08:00 ] ::1 /think_blog/Home/Member/login
INFO: [ app_init ] --START--
INFO: Run Behavior\BuildLiteBehavior [ RunTime:0.000055s ]
INFO: [ app_init ] --END-- [ RunTime:0.001156s ]

[ 2016-10-11T15:17:19+08:00 ] ::1 /think_blog/Home/Member/register
INFO: [ app_init ] --START--
INFO: Run Behavior\BuildLiteBehavior [ RunTime:0.000078s ]
INFO: [ app_init ] --END-- [ RunTime:0.001553s ]

[ 2016-10-11T15:17:26+08:00 ] ::1 /think_blog/Home/Member/register
INFO: [ app_init ] --START--
INFO: Run Behavior\BuildLiteBehavior [ RunTime:0.000101s ]
INFO: [ app_init ] --END-- [ RunTime:0.002052s ]

[ 2016-10-11T15:17:47+08:00 ] ::1 /think_blog/Home/Member/register
INFO: [ app_init ] --START--
INFO: Run Behavior\BuildLiteBehavior [ RunTime:0.000054s ]
INFO: [ app_init ] --END-- [ RunTime:0.001044s ]
INFO: [ app_begin ] --START--
INFO: Run Behavior\ReadHtmlCacheBehavior [ RunTime:0.001018s ]
INFO: [ app_begin ] --END-- [ RunTime:0.001251s ]
SQL: SHOW COLUMNS FROM `member` [ RunTime:0.0082s ]
SQL: SELECT * FROM `member` WHERE `member_name` = 'username113'  [ RunTime:0.0007s ]
SQL: INSERT INTO `member` (`member_name`,`passwd`,`sex`,`email`,`tel`,`address`,`question`,`answer`,`head_pic`,`hitnum`,`is_freeze`,`last_ip`,`last_time`) VALUES ('username113','e10adc3949ba59abbe56e057f20f883e','1','123456@qq.com','12312341234','address road','question','answer','head_pic/head_pic_1476170267.png','0','0','::1','2016-10-11 03:17:47') [ RunTime:0.0788s ]

[ 2016-10-11T15:17:50+08:00 ] ::1 /think_blog/Home/Member/login
INFO: [ app_init ] --START--
INFO: Run Behavior\BuildLiteBehavior [ RunTime:0.000045s ]
INFO: [ app_init ] --END-- [ RunTime:0.000894s ]

[ 2016-10-11T15:18:29+08:00 ] ::1 /think_blog/Home/Member/login
INFO: [ app_init ] --START--
INFO: Run Behavior\BuildLiteBehavior [ RunTime:0.000080s ]
INFO: [ app_init ] --END-- [ RunTime:0.001593s ]

[ 2016-10-11T15:18:31+08:00 ] ::1 /think_blog/Home/Member/register
INFO: [ app_init ] --START--
INFO: Run Behavior\BuildLiteBehavior [ RunTime:0.000061s ]
INFO: [ app_init ] --END-- [ RunTime:0.001214s ]

[ 2016-10-11T15:18:33+08:00 ] ::1 /think_blog/Home/Member/register
INFO: [ app_init ] --START--
INFO: Run Behavior\BuildLiteBehavior [ RunTime:0.000055s ]
INFO: [ app_init ] --END-- [ RunTime:0.001080s ]

[ 2016-10-11T15:18:53+08:00 ] ::1 /think_blog/Home/Member/register
INFO: [ app_init ] --START--
INFO: Run Behavior\BuildLiteBehavior [ RunTime:0.000059s ]
INFO: [ app_init ] --END-- [ RunTime:0.001205s ]
INFO: [ app_begin ] --START--
INFO: Run Behavior\ReadHtmlCacheBehavior [ RunTime:0.001209s ]
INFO: [ app_begin ] --END-- [ RunTime:0.001481s ]
SQL: SHOW COLUMNS FROM `member` [ RunTime:0.0061s ]
SQL: SELECT * FROM `member` WHERE `member_name` = 'username114'  [ RunTime:0.0004s ]
SQL: INSERT INTO `member` (`member_name`,`passwd`,`sex`,`email`,`tel`,`address`,`question`,`answer`,`head_pic`,`hitnum`,`is_freeze`,`last_ip`,`last_time`) VALUES ('username114','e10adc3949ba59abbe56e057f20f883e','1','123456@qq.com','12312341234','address road','question','answer','head_pic/head_pic_1476170333.png','0','0','::1','2016-10-11 03:18:53') [ RunTime:0.0640s ]

[ 2016-10-11T15:18:54+08:00 ] ::1 /think_blog/Home/Member/login
INFO: [ app_init ] --START--
INFO: Run Behavior\BuildLiteBehavior [ RunTime:0.000040s ]
INFO: [ app_init ] --END-- [ RunTime:0.000645s ]

[ 2016-10-11T15:19:23+08:00 ] ::1 /think_blog/Home/Member/login
INFO: [ app_init ] --START--
INFO: Run Behavior\BuildLiteBehavior [ RunTime:0.000086s ]
INFO: [ app_init ] --END-- [ RunTime:0.001375s ]

[ 2016-10-11T15:45:05+08:00 ] ::1 /think_blog/Home/Member/login
INFO: [ app_init ] --START--
INFO: Run Behavior\BuildLiteBehavior [ RunTime:0.000027s ]
INFO: [ app_init ] --END-- [ RunTime:0.000775s ]

[ 2016-10-11T15:46:35+08:00 ] ::1 /think_blog/Home/Member/login
INFO: [ app_init ] --START--
INFO: Run Behavior\BuildLiteBehavior [ RunTime:0.000063s ]
INFO: [ app_init ] --END-- [ RunTime:0.001147s ]

[ 2016-10-11T15:46:56+08:00 ] ::1 /think_blog/Home/Member/login
INFO: [ app_init ] --START--
INFO: Run Behavior\BuildLiteBehavior [ RunTime:0.000067s ]
INFO: [ app_init ] --END-- [ RunTime:0.001098s ]

[ 2016-10-11T15:47:05+08:00 ] ::1 /think_blog/Home/Member/login
INFO: [ app_init ] --START--
INFO: Run Behavior\BuildLiteBehavior [ RunTime:0.000033s ]
INFO: [ app_init ] --END-- [ RunTime:0.000542s ]

[ 2016-10-11T15:54:25+08:00 ] ::1 /think_blog/Home/Member/login
INFO: [ app_init ] --START--
INFO: Run Behavior\BuildLiteBehavior [ RunTime:0.000027s ]
INFO: [ app_init ] --END-- [ RunTime:0.000629s ]

[ 2016-10-11T15:54:26+08:00 ] ::1 /think_blog/Home/Member/register
INFO: [ app_init ] --START--
INFO: Run Behavior\BuildLiteBehavior [ RunTime:0.000028s ]
INFO: [ app_init ] --END-- [ RunTime:0.000638s ]

[ 2016-10-11T15:54:31+08:00 ] ::1 /think_blog/Home/Member/login
INFO: [ app_init ] --START--
INFO: Run Behavior\BuildLiteBehavior [ RunTime:0.000029s ]
INFO: [ app_init ] --END-- [ RunTime:0.000662s ]

[ 2016-10-11T15:54:33+08:00 ] ::1 /think_blog/Home/Member/forgetPasswd
INFO: [ app_init ] --START--
INFO: Run Behavior\BuildLiteBehavior [ RunTime:0.000027s ]
INFO: [ app_init ] --END-- [ RunTime:0.000491s ]

[ 2016-10-11T15:54:37+08:00 ] ::1 /think_blog/Home/Member/login
INFO: [ app_init ] --START--
INFO: Run Behavior\BuildLiteBehavior [ RunTime:0.000028s ]
INFO: [ app_init ] --END-- [ RunTime:0.000566s ]

[ 2016-10-11T15:55:05+08:00 ] ::1 /think_blog/Home/Member/login
INFO: [ app_init ] --START--
INFO: Run Behavior\BuildLiteBehavior [ RunTime:0.000024s ]
INFO: [ app_init ] --END-- [ RunTime:0.000525s ]

[ 2016-10-11T15:55:07+08:00 ] ::1 /think_blog/Home/Member/register
INFO: [ app_init ] --START--
INFO: Run Behavior\BuildLiteBehavior [ RunTime:0.000028s ]
INFO: [ app_init ] --END-- [ RunTime:0.000582s ]

[ 2016-10-11T15:55:21+08:00 ] ::1 /think_blog/Home/Member/register
INFO: [ app_init ] --START--
INFO: Run Behavior\BuildLiteBehavior [ RunTime:0.000029s ]
INFO: [ app_init ] --END-- [ RunTime:0.000643s ]

[ 2016-10-11T15:55:24+08:00 ] ::1 /think_blog/Home/Member/login
INFO: [ app_init ] --START--
INFO: Run Behavior\BuildLiteBehavior [ RunTime:0.000028s ]
INFO: [ app_init ] --END-- [ RunTime:0.000591s ]

[ 2016-10-11T15:55:25+08:00 ] ::1 /think_blog/Home/Member/login
INFO: [ app_init ] --START--
INFO: Run Behavior\BuildLiteBehavior [ RunTime:0.000030s ]
INFO: [ app_init ] --END-- [ RunTime:0.000643s ]

[ 2016-10-11T16:08:54+08:00 ] ::1 /think_blog/Home/Member/login
INFO: [ app_init ] --START--
INFO: Run Behavior\BuildLiteBehavior [ RunTime:0.000030s ]
INFO: [ app_init ] --END-- [ RunTime:0.000695s ]

[ 2016-10-11T16:09:26+08:00 ] ::1 /think_blog/Home/Member/login
INFO: [ app_init ] --START--
INFO: Run Behavior\BuildLiteBehavior [ RunTime:0.000024s ]
INFO: [ app_init ] --END-- [ RunTime:0.000434s ]

[ 2016-10-11T16:09:27+08:00 ] ::1 /think_blog/Home/Member/getVerify
INFO: [ app_init ] --START--
INFO: Run Behavior\BuildLiteBehavior [ RunTime:0.000026s ]
INFO: [ app_init ] --END-- [ RunTime:0.000492s ]
ERR: 非法操作:getVerify

[ 2016-10-11T16:09:27+08:00 ] ::1 /think_blog/Home/Member/login
INFO: [ app_init ] --START--
INFO: Run Behavior\BuildLiteBehavior [ RunTime:0.000026s ]
INFO: [ app_init ] --END-- [ RunTime:0.000526s ]

[ 2016-10-11T16:09:27+08:00 ] ::1 /think_blog/Home/Member/getVerify
INFO: [ app_init ] --START--
INFO: Run Behavior\BuildLiteBehavior [ RunTime:0.000026s ]
INFO: [ app_init ] --END-- [ RunTime:0.000466s ]
ERR: 非法操作:getVerify

[ 2016-10-11T16:09:28+08:00 ] ::1 /think_blog/Home/Member/login
INFO: [ app_init ] --START--
INFO: Run Behavior\BuildLiteBehavior [ RunTime:0.000028s ]
INFO: [ app_init ] --END-- [ RunTime:0.000556s ]

[ 2016-10-11T16:09:28+08:00 ] ::1 /think_blog/Home/Member/getVerify
INFO: [ app_init ] --START--
INFO: Run Behavior\BuildLiteBehavior [ RunTime:0.000023s ]
INFO: [ app_init ] --END-- [ RunTime:0.000414s ]
ERR: 非法操作:getVerify

[ 2016-10-11T16:09:50+08:00 ] ::1 /think_blog/Home/Member/getVerify
INFO: [ app_init ] --START--
INFO: Run Behavior\BuildLiteBehavior [ RunTime:0.000024s ]
INFO: [ app_init ] --END-- [ RunTime:0.000441s ]
ERR: 非法操作:getVerify

[ 2016-10-11T16:11:06+08:00 ] ::1 /think_blog/Home/Member/getVerify
INFO: [ app_init ] --START--
INFO: Run Behavior\BuildLiteBehavior [ RunTime:0.000031s ]
INFO: [ app_init ] --END-- [ RunTime:0.000702s ]

[ 2016-10-11T16:11:09+08:00 ] ::1 /think_blog/Home/Member/login
INFO: [ app_init ] --START--
INFO: Run Behavior\BuildLiteBehavior [ RunTime:0.000030s ]
INFO: [ app_init ] --END-- [ RunTime:0.000591s ]

[ 2016-10-11T16:11:09+08:00 ] ::1 /think_blog/Home/Member/getVerify
INFO: [ app_init ] --START--
INFO: Run Behavior\BuildLiteBehavior [ RunTime:0.000027s ]
INFO: [ app_init ] --END-- [ RunTime:0.000480s ]

[ 2016-10-11T16:12:21+08:00 ] ::1 /think_blog/Home/Member/login
INFO: [ app_init ] --START--
INFO: Run Behavior\BuildLiteBehavior [ RunTime:0.000025s ]
INFO: [ app_init ] --END-- [ RunTime:0.000468s ]

[ 2016-10-11T16:12:21+08:00 ] ::1 /think_blog/Home/Member/getVerify
INFO: [ app_init ] --START--
INFO: Run Behavior\BuildLiteBehavior [ RunTime:0.000042s ]
INFO: [ app_init ] --END-- [ RunTime:0.000724s ]

[ 2016-10-11T16:12:34+08:00 ] ::1 /think_blog/Home/Member/login
INFO: [ app_init ] --START--
INFO: Run Behavior\BuildLiteBehavior [ RunTime:0.000038s ]
INFO: [ app_init ] --END-- [ RunTime:0.000783s ]

[ 2016-10-11T16:12:35+08:00 ] ::1 /think_blog/Home/Member/getVerify
INFO: [ app_init ] --START--
INFO: Run Behavior\BuildLiteBehavior [ RunTime:0.000027s ]
INFO: [ app_init ] --END-- [ RunTime:0.000466s ]

[ 2016-10-11T16:12:49+08:00 ] ::1 /think_blog/Home/Member/login
INFO: [ app_init ] --START--
INFO: Run Behavior\BuildLiteBehavior [ RunTime:0.000032s ]
INFO: [ app_init ] --END-- [ RunTime:0.000547s ]

[ 2016-10-11T16:12:50+08:00 ] ::1 /think_blog/Home/Member/getVerify
INFO: [ app_init ] --START--
INFO: Run Behavior\BuildLiteBehavior [ RunTime:0.000039s ]
INFO: [ app_init ] --END-- [ RunTime:0.000671s ]

[ 2016-10-11T16:13:21+08:00 ] ::1 /think_blog/Home/Member/login
INFO: [ app_init ] --START--
INFO: Run Behavior\BuildLiteBehavior [ RunTime:0.000026s ]
INFO: [ app_init ] --END-- [ RunTime:0.000483s ]

[ 2016-10-11T16:13:21+08:00 ] ::1 /think_blog/Home/Member/getVerify
INFO: [ app_init ] --START--
INFO: Run Behavior\BuildLiteBehavior [ RunTime:0.000024s ]
INFO: [ app_init ] --END-- [ RunTime:0.000417s ]

[ 2016-10-11T16:18:21+08:00 ] ::1 /think_blog/Home/Member/login
INFO: [ app_init ] --START--
INFO: Run Behavior\BuildLiteBehavior [ RunTime:0.000052s ]
INFO: [ app_init ] --END-- [ RunTime:0.000976s ]

[ 2016-10-11T16:18:21+08:00 ] ::1 /think_blog/Home/Member/getVerify
INFO: [ app_init ] --START--
INFO: Run Behavior\BuildLiteBehavior [ RunTime:0.000040s ]
INFO: [ app_init ] --END-- [ RunTime:0.000726s ]

[ 2016-10-11T16:18:58+08:00 ] ::1 /think_blog/Home/Member/login
INFO: [ app_init ] --START--
INFO: Run Behavior\BuildLiteBehavior [ RunTime:0.000031s ]
INFO: [ app_init ] --END-- [ RunTime:0.000558s ]

[ 2016-10-11T16:18:58+08:00 ] ::1 /think_blog/Home/Member/getVerify
INFO: [ app_init ] --START--
INFO: Run Behavior\BuildLiteBehavior [ RunTime:0.000046s ]
INFO: [ app_init ] --END-- [ RunTime:0.000781s ]

[ 2016-10-11T16:19:12+08:00 ] ::1 /think_blog/Home/Member/login
INFO: [ app_init ] --START--
INFO: Run Behavior\BuildLiteBehavior [ RunTime:0.000039s ]
INFO: [ app_init ] --END-- [ RunTime:0.000696s ]

[ 2016-10-11T16:19:12+08:00 ] ::1 /think_blog/Home/Member/getVerify
INFO: [ app_init ] --START--
INFO: Run Behavior\BuildLiteBehavior [ RunTime:0.000024s ]
INFO: [ app_init ] --END-- [ RunTime:0.000463s ]

[ 2016-10-11T16:19:16+08:00 ] ::1 /think_blog/Home/Member/login
INFO: [ app_init ] --START--
INFO: Run Behavior\BuildLiteBehavior [ RunTime:0.000029s ]
INFO: [ app_init ] --END-- [ RunTime:0.000585s ]

[ 2016-10-11T16:19:16+08:00 ] ::1 /think_blog/Home/Member/getVerify
INFO: [ app_init ] --START--
INFO: Run Behavior\BuildLiteBehavior [ RunTime:0.000038s ]
INFO: [ app_init ] --END-- [ RunTime:0.000634s ]

[ 2016-10-11T16:19:17+08:00 ] ::1 /think_blog/Home/Member/login
INFO: [ app_init ] --START--
INFO: Run Behavior\BuildLiteBehavior [ RunTime:0.000029s ]
INFO: [ app_init ] --END-- [ RunTime:0.000584s ]

[ 2016-10-11T16:19:17+08:00 ] ::1 /think_blog/Home/Member/getVerify
INFO: [ app_init ] --START--
INFO: Run Behavior\BuildLiteBehavior [ RunTime:0.000033s ]
INFO: [ app_init ] --END-- [ RunTime:0.000666s ]

[ 2016-10-11T16:19:28+08:00 ] ::1 /think_blog/Home/Member/login
INFO: [ app_init ] --START--
INFO: Run Behavior\BuildLiteBehavior [ RunTime:0.000032s ]
INFO: [ app_init ] --END-- [ RunTime:0.000571s ]

[ 2016-10-11T16:19:29+08:00 ] ::1 /think_blog/Home/Member/getVerify
INFO: [ app_init ] --START--
INFO: Run Behavior\BuildLiteBehavior [ RunTime:0.000025s ]
INFO: [ app_init ] --END-- [ RunTime:0.000454s ]

[ 2016-10-11T16:19:35+08:00 ] ::1 /think_blog/Home/Member/login
INFO: [ app_init ] --START--
INFO: Run Behavior\BuildLiteBehavior [ RunTime:0.000030s ]
INFO: [ app_init ] --END-- [ RunTime:0.000537s ]

[ 2016-10-11T16:19:35+08:00 ] ::1 /think_blog/Home/Member/getVerify
INFO: [ app_init ] --START--
INFO: Run Behavior\BuildLiteBehavior [ RunTime:0.000026s ]
INFO: [ app_init ] --END-- [ RunTime:0.000465s ]

[ 2016-10-11T16:20:09+08:00 ] ::1 /think_blog/Home/Member/login
INFO: [ app_init ] --START--
INFO: Run Behavior\BuildLiteBehavior [ RunTime:0.000030s ]
INFO: [ app_init ] --END-- [ RunTime:0.000589s ]

[ 2016-10-11T16:20:09+08:00 ] ::1 /think_blog/Home/Member/getVerify
INFO: [ app_init ] --START--
INFO: Run Behavior\BuildLiteBehavior [ RunTime:0.000025s ]
INFO: [ app_init ] --END-- [ RunTime:0.000423s ]

[ 2016-10-11T16:20:25+08:00 ] ::1 /think_blog/Home/Member/login
INFO: [ app_init ] --START--
INFO: Run Behavior\BuildLiteBehavior [ RunTime:0.000031s ]
INFO: [ app_init ] --END-- [ RunTime:0.001060s ]

[ 2016-10-11T16:20:25+08:00 ] ::1 /think_blog/Home/Member/getVerify
INFO: [ app_init ] --START--
INFO: Run Behavior\BuildLiteBehavior [ RunTime:0.000034s ]
INFO: [ app_init ] --END-- [ RunTime:0.000517s ]

[ 2016-10-11T16:21:26+08:00 ] ::1 /think_blog/Home/Member/login
INFO: [ app_init ] --START--
INFO: Run Behavior\BuildLiteBehavior [ RunTime:0.000028s ]
INFO: [ app_init ] --END-- [ RunTime:0.000545s ]

[ 2016-10-11T16:21:27+08:00 ] ::1 /think_blog/Home/Member/getVerify
INFO: [ app_init ] --START--
INFO: Run Behavior\BuildLiteBehavior [ RunTime:0.000039s ]
INFO: [ app_init ] --END-- [ RunTime:0.000584s ]

[ 2016-10-11T16:22:59+08:00 ] ::1 /think_blog/Home/Member/getVerify
INFO: [ app_init ] --START--
INFO: Run Behavior\BuildLiteBehavior [ RunTime:0.000023s ]
INFO: [ app_init ] --END-- [ RunTime:0.000569s ]

[ 2016-10-11T16:23:01+08:00 ] ::1 /think_blog/Home/Member/getVerify
INFO: [ app_init ] --START--
INFO: Run Behavior\BuildLiteBehavior [ RunTime:0.000030s ]
INFO: [ app_init ] --END-- [ RunTime:0.000584s ]

[ 2016-10-11T16:23:02+08:00 ] ::1 /think_blog/Home/Member/getVerify
INFO: [ app_init ] --START--
INFO: Run Behavior\BuildLiteBehavior [ RunTime:0.000025s ]
INFO: [ app_init ] --END-- [ RunTime:0.000436s ]

[ 2016-10-11T16:23:04+08:00 ] ::1 /think_blog/Home/Member/getVerify
INFO: [ app_init ] --START--
INFO: Run Behavior\BuildLiteBehavior [ RunTime:0.000029s ]
INFO: [ app_init ] --END-- [ RunTime:0.000581s ]

[ 2016-10-11T16:23:08+08:00 ] ::1 /think_blog/Home/Member/getVerify
INFO: [ app_init ] --START--
INFO: Run Behavior\BuildLiteBehavior [ RunTime:0.000029s ]
INFO: [ app_init ] --END-- [ RunTime:0.000612s ]

[ 2016-10-11T16:23:10+08:00 ] ::1 /think_blog/Home/Member/getVerify
INFO: [ app_init ] --START--
INFO: Run Behavior\BuildLiteBehavior [ RunTime:0.000028s ]
INFO: [ app_init ] --END-- [ RunTime:0.000624s ]

[ 2016-10-11T16:23:13+08:00 ] ::1 /think_blog/Home/Member/getVerify
INFO: [ app_init ] --START--
INFO: Run Behavior\BuildLiteBehavior [ RunTime:0.000029s ]
INFO: [ app_init ] --END-- [ RunTime:0.000573s ]

[ 2016-10-11T16:45:09+08:00 ] ::1 /think_blog/Home/Member/login
INFO: [ app_init ] --START--
INFO: Run Behavior\BuildLiteBehavior [ RunTime:0.000040s ]
INFO: [ app_init ] --END-- [ RunTime:0.000911s ]

[ 2016-10-11T16:45:09+08:00 ] ::1 /think_blog/Home/Member/getVerify
INFO: [ app_init ] --START--
INFO: Run Behavior\BuildLiteBehavior [ RunTime:0.000026s ]
INFO: [ app_init ] --END-- [ RunTime:0.000503s ]

[ 2016-10-11T17:38:23+08:00 ] ::1 /think_blog/Home/Member/login
INFO: [ app_init ] --START--
INFO: Run Behavior\BuildLiteBehavior [ RunTime:0.000032s ]
INFO: [ app_init ] --END-- [ RunTime:0.000686s ]

[ 2016-10-11T17:38:23+08:00 ] ::1 /think_blog/Home/Member/getVerify
INFO: [ app_init ] --START--
INFO: Run Behavior\BuildLiteBehavior [ RunTime:0.000025s ]
INFO: [ app_init ] --END-- [ RunTime:0.000518s ]

[ 2016-10-11T17:38:30+08:00 ] ::1 /think_blog/Home/Member/login
INFO: [ app_init ] --START--
INFO: Run Behavior\BuildLiteBehavior [ RunTime:0.000029s ]
INFO: [ app_init ] --END-- [ RunTime:0.000574s ]
ERR: Think\Model:login方法不存在！

[ 2016-10-11T17:39:08+08:00 ] ::1 /think_blog/Home/Member/login
INFO: [ app_init ] --START--
INFO: Run Behavior\BuildLiteBehavior [ RunTime:0.000026s ]
INFO: [ app_init ] --END-- [ RunTime:0.000516s ]

[ 2016-10-11T17:39:08+08:00 ] ::1 /think_blog/Home/Member/getVerify
INFO: [ app_init ] --START--
INFO: Run Behavior\BuildLiteBehavior [ RunTime:0.000026s ]
INFO: [ app_init ] --END-- [ RunTime:0.000465s ]

[ 2016-10-11T17:39:13+08:00 ] ::1 /think_blog/Home/Member/login
INFO: [ app_init ] --START--
INFO: Run Behavior\BuildLiteBehavior [ RunTime:0.000030s ]
INFO: [ app_init ] --END-- [ RunTime:0.000581s ]

[ 2016-10-11T17:39:13+08:00 ] ::1 /think_blog/Home/Member/getVerify
INFO: [ app_init ] --START--
INFO: Run Behavior\BuildLiteBehavior [ RunTime:0.000041s ]
INFO: [ app_init ] --END-- [ RunTime:0.000593s ]

[ 2016-10-11T17:39:34+08:00 ] ::1 /think_blog/Home/Member/login
INFO: [ app_init ] --START--
INFO: Run Behavior\BuildLiteBehavior [ RunTime:0.000043s ]
INFO: [ app_init ] --END-- [ RunTime:0.000659s ]

[ 2016-10-11T17:39:34+08:00 ] ::1 /think_blog/Home/Member/getVerify
INFO: [ app_init ] --START--
INFO: Run Behavior\BuildLiteBehavior [ RunTime:0.000038s ]
INFO: [ app_init ] --END-- [ RunTime:0.000572s ]

[ 2016-10-11T17:39:36+08:00 ] ::1 /think_blog/Home/Member/login
INFO: [ app_init ] --START--
INFO: Run Behavior\BuildLiteBehavior [ RunTime:0.000027s ]
INFO: [ app_init ] --END-- [ RunTime:0.000557s ]

[ 2016-10-11T17:39:36+08:00 ] ::1 /think_blog/Home/Member/getVerify
INFO: [ app_init ] --START--
INFO: Run Behavior\BuildLiteBehavior [ RunTime:0.000039s ]
INFO: [ app_init ] --END-- [ RunTime:0.000621s ]

[ 2016-10-11T17:39:38+08:00 ] ::1 /think_blog/Home/Member/login
INFO: [ app_init ] --START--
INFO: Run Behavior\BuildLiteBehavior [ RunTime:0.000024s ]
INFO: [ app_init ] --END-- [ RunTime:0.000540s ]

[ 2016-10-11T17:39:38+08:00 ] ::1 /think_blog/Home/Member/getVerify
INFO: [ app_init ] --START--
INFO: Run Behavior\BuildLiteBehavior [ RunTime:0.000026s ]
INFO: [ app_init ] --END-- [ RunTime:0.000469s ]

[ 2016-10-11T17:41:20+08:00 ] ::1 /think_blog/Home/Member/login
INFO: [ app_init ] --START--
INFO: Run Behavior\BuildLiteBehavior [ RunTime:0.000028s ]
INFO: [ app_init ] --END-- [ RunTime:0.000557s ]

[ 2016-10-11T17:41:20+08:00 ] ::1 /think_blog/Home/Member/getVerify
INFO: [ app_init ] --START--
INFO: Run Behavior\BuildLiteBehavior [ RunTime:0.000028s ]
INFO: [ app_init ] --END-- [ RunTime:0.000534s ]

[ 2016-10-11T17:41:21+08:00 ] ::1 /think_blog/Home/Member/login
INFO: [ app_init ] --START--
INFO: Run Behavior\BuildLiteBehavior [ RunTime:0.000038s ]
INFO: [ app_init ] --END-- [ RunTime:0.000735s ]

[ 2016-10-11T17:41:21+08:00 ] ::1 /think_blog/Home/Member/getVerify
INFO: [ app_init ] --START--
INFO: Run Behavior\BuildLiteBehavior [ RunTime:0.000025s ]
INFO: [ app_init ] --END-- [ RunTime:0.000422s ]

[ 2016-10-11T17:41:21+08:00 ] ::1 /think_blog/Home/Member/login
INFO: [ app_init ] --START--
INFO: Run Behavior\BuildLiteBehavior [ RunTime:0.000029s ]
INFO: [ app_init ] --END-- [ RunTime:0.000577s ]

[ 2016-10-11T17:41:21+08:00 ] ::1 /think_blog/Home/Member/getVerify
INFO: [ app_init ] --START--
INFO: Run Behavior\BuildLiteBehavior [ RunTime:0.000025s ]
INFO: [ app_init ] --END-- [ RunTime:0.000453s ]

[ 2016-10-11T17:41:22+08:00 ] ::1 /think_blog/Home/Member/login
INFO: [ app_init ] --START--
INFO: Run Behavior\BuildLiteBehavior [ RunTime:0.000026s ]
INFO: [ app_init ] --END-- [ RunTime:0.000463s ]

[ 2016-10-11T17:41:22+08:00 ] ::1 /think_blog/Home/Member/getVerify
INFO: [ app_init ] --START--
INFO: Run Behavior\BuildLiteBehavior [ RunTime:0.000027s ]
INFO: [ app_init ] --END-- [ RunTime:0.000733s ]

[ 2016-10-11T17:41:22+08:00 ] ::1 /think_blog/Home/Member/login
INFO: [ app_init ] --START--
INFO: Run Behavior\BuildLiteBehavior [ RunTime:0.000030s ]
INFO: [ app_init ] --END-- [ RunTime:0.000668s ]

[ 2016-10-11T17:41:22+08:00 ] ::1 /think_blog/Home/Member/getVerify
INFO: [ app_init ] --START--
INFO: Run Behavior\BuildLiteBehavior [ RunTime:0.000030s ]
INFO: [ app_init ] --END-- [ RunTime:0.000685s ]

[ 2016-10-11T17:41:22+08:00 ] ::1 /think_blog/Home/Member/login
INFO: [ app_init ] --START--
INFO: Run Behavior\BuildLiteBehavior [ RunTime:0.000024s ]
INFO: [ app_init ] --END-- [ RunTime:0.000448s ]

[ 2016-10-11T17:41:23+08:00 ] ::1 /think_blog/Home/Member/getVerify
INFO: [ app_init ] --START--
INFO: Run Behavior\BuildLiteBehavior [ RunTime:0.000037s ]
INFO: [ app_init ] --END-- [ RunTime:0.000530s ]

[ 2016-10-11T17:41:39+08:00 ] ::1 /think_blog/Home/Member/login
INFO: [ app_init ] --START--
INFO: Run Behavior\BuildLiteBehavior [ RunTime:0.000030s ]
INFO: [ app_init ] --END-- [ RunTime:0.000691s ]

[ 2016-10-11T17:41:39+08:00 ] ::1 /think_blog/Home/Member/getVerify
INFO: [ app_init ] --START--
INFO: Run Behavior\BuildLiteBehavior [ RunTime:0.000032s ]
INFO: [ app_init ] --END-- [ RunTime:0.000730s ]

[ 2016-10-11T17:41:39+08:00 ] ::1 /think_blog/Home/Member/login
INFO: [ app_init ] --START--
INFO: Run Behavior\BuildLiteBehavior [ RunTime:0.000030s ]
INFO: [ app_init ] --END-- [ RunTime:0.000575s ]

[ 2016-10-11T17:41:39+08:00 ] ::1 /think_blog/Home/Member/getVerify
INFO: [ app_init ] --START--
INFO: Run Behavior\BuildLiteBehavior [ RunTime:0.000024s ]
INFO: [ app_init ] --END-- [ RunTime:0.000428s ]

[ 2016-10-11T17:41:46+08:00 ] ::1 /think_blog/Home/Member/login
INFO: [ app_init ] --START--
INFO: Run Behavior\BuildLiteBehavior [ RunTime:0.000028s ]
INFO: [ app_init ] --END-- [ RunTime:0.000572s ]

[ 2016-10-11T17:41:47+08:00 ] ::1 /think_blog/Home/Member/getVerify
INFO: [ app_init ] --START--
INFO: Run Behavior\BuildLiteBehavior [ RunTime:0.000026s ]
INFO: [ app_init ] --END-- [ RunTime:0.000463s ]

[ 2016-10-11T17:41:47+08:00 ] ::1 /think_blog/Home/Member/login
INFO: [ app_init ] --START--
INFO: Run Behavior\BuildLiteBehavior [ RunTime:0.000048s ]
INFO: [ app_init ] --END-- [ RunTime:0.000854s ]

[ 2016-10-11T17:41:47+08:00 ] ::1 /think_blog/Home/Member/getVerify
INFO: [ app_init ] --START--
INFO: Run Behavior\BuildLiteBehavior [ RunTime:0.000038s ]
INFO: [ app_init ] --END-- [ RunTime:0.000623s ]

[ 2016-10-11T17:41:48+08:00 ] ::1 /think_blog/Home/Member/login
INFO: [ app_init ] --START--
INFO: Run Behavior\BuildLiteBehavior [ RunTime:0.000027s ]
INFO: [ app_init ] --END-- [ RunTime:0.000666s ]

[ 2016-10-11T17:41:48+08:00 ] ::1 /think_blog/Home/Member/getVerify
INFO: [ app_init ] --START--
INFO: Run Behavior\BuildLiteBehavior [ RunTime:0.000024s ]
INFO: [ app_init ] --END-- [ RunTime:0.000421s ]

[ 2016-10-11T17:41:48+08:00 ] ::1 /think_blog/Home/Member/login
INFO: [ app_init ] --START--
INFO: Run Behavior\BuildLiteBehavior [ RunTime:0.000029s ]
INFO: [ app_init ] --END-- [ RunTime:0.000570s ]

[ 2016-10-11T17:41:48+08:00 ] ::1 /think_blog/Home/Member/getVerify
INFO: [ app_init ] --START--
INFO: Run Behavior\BuildLiteBehavior [ RunTime:0.000026s ]
INFO: [ app_init ] --END-- [ RunTime:0.000488s ]

[ 2016-10-11T17:42:01+08:00 ] ::1 /think_blog/Home/Member/login
INFO: [ app_init ] --START--
INFO: Run Behavior\BuildLiteBehavior [ RunTime:0.000028s ]
INFO: [ app_init ] --END-- [ RunTime:0.000583s ]

[ 2016-10-11T17:42:01+08:00 ] ::1 /think_blog/Home/Member/getVerify
INFO: [ app_init ] --START--
INFO: Run Behavior\BuildLiteBehavior [ RunTime:0.000044s ]
INFO: [ app_init ] --END-- [ RunTime:0.001260s ]

[ 2016-10-11T17:42:15+08:00 ] ::1 /think_blog/Home/Member/login
INFO: [ app_init ] --START--
INFO: Run Behavior\BuildLiteBehavior [ RunTime:0.000028s ]
INFO: [ app_init ] --END-- [ RunTime:0.000583s ]

[ 2016-10-11T17:42:15+08:00 ] ::1 /think_blog/Home/Member/getVerify
INFO: [ app_init ] --START--
INFO: Run Behavior\BuildLiteBehavior [ RunTime:0.000025s ]
INFO: [ app_init ] --END-- [ RunTime:0.000422s ]

[ 2016-10-11T17:42:17+08:00 ] ::1 /think_blog/Home/Member/login
INFO: [ app_init ] --START--
INFO: Run Behavior\BuildLiteBehavior [ RunTime:0.000029s ]
INFO: [ app_init ] --END-- [ RunTime:0.000577s ]

[ 2016-10-11T17:42:17+08:00 ] ::1 /think_blog/Home/Member/getVerify
INFO: [ app_init ] --START--
INFO: Run Behavior\BuildLiteBehavior [ RunTime:0.000025s ]
INFO: [ app_init ] --END-- [ RunTime:0.000441s ]

[ 2016-10-11T17:42:18+08:00 ] ::1 /think_blog/Home/Member/login
INFO: [ app_init ] --START--
INFO: Run Behavior\BuildLiteBehavior [ RunTime:0.000027s ]
INFO: [ app_init ] --END-- [ RunTime:0.000574s ]

[ 2016-10-11T17:42:19+08:00 ] ::1 /think_blog/Home/Member/getVerify
INFO: [ app_init ] --START--
INFO: Run Behavior\BuildLiteBehavior [ RunTime:0.000026s ]
INFO: [ app_init ] --END-- [ RunTime:0.000482s ]

[ 2016-10-11T17:42:24+08:00 ] ::1 /think_blog/Home/Member/login
INFO: [ app_init ] --START--
INFO: Run Behavior\BuildLiteBehavior [ RunTime:0.000039s ]
INFO: [ app_init ] --END-- [ RunTime:0.000679s ]

[ 2016-10-11T17:42:24+08:00 ] ::1 /think_blog/Home/Member/getVerify
INFO: [ app_init ] --START--
INFO: Run Behavior\BuildLiteBehavior [ RunTime:0.000041s ]
INFO: [ app_init ] --END-- [ RunTime:0.000694s ]

[ 2016-10-11T17:42:36+08:00 ] ::1 /think_blog/Home/Member/login
INFO: [ app_init ] --START--
INFO: Run Behavior\BuildLiteBehavior [ RunTime:0.000028s ]
INFO: [ app_init ] --END-- [ RunTime:0.000585s ]

[ 2016-10-11T17:42:36+08:00 ] ::1 /think_blog/Home/Member/getVerify
INFO: [ app_init ] --START--
INFO: Run Behavior\BuildLiteBehavior [ RunTime:0.000028s ]
INFO: [ app_init ] --END-- [ RunTime:0.000525s ]

[ 2016-10-11T17:42:40+08:00 ] ::1 /think_blog/Home/Member/login
INFO: [ app_init ] --START--
INFO: Run Behavior\BuildLiteBehavior [ RunTime:0.000039s ]
INFO: [ app_init ] --END-- [ RunTime:0.000432s ]

[ 2016-10-11T17:42:40+08:00 ] ::1 /think_blog/Home/Member/getVerify
INFO: [ app_init ] --START--
INFO: Run Behavior\BuildLiteBehavior [ RunTime:0.000028s ]
INFO: [ app_init ] --END-- [ RunTime:0.000500s ]

[ 2016-10-11T17:43:36+08:00 ] ::1 /think_blog/Home/Member/login
INFO: [ app_init ] --START--
INFO: Run Behavior\BuildLiteBehavior [ RunTime:0.000039s ]
INFO: [ app_init ] --END-- [ RunTime:0.000679s ]

[ 2016-10-11T17:43:36+08:00 ] ::1 /think_blog/Home/Member/getVerify
INFO: [ app_init ] --START--
INFO: Run Behavior\BuildLiteBehavior [ RunTime:0.000024s ]
INFO: [ app_init ] --END-- [ RunTime:0.000487s ]

[ 2016-10-11T17:43:40+08:00 ] ::1 /think_blog/Home/Member/login
INFO: [ app_init ] --START--
INFO: Run Behavior\BuildLiteBehavior [ RunTime:0.000031s ]
INFO: [ app_init ] --END-- [ RunTime:0.000713s ]

[ 2016-10-11T17:43:40+08:00 ] ::1 /think_blog/Home/Member/getVerify
INFO: [ app_init ] --START--
INFO: Run Behavior\BuildLiteBehavior [ RunTime:0.000025s ]
INFO: [ app_init ] --END-- [ RunTime:0.000452s ]

[ 2016-10-11T17:43:45+08:00 ] ::1 /think_blog/Home/Member/login
INFO: [ app_init ] --START--
INFO: Run Behavior\BuildLiteBehavior [ RunTime:0.000029s ]
INFO: [ app_init ] --END-- [ RunTime:0.000606s ]

[ 2016-10-11T17:43:45+08:00 ] ::1 /think_blog/Home/Member/getVerify
INFO: [ app_init ] --START--
INFO: Run Behavior\BuildLiteBehavior [ RunTime:0.000025s ]
INFO: [ app_init ] --END-- [ RunTime:0.000523s ]

[ 2016-10-11T17:44:15+08:00 ] ::1 /think_blog/Home/Member/login
INFO: [ app_init ] --START--
INFO: Run Behavior\BuildLiteBehavior [ RunTime:0.000030s ]
INFO: [ app_init ] --END-- [ RunTime:0.000620s ]

[ 2016-10-11T17:44:15+08:00 ] ::1 /think_blog/Home/Member/getVerify
INFO: [ app_init ] --START--
INFO: Run Behavior\BuildLiteBehavior [ RunTime:0.000026s ]
INFO: [ app_init ] --END-- [ RunTime:0.000449s ]

[ 2016-10-11T17:44:20+08:00 ] ::1 /think_blog/Home/Member/login
INFO: [ app_init ] --START--
INFO: Run Behavior\BuildLiteBehavior [ RunTime:0.000024s ]
INFO: [ app_init ] --END-- [ RunTime:0.000516s ]

[ 2016-10-11T17:44:21+08:00 ] ::1 /think_blog/Home/Member/getVerify
INFO: [ app_init ] --START--
INFO: Run Behavior\BuildLiteBehavior [ RunTime:0.000040s ]
INFO: [ app_init ] --END-- [ RunTime:0.000528s ]

[ 2016-10-11T17:44:36+08:00 ] ::1 /think_blog/Home/Member/login
INFO: [ app_init ] --START--
INFO: Run Behavior\BuildLiteBehavior [ RunTime:0.000029s ]
INFO: [ app_init ] --END-- [ RunTime:0.000575s ]

[ 2016-10-11T17:44:37+08:00 ] ::1 /think_blog/Home/Member/getVerify
INFO: [ app_init ] --START--
INFO: Run Behavior\BuildLiteBehavior [ RunTime:0.000024s ]
INFO: [ app_init ] --END-- [ RunTime:0.000425s ]

[ 2016-10-11T17:44:59+08:00 ] ::1 /think_blog/Home/Member/login
INFO: [ app_init ] --START--
INFO: Run Behavior\BuildLiteBehavior [ RunTime:0.000028s ]
INFO: [ app_init ] --END-- [ RunTime:0.000594s ]

[ 2016-10-11T17:44:59+08:00 ] ::1 /think_blog/Home/Member/getVerify
INFO: [ app_init ] --START--
INFO: Run Behavior\BuildLiteBehavior [ RunTime:0.000025s ]
INFO: [ app_init ] --END-- [ RunTime:0.000418s ]

[ 2016-10-11T17:45:03+08:00 ] ::1 /think_blog/Home/Member/login
INFO: [ app_init ] --START--
INFO: Run Behavior\BuildLiteBehavior [ RunTime:0.000033s ]
INFO: [ app_init ] --END-- [ RunTime:0.000557s ]

[ 2016-10-11T17:45:03+08:00 ] ::1 /think_blog/Home/Member/getVerify
INFO: [ app_init ] --START--
INFO: Run Behavior\BuildLiteBehavior [ RunTime:0.000026s ]
INFO: [ app_init ] --END-- [ RunTime:0.000450s ]

[ 2016-10-11T17:45:04+08:00 ] ::1 /think_blog/Home/Member/login
INFO: [ app_init ] --START--
INFO: Run Behavior\BuildLiteBehavior [ RunTime:0.000027s ]
INFO: [ app_init ] --END-- [ RunTime:0.000467s ]

[ 2016-10-11T17:45:05+08:00 ] ::1 /think_blog/Home/Member/getVerify
INFO: [ app_init ] --START--
INFO: Run Behavior\BuildLiteBehavior [ RunTime:0.000038s ]
INFO: [ app_init ] --END-- [ RunTime:0.000649s ]

[ 2016-10-11T17:45:08+08:00 ] ::1 /think_blog/Home/Member/login
INFO: [ app_init ] --START--
INFO: Run Behavior\BuildLiteBehavior [ RunTime:0.000028s ]
INFO: [ app_init ] --END-- [ RunTime:0.000492s ]

[ 2016-10-11T17:45:08+08:00 ] ::1 /think_blog/Home/Member/getVerify
INFO: [ app_init ] --START--
INFO: Run Behavior\BuildLiteBehavior [ RunTime:0.000048s ]
INFO: [ app_init ] --END-- [ RunTime:0.000954s ]

[ 2016-10-11T17:52:14+08:00 ] ::1 /think_blog/Home/Member/login
INFO: [ app_init ] --START--
INFO: Run Behavior\BuildLiteBehavior [ RunTime:0.000029s ]
INFO: [ app_init ] --END-- [ RunTime:0.000627s ]

[ 2016-10-11T17:52:14+08:00 ] ::1 /think_blog/Home/Member/getVerify
INFO: [ app_init ] --START--
INFO: Run Behavior\BuildLiteBehavior [ RunTime:0.000042s ]
INFO: [ app_init ] --END-- [ RunTime:0.000840s ]

[ 2016-10-11T17:52:53+08:00 ] ::1 /think_blog/Home/Member/login
INFO: [ app_init ] --START--
INFO: Run Behavior\BuildLiteBehavior [ RunTime:0.000024s ]
INFO: [ app_init ] --END-- [ RunTime:0.000548s ]

[ 2016-10-11T17:52:56+08:00 ] ::1 /think_blog/Home/Member/login
INFO: [ app_init ] --START--
INFO: Run Behavior\BuildLiteBehavior [ RunTime:0.000030s ]
INFO: [ app_init ] --END-- [ RunTime:0.000622s ]

[ 2016-10-11T17:52:58+08:00 ] ::1 /think_blog/Home/Member/login
INFO: [ app_init ] --START--
INFO: Run Behavior\BuildLiteBehavior [ RunTime:0.000028s ]
INFO: [ app_init ] --END-- [ RunTime:0.000584s ]

[ 2016-10-11T17:52:58+08:00 ] ::1 /think_blog/Home/Member/getVerify
INFO: [ app_init ] --START--
INFO: Run Behavior\BuildLiteBehavior [ RunTime:0.000026s ]
INFO: [ app_init ] --END-- [ RunTime:0.000462s ]

[ 2016-10-11T17:53:08+08:00 ] ::1 /think_blog/Home/Member/login
INFO: [ app_init ] --START--
INFO: Run Behavior\BuildLiteBehavior [ RunTime:0.000033s ]
INFO: [ app_init ] --END-- [ RunTime:0.000568s ]

[ 2016-10-11T17:53:08+08:00 ] ::1 /think_blog/Home/Member/getVerify
INFO: [ app_init ] --START--
INFO: Run Behavior\BuildLiteBehavior [ RunTime:0.000026s ]
INFO: [ app_init ] --END-- [ RunTime:0.000434s ]

[ 2016-10-11T17:53:33+08:00 ] ::1 /think_blog/Home/Member/login
INFO: [ app_init ] --START--
INFO: Run Behavior\BuildLiteBehavior [ RunTime:0.000029s ]
INFO: [ app_init ] --END-- [ RunTime:0.000579s ]

[ 2016-10-11T17:53:33+08:00 ] ::1 /think_blog/Home/Member/getVerify
INFO: [ app_init ] --START--
INFO: Run Behavior\BuildLiteBehavior [ RunTime:0.000039s ]
INFO: [ app_init ] --END-- [ RunTime:0.000670s ]

[ 2016-10-11T17:54:01+08:00 ] ::1 /think_blog/Home/Member/login
INFO: [ app_init ] --START--
INFO: Run Behavior\BuildLiteBehavior [ RunTime:0.000029s ]
INFO: [ app_init ] --END-- [ RunTime:0.000583s ]

[ 2016-10-11T17:54:02+08:00 ] ::1 /think_blog/Home/Member/getVerify
INFO: [ app_init ] --START--
INFO: Run Behavior\BuildLiteBehavior [ RunTime:0.000027s ]
INFO: [ app_init ] --END-- [ RunTime:0.000471s ]

[ 2016-10-11T17:54:04+08:00 ] ::1 /think_blog/Home/Member/login
INFO: [ app_init ] --START--
INFO: Run Behavior\BuildLiteBehavior [ RunTime:0.000028s ]
INFO: [ app_init ] --END-- [ RunTime:0.000527s ]

[ 2016-10-11T17:54:04+08:00 ] ::1 /think_blog/Home/Member/getVerify
INFO: [ app_init ] --START--
INFO: Run Behavior\BuildLiteBehavior [ RunTime:0.000038s ]
INFO: [ app_init ] --END-- [ RunTime:0.000631s ]

[ 2016-10-11T17:54:22+08:00 ] ::1 /think_blog/Home/Member/login
INFO: [ app_init ] --START--
INFO: Run Behavior\BuildLiteBehavior [ RunTime:0.000030s ]
INFO: [ app_init ] --END-- [ RunTime:0.000607s ]

[ 2016-10-11T17:54:22+08:00 ] ::1 /think_blog/Home/Member/getVerify
INFO: [ app_init ] --START--
INFO: Run Behavior\BuildLiteBehavior [ RunTime:0.000025s ]
INFO: [ app_init ] --END-- [ RunTime:0.000453s ]

[ 2016-10-11T17:54:25+08:00 ] ::1 /think_blog/Home/Member/login
INFO: [ app_init ] --START--
INFO: Run Behavior\BuildLiteBehavior [ RunTime:0.000029s ]
INFO: [ app_init ] --END-- [ RunTime:0.000600s ]

[ 2016-10-11T17:54:25+08:00 ] ::1 /think_blog/Home/Member/getVerify
INFO: [ app_init ] --START--
INFO: Run Behavior\BuildLiteBehavior [ RunTime:0.000027s ]
INFO: [ app_init ] --END-- [ RunTime:0.000495s ]

[ 2016-10-11T17:54:34+08:00 ] ::1 /think_blog/Home/Member/login
INFO: [ app_init ] --START--
INFO: Run Behavior\BuildLiteBehavior [ RunTime:0.000029s ]
INFO: [ app_init ] --END-- [ RunTime:0.000559s ]

[ 2016-10-11T17:54:34+08:00 ] ::1 /think_blog/Home/Member/getVerify
INFO: [ app_init ] --START--
INFO: Run Behavior\BuildLiteBehavior [ RunTime:0.000041s ]
INFO: [ app_init ] --END-- [ RunTime:0.000596s ]

[ 2016-10-11T17:58:54+08:00 ] ::1 /think_blog/Home/Member/login
INFO: [ app_init ] --START--
INFO: Run Behavior\BuildLiteBehavior [ RunTime:0.000023s ]
INFO: [ app_init ] --END-- [ RunTime:0.000629s ]

[ 2016-10-11T17:58:54+08:00 ] ::1 /think_blog/Home/Member/getVerify
INFO: [ app_init ] --START--
INFO: Run Behavior\BuildLiteBehavior [ RunTime:0.000044s ]
INFO: [ app_init ] --END-- [ RunTime:0.000711s ]

[ 2016-10-11T22:52:44+08:00 ] 127.0.0.1 /think_blog/Home/Member/login
INFO: [ app_init ] --START--
INFO: Run Behavior\BuildLiteBehavior [ RunTime:0.000000s ]
INFO: [ app_init ] --END-- [ RunTime:0.008000s ]

[ 2016-10-11T22:52:45+08:00 ] 127.0.0.1 /think_blog/Home/Member/getVerify
INFO: [ app_init ] --START--
INFO: Run Behavior\BuildLiteBehavior [ RunTime:0.000000s ]
INFO: [ app_init ] --END-- [ RunTime:0.002000s ]

[ 2016-10-11T22:53:10+08:00 ] 127.0.0.1 /think_blog/Home/Member/login
INFO: [ app_init ] --START--
INFO: Run Behavior\BuildLiteBehavior [ RunTime:0.000000s ]
INFO: [ app_init ] --END-- [ RunTime:0.001000s ]

[ 2016-10-11T22:53:10+08:00 ] 127.0.0.1 /think_blog/Home/Member/getVerify
INFO: [ app_init ] --START--
INFO: Run Behavior\BuildLiteBehavior [ RunTime:0.000000s ]
INFO: [ app_init ] --END-- [ RunTime:0.002000s ]

[ 2016-10-11T22:53:58+08:00 ] 127.0.0.1 /think_blog/Home/Member/login
INFO: [ app_init ] --START--
INFO: Run Behavior\BuildLiteBehavior [ RunTime:0.000000s ]
INFO: [ app_init ] --END-- [ RunTime:0.002000s ]

[ 2016-10-11T22:53:58+08:00 ] 127.0.0.1 /think_blog/Home/Member/getVerify
INFO: [ app_init ] --START--
INFO: Run Behavior\BuildLiteBehavior [ RunTime:0.000000s ]
INFO: [ app_init ] --END-- [ RunTime:0.001000s ]

[ 2016-10-11T22:53:59+08:00 ] 127.0.0.1 /think_blog/Home/Member/getVerify
INFO: [ app_init ] --START--
INFO: Run Behavior\BuildLiteBehavior [ RunTime:0.000000s ]
INFO: [ app_init ] --END-- [ RunTime:0.002000s ]

[ 2016-10-11T22:54:00+08:00 ] 127.0.0.1 /think_blog/Home/Member/getVerify
INFO: [ app_init ] --START--
INFO: Run Behavior\BuildLiteBehavior [ RunTime:0.000000s ]
INFO: [ app_init ] --END-- [ RunTime:0.001000s ]

[ 2016-10-11T22:59:55+08:00 ] 127.0.0.1 /think_blog/Home/Member/login
INFO: [ app_init ] --START--
INFO: Run Behavior\BuildLiteBehavior [ RunTime:0.000000s ]
INFO: [ app_init ] --END-- [ RunTime:0.001000s ]

[ 2016-10-11T22:59:55+08:00 ] 127.0.0.1 /think_blog/Home/Member/getVerify
INFO: [ app_init ] --START--
INFO: Run Behavior\BuildLiteBehavior [ RunTime:0.000000s ]
INFO: [ app_init ] --END-- [ RunTime:0.001000s ]

[ 2016-10-11T22:59:56+08:00 ] 127.0.0.1 /think_blog/Home/Member/getVerify?rnd=0.44438997912220657
INFO: [ app_init ] --START--
INFO: Run Behavior\BuildLiteBehavior [ RunTime:0.000000s ]
INFO: [ app_init ] --END-- [ RunTime:0.001000s ]

[ 2016-10-11T22:59:58+08:00 ] 127.0.0.1 /think_blog/Home/Member/getVerify?rnd=0.13471193378791213
INFO: [ app_init ] --START--
INFO: Run Behavior\BuildLiteBehavior [ RunTime:0.000000s ]
INFO: [ app_init ] --END-- [ RunTime:0.001000s ]

[ 2016-10-11T22:59:58+08:00 ] 127.0.0.1 /think_blog/Home/Member/getVerify?rnd=0.3020815474446863
INFO: [ app_init ] --START--
INFO: Run Behavior\BuildLiteBehavior [ RunTime:0.000000s ]
INFO: [ app_init ] --END-- [ RunTime:0.001000s ]

[ 2016-10-11T23:04:13+08:00 ] 127.0.0.1 /think_blog/Home/Member/login
INFO: [ app_init ] --START--
INFO: Run Behavior\BuildLiteBehavior [ RunTime:0.000000s ]
INFO: [ app_init ] --END-- [ RunTime:0.001000s ]

[ 2016-10-11T23:04:13+08:00 ] 127.0.0.1 /think_blog/Home/Member/getVerify
INFO: [ app_init ] --START--
INFO: Run Behavior\BuildLiteBehavior [ RunTime:0.000000s ]
INFO: [ app_init ] --END-- [ RunTime:0.002000s ]

[ 2016-10-11T23:04:15+08:00 ] 127.0.0.1 /think_blog/Home/Member/getVerify?rnd=0.32627581572160125
INFO: [ app_init ] --START--
INFO: Run Behavior\BuildLiteBehavior [ RunTime:0.000000s ]
INFO: [ app_init ] --END-- [ RunTime:0.001000s ]

[ 2016-10-11T23:04:15+08:00 ] 127.0.0.1 /think_blog/Home/Member/getVerify?rnd=0.8370262423995882
INFO: [ app_init ] --START--
INFO: Run Behavior\BuildLiteBehavior [ RunTime:0.000000s ]
INFO: [ app_init ] --END-- [ RunTime:0.001000s ]

[ 2016-10-11T23:05:27+08:00 ] 127.0.0.1 /think_blog/Home/Member/login
INFO: [ app_init ] --START--
INFO: Run Behavior\BuildLiteBehavior [ RunTime:0.000000s ]
INFO: [ app_init ] --END-- [ RunTime:0.001000s ]

[ 2016-10-11T23:05:27+08:00 ] 127.0.0.1 /think_blog/Home/Member/getVerify
INFO: [ app_init ] --START--
INFO: Run Behavior\BuildLiteBehavior [ RunTime:0.000000s ]
INFO: [ app_init ] --END-- [ RunTime:0.003001s ]

[ 2016-10-11T23:05:28+08:00 ] 127.0.0.1 /think_blog/Home/Member/login
INFO: [ app_init ] --START--
INFO: Run Behavior\BuildLiteBehavior [ RunTime:0.000000s ]
INFO: [ app_init ] --END-- [ RunTime:0.001000s ]

[ 2016-10-11T23:05:28+08:00 ] 127.0.0.1 /think_blog/Home/Member/getVerify
INFO: [ app_init ] --START--
INFO: Run Behavior\BuildLiteBehavior [ RunTime:0.000000s ]
INFO: [ app_init ] --END-- [ RunTime:0.002001s ]

[ 2016-10-11T23:05:30+08:00 ] 127.0.0.1 /think_blog/Home/Member/login
INFO: [ app_init ] --START--
INFO: Run Behavior\BuildLiteBehavior [ RunTime:0.000000s ]
INFO: [ app_init ] --END-- [ RunTime:0.001000s ]

[ 2016-10-11T23:05:30+08:00 ] 127.0.0.1 /think_blog/Home/Member/getVerify
INFO: [ app_init ] --START--
INFO: Run Behavior\BuildLiteBehavior [ RunTime:0.001000s ]
INFO: [ app_init ] --END-- [ RunTime:0.002000s ]

[ 2016-10-11T23:05:30+08:00 ] 127.0.0.1 /think_blog/Home/Member/login
INFO: [ app_init ] --START--
INFO: Run Behavior\BuildLiteBehavior [ RunTime:0.000000s ]
INFO: [ app_init ] --END-- [ RunTime:0.001000s ]

[ 2016-10-11T23:05:31+08:00 ] 127.0.0.1 /think_blog/Home/Member/getVerify
INFO: [ app_init ] --START--
INFO: Run Behavior\BuildLiteBehavior [ RunTime:0.000000s ]
INFO: [ app_init ] --END-- [ RunTime:0.001000s ]

[ 2016-10-11T23:05:38+08:00 ] 127.0.0.1 /think_blog/Home/Member/login
INFO: [ app_init ] --START--
INFO: Run Behavior\BuildLiteBehavior [ RunTime:0.000000s ]
INFO: [ app_init ] --END-- [ RunTime:0.002000s ]

[ 2016-10-11T23:05:38+08:00 ] 127.0.0.1 /think_blog/Home/Member/getVerify
INFO: [ app_init ] --START--
INFO: Run Behavior\BuildLiteBehavior [ RunTime:0.000000s ]
INFO: [ app_init ] --END-- [ RunTime:0.001000s ]

[ 2016-10-11T23:05:40+08:00 ] 127.0.0.1 /think_blog/Home/Member/getVerify?rnd=0.5369573275092989
INFO: [ app_init ] --START--
INFO: Run Behavior\BuildLiteBehavior [ RunTime:0.000000s ]
INFO: [ app_init ] --END-- [ RunTime:0.002000s ]

[ 2016-10-11T23:12:06+08:00 ] 127.0.0.1 /think_blog/Home/Member/login
INFO: [ app_init ] --START--
INFO: Run Behavior\BuildLiteBehavior [ RunTime:0.000000s ]
INFO: [ app_init ] --END-- [ RunTime:0.001000s ]

[ 2016-10-11T23:12:06+08:00 ] 127.0.0.1 /think_blog/Home/Member/getVerify
INFO: [ app_init ] --START--
INFO: Run Behavior\BuildLiteBehavior [ RunTime:0.001000s ]
INFO: [ app_init ] --END-- [ RunTime:0.002000s ]

[ 2016-10-11T23:12:39+08:00 ] 127.0.0.1 /think_blog/Home/Member/login
INFO: [ app_init ] --START--
INFO: Run Behavior\BuildLiteBehavior [ RunTime:0.000000s ]
INFO: [ app_init ] --END-- [ RunTime:0.001000s ]

[ 2016-10-11T23:12:40+08:00 ] 127.0.0.1 /think_blog/Home/Member/getVerify
INFO: [ app_init ] --START--
INFO: Run Behavior\BuildLiteBehavior [ RunTime:0.000000s ]
INFO: [ app_init ] --END-- [ RunTime:0.002000s ]

[ 2016-10-11T23:12:41+08:00 ] 127.0.0.1 /think_blog/Home/Member/login
INFO: [ app_init ] --START--
INFO: Run Behavior\BuildLiteBehavior [ RunTime:0.000000s ]
INFO: [ app_init ] --END-- [ RunTime:0.002001s ]

[ 2016-10-11T23:12:41+08:00 ] 127.0.0.1 /think_blog/Home/Member/getVerify
INFO: [ app_init ] --START--
INFO: Run Behavior\BuildLiteBehavior [ RunTime:0.000000s ]
INFO: [ app_init ] --END-- [ RunTime:0.001000s ]

[ 2016-10-11T23:13:10+08:00 ] 127.0.0.1 /think_blog/Home/Member/login
INFO: [ app_init ] --START--
INFO: Run Behavior\BuildLiteBehavior [ RunTime:0.000000s ]
INFO: [ app_init ] --END-- [ RunTime:0.001000s ]

[ 2016-10-11T23:13:10+08:00 ] 127.0.0.1 /think_blog/Home/Member/getVerify
INFO: [ app_init ] --START--
INFO: Run Behavior\BuildLiteBehavior [ RunTime:0.000000s ]
INFO: [ app_init ] --END-- [ RunTime:0.001000s ]

[ 2016-10-11T23:13:11+08:00 ] 127.0.0.1 /think_blog/Home/Member/login
INFO: [ app_init ] --START--
INFO: Run Behavior\BuildLiteBehavior [ RunTime:0.000000s ]
INFO: [ app_init ] --END-- [ RunTime:0.001000s ]

[ 2016-10-11T23:13:11+08:00 ] 127.0.0.1 /think_blog/Home/Member/getVerify
INFO: [ app_init ] --START--
INFO: Run Behavior\BuildLiteBehavior [ RunTime:0.000000s ]
INFO: [ app_init ] --END-- [ RunTime:0.002000s ]

[ 2016-10-11T23:13:17+08:00 ] 127.0.0.1 /think_blog/Home/Member/login
INFO: [ app_init ] --START--
INFO: Run Behavior\BuildLiteBehavior [ RunTime:0.000000s ]
INFO: [ app_init ] --END-- [ RunTime:0.002000s ]

[ 2016-10-11T23:13:18+08:00 ] 127.0.0.1 /think_blog/Home/Member/getVerify
INFO: [ app_init ] --START--
INFO: Run Behavior\BuildLiteBehavior [ RunTime:0.001000s ]
INFO: [ app_init ] --END-- [ RunTime:0.001000s ]

[ 2016-10-11T23:13:19+08:00 ] 127.0.0.1 /think_blog/Home/Member/login
INFO: [ app_init ] --START--
INFO: Run Behavior\BuildLiteBehavior [ RunTime:0.000000s ]
INFO: [ app_init ] --END-- [ RunTime:0.001000s ]

[ 2016-10-11T23:13:19+08:00 ] 127.0.0.1 /think_blog/Home/Member/getVerify
INFO: [ app_init ] --START--
INFO: Run Behavior\BuildLiteBehavior [ RunTime:0.000000s ]
INFO: [ app_init ] --END-- [ RunTime:0.001000s ]

[ 2016-10-11T23:13:20+08:00 ] 127.0.0.1 /think_blog/Home/Member/login
INFO: [ app_init ] --START--
INFO: Run Behavior\BuildLiteBehavior [ RunTime:0.000000s ]
INFO: [ app_init ] --END-- [ RunTime:0.001000s ]

[ 2016-10-11T23:13:20+08:00 ] 127.0.0.1 /think_blog/Home/Member/getVerify
INFO: [ app_init ] --START--
INFO: Run Behavior\BuildLiteBehavior [ RunTime:0.000000s ]
INFO: [ app_init ] --END-- [ RunTime:0.003001s ]

[ 2016-10-11T23:13:28+08:00 ] 127.0.0.1 /think_blog/Home/Member/login
INFO: [ app_init ] --START--
INFO: Run Behavior\BuildLiteBehavior [ RunTime:0.000000s ]
INFO: [ app_init ] --END-- [ RunTime:0.001000s ]

[ 2016-10-11T23:13:28+08:00 ] 127.0.0.1 /think_blog/Home/Member/getVerify
INFO: [ app_init ] --START--
INFO: Run Behavior\BuildLiteBehavior [ RunTime:0.000000s ]
INFO: [ app_init ] --END-- [ RunTime:0.001000s ]

[ 2016-10-11T23:13:43+08:00 ] 127.0.0.1 /think_blog/Home/Member/login
INFO: [ app_init ] --START--
INFO: Run Behavior\BuildLiteBehavior [ RunTime:0.000000s ]
INFO: [ app_init ] --END-- [ RunTime:0.001000s ]

[ 2016-10-11T23:13:43+08:00 ] 127.0.0.1 /think_blog/Home/Member/getVerify
INFO: [ app_init ] --START--
INFO: Run Behavior\BuildLiteBehavior [ RunTime:0.000000s ]
INFO: [ app_init ] --END-- [ RunTime:0.002000s ]

[ 2016-10-11T23:13:52+08:00 ] 127.0.0.1 /think_blog/Home/Member/login
INFO: [ app_init ] --START--
INFO: Run Behavior\BuildLiteBehavior [ RunTime:0.001000s ]
INFO: [ app_init ] --END-- [ RunTime:0.001000s ]

[ 2016-10-11T23:13:52+08:00 ] 127.0.0.1 /think_blog/Home/Member/getVerify
INFO: [ app_init ] --START--
INFO: Run Behavior\BuildLiteBehavior [ RunTime:0.000000s ]
INFO: [ app_init ] --END-- [ RunTime:0.002000s ]

[ 2016-10-11T23:14:37+08:00 ] 127.0.0.1 /think_blog/Home/Member/login
INFO: [ app_init ] --START--
INFO: Run Behavior\BuildLiteBehavior [ RunTime:0.000000s ]
INFO: [ app_init ] --END-- [ RunTime:0.001000s ]

[ 2016-10-11T23:14:38+08:00 ] 127.0.0.1 /think_blog/Home/Member/getVerify
INFO: [ app_init ] --START--
INFO: Run Behavior\BuildLiteBehavior [ RunTime:0.000000s ]
INFO: [ app_init ] --END-- [ RunTime:0.001000s ]

[ 2016-10-11T23:16:18+08:00 ] 127.0.0.1 /think_blog/Home/Member/login
INFO: [ app_init ] --START--
INFO: Run Behavior\BuildLiteBehavior [ RunTime:0.000000s ]
INFO: [ app_init ] --END-- [ RunTime:0.001001s ]

[ 2016-10-11T23:16:18+08:00 ] 127.0.0.1 /think_blog/Home/Member/getVerify
INFO: [ app_init ] --START--
INFO: Run Behavior\BuildLiteBehavior [ RunTime:0.000000s ]
INFO: [ app_init ] --END-- [ RunTime:0.001000s ]

[ 2016-10-11T23:16:19+08:00 ] 127.0.0.1 /think_blog/Home/Member/login
INFO: [ app_init ] --START--
INFO: Run Behavior\BuildLiteBehavior [ RunTime:0.000000s ]
INFO: [ app_init ] --END-- [ RunTime:0.001000s ]

[ 2016-10-11T23:16:19+08:00 ] 127.0.0.1 /think_blog/Home/Member/getVerify
INFO: [ app_init ] --START--
INFO: Run Behavior\BuildLiteBehavior [ RunTime:0.001000s ]
INFO: [ app_init ] --END-- [ RunTime:0.001000s ]

[ 2016-10-11T23:16:19+08:00 ] 127.0.0.1 /think_blog/Home/Member/login
INFO: [ app_init ] --START--
INFO: Run Behavior\BuildLiteBehavior [ RunTime:0.000000s ]
INFO: [ app_init ] --END-- [ RunTime:0.001000s ]

[ 2016-10-11T23:16:20+08:00 ] 127.0.0.1 /think_blog/Home/Member/getVerify
INFO: [ app_init ] --START--
INFO: Run Behavior\BuildLiteBehavior [ RunTime:0.000000s ]
INFO: [ app_init ] --END-- [ RunTime:0.002000s ]

[ 2016-10-11T23:16:38+08:00 ] 127.0.0.1 /think_blog/Home/Member/login
INFO: [ app_init ] --START--
INFO: Run Behavior\BuildLiteBehavior [ RunTime:0.000000s ]
INFO: [ app_init ] --END-- [ RunTime:0.001000s ]

[ 2016-10-11T23:16:38+08:00 ] 127.0.0.1 /think_blog/Home/Member/getVerify
INFO: [ app_init ] --START--
INFO: Run Behavior\BuildLiteBehavior [ RunTime:0.000000s ]
INFO: [ app_init ] --END-- [ RunTime:0.002000s ]

[ 2016-10-11T23:24:46+08:00 ] 127.0.0.1 /think_blog/Home/Member/login
INFO: [ app_init ] --START--
INFO: Run Behavior\BuildLiteBehavior [ RunTime:0.000000s ]
INFO: [ app_init ] --END-- [ RunTime:0.001000s ]

[ 2016-10-11T23:24:46+08:00 ] 127.0.0.1 /think_blog/Home/Member/getVerify
INFO: [ app_init ] --START--
INFO: Run Behavior\BuildLiteBehavior [ RunTime:0.000000s ]
INFO: [ app_init ] --END-- [ RunTime:0.001000s ]

[ 2016-10-11T23:24:47+08:00 ] 127.0.0.1 /think_blog/Home/Member/login
INFO: [ app_init ] --START--
INFO: Run Behavior\BuildLiteBehavior [ RunTime:0.000000s ]
INFO: [ app_init ] --END-- [ RunTime:0.001000s ]

[ 2016-10-11T23:24:48+08:00 ] 127.0.0.1 /think_blog/Home/Member/getVerify
INFO: [ app_init ] --START--
INFO: Run Behavior\BuildLiteBehavior [ RunTime:0.000000s ]
INFO: [ app_init ] --END-- [ RunTime:0.001000s ]

[ 2016-10-11T23:24:58+08:00 ] 127.0.0.1 /think_blog/Home/Member/login
INFO: [ app_init ] --START--
INFO: Run Behavior\BuildLiteBehavior [ RunTime:0.000000s ]
INFO: [ app_init ] --END-- [ RunTime:0.001000s ]
ERR: Think\Model:check_verify方法不存在！

[ 2016-10-11T23:25:19+08:00 ] 127.0.0.1 /think_blog/Home/Member/login
INFO: [ app_init ] --START--
INFO: Run Behavior\BuildLiteBehavior [ RunTime:0.000000s ]
INFO: [ app_init ] --END-- [ RunTime:0.001000s ]

[ 2016-10-11T23:25:19+08:00 ] 127.0.0.1 /think_blog/Home/Member/getVerify
INFO: [ app_init ] --START--
INFO: Run Behavior\BuildLiteBehavior [ RunTime:0.000000s ]
INFO: [ app_init ] --END-- [ RunTime:0.001000s ]

[ 2016-10-11T23:25:29+08:00 ] 127.0.0.1 /think_blog/Home/Member/login
INFO: [ app_init ] --START--
INFO: Run Behavior\BuildLiteBehavior [ RunTime:0.000000s ]
INFO: [ app_init ] --END-- [ RunTime:0.001000s ]

[ 2016-10-11T23:25:30+08:00 ] 127.0.0.1 /think_blog/Home/Member/getVerify
INFO: [ app_init ] --START--
INFO: Run Behavior\BuildLiteBehavior [ RunTime:0.000000s ]
INFO: [ app_init ] --END-- [ RunTime:0.002000s ]

[ 2016-10-11T23:25:44+08:00 ] 127.0.0.1 /think_blog/Home/Member/login
INFO: [ app_init ] --START--
INFO: Run Behavior\BuildLiteBehavior [ RunTime:0.000000s ]
INFO: [ app_init ] --END-- [ RunTime:0.001000s ]

[ 2016-10-11T23:25:45+08:00 ] 127.0.0.1 /think_blog/Home/Member/getVerify
INFO: [ app_init ] --START--
INFO: Run Behavior\BuildLiteBehavior [ RunTime:0.000000s ]
INFO: [ app_init ] --END-- [ RunTime:0.002000s ]

[ 2016-10-11T23:29:47+08:00 ] 127.0.0.1 /think_blog/Home/Member/login
INFO: [ app_init ] --START--
INFO: Run Behavior\BuildLiteBehavior [ RunTime:0.000000s ]
INFO: [ app_init ] --END-- [ RunTime:0.001000s ]

[ 2016-10-11T23:29:47+08:00 ] 127.0.0.1 /think_blog/Home/Member/getVerify
INFO: [ app_init ] --START--
INFO: Run Behavior\BuildLiteBehavior [ RunTime:0.001000s ]
INFO: [ app_init ] --END-- [ RunTime:0.002000s ]

