[ 2016-10-19T13:44:58+08:00 ] ::1 /think_blog/Home/Photo/index/member_id/29.html
INFO: [ app_init ] --START--
INFO: Run Behavior\BuildLiteBehavior [ RunTime:0.000069s ]
INFO: [ app_init ] --END-- [ RunTime:0.054000s ]

[ 2016-10-19T13:51:48+08:00 ] ::1 /think_blog/Home/Member/member_id/29.html
INFO: [ app_init ] --START--
INFO: Run Behavior\BuildLiteBehavior [ RunTime:0.000036s ]
INFO: [ app_init ] --END-- [ RunTime:0.000795s ]
ERR: 非法操作:member_id

[ 2016-10-19T13:51:57+08:00 ] ::1 /think_blog/Home/Member/index/member_id/29.html
INFO: [ app_init ] --START--
INFO: Run Behavior\BuildLiteBehavior [ RunTime:0.000022s ]
INFO: [ app_init ] --END-- [ RunTime:0.000498s ]

[ 2016-10-19T13:52:00+08:00 ] ::1 /think_blog/Home/Article/articleList/article_type_id/1.html
INFO: [ app_init ] --START--
INFO: Run Behavior\BuildLiteBehavior [ RunTime:0.000028s ]
INFO: [ app_init ] --END-- [ RunTime:0.000535s ]

[ 2016-10-19T13:52:04+08:00 ] ::1 /think_blog/Home/Article/index/article_id/9.html
INFO: [ app_init ] --START--
INFO: Run Behavior\BuildLiteBehavior [ RunTime:0.000043s ]
INFO: [ app_init ] --END-- [ RunTime:0.000986s ]

[ 2016-10-19T13:52:19+08:00 ] ::1 /think_blog/Home/Article/index/article_id/3.html
INFO: [ app_init ] --START--
INFO: Run Behavior\BuildLiteBehavior [ RunTime:0.000023s ]
INFO: [ app_init ] --END-- [ RunTime:0.000484s ]

[ 2016-10-19T13:52:24+08:00 ] ::1 /think_blog/Home/Article/index/article_id/3.html
INFO: [ app_init ] --START--
INFO: Run Behavior\BuildLiteBehavior [ RunTime:0.000027s ]
INFO: [ app_init ] --END-- [ RunTime:0.000553s ]

[ 2016-10-19T13:52:36+08:00 ] ::1 /think_blog/Home/Article/index/article_id/12.html
INFO: [ app_init ] --START--
INFO: Run Behavior\BuildLiteBehavior [ RunTime:0.000034s ]
INFO: [ app_init ] --END-- [ RunTime:0.001284s ]

[ 2016-10-19T13:53:17+08:00 ] ::1 /think_blog/Home/Member/index/member_id/29.html
INFO: [ app_init ] --START--
INFO: Run Behavior\BuildLiteBehavior [ RunTime:0.000039s ]
INFO: [ app_init ] --END-- [ RunTime:0.000646s ]

[ 2016-10-19T13:53:20+08:00 ] ::1 /think_blog/Home/Article/index/article_id/13.html
INFO: [ app_init ] --START--
INFO: Run Behavior\BuildLiteBehavior [ RunTime:0.000027s ]
INFO: [ app_init ] --END-- [ RunTime:0.000550s ]

[ 2016-10-19T13:55:48+08:00 ] ::1 /think_blog/Home/Mess/index.html
INFO: [ app_init ] --START--
INFO: Run Behavior\BuildLiteBehavior [ RunTime:0.000023s ]
INFO: [ app_init ] --END-- [ RunTime:0.000444s ]

[ 2016-10-19T14:39:47+08:00 ] ::1 /think_blog/Home/Mess/index.html
INFO: [ app_init ] --START--
INFO: Run Behavior\BuildLiteBehavior [ RunTime:0.000024s ]
INFO: [ app_init ] --END-- [ RunTime:0.000552s ]

[ 2016-10-19T14:40:07+08:00 ] ::1 /think_blog/Home/Mess/index/member_id/29.html
INFO: [ app_init ] --START--
INFO: Run Behavior\BuildLiteBehavior [ RunTime:0.000023s ]
INFO: [ app_init ] --END-- [ RunTime:0.000521s ]
ERR: Think\Controller:diaplay方法不存在！

[ 2016-10-19T14:40:42+08:00 ] ::1 /think_blog/Home/Mess/index/member_id/29.html
INFO: [ app_init ] --START--
INFO: Run Behavior\BuildLiteBehavior [ RunTime:0.000028s ]
INFO: [ app_init ] --END-- [ RunTime:0.000581s ]

[ 2016-10-19T14:41:19+08:00 ] ::1 /think_blog/Home/Mess/index/member_id/29.html
INFO: [ app_init ] --START--
INFO: Run Behavior\BuildLiteBehavior [ RunTime:0.000023s ]
INFO: [ app_init ] --END-- [ RunTime:0.000440s ]

[ 2016-10-19T14:42:37+08:00 ] ::1 /think_blog/Home/Mess/index/member_id/29.html
INFO: [ app_init ] --START--
INFO: Run Behavior\BuildLiteBehavior [ RunTime:0.000025s ]
INFO: [ app_init ] --END-- [ RunTime:0.000594s ]

[ 2016-10-19T14:43:25+08:00 ] ::1 /think_blog/Home/Mess/index/member_id/29.html
INFO: [ app_init ] --START--
INFO: Run Behavior\BuildLiteBehavior [ RunTime:0.000039s ]
INFO: [ app_init ] --END-- [ RunTime:0.001000s ]

[ 2016-10-19T14:44:01+08:00 ] ::1 /think_blog/Home/Mess/index/member_id/29.html
INFO: [ app_init ] --START--
INFO: Run Behavior\BuildLiteBehavior [ RunTime:0.000031s ]
INFO: [ app_init ] --END-- [ RunTime:0.000623s ]

[ 2016-10-19T14:44:05+08:00 ] ::1 /think_blog/Home/Mess/index/member_id/29.html
INFO: [ app_init ] --START--
INFO: Run Behavior\BuildLiteBehavior [ RunTime:0.000044s ]
INFO: [ app_init ] --END-- [ RunTime:0.000826s ]

[ 2016-10-19T14:44:09+08:00 ] ::1 /think_blog/Home/Mess/index/member_id/29.html
INFO: [ app_init ] --START--
INFO: Run Behavior\BuildLiteBehavior [ RunTime:0.000043s ]
INFO: [ app_init ] --END-- [ RunTime:0.000874s ]

[ 2016-10-19T15:16:14+08:00 ] ::1 /think_blog/Home/Mess/index/member_id/29.html
INFO: [ app_init ] --START--
INFO: Run Behavior\BuildLiteBehavior [ RunTime:0.000037s ]
INFO: [ app_init ] --END-- [ RunTime:0.000788s ]

[ 2016-10-19T15:17:00+08:00 ] ::1 /think_blog/Home/Mess/index/member_id/29.html
INFO: [ app_init ] --START--
INFO: Run Behavior\BuildLiteBehavior [ RunTime:0.000043s ]
INFO: [ app_init ] --END-- [ RunTime:0.001092s ]

[ 2016-10-19T15:17:29+08:00 ] ::1 /think_blog/Home/Mess/index/member_id/29.html
INFO: [ app_init ] --START--
INFO: Run Behavior\BuildLiteBehavior [ RunTime:0.000030s ]
INFO: [ app_init ] --END-- [ RunTime:0.000664s ]

[ 2016-10-19T15:17:38+08:00 ] ::1 /think_blog/Home/Mess/index/member_id/29.html
INFO: [ app_init ] --START--
INFO: Run Behavior\BuildLiteBehavior [ RunTime:0.000030s ]
INFO: [ app_init ] --END-- [ RunTime:0.000655s ]

[ 2016-10-19T15:17:52+08:00 ] ::1 /think_blog/Home/Mess/index/member_id/29.html
INFO: [ app_init ] --START--
INFO: Run Behavior\BuildLiteBehavior [ RunTime:0.000025s ]
INFO: [ app_init ] --END-- [ RunTime:0.000519s ]

[ 2016-10-19T15:18:41+08:00 ] ::1 /think_blog/Home/Mess/index/member_id/29.html
INFO: [ app_init ] --START--
INFO: Run Behavior\BuildLiteBehavior [ RunTime:0.000023s ]
INFO: [ app_init ] --END-- [ RunTime:0.000425s ]

[ 2016-10-19T15:18:55+08:00 ] ::1 /think_blog/Home/Mess/index/member_id/29.html
INFO: [ app_init ] --START--
INFO: Run Behavior\BuildLiteBehavior [ RunTime:0.000026s ]
INFO: [ app_init ] --END-- [ RunTime:0.000460s ]

[ 2016-10-19T15:19:28+08:00 ] ::1 /think_blog/Home/Mess/index/member_id/29.html
INFO: [ app_init ] --START--
INFO: Run Behavior\BuildLiteBehavior [ RunTime:0.000043s ]
INFO: [ app_init ] --END-- [ RunTime:0.000938s ]

[ 2016-10-19T15:19:45+08:00 ] ::1 /think_blog/Home/Mess/index/member_id/29.html
INFO: [ app_init ] --START--
INFO: Run Behavior\BuildLiteBehavior [ RunTime:0.000038s ]
INFO: [ app_init ] --END-- [ RunTime:0.000674s ]

[ 2016-10-19T15:19:49+08:00 ] ::1 /think_blog/Home/Member/index/member_id/29.html
INFO: [ app_init ] --START--
INFO: Run Behavior\BuildLiteBehavior [ RunTime:0.000028s ]
INFO: [ app_init ] --END-- [ RunTime:0.000600s ]

[ 2016-10-19T15:59:35+08:00 ] ::1 /think_blog/Home/Mess/index/member_id/29.html
INFO: [ app_init ] --START--
INFO: Run Behavior\BuildLiteBehavior [ RunTime:0.000025s ]
INFO: [ app_init ] --END-- [ RunTime:0.000528s ]

[ 2016-10-19T15:59:58+08:00 ] ::1 /think_blog/Home/Mess/index/member_id/29.html
INFO: [ app_init ] --START--
INFO: Run Behavior\BuildLiteBehavior [ RunTime:0.000023s ]
INFO: [ app_init ] --END-- [ RunTime:0.000551s ]

[ 2016-10-19T16:00:44+08:00 ] ::1 /think_blog/Home/Mess/index/member_id/29.html
INFO: [ app_init ] --START--
INFO: Run Behavior\BuildLiteBehavior [ RunTime:0.000025s ]
INFO: [ app_init ] --END-- [ RunTime:0.000450s ]

[ 2016-10-19T16:10:32+08:00 ] ::1 /think_blog/Home/Mess/index/member_id/29.html
INFO: [ app_init ] --START--
INFO: Run Behavior\BuildLiteBehavior [ RunTime:0.000030s ]
INFO: [ app_init ] --END-- [ RunTime:0.000721s ]

[ 2016-10-19T16:10:34+08:00 ] ::1 /think_blog/Home/Mess/index
INFO: [ app_init ] --START--
INFO: Run Behavior\BuildLiteBehavior [ RunTime:0.000030s ]
INFO: [ app_init ] --END-- [ RunTime:0.000705s ]
INFO: [ app_begin ] --START--
INFO: Run Behavior\ReadHtmlCacheBehavior [ RunTime:0.000580s ]
INFO: [ app_begin ] --END-- [ RunTime:0.000701s ]

[ 2016-10-19T16:10:47+08:00 ] ::1 /think_blog/Home/Mess/index/member_id/29.html
INFO: [ app_init ] --START--
INFO: Run Behavior\BuildLiteBehavior [ RunTime:0.000028s ]
INFO: [ app_init ] --END-- [ RunTime:0.000563s ]

[ 2016-10-19T16:37:14+08:00 ] ::1 /think_blog/Home/Mess/index/member_id/29.html
INFO: [ app_init ] --START--
INFO: Run Behavior\BuildLiteBehavior [ RunTime:0.000048s ]
INFO: [ app_init ] --END-- [ RunTime:0.000941s ]

[ 2016-10-19T16:37:15+08:00 ] ::1 /think_blog/Home/Mess/index
INFO: [ app_init ] --START--
INFO: Run Behavior\BuildLiteBehavior [ RunTime:0.000028s ]
INFO: [ app_init ] --END-- [ RunTime:0.000515s ]
INFO: [ app_begin ] --START--
INFO: Run Behavior\ReadHtmlCacheBehavior [ RunTime:0.000884s ]
INFO: [ app_begin ] --END-- [ RunTime:0.001097s ]

[ 2016-10-19T16:37:21+08:00 ] ::1 /think_blog/Home/Mess/index/member_id/29.html
INFO: [ app_init ] --START--
INFO: Run Behavior\BuildLiteBehavior [ RunTime:0.000025s ]
INFO: [ app_init ] --END-- [ RunTime:0.000517s ]

[ 2016-10-19T16:38:52+08:00 ] ::1 /think_blog/Home/Mess/index/member_id/29.html
INFO: [ app_init ] --START--
INFO: Run Behavior\BuildLiteBehavior [ RunTime:0.000025s ]
INFO: [ app_init ] --END-- [ RunTime:0.000465s ]

[ 2016-10-19T16:39:02+08:00 ] ::1 /think_blog/Home/Mess/index/member_id/29.html
INFO: [ app_init ] --START--
INFO: Run Behavior\BuildLiteBehavior [ RunTime:0.000026s ]
INFO: [ app_init ] --END-- [ RunTime:0.000681s ]

[ 2016-10-19T16:39:04+08:00 ] ::1 /think_blog/Home/Mess/index
INFO: [ app_init ] --START--
INFO: Run Behavior\BuildLiteBehavior [ RunTime:0.000025s ]
INFO: [ app_init ] --END-- [ RunTime:0.000421s ]
INFO: [ app_begin ] --START--
INFO: Run Behavior\ReadHtmlCacheBehavior [ RunTime:0.000522s ]
INFO: [ app_begin ] --END-- [ RunTime:0.000665s ]
SQL: SHOW COLUMNS FROM `mess` [ RunTime:0.0051s ]
SQL: SELECT ms.messer_id AS `messer_id`,m.member_name AS `member_name`,m.head_pic AS `head_pic`,ms.content AS `content`,ms.mess_time AS `mess_time` FROM mess ms INNER JOIN member m ON ms.messer_id=m.id  WHERE ms.messed_id = '29' LIMIT 0,2   [ RunTime:0.0004s ]
SQL: SELECT COUNT(id) as count FROM `mess` WHERE `messed_id` = 29  [ RunTime:0.0002s ]

[ 2016-10-19T16:39:27+08:00 ] ::1 /think_blog/Home/Mess/index/member_id/29.html
INFO: [ app_init ] --START--
INFO: Run Behavior\BuildLiteBehavior [ RunTime:0.000033s ]
INFO: [ app_init ] --END-- [ RunTime:0.000536s ]

[ 2016-10-19T16:39:28+08:00 ] ::1 /think_blog/Home/Mess/index
INFO: [ app_init ] --START--
INFO: Run Behavior\BuildLiteBehavior [ RunTime:0.000033s ]
INFO: [ app_init ] --END-- [ RunTime:0.000551s ]
INFO: [ app_begin ] --START--
INFO: Run Behavior\ReadHtmlCacheBehavior [ RunTime:0.000482s ]
INFO: [ app_begin ] --END-- [ RunTime:0.000612s ]
SQL: SHOW COLUMNS FROM `mess` [ RunTime:0.0056s ]
SQL: SELECT ms.messer_id AS `messer_id`,m.member_name AS `member_name`,m.head_pic AS `head_pic`,ms.content AS `content`,ms.mess_time AS `mess_time` FROM mess ms INNER JOIN member m ON ms.messer_id=m.id  WHERE ms.messed_id = '29' LIMIT 0,2   [ RunTime:0.0004s ]
SQL: SELECT COUNT(id) as count FROM `mess` WHERE `messed_id` = 29  [ RunTime:0.0002s ]

[ 2016-10-19T16:39:30+08:00 ] ::1 /think_blog/Home/Mess/index
INFO: [ app_init ] --START--
INFO: Run Behavior\BuildLiteBehavior [ RunTime:0.000030s ]
INFO: [ app_init ] --END-- [ RunTime:0.000579s ]
INFO: [ app_begin ] --START--
INFO: Run Behavior\ReadHtmlCacheBehavior [ RunTime:0.000571s ]
INFO: [ app_begin ] --END-- [ RunTime:0.000682s ]
SQL: SHOW COLUMNS FROM `mess` [ RunTime:0.0049s ]
SQL: SELECT ms.messer_id AS `messer_id`,m.member_name AS `member_name`,m.head_pic AS `head_pic`,ms.content AS `content`,ms.mess_time AS `mess_time` FROM mess ms INNER JOIN member m ON ms.messer_id=m.id  WHERE ms.messed_id = '29' LIMIT 0,2   [ RunTime:0.0004s ]
SQL: SELECT COUNT(id) as count FROM `mess` WHERE `messed_id` = 29  [ RunTime:0.0002s ]

[ 2016-10-19T16:39:33+08:00 ] ::1 /think_blog/Home/Mess/index
INFO: [ app_init ] --START--
INFO: Run Behavior\BuildLiteBehavior [ RunTime:0.000026s ]
INFO: [ app_init ] --END-- [ RunTime:0.000445s ]
INFO: [ app_begin ] --START--
INFO: Run Behavior\ReadHtmlCacheBehavior [ RunTime:0.000689s ]
INFO: [ app_begin ] --END-- [ RunTime:0.000873s ]
SQL: SHOW COLUMNS FROM `mess` [ RunTime:0.0064s ]
SQL: SELECT ms.messer_id AS `messer_id`,m.member_name AS `member_name`,m.head_pic AS `head_pic`,ms.content AS `content`,ms.mess_time AS `mess_time` FROM mess ms INNER JOIN member m ON ms.messer_id=m.id  WHERE ms.messed_id = '29' LIMIT 0,2   [ RunTime:0.0005s ]
SQL: SELECT COUNT(id) as count FROM `mess` WHERE `messed_id` = 29  [ RunTime:0.0003s ]

[ 2016-10-19T16:39:34+08:00 ] ::1 /think_blog/Home/Mess/index
INFO: [ app_init ] --START--
INFO: Run Behavior\BuildLiteBehavior [ RunTime:0.000028s ]
INFO: [ app_init ] --END-- [ RunTime:0.000548s ]
INFO: [ app_begin ] --START--
INFO: Run Behavior\ReadHtmlCacheBehavior [ RunTime:0.000549s ]
INFO: [ app_begin ] --END-- [ RunTime:0.000670s ]
SQL: SHOW COLUMNS FROM `mess` [ RunTime:0.0057s ]
SQL: SELECT ms.messer_id AS `messer_id`,m.member_name AS `member_name`,m.head_pic AS `head_pic`,ms.content AS `content`,ms.mess_time AS `mess_time` FROM mess ms INNER JOIN member m ON ms.messer_id=m.id  WHERE ms.messed_id = '29' LIMIT 0,2   [ RunTime:0.0003s ]
SQL: SELECT COUNT(id) as count FROM `mess` WHERE `messed_id` = 29  [ RunTime:0.0002s ]

[ 2016-10-19T16:39:35+08:00 ] ::1 /think_blog/Home/Mess/index
INFO: [ app_init ] --START--
INFO: Run Behavior\BuildLiteBehavior [ RunTime:0.000043s ]
INFO: [ app_init ] --END-- [ RunTime:0.000597s ]
INFO: [ app_begin ] --START--
INFO: Run Behavior\ReadHtmlCacheBehavior [ RunTime:0.000550s ]
INFO: [ app_begin ] --END-- [ RunTime:0.000658s ]
SQL: SHOW COLUMNS FROM `mess` [ RunTime:0.0486s ]
SQL: SELECT ms.messer_id AS `messer_id`,m.member_name AS `member_name`,m.head_pic AS `head_pic`,ms.content AS `content`,ms.mess_time AS `mess_time` FROM mess ms INNER JOIN member m ON ms.messer_id=m.id  WHERE ms.messed_id = '29' LIMIT 0,2   [ RunTime:0.0004s ]
SQL: SELECT COUNT(id) as count FROM `mess` WHERE `messed_id` = 29  [ RunTime:0.0002s ]

[ 2016-10-19T16:39:36+08:00 ] ::1 /think_blog/Home/Mess/index
INFO: [ app_init ] --START--
INFO: Run Behavior\BuildLiteBehavior [ RunTime:0.000049s ]
INFO: [ app_init ] --END-- [ RunTime:0.000577s ]
INFO: [ app_begin ] --START--
INFO: Run Behavior\ReadHtmlCacheBehavior [ RunTime:0.000705s ]
INFO: [ app_begin ] --END-- [ RunTime:0.000910s ]
SQL: SHOW COLUMNS FROM `mess` [ RunTime:0.0043s ]
SQL: SELECT ms.messer_id AS `messer_id`,m.member_name AS `member_name`,m.head_pic AS `head_pic`,ms.content AS `content`,ms.mess_time AS `mess_time` FROM mess ms INNER JOIN member m ON ms.messer_id=m.id  WHERE ms.messed_id = '29' LIMIT 0,2   [ RunTime:0.0003s ]
SQL: SELECT COUNT(id) as count FROM `mess` WHERE `messed_id` = 29  [ RunTime:0.0002s ]

[ 2016-10-19T16:39:37+08:00 ] ::1 /think_blog/Home/Mess/index
INFO: [ app_init ] --START--
INFO: Run Behavior\BuildLiteBehavior [ RunTime:0.000030s ]
INFO: [ app_init ] --END-- [ RunTime:0.000737s ]
INFO: [ app_begin ] --START--
INFO: Run Behavior\ReadHtmlCacheBehavior [ RunTime:0.000501s ]
INFO: [ app_begin ] --END-- [ RunTime:0.000621s ]
SQL: SHOW COLUMNS FROM `mess` [ RunTime:0.0046s ]
SQL: SELECT ms.messer_id AS `messer_id`,m.member_name AS `member_name`,m.head_pic AS `head_pic`,ms.content AS `content`,ms.mess_time AS `mess_time` FROM mess ms INNER JOIN member m ON ms.messer_id=m.id  WHERE ms.messed_id = '29' LIMIT 0,2   [ RunTime:0.0004s ]
SQL: SELECT COUNT(id) as count FROM `mess` WHERE `messed_id` = 29  [ RunTime:0.0002s ]

[ 2016-10-19T16:39:37+08:00 ] ::1 /think_blog/Home/Mess/index
INFO: [ app_init ] --START--
INFO: Run Behavior\BuildLiteBehavior [ RunTime:0.000029s ]
INFO: [ app_init ] --END-- [ RunTime:0.000592s ]
INFO: [ app_begin ] --START--
INFO: Run Behavior\ReadHtmlCacheBehavior [ RunTime:0.000513s ]
INFO: [ app_begin ] --END-- [ RunTime:0.000637s ]
SQL: SHOW COLUMNS FROM `mess` [ RunTime:0.0048s ]
SQL: SELECT ms.messer_id AS `messer_id`,m.member_name AS `member_name`,m.head_pic AS `head_pic`,ms.content AS `content`,ms.mess_time AS `mess_time` FROM mess ms INNER JOIN member m ON ms.messer_id=m.id  WHERE ms.messed_id = '29' LIMIT 0,2   [ RunTime:0.0004s ]
SQL: SELECT COUNT(id) as count FROM `mess` WHERE `messed_id` = 29  [ RunTime:0.0002s ]

[ 2016-10-19T16:42:26+08:00 ] ::1 /think_blog/Home/Mess/index/member_id/29.html
INFO: [ app_init ] --START--
INFO: Run Behavior\BuildLiteBehavior [ RunTime:0.000025s ]
INFO: [ app_init ] --END-- [ RunTime:0.000497s ]

[ 2016-10-19T16:42:27+08:00 ] ::1 /think_blog/Home/Mess/index
INFO: [ app_init ] --START--
INFO: Run Behavior\BuildLiteBehavior [ RunTime:0.000025s ]
INFO: [ app_init ] --END-- [ RunTime:0.000450s ]
INFO: [ app_begin ] --START--
INFO: Run Behavior\ReadHtmlCacheBehavior [ RunTime:0.000539s ]
INFO: [ app_begin ] --END-- [ RunTime:0.000649s ]
SQL: SHOW COLUMNS FROM `mess` [ RunTime:0.0039s ]
SQL: SELECT ms.messer_id AS `messer_id`,m.member_name AS `member_name`,m.head_pic AS `head_pic`,ms.content AS `content`,ms.mess_time AS `mess_time` FROM mess ms INNER JOIN member m ON ms.messer_id=m.id  WHERE ms.messed_id = '29' LIMIT 2,2   [ RunTime:0.0004s ]
SQL: SELECT COUNT(id) as count FROM `mess` WHERE `messed_id` = 29  [ RunTime:0.0002s ]

[ 2016-10-19T16:42:28+08:00 ] ::1 /think_blog/Home/Mess/index
INFO: [ app_init ] --START--
INFO: Run Behavior\BuildLiteBehavior [ RunTime:0.000024s ]
INFO: [ app_init ] --END-- [ RunTime:0.000428s ]
INFO: [ app_begin ] --START--
INFO: Run Behavior\ReadHtmlCacheBehavior [ RunTime:0.000441s ]
INFO: [ app_begin ] --END-- [ RunTime:0.000547s ]
SQL: SHOW COLUMNS FROM `mess` [ RunTime:0.0055s ]
SQL: SELECT ms.messer_id AS `messer_id`,m.member_name AS `member_name`,m.head_pic AS `head_pic`,ms.content AS `content`,ms.mess_time AS `mess_time` FROM mess ms INNER JOIN member m ON ms.messer_id=m.id  WHERE ms.messed_id = '29' LIMIT 4,2   [ RunTime:0.0004s ]
SQL: SELECT COUNT(id) as count FROM `mess` WHERE `messed_id` = 29  [ RunTime:0.0002s ]

[ 2016-10-19T16:42:30+08:00 ] ::1 /think_blog/Home/Mess/index
INFO: [ app_init ] --START--
INFO: Run Behavior\BuildLiteBehavior [ RunTime:0.000023s ]
INFO: [ app_init ] --END-- [ RunTime:0.000412s ]
INFO: [ app_begin ] --START--
INFO: Run Behavior\ReadHtmlCacheBehavior [ RunTime:0.000413s ]
INFO: [ app_begin ] --END-- [ RunTime:0.000512s ]
SQL: SHOW COLUMNS FROM `mess` [ RunTime:0.0283s ]
SQL: SELECT ms.messer_id AS `messer_id`,m.member_name AS `member_name`,m.head_pic AS `head_pic`,ms.content AS `content`,ms.mess_time AS `mess_time` FROM mess ms INNER JOIN member m ON ms.messer_id=m.id  WHERE ms.messed_id = '29' LIMIT 2,2   [ RunTime:0.0003s ]
SQL: SELECT COUNT(id) as count FROM `mess` WHERE `messed_id` = 29  [ RunTime:0.0002s ]

[ 2016-10-19T16:42:31+08:00 ] ::1 /think_blog/Home/Mess/index
INFO: [ app_init ] --START--
INFO: Run Behavior\BuildLiteBehavior [ RunTime:0.000028s ]
INFO: [ app_init ] --END-- [ RunTime:0.000496s ]
INFO: [ app_begin ] --START--
INFO: Run Behavior\ReadHtmlCacheBehavior [ RunTime:0.000639s ]
INFO: [ app_begin ] --END-- [ RunTime:0.000760s ]
SQL: SHOW COLUMNS FROM `mess` [ RunTime:0.0044s ]
SQL: SELECT ms.messer_id AS `messer_id`,m.member_name AS `member_name`,m.head_pic AS `head_pic`,ms.content AS `content`,ms.mess_time AS `mess_time` FROM mess ms INNER JOIN member m ON ms.messer_id=m.id  WHERE ms.messed_id = '29' LIMIT 0,2   [ RunTime:0.0004s ]
SQL: SELECT COUNT(id) as count FROM `mess` WHERE `messed_id` = 29  [ RunTime:0.0002s ]

[ 2016-10-19T16:42:55+08:00 ] ::1 /think_blog/Home/Mess/index/member_id/29.html
INFO: [ app_init ] --START--
INFO: Run Behavior\BuildLiteBehavior [ RunTime:0.000030s ]
INFO: [ app_init ] --END-- [ RunTime:0.000718s ]

[ 2016-10-19T16:43:12+08:00 ] ::1 /think_blog/Home/Mess/index/member_id/29.html
INFO: [ app_init ] --START--
INFO: Run Behavior\BuildLiteBehavior [ RunTime:0.000041s ]
INFO: [ app_init ] --END-- [ RunTime:0.000721s ]

[ 2016-10-19T16:46:10+08:00 ] ::1 /think_blog/Home/Mess/index/member_id/29.html
INFO: [ app_init ] --START--
INFO: Run Behavior\BuildLiteBehavior [ RunTime:0.000025s ]
INFO: [ app_init ] --END-- [ RunTime:0.000556s ]

[ 2016-10-19T16:46:15+08:00 ] ::1 /think_blog/Home/Mess/index
INFO: [ app_init ] --START--
INFO: Run Behavior\BuildLiteBehavior [ RunTime:0.000048s ]
INFO: [ app_init ] --END-- [ RunTime:0.000843s ]
INFO: [ app_begin ] --START--
INFO: Run Behavior\ReadHtmlCacheBehavior [ RunTime:0.000438s ]
INFO: [ app_begin ] --END-- [ RunTime:0.000543s ]
SQL: SHOW COLUMNS FROM `mess` [ RunTime:0.0043s ]
SQL: SELECT ms.messer_id AS `messer_id`,m.member_name AS `member_name`,m.head_pic AS `head_pic`,ms.content AS `content`,ms.mess_time AS `mess_time` FROM mess ms INNER JOIN member m ON ms.messer_id=m.id  WHERE ms.messed_id = '29' LIMIT 10,10   [ RunTime:0.0006s ]
SQL: SELECT COUNT(id) as count FROM `mess` WHERE `messed_id` = 29  [ RunTime:0.0002s ]

[ 2016-10-19T16:46:35+08:00 ] ::1 /think_blog/Home/Mess/index
INFO: [ app_init ] --START--
INFO: Run Behavior\BuildLiteBehavior [ RunTime:0.000038s ]
INFO: [ app_init ] --END-- [ RunTime:0.000613s ]
INFO: [ app_begin ] --START--
INFO: Run Behavior\ReadHtmlCacheBehavior [ RunTime:0.000558s ]
INFO: [ app_begin ] --END-- [ RunTime:0.000672s ]
SQL: SHOW COLUMNS FROM `mess` [ RunTime:0.0042s ]
SQL: SELECT ms.messer_id AS `messer_id`,m.member_name AS `member_name`,m.head_pic AS `head_pic`,ms.content AS `content`,ms.mess_time AS `mess_time` FROM mess ms INNER JOIN member m ON ms.messer_id=m.id  WHERE ms.messed_id = '29' LIMIT 0,20   [ RunTime:0.0006s ]
SQL: SELECT COUNT(id) as count FROM `mess` WHERE `messed_id` = 29  [ RunTime:0.0003s ]

[ 2016-10-19T16:47:27+08:00 ] ::1 /think_blog/Home/Mess/index/member_id/29.html
INFO: [ app_init ] --START--
INFO: Run Behavior\BuildLiteBehavior [ RunTime:0.000026s ]
INFO: [ app_init ] --END-- [ RunTime:0.000466s ]

[ 2016-10-19T16:47:29+08:00 ] ::1 /think_blog/Home/Mess/index
INFO: [ app_init ] --START--
INFO: Run Behavior\BuildLiteBehavior [ RunTime:0.000029s ]
INFO: [ app_init ] --END-- [ RunTime:0.000577s ]
INFO: [ app_begin ] --START--
INFO: Run Behavior\ReadHtmlCacheBehavior [ RunTime:0.000589s ]
INFO: [ app_begin ] --END-- [ RunTime:0.000700s ]
SQL: SHOW COLUMNS FROM `mess` [ RunTime:0.0048s ]
SQL: SELECT ms.messer_id AS `messer_id`,m.member_name AS `member_name`,m.head_pic AS `head_pic`,ms.content AS `content`,ms.mess_time AS `mess_time` FROM mess ms INNER JOIN member m ON ms.messer_id=m.id  WHERE ms.messed_id = '29' LIMIT 10,10   [ RunTime:0.0004s ]
SQL: SELECT COUNT(id) as count FROM `mess` WHERE `messed_id` = 29  [ RunTime:0.0002s ]

[ 2016-10-19T16:47:30+08:00 ] ::1 /think_blog/Home/Mess/index
INFO: [ app_init ] --START--
INFO: Run Behavior\BuildLiteBehavior [ RunTime:0.000029s ]
INFO: [ app_init ] --END-- [ RunTime:0.000603s ]
INFO: [ app_begin ] --START--
INFO: Run Behavior\ReadHtmlCacheBehavior [ RunTime:0.000580s ]
INFO: [ app_begin ] --END-- [ RunTime:0.000705s ]
SQL: SHOW COLUMNS FROM `mess` [ RunTime:0.0051s ]
SQL: SELECT ms.messer_id AS `messer_id`,m.member_name AS `member_name`,m.head_pic AS `head_pic`,ms.content AS `content`,ms.mess_time AS `mess_time` FROM mess ms INNER JOIN member m ON ms.messer_id=m.id  WHERE ms.messed_id = '29' LIMIT 0,10   [ RunTime:0.0004s ]
SQL: SELECT COUNT(id) as count FROM `mess` WHERE `messed_id` = 29  [ RunTime:0.0002s ]

[ 2016-10-19T16:47:32+08:00 ] ::1 /think_blog/Home/Mess/index
INFO: [ app_init ] --START--
INFO: Run Behavior\BuildLiteBehavior [ RunTime:0.000029s ]
INFO: [ app_init ] --END-- [ RunTime:0.000495s ]
INFO: [ app_begin ] --START--
INFO: Run Behavior\ReadHtmlCacheBehavior [ RunTime:0.000579s ]
INFO: [ app_begin ] --END-- [ RunTime:0.000703s ]
SQL: SHOW COLUMNS FROM `mess` [ RunTime:0.0049s ]
SQL: SELECT ms.messer_id AS `messer_id`,m.member_name AS `member_name`,m.head_pic AS `head_pic`,ms.content AS `content`,ms.mess_time AS `mess_time` FROM mess ms INNER JOIN member m ON ms.messer_id=m.id  WHERE ms.messed_id = '29' LIMIT 10,10   [ RunTime:0.0004s ]
SQL: SELECT COUNT(id) as count FROM `mess` WHERE `messed_id` = 29  [ RunTime:0.0002s ]

[ 2016-10-19T16:47:33+08:00 ] ::1 /think_blog/Home/Mess/index
INFO: [ app_init ] --START--
INFO: Run Behavior\BuildLiteBehavior [ RunTime:0.000029s ]
INFO: [ app_init ] --END-- [ RunTime:0.000610s ]
INFO: [ app_begin ] --START--
INFO: Run Behavior\ReadHtmlCacheBehavior [ RunTime:0.000592s ]
INFO: [ app_begin ] --END-- [ RunTime:0.000713s ]
SQL: SHOW COLUMNS FROM `mess` [ RunTime:0.0053s ]
SQL: SELECT ms.messer_id AS `messer_id`,m.member_name AS `member_name`,m.head_pic AS `head_pic`,ms.content AS `content`,ms.mess_time AS `mess_time` FROM mess ms INNER JOIN member m ON ms.messer_id=m.id  WHERE ms.messed_id = '29' LIMIT 0,10   [ RunTime:0.0004s ]
SQL: SELECT COUNT(id) as count FROM `mess` WHERE `messed_id` = 29  [ RunTime:0.0002s ]

[ 2016-10-19T16:51:28+08:00 ] ::1 /think_blog/Home/Friends/index
INFO: [ app_init ] --START--
INFO: Run Behavior\BuildLiteBehavior [ RunTime:0.000024s ]
INFO: [ app_init ] --END-- [ RunTime:0.000656s ]
ERR: 无法加载控制器:Friends

[ 2016-10-19T16:52:03+08:00 ] ::1 /think_blog/Home/Member/Friends
INFO: [ app_init ] --START--
INFO: Run Behavior\BuildLiteBehavior [ RunTime:0.000027s ]
INFO: [ app_init ] --END-- [ RunTime:0.000626s ]

