[ 2016-10-20T09:13:32+08:00 ] ::1 /think_blog/Home/Member/index.html
INFO: [ app_init ] --START--
INFO: Run Behavior\BuildLiteBehavior [ RunTime:0.000078s ]
INFO: [ app_init ] --END-- [ RunTime:0.002310s ]

[ 2016-10-20T09:13:32+08:00 ] ::1 /think_blog/Home/Member/login.html
INFO: [ app_init ] --START--
INFO: Run Behavior\BuildLiteBehavior [ RunTime:0.000058s ]
INFO: [ app_init ] --END-- [ RunTime:0.001130s ]

[ 2016-10-20T09:13:34+08:00 ] ::1 /think_blog/Home/Member/getVerify
INFO: [ app_init ] --START--
INFO: Run Behavior\BuildLiteBehavior [ RunTime:0.000040s ]
INFO: [ app_init ] --END-- [ RunTime:0.000662s ]

[ 2016-10-20T09:13:46+08:00 ] ::1 /think_blog/Home/Member/login.html
INFO: [ app_init ] --START--
INFO: Run Behavior\BuildLiteBehavior [ RunTime:0.000026s ]
INFO: [ app_init ] --END-- [ RunTime:0.000544s ]

[ 2016-10-20T09:13:47+08:00 ] ::1 /think_blog/Home/Member/Index.html
INFO: [ app_init ] --START--
INFO: Run Behavior\BuildLiteBehavior [ RunTime:0.000056s ]
INFO: [ app_init ] --END-- [ RunTime:0.001096s ]

[ 2016-10-20T09:15:57+08:00 ] ::1 /think_blog/Home/Member/friends.html
INFO: [ app_init ] --START--
INFO: Run Behavior\BuildLiteBehavior [ RunTime:0.000027s ]
INFO: [ app_init ] --END-- [ RunTime:0.000581s ]

[ 2016-10-20T10:42:21+08:00 ] ::1 /think_blog/Home/Member/friends/f/focus/member_id/29.html
INFO: [ app_init ] --START--
INFO: Run Behavior\BuildLiteBehavior [ RunTime:0.000024s ]
INFO: [ app_init ] --END-- [ RunTime:0.000540s ]
ERR: 1054:Champ 'focus_id' inconnu dans field list
 [ SQL语句 ] : SELECT `focus_id` FROM `friends` WHERE `fans_id` = '29' 

[ 2016-10-20T10:43:13+08:00 ] ::1 /think_blog/Home/Member/friends/f/focus/member_id/29.html
INFO: [ app_init ] --START--
INFO: Run Behavior\BuildLiteBehavior [ RunTime:0.000034s ]
INFO: [ app_init ] --END-- [ RunTime:0.000686s ]
ERR: 1064:Erreur de syntaxe près de ')' à la ligne 1
 [ SQL语句 ] : SELECT m.id AS `member_id`,m.member_name AS `member_name`,m.sex AS `sex`,m.hitnum AS `hitnum`,m.head_pic AS `head_pic` FROM `member` WHERE `id` IN () 

[ 2016-10-20T10:44:40+08:00 ] ::1 /think_blog/Home/Member/friends/f/focus/member_id/29.html
INFO: [ app_init ] --START--
INFO: Run Behavior\BuildLiteBehavior [ RunTime:0.000025s ]
INFO: [ app_init ] --END-- [ RunTime:0.000672s ]
ERR: 1064:Erreur de syntaxe près de ')' à la ligne 1
 [ SQL语句 ] : SELECT `id` AS `member_id`,`member_name` AS `member_name`,`sex` AS `sex`,`hitnum` AS `hitnum`,`head_pic` AS `head_pic` FROM `member` WHERE `id` IN () 

[ 2016-10-20T10:44:43+08:00 ] ::1 /think_blog/Home/Member/friends/f/focus/member_id/29.html
INFO: [ app_init ] --START--
INFO: Run Behavior\BuildLiteBehavior [ RunTime:0.000029s ]
INFO: [ app_init ] --END-- [ RunTime:0.000574s ]
ERR: 1064:Erreur de syntaxe près de ')' à la ligne 1
 [ SQL语句 ] : SELECT `id` AS `member_id`,`member_name` AS `member_name`,`sex` AS `sex`,`hitnum` AS `hitnum`,`head_pic` AS `head_pic` FROM `member` WHERE `id` IN () 

[ 2016-10-20T10:46:11+08:00 ] ::1 /think_blog/Home/Member/friends/f/focus/member_id/29.html
INFO: [ app_init ] --START--
INFO: Run Behavior\BuildLiteBehavior [ RunTime:0.000030s ]
INFO: [ app_init ] --END-- [ RunTime:0.000665s ]
ERR: 1064:Erreur de syntaxe près de ')' à la ligne 1
 [ SQL语句 ] : SELECT `id` AS `member_id`,`member_name` AS `member_name`,`sex` AS `sex`,`hitnum` AS `hitnum`,`head_pic` AS `head_pic` FROM `member` WHERE `id` IN () 

[ 2016-10-20T10:46:14+08:00 ] ::1 /think_blog/Home/Member/friends/f/focus/member_id/29.html
INFO: [ app_init ] --START--
INFO: Run Behavior\BuildLiteBehavior [ RunTime:0.000059s ]
INFO: [ app_init ] --END-- [ RunTime:0.000641s ]
ERR: 1064:Erreur de syntaxe près de ')' à la ligne 1
 [ SQL语句 ] : SELECT `id` AS `member_id`,`member_name` AS `member_name`,`sex` AS `sex`,`hitnum` AS `hitnum`,`head_pic` AS `head_pic` FROM `member` WHERE `id` IN () 

[ 2016-10-20T10:48:16+08:00 ] ::1 /think_blog/Home/Member/friends/f/focus/member_id/29.html
INFO: [ app_init ] --START--
INFO: Run Behavior\BuildLiteBehavior [ RunTime:0.000030s ]
INFO: [ app_init ] --END-- [ RunTime:0.000640s ]
ERR: 1054:Champ 'Array' inconnu dans where clause
 [ SQL语句 ] : SELECT `id` AS `member_id`,`member_name` AS `member_name`,`sex` AS `sex`,`hitnum` AS `hitnum`,`head_pic` AS `head_pic` FROM `member` WHERE `id` IN (Array) 

[ 2016-10-20T10:48:35+08:00 ] ::1 /think_blog/Home/Member/friends/f/focus/member_id/29.html
INFO: [ app_init ] --START--
INFO: Run Behavior\BuildLiteBehavior [ RunTime:0.000025s ]
INFO: [ app_init ] --END-- [ RunTime:0.000450s ]
ERR: 1064:Erreur de syntaxe près de ')' à la ligne 1
 [ SQL语句 ] : SELECT `id` AS `member_id`,`member_name` AS `member_name`,`sex` AS `sex`,`hitnum` AS `hitnum`,`head_pic` AS `head_pic` FROM `member` WHERE `id` IN () 

[ 2016-10-20T10:51:09+08:00 ] ::1 /think_blog/Home/Member/friends/f/focus/member_id/29.html
INFO: [ app_init ] --START--
INFO: Run Behavior\BuildLiteBehavior [ RunTime:0.000030s ]
INFO: [ app_init ] --END-- [ RunTime:0.000641s ]

[ 2016-10-20T10:52:44+08:00 ] ::1 /think_blog/Home/Member/friends/f/focus/member_id/29.html
INFO: [ app_init ] --START--
INFO: Run Behavior\BuildLiteBehavior [ RunTime:0.000030s ]
INFO: [ app_init ] --END-- [ RunTime:0.000591s ]

[ 2016-10-20T10:56:03+08:00 ] ::1 /think_blog/Home/Member/friends/f/focus/member_id/41.html
INFO: [ app_init ] --START--
INFO: Run Behavior\BuildLiteBehavior [ RunTime:0.000028s ]
INFO: [ app_init ] --END-- [ RunTime:0.000536s ]

[ 2016-10-20T13:36:52+08:00 ] ::1 /think_blog/Home/Member/friends/f/focus/member_id/41.html
INFO: [ app_init ] --START--
INFO: Run Behavior\BuildLiteBehavior [ RunTime:0.000033s ]
INFO: [ app_init ] --END-- [ RunTime:0.000619s ]

[ 2016-10-20T13:36:55+08:00 ] ::1 /think_blog/Home/Member/friends/f/focus/member_id/41.html
INFO: [ app_init ] --START--
INFO: Run Behavior\BuildLiteBehavior [ RunTime:0.000029s ]
INFO: [ app_init ] --END-- [ RunTime:0.000632s ]

[ 2016-10-20T13:36:57+08:00 ] ::1 /think_blog/Home/Member/friends/f/focus/member_id/41.html
INFO: [ app_init ] --START--
INFO: Run Behavior\BuildLiteBehavior [ RunTime:0.000027s ]
INFO: [ app_init ] --END-- [ RunTime:0.000566s ]

[ 2016-10-20T13:36:59+08:00 ] ::1 /think_blog/Home/Member/friends/f/focus/member_id/41.html
INFO: [ app_init ] --START--
INFO: Run Behavior\BuildLiteBehavior [ RunTime:0.000027s ]
INFO: [ app_init ] --END-- [ RunTime:0.000542s ]

[ 2016-10-20T13:37:01+08:00 ] ::1 /think_blog/Home/Member/friends/f/focus/member_id/41.html
INFO: [ app_init ] --START--
INFO: Run Behavior\BuildLiteBehavior [ RunTime:0.000028s ]
INFO: [ app_init ] --END-- [ RunTime:0.000575s ]

[ 2016-10-20T13:37:02+08:00 ] ::1 /think_blog/Home/Member/friends/f/focus/member_id/41.html
INFO: [ app_init ] --START--
INFO: Run Behavior\BuildLiteBehavior [ RunTime:0.000044s ]
INFO: [ app_init ] --END-- [ RunTime:0.000794s ]

[ 2016-10-20T13:37:05+08:00 ] ::1 /think_blog/Home/Member/friends/f/focus/member_id/41.html
INFO: [ app_init ] --START--
INFO: Run Behavior\BuildLiteBehavior [ RunTime:0.000028s ]
INFO: [ app_init ] --END-- [ RunTime:0.000577s ]

[ 2016-10-20T13:37:08+08:00 ] ::1 /think_blog/Home/Member/friends/f/focus/member_id/41.html
INFO: [ app_init ] --START--
INFO: Run Behavior\BuildLiteBehavior [ RunTime:0.000028s ]
INFO: [ app_init ] --END-- [ RunTime:0.000576s ]

[ 2016-10-20T13:37:12+08:00 ] ::1 /think_blog/Home/Member/friends/f/focus/member_id/41.html
INFO: [ app_init ] --START--
INFO: Run Behavior\BuildLiteBehavior [ RunTime:0.000026s ]
INFO: [ app_init ] --END-- [ RunTime:0.000506s ]

[ 2016-10-20T13:45:53+08:00 ] ::1 /think_blog/Home/Article/index/article_id/3.html
INFO: [ app_init ] --START--
INFO: Run Behavior\BuildLiteBehavior [ RunTime:0.000025s ]
INFO: [ app_init ] --END-- [ RunTime:0.000539s ]

[ 2016-10-20T13:47:35+08:00 ] ::1 /think_blog/Home/Article/index/article_id/3.html
INFO: [ app_init ] --START--
INFO: Run Behavior\BuildLiteBehavior [ RunTime:0.000028s ]
INFO: [ app_init ] --END-- [ RunTime:0.000575s ]

[ 2016-10-20T14:23:23+08:00 ] ::1 /think_blog/Home/ArticleComment/getArticleComment
INFO: [ app_init ] --START--
INFO: Run Behavior\BuildLiteBehavior [ RunTime:0.000044s ]
INFO: [ app_init ] --END-- [ RunTime:0.000967s ]
INFO: [ app_begin ] --START--
INFO: Run Behavior\ReadHtmlCacheBehavior [ RunTime:0.000898s ]
INFO: [ app_begin ] --END-- [ RunTime:0.001202s ]
SQL: SHOW COLUMNS FROM `article` [ RunTime:0.0049s ]
SQL: SELECT `id` FROM `article` WHERE `id` = 3  [ RunTime:0.0004s ]
NOTIC: [2048] Declaration of Home\Model\ArticleCommentModel::comment() should be compatible with Think\Model::comment($comment) D:\wamp\www\think_blog\Application\Home\Model\ArticleCommentModel.class.php 第 91 行.
SQL: SHOW COLUMNS FROM `article_comment` [ RunTime:0.0041s ]
SQL: SELECT ac.member_id AS `member_id`,m.member_name AS `member_name`,m.head_pic AS `head_pic`,ac.comment_content AS `comment_content`,ac.comment_time AS `comment_time` FROM article_comment ac INNER JOIN member m ON ac.member_id=m.id  WHERE ac.article_id = '3' LIMIT 10,10   [ RunTime:0.0007s ]
SQL: SELECT count(ac.id) AS `count` FROM article_comment ac INNER JOIN member m ON ac.member_id=m.id  WHERE ac.article_id = '3'  [ RunTime:0.0005s ]

[ 2016-10-20T14:24:10+08:00 ] ::1 /think_blog/Home/Article/index/article_id/3.html
INFO: [ app_init ] --START--
INFO: Run Behavior\BuildLiteBehavior [ RunTime:0.000028s ]
INFO: [ app_init ] --END-- [ RunTime:0.000584s ]

[ 2016-10-20T14:24:48+08:00 ] ::1 /think_blog/Home/Article/comment
INFO: [ app_init ] --START--
INFO: Run Behavior\BuildLiteBehavior [ RunTime:0.000026s ]
INFO: [ app_init ] --END-- [ RunTime:0.000636s ]
INFO: [ app_begin ] --START--
INFO: Run Behavior\ReadHtmlCacheBehavior [ RunTime:0.000653s ]
INFO: [ app_begin ] --END-- [ RunTime:0.000776s ]
ERR: 非法操作:comment

[ 2016-10-20T14:25:41+08:00 ] ::1 /think_blog/Home/Article/index/article_id/3.html
INFO: [ app_init ] --START--
INFO: Run Behavior\BuildLiteBehavior [ RunTime:0.000030s ]
INFO: [ app_init ] --END-- [ RunTime:0.000545s ]

[ 2016-10-20T14:25:58+08:00 ] ::1 /think_blog/Home/ArticleComment/comment
INFO: [ app_init ] --START--
INFO: Run Behavior\BuildLiteBehavior [ RunTime:0.000026s ]
INFO: [ app_init ] --END-- [ RunTime:0.000613s ]
INFO: [ app_begin ] --START--
INFO: Run Behavior\ReadHtmlCacheBehavior [ RunTime:0.000617s ]
INFO: [ app_begin ] --END-- [ RunTime:0.000722s ]
SQL: SHOW COLUMNS FROM `article` [ RunTime:0.0042s ]
SQL: SELECT `id` FROM `article` WHERE `id` = 3  [ RunTime:0.0003s ]
NOTIC: [2048] Declaration of Home\Model\ArticleCommentModel::comment() should be compatible with Think\Model::comment($comment) D:\wamp\www\think_blog\Application\Home\Model\ArticleCommentModel.class.php 第 91 行.
SQL: SHOW COLUMNS FROM `article_comment` [ RunTime:0.0039s ]
ERR: 1452:Cannot add or update a child row: a foreign key constraint fails (`think_blog`.`article_comment`, CONSTRAINT `article_comment_ibfk_2` FOREIGN KEY (`member_id`) REFERENCES `member` (`id`))
 [ SQL语句 ] : INSERT INTO `article_comment` (`member_id`,`article_id`,`comment_content`,`comment_time`) VALUES ('0','3','&lt;p&gt;一篇不错的文章！！！&lt;/p&gt;','2016-10-20 02:25:57')
ERR: 1452:Cannot add or update a child row: a foreign key constraint fails (`think_blog`.`article_comment`, CONSTRAINT `article_comment_ibfk_2` FOREIGN KEY (`member_id`) REFERENCES `member` (`id`))
 [ SQL语句 ] : INSERT INTO `article_comment` (`member_id`,`article_id`,`comment_content`,`comment_time`) VALUES ('0','3','&lt;p&gt;一篇不错的文章！！！&lt;/p&gt;','2016-10-20 02:25:57')

[ 2016-10-20T14:27:19+08:00 ] ::1 /think_blog/Home/Member/logout.html
INFO: [ app_init ] --START--
INFO: Run Behavior\BuildLiteBehavior [ RunTime:0.000030s ]
INFO: [ app_init ] --END-- [ RunTime:0.000578s ]

[ 2016-10-20T14:27:19+08:00 ] ::1 /think_blog/Home/Member/Index.html
INFO: [ app_init ] --START--
INFO: Run Behavior\BuildLiteBehavior [ RunTime:0.000065s ]
INFO: [ app_init ] --END-- [ RunTime:0.001197s ]

[ 2016-10-20T14:27:19+08:00 ] ::1 /think_blog/Home/Member/login.html
INFO: [ app_init ] --START--
INFO: Run Behavior\BuildLiteBehavior [ RunTime:0.000034s ]
INFO: [ app_init ] --END-- [ RunTime:0.000678s ]

[ 2016-10-20T14:27:19+08:00 ] ::1 /think_blog/Home/Member/getVerify
INFO: [ app_init ] --START--
INFO: Run Behavior\BuildLiteBehavior [ RunTime:0.000038s ]
INFO: [ app_init ] --END-- [ RunTime:0.000614s ]

[ 2016-10-20T14:27:31+08:00 ] ::1 /think_blog/Home/Member/login.html
INFO: [ app_init ] --START--
INFO: Run Behavior\BuildLiteBehavior [ RunTime:0.000028s ]
INFO: [ app_init ] --END-- [ RunTime:0.000588s ]

[ 2016-10-20T14:27:31+08:00 ] ::1 /think_blog/Home/Member/Index.html
INFO: [ app_init ] --START--
INFO: Run Behavior\BuildLiteBehavior [ RunTime:0.000044s ]
INFO: [ app_init ] --END-- [ RunTime:0.000910s ]

[ 2016-10-20T14:27:33+08:00 ] ::1 /think_blog/Home/Article/index/article_id/3.html
INFO: [ app_init ] --START--
INFO: Run Behavior\BuildLiteBehavior [ RunTime:0.000054s ]
INFO: [ app_init ] --END-- [ RunTime:0.000843s ]

[ 2016-10-20T14:27:49+08:00 ] ::1 /think_blog/Home/ArticleComment/comment
INFO: [ app_init ] --START--
INFO: Run Behavior\BuildLiteBehavior [ RunTime:0.000026s ]
INFO: [ app_init ] --END-- [ RunTime:0.000505s ]
INFO: [ app_begin ] --START--
INFO: Run Behavior\ReadHtmlCacheBehavior [ RunTime:0.000498s ]
INFO: [ app_begin ] --END-- [ RunTime:0.000588s ]
SQL: SHOW COLUMNS FROM `article` [ RunTime:0.0053s ]
SQL: SELECT `id` FROM `article` WHERE `id` = 3  [ RunTime:0.0003s ]
NOTIC: [2048] Declaration of Home\Model\ArticleCommentModel::comment() should be compatible with Think\Model::comment($comment) D:\wamp\www\think_blog\Application\Home\Model\ArticleCommentModel.class.php 第 91 行.
SQL: SHOW COLUMNS FROM `article_comment` [ RunTime:0.0048s ]
ERR: 1452:Cannot add or update a child row: a foreign key constraint fails (`think_blog`.`article_comment`, CONSTRAINT `article_comment_ibfk_2` FOREIGN KEY (`member_id`) REFERENCES `member` (`id`))
 [ SQL语句 ] : INSERT INTO `article_comment` (`member_id`,`article_id`,`comment_content`,`comment_time`) VALUES ('0','3','&lt;p&gt;一篇不错的文章！！！&lt;/p&gt;','2016-10-20 02:27:48')
ERR: 1452:Cannot add or update a child row: a foreign key constraint fails (`think_blog`.`article_comment`, CONSTRAINT `article_comment_ibfk_2` FOREIGN KEY (`member_id`) REFERENCES `member` (`id`))
 [ SQL语句 ] : INSERT INTO `article_comment` (`member_id`,`article_id`,`comment_content`,`comment_time`) VALUES ('0','3','&lt;p&gt;一篇不错的文章！！！&lt;/p&gt;','2016-10-20 02:27:48')

[ 2016-10-20T14:31:25+08:00 ] ::1 /think_blog/Home/ArticleComment/comment
INFO: [ app_init ] --START--
INFO: Run Behavior\BuildLiteBehavior [ RunTime:0.000028s ]
INFO: [ app_init ] --END-- [ RunTime:0.000588s ]
INFO: [ app_begin ] --START--
INFO: Run Behavior\ReadHtmlCacheBehavior [ RunTime:0.000651s ]
INFO: [ app_begin ] --END-- [ RunTime:0.000772s ]
SQL: SHOW COLUMNS FROM `article` [ RunTime:0.0053s ]
SQL: SELECT `id` FROM `article` WHERE `id` = 3  [ RunTime:0.0003s ]
NOTIC: [2048] Declaration of Home\Model\ArticleCommentModel::comment() should be compatible with Think\Model::comment($comment) D:\wamp\www\think_blog\Application\Home\Model\ArticleCommentModel.class.php 第 91 行.
SQL: SHOW COLUMNS FROM `article_comment` [ RunTime:0.0053s ]
SQL: INSERT INTO `article_comment` (`member_id`,`article_id`,`comment_content`,`comment_time`) VALUES ('29','3','&lt;p&gt;一篇不错的文章！！！&lt;/p&gt;','2016-10-20 02:31:25') [ RunTime:0.0648s ]

[ 2016-10-20T14:31:26+08:00 ] ::1 /think_blog/Home/ArticleComment/getArticleComment
INFO: [ app_init ] --START--
INFO: Run Behavior\BuildLiteBehavior [ RunTime:0.000043s ]
INFO: [ app_init ] --END-- [ RunTime:0.000795s ]
INFO: [ app_begin ] --START--
INFO: Run Behavior\ReadHtmlCacheBehavior [ RunTime:0.000855s ]
INFO: [ app_begin ] --END-- [ RunTime:0.001050s ]
SQL: SHOW COLUMNS FROM `article` [ RunTime:0.0152s ]
SQL: SELECT `id` FROM `article` WHERE `id` = 3  [ RunTime:0.0002s ]
NOTIC: [2048] Declaration of Home\Model\ArticleCommentModel::comment() should be compatible with Think\Model::comment($comment) D:\wamp\www\think_blog\Application\Home\Model\ArticleCommentModel.class.php 第 91 行.
SQL: SHOW COLUMNS FROM `article_comment` [ RunTime:0.0042s ]
SQL: SELECT ac.member_id AS `member_id`,m.member_name AS `member_name`,m.head_pic AS `head_pic`,ac.comment_content AS `comment_content`,ac.comment_time AS `comment_time` FROM article_comment ac INNER JOIN member m ON ac.member_id=m.id  WHERE ac.article_id = '3' LIMIT 0,10   [ RunTime:0.0004s ]
SQL: SELECT count(ac.id) AS `count` FROM article_comment ac INNER JOIN member m ON ac.member_id=m.id  WHERE ac.article_id = '3'  [ RunTime:0.0002s ]

[ 2016-10-20T14:31:29+08:00 ] ::1 /think_blog/Home/ArticleComment/getArticleComment
INFO: [ app_init ] --START--
INFO: Run Behavior\BuildLiteBehavior [ RunTime:0.000031s ]
INFO: [ app_init ] --END-- [ RunTime:0.000766s ]
INFO: [ app_begin ] --START--
INFO: Run Behavior\ReadHtmlCacheBehavior [ RunTime:0.000888s ]
INFO: [ app_begin ] --END-- [ RunTime:0.001092s ]
SQL: SHOW COLUMNS FROM `article` [ RunTime:0.0044s ]
SQL: SELECT `id` FROM `article` WHERE `id` = 3  [ RunTime:0.0003s ]
NOTIC: [2048] Declaration of Home\Model\ArticleCommentModel::comment() should be compatible with Think\Model::comment($comment) D:\wamp\www\think_blog\Application\Home\Model\ArticleCommentModel.class.php 第 91 行.
SQL: SHOW COLUMNS FROM `article_comment` [ RunTime:0.0058s ]
SQL: SELECT ac.member_id AS `member_id`,m.member_name AS `member_name`,m.head_pic AS `head_pic`,ac.comment_content AS `comment_content`,ac.comment_time AS `comment_time` FROM article_comment ac INNER JOIN member m ON ac.member_id=m.id  WHERE ac.article_id = '3' LIMIT 10,10   [ RunTime:0.0004s ]
SQL: SELECT count(ac.id) AS `count` FROM article_comment ac INNER JOIN member m ON ac.member_id=m.id  WHERE ac.article_id = '3'  [ RunTime:0.0003s ]

[ 2016-10-20T14:44:33+08:00 ] ::1 /think_blog/Home/Article/index/article_id/3.html
INFO: [ app_init ] --START--
INFO: Run Behavior\BuildLiteBehavior [ RunTime:0.000027s ]
INFO: [ app_init ] --END-- [ RunTime:0.000612s ]

[ 2016-10-20T14:46:17+08:00 ] ::1 /think_blog/Home/Article/index/article_id/3.html
INFO: [ app_init ] --START--
INFO: Run Behavior\BuildLiteBehavior [ RunTime:0.000029s ]
INFO: [ app_init ] --END-- [ RunTime:0.000565s ]

[ 2016-10-20T14:46:21+08:00 ] ::1 /think_blog/Home/ArticleComment/getArticleComment
INFO: [ app_init ] --START--
INFO: Run Behavior\BuildLiteBehavior [ RunTime:0.000048s ]
INFO: [ app_init ] --END-- [ RunTime:0.000838s ]
INFO: [ app_begin ] --START--
INFO: Run Behavior\ReadHtmlCacheBehavior [ RunTime:0.000656s ]
INFO: [ app_begin ] --END-- [ RunTime:0.000810s ]
SQL: SHOW COLUMNS FROM `article` [ RunTime:0.0040s ]
SQL: SELECT `id` FROM `article` WHERE `id` = 3  [ RunTime:0.0002s ]
NOTIC: [2048] Declaration of Home\Model\ArticleCommentModel::comment() should be compatible with Think\Model::comment($comment) D:\wamp\www\think_blog\Application\Home\Model\ArticleCommentModel.class.php 第 91 行.
SQL: SHOW COLUMNS FROM `article_comment` [ RunTime:0.0056s ]
SQL: SELECT ac.member_id AS `member_id`,m.member_name AS `member_name`,m.head_pic AS `head_pic`,ac.comment_content AS `comment_content`,ac.comment_time AS `comment_time` FROM article_comment ac INNER JOIN member m ON ac.member_id=m.id  WHERE ac.article_id = '3' LIMIT 10,10   [ RunTime:0.0005s ]
SQL: SELECT count(ac.id) AS `count` FROM article_comment ac INNER JOIN member m ON ac.member_id=m.id  WHERE ac.article_id = '3'  [ RunTime:0.0003s ]

[ 2016-10-20T14:46:25+08:00 ] ::1 /think_blog/Home/Article/index/article_id/3.html
INFO: [ app_init ] --START--
INFO: Run Behavior\BuildLiteBehavior [ RunTime:0.000037s ]
INFO: [ app_init ] --END-- [ RunTime:0.000647s ]

[ 2016-10-20T14:46:27+08:00 ] ::1 /think_blog/Home/ArticleComment/getArticleComment
INFO: [ app_init ] --START--
INFO: Run Behavior\BuildLiteBehavior [ RunTime:0.000026s ]
INFO: [ app_init ] --END-- [ RunTime:0.000621s ]
INFO: [ app_begin ] --START--
INFO: Run Behavior\ReadHtmlCacheBehavior [ RunTime:0.000598s ]
INFO: [ app_begin ] --END-- [ RunTime:0.000699s ]
SQL: SHOW COLUMNS FROM `article` [ RunTime:0.0108s ]
SQL: SELECT `id` FROM `article` WHERE `id` = 3  [ RunTime:0.0003s ]
NOTIC: [2048] Declaration of Home\Model\ArticleCommentModel::comment() should be compatible with Think\Model::comment($comment) D:\wamp\www\think_blog\Application\Home\Model\ArticleCommentModel.class.php 第 91 行.
SQL: SHOW COLUMNS FROM `article_comment` [ RunTime:0.0048s ]
SQL: SELECT ac.member_id AS `member_id`,m.member_name AS `member_name`,m.head_pic AS `head_pic`,ac.comment_content AS `comment_content`,ac.comment_time AS `comment_time` FROM article_comment ac INNER JOIN member m ON ac.member_id=m.id  WHERE ac.article_id = '3' LIMIT 10,10   [ RunTime:0.0004s ]
SQL: SELECT count(ac.id) AS `count` FROM article_comment ac INNER JOIN member m ON ac.member_id=m.id  WHERE ac.article_id = '3'  [ RunTime:0.0003s ]

[ 2016-10-20T14:47:44+08:00 ] ::1 /think_blog/Home/Article/index/article_id/3.html
INFO: [ app_init ] --START--
INFO: Run Behavior\BuildLiteBehavior [ RunTime:0.000028s ]
INFO: [ app_init ] --END-- [ RunTime:0.000585s ]

[ 2016-10-20T14:47:46+08:00 ] ::1 /think_blog/Home/Article/index/article_id/3.html
INFO: [ app_init ] --START--
INFO: Run Behavior\BuildLiteBehavior [ RunTime:0.000044s ]
INFO: [ app_init ] --END-- [ RunTime:0.000901s ]

[ 2016-10-20T14:47:49+08:00 ] ::1 /think_blog/Home/ArticleComment/getArticleComment
INFO: [ app_init ] --START--
INFO: Run Behavior\BuildLiteBehavior [ RunTime:0.000049s ]
INFO: [ app_init ] --END-- [ RunTime:0.000977s ]
INFO: [ app_begin ] --START--
INFO: Run Behavior\ReadHtmlCacheBehavior [ RunTime:0.000743s ]
INFO: [ app_begin ] --END-- [ RunTime:0.000901s ]
SQL: SHOW COLUMNS FROM `article` [ RunTime:0.0052s ]
SQL: SELECT `id` FROM `article` WHERE `id` = 3  [ RunTime:0.0003s ]
NOTIC: [2048] Declaration of Home\Model\ArticleCommentModel::comment() should be compatible with Think\Model::comment($comment) D:\wamp\www\think_blog\Application\Home\Model\ArticleCommentModel.class.php 第 91 行.
SQL: SHOW COLUMNS FROM `article_comment` [ RunTime:0.0048s ]
SQL: SELECT ac.member_id AS `member_id`,m.member_name AS `member_name`,m.head_pic AS `head_pic`,ac.comment_content AS `comment_content`,ac.comment_time AS `comment_time` FROM article_comment ac INNER JOIN member m ON ac.member_id=m.id  WHERE ac.article_id = '3' LIMIT 10,10   [ RunTime:0.0004s ]
SQL: SELECT count(ac.id) AS `count` FROM article_comment ac INNER JOIN member m ON ac.member_id=m.id  WHERE ac.article_id = '3'  [ RunTime:0.0003s ]

[ 2016-10-20T14:48:15+08:00 ] ::1 /think_blog/Home/Article/index/article_id/3.html
INFO: [ app_init ] --START--
INFO: Run Behavior\BuildLiteBehavior [ RunTime:0.000047s ]
INFO: [ app_init ] --END-- [ RunTime:0.001102s ]

[ 2016-10-20T14:48:17+08:00 ] ::1 /think_blog/Home/ArticleComment/getArticleComment
INFO: [ app_init ] --START--
INFO: Run Behavior\BuildLiteBehavior [ RunTime:0.000043s ]
INFO: [ app_init ] --END-- [ RunTime:0.000743s ]
INFO: [ app_begin ] --START--
INFO: Run Behavior\ReadHtmlCacheBehavior [ RunTime:0.000591s ]
INFO: [ app_begin ] --END-- [ RunTime:0.000702s ]
SQL: SHOW COLUMNS FROM `article` [ RunTime:0.0051s ]
SQL: SELECT `id` FROM `article` WHERE `id` = 3  [ RunTime:0.0002s ]
NOTIC: [2048] Declaration of Home\Model\ArticleCommentModel::comment() should be compatible with Think\Model::comment($comment) D:\wamp\www\think_blog\Application\Home\Model\ArticleCommentModel.class.php 第 91 行.
SQL: SHOW COLUMNS FROM `article_comment` [ RunTime:0.0043s ]
SQL: SELECT ac.member_id AS `member_id`,m.member_name AS `member_name`,m.head_pic AS `head_pic`,ac.comment_content AS `comment_content`,ac.comment_time AS `comment_time` FROM article_comment ac INNER JOIN member m ON ac.member_id=m.id  WHERE ac.article_id = '3' LIMIT 10,10   [ RunTime:0.0004s ]
SQL: SELECT count(ac.id) AS `count` FROM article_comment ac INNER JOIN member m ON ac.member_id=m.id  WHERE ac.article_id = '3'  [ RunTime:0.0003s ]

[ 2016-10-20T14:49:51+08:00 ] ::1 /think_blog/Home/Article/index/article_id/3.html
INFO: [ app_init ] --START--
INFO: Run Behavior\BuildLiteBehavior [ RunTime:0.000023s ]
INFO: [ app_init ] --END-- [ RunTime:0.000486s ]

[ 2016-10-20T14:49:55+08:00 ] ::1 /think_blog/Home/Article/index/article_id/3.html
INFO: [ app_init ] --START--
INFO: Run Behavior\BuildLiteBehavior [ RunTime:0.000068s ]
INFO: [ app_init ] --END-- [ RunTime:0.001097s ]

[ 2016-10-20T14:49:59+08:00 ] ::1 /think_blog/Home/ArticleComment/getArticleComment
INFO: [ app_init ] --START--
INFO: Run Behavior\BuildLiteBehavior [ RunTime:0.000047s ]
INFO: [ app_init ] --END-- [ RunTime:0.000696s ]
INFO: [ app_begin ] --START--
INFO: Run Behavior\ReadHtmlCacheBehavior [ RunTime:0.000744s ]
INFO: [ app_begin ] --END-- [ RunTime:0.000881s ]
SQL: SHOW COLUMNS FROM `article` [ RunTime:0.0050s ]
SQL: SELECT `id` FROM `article` WHERE `id` = 3  [ RunTime:0.0003s ]
NOTIC: [2048] Declaration of Home\Model\ArticleCommentModel::comment() should be compatible with Think\Model::comment($comment) D:\wamp\www\think_blog\Application\Home\Model\ArticleCommentModel.class.php 第 91 行.
SQL: SHOW COLUMNS FROM `article_comment` [ RunTime:0.0043s ]
SQL: SELECT ac.member_id AS `member_id`,m.member_name AS `member_name`,m.head_pic AS `head_pic`,ac.comment_content AS `comment_content`,ac.comment_time AS `comment_time` FROM article_comment ac INNER JOIN member m ON ac.member_id=m.id  WHERE ac.article_id = '3' LIMIT 10,10   [ RunTime:0.0004s ]
SQL: SELECT count(ac.id) AS `count` FROM article_comment ac INNER JOIN member m ON ac.member_id=m.id  WHERE ac.article_id = '3'  [ RunTime:0.0002s ]

[ 2016-10-20T14:51:54+08:00 ] ::1 /think_blog/Home/Article/index/article_id/3.html
INFO: [ app_init ] --START--
INFO: Run Behavior\BuildLiteBehavior [ RunTime:0.000041s ]
INFO: [ app_init ] --END-- [ RunTime:0.000711s ]

[ 2016-10-20T14:51:56+08:00 ] ::1 /think_blog/Home/ArticleComment/getArticleComment
INFO: [ app_init ] --START--
INFO: Run Behavior\BuildLiteBehavior [ RunTime:0.000025s ]
INFO: [ app_init ] --END-- [ RunTime:0.000446s ]
INFO: [ app_begin ] --START--
INFO: Run Behavior\ReadHtmlCacheBehavior [ RunTime:0.000508s ]
INFO: [ app_begin ] --END-- [ RunTime:0.000612s ]
SQL: SHOW COLUMNS FROM `article` [ RunTime:0.0478s ]
SQL: SELECT `id` FROM `article` WHERE `id` = 3  [ RunTime:0.0005s ]
NOTIC: [2048] Declaration of Home\Model\ArticleCommentModel::comment() should be compatible with Think\Model::comment($comment) D:\wamp\www\think_blog\Application\Home\Model\ArticleCommentModel.class.php 第 91 行.
SQL: SHOW COLUMNS FROM `article_comment` [ RunTime:0.0091s ]
SQL: SELECT ac.member_id AS `member_id`,m.member_name AS `member_name`,m.head_pic AS `head_pic`,ac.comment_content AS `comment_content`,ac.comment_time AS `comment_time` FROM article_comment ac INNER JOIN member m ON ac.member_id=m.id  WHERE ac.article_id = '3' LIMIT 10,10   [ RunTime:0.0008s ]
SQL: SELECT count(ac.id) AS `count` FROM article_comment ac INNER JOIN member m ON ac.member_id=m.id  WHERE ac.article_id = '3'  [ RunTime:0.0007s ]

[ 2016-10-20T14:55:17+08:00 ] ::1 /think_blog/Home/Article/index/article_id/3.html
INFO: [ app_init ] --START--
INFO: Run Behavior\BuildLiteBehavior [ RunTime:0.000025s ]
INFO: [ app_init ] --END-- [ RunTime:0.000553s ]

[ 2016-10-20T14:55:19+08:00 ] ::1 /think_blog/Home/ArticleComment/getArticleComment
INFO: [ app_init ] --START--
INFO: Run Behavior\BuildLiteBehavior [ RunTime:0.000103s ]
INFO: [ app_init ] --END-- [ RunTime:0.000939s ]
INFO: [ app_begin ] --START--
INFO: Run Behavior\ReadHtmlCacheBehavior [ RunTime:0.001193s ]
INFO: [ app_begin ] --END-- [ RunTime:0.001407s ]
SQL: SHOW COLUMNS FROM `article` [ RunTime:0.0054s ]
SQL: SELECT `id` FROM `article` WHERE `id` = 3  [ RunTime:0.0005s ]
NOTIC: [2048] Declaration of Home\Model\ArticleCommentModel::comment() should be compatible with Think\Model::comment($comment) D:\wamp\www\think_blog\Application\Home\Model\ArticleCommentModel.class.php 第 91 行.
SQL: SHOW COLUMNS FROM `article_comment` [ RunTime:0.0042s ]
SQL: SELECT ac.member_id AS `member_id`,m.member_name AS `member_name`,m.head_pic AS `head_pic`,ac.comment_content AS `comment_content`,ac.comment_time AS `comment_time` FROM article_comment ac INNER JOIN member m ON ac.member_id=m.id  WHERE ac.article_id = '3' LIMIT 10,10   [ RunTime:0.0004s ]
SQL: SELECT count(ac.id) AS `count` FROM article_comment ac INNER JOIN member m ON ac.member_id=m.id  WHERE ac.article_id = '3'  [ RunTime:0.0002s ]

[ 2016-10-20T14:59:58+08:00 ] ::1 /think_blog/Home/Article/index/article_id/3.html
INFO: [ app_init ] --START--
INFO: Run Behavior\BuildLiteBehavior [ RunTime:0.000024s ]
INFO: [ app_init ] --END-- [ RunTime:0.000493s ]

[ 2016-10-20T15:00:30+08:00 ] ::1 /think_blog/Home/Article/index/article_id/3.html
INFO: [ app_init ] --START--
INFO: Run Behavior\BuildLiteBehavior [ RunTime:0.000028s ]
INFO: [ app_init ] --END-- [ RunTime:0.000551s ]

[ 2016-10-20T15:04:21+08:00 ] ::1 /think_blog/Home/Article/index/article_id/3.html
INFO: [ app_init ] --START--
INFO: Run Behavior\BuildLiteBehavior [ RunTime:0.000029s ]
INFO: [ app_init ] --END-- [ RunTime:0.000614s ]

[ 2016-10-20T15:04:25+08:00 ] ::1 /think_blog/Home/ArticleComment/getArticleComment
INFO: [ app_init ] --START--
INFO: Run Behavior\BuildLiteBehavior [ RunTime:0.000047s ]
INFO: [ app_init ] --END-- [ RunTime:0.000870s ]
INFO: [ app_begin ] --START--
INFO: Run Behavior\ReadHtmlCacheBehavior [ RunTime:0.001103s ]
INFO: [ app_begin ] --END-- [ RunTime:0.001417s ]
SQL: SHOW COLUMNS FROM `article` [ RunTime:0.0044s ]
SQL: SELECT `id` FROM `article` WHERE `id` = 3  [ RunTime:0.0002s ]
NOTIC: [2048] Declaration of Home\Model\ArticleCommentModel::comment() should be compatible with Think\Model::comment($comment) D:\wamp\www\think_blog\Application\Home\Model\ArticleCommentModel.class.php 第 96 行.
SQL: SHOW COLUMNS FROM `article_comment` [ RunTime:0.0051s ]
SQL: SELECT ac.member_id AS `member_id`,m.member_name AS `member_name`,m.head_pic AS `head_pic`,ac.comment_content AS `comment_content`,ac.comment_time AS `comment_time` FROM article_comment ac INNER JOIN member m ON ac.member_id=m.id  WHERE ac.article_id = '3' LIMIT 10,10   [ RunTime:0.0003s ]
NOTIC: [8] Undefined index: comment_content D:\wamp\www\think_blog\Application\Home\Model\ArticleCommentModel.class.php 第 37 行.
SQL: SELECT count(ac.id) AS `count` FROM article_comment ac INNER JOIN member m ON ac.member_id=m.id  WHERE ac.article_id = '3'  [ RunTime:0.0002s ]

[ 2016-10-20T15:04:28+08:00 ] ::1 /think_blog/Home/ArticleComment/getArticleComment
INFO: [ app_init ] --START--
INFO: Run Behavior\BuildLiteBehavior [ RunTime:0.000051s ]
INFO: [ app_init ] --END-- [ RunTime:0.001020s ]
INFO: [ app_begin ] --START--
INFO: Run Behavior\ReadHtmlCacheBehavior [ RunTime:0.000593s ]
INFO: [ app_begin ] --END-- [ RunTime:0.000724s ]
SQL: SHOW COLUMNS FROM `article` [ RunTime:0.0046s ]
SQL: SELECT `id` FROM `article` WHERE `id` = 3  [ RunTime:0.0003s ]
NOTIC: [2048] Declaration of Home\Model\ArticleCommentModel::comment() should be compatible with Think\Model::comment($comment) D:\wamp\www\think_blog\Application\Home\Model\ArticleCommentModel.class.php 第 96 行.
SQL: SHOW COLUMNS FROM `article_comment` [ RunTime:0.0048s ]
SQL: SELECT ac.member_id AS `member_id`,m.member_name AS `member_name`,m.head_pic AS `head_pic`,ac.comment_content AS `comment_content`,ac.comment_time AS `comment_time` FROM article_comment ac INNER JOIN member m ON ac.member_id=m.id  WHERE ac.article_id = '3' LIMIT 10,10   [ RunTime:0.0005s ]
NOTIC: [8] Undefined index: comment_content D:\wamp\www\think_blog\Application\Home\Model\ArticleCommentModel.class.php 第 37 行.
SQL: SELECT count(ac.id) AS `count` FROM article_comment ac INNER JOIN member m ON ac.member_id=m.id  WHERE ac.article_id = '3'  [ RunTime:0.0003s ]

[ 2016-10-20T15:04:29+08:00 ] ::1 /think_blog/Home/ArticleComment/getArticleComment
INFO: [ app_init ] --START--
INFO: Run Behavior\BuildLiteBehavior [ RunTime:0.000025s ]
INFO: [ app_init ] --END-- [ RunTime:0.000440s ]
INFO: [ app_begin ] --START--
INFO: Run Behavior\ReadHtmlCacheBehavior [ RunTime:0.000434s ]
INFO: [ app_begin ] --END-- [ RunTime:0.000562s ]
SQL: SHOW COLUMNS FROM `article` [ RunTime:0.0076s ]
SQL: SELECT `id` FROM `article` WHERE `id` = 3  [ RunTime:0.0003s ]
NOTIC: [2048] Declaration of Home\Model\ArticleCommentModel::comment() should be compatible with Think\Model::comment($comment) D:\wamp\www\think_blog\Application\Home\Model\ArticleCommentModel.class.php 第 96 行.
SQL: SHOW COLUMNS FROM `article_comment` [ RunTime:0.0049s ]
SQL: SELECT ac.member_id AS `member_id`,m.member_name AS `member_name`,m.head_pic AS `head_pic`,ac.comment_content AS `comment_content`,ac.comment_time AS `comment_time` FROM article_comment ac INNER JOIN member m ON ac.member_id=m.id  WHERE ac.article_id = '3' LIMIT 10,10   [ RunTime:0.0004s ]
NOTIC: [8] Undefined index: comment_content D:\wamp\www\think_blog\Application\Home\Model\ArticleCommentModel.class.php 第 37 行.
SQL: SELECT count(ac.id) AS `count` FROM article_comment ac INNER JOIN member m ON ac.member_id=m.id  WHERE ac.article_id = '3'  [ RunTime:0.0002s ]

[ 2016-10-20T15:04:30+08:00 ] ::1 /think_blog/Home/ArticleComment/getArticleComment
INFO: [ app_init ] --START--
INFO: Run Behavior\BuildLiteBehavior [ RunTime:0.000026s ]
INFO: [ app_init ] --END-- [ RunTime:0.000426s ]
INFO: [ app_begin ] --START--
INFO: Run Behavior\ReadHtmlCacheBehavior [ RunTime:0.000465s ]
INFO: [ app_begin ] --END-- [ RunTime:0.000581s ]
SQL: SHOW COLUMNS FROM `article` [ RunTime:0.0043s ]
SQL: SELECT `id` FROM `article` WHERE `id` = 3  [ RunTime:0.0004s ]
NOTIC: [2048] Declaration of Home\Model\ArticleCommentModel::comment() should be compatible with Think\Model::comment($comment) D:\wamp\www\think_blog\Application\Home\Model\ArticleCommentModel.class.php 第 96 行.
SQL: SHOW COLUMNS FROM `article_comment` [ RunTime:0.0041s ]
SQL: SELECT ac.member_id AS `member_id`,m.member_name AS `member_name`,m.head_pic AS `head_pic`,ac.comment_content AS `comment_content`,ac.comment_time AS `comment_time` FROM article_comment ac INNER JOIN member m ON ac.member_id=m.id  WHERE ac.article_id = '3' LIMIT 10,10   [ RunTime:0.0004s ]
NOTIC: [8] Undefined index: comment_content D:\wamp\www\think_blog\Application\Home\Model\ArticleCommentModel.class.php 第 37 行.
SQL: SELECT count(ac.id) AS `count` FROM article_comment ac INNER JOIN member m ON ac.member_id=m.id  WHERE ac.article_id = '3'  [ RunTime:0.0002s ]

[ 2016-10-20T15:04:30+08:00 ] ::1 /think_blog/Home/ArticleComment/getArticleComment
INFO: [ app_init ] --START--
INFO: Run Behavior\BuildLiteBehavior [ RunTime:0.000033s ]
INFO: [ app_init ] --END-- [ RunTime:0.000524s ]
INFO: [ app_begin ] --START--
INFO: Run Behavior\ReadHtmlCacheBehavior [ RunTime:0.000525s ]
INFO: [ app_begin ] --END-- [ RunTime:0.000653s ]
SQL: SHOW COLUMNS FROM `article` [ RunTime:0.0048s ]
SQL: SELECT `id` FROM `article` WHERE `id` = 3  [ RunTime:0.0002s ]
NOTIC: [2048] Declaration of Home\Model\ArticleCommentModel::comment() should be compatible with Think\Model::comment($comment) D:\wamp\www\think_blog\Application\Home\Model\ArticleCommentModel.class.php 第 96 行.
SQL: SHOW COLUMNS FROM `article_comment` [ RunTime:0.0043s ]
SQL: SELECT ac.member_id AS `member_id`,m.member_name AS `member_name`,m.head_pic AS `head_pic`,ac.comment_content AS `comment_content`,ac.comment_time AS `comment_time` FROM article_comment ac INNER JOIN member m ON ac.member_id=m.id  WHERE ac.article_id = '3' LIMIT 10,10   [ RunTime:0.0004s ]
NOTIC: [8] Undefined index: comment_content D:\wamp\www\think_blog\Application\Home\Model\ArticleCommentModel.class.php 第 37 行.
SQL: SELECT count(ac.id) AS `count` FROM article_comment ac INNER JOIN member m ON ac.member_id=m.id  WHERE ac.article_id = '3'  [ RunTime:0.0002s ]

[ 2016-10-20T15:04:31+08:00 ] ::1 /think_blog/Home/ArticleComment/getArticleComment
INFO: [ app_init ] --START--
INFO: Run Behavior\BuildLiteBehavior [ RunTime:0.000029s ]
INFO: [ app_init ] --END-- [ RunTime:0.000750s ]
INFO: [ app_begin ] --START--
INFO: Run Behavior\ReadHtmlCacheBehavior [ RunTime:0.000550s ]
INFO: [ app_begin ] --END-- [ RunTime:0.000685s ]
SQL: SHOW COLUMNS FROM `article` [ RunTime:0.0052s ]
SQL: SELECT `id` FROM `article` WHERE `id` = 3  [ RunTime:0.0002s ]
NOTIC: [2048] Declaration of Home\Model\ArticleCommentModel::comment() should be compatible with Think\Model::comment($comment) D:\wamp\www\think_blog\Application\Home\Model\ArticleCommentModel.class.php 第 96 行.
SQL: SHOW COLUMNS FROM `article_comment` [ RunTime:0.0046s ]
SQL: SELECT ac.member_id AS `member_id`,m.member_name AS `member_name`,m.head_pic AS `head_pic`,ac.comment_content AS `comment_content`,ac.comment_time AS `comment_time` FROM article_comment ac INNER JOIN member m ON ac.member_id=m.id  WHERE ac.article_id = '3' LIMIT 10,10   [ RunTime:0.0004s ]
NOTIC: [8] Undefined index: comment_content D:\wamp\www\think_blog\Application\Home\Model\ArticleCommentModel.class.php 第 37 行.
SQL: SELECT count(ac.id) AS `count` FROM article_comment ac INNER JOIN member m ON ac.member_id=m.id  WHERE ac.article_id = '3'  [ RunTime:0.0003s ]

[ 2016-10-20T15:04:58+08:00 ] ::1 /think_blog/Home/Article/index/article_id/3.html
INFO: [ app_init ] --START--
INFO: Run Behavior\BuildLiteBehavior [ RunTime:0.000037s ]
INFO: [ app_init ] --END-- [ RunTime:0.000682s ]

[ 2016-10-20T15:05:09+08:00 ] ::1 /think_blog/Home/ArticleComment/getArticleComment
INFO: [ app_init ] --START--
INFO: Run Behavior\BuildLiteBehavior [ RunTime:0.000037s ]
INFO: [ app_init ] --END-- [ RunTime:0.000598s ]
INFO: [ app_begin ] --START--
INFO: Run Behavior\ReadHtmlCacheBehavior [ RunTime:0.000424s ]
INFO: [ app_begin ] --END-- [ RunTime:0.000525s ]
SQL: SHOW COLUMNS FROM `article` [ RunTime:0.1245s ]
SQL: SELECT `id` FROM `article` WHERE `id` = 3  [ RunTime:0.0003s ]
NOTIC: [2048] Declaration of Home\Model\ArticleCommentModel::comment() should be compatible with Think\Model::comment($comment) D:\wamp\www\think_blog\Application\Home\Model\ArticleCommentModel.class.php 第 96 行.
SQL: SHOW COLUMNS FROM `article_comment` [ RunTime:0.0811s ]
SQL: SELECT ac.member_id AS `member_id`,m.member_name AS `member_name`,m.head_pic AS `head_pic`,ac.comment_content AS `comment_content`,ac.comment_time AS `comment_time` FROM article_comment ac INNER JOIN member m ON ac.member_id=m.id  WHERE ac.article_id = '3' LIMIT 10,10   [ RunTime:0.0004s ]
SQL: SELECT count(ac.id) AS `count` FROM article_comment ac INNER JOIN member m ON ac.member_id=m.id  WHERE ac.article_id = '3'  [ RunTime:0.0003s ]

[ 2016-10-20T15:05:25+08:00 ] ::1 /think_blog/Home/Article/index/article_id/3.html
INFO: [ app_init ] --START--
INFO: Run Behavior\BuildLiteBehavior [ RunTime:0.000028s ]
INFO: [ app_init ] --END-- [ RunTime:0.000579s ]

[ 2016-10-20T15:05:28+08:00 ] ::1 /think_blog/Home/ArticleComment/getArticleComment
INFO: [ app_init ] --START--
INFO: Run Behavior\BuildLiteBehavior [ RunTime:0.000038s ]
INFO: [ app_init ] --END-- [ RunTime:0.000546s ]
INFO: [ app_begin ] --START--
INFO: Run Behavior\ReadHtmlCacheBehavior [ RunTime:0.000545s ]
INFO: [ app_begin ] --END-- [ RunTime:0.000658s ]
SQL: SHOW COLUMNS FROM `article` [ RunTime:0.0073s ]
SQL: SELECT `id` FROM `article` WHERE `id` = 3  [ RunTime:0.0005s ]
NOTIC: [2048] Declaration of Home\Model\ArticleCommentModel::comment() should be compatible with Think\Model::comment($comment) D:\wamp\www\think_blog\Application\Home\Model\ArticleCommentModel.class.php 第 95 行.
SQL: SHOW COLUMNS FROM `article_comment` [ RunTime:0.0052s ]
SQL: SELECT ac.member_id AS `member_id`,m.member_name AS `member_name`,m.head_pic AS `head_pic`,ac.comment_content AS `comment_content`,ac.comment_time AS `comment_time` FROM article_comment ac INNER JOIN member m ON ac.member_id=m.id  WHERE ac.article_id = '3' LIMIT 10,10   [ RunTime:0.0005s ]
SQL: SELECT count(ac.id) AS `count` FROM article_comment ac INNER JOIN member m ON ac.member_id=m.id  WHERE ac.article_id = '3'  [ RunTime:0.0003s ]

[ 2016-10-20T15:06:01+08:00 ] ::1 /think_blog/Home/Article/index/article_id/15.html
INFO: [ app_init ] --START--
INFO: Run Behavior\BuildLiteBehavior [ RunTime:0.000034s ]
INFO: [ app_init ] --END-- [ RunTime:0.000576s ]

[ 2016-10-20T15:10:41+08:00 ] ::1 /think_blog/Home/Member/Index.html
INFO: [ app_init ] --START--
INFO: Run Behavior\BuildLiteBehavior [ RunTime:0.000028s ]
INFO: [ app_init ] --END-- [ RunTime:0.000543s ]

[ 2016-10-20T15:10:55+08:00 ] ::1 /think_blog/Home/Member/Index.html
INFO: [ app_init ] --START--
INFO: Run Behavior\BuildLiteBehavior [ RunTime:0.000027s ]
INFO: [ app_init ] --END-- [ RunTime:0.000510s ]

[ 2016-10-20T15:46:19+08:00 ] ::1 /think_blog/Home/Member/Index.html
INFO: [ app_init ] --START--
INFO: Run Behavior\BuildLiteBehavior [ RunTime:0.000023s ]
INFO: [ app_init ] --END-- [ RunTime:0.000636s ]

[ 2016-10-20T15:46:37+08:00 ] ::1 /think_blog/Home/Member/Index/member_id/41.html
INFO: [ app_init ] --START--
INFO: Run Behavior\BuildLiteBehavior [ RunTime:0.000025s ]
INFO: [ app_init ] --END-- [ RunTime:0.000548s ]

[ 2016-10-20T15:46:49+08:00 ] ::1 /think_blog/Home/Mess/mess
INFO: [ app_init ] --START--
INFO: Run Behavior\BuildLiteBehavior [ RunTime:0.000028s ]
INFO: [ app_init ] --END-- [ RunTime:0.000580s ]
INFO: [ app_begin ] --START--
INFO: Run Behavior\ReadHtmlCacheBehavior [ RunTime:0.000586s ]
INFO: [ app_begin ] --END-- [ RunTime:0.000706s ]
SQL: SHOW COLUMNS FROM `member` [ RunTime:0.0058s ]
SQL: SELECT `id` FROM `member` WHERE `id` = 41  [ RunTime:0.0003s ]
SQL: SHOW COLUMNS FROM `mess` [ RunTime:0.0049s ]

[ 2016-10-20T15:47:19+08:00 ] ::1 /think_blog/Home/Mess/mess
INFO: [ app_init ] --START--
INFO: Run Behavior\BuildLiteBehavior [ RunTime:0.000028s ]
INFO: [ app_init ] --END-- [ RunTime:0.000565s ]
INFO: [ app_begin ] --START--
INFO: Run Behavior\ReadHtmlCacheBehavior [ RunTime:0.000579s ]
INFO: [ app_begin ] --END-- [ RunTime:0.000697s ]
SQL: SHOW COLUMNS FROM `member` [ RunTime:0.0054s ]
SQL: SELECT `id` FROM `member` WHERE `id` = 41  [ RunTime:0.0003s ]
SQL: SHOW COLUMNS FROM `mess` [ RunTime:0.0048s ]
SQL: INSERT INTO `mess` (`messer_id`,`content`,`messed_id`,`mess_time`) VALUES ('29','&lt;p&gt;进来留言&lt;/p&gt;','41','2016-10-20 03:47:18') [ RunTime:0.0819s ]
INFO: [ app_end ] --START--
INFO: Run Behavior\ShowPageTraceBehavior [ RunTime:0.001970s ]
INFO: [ app_end ] --END-- [ RunTime:0.002318s ]

[ 2016-10-20T15:47:59+08:00 ] ::1 /think_blog/Home/Member/Index/member_id/41.html
INFO: [ app_init ] --START--
INFO: Run Behavior\BuildLiteBehavior [ RunTime:0.000041s ]
INFO: [ app_init ] --END-- [ RunTime:0.000809s ]

[ 2016-10-20T15:48:14+08:00 ] ::1 /think_blog/Home/Mess/mess
INFO: [ app_init ] --START--
INFO: Run Behavior\BuildLiteBehavior [ RunTime:0.000027s ]
INFO: [ app_init ] --END-- [ RunTime:0.000595s ]
INFO: [ app_begin ] --START--
INFO: Run Behavior\ReadHtmlCacheBehavior [ RunTime:0.000758s ]
INFO: [ app_begin ] --END-- [ RunTime:0.000884s ]
SQL: SHOW COLUMNS FROM `member` [ RunTime:0.0050s ]
SQL: SELECT `id` FROM `member` WHERE `id` = 41  [ RunTime:0.0003s ]
SQL: SHOW COLUMNS FROM `mess` [ RunTime:0.0047s ]
SQL: INSERT INTO `mess` (`messer_id`,`content`,`messed_id`,`mess_time`) VALUES ('29','&lt;p&gt;又来留言&lt;/p&gt;','41','2016-10-20 03:48:14') [ RunTime:0.0907s ]
INFO: [ app_end ] --START--
INFO: Run Behavior\ShowPageTraceBehavior [ RunTime:0.002055s ]
INFO: [ app_end ] --END-- [ RunTime:0.002443s ]

[ 2016-10-20T15:49:02+08:00 ] ::1 /think_blog/Home/Mess/mess
INFO: [ app_init ] --START--
INFO: Run Behavior\BuildLiteBehavior [ RunTime:0.000024s ]
INFO: [ app_init ] --END-- [ RunTime:0.000432s ]
INFO: [ app_begin ] --START--
INFO: Run Behavior\ReadHtmlCacheBehavior [ RunTime:0.000539s ]
INFO: [ app_begin ] --END-- [ RunTime:0.000673s ]
SQL: SHOW COLUMNS FROM `member` [ RunTime:0.0051s ]
SQL: SELECT `id` FROM `member` WHERE `id` = 41  [ RunTime:0.0003s ]
SQL: SHOW COLUMNS FROM `mess` [ RunTime:0.0045s ]
SQL: INSERT INTO `mess` (`messer_id`,`content`,`messed_id`,`mess_time`) VALUES ('29','&lt;p&gt;双来留言&lt;/p&gt;','41','2016-10-20 03:49:02') [ RunTime:0.1337s ]

[ 2016-10-20T15:49:18+08:00 ] ::1 /think_blog/Home/Member/Index/member_id/41.html
INFO: [ app_init ] --START--
INFO: Run Behavior\BuildLiteBehavior [ RunTime:0.000026s ]
INFO: [ app_init ] --END-- [ RunTime:0.000515s ]

[ 2016-10-20T15:53:25+08:00 ] ::1 /think_blog/Home/Member/Index/member_id/41.html
INFO: [ app_init ] --START--
INFO: Run Behavior\BuildLiteBehavior [ RunTime:0.000025s ]
INFO: [ app_init ] --END-- [ RunTime:0.000518s ]

[ 2016-10-20T15:54:27+08:00 ] ::1 /think_blog/Home/Member/Index/member_id/41.html
INFO: [ app_init ] --START--
INFO: Run Behavior\BuildLiteBehavior [ RunTime:0.000043s ]
INFO: [ app_init ] --END-- [ RunTime:0.000741s ]

[ 2016-10-20T15:54:42+08:00 ] ::1 /think_blog/Home/Member/Index/member_id/41.html
INFO: [ app_init ] --START--
INFO: Run Behavior\BuildLiteBehavior [ RunTime:0.000028s ]
INFO: [ app_init ] --END-- [ RunTime:0.000600s ]

[ 2016-10-20T15:54:55+08:00 ] ::1 /think_blog/Home/Member/Index/member_id/41.html
INFO: [ app_init ] --START--
INFO: Run Behavior\BuildLiteBehavior [ RunTime:0.000030s ]
INFO: [ app_init ] --END-- [ RunTime:0.000577s ]

[ 2016-10-20T15:55:09+08:00 ] ::1 /think_blog/Home/Member/Index/member_id/41.html
INFO: [ app_init ] --START--
INFO: Run Behavior\BuildLiteBehavior [ RunTime:0.000029s ]
INFO: [ app_init ] --END-- [ RunTime:0.000559s ]

[ 2016-10-20T16:01:46+08:00 ] ::1 /think_blog/Home/Member/logout.html
INFO: [ app_init ] --START--
INFO: Run Behavior\BuildLiteBehavior [ RunTime:0.000030s ]
INFO: [ app_init ] --END-- [ RunTime:0.001052s ]

[ 2016-10-20T16:01:46+08:00 ] ::1 /think_blog/Home/Member/Index.html
INFO: [ app_init ] --START--
INFO: Run Behavior\BuildLiteBehavior [ RunTime:0.000022s ]
INFO: [ app_init ] --END-- [ RunTime:0.000424s ]

[ 2016-10-20T16:01:46+08:00 ] ::1 /think_blog/Home/Member/login.html
INFO: [ app_init ] --START--
INFO: Run Behavior\BuildLiteBehavior [ RunTime:0.000030s ]
INFO: [ app_init ] --END-- [ RunTime:0.000440s ]

[ 2016-10-20T16:01:46+08:00 ] ::1 /think_blog/Home/Member/getVerify
INFO: [ app_init ] --START--
INFO: Run Behavior\BuildLiteBehavior [ RunTime:0.000026s ]
INFO: [ app_init ] --END-- [ RunTime:0.000456s ]

[ 2016-10-20T16:01:59+08:00 ] ::1 /think_blog/Home/Member/index/member_id/41.html
INFO: [ app_init ] --START--
INFO: Run Behavior\BuildLiteBehavior [ RunTime:0.000029s ]
INFO: [ app_init ] --END-- [ RunTime:0.000588s ]

[ 2016-10-20T16:02:09+08:00 ] ::1 /think_blog/Home/Mess/mess
INFO: [ app_init ] --START--
INFO: Run Behavior\BuildLiteBehavior [ RunTime:0.000026s ]
INFO: [ app_init ] --END-- [ RunTime:0.000531s ]
INFO: [ app_begin ] --START--
INFO: Run Behavior\ReadHtmlCacheBehavior [ RunTime:0.000591s ]
INFO: [ app_begin ] --END-- [ RunTime:0.000690s ]

[ 2016-10-20T16:02:09+08:00 ] ::1 /think_blog/Home/Mess/login.html
INFO: [ app_init ] --START--
INFO: Run Behavior\BuildLiteBehavior [ RunTime:0.000025s ]
INFO: [ app_init ] --END-- [ RunTime:0.000497s ]
INFO: [ app_begin ] --START--
INFO: Run Behavior\ReadHtmlCacheBehavior [ RunTime:0.000505s ]
INFO: [ app_begin ] --END-- [ RunTime:0.000602s ]
ERR: 非法操作:login

[ 2016-10-20T16:07:41+08:00 ] ::1 /think_blog/?XDEBUG_SESSION_START=12503
INFO: [ app_init ] --START--
INFO: Run Behavior\BuildLiteBehavior [ RunTime:0.000064s ]
INFO: [ app_init ] --END-- [ RunTime:0.000721s ]

[ 2016-10-20T16:08:23+08:00 ] ::1 /think_blog/Home/Member/index/member_id/41.html
INFO: [ app_init ] --START--
INFO: Run Behavior\BuildLiteBehavior [ RunTime:0.000077s ]
INFO: [ app_init ] --END-- [ RunTime:0.001054s ]

[ 2016-10-20T16:08:26+08:00 ] ::1 /think_blog/Home/Member/index/member_id/41.html
INFO: [ app_init ] --START--
INFO: Run Behavior\BuildLiteBehavior [ RunTime:0.000046s ]
INFO: [ app_init ] --END-- [ RunTime:0.000962s ]

[ 2016-10-20T16:08:31+08:00 ] ::1 /think_blog/?XDEBUG_SESSION_START=14224
INFO: [ app_init ] --START--
INFO: Run Behavior\BuildLiteBehavior [ RunTime:0.000087s ]
INFO: [ app_init ] --END-- [ RunTime:0.000775s ]

[ 2016-10-20T16:08:37+08:00 ] ::1 /think_blog/Home/Member/index/member_id/41.html
INFO: [ app_init ] --START--
INFO: Run Behavior\BuildLiteBehavior [ RunTime:0.000122s ]
INFO: [ app_init ] --END-- [ RunTime:0.001244s ]

[ 2016-10-20T16:08:54+08:00 ] ::1 /think_blog/Home/Mess/mess
INFO: [ app_init ] --START--
INFO: Run Behavior\BuildLiteBehavior [ RunTime:0.000065s ]
INFO: [ app_init ] --END-- [ RunTime:0.000701s ]
INFO: [ app_begin ] --START--
INFO: Run Behavior\ReadHtmlCacheBehavior [ RunTime:0.000914s ]
INFO: [ app_begin ] --END-- [ RunTime:0.001308s ]

[ 2016-10-20T16:08:54+08:00 ] ::1 /think_blog/Home/Mess/login.html
INFO: [ app_init ] --START--
INFO: Run Behavior\BuildLiteBehavior [ RunTime:0.000066s ]
INFO: [ app_init ] --END-- [ RunTime:0.000611s ]
INFO: [ app_begin ] --START--
INFO: Run Behavior\ReadHtmlCacheBehavior [ RunTime:0.000489s ]
INFO: [ app_begin ] --END-- [ RunTime:0.000699s ]
ERR: 非法操作:login

[ 2016-10-20T16:10:38+08:00 ] ::1 /think_blog/Home/Mess/mess
INFO: [ app_init ] --START--
INFO: Run Behavior\BuildLiteBehavior [ RunTime:0.000063s ]
INFO: [ app_init ] --END-- [ RunTime:0.000643s ]
INFO: [ app_begin ] --START--
INFO: Run Behavior\ReadHtmlCacheBehavior [ RunTime:0.000510s ]
INFO: [ app_begin ] --END-- [ RunTime:0.000731s ]

[ 2016-10-20T16:10:38+08:00 ] ::1 /think_blog/Home/Member/login.html
INFO: [ app_init ] --START--
INFO: Run Behavior\BuildLiteBehavior [ RunTime:0.000086s ]
INFO: [ app_init ] --END-- [ RunTime:0.000919s ]
INFO: [ app_begin ] --START--
INFO: Run Behavior\ReadHtmlCacheBehavior [ RunTime:0.000733s ]
INFO: [ app_begin ] --END-- [ RunTime:0.001017s ]
INFO: [ view_parse ] --START--
INFO: [ template_filter ] --START--
INFO: Run Behavior\ContentReplaceBehavior [ RunTime:0.000161s ]
INFO: [ template_filter ] --END-- [ RunTime:0.000432s ]
NOTIC: [8] Undefined variable: msg D:\wamp\www\think_blog\Application\Runtime\Cache\Home\c4e9b6f7cdab83725c9facfcc5440efe.php 第 27 行.
INFO: Run Behavior\ParseTemplateBehavior [ RunTime:0.013963s ]
INFO: [ view_parse ] --END-- [ RunTime:0.014350s ]
INFO: [ view_filter ] --START--
INFO: Run Behavior\WriteHtmlCacheBehavior [ RunTime:0.000847s ]
INFO: [ view_filter ] --END-- [ RunTime:0.001197s ]
INFO: [ app_end ] --START--
INFO: Run Behavior\ShowPageTraceBehavior [ RunTime:0.000834s ]
INFO: [ app_end ] --END-- [ RunTime:0.001100s ]

[ 2016-10-20T16:15:24+08:00 ] ::1 /think_blog/Home/Mess/mess
INFO: [ app_init ] --START--
INFO: Run Behavior\BuildLiteBehavior [ RunTime:0.000072s ]
INFO: [ app_init ] --END-- [ RunTime:0.000841s ]
INFO: [ app_begin ] --START--
INFO: Run Behavior\ReadHtmlCacheBehavior [ RunTime:0.000658s ]
INFO: [ app_begin ] --END-- [ RunTime:0.000909s ]

[ 2016-10-20T16:18:06+08:00 ] ::1 /think_blog/Home/Member/index/member_id/41.html
INFO: [ app_init ] --START--
INFO: Run Behavior\BuildLiteBehavior [ RunTime:0.000036s ]
INFO: [ app_init ] --END-- [ RunTime:0.000766s ]

[ 2016-10-20T16:18:11+08:00 ] ::1 /think_blog/Home/Mess/mess
INFO: [ app_init ] --START--
INFO: Run Behavior\BuildLiteBehavior [ RunTime:0.000089s ]
INFO: [ app_init ] --END-- [ RunTime:0.001684s ]
INFO: [ app_begin ] --START--
INFO: Run Behavior\ReadHtmlCacheBehavior [ RunTime:0.001879s ]
INFO: [ app_begin ] --END-- [ RunTime:0.002548s ]
INFO: [ app_end ] --START--
INFO: Run Behavior\ShowPageTraceBehavior [ RunTime:0.000973s ]
INFO: [ app_end ] --END-- [ RunTime:0.001158s ]

[ 2016-10-20T16:19:15+08:00 ] ::1 /think_blog/Home/Member/index/member_id/41.html
INFO: [ app_init ] --START--
INFO: Run Behavior\BuildLiteBehavior [ RunTime:0.000067s ]
INFO: [ app_init ] --END-- [ RunTime:0.001292s ]

[ 2016-10-20T16:19:20+08:00 ] ::1 /think_blog/Home/Mess/mess
INFO: [ app_init ] --START--
INFO: Run Behavior\BuildLiteBehavior [ RunTime:0.000056s ]
INFO: [ app_init ] --END-- [ RunTime:0.000930s ]
INFO: [ app_begin ] --START--
INFO: Run Behavior\ReadHtmlCacheBehavior [ RunTime:0.000837s ]
INFO: [ app_begin ] --END-- [ RunTime:0.001038s ]
INFO: [ app_end ] --START--
INFO: Run Behavior\ShowPageTraceBehavior [ RunTime:0.000973s ]
INFO: [ app_end ] --END-- [ RunTime:0.001193s ]

[ 2016-10-20T16:21:12+08:00 ] ::1 /think_blog/Home/Mess/mess
INFO: [ app_init ] --START--
INFO: Run Behavior\BuildLiteBehavior [ RunTime:0.000028s ]
INFO: [ app_init ] --END-- [ RunTime:0.000616s ]
INFO: [ app_begin ] --START--
INFO: Run Behavior\ReadHtmlCacheBehavior [ RunTime:0.000671s ]
INFO: [ app_begin ] --END-- [ RunTime:0.000790s ]

[ 2016-10-20T16:21:18+08:00 ] ::1 /think_blog/Home/Member/login.html
INFO: [ app_init ] --START--
INFO: Run Behavior\BuildLiteBehavior [ RunTime:0.000060s ]
INFO: [ app_init ] --END-- [ RunTime:0.001085s ]

[ 2016-10-20T16:21:18+08:00 ] ::1 /think_blog/Home/Member/getVerify
INFO: [ app_init ] --START--
INFO: Run Behavior\BuildLiteBehavior [ RunTime:0.000024s ]
INFO: [ app_init ] --END-- [ RunTime:0.000511s ]

[ 2016-10-20T16:21:30+08:00 ] ::1 /think_blog/Home/Member/login.html
INFO: [ app_init ] --START--
INFO: Run Behavior\BuildLiteBehavior [ RunTime:0.000078s ]
INFO: [ app_init ] --END-- [ RunTime:0.001549s ]

[ 2016-10-20T16:21:30+08:00 ] ::1 /think_blog/Home/Member/Index.html
INFO: [ app_init ] --START--
INFO: Run Behavior\BuildLiteBehavior [ RunTime:0.000079s ]
INFO: [ app_init ] --END-- [ RunTime:0.001300s ]

[ 2016-10-20T16:21:37+08:00 ] ::1 /think_blog/Home/Member/Index/member_id/41.html
INFO: [ app_init ] --START--
INFO: Run Behavior\BuildLiteBehavior [ RunTime:0.000046s ]
INFO: [ app_init ] --END-- [ RunTime:0.001028s ]

[ 2016-10-20T16:21:44+08:00 ] ::1 /think_blog/Home/Mess/mess
INFO: [ app_init ] --START--
INFO: Run Behavior\BuildLiteBehavior [ RunTime:0.000033s ]
INFO: [ app_init ] --END-- [ RunTime:0.000591s ]
INFO: [ app_begin ] --START--
INFO: Run Behavior\ReadHtmlCacheBehavior [ RunTime:0.000763s ]
INFO: [ app_begin ] --END-- [ RunTime:0.000936s ]
SQL: SHOW COLUMNS FROM `member` [ RunTime:0.0052s ]
SQL: SELECT `id` FROM `member` WHERE `id` = 41  [ RunTime:0.0003s ]
SQL: SHOW COLUMNS FROM `mess` [ RunTime:0.0050s ]
SQL: INSERT INTO `mess` (`messer_id`,`content`,`messed_id`,`mess_time`) VALUES ('29','&lt;p&gt;留言&lt;/p&gt;','41','2016-10-20 04:21:44') [ RunTime:0.0957s ]

[ 2016-10-20T16:26:42+08:00 ] ::1 /think_blog/Home/Article/index/article_id/4.html
INFO: [ app_init ] --START--
INFO: Run Behavior\BuildLiteBehavior [ RunTime:0.000024s ]
INFO: [ app_init ] --END-- [ RunTime:0.000468s ]

[ 2016-10-20T16:28:27+08:00 ] ::1 /think_blog/Home/Article/index/article_id/15.html
INFO: [ app_init ] --START--
INFO: Run Behavior\BuildLiteBehavior [ RunTime:0.000064s ]
INFO: [ app_init ] --END-- [ RunTime:0.001583s ]

[ 2016-10-20T16:28:43+08:00 ] ::1 /think_blog/Home/ArticleComment/comment
INFO: [ app_init ] --START--
INFO: Run Behavior\BuildLiteBehavior [ RunTime:0.000087s ]
INFO: [ app_init ] --END-- [ RunTime:0.001785s ]
INFO: [ app_begin ] --START--
INFO: Run Behavior\ReadHtmlCacheBehavior [ RunTime:0.001065s ]
INFO: [ app_begin ] --END-- [ RunTime:0.001249s ]
SQL: SHOW COLUMNS FROM `article` [ RunTime:0.0081s ]
SQL: SELECT `id` FROM `article` WHERE `id` = 15  [ RunTime:0.0004s ]
NOTIC: [2048] Declaration of Home\Model\ArticleCommentModel::comment() should be compatible with Think\Model::comment($comment) D:\wamp\www\think_blog\Application\Home\Model\ArticleCommentModel.class.php 第 101 行.
SQL: SHOW COLUMNS FROM `article_comment` [ RunTime:0.0069s ]
SQL: INSERT INTO `article_comment` (`member_id`,`article_id`,`comment_content`,`comment_time`) VALUES ('29','15','&lt;p&gt;很现实&lt;/p&gt;','2016-10-20 04:28:43') [ RunTime:0.1039s ]

[ 2016-10-20T16:28:44+08:00 ] ::1 /think_blog/Home/ArticleComment/getArticleComment
INFO: [ app_init ] --START--
INFO: Run Behavior\BuildLiteBehavior [ RunTime:0.000045s ]
INFO: [ app_init ] --END-- [ RunTime:0.001038s ]
INFO: [ app_begin ] --START--
INFO: Run Behavior\ReadHtmlCacheBehavior [ RunTime:0.000868s ]
INFO: [ app_begin ] --END-- [ RunTime:0.001052s ]
SQL: SHOW COLUMNS FROM `article` [ RunTime:0.0050s ]
SQL: SELECT `id` FROM `article` WHERE `id` = 15  [ RunTime:0.0003s ]
NOTIC: [2048] Declaration of Home\Model\ArticleCommentModel::comment() should be compatible with Think\Model::comment($comment) D:\wamp\www\think_blog\Application\Home\Model\ArticleCommentModel.class.php 第 101 行.
SQL: SHOW COLUMNS FROM `article_comment` [ RunTime:0.0043s ]
SQL: SELECT ac.member_id AS `member_id`,m.member_name AS `member_name`,m.head_pic AS `head_pic`,ac.comment_content AS `comment_content`,ac.comment_time AS `comment_time` FROM article_comment ac INNER JOIN member m ON ac.member_id=m.id  WHERE ac.article_id = '15' LIMIT 0,10   [ RunTime:0.0004s ]
SQL: SELECT count(ac.id) AS `count` FROM article_comment ac INNER JOIN member m ON ac.member_id=m.id  WHERE ac.article_id = '15'  [ RunTime:0.0003s ]

[ 2016-10-20T16:29:15+08:00 ] ::1 /think_blog/Home/Article/index/article_id/15.html
INFO: [ app_init ] --START--
INFO: Run Behavior\BuildLiteBehavior [ RunTime:0.000046s ]
INFO: [ app_init ] --END-- [ RunTime:0.000928s ]

[ 2016-10-20T16:29:19+08:00 ] ::1 /think_blog/Home/Member/logout.html
INFO: [ app_init ] --START--
INFO: Run Behavior\BuildLiteBehavior [ RunTime:0.000048s ]
INFO: [ app_init ] --END-- [ RunTime:0.001083s ]

[ 2016-10-20T16:29:20+08:00 ] ::1 /think_blog/Home/Member/Index.html
INFO: [ app_init ] --START--
INFO: Run Behavior\BuildLiteBehavior [ RunTime:0.000065s ]
INFO: [ app_init ] --END-- [ RunTime:0.001192s ]

[ 2016-10-20T16:29:20+08:00 ] ::1 /think_blog/Home/Member/login.html
INFO: [ app_init ] --START--
INFO: Run Behavior\BuildLiteBehavior [ RunTime:0.000072s ]
INFO: [ app_init ] --END-- [ RunTime:0.001234s ]

[ 2016-10-20T16:29:21+08:00 ] ::1 /think_blog/Home/Member/getVerify
INFO: [ app_init ] --START--
INFO: Run Behavior\BuildLiteBehavior [ RunTime:0.000026s ]
INFO: [ app_init ] --END-- [ RunTime:0.000458s ]

[ 2016-10-20T16:29:26+08:00 ] ::1 /think_blog/Home/Article/index/article_id/15.html
INFO: [ app_init ] --START--
INFO: Run Behavior\BuildLiteBehavior [ RunTime:0.000033s ]
INFO: [ app_init ] --END-- [ RunTime:0.000667s ]

[ 2016-10-20T16:29:34+08:00 ] ::1 /think_blog/Home/ArticleComment/comment
INFO: [ app_init ] --START--
INFO: Run Behavior\BuildLiteBehavior [ RunTime:0.000034s ]
INFO: [ app_init ] --END-- [ RunTime:0.000591s ]
INFO: [ app_begin ] --START--
INFO: Run Behavior\ReadHtmlCacheBehavior [ RunTime:0.000654s ]
INFO: [ app_begin ] --END-- [ RunTime:0.000792s ]

[ 2016-10-20T16:46:20+08:00 ] ::1 /think_blog/Home/Member/login.html
INFO: [ app_init ] --START--
INFO: Run Behavior\BuildLiteBehavior [ RunTime:0.000130s ]
INFO: [ app_init ] --END-- [ RunTime:0.001386s ]

[ 2016-10-20T16:46:20+08:00 ] ::1 /think_blog/Home/Member/getVerify.html
INFO: [ app_init ] --START--
INFO: Run Behavior\BuildLiteBehavior [ RunTime:0.000026s ]
INFO: [ app_init ] --END-- [ RunTime:0.000545s ]

[ 2016-10-20T16:46:22+08:00 ] ::1 /think_blog/Home/Member/getVerify?rnd=0.7692013376024678
INFO: [ app_init ] --START--
INFO: Run Behavior\BuildLiteBehavior [ RunTime:0.000026s ]
INFO: [ app_init ] --END-- [ RunTime:0.000530s ]

[ 2016-10-20T16:46:23+08:00 ] ::1 /think_blog/Home/Member/getVerify?rnd=0.4482539989249865
INFO: [ app_init ] --START--
INFO: Run Behavior\BuildLiteBehavior [ RunTime:0.000045s ]
INFO: [ app_init ] --END-- [ RunTime:0.000816s ]

[ 2016-10-20T16:46:24+08:00 ] ::1 /think_blog/Home/Member/getVerify?rnd=0.6056837988189183
INFO: [ app_init ] --START--
INFO: Run Behavior\BuildLiteBehavior [ RunTime:0.000050s ]
INFO: [ app_init ] --END-- [ RunTime:0.000907s ]

[ 2016-10-20T16:50:33+08:00 ] ::1 /think_blog/Home/Member/login.html
INFO: [ app_init ] --START--
INFO: Run Behavior\BuildLiteBehavior [ RunTime:0.000045s ]
INFO: [ app_init ] --END-- [ RunTime:0.001157s ]

[ 2016-10-20T16:50:34+08:00 ] ::1 /think_blog/Home/Member/getVerify.html
INFO: [ app_init ] --START--
INFO: Run Behavior\BuildLiteBehavior [ RunTime:0.000026s ]
INFO: [ app_init ] --END-- [ RunTime:0.000562s ]

[ 2016-10-20T16:50:36+08:00 ] ::1 /think_blog/Home/Member/getVerify.html
INFO: [ app_init ] --START--
INFO: Run Behavior\BuildLiteBehavior [ RunTime:0.000096s ]
INFO: [ app_init ] --END-- [ RunTime:0.001667s ]

[ 2016-10-20T16:50:37+08:00 ] ::1 /think_blog/Home/Member/getVerify.html
INFO: [ app_init ] --START--
INFO: Run Behavior\BuildLiteBehavior [ RunTime:0.000102s ]
INFO: [ app_init ] --END-- [ RunTime:0.001686s ]

[ 2016-10-20T16:52:29+08:00 ] ::1 /think_blog/Home/Member/login.html
INFO: [ app_init ] --START--
INFO: Run Behavior\BuildLiteBehavior [ RunTime:0.000024s ]
INFO: [ app_init ] --END-- [ RunTime:0.000493s ]

[ 2016-10-20T16:52:30+08:00 ] ::1 /think_blog/Home/Member/getVerify.html
INFO: [ app_init ] --START--
INFO: Run Behavior\BuildLiteBehavior [ RunTime:0.000040s ]
INFO: [ app_init ] --END-- [ RunTime:0.000706s ]

[ 2016-10-20T16:52:44+08:00 ] ::1 /think_blog/Home/Member/getVerify.html
INFO: [ app_init ] --START--
INFO: Run Behavior\BuildLiteBehavior [ RunTime:0.000090s ]
INFO: [ app_init ] --END-- [ RunTime:0.002004s ]

[ 2016-10-20T16:52:55+08:00 ] ::1 /think_blog/Home/Member/login.html
INFO: [ app_init ] --START--
INFO: Run Behavior\BuildLiteBehavior [ RunTime:0.000108s ]
INFO: [ app_init ] --END-- [ RunTime:0.001814s ]
ERR: Think\Model:ajaxReturn方法不存在！

[ 2016-10-20T16:53:32+08:00 ] ::1 /think_blog/Home/Member/login.html
INFO: [ app_init ] --START--
INFO: Run Behavior\BuildLiteBehavior [ RunTime:0.000138s ]
INFO: [ app_init ] --END-- [ RunTime:0.001603s ]

[ 2016-10-20T16:53:33+08:00 ] ::1 /think_blog/Home/Member/getVerify.html
INFO: [ app_init ] --START--
INFO: Run Behavior\BuildLiteBehavior [ RunTime:0.000024s ]
INFO: [ app_init ] --END-- [ RunTime:0.000435s ]

[ 2016-10-20T16:53:51+08:00 ] ::1 /think_blog/Home/Member/login.html
INFO: [ app_init ] --START--
INFO: Run Behavior\BuildLiteBehavior [ RunTime:0.000023s ]
INFO: [ app_init ] --END-- [ RunTime:0.000498s ]

[ 2016-10-20T16:53:52+08:00 ] ::1 /think_blog/Home/Member/getVerify.html
INFO: [ app_init ] --START--
INFO: Run Behavior\BuildLiteBehavior [ RunTime:0.000024s ]
INFO: [ app_init ] --END-- [ RunTime:0.000484s ]

[ 2016-10-20T16:54:02+08:00 ] ::1 /think_blog/Home/Member/getVerify.html
INFO: [ app_init ] --START--
INFO: Run Behavior\BuildLiteBehavior [ RunTime:0.000051s ]
INFO: [ app_init ] --END-- [ RunTime:0.000981s ]

[ 2016-10-20T16:54:10+08:00 ] ::1 /think_blog/Home/Member/login.html
INFO: [ app_init ] --START--
INFO: Run Behavior\BuildLiteBehavior [ RunTime:0.000038s ]
INFO: [ app_init ] --END-- [ RunTime:0.000738s ]

[ 2016-10-20T16:54:11+08:00 ] ::1 /think_blog/Home/Member/getVerify.html
INFO: [ app_init ] --START--
INFO: Run Behavior\BuildLiteBehavior [ RunTime:0.000025s ]
INFO: [ app_init ] --END-- [ RunTime:0.000453s ]

[ 2016-10-20T16:57:35+08:00 ] ::1 /think_blog/Home/Member/login.html
INFO: [ app_init ] --START--
INFO: Run Behavior\BuildLiteBehavior [ RunTime:0.000171s ]
INFO: [ app_init ] --END-- [ RunTime:0.002870s ]

[ 2016-10-20T16:57:35+08:00 ] ::1 /think_blog/Home/Member/getVerify.html
INFO: [ app_init ] --START--
INFO: Run Behavior\BuildLiteBehavior [ RunTime:0.000027s ]
INFO: [ app_init ] --END-- [ RunTime:0.000480s ]

[ 2016-10-20T16:57:46+08:00 ] ::1 /think_blog/Home/Member/getVerify.html
INFO: [ app_init ] --START--
INFO: Run Behavior\BuildLiteBehavior [ RunTime:0.000043s ]
INFO: [ app_init ] --END-- [ RunTime:0.000905s ]

[ 2016-10-20T16:57:55+08:00 ] ::1 /think_blog/Home/Member/login.html
INFO: [ app_init ] --START--
INFO: Run Behavior\BuildLiteBehavior [ RunTime:0.000349s ]
INFO: [ app_init ] --END-- [ RunTime:0.002701s ]

[ 2016-10-20T16:57:55+08:00 ] ::1 /think_blog/Home/Member/Index.html
INFO: [ app_init ] --START--
INFO: Run Behavior\BuildLiteBehavior [ RunTime:0.000047s ]
INFO: [ app_init ] --END-- [ RunTime:0.000891s ]

[ 2016-10-20T16:58:01+08:00 ] ::1 /think_blog/Home/Member/logout.html
INFO: [ app_init ] --START--
INFO: Run Behavior\BuildLiteBehavior [ RunTime:0.000060s ]
INFO: [ app_init ] --END-- [ RunTime:0.001110s ]

[ 2016-10-20T16:58:01+08:00 ] ::1 /think_blog/Home/Member/Index.html
INFO: [ app_init ] --START--
INFO: Run Behavior\BuildLiteBehavior [ RunTime:0.000039s ]
INFO: [ app_init ] --END-- [ RunTime:0.000743s ]

[ 2016-10-20T16:58:02+08:00 ] ::1 /think_blog/Home/Member/login.html
INFO: [ app_init ] --START--
INFO: Run Behavior\BuildLiteBehavior [ RunTime:0.000047s ]
INFO: [ app_init ] --END-- [ RunTime:0.000855s ]

[ 2016-10-20T16:58:02+08:00 ] ::1 /think_blog/Home/Member/getVerify.html
INFO: [ app_init ] --START--
INFO: Run Behavior\BuildLiteBehavior [ RunTime:0.000025s ]
INFO: [ app_init ] --END-- [ RunTime:0.000542s ]

[ 2016-10-20T16:58:18+08:00 ] ::1 /think_blog/Home/Member/login.html
INFO: [ app_init ] --START--
INFO: Run Behavior\BuildLiteBehavior [ RunTime:0.000080s ]
INFO: [ app_init ] --END-- [ RunTime:0.001767s ]

[ 2016-10-20T16:58:19+08:00 ] ::1 /think_blog/Home/Member/Index.html
INFO: [ app_init ] --START--
INFO: Run Behavior\BuildLiteBehavior [ RunTime:0.000047s ]
INFO: [ app_init ] --END-- [ RunTime:0.000905s ]

[ 2016-10-20T16:58:20+08:00 ] ::1 /think_blog/Home/Member/logout.html
INFO: [ app_init ] --START--
INFO: Run Behavior\BuildLiteBehavior [ RunTime:0.000063s ]
INFO: [ app_init ] --END-- [ RunTime:0.001053s ]

[ 2016-10-20T16:58:21+08:00 ] ::1 /think_blog/Home/Member/Index.html
INFO: [ app_init ] --START--
INFO: Run Behavior\BuildLiteBehavior [ RunTime:0.000059s ]
INFO: [ app_init ] --END-- [ RunTime:0.001145s ]

[ 2016-10-20T16:58:21+08:00 ] ::1 /think_blog/Home/Member/login.html
INFO: [ app_init ] --START--
INFO: Run Behavior\BuildLiteBehavior [ RunTime:0.000038s ]
INFO: [ app_init ] --END-- [ RunTime:0.000725s ]

[ 2016-10-20T16:58:21+08:00 ] ::1 /think_blog/Home/Member/getVerify.html
INFO: [ app_init ] --START--
INFO: Run Behavior\BuildLiteBehavior [ RunTime:0.000097s ]
INFO: [ app_init ] --END-- [ RunTime:0.001953s ]

[ 2016-10-20T16:58:30+08:00 ] ::1 /think_blog/Home/Member/login.html
INFO: [ app_init ] --START--
INFO: Run Behavior\BuildLiteBehavior [ RunTime:0.000048s ]
INFO: [ app_init ] --END-- [ RunTime:0.001329s ]

[ 2016-10-20T16:58:30+08:00 ] ::1 /think_blog/Home/Member/getVerify.html
INFO: [ app_init ] --START--
INFO: Run Behavior\BuildLiteBehavior [ RunTime:0.000080s ]
INFO: [ app_init ] --END-- [ RunTime:0.002058s ]

[ 2016-10-20T17:29:56+08:00 ] ::1 /think_blog/Home/Member/login.html
INFO: [ app_init ] --START--
INFO: Run Behavior\BuildLiteBehavior [ RunTime:0.000027s ]
INFO: [ app_init ] --END-- [ RunTime:0.000700s ]

[ 2016-10-20T17:29:56+08:00 ] ::1 /think_blog/Home/Member/getVerify.html
INFO: [ app_init ] --START--
INFO: Run Behavior\BuildLiteBehavior [ RunTime:0.000039s ]
INFO: [ app_init ] --END-- [ RunTime:0.000668s ]

[ 2016-10-20T17:30:04+08:00 ] ::1 /think_blog/?XDEBUG_SESSION_START=13443
INFO: [ app_init ] --START--
INFO: Run Behavior\BuildLiteBehavior [ RunTime:0.000061s ]
INFO: [ app_init ] --END-- [ RunTime:0.000654s ]

[ 2016-10-20T17:30:24+08:00 ] ::1 /think_blog/Home/Member/getVerify.html
INFO: [ app_init ] --START--
INFO: Run Behavior\BuildLiteBehavior [ RunTime:0.000065s ]
INFO: [ app_init ] --END-- [ RunTime:0.000802s ]

[ 2016-10-20T17:30:51+08:00 ] ::1 /think_blog/Home/Member/login.html
INFO: [ app_init ] --START--
INFO: Run Behavior\BuildLiteBehavior [ RunTime:0.000070s ]
INFO: [ app_init ] --END-- [ RunTime:0.000950s ]

[ 2016-10-20T17:31:29+08:00 ] ::1 /think_blog/Home/Member/Index.html
INFO: [ app_init ] --START--
INFO: Run Behavior\BuildLiteBehavior [ RunTime:0.000060s ]
INFO: [ app_init ] --END-- [ RunTime:0.000693s ]

[ 2016-10-20T17:31:35+08:00 ] ::1 /think_blog/Home/Member/logout.html
INFO: [ app_init ] --START--
INFO: Run Behavior\BuildLiteBehavior [ RunTime:0.000151s ]
INFO: [ app_init ] --END-- [ RunTime:0.001269s ]

[ 2016-10-20T17:31:40+08:00 ] ::1 /think_blog/Home/Member/Index.html
INFO: [ app_init ] --START--
INFO: Run Behavior\BuildLiteBehavior [ RunTime:0.000066s ]
INFO: [ app_init ] --END-- [ RunTime:0.000767s ]

[ 2016-10-20T17:31:42+08:00 ] ::1 /think_blog/Home/Member/login.html
INFO: [ app_init ] --START--
INFO: Run Behavior\BuildLiteBehavior [ RunTime:0.000107s ]
INFO: [ app_init ] --END-- [ RunTime:0.001166s ]

[ 2016-10-20T17:31:42+08:00 ] ::1 /think_blog/Home/Member/getVerify.html
INFO: [ app_init ] --START--
INFO: Run Behavior\BuildLiteBehavior [ RunTime:0.000064s ]
INFO: [ app_init ] --END-- [ RunTime:0.000775s ]

[ 2016-10-20T17:32:13+08:00 ] ::1 /think_blog/Home/Member/login.html
INFO: [ app_init ] --START--
INFO: Run Behavior\BuildLiteBehavior [ RunTime:0.000073s ]
INFO: [ app_init ] --END-- [ RunTime:0.000853s ]

[ 2016-10-20T17:32:14+08:00 ] ::1 /think_blog/Home/Member/Index.html
INFO: [ app_init ] --START--
INFO: Run Behavior\BuildLiteBehavior [ RunTime:0.000064s ]
INFO: [ app_init ] --END-- [ RunTime:0.000703s ]

[ 2016-10-20T17:32:25+08:00 ] ::1 /think_blog/Home/Member/logout.html
INFO: [ app_init ] --START--
INFO: Run Behavior\BuildLiteBehavior [ RunTime:0.000122s ]
INFO: [ app_init ] --END-- [ RunTime:0.001488s ]

[ 2016-10-20T17:32:25+08:00 ] ::1 /think_blog/Home/Member/Index.html
INFO: [ app_init ] --START--
INFO: Run Behavior\BuildLiteBehavior [ RunTime:0.000101s ]
INFO: [ app_init ] --END-- [ RunTime:0.001065s ]

[ 2016-10-20T17:32:32+08:00 ] ::1 /think_blog/Home/Member/login.html
INFO: [ app_init ] --START--
INFO: Run Behavior\BuildLiteBehavior [ RunTime:0.000095s ]
INFO: [ app_init ] --END-- [ RunTime:0.000875s ]

[ 2016-10-20T17:32:32+08:00 ] ::1 /think_blog/Home/Member/getVerify.html
INFO: [ app_init ] --START--
INFO: Run Behavior\BuildLiteBehavior [ RunTime:0.000063s ]
INFO: [ app_init ] --END-- [ RunTime:0.000652s ]

[ 2016-10-20T17:33:03+08:00 ] ::1 /think_blog/Home/Member/login.html
INFO: [ app_init ] --START--
INFO: Run Behavior\BuildLiteBehavior [ RunTime:0.000097s ]
INFO: [ app_init ] --END-- [ RunTime:0.001029s ]

[ 2016-10-20T17:33:03+08:00 ] ::1 /think_blog/Home/Member/Index.html
INFO: [ app_init ] --START--
INFO: Run Behavior\BuildLiteBehavior [ RunTime:0.000155s ]
INFO: [ app_init ] --END-- [ RunTime:0.001237s ]

[ 2016-10-20T17:33:20+08:00 ] ::1 /think_blog/Home/Member/logout.html
INFO: [ app_init ] --START--
INFO: Run Behavior\BuildLiteBehavior [ RunTime:0.000047s ]
INFO: [ app_init ] --END-- [ RunTime:0.000994s ]

[ 2016-10-20T17:33:21+08:00 ] ::1 /think_blog/Home/Member/Index.html
INFO: [ app_init ] --START--
INFO: Run Behavior\BuildLiteBehavior [ RunTime:0.000058s ]
INFO: [ app_init ] --END-- [ RunTime:0.001140s ]

[ 2016-10-20T17:33:21+08:00 ] ::1 /think_blog/Home/Member/login.html
INFO: [ app_init ] --START--
INFO: Run Behavior\BuildLiteBehavior [ RunTime:0.000073s ]
INFO: [ app_init ] --END-- [ RunTime:0.001483s ]

[ 2016-10-20T17:33:22+08:00 ] ::1 /think_blog/Home/Member/getVerify.html
INFO: [ app_init ] --START--
INFO: Run Behavior\BuildLiteBehavior [ RunTime:0.000060s ]
INFO: [ app_init ] --END-- [ RunTime:0.001241s ]

[ 2016-10-20T17:33:49+08:00 ] ::1 /think_blog/Home/Member/login.html
INFO: [ app_init ] --START--
INFO: Run Behavior\BuildLiteBehavior [ RunTime:0.000079s ]
INFO: [ app_init ] --END-- [ RunTime:0.001669s ]

[ 2016-10-20T17:33:50+08:00 ] ::1 /think_blog/Home/Member/getVerify.html
INFO: [ app_init ] --START--
INFO: Run Behavior\BuildLiteBehavior [ RunTime:0.000042s ]
INFO: [ app_init ] --END-- [ RunTime:0.000903s ]

[ 2016-10-20T17:34:29+08:00 ] ::1 /think_blog/Home/Member/login.html
INFO: [ app_init ] --START--
INFO: Run Behavior\BuildLiteBehavior [ RunTime:0.000043s ]
INFO: [ app_init ] --END-- [ RunTime:0.000838s ]

[ 2016-10-20T17:34:29+08:00 ] ::1 /think_blog/Home/Member/getVerify.html
INFO: [ app_init ] --START--
INFO: Run Behavior\BuildLiteBehavior [ RunTime:0.000025s ]
INFO: [ app_init ] --END-- [ RunTime:0.000417s ]

[ 2016-10-20T17:34:39+08:00 ] ::1 /think_blog/Home/Member/login.html
INFO: [ app_init ] --START--
INFO: Run Behavior\BuildLiteBehavior [ RunTime:0.000030s ]
INFO: [ app_init ] --END-- [ RunTime:0.000575s ]

[ 2016-10-20T17:34:39+08:00 ] ::1 /think_blog/Home/Member/getVerify.html
INFO: [ app_init ] --START--
INFO: Run Behavior\BuildLiteBehavior [ RunTime:0.000057s ]
INFO: [ app_init ] --END-- [ RunTime:0.001046s ]

[ 2016-10-20T17:34:50+08:00 ] ::1 /think_blog/Home/Member/login.html
INFO: [ app_init ] --START--
INFO: Run Behavior\BuildLiteBehavior [ RunTime:0.000061s ]
INFO: [ app_init ] --END-- [ RunTime:0.000827s ]

[ 2016-10-20T17:34:50+08:00 ] ::1 /think_blog/Home/Member/getVerify.html
INFO: [ app_init ] --START--
INFO: Run Behavior\BuildLiteBehavior [ RunTime:0.000043s ]
INFO: [ app_init ] --END-- [ RunTime:0.000805s ]

[ 2016-10-20T17:35:04+08:00 ] ::1 /think_blog/Home/Member/login.html
INFO: [ app_init ] --START--
INFO: Run Behavior\BuildLiteBehavior [ RunTime:0.000087s ]
INFO: [ app_init ] --END-- [ RunTime:0.001689s ]

[ 2016-10-20T17:35:04+08:00 ] ::1 /think_blog/Home/Member/getVerify.html
INFO: [ app_init ] --START--
INFO: Run Behavior\BuildLiteBehavior [ RunTime:0.000082s ]
INFO: [ app_init ] --END-- [ RunTime:0.001884s ]

[ 2016-10-20T17:35:35+08:00 ] ::1 /think_blog/Home/Member/login.html
INFO: [ app_init ] --START--
INFO: Run Behavior\BuildLiteBehavior [ RunTime:0.000069s ]
INFO: [ app_init ] --END-- [ RunTime:0.001623s ]

[ 2016-10-20T17:35:36+08:00 ] ::1 /think_blog/Home/Member/getVerify.html
INFO: [ app_init ] --START--
INFO: Run Behavior\BuildLiteBehavior [ RunTime:0.000024s ]
INFO: [ app_init ] --END-- [ RunTime:0.000454s ]

