[ 2016-11-13T16:52:05+08:00 ] ::1 /think_blog/Upload/photo_img/photo_img_1475129202.png
INFO: [ app_init ] --START--
INFO: Run Behavior\BuildLiteBehavior [ RunTime:0.000054s ]
INFO: [ app_init ] --END-- [ RunTime:0.000817s ]
ERR: 无法加载模块:Upload

[ 2016-11-13T16:52:14+08:00 ] ::1 /think_blog/Upload/photo_img/photo_img_1475129202.png
INFO: [ app_init ] --START--
INFO: Run Behavior\BuildLiteBehavior [ RunTime:0.000042s ]
INFO: [ app_init ] --END-- [ RunTime:0.000691s ]
ERR: 无法加载模块:Upload

[ 2016-11-13T16:54:04+08:00 ] ::1 /think_blog/Upload/photo_img/photo_img_1475129202.png
INFO: [ app_init ] --START--
INFO: Run Behavior\BuildLiteBehavior [ RunTime:0.000049s ]
INFO: [ app_init ] --END-- [ RunTime:0.000902s ]
ERR: 无法加载模块:Upload

[ 2016-11-13T16:54:07+08:00 ] ::1 /think_blog/Upload/photo_img/photo_img_1475129202.png
INFO: [ app_init ] --START--
INFO: Run Behavior\BuildLiteBehavior [ RunTime:0.000048s ]
INFO: [ app_init ] --END-- [ RunTime:0.000808s ]
ERR: 无法加载模块:Upload

[ 2016-11-13T16:54:10+08:00 ] ::1 /think_blog/Upload/photo_img/photo_img_1475129202.png
INFO: [ app_init ] --START--
INFO: Run Behavior\BuildLiteBehavior [ RunTime:0.000170s ]
INFO: [ app_init ] --END-- [ RunTime:0.004880s ]
ERR: 无法加载模块:Upload

[ 2016-11-13T16:54:19+08:00 ] ::1 /think_blog/Upload/photo_img/photo_img_1475129202.png
INFO: [ app_init ] --START--
INFO: Run Behavior\BuildLiteBehavior [ RunTime:0.000294s ]
INFO: [ app_init ] --END-- [ RunTime:0.001943s ]
ERR: 无法加载模块:Upload

[ 2016-11-13T16:54:21+08:00 ] ::1 /think_blog/Upload/photo_img/photo_img_1475129202.png
INFO: [ app_init ] --START--
INFO: Run Behavior\BuildLiteBehavior [ RunTime:0.000025s ]
INFO: [ app_init ] --END-- [ RunTime:0.000416s ]
ERR: 无法加载模块:Upload

[ 2016-11-13T16:54:23+08:00 ] ::1 /think_blog/Upload/photo_img/photo_img_1475129202.png
INFO: [ app_init ] --START--
INFO: Run Behavior\BuildLiteBehavior [ RunTime:0.000026s ]
INFO: [ app_init ] --END-- [ RunTime:0.000503s ]
ERR: 无法加载模块:Upload

[ 2016-11-13T16:54:25+08:00 ] ::1 /think_blog/Upload/photo_img/photo_img_1475129202.png
INFO: [ app_init ] --START--
INFO: Run Behavior\BuildLiteBehavior [ RunTime:0.000025s ]
INFO: [ app_init ] --END-- [ RunTime:0.000462s ]
ERR: 无法加载模块:Upload

[ 2016-11-13T17:42:31+08:00 ] ::1 /think_blog/Upload/photo_img/photo_img_1475129202.png
INFO: [ app_init ] --START--
INFO: Run Behavior\BuildLiteBehavior [ RunTime:0.000046s ]
INFO: [ app_init ] --END-- [ RunTime:0.000701s ]
ERR: 无法加载模块:Upload

[ 2016-11-13T17:42:32+08:00 ] ::1 /think_blog/Upload/photo_img/photo_img_1475129202.png
INFO: [ app_init ] --START--
INFO: Run Behavior\BuildLiteBehavior [ RunTime:0.000026s ]
INFO: [ app_init ] --END-- [ RunTime:0.000394s ]
ERR: 无法加载模块:Upload

[ 2016-11-13T17:49:07+08:00 ] ::1 /think_blog/Upload/photo_img/photo_img_1475129202.png
INFO: [ app_init ] --START--
INFO: Run Behavior\BuildLiteBehavior [ RunTime:0.000040s ]
INFO: [ app_init ] --END-- [ RunTime:0.000727s ]
ERR: 无法加载模块:Upload

[ 2016-11-13T17:49:22+08:00 ] ::1 /think_blog/Upload/photo_img/photo_img_1475129202.png
INFO: [ app_init ] --START--
INFO: Run Behavior\BuildLiteBehavior [ RunTime:0.000045s ]
INFO: [ app_init ] --END-- [ RunTime:0.000776s ]
ERR: 无法加载模块:Upload

[ 2016-11-13T17:49:54+08:00 ] ::1 /think_blog/Upload/photo_img/photo_img_1475129202.png
INFO: [ app_init ] --START--
INFO: Run Behavior\BuildLiteBehavior [ RunTime:0.000076s ]
INFO: [ app_init ] --END-- [ RunTime:0.001269s ]
ERR: 无法加载模块:Upload

[ 2016-11-13T17:52:30+08:00 ] ::1 /think_blog/Upload/photo_img/photo_img_1475129202.png
INFO: [ app_init ] --START--
INFO: Run Behavior\BuildLiteBehavior [ RunTime:0.000052s ]
INFO: [ app_init ] --END-- [ RunTime:0.002686s ]
ERR: 无法加载模块:Upload

[ 2016-11-13T17:53:46+08:00 ] ::1 /think_blog/Upload/photo_img/photo_img_1475129202.png
INFO: [ app_init ] --START--
INFO: Run Behavior\BuildLiteBehavior [ RunTime:0.000042s ]
INFO: [ app_init ] --END-- [ RunTime:0.000676s ]
ERR: 无法加载模块:Upload

[ 2016-11-13T17:53:54+08:00 ] ::1 /think_blog/Upload/photo_img/photo_img_1475129202.png
INFO: [ app_init ] --START--
INFO: Run Behavior\BuildLiteBehavior [ RunTime:0.000042s ]
INFO: [ app_init ] --END-- [ RunTime:0.000743s ]
ERR: 无法加载模块:Upload

[ 2016-11-13T17:54:27+08:00 ] ::1 /think_blog/Upload/photo_img/photo_img_1475129202.png
INFO: [ app_init ] --START--
INFO: Run Behavior\BuildLiteBehavior [ RunTime:0.000041s ]
INFO: [ app_init ] --END-- [ RunTime:0.000619s ]
ERR: 无法加载模块:Upload

[ 2016-11-13T17:54:35+08:00 ] ::1 /think_blog/Upload/photo_img/photo_img_1475129202.png
INFO: [ app_init ] --START--
INFO: Run Behavior\BuildLiteBehavior [ RunTime:0.000024s ]
INFO: [ app_init ] --END-- [ RunTime:0.000584s ]
ERR: 无法加载模块:Upload

[ 2016-11-13T17:58:19+08:00 ] ::1 /think_blog/Upload/photo_img/photo_img_1475129202.png
INFO: [ app_init ] --START--
INFO: Run Behavior\BuildLiteBehavior [ RunTime:0.000045s ]
INFO: [ app_init ] --END-- [ RunTime:0.000848s ]
ERR: 无法加载模块:Upload

[ 2016-11-13T17:58:22+08:00 ] ::1 /think_blog/Upload/photo_img/photo_img_1475129202.png
INFO: [ app_init ] --START--
INFO: Run Behavior\BuildLiteBehavior [ RunTime:0.000044s ]
INFO: [ app_init ] --END-- [ RunTime:0.000810s ]
ERR: 无法加载模块:Upload

[ 2016-11-13T17:58:27+08:00 ] ::1 /think_blog/Upload/photo_img/photo_img_1475129202.png
INFO: [ app_init ] --START--
INFO: Run Behavior\BuildLiteBehavior [ RunTime:0.000044s ]
INFO: [ app_init ] --END-- [ RunTime:0.000712s ]
ERR: 无法加载模块:Upload

[ 2016-11-13T17:59:40+08:00 ] ::1 /think_blog/Upload/photo_img/photo_img_1475129202.png
INFO: [ app_init ] --START--
INFO: Run Behavior\BuildLiteBehavior [ RunTime:0.000052s ]
INFO: [ app_init ] --END-- [ RunTime:0.000658s ]
ERR: 无法加载模块:Upload

[ 2016-11-13T17:59:42+08:00 ] ::1 /think_blog/Upload/photo_img/photo_img_1475129202.png
INFO: [ app_init ] --START--
INFO: Run Behavior\BuildLiteBehavior [ RunTime:0.000038s ]
INFO: [ app_init ] --END-- [ RunTime:0.000404s ]
ERR: 无法加载模块:Upload

[ 2016-11-13T18:01:48+08:00 ] ::1 /think_blog/Upload/photo_img/photo_img_1475129202.png
INFO: [ app_init ] --START--
INFO: Run Behavior\BuildLiteBehavior [ RunTime:0.000042s ]
INFO: [ app_init ] --END-- [ RunTime:0.000699s ]
ERR: 无法加载模块:Upload

[ 2016-11-13T18:01:50+08:00 ] ::1 /think_blog/Upload/photo_img/photo_img_1475129202.png
INFO: [ app_init ] --START--
INFO: Run Behavior\BuildLiteBehavior [ RunTime:0.000023s ]
INFO: [ app_init ] --END-- [ RunTime:0.000397s ]
ERR: 无法加载模块:Upload

[ 2016-11-13T18:02:02+08:00 ] ::1 /think_blog/Upload/photo_img/photo_img_1475129202.png
INFO: [ app_init ] --START--
INFO: Run Behavior\BuildLiteBehavior [ RunTime:0.000029s ]
INFO: [ app_init ] --END-- [ RunTime:0.000666s ]
ERR: 无法加载模块:Upload

[ 2016-11-13T18:02:05+08:00 ] ::1 /think_blog/Upload/photo_img/photo_img_1475129202.png
INFO: [ app_init ] --START--
INFO: Run Behavior\BuildLiteBehavior [ RunTime:0.000023s ]
INFO: [ app_init ] --END-- [ RunTime:0.000393s ]
ERR: 无法加载模块:Upload

[ 2016-11-13T18:03:32+08:00 ] ::1 /think_blog/Upload/photo_img/photo_img_1475129202.png
INFO: [ app_init ] --START--
INFO: Run Behavior\BuildLiteBehavior [ RunTime:0.000045s ]
INFO: [ app_init ] --END-- [ RunTime:0.000781s ]
ERR: 无法加载模块:Upload

[ 2016-11-13T18:03:38+08:00 ] ::1 /think_blog/Upload/photo_img/photo_img_1475129202.png
INFO: [ app_init ] --START--
INFO: Run Behavior\BuildLiteBehavior [ RunTime:0.000026s ]
INFO: [ app_init ] --END-- [ RunTime:0.000431s ]
ERR: 无法加载模块:Upload

[ 2016-11-13T18:03:39+08:00 ] ::1 /think_blog/Upload/photo_img/photo_img_1475129202.png
INFO: [ app_init ] --START--
INFO: Run Behavior\BuildLiteBehavior [ RunTime:0.000027s ]
INFO: [ app_init ] --END-- [ RunTime:0.000428s ]
ERR: 无法加载模块:Upload

[ 2016-11-13T18:03:57+08:00 ] ::1 /think_blog/Upload/photo_img/photo_img_1475129202.png
INFO: [ app_init ] --START--
INFO: Run Behavior\BuildLiteBehavior [ RunTime:0.000026s ]
INFO: [ app_init ] --END-- [ RunTime:0.000439s ]
ERR: 无法加载模块:Upload

[ 2016-11-13T18:07:54+08:00 ] ::1 /think_blog/Upload/photo_img/photo_img_1475129202.png
INFO: [ app_init ] --START--
INFO: Run Behavior\BuildLiteBehavior [ RunTime:0.000087s ]
INFO: [ app_init ] --END-- [ RunTime:0.002627s ]
ERR: 无法加载模块:Upload

[ 2016-11-13T18:10:46+08:00 ] ::1 /think_blog/Upload/photo_img/photo_img_1475129202.png
INFO: [ app_init ] --START--
INFO: Run Behavior\BuildLiteBehavior [ RunTime:0.000042s ]
INFO: [ app_init ] --END-- [ RunTime:0.000755s ]
ERR: 无法加载模块:Upload

[ 2016-11-13T18:12:14+08:00 ] ::1 /think_blog/Upload/photo_img/photo_img_1475129202.png
INFO: [ app_init ] --START--
INFO: Run Behavior\BuildLiteBehavior [ RunTime:0.000030s ]
INFO: [ app_init ] --END-- [ RunTime:0.000535s ]
ERR: 无法加载模块:Upload

[ 2016-11-13T18:12:22+08:00 ] ::1 /think_blog/Upload/photo_img/photo_img_1475129202.png
INFO: [ app_init ] --START--
INFO: Run Behavior\BuildLiteBehavior [ RunTime:0.000026s ]
INFO: [ app_init ] --END-- [ RunTime:0.000413s ]
ERR: 无法加载模块:Upload

[ 2016-11-13T18:12:42+08:00 ] ::1 /think_blog/Upload/photo_img/photo_img_1475129202.png
INFO: [ app_init ] --START--
INFO: Run Behavior\BuildLiteBehavior [ RunTime:0.000036s ]
INFO: [ app_init ] --END-- [ RunTime:0.000670s ]
ERR: 无法加载模块:Upload

[ 2016-11-13T18:14:14+08:00 ] ::1 /think_blog/Upload/photo_img/photo_img_1475129202.png
INFO: [ app_init ] --START--
INFO: Run Behavior\BuildLiteBehavior [ RunTime:0.000049s ]
INFO: [ app_init ] --END-- [ RunTime:0.001305s ]
ERR: 无法加载模块:Upload

[ 2016-11-13T18:14:23+08:00 ] ::1 /think_blog/Upload/photo_img/photo_img_1475129202.png
INFO: [ app_init ] --START--
INFO: Run Behavior\BuildLiteBehavior [ RunTime:0.000047s ]
INFO: [ app_init ] --END-- [ RunTime:0.000729s ]
ERR: 无法加载模块:Upload

[ 2016-11-13T18:14:44+08:00 ] ::1 /think_blog/Upload/photo_img/photo_img_1475129202.png
INFO: [ app_init ] --START--
INFO: Run Behavior\BuildLiteBehavior [ RunTime:0.000068s ]
INFO: [ app_init ] --END-- [ RunTime:0.000784s ]
ERR: 无法加载模块:Upload

[ 2016-11-13T18:14:51+08:00 ] ::1 /think_blog/Upload/photo_img/photo_img_1475129202.png
INFO: [ app_init ] --START--
INFO: Run Behavior\BuildLiteBehavior [ RunTime:0.000153s ]
INFO: [ app_init ] --END-- [ RunTime:0.002369s ]
ERR: 无法加载模块:Upload

[ 2016-11-13T18:14:53+08:00 ] ::1 /think_blog/Upload/photo_img/photo_img_1475129202.png
INFO: [ app_init ] --START--
INFO: Run Behavior\BuildLiteBehavior [ RunTime:0.000060s ]
INFO: [ app_init ] --END-- [ RunTime:0.002087s ]
ERR: 无法加载模块:Upload

[ 2016-11-13T20:37:59+08:00 ] ::1 /think_blog/Upload/photo_img/photo_img_1475129202.png
INFO: [ app_init ] --START--
INFO: Run Behavior\BuildLiteBehavior [ RunTime:0.000039s ]
INFO: [ app_init ] --END-- [ RunTime:0.000799s ]
ERR: 无法加载模块:Upload

[ 2016-11-13T20:38:02+08:00 ] ::1 /think_blog/Upload/photo_img/photo_img_1475129202.png
INFO: [ app_init ] --START--
INFO: Run Behavior\BuildLiteBehavior [ RunTime:0.000028s ]
INFO: [ app_init ] --END-- [ RunTime:0.000446s ]
ERR: 无法加载模块:Upload

[ 2016-11-13T21:02:07+08:00 ] ::1 /think_blog/Upload/photo_img/photo_img_1475129202.png
INFO: [ app_init ] --START--
INFO: Run Behavior\BuildLiteBehavior [ RunTime:0.000031s ]
INFO: [ app_init ] --END-- [ RunTime:0.000504s ]
ERR: 无法加载模块:Upload

[ 2016-11-13T21:02:30+08:00 ] ::1 /think_blog/Upload/photo_img/photo_img_1475129202.png
INFO: [ app_init ] --START--
INFO: Run Behavior\BuildLiteBehavior [ RunTime:0.000034s ]
INFO: [ app_init ] --END-- [ RunTime:0.000396s ]
ERR: 无法加载模块:Upload

[ 2016-11-13T21:03:42+08:00 ] ::1 /think_blog/Upload/photo_img/photo_img_1475129202.png
INFO: [ app_init ] --START--
INFO: Run Behavior\BuildLiteBehavior [ RunTime:0.000025s ]
INFO: [ app_init ] --END-- [ RunTime:0.000429s ]
ERR: 无法加载模块:Upload

[ 2016-11-13T21:05:56+08:00 ] ::1 /think_blog/Upload/photo_img/photo_img_1475129202.png
INFO: [ app_init ] --START--
INFO: Run Behavior\BuildLiteBehavior [ RunTime:0.000089s ]
INFO: [ app_init ] --END-- [ RunTime:0.002724s ]
ERR: 无法加载模块:Upload

[ 2016-11-13T21:05:56+08:00 ] ::1 /think_blog/Upload/photo_img/photo_img_1475129202.png
INFO: [ app_init ] --START--
INFO: Run Behavior\BuildLiteBehavior [ RunTime:0.000026s ]
INFO: [ app_init ] --END-- [ RunTime:0.000423s ]
ERR: 无法加载模块:Upload

[ 2016-11-13T21:06:03+08:00 ] ::1 /think_blog/Upload/photo_img/photo_img_1475129202.png
INFO: [ app_init ] --START--
INFO: Run Behavior\BuildLiteBehavior [ RunTime:0.000045s ]
INFO: [ app_init ] --END-- [ RunTime:0.000817s ]
ERR: 无法加载模块:Upload

[ 2016-11-13T21:06:12+08:00 ] ::1 /think_blog/Upload/photo_img/photo_img_1475129202.png
INFO: [ app_init ] --START--
INFO: Run Behavior\BuildLiteBehavior [ RunTime:0.000027s ]
INFO: [ app_init ] --END-- [ RunTime:0.000468s ]
ERR: 无法加载模块:Upload

