[ 2016-10-20T13:45:53+08:00 ] ::1 /think_blog/Upload/head_pic/head_pic_1472109387.png
INFO: [ app_init ] --START--
INFO: Run Behavior\BuildLiteBehavior [ RunTime:0.000025s ]
INFO: [ app_init ] --END-- [ RunTime:0.000554s ]
ERR: 无法加载模块:Upload

[ 2016-10-20T13:47:35+08:00 ] ::1 /think_blog/Upload/head_pic/head_pic_1472109387.png
INFO: [ app_init ] --START--
INFO: Run Behavior\BuildLiteBehavior [ RunTime:0.000042s ]
INFO: [ app_init ] --END-- [ RunTime:0.000661s ]
ERR: 无法加载模块:Upload

[ 2016-10-20T13:47:36+08:00 ] ::1 /think_blog/Upload/head_pic/head_pic_1472109387.png
INFO: [ app_init ] --START--
INFO: Run Behavior\BuildLiteBehavior [ RunTime:0.000026s ]
INFO: [ app_init ] --END-- [ RunTime:0.000465s ]
ERR: 无法加载模块:Upload

[ 2016-10-20T14:24:10+08:00 ] ::1 /think_blog/Upload/head_pic/head_pic_1472109387.png
INFO: [ app_init ] --START--
INFO: Run Behavior\BuildLiteBehavior [ RunTime:0.000040s ]
INFO: [ app_init ] --END-- [ RunTime:0.000657s ]
ERR: 无法加载模块:Upload

[ 2016-10-20T14:24:10+08:00 ] ::1 /think_blog/Upload/head_pic/head_pic_1472109387.png
INFO: [ app_init ] --START--
INFO: Run Behavior\BuildLiteBehavior [ RunTime:0.000027s ]
INFO: [ app_init ] --END-- [ RunTime:0.000464s ]
ERR: 无法加载模块:Upload

[ 2016-10-20T14:25:41+08:00 ] ::1 /think_blog/Upload/head_pic/head_pic_1472109387.png
INFO: [ app_init ] --START--
INFO: Run Behavior\BuildLiteBehavior [ RunTime:0.000028s ]
INFO: [ app_init ] --END-- [ RunTime:0.000657s ]
ERR: 无法加载模块:Upload

[ 2016-10-20T14:25:42+08:00 ] ::1 /think_blog/Upload/head_pic/head_pic_1472109387.png
INFO: [ app_init ] --START--
INFO: Run Behavior\BuildLiteBehavior [ RunTime:0.000026s ]
INFO: [ app_init ] --END-- [ RunTime:0.000457s ]
ERR: 无法加载模块:Upload

[ 2016-10-20T14:27:33+08:00 ] ::1 /think_blog/Upload/head_pic/head_pic_1472109387.png
INFO: [ app_init ] --START--
INFO: Run Behavior\BuildLiteBehavior [ RunTime:0.000039s ]
INFO: [ app_init ] --END-- [ RunTime:0.000659s ]
ERR: 无法加载模块:Upload

[ 2016-10-20T14:27:33+08:00 ] ::1 /think_blog/Upload/head_pic/head_pic_1472109387.png
INFO: [ app_init ] --START--
INFO: Run Behavior\BuildLiteBehavior [ RunTime:0.000039s ]
INFO: [ app_init ] --END-- [ RunTime:0.000630s ]
ERR: 无法加载模块:Upload

[ 2016-10-20T14:31:26+08:00 ] ::1 /think_blog/Upload/head_pic/head_pic_1472109387.png
INFO: [ app_init ] --START--
INFO: Run Behavior\BuildLiteBehavior [ RunTime:0.000028s ]
INFO: [ app_init ] --END-- [ RunTime:0.000409s ]
ERR: 无法加载模块:Upload

[ 2016-10-20T14:44:33+08:00 ] ::1 /think_blog/Upload/head_pic/head_pic_1472109387.png
INFO: [ app_init ] --START--
INFO: Run Behavior\BuildLiteBehavior [ RunTime:0.000045s ]
INFO: [ app_init ] --END-- [ RunTime:0.000720s ]
ERR: 无法加载模块:Upload

[ 2016-10-20T14:44:34+08:00 ] ::1 /think_blog/Upload/head_pic/head_pic_1472109387.png
INFO: [ app_init ] --START--
INFO: Run Behavior\BuildLiteBehavior [ RunTime:0.000040s ]
INFO: [ app_init ] --END-- [ RunTime:0.000715s ]
ERR: 无法加载模块:Upload

[ 2016-10-20T14:46:17+08:00 ] ::1 /think_blog/Upload/head_pic/head_pic_1472109387.png
INFO: [ app_init ] --START--
INFO: Run Behavior\BuildLiteBehavior [ RunTime:0.000040s ]
INFO: [ app_init ] --END-- [ RunTime:0.000541s ]
ERR: 无法加载模块:Upload

[ 2016-10-20T14:46:18+08:00 ] ::1 /think_blog/Upload/head_pic/head_pic_1472109387.png
INFO: [ app_init ] --START--
INFO: Run Behavior\BuildLiteBehavior [ RunTime:0.000043s ]
INFO: [ app_init ] --END-- [ RunTime:0.000956s ]
ERR: 无法加载模块:Upload

[ 2016-10-20T14:46:26+08:00 ] ::1 /think_blog/Upload/head_pic/head_pic_1472109387.png
INFO: [ app_init ] --START--
INFO: Run Behavior\BuildLiteBehavior [ RunTime:0.000025s ]
INFO: [ app_init ] --END-- [ RunTime:0.000416s ]
ERR: 无法加载模块:Upload

[ 2016-10-20T14:46:26+08:00 ] ::1 /think_blog/Upload/head_pic/head_pic_1472109387.png
INFO: [ app_init ] --START--
INFO: Run Behavior\BuildLiteBehavior [ RunTime:0.000035s ]
INFO: [ app_init ] --END-- [ RunTime:0.000505s ]
ERR: 无法加载模块:Upload

[ 2016-10-20T14:47:44+08:00 ] ::1 /think_blog/Upload/head_pic/head_pic_1472109387.png
INFO: [ app_init ] --START--
INFO: Run Behavior\BuildLiteBehavior [ RunTime:0.000025s ]
INFO: [ app_init ] --END-- [ RunTime:0.000452s ]
ERR: 无法加载模块:Upload

[ 2016-10-20T14:47:45+08:00 ] ::1 /think_blog/Upload/head_pic/head_pic_1472109387.png
INFO: [ app_init ] --START--
INFO: Run Behavior\BuildLiteBehavior [ RunTime:0.000045s ]
INFO: [ app_init ] --END-- [ RunTime:0.000764s ]
ERR: 无法加载模块:Upload

[ 2016-10-20T14:47:46+08:00 ] ::1 /think_blog/Upload/head_pic/head_pic_1472109387.png
INFO: [ app_init ] --START--
INFO: Run Behavior\BuildLiteBehavior [ RunTime:0.000044s ]
INFO: [ app_init ] --END-- [ RunTime:0.000934s ]
ERR: 无法加载模块:Upload

[ 2016-10-20T14:47:46+08:00 ] ::1 /think_blog/Upload/head_pic/head_pic_1472109387.png
INFO: [ app_init ] --START--
INFO: Run Behavior\BuildLiteBehavior [ RunTime:0.000040s ]
INFO: [ app_init ] --END-- [ RunTime:0.000747s ]
ERR: 无法加载模块:Upload

[ 2016-10-20T14:48:15+08:00 ] ::1 /think_blog/Upload/head_pic/head_pic_1472109387.png
INFO: [ app_init ] --START--
INFO: Run Behavior\BuildLiteBehavior [ RunTime:0.000041s ]
INFO: [ app_init ] --END-- [ RunTime:0.000695s ]
ERR: 无法加载模块:Upload

[ 2016-10-20T14:48:15+08:00 ] ::1 /think_blog/Upload/head_pic/head_pic_1472109387.png
INFO: [ app_init ] --START--
INFO: Run Behavior\BuildLiteBehavior [ RunTime:0.000040s ]
INFO: [ app_init ] --END-- [ RunTime:0.000713s ]
ERR: 无法加载模块:Upload

[ 2016-10-20T14:49:51+08:00 ] ::1 /think_blog/Upload/head_pic/head_pic_1472109387.png
INFO: [ app_init ] --START--
INFO: Run Behavior\BuildLiteBehavior [ RunTime:0.000026s ]
INFO: [ app_init ] --END-- [ RunTime:0.000436s ]
ERR: 无法加载模块:Upload

[ 2016-10-20T14:49:51+08:00 ] ::1 /think_blog/Upload/head_pic/head_pic_1472109387.png
INFO: [ app_init ] --START--
INFO: Run Behavior\BuildLiteBehavior [ RunTime:0.000028s ]
INFO: [ app_init ] --END-- [ RunTime:0.000501s ]
ERR: 无法加载模块:Upload

[ 2016-10-20T14:49:55+08:00 ] ::1 /think_blog/Upload/head_pic/head_pic_1472109387.png
INFO: [ app_init ] --START--
INFO: Run Behavior\BuildLiteBehavior [ RunTime:0.000025s ]
INFO: [ app_init ] --END-- [ RunTime:0.000475s ]
ERR: 无法加载模块:Upload

[ 2016-10-20T14:49:55+08:00 ] ::1 /think_blog/Upload/head_pic/head_pic_1472109387.png
INFO: [ app_init ] --START--
INFO: Run Behavior\BuildLiteBehavior [ RunTime:0.000039s ]
INFO: [ app_init ] --END-- [ RunTime:0.000503s ]
ERR: 无法加载模块:Upload

[ 2016-10-20T14:51:54+08:00 ] ::1 /think_blog/Upload/head_pic/head_pic_1472109387.png
INFO: [ app_init ] --START--
INFO: Run Behavior\BuildLiteBehavior [ RunTime:0.000025s ]
INFO: [ app_init ] --END-- [ RunTime:0.000450s ]
ERR: 无法加载模块:Upload

[ 2016-10-20T14:51:54+08:00 ] ::1 /think_blog/Upload/head_pic/head_pic_1472109387.png
INFO: [ app_init ] --START--
INFO: Run Behavior\BuildLiteBehavior [ RunTime:0.000043s ]
INFO: [ app_init ] --END-- [ RunTime:0.000687s ]
ERR: 无法加载模块:Upload

[ 2016-10-20T14:55:17+08:00 ] ::1 /think_blog/Upload/head_pic/head_pic_1472109387.png
INFO: [ app_init ] --START--
INFO: Run Behavior\BuildLiteBehavior [ RunTime:0.000040s ]
INFO: [ app_init ] --END-- [ RunTime:0.000787s ]
ERR: 无法加载模块:Upload

[ 2016-10-20T14:55:17+08:00 ] ::1 /think_blog/Upload/head_pic/head_pic_1472109387.png
INFO: [ app_init ] --START--
INFO: Run Behavior\BuildLiteBehavior [ RunTime:0.000043s ]
INFO: [ app_init ] --END-- [ RunTime:0.000991s ]
ERR: 无法加载模块:Upload

[ 2016-10-20T14:59:58+08:00 ] ::1 /think_blog/Upload/head_pic/head_pic_1472109387.png
INFO: [ app_init ] --START--
INFO: Run Behavior\BuildLiteBehavior [ RunTime:0.000025s ]
INFO: [ app_init ] --END-- [ RunTime:0.000445s ]
ERR: 无法加载模块:Upload

[ 2016-10-20T14:59:58+08:00 ] ::1 /think_blog/Upload/head_pic/head_pic_1472109387.png
INFO: [ app_init ] --START--
INFO: Run Behavior\BuildLiteBehavior [ RunTime:0.000026s ]
INFO: [ app_init ] --END-- [ RunTime:0.000453s ]
ERR: 无法加载模块:Upload

[ 2016-10-20T15:00:30+08:00 ] ::1 /think_blog/Upload/head_pic/head_pic_1472109387.png
INFO: [ app_init ] --START--
INFO: Run Behavior\BuildLiteBehavior [ RunTime:0.000027s ]
INFO: [ app_init ] --END-- [ RunTime:0.000535s ]
ERR: 无法加载模块:Upload

[ 2016-10-20T15:00:30+08:00 ] ::1 /think_blog/Upload/head_pic/head_pic_1472109387.png
INFO: [ app_init ] --START--
INFO: Run Behavior\BuildLiteBehavior [ RunTime:0.000025s ]
INFO: [ app_init ] --END-- [ RunTime:0.000436s ]
ERR: 无法加载模块:Upload

[ 2016-10-20T15:04:21+08:00 ] ::1 /think_blog/Upload/head_pic/head_pic_1472109387.png
INFO: [ app_init ] --START--
INFO: Run Behavior\BuildLiteBehavior [ RunTime:0.000041s ]
INFO: [ app_init ] --END-- [ RunTime:0.000729s ]
ERR: 无法加载模块:Upload

[ 2016-10-20T15:04:21+08:00 ] ::1 /think_blog/Upload/head_pic/head_pic_1472109387.png
INFO: [ app_init ] --START--
INFO: Run Behavior\BuildLiteBehavior [ RunTime:0.000026s ]
INFO: [ app_init ] --END-- [ RunTime:0.000448s ]
ERR: 无法加载模块:Upload

[ 2016-10-20T15:04:58+08:00 ] ::1 /think_blog/Upload/head_pic/head_pic_1472109387.png
INFO: [ app_init ] --START--
INFO: Run Behavior\BuildLiteBehavior [ RunTime:0.000040s ]
INFO: [ app_init ] --END-- [ RunTime:0.000656s ]
ERR: 无法加载模块:Upload

[ 2016-10-20T15:04:59+08:00 ] ::1 /think_blog/Upload/head_pic/head_pic_1472109387.png
INFO: [ app_init ] --START--
INFO: Run Behavior\BuildLiteBehavior [ RunTime:0.000045s ]
INFO: [ app_init ] --END-- [ RunTime:0.000699s ]
ERR: 无法加载模块:Upload

[ 2016-10-20T15:05:25+08:00 ] ::1 /think_blog/Upload/head_pic/head_pic_1472109387.png
INFO: [ app_init ] --START--
INFO: Run Behavior\BuildLiteBehavior [ RunTime:0.000042s ]
INFO: [ app_init ] --END-- [ RunTime:0.000675s ]
ERR: 无法加载模块:Upload

[ 2016-10-20T15:05:25+08:00 ] ::1 /think_blog/Upload/head_pic/head_pic_1472109387.png
INFO: [ app_init ] --START--
INFO: Run Behavior\BuildLiteBehavior [ RunTime:0.000026s ]
INFO: [ app_init ] --END-- [ RunTime:0.000439s ]
ERR: 无法加载模块:Upload

