[ 2016-10-14T17:25:57+08:00 ] ::1 /think_blog/Upload/2
INFO: [ app_init ] --START--
INFO: Run Behavior\BuildLiteBehavior [ RunTime:0.000038s ]
INFO: [ app_init ] --END-- [ RunTime:0.000603s ]
ERR: 无法加载模块:Upload

[ 2016-10-14T17:25:57+08:00 ] ::1 /think_blog/Upload/u
INFO: [ app_init ] --START--
INFO: Run Behavior\BuildLiteBehavior [ RunTime:0.000041s ]
INFO: [ app_init ] --END-- [ RunTime:0.000713s ]
ERR: 无法加载模块:Upload

[ 2016-10-14T17:25:57+08:00 ] ::1 /think_blog/Upload/h
INFO: [ app_init ] --START--
INFO: Run Behavior\BuildLiteBehavior [ RunTime:0.000024s ]
INFO: [ app_init ] --END-- [ RunTime:0.000490s ]
ERR: 无法加载模块:Upload

[ 2016-10-14T17:25:57+08:00 ] ::1 /think_blog/Upload/%EF%BF%BD
INFO: [ app_init ] --START--
INFO: Run Behavior\BuildLiteBehavior [ RunTime:0.000040s ]
INFO: [ app_init ] --END-- [ RunTime:0.000734s ]
ERR: 无法加载模块:Upload

[ 2016-10-14T17:28:14+08:00 ] ::1 /think_blog/Upload/2
INFO: [ app_init ] --START--
INFO: Run Behavior\BuildLiteBehavior [ RunTime:0.000095s ]
INFO: [ app_init ] --END-- [ RunTime:0.001069s ]
ERR: 无法加载模块:Upload

[ 2016-10-14T17:28:14+08:00 ] ::1 /think_blog/Upload/u
INFO: [ app_init ] --START--
INFO: Run Behavior\BuildLiteBehavior [ RunTime:0.000044s ]
INFO: [ app_init ] --END-- [ RunTime:0.000727s ]
ERR: 无法加载模块:Upload

[ 2016-10-14T17:28:14+08:00 ] ::1 /think_blog/Upload/h
INFO: [ app_init ] --START--
INFO: Run Behavior\BuildLiteBehavior [ RunTime:0.000041s ]
INFO: [ app_init ] --END-- [ RunTime:0.000791s ]
ERR: 无法加载模块:Upload

[ 2016-10-14T17:28:14+08:00 ] ::1 /think_blog/Upload/%EF%BF%BD
INFO: [ app_init ] --START--
INFO: Run Behavior\BuildLiteBehavior [ RunTime:0.000041s ]
INFO: [ app_init ] --END-- [ RunTime:0.000711s ]
ERR: 无法加载模块:Upload

[ 2016-10-14T17:28:41+08:00 ] ::1 /think_blog/Upload/head_pic/head_pic_1472109387.png
INFO: [ app_init ] --START--
INFO: Run Behavior\BuildLiteBehavior [ RunTime:0.000039s ]
INFO: [ app_init ] --END-- [ RunTime:0.000466s ]
ERR: 无法加载模块:Upload

[ 2016-10-14T17:29:48+08:00 ] ::1 /think_blog/Upload/head_pic/head_pic_1472109387.png
INFO: [ app_init ] --START--
INFO: Run Behavior\BuildLiteBehavior [ RunTime:0.000025s ]
INFO: [ app_init ] --END-- [ RunTime:0.000424s ]
ERR: 无法加载模块:Upload

[ 2016-10-14T17:29:59+08:00 ] ::1 /think_blog/Upload/head_pic/head_pic_1472109387.png
INFO: [ app_init ] --START--
INFO: Run Behavior\BuildLiteBehavior [ RunTime:0.000045s ]
INFO: [ app_init ] --END-- [ RunTime:0.000882s ]
ERR: 无法加载模块:Upload

[ 2016-10-14T17:29:59+08:00 ] ::1 /think_blog/Upload/head_pic/head_pic_1472109387.png
INFO: [ app_init ] --START--
INFO: Run Behavior\BuildLiteBehavior [ RunTime:0.000042s ]
INFO: [ app_init ] --END-- [ RunTime:0.000606s ]
ERR: 无法加载模块:Upload

[ 2016-10-14T17:30:35+08:00 ] ::1 /think_blog/Upload/head_pic/head_pic_1472109387.png
INFO: [ app_init ] --START--
INFO: Run Behavior\BuildLiteBehavior [ RunTime:0.000051s ]
INFO: [ app_init ] --END-- [ RunTime:0.000882s ]
ERR: 无法加载模块:Upload

[ 2016-10-14T17:30:35+08:00 ] ::1 /think_blog/Upload/head_pic/head_pic_1472109387.png
INFO: [ app_init ] --START--
INFO: Run Behavior\BuildLiteBehavior [ RunTime:0.000024s ]
INFO: [ app_init ] --END-- [ RunTime:0.000444s ]
ERR: 无法加载模块:Upload

[ 2016-10-14T17:31:17+08:00 ] ::1 /think_blog/Upload/head_pic/head_pic_1472109387.png
INFO: [ app_init ] --START--
INFO: Run Behavior\BuildLiteBehavior [ RunTime:0.000025s ]
INFO: [ app_init ] --END-- [ RunTime:0.000461s ]
ERR: 无法加载模块:Upload

[ 2016-10-14T17:31:17+08:00 ] ::1 /think_blog/Upload/head_pic/head_pic_1472109387.png
INFO: [ app_init ] --START--
INFO: Run Behavior\BuildLiteBehavior [ RunTime:0.000043s ]
INFO: [ app_init ] --END-- [ RunTime:0.000648s ]
ERR: 无法加载模块:Upload

[ 2016-10-14T17:31:56+08:00 ] ::1 /think_blog/Upload/head_pic/head_pic_1472109387.png
INFO: [ app_init ] --START--
INFO: Run Behavior\BuildLiteBehavior [ RunTime:0.000039s ]
INFO: [ app_init ] --END-- [ RunTime:0.000671s ]
ERR: 无法加载模块:Upload

[ 2016-10-14T17:31:56+08:00 ] ::1 /think_blog/Upload/head_pic/head_pic_1472109387.png
INFO: [ app_init ] --START--
INFO: Run Behavior\BuildLiteBehavior [ RunTime:0.000027s ]
INFO: [ app_init ] --END-- [ RunTime:0.000463s ]
ERR: 无法加载模块:Upload

[ 2016-10-14T17:32:39+08:00 ] ::1 /think_blog/Upload/head_pic/head_pic_1472109387.png
INFO: [ app_init ] --START--
INFO: Run Behavior\BuildLiteBehavior [ RunTime:0.000045s ]
INFO: [ app_init ] --END-- [ RunTime:0.000807s ]
ERR: 无法加载模块:Upload

[ 2016-10-14T17:32:39+08:00 ] ::1 /think_blog/Upload/head_pic/head_pic_1472109387.png
INFO: [ app_init ] --START--
INFO: Run Behavior\BuildLiteBehavior [ RunTime:0.000058s ]
INFO: [ app_init ] --END-- [ RunTime:0.001168s ]
ERR: 无法加载模块:Upload

[ 2016-10-14T17:34:04+08:00 ] ::1 /think_blog/Upload/head_pic/head_pic_1472109387.png
INFO: [ app_init ] --START--
INFO: Run Behavior\BuildLiteBehavior [ RunTime:0.000039s ]
INFO: [ app_init ] --END-- [ RunTime:0.000842s ]
ERR: 无法加载模块:Upload

[ 2016-10-14T17:34:04+08:00 ] ::1 /think_blog/Upload/head_pic/head_pic_1472109387.png
INFO: [ app_init ] --START--
INFO: Run Behavior\BuildLiteBehavior [ RunTime:0.000027s ]
INFO: [ app_init ] --END-- [ RunTime:0.000506s ]
ERR: 无法加载模块:Upload

[ 2016-10-14T17:36:16+08:00 ] ::1 /think_blog/Upload/head_pic/head_pic_1472109387.png
INFO: [ app_init ] --START--
INFO: Run Behavior\BuildLiteBehavior [ RunTime:0.000042s ]
INFO: [ app_init ] --END-- [ RunTime:0.000709s ]
ERR: 无法加载模块:Upload

[ 2016-10-14T17:36:16+08:00 ] ::1 /think_blog/Upload/head_pic/head_pic_1472109387.png
INFO: [ app_init ] --START--
INFO: Run Behavior\BuildLiteBehavior [ RunTime:0.000024s ]
INFO: [ app_init ] --END-- [ RunTime:0.000433s ]
ERR: 无法加载模块:Upload

[ 2016-10-14T17:38:39+08:00 ] ::1 /think_blog/Upload/head_pic/head_pic_1472109387.png
INFO: [ app_init ] --START--
INFO: Run Behavior\BuildLiteBehavior [ RunTime:0.000041s ]
INFO: [ app_init ] --END-- [ RunTime:0.000613s ]
ERR: 无法加载模块:Upload

[ 2016-10-14T17:38:39+08:00 ] ::1 /think_blog/Upload/head_pic/head_pic_1472109387.png
INFO: [ app_init ] --START--
INFO: Run Behavior\BuildLiteBehavior [ RunTime:0.000039s ]
INFO: [ app_init ] --END-- [ RunTime:0.000586s ]
ERR: 无法加载模块:Upload

[ 2016-10-14T22:08:57+08:00 ] 127.0.0.1 /think_blog/Upload/head_pic/head_pic_1472109387.png
INFO: [ app_init ] --START--
INFO: Run Behavior\BuildLiteBehavior [ RunTime:0.001000s ]
INFO: [ app_init ] --END-- [ RunTime:0.001000s ]
ERR: 无法加载模块:Upload

[ 2016-10-14T22:09:22+08:00 ] 127.0.0.1 /think_blog/Upload/head_pic/head_pic_1472109387.png
INFO: [ app_init ] --START--
INFO: Run Behavior\BuildLiteBehavior [ RunTime:0.000000s ]
INFO: [ app_init ] --END-- [ RunTime:0.001000s ]
ERR: 无法加载模块:Upload

[ 2016-10-14T22:16:14+08:00 ] 127.0.0.1 /think_blog/Upload/head_pic/head_pic_1472109387.png
INFO: [ app_init ] --START--
INFO: Run Behavior\BuildLiteBehavior [ RunTime:0.000000s ]
INFO: [ app_init ] --END-- [ RunTime:0.001000s ]
ERR: 无法加载模块:Upload

[ 2016-10-14T23:00:48+08:00 ] 127.0.0.1 /think_blog/Upload/head_pic/head_pic_1472109387.png
INFO: [ app_init ] --START--
INFO: Run Behavior\BuildLiteBehavior [ RunTime:0.001000s ]
INFO: [ app_init ] --END-- [ RunTime:0.001000s ]
ERR: 无法加载模块:Upload

[ 2016-10-14T23:03:38+08:00 ] 127.0.0.1 /think_blog/Upload/head_pic/head_pic_1472109387.png
INFO: [ app_init ] --START--
INFO: Run Behavior\BuildLiteBehavior [ RunTime:0.000000s ]
INFO: [ app_init ] --END-- [ RunTime:0.002000s ]
ERR: 无法加载模块:Upload

[ 2016-10-14T23:05:22+08:00 ] 127.0.0.1 /think_blog/Upload/head_pic/head_pic_1472109387.png
INFO: [ app_init ] --START--
INFO: Run Behavior\BuildLiteBehavior [ RunTime:0.001000s ]
INFO: [ app_init ] --END-- [ RunTime:0.001000s ]
ERR: 无法加载模块:Upload

[ 2016-10-14T23:05:46+08:00 ] 127.0.0.1 /think_blog/Upload/head_pic/head_pic_1472109387.png
INFO: [ app_init ] --START--
INFO: Run Behavior\BuildLiteBehavior [ RunTime:0.000000s ]
INFO: [ app_init ] --END-- [ RunTime:0.001000s ]
ERR: 无法加载模块:Upload

[ 2016-10-14T23:05:46+08:00 ] 127.0.0.1 /think_blog/Upload/head_pic/head_pic_1472109387.png
INFO: [ app_init ] --START--
INFO: Run Behavior\BuildLiteBehavior [ RunTime:0.000000s ]
INFO: [ app_init ] --END-- [ RunTime:0.001000s ]
ERR: 无法加载模块:Upload

[ 2016-10-14T23:07:41+08:00 ] 127.0.0.1 /think_blog/Upload/head_pic/head_pic_1472109387.png
INFO: [ app_init ] --START--
INFO: Run Behavior\BuildLiteBehavior [ RunTime:0.000000s ]
INFO: [ app_init ] --END-- [ RunTime:0.001000s ]
ERR: 无法加载模块:Upload

[ 2016-10-14T23:08:54+08:00 ] 127.0.0.1 /think_blog/Upload/head_pic/head_pic_1472109387.png
INFO: [ app_init ] --START--
INFO: Run Behavior\BuildLiteBehavior [ RunTime:0.000000s ]
INFO: [ app_init ] --END-- [ RunTime:0.001000s ]
ERR: 无法加载模块:Upload

[ 2016-10-14T23:10:44+08:00 ] 127.0.0.1 /think_blog/Upload/head_pic/head_pic_1472109387.png
INFO: [ app_init ] --START--
INFO: Run Behavior\BuildLiteBehavior [ RunTime:0.001000s ]
INFO: [ app_init ] --END-- [ RunTime:0.002000s ]
ERR: 无法加载模块:Upload

[ 2016-10-14T23:11:07+08:00 ] 127.0.0.1 /think_blog/Upload/head_pic/head_pic_1472109387.png
INFO: [ app_init ] --START--
INFO: Run Behavior\BuildLiteBehavior [ RunTime:0.000000s ]
INFO: [ app_init ] --END-- [ RunTime:0.002000s ]
ERR: 无法加载模块:Upload

[ 2016-10-14T23:11:07+08:00 ] 127.0.0.1 /think_blog/Upload/head_pic/head_pic_1472109387.png
INFO: [ app_init ] --START--
INFO: Run Behavior\BuildLiteBehavior [ RunTime:0.000000s ]
INFO: [ app_init ] --END-- [ RunTime:0.002000s ]
ERR: 无法加载模块:Upload

[ 2016-10-14T23:12:45+08:00 ] 127.0.0.1 /think_blog/Upload/head_pic/head_pic_1472109387.png
INFO: [ app_init ] --START--
INFO: Run Behavior\BuildLiteBehavior [ RunTime:0.000000s ]
INFO: [ app_init ] --END-- [ RunTime:0.001000s ]
ERR: 无法加载模块:Upload

[ 2016-10-14T23:19:27+08:00 ] 127.0.0.1 /think_blog/Upload/head_pic/head_pic_1472109387.png
INFO: [ app_init ] --START--
INFO: Run Behavior\BuildLiteBehavior [ RunTime:0.001000s ]
INFO: [ app_init ] --END-- [ RunTime:0.001000s ]
ERR: 无法加载模块:Upload

