[ 2016-10-17T09:18:06+08:00 ] ::1 /think_blog/Upload/head_pic/head_pic_1472109387.png
INFO: [ app_init ] --START--
INFO: Run Behavior\BuildLiteBehavior [ RunTime:0.000026s ]
INFO: [ app_init ] --END-- [ RunTime:0.000471s ]
ERR: 无法加载模块:Upload

[ 2016-10-17T09:18:06+08:00 ] ::1 /think_blog/Upload/head_pic/head_pic_1472109387.png
INFO: [ app_init ] --START--
INFO: Run Behavior\BuildLiteBehavior [ RunTime:0.000036s ]
INFO: [ app_init ] --END-- [ RunTime:0.000801s ]
ERR: 无法加载模块:Upload

[ 2016-10-17T09:22:18+08:00 ] ::1 /think_blog/Upload/head_pic/head_pic_1472109387.png
INFO: [ app_init ] --START--
INFO: Run Behavior\BuildLiteBehavior [ RunTime:0.000045s ]
INFO: [ app_init ] --END-- [ RunTime:0.000566s ]
ERR: 无法加载模块:Upload

[ 2016-10-17T09:22:19+08:00 ] ::1 /think_blog/Upload/head_pic/head_pic_1472109387.png
INFO: [ app_init ] --START--
INFO: Run Behavior\BuildLiteBehavior [ RunTime:0.000026s ]
INFO: [ app_init ] --END-- [ RunTime:0.000450s ]
ERR: 无法加载模块:Upload

[ 2016-10-17T09:23:41+08:00 ] ::1 /think_blog/Upload/head_pic/head_pic_1472109387.png
INFO: [ app_init ] --START--
INFO: Run Behavior\BuildLiteBehavior [ RunTime:0.000038s ]
INFO: [ app_init ] --END-- [ RunTime:0.000657s ]
ERR: 无法加载模块:Upload

[ 2016-10-17T09:23:41+08:00 ] ::1 /think_blog/Upload/head_pic/head_pic_1472109387.png
INFO: [ app_init ] --START--
INFO: Run Behavior\BuildLiteBehavior [ RunTime:0.000026s ]
INFO: [ app_init ] --END-- [ RunTime:0.000444s ]
ERR: 无法加载模块:Upload

[ 2016-10-17T09:25:41+08:00 ] ::1 /think_blog/Upload/head_pic/head_pic_1472109387.png
INFO: [ app_init ] --START--
INFO: Run Behavior\BuildLiteBehavior [ RunTime:0.000042s ]
INFO: [ app_init ] --END-- [ RunTime:0.000771s ]
ERR: 无法加载模块:Upload

[ 2016-10-17T09:25:41+08:00 ] ::1 /think_blog/Upload/head_pic/head_pic_1472109387.png
INFO: [ app_init ] --START--
INFO: Run Behavior\BuildLiteBehavior [ RunTime:0.000027s ]
INFO: [ app_init ] --END-- [ RunTime:0.000467s ]
ERR: 无法加载模块:Upload

[ 2016-10-17T09:36:49+08:00 ] ::1 /think_blog/Upload/head_pic/head_pic_1472109387.png
INFO: [ app_init ] --START--
INFO: Run Behavior\BuildLiteBehavior [ RunTime:0.000026s ]
INFO: [ app_init ] --END-- [ RunTime:0.000519s ]
ERR: 无法加载模块:Upload

[ 2016-10-17T09:36:49+08:00 ] ::1 /think_blog/Upload/head_pic/head_pic_1472109387.png
INFO: [ app_init ] --START--
INFO: Run Behavior\BuildLiteBehavior [ RunTime:0.000025s ]
INFO: [ app_init ] --END-- [ RunTime:0.000437s ]
ERR: 无法加载模块:Upload

[ 2016-10-17T09:40:39+08:00 ] ::1 /think_blog/Upload/head_pic/head_pic_1472109387.png
INFO: [ app_init ] --START--
INFO: Run Behavior\BuildLiteBehavior [ RunTime:0.000042s ]
INFO: [ app_init ] --END-- [ RunTime:0.000814s ]
ERR: 无法加载模块:Upload

[ 2016-10-17T09:40:39+08:00 ] ::1 /think_blog/Upload/head_pic/head_pic_1472109387.png
INFO: [ app_init ] --START--
INFO: Run Behavior\BuildLiteBehavior [ RunTime:0.000026s ]
INFO: [ app_init ] --END-- [ RunTime:0.000434s ]
ERR: 无法加载模块:Upload

[ 2016-10-17T09:42:16+08:00 ] ::1 /think_blog/Upload/head_pic/head_pic_1472109387.png
INFO: [ app_init ] --START--
INFO: Run Behavior\BuildLiteBehavior [ RunTime:0.000025s ]
INFO: [ app_init ] --END-- [ RunTime:0.000447s ]
ERR: 无法加载模块:Upload

[ 2016-10-17T09:42:17+08:00 ] ::1 /think_blog/Upload/head_pic/head_pic_1472109387.png
INFO: [ app_init ] --START--
INFO: Run Behavior\BuildLiteBehavior [ RunTime:0.000025s ]
INFO: [ app_init ] --END-- [ RunTime:0.000439s ]
ERR: 无法加载模块:Upload

[ 2016-10-17T09:42:21+08:00 ] ::1 /think_blog/Upload/head_pic/head_pic_1472109387.png
INFO: [ app_init ] --START--
INFO: Run Behavior\BuildLiteBehavior [ RunTime:0.000042s ]
INFO: [ app_init ] --END-- [ RunTime:0.000757s ]
ERR: 无法加载模块:Upload

[ 2016-10-17T09:47:53+08:00 ] ::1 /think_blog/Upload/head_pic/head_pic_1472109387.png
INFO: [ app_init ] --START--
INFO: Run Behavior\BuildLiteBehavior [ RunTime:0.000042s ]
INFO: [ app_init ] --END-- [ RunTime:0.000787s ]
ERR: 无法加载模块:Upload

[ 2016-10-17T09:47:53+08:00 ] ::1 /think_blog/Upload/head_pic/head_pic_1472109387.png
INFO: [ app_init ] --START--
INFO: Run Behavior\BuildLiteBehavior [ RunTime:0.000038s ]
INFO: [ app_init ] --END-- [ RunTime:0.000630s ]
ERR: 无法加载模块:Upload

[ 2016-10-17T09:55:57+08:00 ] ::1 /think_blog/Upload/head_pic/head_pic_1472109387.png
INFO: [ app_init ] --START--
INFO: Run Behavior\BuildLiteBehavior [ RunTime:0.000057s ]
INFO: [ app_init ] --END-- [ RunTime:0.000840s ]
ERR: 无法加载模块:Upload

[ 2016-10-17T10:04:19+08:00 ] ::1 /think_blog/Upload/head_pic/head_pic_1472109387.png
INFO: [ app_init ] --START--
INFO: Run Behavior\BuildLiteBehavior [ RunTime:0.000041s ]
INFO: [ app_init ] --END-- [ RunTime:0.000545s ]
ERR: 无法加载模块:Upload

[ 2016-10-17T10:04:19+08:00 ] ::1 /think_blog/Upload/head_pic/head_pic_1472109387.png
INFO: [ app_init ] --START--
INFO: Run Behavior\BuildLiteBehavior [ RunTime:0.000043s ]
INFO: [ app_init ] --END-- [ RunTime:0.000837s ]
ERR: 无法加载模块:Upload

[ 2016-10-17T10:04:56+08:00 ] ::1 /think_blog/Upload/head_pic/head_pic_1472109387.png
INFO: [ app_init ] --START--
INFO: Run Behavior\BuildLiteBehavior [ RunTime:0.000025s ]
INFO: [ app_init ] --END-- [ RunTime:0.000441s ]
ERR: 无法加载模块:Upload

[ 2016-10-17T10:04:56+08:00 ] ::1 /think_blog/Upload/head_pic/head_pic_1472109387.png
INFO: [ app_init ] --START--
INFO: Run Behavior\BuildLiteBehavior [ RunTime:0.000041s ]
INFO: [ app_init ] --END-- [ RunTime:0.000745s ]
ERR: 无法加载模块:Upload

[ 2016-10-17T10:05:22+08:00 ] ::1 /think_blog/Upload/head_pic/head_pic_1472109387.png
INFO: [ app_init ] --START--
INFO: Run Behavior\BuildLiteBehavior [ RunTime:0.000025s ]
INFO: [ app_init ] --END-- [ RunTime:0.000511s ]
ERR: 无法加载模块:Upload

[ 2016-10-17T10:05:22+08:00 ] ::1 /think_blog/Upload/head_pic/head_pic_1472109387.png
INFO: [ app_init ] --START--
INFO: Run Behavior\BuildLiteBehavior [ RunTime:0.000025s ]
INFO: [ app_init ] --END-- [ RunTime:0.000454s ]
ERR: 无法加载模块:Upload

[ 2016-10-17T10:06:01+08:00 ] ::1 /think_blog/Upload/head_pic/head_pic_1472109387.png
INFO: [ app_init ] --START--
INFO: Run Behavior\BuildLiteBehavior [ RunTime:0.000027s ]
INFO: [ app_init ] --END-- [ RunTime:0.000622s ]
ERR: 无法加载模块:Upload

[ 2016-10-17T10:06:01+08:00 ] ::1 /think_blog/Upload/head_pic/head_pic_1472109387.png
INFO: [ app_init ] --START--
INFO: Run Behavior\BuildLiteBehavior [ RunTime:0.000037s ]
INFO: [ app_init ] --END-- [ RunTime:0.000658s ]
ERR: 无法加载模块:Upload

[ 2016-10-17T10:21:20+08:00 ] ::1 /think_blog/Upload/head_pic/head_pic_1472109387.png
INFO: [ app_init ] --START--
INFO: Run Behavior\BuildLiteBehavior [ RunTime:0.000043s ]
INFO: [ app_init ] --END-- [ RunTime:0.000607s ]
ERR: 无法加载模块:Upload

[ 2016-10-17T10:21:20+08:00 ] ::1 /think_blog/Upload/head_pic/head_pic_1472109387.png
INFO: [ app_init ] --START--
INFO: Run Behavior\BuildLiteBehavior [ RunTime:0.000027s ]
INFO: [ app_init ] --END-- [ RunTime:0.000476s ]
ERR: 无法加载模块:Upload

[ 2016-10-17T10:22:18+08:00 ] ::1 /think_blog/Upload/head_pic/head_pic_1472109387.png
INFO: [ app_init ] --START--
INFO: Run Behavior\BuildLiteBehavior [ RunTime:0.000043s ]
INFO: [ app_init ] --END-- [ RunTime:0.000779s ]
ERR: 无法加载模块:Upload

[ 2016-10-17T10:22:18+08:00 ] ::1 /think_blog/Upload/head_pic/head_pic_1472109387.png
INFO: [ app_init ] --START--
INFO: Run Behavior\BuildLiteBehavior [ RunTime:0.000029s ]
INFO: [ app_init ] --END-- [ RunTime:0.000568s ]
ERR: 无法加载模块:Upload

[ 2016-10-17T10:25:47+08:00 ] ::1 /think_blog/Upload/head_pic/head_pic_1472109387.png
INFO: [ app_init ] --START--
INFO: Run Behavior\BuildLiteBehavior [ RunTime:0.000091s ]
INFO: [ app_init ] --END-- [ RunTime:0.000942s ]
ERR: 无法加载模块:Upload

[ 2016-10-17T10:25:47+08:00 ] ::1 /think_blog/Upload/head_pic/head_pic_1472109387.png
INFO: [ app_init ] --START--
INFO: Run Behavior\BuildLiteBehavior [ RunTime:0.000040s ]
INFO: [ app_init ] --END-- [ RunTime:0.000814s ]
ERR: 无法加载模块:Upload

[ 2016-10-17T16:00:19+08:00 ] ::1 /think_blog/Upload/head_pic/head_pic_1472109387.png
INFO: [ app_init ] --START--
INFO: Run Behavior\BuildLiteBehavior [ RunTime:0.000038s ]
INFO: [ app_init ] --END-- [ RunTime:0.000773s ]
ERR: 无法加载模块:Upload

[ 2016-10-17T16:00:19+08:00 ] ::1 /think_blog/Upload/head_pic/head_pic_1472109387.png
INFO: [ app_init ] --START--
INFO: Run Behavior\BuildLiteBehavior [ RunTime:0.000026s ]
INFO: [ app_init ] --END-- [ RunTime:0.000447s ]
ERR: 无法加载模块:Upload

[ 2016-10-17T16:02:31+08:00 ] ::1 /think_blog/Upload/head_pic/head_pic_1472109387.png
INFO: [ app_init ] --START--
INFO: Run Behavior\BuildLiteBehavior [ RunTime:0.000043s ]
INFO: [ app_init ] --END-- [ RunTime:0.000752s ]
ERR: 无法加载模块:Upload

[ 2016-10-17T16:02:31+08:00 ] ::1 /think_blog/Upload/head_pic/head_pic_1472109387.png
INFO: [ app_init ] --START--
INFO: Run Behavior\BuildLiteBehavior [ RunTime:0.000025s ]
INFO: [ app_init ] --END-- [ RunTime:0.000435s ]
ERR: 无法加载模块:Upload

[ 2016-10-17T16:02:55+08:00 ] ::1 /think_blog/Upload/head_pic/head_pic_1472109387.png
INFO: [ app_init ] --START--
INFO: Run Behavior\BuildLiteBehavior [ RunTime:0.000029s ]
INFO: [ app_init ] --END-- [ RunTime:0.000661s ]
ERR: 无法加载模块:Upload

[ 2016-10-17T16:02:55+08:00 ] ::1 /think_blog/Upload/head_pic/head_pic_1472109387.png
INFO: [ app_init ] --START--
INFO: Run Behavior\BuildLiteBehavior [ RunTime:0.000027s ]
INFO: [ app_init ] --END-- [ RunTime:0.000701s ]
ERR: 无法加载模块:Upload

[ 2016-10-17T16:03:16+08:00 ] ::1 /think_blog/Upload/head_pic/head_pic_1472109387.png
INFO: [ app_init ] --START--
INFO: Run Behavior\BuildLiteBehavior [ RunTime:0.000028s ]
INFO: [ app_init ] --END-- [ RunTime:0.000613s ]
ERR: 无法加载模块:Upload

[ 2016-10-17T16:03:16+08:00 ] ::1 /think_blog/Upload/head_pic/head_pic_1472109387.png
INFO: [ app_init ] --START--
INFO: Run Behavior\BuildLiteBehavior [ RunTime:0.000043s ]
INFO: [ app_init ] --END-- [ RunTime:0.000689s ]
ERR: 无法加载模块:Upload

[ 2016-10-17T16:03:21+08:00 ] ::1 /think_blog/Upload/head_pic/head_pic_1472109387.png
INFO: [ app_init ] --START--
INFO: Run Behavior\BuildLiteBehavior [ RunTime:0.000104s ]
INFO: [ app_init ] --END-- [ RunTime:0.000923s ]
ERR: 无法加载模块:Upload

[ 2016-10-17T16:03:22+08:00 ] ::1 /think_blog/Upload/head_pic/head_pic_1472109387.png
INFO: [ app_init ] --START--
INFO: Run Behavior\BuildLiteBehavior [ RunTime:0.000025s ]
INFO: [ app_init ] --END-- [ RunTime:0.000454s ]
ERR: 无法加载模块:Upload

[ 2016-10-17T16:03:36+08:00 ] ::1 /think_blog/Upload/head_pic/head_pic_1472109387.png
INFO: [ app_init ] --START--
INFO: Run Behavior\BuildLiteBehavior [ RunTime:0.000041s ]
INFO: [ app_init ] --END-- [ RunTime:0.000677s ]
ERR: 无法加载模块:Upload

[ 2016-10-17T16:03:36+08:00 ] ::1 /think_blog/Upload/head_pic/head_pic_1472109387.png
INFO: [ app_init ] --START--
INFO: Run Behavior\BuildLiteBehavior [ RunTime:0.000043s ]
INFO: [ app_init ] --END-- [ RunTime:0.000752s ]
ERR: 无法加载模块:Upload

[ 2016-10-17T16:03:47+08:00 ] ::1 /think_blog/Upload/head_pic/head_pic_1472109387.png
INFO: [ app_init ] --START--
INFO: Run Behavior\BuildLiteBehavior [ RunTime:0.000027s ]
INFO: [ app_init ] --END-- [ RunTime:0.000455s ]
ERR: 无法加载模块:Upload

[ 2016-10-17T16:03:47+08:00 ] ::1 /think_blog/Upload/head_pic/head_pic_1472109387.png
INFO: [ app_init ] --START--
INFO: Run Behavior\BuildLiteBehavior [ RunTime:0.000039s ]
INFO: [ app_init ] --END-- [ RunTime:0.000637s ]
ERR: 无法加载模块:Upload

[ 2016-10-17T16:05:04+08:00 ] ::1 /think_blog/Upload/head_pic/head_pic_1472109387.png
INFO: [ app_init ] --START--
INFO: Run Behavior\BuildLiteBehavior [ RunTime:0.000024s ]
INFO: [ app_init ] --END-- [ RunTime:0.000424s ]
ERR: 无法加载模块:Upload

[ 2016-10-17T16:05:04+08:00 ] ::1 /think_blog/Upload/head_pic/head_pic_1472109387.png
INFO: [ app_init ] --START--
INFO: Run Behavior\BuildLiteBehavior [ RunTime:0.000026s ]
INFO: [ app_init ] --END-- [ RunTime:0.000459s ]
ERR: 无法加载模块:Upload

[ 2016-10-17T16:09:07+08:00 ] ::1 /think_blog/Upload/head_pic/head_pic_1472109387.png
INFO: [ app_init ] --START--
INFO: Run Behavior\BuildLiteBehavior [ RunTime:0.000040s ]
INFO: [ app_init ] --END-- [ RunTime:0.000539s ]
ERR: 无法加载模块:Upload

[ 2016-10-17T16:09:07+08:00 ] ::1 /think_blog/Upload/head_pic/head_pic_1472109387.png
INFO: [ app_init ] --START--
INFO: Run Behavior\BuildLiteBehavior [ RunTime:0.000035s ]
INFO: [ app_init ] --END-- [ RunTime:0.000597s ]
ERR: 无法加载模块:Upload

[ 2016-10-17T16:10:16+08:00 ] ::1 /think_blog/Upload/head_pic/head_pic_1472109387.png
INFO: [ app_init ] --START--
INFO: Run Behavior\BuildLiteBehavior [ RunTime:0.000026s ]
INFO: [ app_init ] --END-- [ RunTime:0.000473s ]
ERR: 无法加载模块:Upload

[ 2016-10-17T16:10:16+08:00 ] ::1 /think_blog/Upload/head_pic/head_pic_1472109387.png
INFO: [ app_init ] --START--
INFO: Run Behavior\BuildLiteBehavior [ RunTime:0.000026s ]
INFO: [ app_init ] --END-- [ RunTime:0.000438s ]
ERR: 无法加载模块:Upload

[ 2016-10-17T16:11:33+08:00 ] ::1 /think_blog/Upload/head_pic/head_pic_1472109387.png
INFO: [ app_init ] --START--
INFO: Run Behavior\BuildLiteBehavior [ RunTime:0.000042s ]
INFO: [ app_init ] --END-- [ RunTime:0.000728s ]
ERR: 无法加载模块:Upload

[ 2016-10-17T16:11:33+08:00 ] ::1 /think_blog/Upload/head_pic/head_pic_1472109387.png
INFO: [ app_init ] --START--
INFO: Run Behavior\BuildLiteBehavior [ RunTime:0.000026s ]
INFO: [ app_init ] --END-- [ RunTime:0.000439s ]
ERR: 无法加载模块:Upload

[ 2016-10-17T16:12:23+08:00 ] ::1 /think_blog/Upload/head_pic/head_pic_1472109387.png
INFO: [ app_init ] --START--
INFO: Run Behavior\BuildLiteBehavior [ RunTime:0.000028s ]
INFO: [ app_init ] --END-- [ RunTime:0.000481s ]
ERR: 无法加载模块:Upload

[ 2016-10-17T16:12:23+08:00 ] ::1 /think_blog/Upload/head_pic/head_pic_1472109387.png
INFO: [ app_init ] --START--
INFO: Run Behavior\BuildLiteBehavior [ RunTime:0.000040s ]
INFO: [ app_init ] --END-- [ RunTime:0.000653s ]
ERR: 无法加载模块:Upload

[ 2016-10-17T16:12:45+08:00 ] ::1 /think_blog/Upload/head_pic/head_pic_1472109387.png
INFO: [ app_init ] --START--
INFO: Run Behavior\BuildLiteBehavior [ RunTime:0.000040s ]
INFO: [ app_init ] --END-- [ RunTime:0.000720s ]
ERR: 无法加载模块:Upload

[ 2016-10-17T16:12:46+08:00 ] ::1 /think_blog/Upload/head_pic/head_pic_1472109387.png
INFO: [ app_init ] --START--
INFO: Run Behavior\BuildLiteBehavior [ RunTime:0.000039s ]
INFO: [ app_init ] --END-- [ RunTime:0.000654s ]
ERR: 无法加载模块:Upload

[ 2016-10-17T16:13:01+08:00 ] ::1 /think_blog/Upload/head_pic/head_pic_1472109387.png
INFO: [ app_init ] --START--
INFO: Run Behavior\BuildLiteBehavior [ RunTime:0.000043s ]
INFO: [ app_init ] --END-- [ RunTime:0.000710s ]
ERR: 无法加载模块:Upload

[ 2016-10-17T16:13:01+08:00 ] ::1 /think_blog/Upload/head_pic/head_pic_1472109387.png
INFO: [ app_init ] --START--
INFO: Run Behavior\BuildLiteBehavior [ RunTime:0.000042s ]
INFO: [ app_init ] --END-- [ RunTime:0.000713s ]
ERR: 无法加载模块:Upload

