[ 2016-10-18T09:15:57+08:00 ] ::1 /think_blog/Public/css/articleType.css
INFO: [ app_init ] --START--
INFO: Run Behavior\BuildLiteBehavior [ RunTime:0.000030s ]
INFO: [ app_init ] --END-- [ RunTime:0.000374s ]
ERR: 无法加载模块:Public

[ 2016-10-18T13:28:46+08:00 ] ::1 /think_blog/Upload/head_pic/head_pic_1472109387.png
INFO: [ app_init ] --START--
INFO: Run Behavior\BuildLiteBehavior [ RunTime:0.000026s ]
INFO: [ app_init ] --END-- [ RunTime:0.000443s ]
ERR: 无法加载模块:Upload

[ 2016-10-18T13:28:46+08:00 ] ::1 /think_blog/Upload/head_pic/head_pic_1472109387.png
INFO: [ app_init ] --START--
INFO: Run Behavior\BuildLiteBehavior [ RunTime:0.000038s ]
INFO: [ app_init ] --END-- [ RunTime:0.000721s ]
ERR: 无法加载模块:Upload

[ 2016-10-18T21:16:15+08:00 ] 127.0.0.1 /think_blog/Public/css/articleType.css
INFO: [ app_init ] --START--
INFO: Run Behavior\BuildLiteBehavior [ RunTime:0.000000s ]
INFO: [ app_init ] --END-- [ RunTime:0.001001s ]
ERR: 无法加载模块:Public

[ 2016-10-18T21:16:25+08:00 ] 127.0.0.1 /think_blog/Public/css/articleType.css
INFO: [ app_init ] --START--
INFO: Run Behavior\BuildLiteBehavior [ RunTime:0.001000s ]
INFO: [ app_init ] --END-- [ RunTime:0.002000s ]
ERR: 无法加载模块:Public

[ 2016-10-18T21:57:48+08:00 ] 127.0.0.1 /think_blog/Upload/head_pic/head_pic_1472109387.png
INFO: [ app_init ] --START--
INFO: Run Behavior\BuildLiteBehavior [ RunTime:0.000000s ]
INFO: [ app_init ] --END-- [ RunTime:0.001000s ]
ERR: 无法加载模块:Upload

[ 2016-10-18T22:00:15+08:00 ] 127.0.0.1 /think_blog/Upload/head_pic/head_pic_1472109387.png
INFO: [ app_init ] --START--
INFO: Run Behavior\BuildLiteBehavior [ RunTime:0.000000s ]
INFO: [ app_init ] --END-- [ RunTime:0.001000s ]
ERR: 无法加载模块:Upload

[ 2016-10-18T22:00:48+08:00 ] 127.0.0.1 /think_blog/Upload/head_pic/head_pic_1472109387.png
INFO: [ app_init ] --START--
INFO: Run Behavior\BuildLiteBehavior [ RunTime:0.000000s ]
INFO: [ app_init ] --END-- [ RunTime:0.002000s ]
ERR: 无法加载模块:Upload

[ 2016-10-18T22:01:02+08:00 ] 127.0.0.1 /think_blog/Upload/head_pic/head_pic_1472109387.png
INFO: [ app_init ] --START--
INFO: Run Behavior\BuildLiteBehavior [ RunTime:0.000000s ]
INFO: [ app_init ] --END-- [ RunTime:0.001000s ]
ERR: 无法加载模块:Upload

[ 2016-10-18T22:01:06+08:00 ] 127.0.0.1 /think_blog/Upload/head_pic/head_pic_1472109387.png
INFO: [ app_init ] --START--
INFO: Run Behavior\BuildLiteBehavior [ RunTime:0.000000s ]
INFO: [ app_init ] --END-- [ RunTime:0.001000s ]
ERR: 无法加载模块:Upload

[ 2016-10-18T22:01:32+08:00 ] 127.0.0.1 /think_blog/Upload/head_pic/head_pic_1472109387.png
INFO: [ app_init ] --START--
INFO: Run Behavior\BuildLiteBehavior [ RunTime:0.000000s ]
INFO: [ app_init ] --END-- [ RunTime:0.001000s ]
ERR: 无法加载模块:Upload

[ 2016-10-18T22:01:37+08:00 ] 127.0.0.1 /think_blog/Upload/head_pic/head_pic_1472109387.png
INFO: [ app_init ] --START--
INFO: Run Behavior\BuildLiteBehavior [ RunTime:0.000000s ]
INFO: [ app_init ] --END-- [ RunTime:0.002000s ]
ERR: 无法加载模块:Upload

[ 2016-10-18T22:03:26+08:00 ] 127.0.0.1 /think_blog/Upload/head_pic/head_pic_1472109387.png
INFO: [ app_init ] --START--
INFO: Run Behavior\BuildLiteBehavior [ RunTime:0.000000s ]
INFO: [ app_init ] --END-- [ RunTime:0.001000s ]
ERR: 无法加载模块:Upload

[ 2016-10-18T22:14:22+08:00 ] 127.0.0.1 /think_blog/Upload/head_pic/head_pic_1472109387.png
INFO: [ app_init ] --START--
INFO: Run Behavior\BuildLiteBehavior [ RunTime:0.001000s ]
INFO: [ app_init ] --END-- [ RunTime:0.002000s ]
ERR: 无法加载模块:Upload

