[ 2016-10-28T10:16:15+08:00 ] ::1 /think_blog/Upload/photo_img/photo_img_1477620832.png
INFO: [ app_init ] --START--
INFO: Run Behavior\BuildLiteBehavior [ RunTime:0.000029s ]
INFO: [ app_init ] --END-- [ RunTime:0.000614s ]
ERR: 无法加载模块:Upload

[ 2016-10-28T10:16:15+08:00 ] ::1 /think_blog/Upload/photo_img/photo_img_1477620889.png
INFO: [ app_init ] --START--
INFO: Run Behavior\BuildLiteBehavior [ RunTime:0.000027s ]
INFO: [ app_init ] --END-- [ RunTime:0.000511s ]
ERR: 无法加载模块:Upload

[ 2016-10-28T10:16:30+08:00 ] ::1 /think_blog/Upload/photo_img/photo_img_1477620889.png
INFO: [ app_init ] --START--
INFO: Run Behavior\BuildLiteBehavior [ RunTime:0.000546s ]
INFO: [ app_init ] --END-- [ RunTime:0.001656s ]
ERR: 无法加载模块:Upload

[ 2016-10-28T10:16:30+08:00 ] ::1 /think_blog/Upload/photo_img/photo_img_1477620832.png
INFO: [ app_init ] --START--
INFO: Run Behavior\BuildLiteBehavior [ RunTime:0.000041s ]
INFO: [ app_init ] --END-- [ RunTime:0.000849s ]
ERR: 无法加载模块:Upload

[ 2016-10-28T10:18:16+08:00 ] ::1 /think_blog/Upload/photo_img/photo_img_1477620832.png
INFO: [ app_init ] --START--
INFO: Run Behavior\BuildLiteBehavior [ RunTime:0.000043s ]
INFO: [ app_init ] --END-- [ RunTime:0.000662s ]
ERR: 无法加载模块:Upload

[ 2016-10-28T10:18:16+08:00 ] ::1 /think_blog/Upload/photo_img/photo_img_1477620889.png
INFO: [ app_init ] --START--
INFO: Run Behavior\BuildLiteBehavior [ RunTime:0.000042s ]
INFO: [ app_init ] --END-- [ RunTime:0.000667s ]
ERR: 无法加载模块:Upload

[ 2016-10-28T10:19:23+08:00 ] ::1 /think_blog/Upload/photo_img/photo_img_1477620832.png
INFO: [ app_init ] --START--
INFO: Run Behavior\BuildLiteBehavior [ RunTime:0.000049s ]
INFO: [ app_init ] --END-- [ RunTime:0.000642s ]
ERR: 无法加载模块:Upload

[ 2016-10-28T10:19:23+08:00 ] ::1 /think_blog/Upload/photo_img/photo_img_1477620889.png
INFO: [ app_init ] --START--
INFO: Run Behavior\BuildLiteBehavior [ RunTime:0.000024s ]
INFO: [ app_init ] --END-- [ RunTime:0.000537s ]
ERR: 无法加载模块:Upload

[ 2016-10-28T10:20:41+08:00 ] ::1 /think_blog/Upload/photo_img/photo_img_1477620832.png
INFO: [ app_init ] --START--
INFO: Run Behavior\BuildLiteBehavior [ RunTime:0.000036s ]
INFO: [ app_init ] --END-- [ RunTime:0.000606s ]
ERR: 无法加载模块:Upload

[ 2016-10-28T10:20:41+08:00 ] ::1 /think_blog/Upload/photo_img/photo_img_1477620889.png
INFO: [ app_init ] --START--
INFO: Run Behavior\BuildLiteBehavior [ RunTime:0.000044s ]
INFO: [ app_init ] --END-- [ RunTime:0.000919s ]
ERR: 无法加载模块:Upload

[ 2016-10-28T10:21:21+08:00 ] ::1 /think_blog/Upload/photo_img/photo_img_1477620832.png
INFO: [ app_init ] --START--
INFO: Run Behavior\BuildLiteBehavior [ RunTime:0.000025s ]
INFO: [ app_init ] --END-- [ RunTime:0.000540s ]
ERR: 无法加载模块:Upload

[ 2016-10-28T10:21:22+08:00 ] ::1 /think_blog/Upload/photo_img/photo_img_1477620889.png
INFO: [ app_init ] --START--
INFO: Run Behavior\BuildLiteBehavior [ RunTime:0.000026s ]
INFO: [ app_init ] --END-- [ RunTime:0.000492s ]
ERR: 无法加载模块:Upload

[ 2016-10-28T10:21:30+08:00 ] ::1 /think_blog/Upload/photo_img/photo_img_1477620832.png
INFO: [ app_init ] --START--
INFO: Run Behavior\BuildLiteBehavior [ RunTime:0.000045s ]
INFO: [ app_init ] --END-- [ RunTime:0.000729s ]
ERR: 无法加载模块:Upload

[ 2016-10-28T10:21:30+08:00 ] ::1 /think_blog/Upload/photo_img/photo_img_1477620889.png
INFO: [ app_init ] --START--
INFO: Run Behavior\BuildLiteBehavior [ RunTime:0.000027s ]
INFO: [ app_init ] --END-- [ RunTime:0.000578s ]
ERR: 无法加载模块:Upload

[ 2016-10-28T10:21:58+08:00 ] ::1 /think_blog/Upload/photo_img/photo_img_1477620832.png
INFO: [ app_init ] --START--
INFO: Run Behavior\BuildLiteBehavior [ RunTime:0.000025s ]
INFO: [ app_init ] --END-- [ RunTime:0.000436s ]
ERR: 无法加载模块:Upload

[ 2016-10-28T10:21:58+08:00 ] ::1 /think_blog/Upload/photo_img/photo_img_1477620889.png
INFO: [ app_init ] --START--
INFO: Run Behavior\BuildLiteBehavior [ RunTime:0.000045s ]
INFO: [ app_init ] --END-- [ RunTime:0.000821s ]
ERR: 无法加载模块:Upload

[ 2016-10-28T10:30:00+08:00 ] ::1 /think_blog/Upload/photo_img/photo_img_1477620832.png
INFO: [ app_init ] --START--
INFO: Run Behavior\BuildLiteBehavior [ RunTime:0.000081s ]
INFO: [ app_init ] --END-- [ RunTime:0.001367s ]
ERR: 无法加载模块:Upload

[ 2016-10-28T10:30:00+08:00 ] ::1 /think_blog/Upload/photo_img/photo_img_1477620889.png
INFO: [ app_init ] --START--
INFO: Run Behavior\BuildLiteBehavior [ RunTime:0.000052s ]
INFO: [ app_init ] --END-- [ RunTime:0.000919s ]
ERR: 无法加载模块:Upload

[ 2016-10-28T10:31:53+08:00 ] ::1 /think_blog/Upload/photo_img/photo_img_1477620832.png
INFO: [ app_init ] --START--
INFO: Run Behavior\BuildLiteBehavior [ RunTime:0.000028s ]
INFO: [ app_init ] --END-- [ RunTime:0.000525s ]
ERR: 无法加载模块:Upload

[ 2016-10-28T10:31:53+08:00 ] ::1 /think_blog/Upload/photo_img/photo_img_1477620889.png
INFO: [ app_init ] --START--
INFO: Run Behavior\BuildLiteBehavior [ RunTime:0.000057s ]
INFO: [ app_init ] --END-- [ RunTime:0.001051s ]
ERR: 无法加载模块:Upload

[ 2016-10-28T17:28:19+08:00 ] ::1 /think_blog/Upload/head_pic/head_pic_1472109387.png
INFO: [ app_init ] --START--
INFO: Run Behavior\BuildLiteBehavior [ RunTime:0.000025s ]
INFO: [ app_init ] --END-- [ RunTime:0.000601s ]
ERR: 无法加载模块:Upload

[ 2016-10-28T17:51:57+08:00 ] ::1 /think_blog/Upload/head_pic/head_pic_1472109387.png
INFO: [ app_init ] --START--
INFO: Run Behavior\BuildLiteBehavior [ RunTime:0.000024s ]
INFO: [ app_init ] --END-- [ RunTime:0.000528s ]
ERR: 无法加载模块:Upload

[ 2016-10-28T17:59:10+08:00 ] ::1 /think_blog/Upload/head_pic/head_pic_1472109387.png
INFO: [ app_init ] --START--
INFO: Run Behavior\BuildLiteBehavior [ RunTime:0.000065s ]
INFO: [ app_init ] --END-- [ RunTime:0.000682s ]
ERR: 无法加载模块:Upload

[ 2016-10-28T17:59:23+08:00 ] ::1 /think_blog/Upload/head_pic/head_pic_1472109387.png
INFO: [ app_init ] --START--
INFO: Run Behavior\BuildLiteBehavior [ RunTime:0.000041s ]
INFO: [ app_init ] --END-- [ RunTime:0.000735s ]
ERR: 无法加载模块:Upload

