[ 2016-09-26T09:32:28+08:00 ] ::1 /think_blog/index.php/admin/
INFO: [ app_init ] --START--
INFO: Run Behavior\BuildLiteBehavior [ RunTime:0.000037s ]
INFO: [ app_init ] --END-- [ RunTime:0.054685s ]

[ 2016-09-26T09:32:29+08:00 ] ::1 /think_blog/index.php/admin/ArticleType/index
INFO: [ app_init ] --START--
INFO: Run Behavior\BuildLiteBehavior [ RunTime:0.000025s ]
INFO: [ app_init ] --END-- [ RunTime:0.000509s ]

[ 2016-09-26T09:32:33+08:00 ] ::1 /think_blog/index.php/admin/ArticleType/index
INFO: [ app_init ] --START--
INFO: Run Behavior\BuildLiteBehavior [ RunTime:0.000046s ]
INFO: [ app_init ] --END-- [ RunTime:0.000652s ]

[ 2016-09-26T09:32:36+08:00 ] ::1 /think_blog/index.php/admin/
INFO: [ app_init ] --START--
INFO: Run Behavior\BuildLiteBehavior [ RunTime:0.000042s ]
INFO: [ app_init ] --END-- [ RunTime:0.000747s ]

[ 2016-09-26T09:32:37+08:00 ] ::1 /think_blog/index.php/admin/ArticleType/index
INFO: [ app_init ] --START--
INFO: Run Behavior\BuildLiteBehavior [ RunTime:0.000028s ]
INFO: [ app_init ] --END-- [ RunTime:0.000573s ]

[ 2016-09-26T09:34:19+08:00 ] ::1 /think_blog/index.php/admin/
INFO: [ app_init ] --START--
INFO: Run Behavior\BuildLiteBehavior [ RunTime:0.000025s ]
INFO: [ app_init ] --END-- [ RunTime:0.000644s ]

[ 2016-09-26T09:34:20+08:00 ] ::1 /think_blog/index.php/admin/ArticleType/index
INFO: [ app_init ] --START--
INFO: Run Behavior\BuildLiteBehavior [ RunTime:0.000024s ]
INFO: [ app_init ] --END-- [ RunTime:0.000500s ]

[ 2016-09-26T09:34:23+08:00 ] ::1 /think_blog/index.php/Admin/Member/index
INFO: [ app_init ] --START--
INFO: Run Behavior\BuildLiteBehavior [ RunTime:0.000029s ]
INFO: [ app_init ] --END-- [ RunTime:0.000615s ]

[ 2016-09-26T09:34:32+08:00 ] ::1 /think_blog/index.php/Admin/ArticleType/index
INFO: [ app_init ] --START--
INFO: Run Behavior\BuildLiteBehavior [ RunTime:0.000026s ]
INFO: [ app_init ] --END-- [ RunTime:0.000690s ]

[ 2016-09-26T09:35:24+08:00 ] ::1 /think_blog/index.php/admin/
INFO: [ app_init ] --START--
INFO: Run Behavior\BuildLiteBehavior [ RunTime:0.000024s ]
INFO: [ app_init ] --END-- [ RunTime:0.000543s ]

[ 2016-09-26T09:35:24+08:00 ] ::1 /think_blog/index.php/admin/ArticleType/index
INFO: [ app_init ] --START--
INFO: Run Behavior\BuildLiteBehavior [ RunTime:0.000039s ]
INFO: [ app_init ] --END-- [ RunTime:0.000645s ]

[ 2016-09-26T09:35:26+08:00 ] ::1 /think_blog/index.php/Admin/ArticleType/index
INFO: [ app_init ] --START--
INFO: Run Behavior\BuildLiteBehavior [ RunTime:0.000027s ]
INFO: [ app_init ] --END-- [ RunTime:0.000547s ]
INFO: [ app_begin ] --START--
INFO: Run Behavior\ReadHtmlCacheBehavior [ RunTime:0.000503s ]
INFO: [ app_begin ] --END-- [ RunTime:0.000595s ]
NOTIC: [2048] Declaration of Admin\Model\ArticleTypeModel::index() should be compatible with Admin\Model\CommonModel::index($f = '') D:\wamp\www\think_blog\Application\Admin\Model\ArticleTypeModel.class.php 第 5 行.
SQL: SHOW COLUMNS FROM `article_type` [ RunTime:0.0038s ]
SQL: SELECT a.id AS `id`,a.article_type_name AS `article_type_name`,a.member_id AS `member_id`,m.member_name AS `member_name` FROM article_type a INNER JOIN member m ON a.member_id=m.id  LIMIT 10,10   [ RunTime:0.0004s ]
SQL: SELECT count(a.id) AS `count` FROM article_type a INNER JOIN member m ON a.member_id=m.id   [ RunTime:0.0011s ]

[ 2016-09-26T09:37:08+08:00 ] ::1 /think_blog/index.php/admin/
INFO: [ app_init ] --START--
INFO: Run Behavior\BuildLiteBehavior [ RunTime:0.000030s ]
INFO: [ app_init ] --END-- [ RunTime:0.000654s ]

[ 2016-09-26T09:37:08+08:00 ] ::1 /think_blog/index.php/admin/ArticleType/index
INFO: [ app_init ] --START--
INFO: Run Behavior\BuildLiteBehavior [ RunTime:0.000043s ]
INFO: [ app_init ] --END-- [ RunTime:0.000768s ]

[ 2016-09-26T09:37:11+08:00 ] ::1 /think_blog/index.php/Admin/ArticleType/index
INFO: [ app_init ] --START--
INFO: Run Behavior\BuildLiteBehavior [ RunTime:0.000026s ]
INFO: [ app_init ] --END-- [ RunTime:0.000486s ]
INFO: [ app_begin ] --START--
INFO: Run Behavior\ReadHtmlCacheBehavior [ RunTime:0.001113s ]
INFO: [ app_begin ] --END-- [ RunTime:0.001255s ]
NOTIC: [2048] Declaration of Admin\Model\ArticleTypeModel::index() should be compatible with Admin\Model\CommonModel::index($f = '') D:\wamp\www\think_blog\Application\Admin\Model\ArticleTypeModel.class.php 第 5 行.
SQL: SHOW COLUMNS FROM `article_type` [ RunTime:0.0041s ]
SQL: SELECT a.id AS `id`,a.article_type_name AS `article_type_name`,a.member_id AS `member_id`,m.member_name AS `member_name` FROM article_type a INNER JOIN member m ON a.member_id=m.id  WHERE a.id = '10' LIMIT 0,10   [ RunTime:0.0455s ]
SQL: SELECT count(a.id) AS `count` FROM article_type a INNER JOIN member m ON a.member_id=m.id  WHERE a.id = '10'  [ RunTime:0.0003s ]

[ 2016-09-26T09:37:15+08:00 ] ::1 /think_blog/index.php/Admin/ArticleType/index
INFO: [ app_init ] --START--
INFO: Run Behavior\BuildLiteBehavior [ RunTime:0.000038s ]
INFO: [ app_init ] --END-- [ RunTime:0.001061s ]
INFO: [ app_begin ] --START--
INFO: Run Behavior\ReadHtmlCacheBehavior [ RunTime:0.000822s ]
INFO: [ app_begin ] --END-- [ RunTime:0.000973s ]
NOTIC: [2048] Declaration of Admin\Model\ArticleTypeModel::index() should be compatible with Admin\Model\CommonModel::index($f = '') D:\wamp\www\think_blog\Application\Admin\Model\ArticleTypeModel.class.php 第 5 行.
SQL: SHOW COLUMNS FROM `article_type` [ RunTime:0.0036s ]
SQL: SELECT a.id AS `id`,a.article_type_name AS `article_type_name`,a.member_id AS `member_id`,m.member_name AS `member_name` FROM article_type a INNER JOIN member m ON a.member_id=m.id  LIMIT 0,10   [ RunTime:0.0004s ]
SQL: SELECT count(a.id) AS `count` FROM article_type a INNER JOIN member m ON a.member_id=m.id   [ RunTime:0.0002s ]

[ 2016-09-26T09:38:24+08:00 ] ::1 /think_blog/index.php/admin/
INFO: [ app_init ] --START--
INFO: Run Behavior\BuildLiteBehavior [ RunTime:0.000024s ]
INFO: [ app_init ] --END-- [ RunTime:0.000502s ]

[ 2016-09-26T09:38:25+08:00 ] ::1 /think_blog/index.php/admin/ArticleType/index
INFO: [ app_init ] --START--
INFO: Run Behavior\BuildLiteBehavior [ RunTime:0.000026s ]
INFO: [ app_init ] --END-- [ RunTime:0.000460s ]

[ 2016-09-26T09:38:26+08:00 ] ::1 /think_blog/index.php/Admin/Member/index
INFO: [ app_init ] --START--
INFO: Run Behavior\BuildLiteBehavior [ RunTime:0.000033s ]
INFO: [ app_init ] --END-- [ RunTime:0.000640s ]

[ 2016-09-26T09:39:51+08:00 ] ::1 /think_blog/index.php/admin/
INFO: [ app_init ] --START--
INFO: Run Behavior\BuildLiteBehavior [ RunTime:0.000024s ]
INFO: [ app_init ] --END-- [ RunTime:0.000477s ]

[ 2016-09-26T09:39:51+08:00 ] ::1 /think_blog/index.php/admin/ArticleType/index
INFO: [ app_init ] --START--
INFO: Run Behavior\BuildLiteBehavior [ RunTime:0.000026s ]
INFO: [ app_init ] --END-- [ RunTime:0.000497s ]

[ 2016-09-26T09:39:56+08:00 ] ::1 /think_blog/index.php/admin/
INFO: [ app_init ] --START--
INFO: Run Behavior\BuildLiteBehavior [ RunTime:0.000025s ]
INFO: [ app_init ] --END-- [ RunTime:0.000539s ]

[ 2016-09-26T09:39:56+08:00 ] ::1 /think_blog/index.php/admin/ArticleType/index
INFO: [ app_init ] --START--
INFO: Run Behavior\BuildLiteBehavior [ RunTime:0.000040s ]
INFO: [ app_init ] --END-- [ RunTime:0.000742s ]

[ 2016-09-26T09:39:58+08:00 ] ::1 /think_blog/index.php/Admin/Member/index
INFO: [ app_init ] --START--
INFO: Run Behavior\BuildLiteBehavior [ RunTime:0.000030s ]
INFO: [ app_init ] --END-- [ RunTime:0.000659s ]

[ 2016-09-26T09:41:18+08:00 ] ::1 /think_blog/index.php/admin/
INFO: [ app_init ] --START--
INFO: Run Behavior\BuildLiteBehavior [ RunTime:0.000046s ]
INFO: [ app_init ] --END-- [ RunTime:0.000792s ]

[ 2016-09-26T09:41:18+08:00 ] ::1 /think_blog/index.php/admin/ArticleType/index
INFO: [ app_init ] --START--
INFO: Run Behavior\BuildLiteBehavior [ RunTime:0.000026s ]
INFO: [ app_init ] --END-- [ RunTime:0.000454s ]

[ 2016-09-26T09:41:20+08:00 ] ::1 /think_blog/index.php/Admin/ArticleType/index
INFO: [ app_init ] --START--
INFO: Run Behavior\BuildLiteBehavior [ RunTime:0.000024s ]
INFO: [ app_init ] --END-- [ RunTime:0.000501s ]
INFO: [ app_begin ] --START--
INFO: Run Behavior\ReadHtmlCacheBehavior [ RunTime:0.000653s ]
INFO: [ app_begin ] --END-- [ RunTime:0.000763s ]
NOTIC: [2048] Declaration of Admin\Model\ArticleTypeModel::index() should be compatible with Admin\Model\CommonModel::index($f = '') D:\wamp\www\think_blog\Application\Admin\Model\ArticleTypeModel.class.php 第 5 行.
SQL: SHOW COLUMNS FROM `article_type` [ RunTime:0.0037s ]
SQL: SELECT a.id AS `id`,a.article_type_name AS `article_type_name`,a.member_id AS `member_id`,m.member_name AS `member_name` FROM article_type a INNER JOIN member m ON a.member_id=m.id  LIMIT 10,10   [ RunTime:0.0004s ]
SQL: SELECT count(a.id) AS `count` FROM article_type a INNER JOIN member m ON a.member_id=m.id   [ RunTime:0.0004s ]

[ 2016-09-26T09:41:32+08:00 ] ::1 /think_blog/index.php/admin/
INFO: [ app_init ] --START--
INFO: Run Behavior\BuildLiteBehavior [ RunTime:0.000026s ]
INFO: [ app_init ] --END-- [ RunTime:0.000541s ]

[ 2016-09-26T09:41:32+08:00 ] ::1 /think_blog/index.php/admin/ArticleType/index
INFO: [ app_init ] --START--
INFO: Run Behavior\BuildLiteBehavior [ RunTime:0.000041s ]
INFO: [ app_init ] --END-- [ RunTime:0.000750s ]

[ 2016-09-26T09:44:08+08:00 ] ::1 /think_blog/index.php/admin/
INFO: [ app_init ] --START--
INFO: Run Behavior\BuildLiteBehavior [ RunTime:0.000024s ]
INFO: [ app_init ] --END-- [ RunTime:0.000576s ]

[ 2016-09-26T09:44:08+08:00 ] ::1 /think_blog/index.php/admin/ArticleType/index
INFO: [ app_init ] --START--
INFO: Run Behavior\BuildLiteBehavior [ RunTime:0.000025s ]
INFO: [ app_init ] --END-- [ RunTime:0.000471s ]

[ 2016-09-26T09:44:09+08:00 ] ::1 /think_blog/index.php/admin/
INFO: [ app_init ] --START--
INFO: Run Behavior\BuildLiteBehavior [ RunTime:0.000030s ]
INFO: [ app_init ] --END-- [ RunTime:0.000648s ]

[ 2016-09-26T09:44:09+08:00 ] ::1 /think_blog/index.php/admin/ArticleType/index
INFO: [ app_init ] --START--
INFO: Run Behavior\BuildLiteBehavior [ RunTime:0.000040s ]
INFO: [ app_init ] --END-- [ RunTime:0.000637s ]

[ 2016-09-26T09:44:17+08:00 ] ::1 /think_blog/index.php/Admin/ArticleType/index
INFO: [ app_init ] --START--
INFO: Run Behavior\BuildLiteBehavior [ RunTime:0.000030s ]
INFO: [ app_init ] --END-- [ RunTime:0.000641s ]
INFO: [ app_begin ] --START--
INFO: Run Behavior\ReadHtmlCacheBehavior [ RunTime:0.000736s ]
INFO: [ app_begin ] --END-- [ RunTime:0.000850s ]
NOTIC: [2048] Declaration of Admin\Model\ArticleTypeModel::index() should be compatible with Admin\Model\CommonModel::index($f = '') D:\wamp\www\think_blog\Application\Admin\Model\ArticleTypeModel.class.php 第 5 行.
SQL: SHOW COLUMNS FROM `article_type` [ RunTime:0.0035s ]
SQL: SELECT a.id AS `id`,a.article_type_name AS `article_type_name`,a.member_id AS `member_id`,m.member_name AS `member_name` FROM article_type a INNER JOIN member m ON a.member_id=m.id  LIMIT 10,10   [ RunTime:0.0003s ]
SQL: SELECT count(a.id) AS `count` FROM article_type a INNER JOIN member m ON a.member_id=m.id   [ RunTime:0.0002s ]

[ 2016-09-26T09:44:23+08:00 ] ::1 /think_blog/index.php/Admin/ArticleType/del
INFO: [ app_init ] --START--
INFO: Run Behavior\BuildLiteBehavior [ RunTime:0.000052s ]
INFO: [ app_init ] --END-- [ RunTime:0.000587s ]
INFO: [ app_begin ] --START--
INFO: Run Behavior\ReadHtmlCacheBehavior [ RunTime:0.000671s ]
INFO: [ app_begin ] --END-- [ RunTime:0.000783s ]
NOTIC: [2048] Declaration of Admin\Model\ArticleTypeModel::index() should be compatible with Admin\Model\CommonModel::index($f = '') D:\wamp\www\think_blog\Application\Admin\Model\ArticleTypeModel.class.php 第 5 行.
SQL: SHOW COLUMNS FROM `article_type` [ RunTime:0.0039s ]
SQL: DELETE FROM `article_type` WHERE `id` IN ('19') [ RunTime:0.0870s ]

[ 2016-09-26T09:44:25+08:00 ] ::1 /think_blog/index.php/Admin/ArticleType/index
INFO: [ app_init ] --START--
INFO: Run Behavior\BuildLiteBehavior [ RunTime:0.000025s ]
INFO: [ app_init ] --END-- [ RunTime:0.000607s ]
INFO: [ app_begin ] --START--
INFO: Run Behavior\ReadHtmlCacheBehavior [ RunTime:0.000945s ]
INFO: [ app_begin ] --END-- [ RunTime:0.001193s ]
NOTIC: [2048] Declaration of Admin\Model\ArticleTypeModel::index() should be compatible with Admin\Model\CommonModel::index($f = '') D:\wamp\www\think_blog\Application\Admin\Model\ArticleTypeModel.class.php 第 5 行.
SQL: SHOW COLUMNS FROM `article_type` [ RunTime:0.0033s ]
SQL: SELECT a.id AS `id`,a.article_type_name AS `article_type_name`,a.member_id AS `member_id`,m.member_name AS `member_name` FROM article_type a INNER JOIN member m ON a.member_id=m.id  LIMIT 0,10   [ RunTime:0.0005s ]
SQL: SELECT count(a.id) AS `count` FROM article_type a INNER JOIN member m ON a.member_id=m.id   [ RunTime:0.0002s ]

[ 2016-09-26T09:44:27+08:00 ] ::1 /think_blog/index.php/Admin/ArticleType/index
INFO: [ app_init ] --START--
INFO: Run Behavior\BuildLiteBehavior [ RunTime:0.000030s ]
INFO: [ app_init ] --END-- [ RunTime:0.000599s ]
INFO: [ app_begin ] --START--
INFO: Run Behavior\ReadHtmlCacheBehavior [ RunTime:0.000740s ]
INFO: [ app_begin ] --END-- [ RunTime:0.000855s ]
NOTIC: [2048] Declaration of Admin\Model\ArticleTypeModel::index() should be compatible with Admin\Model\CommonModel::index($f = '') D:\wamp\www\think_blog\Application\Admin\Model\ArticleTypeModel.class.php 第 5 行.
SQL: SHOW COLUMNS FROM `article_type` [ RunTime:0.0042s ]
SQL: SELECT a.id AS `id`,a.article_type_name AS `article_type_name`,a.member_id AS `member_id`,m.member_name AS `member_name` FROM article_type a INNER JOIN member m ON a.member_id=m.id  LIMIT 10,10   [ RunTime:0.0004s ]
SQL: SELECT count(a.id) AS `count` FROM article_type a INNER JOIN member m ON a.member_id=m.id   [ RunTime:0.0003s ]

[ 2016-09-26T09:44:30+08:00 ] ::1 /think_blog/index.php/Admin/ArticleType/index
INFO: [ app_init ] --START--
INFO: Run Behavior\BuildLiteBehavior [ RunTime:0.000024s ]
INFO: [ app_init ] --END-- [ RunTime:0.000510s ]
INFO: [ app_begin ] --START--
INFO: Run Behavior\ReadHtmlCacheBehavior [ RunTime:0.000588s ]
INFO: [ app_begin ] --END-- [ RunTime:0.000682s ]
NOTIC: [2048] Declaration of Admin\Model\ArticleTypeModel::index() should be compatible with Admin\Model\CommonModel::index($f = '') D:\wamp\www\think_blog\Application\Admin\Model\ArticleTypeModel.class.php 第 5 行.
SQL: SHOW COLUMNS FROM `article_type` [ RunTime:0.0039s ]
SQL: SELECT a.id AS `id`,a.article_type_name AS `article_type_name`,a.member_id AS `member_id`,m.member_name AS `member_name` FROM article_type a INNER JOIN member m ON a.member_id=m.id  LIMIT 0,10   [ RunTime:0.0004s ]
SQL: SELECT count(a.id) AS `count` FROM article_type a INNER JOIN member m ON a.member_id=m.id   [ RunTime:0.0003s ]

[ 2016-09-26T09:52:51+08:00 ] ::1 /think_blog/index.php/admin/
INFO: [ app_init ] --START--
INFO: Run Behavior\BuildLiteBehavior [ RunTime:0.000045s ]
INFO: [ app_init ] --END-- [ RunTime:0.000786s ]

[ 2016-09-26T09:52:51+08:00 ] ::1 /think_blog/index.php/admin/ArticleType/index
INFO: [ app_init ] --START--
INFO: Run Behavior\BuildLiteBehavior [ RunTime:0.000040s ]
INFO: [ app_init ] --END-- [ RunTime:0.000695s ]

[ 2016-09-26T09:53:11+08:00 ] ::1 /think_blog/index.php/Admin/ArticleType/add
INFO: [ app_init ] --START--
INFO: Run Behavior\BuildLiteBehavior [ RunTime:0.000028s ]
INFO: [ app_init ] --END-- [ RunTime:0.000639s ]
INFO: [ app_begin ] --START--
INFO: Run Behavior\ReadHtmlCacheBehavior [ RunTime:0.000748s ]
INFO: [ app_begin ] --END-- [ RunTime:0.000875s ]
NOTIC: [2048] Declaration of Admin\Model\ArticleTypeModel::index() should be compatible with Admin\Model\CommonModel::index($f = '') D:\wamp\www\think_blog\Application\Admin\Model\ArticleTypeModel.class.php 第 5 行.
SQL: SHOW COLUMNS FROM `article_type` [ RunTime:0.0040s ]
SQL: INSERT INTO `article_type` (`article_type_name`,`member_id`) VALUES ('国庆台风鲶鱼','45') [ RunTime:0.0383s ]

[ 2016-09-26T10:05:18+08:00 ] ::1 /think_blog/index.php/Admin/ArticleType/add
INFO: [ app_init ] --START--
INFO: Run Behavior\BuildLiteBehavior [ RunTime:0.000023s ]
INFO: [ app_init ] --END-- [ RunTime:0.000591s ]
INFO: [ app_begin ] --START--
INFO: Run Behavior\ReadHtmlCacheBehavior [ RunTime:0.000637s ]
INFO: [ app_begin ] --END-- [ RunTime:0.000758s ]
NOTIC: [2048] Declaration of Admin\Model\ArticleTypeModel::index() should be compatible with Admin\Model\CommonModel::index($f = '') D:\wamp\www\think_blog\Application\Admin\Model\ArticleTypeModel.class.php 第 5 行.
SQL: SHOW COLUMNS FROM `article_type` [ RunTime:0.0050s ]
SQL: INSERT INTO `article_type` (`article_type_name`,`member_id`) VALUES ('国庆台风鲶鱼','45') [ RunTime:0.0553s ]

[ 2016-09-26T10:05:27+08:00 ] ::1 /think_blog/index.php/Admin/ArticleType/index
INFO: [ app_init ] --START--
INFO: Run Behavior\BuildLiteBehavior [ RunTime:0.000042s ]
INFO: [ app_init ] --END-- [ RunTime:0.000709s ]

[ 2016-09-26T10:05:29+08:00 ] ::1 /think_blog/index.php/Admin/ArticleType/index
INFO: [ app_init ] --START--
INFO: Run Behavior\BuildLiteBehavior [ RunTime:0.000030s ]
INFO: [ app_init ] --END-- [ RunTime:0.000622s ]
INFO: [ app_begin ] --START--
INFO: Run Behavior\ReadHtmlCacheBehavior [ RunTime:0.000673s ]
INFO: [ app_begin ] --END-- [ RunTime:0.000789s ]
NOTIC: [2048] Declaration of Admin\Model\ArticleTypeModel::index() should be compatible with Admin\Model\CommonModel::index($f = '') D:\wamp\www\think_blog\Application\Admin\Model\ArticleTypeModel.class.php 第 5 行.
SQL: SHOW COLUMNS FROM `article_type` [ RunTime:0.0040s ]
SQL: SELECT a.id AS `id`,a.article_type_name AS `article_type_name`,a.member_id AS `member_id`,m.member_name AS `member_name` FROM article_type a INNER JOIN member m ON a.member_id=m.id  LIMIT 10,10   [ RunTime:0.0004s ]
SQL: SELECT count(a.id) AS `count` FROM article_type a INNER JOIN member m ON a.member_id=m.id   [ RunTime:0.0003s ]

[ 2016-09-26T10:05:34+08:00 ] ::1 /think_blog/index.php/Admin/ArticleType/del
INFO: [ app_init ] --START--
INFO: Run Behavior\BuildLiteBehavior [ RunTime:0.000031s ]
INFO: [ app_init ] --END-- [ RunTime:0.001003s ]
INFO: [ app_begin ] --START--
INFO: Run Behavior\ReadHtmlCacheBehavior [ RunTime:0.000829s ]
INFO: [ app_begin ] --END-- [ RunTime:0.000989s ]
NOTIC: [2048] Declaration of Admin\Model\ArticleTypeModel::index() should be compatible with Admin\Model\CommonModel::index($f = '') D:\wamp\www\think_blog\Application\Admin\Model\ArticleTypeModel.class.php 第 5 行.
SQL: SHOW COLUMNS FROM `article_type` [ RunTime:0.0035s ]
SQL: DELETE FROM `article_type` WHERE `id` IN ('21') [ RunTime:0.0606s ]

[ 2016-09-26T10:05:36+08:00 ] ::1 /think_blog/index.php/Admin/ArticleType/index
INFO: [ app_init ] --START--
INFO: Run Behavior\BuildLiteBehavior [ RunTime:0.000029s ]
INFO: [ app_init ] --END-- [ RunTime:0.000642s ]
INFO: [ app_begin ] --START--
INFO: Run Behavior\ReadHtmlCacheBehavior [ RunTime:0.000743s ]
INFO: [ app_begin ] --END-- [ RunTime:0.000931s ]
NOTIC: [2048] Declaration of Admin\Model\ArticleTypeModel::index() should be compatible with Admin\Model\CommonModel::index($f = '') D:\wamp\www\think_blog\Application\Admin\Model\ArticleTypeModel.class.php 第 5 行.
SQL: SHOW COLUMNS FROM `article_type` [ RunTime:0.0049s ]
SQL: SELECT a.id AS `id`,a.article_type_name AS `article_type_name`,a.member_id AS `member_id`,m.member_name AS `member_name` FROM article_type a INNER JOIN member m ON a.member_id=m.id  LIMIT 0,10   [ RunTime:0.0004s ]
SQL: SELECT count(a.id) AS `count` FROM article_type a INNER JOIN member m ON a.member_id=m.id   [ RunTime:0.0002s ]

[ 2016-09-26T10:05:37+08:00 ] ::1 /think_blog/index.php/Admin/ArticleType/index
INFO: [ app_init ] --START--
INFO: Run Behavior\BuildLiteBehavior [ RunTime:0.000027s ]
INFO: [ app_init ] --END-- [ RunTime:0.000756s ]
INFO: [ app_begin ] --START--
INFO: Run Behavior\ReadHtmlCacheBehavior [ RunTime:0.000479s ]
INFO: [ app_begin ] --END-- [ RunTime:0.000573s ]
NOTIC: [2048] Declaration of Admin\Model\ArticleTypeModel::index() should be compatible with Admin\Model\CommonModel::index($f = '') D:\wamp\www\think_blog\Application\Admin\Model\ArticleTypeModel.class.php 第 5 行.
SQL: SHOW COLUMNS FROM `article_type` [ RunTime:0.0046s ]
SQL: SELECT a.id AS `id`,a.article_type_name AS `article_type_name`,a.member_id AS `member_id`,m.member_name AS `member_name` FROM article_type a INNER JOIN member m ON a.member_id=m.id  LIMIT 10,10   [ RunTime:0.0003s ]
SQL: SELECT count(a.id) AS `count` FROM article_type a INNER JOIN member m ON a.member_id=m.id   [ RunTime:0.0002s ]

[ 2016-09-26T10:06:17+08:00 ] ::1 /think_blog/index.php/admin/
INFO: [ app_init ] --START--
INFO: Run Behavior\BuildLiteBehavior [ RunTime:0.000029s ]
INFO: [ app_init ] --END-- [ RunTime:0.000599s ]

[ 2016-09-26T10:06:17+08:00 ] ::1 /think_blog/index.php/admin/ArticleType/index
INFO: [ app_init ] --START--
INFO: Run Behavior\BuildLiteBehavior [ RunTime:0.000046s ]
INFO: [ app_init ] --END-- [ RunTime:0.000824s ]

[ 2016-09-26T10:06:44+08:00 ] ::1 /think_blog/index.php/Admin/ArticleType/add
INFO: [ app_init ] --START--
INFO: Run Behavior\BuildLiteBehavior [ RunTime:0.000026s ]
INFO: [ app_init ] --END-- [ RunTime:0.000556s ]
INFO: [ app_begin ] --START--
INFO: Run Behavior\ReadHtmlCacheBehavior [ RunTime:0.000570s ]
INFO: [ app_begin ] --END-- [ RunTime:0.000699s ]
NOTIC: [2048] Declaration of Admin\Model\ArticleTypeModel::index() should be compatible with Admin\Model\CommonModel::index($f = '') D:\wamp\www\think_blog\Application\Admin\Model\ArticleTypeModel.class.php 第 5 行.
SQL: SHOW COLUMNS FROM `article_type` [ RunTime:0.0035s ]
SQL: INSERT INTO `article_type` (`article_type_name`,`member_id`) VALUES ('平常琐事','42') [ RunTime:0.0754s ]

[ 2016-09-26T10:07:36+08:00 ] ::1 /think_blog/index.php/Admin/ArticleType/add
INFO: [ app_init ] --START--
INFO: Run Behavior\BuildLiteBehavior [ RunTime:0.000037s ]
INFO: [ app_init ] --END-- [ RunTime:0.000612s ]
INFO: [ app_begin ] --START--
INFO: Run Behavior\ReadHtmlCacheBehavior [ RunTime:0.000759s ]
INFO: [ app_begin ] --END-- [ RunTime:0.000889s ]
NOTIC: [2048] Declaration of Admin\Model\ArticleTypeModel::index() should be compatible with Admin\Model\CommonModel::index($f = '') D:\wamp\www\think_blog\Application\Admin\Model\ArticleTypeModel.class.php 第 5 行.
SQL: SHOW COLUMNS FROM `article_type` [ RunTime:0.0041s ]
SQL: SHOW COLUMNS FROM `member` [ RunTime:0.0038s ]
ERR: Think\Model:feild方法不存在！

[ 2016-09-26T10:07:57+08:00 ] ::1 /think_blog/index.php/Admin/ArticleType/add
INFO: [ app_init ] --START--
INFO: Run Behavior\BuildLiteBehavior [ RunTime:0.000044s ]
INFO: [ app_init ] --END-- [ RunTime:0.000557s ]
INFO: [ app_begin ] --START--
INFO: Run Behavior\ReadHtmlCacheBehavior [ RunTime:0.000669s ]
INFO: [ app_begin ] --END-- [ RunTime:0.000781s ]
NOTIC: [2048] Declaration of Admin\Model\ArticleTypeModel::index() should be compatible with Admin\Model\CommonModel::index($f = '') D:\wamp\www\think_blog\Application\Admin\Model\ArticleTypeModel.class.php 第 5 行.
SQL: SHOW COLUMNS FROM `article_type` [ RunTime:0.0049s ]
SQL: SHOW COLUMNS FROM `member` [ RunTime:0.0037s ]
SQL: SELECT count(id) AS `count` FROM `member` WHERE `id` = null  [ RunTime:0.0003s ]
SQL: INSERT INTO `article_type` (`article_type_name`,`member_id`) VALUES ('平常琐事','42') [ RunTime:0.0789s ]

[ 2016-09-26T10:07:58+08:00 ] ::1 /think_blog/index.php/Admin/ArticleType/index
INFO: [ app_init ] --START--
INFO: Run Behavior\BuildLiteBehavior [ RunTime:0.000050s ]
INFO: [ app_init ] --END-- [ RunTime:0.000945s ]
INFO: [ app_begin ] --START--
INFO: Run Behavior\ReadHtmlCacheBehavior [ RunTime:0.000712s ]
INFO: [ app_begin ] --END-- [ RunTime:0.000840s ]
NOTIC: [2048] Declaration of Admin\Model\ArticleTypeModel::index() should be compatible with Admin\Model\CommonModel::index($f = '') D:\wamp\www\think_blog\Application\Admin\Model\ArticleTypeModel.class.php 第 5 行.
SQL: SHOW COLUMNS FROM `article_type` [ RunTime:0.0038s ]
SQL: SELECT a.id AS `id`,a.article_type_name AS `article_type_name`,a.member_id AS `member_id`,m.member_name AS `member_name` FROM article_type a INNER JOIN member m ON a.member_id=m.id  LIMIT 0,10   [ RunTime:0.0004s ]
SQL: SELECT count(a.id) AS `count` FROM article_type a INNER JOIN member m ON a.member_id=m.id   [ RunTime:0.0002s ]

[ 2016-09-26T10:08:00+08:00 ] ::1 /think_blog/index.php/Admin/ArticleType/index
INFO: [ app_init ] --START--
INFO: Run Behavior\BuildLiteBehavior [ RunTime:0.000023s ]
INFO: [ app_init ] --END-- [ RunTime:0.000464s ]
INFO: [ app_begin ] --START--
INFO: Run Behavior\ReadHtmlCacheBehavior [ RunTime:0.000673s ]
INFO: [ app_begin ] --END-- [ RunTime:0.000772s ]
NOTIC: [2048] Declaration of Admin\Model\ArticleTypeModel::index() should be compatible with Admin\Model\CommonModel::index($f = '') D:\wamp\www\think_blog\Application\Admin\Model\ArticleTypeModel.class.php 第 5 行.
SQL: SHOW COLUMNS FROM `article_type` [ RunTime:0.0050s ]
SQL: SELECT a.id AS `id`,a.article_type_name AS `article_type_name`,a.member_id AS `member_id`,m.member_name AS `member_name` FROM article_type a INNER JOIN member m ON a.member_id=m.id  LIMIT 10,10   [ RunTime:0.0003s ]
SQL: SELECT count(a.id) AS `count` FROM article_type a INNER JOIN member m ON a.member_id=m.id   [ RunTime:0.0002s ]

[ 2016-09-26T10:08:05+08:00 ] ::1 /think_blog/index.php/Admin/ArticleType/del
INFO: [ app_init ] --START--
INFO: Run Behavior\BuildLiteBehavior [ RunTime:0.000044s ]
INFO: [ app_init ] --END-- [ RunTime:0.000901s ]
INFO: [ app_begin ] --START--
INFO: Run Behavior\ReadHtmlCacheBehavior [ RunTime:0.000671s ]
INFO: [ app_begin ] --END-- [ RunTime:0.000844s ]
NOTIC: [2048] Declaration of Admin\Model\ArticleTypeModel::index() should be compatible with Admin\Model\CommonModel::index($f = '') D:\wamp\www\think_blog\Application\Admin\Model\ArticleTypeModel.class.php 第 5 行.
SQL: SHOW COLUMNS FROM `article_type` [ RunTime:0.0052s ]
SQL: DELETE FROM `article_type` WHERE `id` IN ('22') [ RunTime:0.0440s ]

[ 2016-09-26T10:08:06+08:00 ] ::1 /think_blog/index.php/Admin/ArticleType/index
INFO: [ app_init ] --START--
INFO: Run Behavior\BuildLiteBehavior [ RunTime:0.000081s ]
INFO: [ app_init ] --END-- [ RunTime:0.001286s ]
INFO: [ app_begin ] --START--
INFO: Run Behavior\ReadHtmlCacheBehavior [ RunTime:0.000816s ]
INFO: [ app_begin ] --END-- [ RunTime:0.000975s ]
NOTIC: [2048] Declaration of Admin\Model\ArticleTypeModel::index() should be compatible with Admin\Model\CommonModel::index($f = '') D:\wamp\www\think_blog\Application\Admin\Model\ArticleTypeModel.class.php 第 5 行.
SQL: SHOW COLUMNS FROM `article_type` [ RunTime:0.0035s ]
SQL: SELECT a.id AS `id`,a.article_type_name AS `article_type_name`,a.member_id AS `member_id`,m.member_name AS `member_name` FROM article_type a INNER JOIN member m ON a.member_id=m.id  LIMIT 0,10   [ RunTime:0.0005s ]
SQL: SELECT count(a.id) AS `count` FROM article_type a INNER JOIN member m ON a.member_id=m.id   [ RunTime:0.0003s ]

[ 2016-09-26T10:08:26+08:00 ] ::1 /think_blog/index.php/admin/
INFO: [ app_init ] --START--
INFO: Run Behavior\BuildLiteBehavior [ RunTime:0.000029s ]
INFO: [ app_init ] --END-- [ RunTime:0.000630s ]

[ 2016-09-26T10:08:26+08:00 ] ::1 /think_blog/index.php/admin/ArticleType/index
INFO: [ app_init ] --START--
INFO: Run Behavior\BuildLiteBehavior [ RunTime:0.000027s ]
INFO: [ app_init ] --END-- [ RunTime:0.000509s ]

[ 2016-09-26T10:08:41+08:00 ] ::1 /think_blog/index.php/Admin/ArticleType/add
INFO: [ app_init ] --START--
INFO: Run Behavior\BuildLiteBehavior [ RunTime:0.000025s ]
INFO: [ app_init ] --END-- [ RunTime:0.000530s ]
INFO: [ app_begin ] --START--
INFO: Run Behavior\ReadHtmlCacheBehavior [ RunTime:0.000531s ]
INFO: [ app_begin ] --END-- [ RunTime:0.000633s ]
NOTIC: [2048] Declaration of Admin\Model\ArticleTypeModel::index() should be compatible with Admin\Model\CommonModel::index($f = '') D:\wamp\www\think_blog\Application\Admin\Model\ArticleTypeModel.class.php 第 5 行.
SQL: SHOW COLUMNS FROM `article_type` [ RunTime:0.0040s ]
SQL: SHOW COLUMNS FROM `member` [ RunTime:0.0039s ]
SQL: SELECT count(id) AS `count` FROM `member` WHERE `id` = null  [ RunTime:0.0002s ]
SQL: INSERT INTO `article_type` (`article_type_name`,`member_id`) VALUES ('奋斗故事','41') [ RunTime:0.0702s ]

[ 2016-09-26T10:08:42+08:00 ] ::1 /think_blog/index.php/Admin/ArticleType/index
INFO: [ app_init ] --START--
INFO: Run Behavior\BuildLiteBehavior [ RunTime:0.000041s ]
INFO: [ app_init ] --END-- [ RunTime:0.000861s ]
INFO: [ app_begin ] --START--
INFO: Run Behavior\ReadHtmlCacheBehavior [ RunTime:0.000805s ]
INFO: [ app_begin ] --END-- [ RunTime:0.001004s ]
NOTIC: [2048] Declaration of Admin\Model\ArticleTypeModel::index() should be compatible with Admin\Model\CommonModel::index($f = '') D:\wamp\www\think_blog\Application\Admin\Model\ArticleTypeModel.class.php 第 5 行.
SQL: SHOW COLUMNS FROM `article_type` [ RunTime:0.0042s ]
SQL: SELECT a.id AS `id`,a.article_type_name AS `article_type_name`,a.member_id AS `member_id`,m.member_name AS `member_name` FROM article_type a INNER JOIN member m ON a.member_id=m.id  LIMIT 0,10   [ RunTime:0.0004s ]
SQL: SELECT count(a.id) AS `count` FROM article_type a INNER JOIN member m ON a.member_id=m.id   [ RunTime:0.0002s ]

[ 2016-09-26T10:29:03+08:00 ] ::1 /think_blog/index.php/admin/
INFO: [ app_init ] --START--
INFO: Run Behavior\BuildLiteBehavior [ RunTime:0.000041s ]
INFO: [ app_init ] --END-- [ RunTime:0.000661s ]

[ 2016-09-26T10:29:03+08:00 ] ::1 /think_blog/index.php/admin/ArticleType/index
INFO: [ app_init ] --START--
INFO: Run Behavior\BuildLiteBehavior [ RunTime:0.000027s ]
INFO: [ app_init ] --END-- [ RunTime:0.000646s ]

[ 2016-09-26T10:29:04+08:00 ] ::1 /think_blog/index.php/Admin/ArticleType/info
INFO: [ app_init ] --START--
INFO: Run Behavior\BuildLiteBehavior [ RunTime:0.000026s ]
INFO: [ app_init ] --END-- [ RunTime:0.000579s ]
INFO: [ app_begin ] --START--
INFO: Run Behavior\ReadHtmlCacheBehavior [ RunTime:0.000552s ]
INFO: [ app_begin ] --END-- [ RunTime:0.000660s ]
INFO: [ app_end ] --START--
INFO: Run Behavior\ShowPageTraceBehavior [ RunTime:0.000643s ]
INFO: [ app_end ] --END-- [ RunTime:0.000736s ]

[ 2016-09-26T10:37:33+08:00 ] ::1 /think_blog/index.php/admin/
INFO: [ app_init ] --START--
INFO: Run Behavior\BuildLiteBehavior [ RunTime:0.000023s ]
INFO: [ app_init ] --END-- [ RunTime:0.000559s ]

[ 2016-09-26T10:37:34+08:00 ] ::1 /think_blog/index.php/admin/ArticleType/index
INFO: [ app_init ] --START--
INFO: Run Behavior\BuildLiteBehavior [ RunTime:0.000035s ]
INFO: [ app_init ] --END-- [ RunTime:0.000529s ]

[ 2016-09-26T10:37:35+08:00 ] ::1 /think_blog/index.php/Admin/Member/getMember
INFO: [ app_init ] --START--
INFO: Run Behavior\BuildLiteBehavior [ RunTime:0.000028s ]
INFO: [ app_init ] --END-- [ RunTime:0.000615s ]
INFO: [ app_begin ] --START--
INFO: Run Behavior\ReadHtmlCacheBehavior [ RunTime:0.000678s ]
INFO: [ app_begin ] --END-- [ RunTime:0.000806s ]
SQL: SHOW COLUMNS FROM `member` [ RunTime:0.0048s ]
SQL: SELECT `id`,`member_name` FROM `member`  [ RunTime:0.0004s ]

[ 2016-09-26T10:38:50+08:00 ] ::1 /think_blog/index.php/admin/
INFO: [ app_init ] --START--
INFO: Run Behavior\BuildLiteBehavior [ RunTime:0.000026s ]
INFO: [ app_init ] --END-- [ RunTime:0.000583s ]

[ 2016-09-26T10:38:50+08:00 ] ::1 /think_blog/index.php/admin/ArticleType/index
INFO: [ app_init ] --START--
INFO: Run Behavior\BuildLiteBehavior [ RunTime:0.000025s ]
INFO: [ app_init ] --END-- [ RunTime:0.000448s ]

[ 2016-09-26T10:38:51+08:00 ] ::1 /think_blog/index.php/Admin/Member/getMember
INFO: [ app_init ] --START--
INFO: Run Behavior\BuildLiteBehavior [ RunTime:0.000026s ]
INFO: [ app_init ] --END-- [ RunTime:0.000483s ]
INFO: [ app_begin ] --START--
INFO: Run Behavior\ReadHtmlCacheBehavior [ RunTime:0.000655s ]
INFO: [ app_begin ] --END-- [ RunTime:0.000800s ]
SQL: SHOW COLUMNS FROM `member` [ RunTime:0.0054s ]
SQL: SELECT `id`,`member_name` FROM `member`  [ RunTime:0.0004s ]

[ 2016-09-26T10:39:18+08:00 ] ::1 /think_blog/index.php/admin/
INFO: [ app_init ] --START--
INFO: Run Behavior\BuildLiteBehavior [ RunTime:0.000031s ]
INFO: [ app_init ] --END-- [ RunTime:0.000709s ]

[ 2016-09-26T10:39:18+08:00 ] ::1 /think_blog/index.php/admin/ArticleType/index
INFO: [ app_init ] --START--
INFO: Run Behavior\BuildLiteBehavior [ RunTime:0.000025s ]
INFO: [ app_init ] --END-- [ RunTime:0.000522s ]

[ 2016-09-26T10:39:20+08:00 ] ::1 /think_blog/index.php/Admin/Member/getMember
INFO: [ app_init ] --START--
INFO: Run Behavior\BuildLiteBehavior [ RunTime:0.000025s ]
INFO: [ app_init ] --END-- [ RunTime:0.000559s ]
INFO: [ app_begin ] --START--
INFO: Run Behavior\ReadHtmlCacheBehavior [ RunTime:0.000592s ]
INFO: [ app_begin ] --END-- [ RunTime:0.000703s ]
SQL: SHOW COLUMNS FROM `member` [ RunTime:0.0051s ]
SQL: SELECT `id`,`member_name` FROM `member`  [ RunTime:0.0003s ]

[ 2016-09-26T10:40:16+08:00 ] ::1 /think_blog/index.php/admin/
INFO: [ app_init ] --START--
INFO: Run Behavior\BuildLiteBehavior [ RunTime:0.000025s ]
INFO: [ app_init ] --END-- [ RunTime:0.000563s ]

[ 2016-09-26T10:40:16+08:00 ] ::1 /think_blog/index.php/admin/ArticleType/index
INFO: [ app_init ] --START--
INFO: Run Behavior\BuildLiteBehavior [ RunTime:0.000026s ]
INFO: [ app_init ] --END-- [ RunTime:0.000509s ]

[ 2016-09-26T10:40:17+08:00 ] ::1 /think_blog/index.php/Admin/Member/getMember
INFO: [ app_init ] --START--
INFO: Run Behavior\BuildLiteBehavior [ RunTime:0.000052s ]
INFO: [ app_init ] --END-- [ RunTime:0.000809s ]
INFO: [ app_begin ] --START--
INFO: Run Behavior\ReadHtmlCacheBehavior [ RunTime:0.000684s ]
INFO: [ app_begin ] --END-- [ RunTime:0.000809s ]
SQL: SHOW COLUMNS FROM `member` [ RunTime:0.0037s ]
SQL: SELECT `id`,`member_name` FROM `member`  [ RunTime:0.0003s ]

[ 2016-09-26T10:40:23+08:00 ] ::1 /think_blog/index.php/Admin/Member/getMember
INFO: [ app_init ] --START--
INFO: Run Behavior\BuildLiteBehavior [ RunTime:0.000024s ]
INFO: [ app_init ] --END-- [ RunTime:0.000435s ]
INFO: [ app_begin ] --START--
INFO: Run Behavior\ReadHtmlCacheBehavior [ RunTime:0.000572s ]
INFO: [ app_begin ] --END-- [ RunTime:0.000678s ]
SQL: SHOW COLUMNS FROM `member` [ RunTime:0.0042s ]
SQL: SELECT `id`,`member_name` FROM `member`  [ RunTime:0.0003s ]

[ 2016-09-26T10:40:23+08:00 ] ::1 /think_blog/index.php/Admin/ArticleType/info
INFO: [ app_init ] --START--
INFO: Run Behavior\BuildLiteBehavior [ RunTime:0.000024s ]
INFO: [ app_init ] --END-- [ RunTime:0.000459s ]
INFO: [ app_begin ] --START--
INFO: Run Behavior\ReadHtmlCacheBehavior [ RunTime:0.000560s ]
INFO: [ app_begin ] --END-- [ RunTime:0.000663s ]
INFO: [ app_end ] --START--
INFO: Run Behavior\ShowPageTraceBehavior [ RunTime:0.001338s ]
INFO: [ app_end ] --END-- [ RunTime:0.001474s ]

[ 2016-09-26T10:41:14+08:00 ] ::1 /think_blog/index.php/admin/
INFO: [ app_init ] --START--
INFO: Run Behavior\BuildLiteBehavior [ RunTime:0.000024s ]
INFO: [ app_init ] --END-- [ RunTime:0.000526s ]

[ 2016-09-26T10:41:14+08:00 ] ::1 /think_blog/index.php/admin/ArticleType/index
INFO: [ app_init ] --START--
INFO: Run Behavior\BuildLiteBehavior [ RunTime:0.000043s ]
INFO: [ app_init ] --END-- [ RunTime:0.000720s ]

[ 2016-09-26T10:41:16+08:00 ] ::1 /think_blog/index.php/Admin/Member/getMember
INFO: [ app_init ] --START--
INFO: Run Behavior\BuildLiteBehavior [ RunTime:0.000029s ]
INFO: [ app_init ] --END-- [ RunTime:0.000565s ]
INFO: [ app_begin ] --START--
INFO: Run Behavior\ReadHtmlCacheBehavior [ RunTime:0.000605s ]
INFO: [ app_begin ] --END-- [ RunTime:0.000747s ]
SQL: SHOW COLUMNS FROM `member` [ RunTime:0.0039s ]
SQL: SELECT `id`,`member_name` FROM `member`  [ RunTime:0.0003s ]

[ 2016-09-26T10:41:16+08:00 ] ::1 /think_blog/index.php/Admin/ArticleType/info
INFO: [ app_init ] --START--
INFO: Run Behavior\BuildLiteBehavior [ RunTime:0.000027s ]
INFO: [ app_init ] --END-- [ RunTime:0.000562s ]
INFO: [ app_begin ] --START--
INFO: Run Behavior\ReadHtmlCacheBehavior [ RunTime:0.000671s ]
INFO: [ app_begin ] --END-- [ RunTime:0.000812s ]
INFO: [ app_end ] --START--
INFO: Run Behavior\ShowPageTraceBehavior [ RunTime:0.000956s ]
INFO: [ app_end ] --END-- [ RunTime:0.001178s ]

[ 2016-09-26T10:42:14+08:00 ] ::1 /think_blog/index.php/admin/
INFO: [ app_init ] --START--
INFO: Run Behavior\BuildLiteBehavior [ RunTime:0.000025s ]
INFO: [ app_init ] --END-- [ RunTime:0.000501s ]

[ 2016-09-26T10:42:14+08:00 ] ::1 /think_blog/index.php/admin/ArticleType/index
INFO: [ app_init ] --START--
INFO: Run Behavior\BuildLiteBehavior [ RunTime:0.000040s ]
INFO: [ app_init ] --END-- [ RunTime:0.000713s ]

[ 2016-09-26T10:42:33+08:00 ] ::1 /think_blog/index.php/admin/
INFO: [ app_init ] --START--
INFO: Run Behavior\BuildLiteBehavior [ RunTime:0.000025s ]
INFO: [ app_init ] --END-- [ RunTime:0.000498s ]

[ 2016-09-26T10:42:33+08:00 ] ::1 /think_blog/index.php/admin/ArticleType/index
INFO: [ app_init ] --START--
INFO: Run Behavior\BuildLiteBehavior [ RunTime:0.000026s ]
INFO: [ app_init ] --END-- [ RunTime:0.000615s ]

[ 2016-09-26T10:42:34+08:00 ] ::1 /think_blog/index.php/Admin/Member/getMember
INFO: [ app_init ] --START--
INFO: Run Behavior\BuildLiteBehavior [ RunTime:0.000028s ]
INFO: [ app_init ] --END-- [ RunTime:0.000568s ]
INFO: [ app_begin ] --START--
INFO: Run Behavior\ReadHtmlCacheBehavior [ RunTime:0.000559s ]
INFO: [ app_begin ] --END-- [ RunTime:0.000725s ]
SQL: SHOW COLUMNS FROM `member` [ RunTime:0.0038s ]
SQL: SELECT `id`,`member_name` FROM `member`  [ RunTime:0.0003s ]

[ 2016-09-26T10:42:34+08:00 ] ::1 /think_blog/index.php/Admin/ArticleType/info
INFO: [ app_init ] --START--
INFO: Run Behavior\BuildLiteBehavior [ RunTime:0.000027s ]
INFO: [ app_init ] --END-- [ RunTime:0.000547s ]
INFO: [ app_begin ] --START--
INFO: Run Behavior\ReadHtmlCacheBehavior [ RunTime:0.000801s ]
INFO: [ app_begin ] --END-- [ RunTime:0.000984s ]
NOTIC: [2048] Declaration of Admin\Model\ArticleTypeModel::index() should be compatible with Admin\Model\CommonModel::index($f = '') D:\wamp\www\think_blog\Application\Admin\Model\ArticleTypeModel.class.php 第 5 行.
SQL: SHOW COLUMNS FROM `article_type` [ RunTime:0.0032s ]
SQL: SELECT * FROM `article_type` WHERE `id` = '12'  [ RunTime:0.0003s ]

[ 2016-09-26T10:42:38+08:00 ] ::1 /think_blog/index.php/Admin/Member/getMember
INFO: [ app_init ] --START--
INFO: Run Behavior\BuildLiteBehavior [ RunTime:0.000025s ]
INFO: [ app_init ] --END-- [ RunTime:0.000476s ]
INFO: [ app_begin ] --START--
INFO: Run Behavior\ReadHtmlCacheBehavior [ RunTime:0.000489s ]
INFO: [ app_begin ] --END-- [ RunTime:0.000613s ]
SQL: SHOW COLUMNS FROM `member` [ RunTime:0.2884s ]
SQL: SELECT `id`,`member_name` FROM `member`  [ RunTime:0.0010s ]

[ 2016-09-26T10:42:38+08:00 ] ::1 /think_blog/index.php/Admin/ArticleType/info
INFO: [ app_init ] --START--
INFO: Run Behavior\BuildLiteBehavior [ RunTime:0.000041s ]
INFO: [ app_init ] --END-- [ RunTime:0.000708s ]
INFO: [ app_begin ] --START--
INFO: Run Behavior\ReadHtmlCacheBehavior [ RunTime:0.000659s ]
INFO: [ app_begin ] --END-- [ RunTime:0.000841s ]
NOTIC: [2048] Declaration of Admin\Model\ArticleTypeModel::index() should be compatible with Admin\Model\CommonModel::index($f = '') D:\wamp\www\think_blog\Application\Admin\Model\ArticleTypeModel.class.php 第 5 行.
SQL: SHOW COLUMNS FROM `article_type` [ RunTime:0.2020s ]
SQL: SELECT * FROM `article_type` WHERE `id` = '14'  [ RunTime:0.0010s ]

[ 2016-09-26T11:28:56+08:00 ] ::1 /think_blog/index.php/admin/
INFO: [ app_init ] --START--
INFO: Run Behavior\BuildLiteBehavior [ RunTime:0.000027s ]
INFO: [ app_init ] --END-- [ RunTime:0.000672s ]

[ 2016-09-26T11:28:56+08:00 ] ::1 /think_blog/index.php/admin/ArticleType/index
INFO: [ app_init ] --START--
INFO: Run Behavior\BuildLiteBehavior [ RunTime:0.000027s ]
INFO: [ app_init ] --END-- [ RunTime:0.000516s ]

[ 2016-09-26T11:28:57+08:00 ] ::1 /think_blog/index.php/Admin/Member/getMember
INFO: [ app_init ] --START--
INFO: Run Behavior\BuildLiteBehavior [ RunTime:0.000028s ]
INFO: [ app_init ] --END-- [ RunTime:0.000574s ]
INFO: [ app_begin ] --START--
INFO: Run Behavior\ReadHtmlCacheBehavior [ RunTime:0.000688s ]
INFO: [ app_begin ] --END-- [ RunTime:0.000818s ]
SQL: SHOW COLUMNS FROM `member` [ RunTime:0.0047s ]
SQL: SELECT `id`,`member_name` FROM `member`  [ RunTime:0.0005s ]

[ 2016-09-26T11:28:57+08:00 ] ::1 /think_blog/index.php/Admin/ArticleType/info
INFO: [ app_init ] --START--
INFO: Run Behavior\BuildLiteBehavior [ RunTime:0.000030s ]
INFO: [ app_init ] --END-- [ RunTime:0.000549s ]
INFO: [ app_begin ] --START--
INFO: Run Behavior\ReadHtmlCacheBehavior [ RunTime:0.000612s ]
INFO: [ app_begin ] --END-- [ RunTime:0.000738s ]
NOTIC: [2048] Declaration of Admin\Model\ArticleTypeModel::index() should be compatible with Admin\Model\CommonModel::index($f = '') D:\wamp\www\think_blog\Application\Admin\Model\ArticleTypeModel.class.php 第 5 行.
SQL: SHOW COLUMNS FROM `article_type` [ RunTime:0.0039s ]
SQL: SELECT * FROM `article_type` WHERE `id` = '12'  [ RunTime:0.0003s ]

[ 2016-09-26T11:32:19+08:00 ] ::1 /think_blog/index.php/admin/
INFO: [ app_init ] --START--
INFO: Run Behavior\BuildLiteBehavior [ RunTime:0.000028s ]
INFO: [ app_init ] --END-- [ RunTime:0.000803s ]

[ 2016-09-26T11:32:19+08:00 ] ::1 /think_blog/index.php/admin/ArticleType/index
INFO: [ app_init ] --START--
INFO: Run Behavior\BuildLiteBehavior [ RunTime:0.000026s ]
INFO: [ app_init ] --END-- [ RunTime:0.000491s ]

[ 2016-09-26T11:32:22+08:00 ] ::1 /think_blog/index.php/Admin/Member/getMember
INFO: [ app_init ] --START--
INFO: Run Behavior\BuildLiteBehavior [ RunTime:0.000028s ]
INFO: [ app_init ] --END-- [ RunTime:0.000569s ]
INFO: [ app_begin ] --START--
INFO: Run Behavior\ReadHtmlCacheBehavior [ RunTime:0.000673s ]
INFO: [ app_begin ] --END-- [ RunTime:0.000808s ]
SQL: SHOW COLUMNS FROM `member` [ RunTime:0.0047s ]
SQL: SELECT `id`,`member_name` FROM `member`  [ RunTime:0.0004s ]

[ 2016-09-26T11:32:22+08:00 ] ::1 /think_blog/index.php/Admin/ArticleType/info
INFO: [ app_init ] --START--
INFO: Run Behavior\BuildLiteBehavior [ RunTime:0.000027s ]
INFO: [ app_init ] --END-- [ RunTime:0.000551s ]
INFO: [ app_begin ] --START--
INFO: Run Behavior\ReadHtmlCacheBehavior [ RunTime:0.001006s ]
INFO: [ app_begin ] --END-- [ RunTime:0.001206s ]
NOTIC: [2048] Declaration of Admin\Model\ArticleTypeModel::index() should be compatible with Admin\Model\CommonModel::index($f = '') D:\wamp\www\think_blog\Application\Admin\Model\ArticleTypeModel.class.php 第 5 行.
SQL: SHOW COLUMNS FROM `article_type` [ RunTime:0.0057s ]
SQL: SELECT * FROM `article_type` WHERE `id` = '13'  [ RunTime:0.0004s ]

[ 2016-09-26T11:32:25+08:00 ] ::1 /think_blog/index.php/Admin/ArticleType/edit
INFO: [ app_init ] --START--
INFO: Run Behavior\BuildLiteBehavior [ RunTime:0.000024s ]
INFO: [ app_init ] --END-- [ RunTime:0.000460s ]
INFO: [ app_begin ] --START--
INFO: Run Behavior\ReadHtmlCacheBehavior [ RunTime:0.000715s ]
INFO: [ app_begin ] --END-- [ RunTime:0.000866s ]
NOTIC: [2048] Declaration of Admin\Model\ArticleTypeModel::index() should be compatible with Admin\Model\CommonModel::index($f = '') D:\wamp\www\think_blog\Application\Admin\Model\ArticleTypeModel.class.php 第 5 行.
SQL: SHOW COLUMNS FROM `article_type` [ RunTime:0.0045s ]
SQL: SHOW COLUMNS FROM `member` [ RunTime:0.0040s ]
SQL: SELECT count(id) AS `count` FROM `member` WHERE `id` = null  [ RunTime:0.0003s ]
SQL: UPDATE `article_type` SET `article_type_name`='Linux',`member_id`='41' WHERE `id` = null [ RunTime:0.0442s ]

[ 2016-09-26T11:32:26+08:00 ] ::1 /think_blog/index.php/Admin/ArticleType/index
INFO: [ app_init ] --START--
INFO: Run Behavior\BuildLiteBehavior [ RunTime:0.000047s ]
INFO: [ app_init ] --END-- [ RunTime:0.000811s ]
INFO: [ app_begin ] --START--
INFO: Run Behavior\ReadHtmlCacheBehavior [ RunTime:0.000993s ]
INFO: [ app_begin ] --END-- [ RunTime:0.001186s ]
NOTIC: [2048] Declaration of Admin\Model\ArticleTypeModel::index() should be compatible with Admin\Model\CommonModel::index($f = '') D:\wamp\www\think_blog\Application\Admin\Model\ArticleTypeModel.class.php 第 5 行.
SQL: SHOW COLUMNS FROM `article_type` [ RunTime:0.0032s ]
SQL: SELECT a.id AS `id`,a.article_type_name AS `article_type_name`,a.member_id AS `member_id`,m.member_name AS `member_name` FROM article_type a INNER JOIN member m ON a.member_id=m.id  LIMIT 0,10   [ RunTime:0.0004s ]
SQL: SELECT count(a.id) AS `count` FROM article_type a INNER JOIN member m ON a.member_id=m.id   [ RunTime:0.0007s ]

[ 2016-09-26T11:32:30+08:00 ] ::1 /think_blog/index.php/admin/
INFO: [ app_init ] --START--
INFO: Run Behavior\BuildLiteBehavior [ RunTime:0.000030s ]
INFO: [ app_init ] --END-- [ RunTime:0.000642s ]

[ 2016-09-26T11:32:30+08:00 ] ::1 /think_blog/index.php/admin/ArticleType/index
INFO: [ app_init ] --START--
INFO: Run Behavior\BuildLiteBehavior [ RunTime:0.000026s ]
INFO: [ app_init ] --END-- [ RunTime:0.000452s ]

[ 2016-09-26T11:32:32+08:00 ] ::1 /think_blog/index.php/Admin/ArticleType/info
INFO: [ app_init ] --START--
INFO: Run Behavior\BuildLiteBehavior [ RunTime:0.000027s ]
INFO: [ app_init ] --END-- [ RunTime:0.000552s ]
INFO: [ app_begin ] --START--
INFO: Run Behavior\ReadHtmlCacheBehavior [ RunTime:0.000447s ]
INFO: [ app_begin ] --END-- [ RunTime:0.000551s ]
NOTIC: [2048] Declaration of Admin\Model\ArticleTypeModel::index() should be compatible with Admin\Model\CommonModel::index($f = '') D:\wamp\www\think_blog\Application\Admin\Model\ArticleTypeModel.class.php 第 5 行.
SQL: SHOW COLUMNS FROM `article_type` [ RunTime:0.0038s ]
SQL: SELECT * FROM `article_type` WHERE `id` = '13'  [ RunTime:0.0003s ]

[ 2016-09-26T11:32:32+08:00 ] ::1 /think_blog/index.php/Admin/Member/getMember
INFO: [ app_init ] --START--
INFO: Run Behavior\BuildLiteBehavior [ RunTime:0.000029s ]
INFO: [ app_init ] --END-- [ RunTime:0.000559s ]
INFO: [ app_begin ] --START--
INFO: Run Behavior\ReadHtmlCacheBehavior [ RunTime:0.000564s ]
INFO: [ app_begin ] --END-- [ RunTime:0.000667s ]
SQL: SHOW COLUMNS FROM `member` [ RunTime:0.0065s ]
SQL: SELECT `id`,`member_name` FROM `member`  [ RunTime:0.0005s ]

[ 2016-09-26T11:32:38+08:00 ] ::1 /think_blog/index.php/admin/
INFO: [ app_init ] --START--
INFO: Run Behavior\BuildLiteBehavior [ RunTime:0.000027s ]
INFO: [ app_init ] --END-- [ RunTime:0.000668s ]

[ 2016-09-26T11:32:38+08:00 ] ::1 /think_blog/index.php/admin/ArticleType/index
INFO: [ app_init ] --START--
INFO: Run Behavior\BuildLiteBehavior [ RunTime:0.000026s ]
INFO: [ app_init ] --END-- [ RunTime:0.000476s ]

[ 2016-09-26T11:32:39+08:00 ] ::1 /think_blog/index.php/admin/
INFO: [ app_init ] --START--
INFO: Run Behavior\BuildLiteBehavior [ RunTime:0.000040s ]
INFO: [ app_init ] --END-- [ RunTime:0.000649s ]

[ 2016-09-26T11:32:39+08:00 ] ::1 /think_blog/index.php/admin/ArticleType/index
INFO: [ app_init ] --START--
INFO: Run Behavior\BuildLiteBehavior [ RunTime:0.000024s ]
INFO: [ app_init ] --END-- [ RunTime:0.000487s ]

[ 2016-09-26T11:32:40+08:00 ] ::1 /think_blog/index.php/Admin/Member/getMember
INFO: [ app_init ] --START--
INFO: Run Behavior\BuildLiteBehavior [ RunTime:0.000030s ]
INFO: [ app_init ] --END-- [ RunTime:0.000534s ]
INFO: [ app_begin ] --START--
INFO: Run Behavior\ReadHtmlCacheBehavior [ RunTime:0.000984s ]
INFO: [ app_begin ] --END-- [ RunTime:0.001157s ]
SQL: SHOW COLUMNS FROM `member` [ RunTime:0.0037s ]
SQL: SELECT `id`,`member_name` FROM `member`  [ RunTime:0.0003s ]

[ 2016-09-26T11:32:40+08:00 ] ::1 /think_blog/index.php/Admin/ArticleType/info
INFO: [ app_init ] --START--
INFO: Run Behavior\BuildLiteBehavior [ RunTime:0.000027s ]
INFO: [ app_init ] --END-- [ RunTime:0.000560s ]
INFO: [ app_begin ] --START--
INFO: Run Behavior\ReadHtmlCacheBehavior [ RunTime:0.000849s ]
INFO: [ app_begin ] --END-- [ RunTime:0.001011s ]
NOTIC: [2048] Declaration of Admin\Model\ArticleTypeModel::index() should be compatible with Admin\Model\CommonModel::index($f = '') D:\wamp\www\think_blog\Application\Admin\Model\ArticleTypeModel.class.php 第 5 行.
SQL: SHOW COLUMNS FROM `article_type` [ RunTime:0.0043s ]
SQL: SELECT * FROM `article_type` WHERE `id` = '13'  [ RunTime:0.0003s ]

[ 2016-09-26T11:32:43+08:00 ] ::1 /think_blog/index.php/Admin/ArticleType/edit
INFO: [ app_init ] --START--
INFO: Run Behavior\BuildLiteBehavior [ RunTime:0.000025s ]
INFO: [ app_init ] --END-- [ RunTime:0.000549s ]
INFO: [ app_begin ] --START--
INFO: Run Behavior\ReadHtmlCacheBehavior [ RunTime:0.000632s ]
INFO: [ app_begin ] --END-- [ RunTime:0.000735s ]
NOTIC: [2048] Declaration of Admin\Model\ArticleTypeModel::index() should be compatible with Admin\Model\CommonModel::index($f = '') D:\wamp\www\think_blog\Application\Admin\Model\ArticleTypeModel.class.php 第 5 行.
SQL: SHOW COLUMNS FROM `article_type` [ RunTime:0.0035s ]
SQL: SHOW COLUMNS FROM `member` [ RunTime:0.0042s ]
SQL: SELECT count(id) AS `count` FROM `member` WHERE `id` = null  [ RunTime:0.0003s ]
SQL: UPDATE `article_type` SET `article_type_name`='Linux',`member_id`='41' WHERE `id` = null [ RunTime:0.0002s ]

[ 2016-09-26T11:32:45+08:00 ] ::1 /think_blog/index.php/Admin/ArticleType/index
INFO: [ app_init ] --START--
INFO: Run Behavior\BuildLiteBehavior [ RunTime:0.000030s ]
INFO: [ app_init ] --END-- [ RunTime:0.000727s ]
INFO: [ app_begin ] --START--
INFO: Run Behavior\ReadHtmlCacheBehavior [ RunTime:0.001085s ]
INFO: [ app_begin ] --END-- [ RunTime:0.001262s ]
NOTIC: [2048] Declaration of Admin\Model\ArticleTypeModel::index() should be compatible with Admin\Model\CommonModel::index($f = '') D:\wamp\www\think_blog\Application\Admin\Model\ArticleTypeModel.class.php 第 5 行.
SQL: SHOW COLUMNS FROM `article_type` [ RunTime:0.0049s ]
SQL: SELECT a.id AS `id`,a.article_type_name AS `article_type_name`,a.member_id AS `member_id`,m.member_name AS `member_name` FROM article_type a INNER JOIN member m ON a.member_id=m.id  LIMIT 0,10   [ RunTime:0.0004s ]
SQL: SELECT count(a.id) AS `count` FROM article_type a INNER JOIN member m ON a.member_id=m.id   [ RunTime:0.0002s ]

[ 2016-09-26T11:35:38+08:00 ] ::1 /think_blog/index.php/admin/
INFO: [ app_init ] --START--
INFO: Run Behavior\BuildLiteBehavior [ RunTime:0.000025s ]
INFO: [ app_init ] --END-- [ RunTime:0.000574s ]

[ 2016-09-26T11:35:38+08:00 ] ::1 /think_blog/index.php/admin/ArticleType/index
INFO: [ app_init ] --START--
INFO: Run Behavior\BuildLiteBehavior [ RunTime:0.000027s ]
INFO: [ app_init ] --END-- [ RunTime:0.000555s ]

[ 2016-09-26T11:35:40+08:00 ] ::1 /think_blog/index.php/Admin/Member/getMember
INFO: [ app_init ] --START--
INFO: Run Behavior\BuildLiteBehavior [ RunTime:0.000029s ]
INFO: [ app_init ] --END-- [ RunTime:0.000574s ]
INFO: [ app_begin ] --START--
INFO: Run Behavior\ReadHtmlCacheBehavior [ RunTime:0.000642s ]
INFO: [ app_begin ] --END-- [ RunTime:0.000768s ]
SQL: SHOW COLUMNS FROM `member` [ RunTime:0.0042s ]
SQL: SELECT `id`,`member_name` FROM `member`  [ RunTime:0.0003s ]

[ 2016-09-26T11:35:40+08:00 ] ::1 /think_blog/index.php/Admin/ArticleType/info
INFO: [ app_init ] --START--
INFO: Run Behavior\BuildLiteBehavior [ RunTime:0.000029s ]
INFO: [ app_init ] --END-- [ RunTime:0.000624s ]
INFO: [ app_begin ] --START--
INFO: Run Behavior\ReadHtmlCacheBehavior [ RunTime:0.000682s ]
INFO: [ app_begin ] --END-- [ RunTime:0.000804s ]
NOTIC: [2048] Declaration of Admin\Model\ArticleTypeModel::index() should be compatible with Admin\Model\CommonModel::index($f = '') D:\wamp\www\think_blog\Application\Admin\Model\ArticleTypeModel.class.php 第 5 行.
SQL: SHOW COLUMNS FROM `article_type` [ RunTime:0.0036s ]
SQL: SELECT * FROM `article_type` WHERE `id` = '13'  [ RunTime:0.0003s ]

[ 2016-09-26T11:35:42+08:00 ] ::1 /think_blog/index.php/Admin/ArticleType/edit
INFO: [ app_init ] --START--
INFO: Run Behavior\BuildLiteBehavior [ RunTime:0.000030s ]
INFO: [ app_init ] --END-- [ RunTime:0.000710s ]
INFO: [ app_begin ] --START--
INFO: Run Behavior\ReadHtmlCacheBehavior [ RunTime:0.000702s ]
INFO: [ app_begin ] --END-- [ RunTime:0.000835s ]
NOTIC: [2048] Declaration of Admin\Model\ArticleTypeModel::index() should be compatible with Admin\Model\CommonModel::index($f = '') D:\wamp\www\think_blog\Application\Admin\Model\ArticleTypeModel.class.php 第 5 行.
SQL: SHOW COLUMNS FROM `article_type` [ RunTime:0.0053s ]
SQL: SHOW COLUMNS FROM `member` [ RunTime:0.0056s ]
SQL: SELECT count(id) AS `count` FROM `member` WHERE `id` = null  [ RunTime:0.0003s ]
SQL: UPDATE `article_type` SET `article_type_name`='Linux',`member_id`='41' WHERE `id` = null [ RunTime:0.0002s ]

[ 2016-09-26T11:38:09+08:00 ] ::1 /think_blog/index.php/Admin/ArticleType/edit
INFO: [ app_init ] --START--
INFO: Run Behavior\BuildLiteBehavior [ RunTime:0.000042s ]
INFO: [ app_init ] --END-- [ RunTime:0.000784s ]
INFO: [ app_begin ] --START--
INFO: Run Behavior\ReadHtmlCacheBehavior [ RunTime:0.000909s ]
INFO: [ app_begin ] --END-- [ RunTime:0.001095s ]
NOTIC: [2048] Declaration of Admin\Model\ArticleTypeModel::index() should be compatible with Admin\Model\CommonModel::index($f = '') D:\wamp\www\think_blog\Application\Admin\Model\ArticleTypeModel.class.php 第 5 行.
SQL: SHOW COLUMNS FROM `article_type` [ RunTime:0.0042s ]
SQL: SHOW COLUMNS FROM `member` [ RunTime:0.0050s ]
SQL: SELECT count(id) AS `count` FROM `member` WHERE `id` = 13  [ RunTime:0.0003s ]
SQL: UPDATE `article_type` SET `article_type_name`='Linux',`member_id`='41' WHERE `id` = 13 [ RunTime:0.0946s ]

[ 2016-09-26T11:38:10+08:00 ] ::1 /think_blog/index.php/Admin/ArticleType/edit
INFO: [ app_init ] --START--
INFO: Run Behavior\BuildLiteBehavior [ RunTime:0.000039s ]
INFO: [ app_init ] --END-- [ RunTime:0.000867s ]
INFO: [ app_begin ] --START--
INFO: Run Behavior\ReadHtmlCacheBehavior [ RunTime:0.000604s ]
INFO: [ app_begin ] --END-- [ RunTime:0.000718s ]
NOTIC: [2048] Declaration of Admin\Model\ArticleTypeModel::index() should be compatible with Admin\Model\CommonModel::index($f = '') D:\wamp\www\think_blog\Application\Admin\Model\ArticleTypeModel.class.php 第 5 行.
SQL: SHOW COLUMNS FROM `article_type` [ RunTime:0.0039s ]
SQL: SHOW COLUMNS FROM `member` [ RunTime:0.0047s ]
SQL: SELECT count(id) AS `count` FROM `member` WHERE `id` = 13  [ RunTime:0.0003s ]
SQL: UPDATE `article_type` SET `article_type_name`='Linux',`member_id`='41' WHERE `id` = 13 [ RunTime:0.0979s ]

[ 2016-09-26T11:38:12+08:00 ] ::1 /think_blog/index.php/admin/
INFO: [ app_init ] --START--
INFO: Run Behavior\BuildLiteBehavior [ RunTime:0.000041s ]
INFO: [ app_init ] --END-- [ RunTime:0.000917s ]

[ 2016-09-26T11:38:12+08:00 ] ::1 /think_blog/index.php/admin/ArticleType/index
INFO: [ app_init ] --START--
INFO: Run Behavior\BuildLiteBehavior [ RunTime:0.000044s ]
INFO: [ app_init ] --END-- [ RunTime:0.000863s ]

[ 2016-09-26T11:38:16+08:00 ] ::1 /think_blog/index.php/Admin/Member/getMember
INFO: [ app_init ] --START--
INFO: Run Behavior\BuildLiteBehavior [ RunTime:0.000030s ]
INFO: [ app_init ] --END-- [ RunTime:0.000606s ]
INFO: [ app_begin ] --START--
INFO: Run Behavior\ReadHtmlCacheBehavior [ RunTime:0.000526s ]
INFO: [ app_begin ] --END-- [ RunTime:0.000632s ]
SQL: SHOW COLUMNS FROM `member` [ RunTime:0.0038s ]
SQL: SELECT `id`,`member_name` FROM `member`  [ RunTime:0.0003s ]

[ 2016-09-26T11:38:16+08:00 ] ::1 /think_blog/index.php/Admin/ArticleType/info
INFO: [ app_init ] --START--
INFO: Run Behavior\BuildLiteBehavior [ RunTime:0.000029s ]
INFO: [ app_init ] --END-- [ RunTime:0.000556s ]
INFO: [ app_begin ] --START--
INFO: Run Behavior\ReadHtmlCacheBehavior [ RunTime:0.000566s ]
INFO: [ app_begin ] --END-- [ RunTime:0.000673s ]
NOTIC: [2048] Declaration of Admin\Model\ArticleTypeModel::index() should be compatible with Admin\Model\CommonModel::index($f = '') D:\wamp\www\think_blog\Application\Admin\Model\ArticleTypeModel.class.php 第 5 行.
SQL: SHOW COLUMNS FROM `article_type` [ RunTime:0.0037s ]
SQL: SELECT * FROM `article_type` WHERE `id` = '13'  [ RunTime:0.0003s ]

[ 2016-09-26T11:38:18+08:00 ] ::1 /think_blog/index.php/Admin/ArticleType/edit
INFO: [ app_init ] --START--
INFO: Run Behavior\BuildLiteBehavior [ RunTime:0.000024s ]
INFO: [ app_init ] --END-- [ RunTime:0.000503s ]
INFO: [ app_begin ] --START--
INFO: Run Behavior\ReadHtmlCacheBehavior [ RunTime:0.000598s ]
INFO: [ app_begin ] --END-- [ RunTime:0.000698s ]
NOTIC: [2048] Declaration of Admin\Model\ArticleTypeModel::index() should be compatible with Admin\Model\CommonModel::index($f = '') D:\wamp\www\think_blog\Application\Admin\Model\ArticleTypeModel.class.php 第 5 行.
SQL: SHOW COLUMNS FROM `article_type` [ RunTime:0.0035s ]
SQL: SHOW COLUMNS FROM `member` [ RunTime:0.0037s ]
SQL: SELECT count(id) AS `count` FROM `member` WHERE `id` = 13  [ RunTime:0.0003s ]
SQL: UPDATE `article_type` SET `article_type_name`='Linux',`member_id`='41' WHERE `id` = 13 [ RunTime:0.0857s ]

[ 2016-09-26T11:38:25+08:00 ] ::1 /think_blog/index.php/Admin/ArticleType/edit
INFO: [ app_init ] --START--
INFO: Run Behavior\BuildLiteBehavior [ RunTime:0.000024s ]
INFO: [ app_init ] --END-- [ RunTime:0.000566s ]
INFO: [ app_begin ] --START--
INFO: Run Behavior\ReadHtmlCacheBehavior [ RunTime:0.000669s ]
INFO: [ app_begin ] --END-- [ RunTime:0.000793s ]
NOTIC: [2048] Declaration of Admin\Model\ArticleTypeModel::index() should be compatible with Admin\Model\CommonModel::index($f = '') D:\wamp\www\think_blog\Application\Admin\Model\ArticleTypeModel.class.php 第 5 行.
SQL: SHOW COLUMNS FROM `article_type` [ RunTime:0.0037s ]
SQL: SHOW COLUMNS FROM `member` [ RunTime:0.0038s ]
SQL: SELECT count(id) AS `count` FROM `member` WHERE `id` = 13  [ RunTime:0.0003s ]
SQL: UPDATE `article_type` SET `article_type_name`='Linux',`member_id`='29' WHERE `id` = 13 [ RunTime:0.0604s ]

[ 2016-09-26T11:38:29+08:00 ] ::1 /think_blog/index.php/admin/
INFO: [ app_init ] --START--
INFO: Run Behavior\BuildLiteBehavior [ RunTime:0.000025s ]
INFO: [ app_init ] --END-- [ RunTime:0.000521s ]

[ 2016-09-26T11:38:29+08:00 ] ::1 /think_blog/index.php/admin/ArticleType/index
INFO: [ app_init ] --START--
INFO: Run Behavior\BuildLiteBehavior [ RunTime:0.000025s ]
INFO: [ app_init ] --END-- [ RunTime:0.000449s ]

[ 2016-09-26T11:38:31+08:00 ] ::1 /think_blog/index.php/Admin/Member/getMember
INFO: [ app_init ] --START--
INFO: Run Behavior\BuildLiteBehavior [ RunTime:0.000026s ]
INFO: [ app_init ] --END-- [ RunTime:0.000498s ]
INFO: [ app_begin ] --START--
INFO: Run Behavior\ReadHtmlCacheBehavior [ RunTime:0.000742s ]
INFO: [ app_begin ] --END-- [ RunTime:0.000890s ]
SQL: SHOW COLUMNS FROM `member` [ RunTime:0.0051s ]
SQL: SELECT `id`,`member_name` FROM `member`  [ RunTime:0.0003s ]

[ 2016-09-26T11:38:31+08:00 ] ::1 /think_blog/index.php/Admin/ArticleType/info
INFO: [ app_init ] --START--
INFO: Run Behavior\BuildLiteBehavior [ RunTime:0.000039s ]
INFO: [ app_init ] --END-- [ RunTime:0.000685s ]
INFO: [ app_begin ] --START--
INFO: Run Behavior\ReadHtmlCacheBehavior [ RunTime:0.000540s ]
INFO: [ app_begin ] --END-- [ RunTime:0.000654s ]
NOTIC: [2048] Declaration of Admin\Model\ArticleTypeModel::index() should be compatible with Admin\Model\CommonModel::index($f = '') D:\wamp\www\think_blog\Application\Admin\Model\ArticleTypeModel.class.php 第 5 行.
SQL: SHOW COLUMNS FROM `article_type` [ RunTime:0.0041s ]
SQL: SELECT * FROM `article_type` WHERE `id` = '13'  [ RunTime:0.0003s ]

[ 2016-09-26T11:38:36+08:00 ] ::1 /think_blog/index.php/Admin/ArticleType/edit
INFO: [ app_init ] --START--
INFO: Run Behavior\BuildLiteBehavior [ RunTime:0.000028s ]
INFO: [ app_init ] --END-- [ RunTime:0.000624s ]
INFO: [ app_begin ] --START--
INFO: Run Behavior\ReadHtmlCacheBehavior [ RunTime:0.000577s ]
INFO: [ app_begin ] --END-- [ RunTime:0.000728s ]
NOTIC: [2048] Declaration of Admin\Model\ArticleTypeModel::index() should be compatible with Admin\Model\CommonModel::index($f = '') D:\wamp\www\think_blog\Application\Admin\Model\ArticleTypeModel.class.php 第 5 行.
SQL: SHOW COLUMNS FROM `article_type` [ RunTime:0.0043s ]
SQL: SHOW COLUMNS FROM `member` [ RunTime:0.0056s ]
SQL: SELECT count(id) AS `count` FROM `member` WHERE `id` = 13  [ RunTime:0.0004s ]
SQL: UPDATE `article_type` SET `article_type_name`='Linux',`member_id`='41' WHERE `id` = 13 [ RunTime:0.0727s ]

[ 2016-09-26T11:38:39+08:00 ] ::1 /think_blog/index.php/admin/
INFO: [ app_init ] --START--
INFO: Run Behavior\BuildLiteBehavior [ RunTime:0.000032s ]
INFO: [ app_init ] --END-- [ RunTime:0.000713s ]

[ 2016-09-26T11:38:40+08:00 ] ::1 /think_blog/index.php/admin/ArticleType/index
INFO: [ app_init ] --START--
INFO: Run Behavior\BuildLiteBehavior [ RunTime:0.000026s ]
INFO: [ app_init ] --END-- [ RunTime:0.000491s ]

[ 2016-09-26T11:38:44+08:00 ] ::1 /think_blog/index.php/Admin/ArticleType/index
INFO: [ app_init ] --START--
INFO: Run Behavior\BuildLiteBehavior [ RunTime:0.000029s ]
INFO: [ app_init ] --END-- [ RunTime:0.000568s ]
INFO: [ app_begin ] --START--
INFO: Run Behavior\ReadHtmlCacheBehavior [ RunTime:0.000628s ]
INFO: [ app_begin ] --END-- [ RunTime:0.000720s ]
NOTIC: [2048] Declaration of Admin\Model\ArticleTypeModel::index() should be compatible with Admin\Model\CommonModel::index($f = '') D:\wamp\www\think_blog\Application\Admin\Model\ArticleTypeModel.class.php 第 5 行.
SQL: SHOW COLUMNS FROM `article_type` [ RunTime:0.0038s ]
SQL: SELECT a.id AS `id`,a.article_type_name AS `article_type_name`,a.member_id AS `member_id`,m.member_name AS `member_name` FROM article_type a INNER JOIN member m ON a.member_id=m.id  LIMIT 10,10   [ RunTime:0.0003s ]
SQL: SELECT count(a.id) AS `count` FROM article_type a INNER JOIN member m ON a.member_id=m.id   [ RunTime:0.0002s ]

[ 2016-09-26T11:38:45+08:00 ] ::1 /think_blog/index.php/Admin/ArticleType/index
INFO: [ app_init ] --START--
INFO: Run Behavior\BuildLiteBehavior [ RunTime:0.000029s ]
INFO: [ app_init ] --END-- [ RunTime:0.000593s ]
INFO: [ app_begin ] --START--
INFO: Run Behavior\ReadHtmlCacheBehavior [ RunTime:0.000694s ]
INFO: [ app_begin ] --END-- [ RunTime:0.000806s ]
NOTIC: [2048] Declaration of Admin\Model\ArticleTypeModel::index() should be compatible with Admin\Model\CommonModel::index($f = '') D:\wamp\www\think_blog\Application\Admin\Model\ArticleTypeModel.class.php 第 5 行.
SQL: SHOW COLUMNS FROM `article_type` [ RunTime:0.0049s ]
SQL: SELECT a.id AS `id`,a.article_type_name AS `article_type_name`,a.member_id AS `member_id`,m.member_name AS `member_name` FROM article_type a INNER JOIN member m ON a.member_id=m.id  LIMIT 0,10   [ RunTime:0.0005s ]
SQL: SELECT count(a.id) AS `count` FROM article_type a INNER JOIN member m ON a.member_id=m.id   [ RunTime:0.0003s ]

[ 2016-09-26T11:45:40+08:00 ] ::1 /think_blog/index.php/admin/
INFO: [ app_init ] --START--
INFO: Run Behavior\BuildLiteBehavior [ RunTime:0.000041s ]
INFO: [ app_init ] --END-- [ RunTime:0.000767s ]

[ 2016-09-26T11:45:40+08:00 ] ::1 /think_blog/index.php/admin/ArticleType/index
INFO: [ app_init ] --START--
INFO: Run Behavior\BuildLiteBehavior [ RunTime:0.000026s ]
INFO: [ app_init ] --END-- [ RunTime:0.000491s ]

[ 2016-09-26T11:45:47+08:00 ] ::1 /think_blog/index.php/Admin/ArticleType/info
INFO: [ app_init ] --START--
INFO: Run Behavior\BuildLiteBehavior [ RunTime:0.000026s ]
INFO: [ app_init ] --END-- [ RunTime:0.000545s ]
INFO: [ app_begin ] --START--
INFO: Run Behavior\ReadHtmlCacheBehavior [ RunTime:0.000576s ]
INFO: [ app_begin ] --END-- [ RunTime:0.000690s ]
NOTIC: [2048] Declaration of Admin\Model\ArticleTypeModel::index() should be compatible with Admin\Model\CommonModel::index($f = '') D:\wamp\www\think_blog\Application\Admin\Model\ArticleTypeModel.class.php 第 5 行.
SQL: SHOW COLUMNS FROM `article_type` [ RunTime:0.0041s ]
SQL: SELECT * FROM `article_type` WHERE `id` = '12'  [ RunTime:0.0003s ]

[ 2016-09-26T11:45:47+08:00 ] ::1 /think_blog/index.php/Admin/Member/getMember
INFO: [ app_init ] --START--
INFO: Run Behavior\BuildLiteBehavior [ RunTime:0.000026s ]
INFO: [ app_init ] --END-- [ RunTime:0.000566s ]
INFO: [ app_begin ] --START--
INFO: Run Behavior\ReadHtmlCacheBehavior [ RunTime:0.000625s ]
INFO: [ app_begin ] --END-- [ RunTime:0.000733s ]
SQL: SHOW COLUMNS FROM `member` [ RunTime:0.0060s ]
SQL: SELECT `id`,`member_name` FROM `member`  [ RunTime:0.0004s ]

[ 2016-09-26T11:45:49+08:00 ] ::1 /think_blog/index.php/Admin/ArticleType/edit
INFO: [ app_init ] --START--
INFO: Run Behavior\BuildLiteBehavior [ RunTime:0.000025s ]
INFO: [ app_init ] --END-- [ RunTime:0.000547s ]
INFO: [ app_begin ] --START--
INFO: Run Behavior\ReadHtmlCacheBehavior [ RunTime:0.000569s ]
INFO: [ app_begin ] --END-- [ RunTime:0.000696s ]
NOTIC: [2048] Declaration of Admin\Model\ArticleTypeModel::index() should be compatible with Admin\Model\CommonModel::index($f = '') D:\wamp\www\think_blog\Application\Admin\Model\ArticleTypeModel.class.php 第 5 行.
SQL: SHOW COLUMNS FROM `article_type` [ RunTime:0.0042s ]
SQL: SHOW COLUMNS FROM `member` [ RunTime:0.0052s ]
SQL: SELECT count(id) AS `count` FROM `member` WHERE `id` = 12  [ RunTime:0.0003s ]
SQL: UPDATE `article_type` SET `article_type_name`='后端技术',`member_id`='41' WHERE `id` = 12 [ RunTime:0.0790s ]

[ 2016-09-26T11:45:50+08:00 ] ::1 /think_blog/index.php/Admin/ArticleType/index
INFO: [ app_init ] --START--
INFO: Run Behavior\BuildLiteBehavior [ RunTime:0.000046s ]
INFO: [ app_init ] --END-- [ RunTime:0.000836s ]
INFO: [ app_begin ] --START--
INFO: Run Behavior\ReadHtmlCacheBehavior [ RunTime:0.000987s ]
INFO: [ app_begin ] --END-- [ RunTime:0.001172s ]
NOTIC: [2048] Declaration of Admin\Model\ArticleTypeModel::index() should be compatible with Admin\Model\CommonModel::index($f = '') D:\wamp\www\think_blog\Application\Admin\Model\ArticleTypeModel.class.php 第 5 行.
SQL: SHOW COLUMNS FROM `article_type` [ RunTime:0.0056s ]
SQL: SELECT a.id AS `id`,a.article_type_name AS `article_type_name`,a.member_id AS `member_id`,m.member_name AS `member_name` FROM article_type a INNER JOIN member m ON a.member_id=m.id  LIMIT 0,10   [ RunTime:0.0003s ]
SQL: SELECT count(a.id) AS `count` FROM article_type a INNER JOIN member m ON a.member_id=m.id   [ RunTime:0.0002s ]

[ 2016-09-26T14:28:26+08:00 ] ::1 /think_blog/index.php/admin/
INFO: [ app_init ] --START--
INFO: Run Behavior\BuildLiteBehavior [ RunTime:0.000025s ]
INFO: [ app_init ] --END-- [ RunTime:0.000600s ]

[ 2016-09-26T14:28:26+08:00 ] ::1 /think_blog/index.php/admin/ArticleType/index
INFO: [ app_init ] --START--
INFO: Run Behavior\BuildLiteBehavior [ RunTime:0.000042s ]
INFO: [ app_init ] --END-- [ RunTime:0.000680s ]

[ 2016-09-26T14:28:28+08:00 ] ::1 /think_blog/index.php/Admin/Member/index
INFO: [ app_init ] --START--
INFO: Run Behavior\BuildLiteBehavior [ RunTime:0.000031s ]
INFO: [ app_init ] --END-- [ RunTime:0.000674s ]

[ 2016-09-26T14:28:30+08:00 ] ::1 /think_blog/index.php/Admin/Member/index
INFO: [ app_init ] --START--
INFO: Run Behavior\BuildLiteBehavior [ RunTime:0.000024s ]
INFO: [ app_init ] --END-- [ RunTime:0.000501s ]
INFO: [ app_begin ] --START--
INFO: Run Behavior\ReadHtmlCacheBehavior [ RunTime:0.000585s ]
INFO: [ app_begin ] --END-- [ RunTime:0.000689s ]
SQL: SHOW COLUMNS FROM `member` [ RunTime:0.0055s ]
SQL: SELECT * FROM `member` LIMIT 10,10   [ RunTime:0.0005s ]
SQL: SELECT count(id) AS `count` FROM `member`  [ RunTime:0.0002s ]

[ 2016-09-26T14:28:33+08:00 ] ::1 /think_blog/index.php/Admin/Member/index
INFO: [ app_init ] --START--
INFO: Run Behavior\BuildLiteBehavior [ RunTime:0.000022s ]
INFO: [ app_init ] --END-- [ RunTime:0.000528s ]
INFO: [ app_begin ] --START--
INFO: Run Behavior\ReadHtmlCacheBehavior [ RunTime:0.000661s ]
INFO: [ app_begin ] --END-- [ RunTime:0.000765s ]
SQL: SHOW COLUMNS FROM `member` [ RunTime:0.0037s ]
SQL: SELECT * FROM `member` LIMIT 20,10   [ RunTime:0.0003s ]
SQL: SELECT count(id) AS `count` FROM `member`  [ RunTime:0.0002s ]

[ 2016-09-26T14:28:44+08:00 ] ::1 /think_blog/index.php/Admin/Member/index
INFO: [ app_init ] --START--
INFO: Run Behavior\BuildLiteBehavior [ RunTime:0.000024s ]
INFO: [ app_init ] --END-- [ RunTime:0.000545s ]
INFO: [ app_begin ] --START--
INFO: Run Behavior\ReadHtmlCacheBehavior [ RunTime:0.000687s ]
INFO: [ app_begin ] --END-- [ RunTime:0.000792s ]
SQL: SHOW COLUMNS FROM `member` [ RunTime:0.0044s ]
SQL: SELECT * FROM `member` WHERE `member_name` LIKE '%username2%' LIMIT 0,10   [ RunTime:0.0463s ]
SQL: SELECT count(id) AS `count` FROM `member` WHERE `member_name` LIKE '%username2%'  [ RunTime:0.0259s ]

[ 2016-09-26T14:28:51+08:00 ] ::1 /think_blog/index.php/admin/
INFO: [ app_init ] --START--
INFO: Run Behavior\BuildLiteBehavior [ RunTime:0.000025s ]
INFO: [ app_init ] --END-- [ RunTime:0.000569s ]

[ 2016-09-26T14:28:51+08:00 ] ::1 /think_blog/index.php/admin/ArticleType/index
INFO: [ app_init ] --START--
INFO: Run Behavior\BuildLiteBehavior [ RunTime:0.000026s ]
INFO: [ app_init ] --END-- [ RunTime:0.000469s ]

[ 2016-09-26T14:36:34+08:00 ] ::1 /think_blog/index.php/admin/
INFO: [ app_init ] --START--
INFO: Run Behavior\BuildLiteBehavior [ RunTime:0.000028s ]
INFO: [ app_init ] --END-- [ RunTime:0.000845s ]

[ 2016-09-26T14:36:34+08:00 ] ::1 /think_blog/index.php/admin/ArticleType/index
INFO: [ app_init ] --START--
INFO: Run Behavior\BuildLiteBehavior [ RunTime:0.000041s ]
INFO: [ app_init ] --END-- [ RunTime:0.000716s ]

[ 2016-09-26T14:36:47+08:00 ] ::1 /think_blog/index.php/Admin/ArticleType/index
INFO: [ app_init ] --START--
INFO: Run Behavior\BuildLiteBehavior [ RunTime:0.000029s ]
INFO: [ app_init ] --END-- [ RunTime:0.000620s ]
INFO: [ app_begin ] --START--
INFO: Run Behavior\ReadHtmlCacheBehavior [ RunTime:0.000743s ]
INFO: [ app_begin ] --END-- [ RunTime:0.000854s ]
NOTIC: [2048] Declaration of Admin\Model\ArticleTypeModel::index() should be compatible with Admin\Model\CommonModel::index($f = '') D:\wamp\www\think_blog\Application\Admin\Model\ArticleTypeModel.class.php 第 5 行.
SQL: SHOW COLUMNS FROM `article_type` [ RunTime:0.0040s ]
SQL: SELECT a.id AS `id`,a.article_type_name AS `article_type_name`,a.member_id AS `member_id`,m.member_name AS `member_name` FROM article_type a INNER JOIN member m ON a.member_id=m.id  LIMIT 10,10   [ RunTime:0.0004s ]
SQL: SELECT count(a.id) AS `count` FROM article_type a INNER JOIN member m ON a.member_id=m.id   [ RunTime:0.0002s ]

[ 2016-09-26T14:36:52+08:00 ] ::1 /think_blog/index.php/Admin/ArticleType/index
INFO: [ app_init ] --START--
INFO: Run Behavior\BuildLiteBehavior [ RunTime:0.000030s ]
INFO: [ app_init ] --END-- [ RunTime:0.000559s ]
INFO: [ app_begin ] --START--
INFO: Run Behavior\ReadHtmlCacheBehavior [ RunTime:0.000711s ]
INFO: [ app_begin ] --END-- [ RunTime:0.000829s ]
NOTIC: [2048] Declaration of Admin\Model\ArticleTypeModel::index() should be compatible with Admin\Model\CommonModel::index($f = '') D:\wamp\www\think_blog\Application\Admin\Model\ArticleTypeModel.class.php 第 5 行.
SQL: SHOW COLUMNS FROM `article_type` [ RunTime:0.0056s ]
SQL: SELECT a.id AS `id`,a.article_type_name AS `article_type_name`,a.member_id AS `member_id`,m.member_name AS `member_name` FROM article_type a INNER JOIN member m ON a.member_id=m.id  LIMIT 0,10   [ RunTime:0.0004s ]
SQL: SELECT count(a.id) AS `count` FROM article_type a INNER JOIN member m ON a.member_id=m.id   [ RunTime:0.0002s ]

[ 2016-09-26T14:44:46+08:00 ] ::1 /think_blog/index.php/admin/
INFO: [ app_init ] --START--
INFO: Run Behavior\BuildLiteBehavior [ RunTime:0.000029s ]
INFO: [ app_init ] --END-- [ RunTime:0.000671s ]

[ 2016-09-26T14:44:46+08:00 ] ::1 /think_blog/index.php/admin/ArticleType/index
INFO: [ app_init ] --START--
INFO: Run Behavior\BuildLiteBehavior [ RunTime:0.000025s ]
INFO: [ app_init ] --END-- [ RunTime:0.000499s ]

[ 2016-09-26T14:44:48+08:00 ] ::1 /think_blog/index.php/Admin/Photo/index
INFO: [ app_init ] --START--
INFO: Run Behavior\BuildLiteBehavior [ RunTime:0.000029s ]
INFO: [ app_init ] --END-- [ RunTime:0.000624s ]

[ 2016-09-26T14:45:11+08:00 ] ::1 /think_blog/index.php/admin/
INFO: [ app_init ] --START--
INFO: Run Behavior\BuildLiteBehavior [ RunTime:0.000035s ]
INFO: [ app_init ] --END-- [ RunTime:0.000808s ]

[ 2016-09-26T14:45:11+08:00 ] ::1 /think_blog/index.php/admin/ArticleType/index
INFO: [ app_init ] --START--
INFO: Run Behavior\BuildLiteBehavior [ RunTime:0.000025s ]
INFO: [ app_init ] --END-- [ RunTime:0.000477s ]

[ 2016-09-26T14:51:31+08:00 ] ::1 /think_blog/index.php/admin/
INFO: [ app_init ] --START--
INFO: Run Behavior\BuildLiteBehavior [ RunTime:0.000026s ]
INFO: [ app_init ] --END-- [ RunTime:0.000618s ]

[ 2016-09-26T14:51:32+08:00 ] ::1 /think_blog/index.php/admin/Photo/index
INFO: [ app_init ] --START--
INFO: Run Behavior\BuildLiteBehavior [ RunTime:0.000026s ]
INFO: [ app_init ] --END-- [ RunTime:0.000485s ]

[ 2016-09-26T14:51:34+08:00 ] ::1 /think_blog/index.php/Admin/ArticleType/index
INFO: [ app_init ] --START--
INFO: Run Behavior\BuildLiteBehavior [ RunTime:0.000030s ]
INFO: [ app_init ] --END-- [ RunTime:0.000634s ]

[ 2016-09-26T14:51:36+08:00 ] ::1 /think_blog/index.php/Admin/ArticleType/index
INFO: [ app_init ] --START--
INFO: Run Behavior\BuildLiteBehavior [ RunTime:0.000024s ]
INFO: [ app_init ] --END-- [ RunTime:0.000494s ]
INFO: [ app_begin ] --START--
INFO: Run Behavior\ReadHtmlCacheBehavior [ RunTime:0.000426s ]
INFO: [ app_begin ] --END-- [ RunTime:0.000519s ]
NOTIC: [2048] Declaration of Admin\Model\ArticleTypeModel::index() should be compatible with Admin\Model\CommonModel::index($f = '') D:\wamp\www\think_blog\Application\Admin\Model\ArticleTypeModel.class.php 第 5 行.
SQL: SHOW COLUMNS FROM `article_type` [ RunTime:0.0040s ]
SQL: SELECT a.id AS `id`,a.article_type_name AS `article_type_name`,a.member_id AS `member_id`,m.member_name AS `member_name` FROM article_type a INNER JOIN member m ON a.member_id=m.id  LIMIT 10,10   [ RunTime:0.0003s ]
SQL: SELECT count(a.id) AS `count` FROM article_type a INNER JOIN member m ON a.member_id=m.id   [ RunTime:0.0002s ]

[ 2016-09-26T14:51:44+08:00 ] ::1 /think_blog/index.php/Admin/ArticleType/del
INFO: [ app_init ] --START--
INFO: Run Behavior\BuildLiteBehavior [ RunTime:0.000028s ]
INFO: [ app_init ] --END-- [ RunTime:0.000614s ]
INFO: [ app_begin ] --START--
INFO: Run Behavior\ReadHtmlCacheBehavior [ RunTime:0.000511s ]
INFO: [ app_begin ] --END-- [ RunTime:0.000614s ]
NOTIC: [2048] Declaration of Admin\Model\ArticleTypeModel::index() should be compatible with Admin\Model\CommonModel::index($f = '') D:\wamp\www\think_blog\Application\Admin\Model\ArticleTypeModel.class.php 第 5 行.
SQL: SHOW COLUMNS FROM `article_type` [ RunTime:0.0041s ]
SQL: DELETE FROM `article_type` WHERE `id` IN ('20') [ RunTime:0.0558s ]

[ 2016-09-26T14:51:46+08:00 ] ::1 /think_blog/index.php/Admin/ArticleType/index
INFO: [ app_init ] --START--
INFO: Run Behavior\BuildLiteBehavior [ RunTime:0.000083s ]
INFO: [ app_init ] --END-- [ RunTime:0.001210s ]
INFO: [ app_begin ] --START--
INFO: Run Behavior\ReadHtmlCacheBehavior [ RunTime:0.000538s ]
INFO: [ app_begin ] --END-- [ RunTime:0.000642s ]
NOTIC: [2048] Declaration of Admin\Model\ArticleTypeModel::index() should be compatible with Admin\Model\CommonModel::index($f = '') D:\wamp\www\think_blog\Application\Admin\Model\ArticleTypeModel.class.php 第 5 行.
SQL: SHOW COLUMNS FROM `article_type` [ RunTime:0.0045s ]
SQL: SELECT a.id AS `id`,a.article_type_name AS `article_type_name`,a.member_id AS `member_id`,m.member_name AS `member_name` FROM article_type a INNER JOIN member m ON a.member_id=m.id  LIMIT 0,10   [ RunTime:0.0004s ]
SQL: SELECT count(a.id) AS `count` FROM article_type a INNER JOIN member m ON a.member_id=m.id   [ RunTime:0.0002s ]

[ 2016-09-26T14:51:47+08:00 ] ::1 /think_blog/index.php/Admin/ArticleType/index
INFO: [ app_init ] --START--
INFO: Run Behavior\BuildLiteBehavior [ RunTime:0.000025s ]
INFO: [ app_init ] --END-- [ RunTime:0.000544s ]
INFO: [ app_begin ] --START--
INFO: Run Behavior\ReadHtmlCacheBehavior [ RunTime:0.000581s ]
INFO: [ app_begin ] --END-- [ RunTime:0.000695s ]
NOTIC: [2048] Declaration of Admin\Model\ArticleTypeModel::index() should be compatible with Admin\Model\CommonModel::index($f = '') D:\wamp\www\think_blog\Application\Admin\Model\ArticleTypeModel.class.php 第 5 行.
SQL: SHOW COLUMNS FROM `article_type` [ RunTime:0.0042s ]
SQL: SELECT a.id AS `id`,a.article_type_name AS `article_type_name`,a.member_id AS `member_id`,m.member_name AS `member_name` FROM article_type a INNER JOIN member m ON a.member_id=m.id  LIMIT 10,10   [ RunTime:0.0004s ]
SQL: SELECT count(a.id) AS `count` FROM article_type a INNER JOIN member m ON a.member_id=m.id   [ RunTime:0.0003s ]

[ 2016-09-26T14:56:55+08:00 ] ::1 /think_blog/index.php/admin/
INFO: [ app_init ] --START--
INFO: Run Behavior\BuildLiteBehavior [ RunTime:0.000029s ]
INFO: [ app_init ] --END-- [ RunTime:0.000637s ]

[ 2016-09-26T14:56:55+08:00 ] ::1 /think_blog/index.php/admin/Photo/index
INFO: [ app_init ] --START--
INFO: Run Behavior\BuildLiteBehavior [ RunTime:0.000025s ]
INFO: [ app_init ] --END-- [ RunTime:0.000480s ]

[ 2016-09-26T15:02:32+08:00 ] ::1 /think_blog/index.php/admin/
INFO: [ app_init ] --START--
INFO: Run Behavior\BuildLiteBehavior [ RunTime:0.000028s ]
INFO: [ app_init ] --END-- [ RunTime:0.000687s ]

[ 2016-09-26T15:02:32+08:00 ] ::1 /think_blog/index.php/admin/Photo/index
INFO: [ app_init ] --START--
INFO: Run Behavior\BuildLiteBehavior [ RunTime:0.000025s ]
INFO: [ app_init ] --END-- [ RunTime:0.000439s ]

[ 2016-09-26T15:08:44+08:00 ] ::1 /think_blog/index.php/admin/
INFO: [ app_init ] --START--
INFO: Run Behavior\BuildLiteBehavior [ RunTime:0.000031s ]
INFO: [ app_init ] --END-- [ RunTime:0.000515s ]

[ 2016-09-26T15:08:44+08:00 ] ::1 /think_blog/index.php/admin/Photo/index
INFO: [ app_init ] --START--
INFO: Run Behavior\BuildLiteBehavior [ RunTime:0.000039s ]
INFO: [ app_init ] --END-- [ RunTime:0.000606s ]

[ 2016-09-26T15:08:47+08:00 ] ::1 /think_blog/index.php/Admin/Photo/index
INFO: [ app_init ] --START--
INFO: Run Behavior\BuildLiteBehavior [ RunTime:0.000025s ]
INFO: [ app_init ] --END-- [ RunTime:0.000486s ]
INFO: [ app_begin ] --START--
INFO: Run Behavior\ReadHtmlCacheBehavior [ RunTime:0.000559s ]
INFO: [ app_begin ] --END-- [ RunTime:0.000670s ]
NOTIC: [2048] Declaration of Admin\Model\PhotoModel::index() should be compatible with Admin\Model\CommonModel::index($f = '') D:\wamp\www\think_blog\Application\Admin\Model\PhotoModel.class.php 第 6 行.
SQL: SHOW COLUMNS FROM `photo` [ RunTime:0.0042s ]
SQL: SELECT p.id AS `id`,p.photo_title AS `photo_title`,p.member_id AS `member_id`,m.member_name AS `member_name` FROM photo p INNER JOIN member m ON p.member_id=m.id  LIMIT 10,10   [ RunTime:0.0003s ]
SQL: SELECT count(p.id) AS `count` FROM photo p INNER JOIN member m ON p.member_id=m.id   [ RunTime:0.0002s ]

[ 2016-09-26T15:08:54+08:00 ] ::1 /think_blog/index.php/Admin/Photo/index
INFO: [ app_init ] --START--
INFO: Run Behavior\BuildLiteBehavior [ RunTime:0.000029s ]
INFO: [ app_init ] --END-- [ RunTime:0.000617s ]
INFO: [ app_begin ] --START--
INFO: Run Behavior\ReadHtmlCacheBehavior [ RunTime:0.000547s ]
INFO: [ app_begin ] --END-- [ RunTime:0.000649s ]
NOTIC: [2048] Declaration of Admin\Model\PhotoModel::index() should be compatible with Admin\Model\CommonModel::index($f = '') D:\wamp\www\think_blog\Application\Admin\Model\PhotoModel.class.php 第 6 行.
SQL: SHOW COLUMNS FROM `photo` [ RunTime:0.0046s ]
SQL: SELECT p.id AS `id`,p.photo_title AS `photo_title`,p.member_id AS `member_id`,m.member_name AS `member_name` FROM photo p INNER JOIN member m ON p.member_id=m.id  LIMIT 0,10   [ RunTime:0.0004s ]
SQL: SELECT count(p.id) AS `count` FROM photo p INNER JOIN member m ON p.member_id=m.id   [ RunTime:0.0003s ]

[ 2016-09-26T15:08:55+08:00 ] ::1 /think_blog/index.php/Admin/Photo/index
INFO: [ app_init ] --START--
INFO: Run Behavior\BuildLiteBehavior [ RunTime:0.000029s ]
INFO: [ app_init ] --END-- [ RunTime:0.000590s ]
INFO: [ app_begin ] --START--
INFO: Run Behavior\ReadHtmlCacheBehavior [ RunTime:0.000514s ]
INFO: [ app_begin ] --END-- [ RunTime:0.000618s ]
NOTIC: [2048] Declaration of Admin\Model\PhotoModel::index() should be compatible with Admin\Model\CommonModel::index($f = '') D:\wamp\www\think_blog\Application\Admin\Model\PhotoModel.class.php 第 6 行.
SQL: SHOW COLUMNS FROM `photo` [ RunTime:0.0039s ]
SQL: SELECT p.id AS `id`,p.photo_title AS `photo_title`,p.member_id AS `member_id`,m.member_name AS `member_name` FROM photo p INNER JOIN member m ON p.member_id=m.id  LIMIT 10,10   [ RunTime:0.0003s ]
SQL: SELECT count(p.id) AS `count` FROM photo p INNER JOIN member m ON p.member_id=m.id   [ RunTime:0.0003s ]

[ 2016-09-26T15:09:29+08:00 ] ::1 /think_blog/index.php/Admin/Photo/index
INFO: [ app_init ] --START--
INFO: Run Behavior\BuildLiteBehavior [ RunTime:0.000029s ]
INFO: [ app_init ] --END-- [ RunTime:0.000586s ]
INFO: [ app_begin ] --START--
INFO: Run Behavior\ReadHtmlCacheBehavior [ RunTime:0.000588s ]
INFO: [ app_begin ] --END-- [ RunTime:0.000719s ]
NOTIC: [2048] Declaration of Admin\Model\PhotoModel::index() should be compatible with Admin\Model\CommonModel::index($f = '') D:\wamp\www\think_blog\Application\Admin\Model\PhotoModel.class.php 第 6 行.
SQL: SHOW COLUMNS FROM `photo` [ RunTime:0.0040s ]
SQL: SELECT p.id AS `id`,p.photo_title AS `photo_title`,p.member_id AS `member_id`,m.member_name AS `member_name` FROM photo p INNER JOIN member m ON p.member_id=m.id  WHERE p.photo_title LIKE '%笑%' LIMIT 0,10   [ RunTime:0.0004s ]
SQL: SELECT count(p.id) AS `count` FROM photo p INNER JOIN member m ON p.member_id=m.id  WHERE p.photo_title LIKE '%笑%'  [ RunTime:0.0003s ]

[ 2016-09-26T15:09:38+08:00 ] ::1 /think_blog/index.php/Admin/Photo/index
INFO: [ app_init ] --START--
INFO: Run Behavior\BuildLiteBehavior [ RunTime:0.000028s ]
INFO: [ app_init ] --END-- [ RunTime:0.000634s ]
INFO: [ app_begin ] --START--
INFO: Run Behavior\ReadHtmlCacheBehavior [ RunTime:0.000608s ]
INFO: [ app_begin ] --END-- [ RunTime:0.000732s ]
NOTIC: [2048] Declaration of Admin\Model\PhotoModel::index() should be compatible with Admin\Model\CommonModel::index($f = '') D:\wamp\www\think_blog\Application\Admin\Model\PhotoModel.class.php 第 6 行.
SQL: SHOW COLUMNS FROM `photo` [ RunTime:0.0046s ]
SQL: SELECT p.id AS `id`,p.photo_title AS `photo_title`,p.member_id AS `member_id`,m.member_name AS `member_name` FROM photo p INNER JOIN member m ON p.member_id=m.id  WHERE p.member_id = '42' LIMIT 0,10   [ RunTime:0.0457s ]
SQL: SELECT count(p.id) AS `count` FROM photo p INNER JOIN member m ON p.member_id=m.id  WHERE p.member_id = '42'  [ RunTime:0.0003s ]

[ 2016-09-26T15:09:41+08:00 ] ::1 /think_blog/index.php/Admin/Photo/index
INFO: [ app_init ] --START--
INFO: Run Behavior\BuildLiteBehavior [ RunTime:0.000044s ]
INFO: [ app_init ] --END-- [ RunTime:0.000701s ]
INFO: [ app_begin ] --START--
INFO: Run Behavior\ReadHtmlCacheBehavior [ RunTime:0.000615s ]
INFO: [ app_begin ] --END-- [ RunTime:0.000780s ]
NOTIC: [2048] Declaration of Admin\Model\PhotoModel::index() should be compatible with Admin\Model\CommonModel::index($f = '') D:\wamp\www\think_blog\Application\Admin\Model\PhotoModel.class.php 第 6 行.
SQL: SHOW COLUMNS FROM `photo` [ RunTime:0.0045s ]
SQL: SELECT p.id AS `id`,p.photo_title AS `photo_title`,p.member_id AS `member_id`,m.member_name AS `member_name` FROM photo p INNER JOIN member m ON p.member_id=m.id  WHERE p.member_id = '41' LIMIT 0,10   [ RunTime:0.0004s ]
SQL: SELECT count(p.id) AS `count` FROM photo p INNER JOIN member m ON p.member_id=m.id  WHERE p.member_id = '41'  [ RunTime:0.0003s ]

[ 2016-09-26T15:09:49+08:00 ] ::1 /think_blog/index.php/Admin/Photo/index
INFO: [ app_init ] --START--
INFO: Run Behavior\BuildLiteBehavior [ RunTime:0.000026s ]
INFO: [ app_init ] --END-- [ RunTime:0.000505s ]
INFO: [ app_begin ] --START--
INFO: Run Behavior\ReadHtmlCacheBehavior [ RunTime:0.000988s ]
INFO: [ app_begin ] --END-- [ RunTime:0.001270s ]
NOTIC: [2048] Declaration of Admin\Model\PhotoModel::index() should be compatible with Admin\Model\CommonModel::index($f = '') D:\wamp\www\think_blog\Application\Admin\Model\PhotoModel.class.php 第 6 行.
SQL: SHOW COLUMNS FROM `photo` [ RunTime:0.0045s ]
SQL: SELECT p.id AS `id`,p.photo_title AS `photo_title`,p.member_id AS `member_id`,m.member_name AS `member_name` FROM photo p INNER JOIN member m ON p.member_id=m.id  WHERE m.member_name = 'username2' LIMIT 0,10   [ RunTime:0.0004s ]
SQL: SELECT count(p.id) AS `count` FROM photo p INNER JOIN member m ON p.member_id=m.id  WHERE m.member_name = 'username2'  [ RunTime:0.0003s ]

[ 2016-09-26T15:09:54+08:00 ] ::1 /think_blog/index.php/Admin/Photo/index
INFO: [ app_init ] --START--
INFO: Run Behavior\BuildLiteBehavior [ RunTime:0.000046s ]
INFO: [ app_init ] --END-- [ RunTime:0.000650s ]
INFO: [ app_begin ] --START--
INFO: Run Behavior\ReadHtmlCacheBehavior [ RunTime:0.000659s ]
INFO: [ app_begin ] --END-- [ RunTime:0.000823s ]
NOTIC: [2048] Declaration of Admin\Model\PhotoModel::index() should be compatible with Admin\Model\CommonModel::index($f = '') D:\wamp\www\think_blog\Application\Admin\Model\PhotoModel.class.php 第 6 行.
SQL: SHOW COLUMNS FROM `photo` [ RunTime:0.0050s ]
SQL: SELECT p.id AS `id`,p.photo_title AS `photo_title`,p.member_id AS `member_id`,m.member_name AS `member_name` FROM photo p INNER JOIN member m ON p.member_id=m.id  WHERE m.member_name = 'username7' LIMIT 0,10   [ RunTime:0.0007s ]
SQL: SELECT count(p.id) AS `count` FROM photo p INNER JOIN member m ON p.member_id=m.id  WHERE m.member_name = 'username7'  [ RunTime:0.0004s ]

[ 2016-09-26T15:10:00+08:00 ] ::1 /think_blog/index.php/Admin/Photo/index
INFO: [ app_init ] --START--
INFO: Run Behavior\BuildLiteBehavior [ RunTime:0.000042s ]
INFO: [ app_init ] --END-- [ RunTime:0.000589s ]
INFO: [ app_begin ] --START--
INFO: Run Behavior\ReadHtmlCacheBehavior [ RunTime:0.000481s ]
INFO: [ app_begin ] --END-- [ RunTime:0.000594s ]
NOTIC: [2048] Declaration of Admin\Model\PhotoModel::index() should be compatible with Admin\Model\CommonModel::index($f = '') D:\wamp\www\think_blog\Application\Admin\Model\PhotoModel.class.php 第 6 行.
SQL: SHOW COLUMNS FROM `photo` [ RunTime:0.0042s ]
SQL: SELECT p.id AS `id`,p.photo_title AS `photo_title`,p.member_id AS `member_id`,m.member_name AS `member_name` FROM photo p INNER JOIN member m ON p.member_id=m.id  WHERE p.id = '7' LIMIT 0,10   [ RunTime:0.0004s ]
SQL: SELECT count(p.id) AS `count` FROM photo p INNER JOIN member m ON p.member_id=m.id  WHERE p.id = '7'  [ RunTime:0.0002s ]

[ 2016-09-26T15:10:09+08:00 ] ::1 /think_blog/index.php/admin/
INFO: [ app_init ] --START--
INFO: Run Behavior\BuildLiteBehavior [ RunTime:0.000031s ]
INFO: [ app_init ] --END-- [ RunTime:0.000650s ]

[ 2016-09-26T15:10:09+08:00 ] ::1 /think_blog/index.php/admin/Photo/index
INFO: [ app_init ] --START--
INFO: Run Behavior\BuildLiteBehavior [ RunTime:0.000026s ]
INFO: [ app_init ] --END-- [ RunTime:0.000486s ]

[ 2016-09-26T16:47:30+08:00 ] ::1 /think_blog/index.php/admin/
INFO: [ app_init ] --START--
INFO: Run Behavior\BuildLiteBehavior [ RunTime:0.000024s ]
INFO: [ app_init ] --END-- [ RunTime:0.000605s ]

[ 2016-09-26T16:47:30+08:00 ] ::1 /think_blog/index.php/admin/Photo/index
INFO: [ app_init ] --START--
INFO: Run Behavior\BuildLiteBehavior [ RunTime:0.000043s ]
INFO: [ app_init ] --END-- [ RunTime:0.000658s ]

[ 2016-09-26T17:03:30+08:00 ] ::1 /think_blog/index.php/admin/
INFO: [ app_init ] --START--
INFO: Run Behavior\BuildLiteBehavior [ RunTime:0.000040s ]
INFO: [ app_init ] --END-- [ RunTime:0.000880s ]

[ 2016-09-26T17:03:30+08:00 ] ::1 /think_blog/index.php/admin/Photo/index
INFO: [ app_init ] --START--
INFO: Run Behavior\BuildLiteBehavior [ RunTime:0.000038s ]
INFO: [ app_init ] --END-- [ RunTime:0.000669s ]

[ 2016-09-26T17:03:33+08:00 ] ::1 /think_blog/index.php/Admin/Member/getMember
INFO: [ app_init ] --START--
INFO: Run Behavior\BuildLiteBehavior [ RunTime:0.000042s ]
INFO: [ app_init ] --END-- [ RunTime:0.000672s ]
INFO: [ app_begin ] --START--
INFO: Run Behavior\ReadHtmlCacheBehavior [ RunTime:0.000535s ]
INFO: [ app_begin ] --END-- [ RunTime:0.000643s ]
SQL: SHOW COLUMNS FROM `member` [ RunTime:0.0049s ]
SQL: SELECT `id`,`member_name` FROM `member`  [ RunTime:0.0004s ]

[ 2016-09-26T17:03:43+08:00 ] ::1 /think_blog/index.php/Admin/Photo/add
INFO: [ app_init ] --START--
INFO: Run Behavior\BuildLiteBehavior [ RunTime:0.000081s ]
INFO: [ app_init ] --END-- [ RunTime:0.001005s ]
INFO: [ app_begin ] --START--
INFO: Run Behavior\ReadHtmlCacheBehavior [ RunTime:0.000612s ]
INFO: [ app_begin ] --END-- [ RunTime:0.000742s ]
NOTIC: [2048] Declaration of Admin\Model\PhotoModel::index() should be compatible with Admin\Model\CommonModel::index($f = '') D:\wamp\www\think_blog\Application\Admin\Model\PhotoModel.class.php 第 6 行.
SQL: SHOW COLUMNS FROM `photo` [ RunTime:0.0054s ]
SQL: SHOW COLUMNS FROM `member` [ RunTime:0.0047s ]
SQL: SELECT count(id) AS `count` FROM `member` WHERE `id` = null  [ RunTime:0.0003s ]
SQL: INSERT INTO `photo` (`photo_title`,`member_id`) VALUES ('青春记忆','41') [ RunTime:0.0848s ]

[ 2016-09-26T17:03:44+08:00 ] ::1 /think_blog/index.php/Admin/Photo/index
INFO: [ app_init ] --START--
INFO: Run Behavior\BuildLiteBehavior [ RunTime:0.000052s ]
INFO: [ app_init ] --END-- [ RunTime:0.001274s ]
INFO: [ app_begin ] --START--
INFO: Run Behavior\ReadHtmlCacheBehavior [ RunTime:0.000937s ]
INFO: [ app_begin ] --END-- [ RunTime:0.001166s ]
NOTIC: [2048] Declaration of Admin\Model\PhotoModel::index() should be compatible with Admin\Model\CommonModel::index($f = '') D:\wamp\www\think_blog\Application\Admin\Model\PhotoModel.class.php 第 6 行.
SQL: SHOW COLUMNS FROM `photo` [ RunTime:0.0043s ]
SQL: SELECT p.id AS `id`,p.photo_title AS `photo_title`,p.member_id AS `member_id`,m.member_name AS `member_name` FROM photo p INNER JOIN member m ON p.member_id=m.id  LIMIT 0,10   [ RunTime:0.0003s ]
SQL: SELECT count(p.id) AS `count` FROM photo p INNER JOIN member m ON p.member_id=m.id   [ RunTime:0.0409s ]

[ 2016-09-26T17:03:46+08:00 ] ::1 /think_blog/index.php/Admin/Photo/index
INFO: [ app_init ] --START--
INFO: Run Behavior\BuildLiteBehavior [ RunTime:0.000038s ]
INFO: [ app_init ] --END-- [ RunTime:0.000629s ]
INFO: [ app_begin ] --START--
INFO: Run Behavior\ReadHtmlCacheBehavior [ RunTime:0.000484s ]
INFO: [ app_begin ] --END-- [ RunTime:0.000642s ]
NOTIC: [2048] Declaration of Admin\Model\PhotoModel::index() should be compatible with Admin\Model\CommonModel::index($f = '') D:\wamp\www\think_blog\Application\Admin\Model\PhotoModel.class.php 第 6 行.
SQL: SHOW COLUMNS FROM `photo` [ RunTime:0.0038s ]
SQL: SELECT p.id AS `id`,p.photo_title AS `photo_title`,p.member_id AS `member_id`,m.member_name AS `member_name` FROM photo p INNER JOIN member m ON p.member_id=m.id  LIMIT 10,10   [ RunTime:0.0003s ]
SQL: SELECT count(p.id) AS `count` FROM photo p INNER JOIN member m ON p.member_id=m.id   [ RunTime:0.0002s ]

[ 2016-09-26T17:20:38+08:00 ] ::1 /think_blog/index.php/admin/
INFO: [ app_init ] --START--
INFO: Run Behavior\BuildLiteBehavior [ RunTime:0.000024s ]
INFO: [ app_init ] --END-- [ RunTime:0.000481s ]

[ 2016-09-26T17:20:38+08:00 ] ::1 /think_blog/index.php/admin/Photo/index
INFO: [ app_init ] --START--
INFO: Run Behavior\BuildLiteBehavior [ RunTime:0.000026s ]
INFO: [ app_init ] --END-- [ RunTime:0.000519s ]

[ 2016-09-26T17:20:45+08:00 ] ::1 /think_blog/index.php/Admin/Photo/del
INFO: [ app_init ] --START--
INFO: Run Behavior\BuildLiteBehavior [ RunTime:0.000023s ]
INFO: [ app_init ] --END-- [ RunTime:0.000559s ]
INFO: [ app_begin ] --START--
INFO: Run Behavior\ReadHtmlCacheBehavior [ RunTime:0.000709s ]
INFO: [ app_begin ] --END-- [ RunTime:0.000850s ]
ERR: 1146:La table 'think_blog.common' n'existe pas
 [ SQL语句 ] : SHOW COLUMNS FROM `common`
ERR: 1146:La table 'think_blog.common' n'existe pas
 [ SQL语句 ] : SHOW COLUMNS FROM `common`

[ 2016-09-26T17:20:45+08:00 ] ::1 /think_blog/index.php/Admin/Photo/index
INFO: [ app_init ] --START--
INFO: Run Behavior\BuildLiteBehavior [ RunTime:0.000030s ]
INFO: [ app_init ] --END-- [ RunTime:0.000579s ]
INFO: [ app_begin ] --START--
INFO: Run Behavior\ReadHtmlCacheBehavior [ RunTime:0.000597s ]
INFO: [ app_begin ] --END-- [ RunTime:0.000699s ]
NOTIC: [2048] Declaration of Admin\Model\PhotoModel::index() should be compatible with Admin\Model\CommonModel::index($f = '') D:\wamp\www\think_blog\Application\Admin\Model\PhotoModel.class.php 第 6 行.
SQL: SHOW COLUMNS FROM `photo` [ RunTime:0.0062s ]
SQL: SELECT p.id AS `id`,p.photo_title AS `photo_title`,p.member_id AS `member_id`,m.member_name AS `member_name` FROM photo p INNER JOIN member m ON p.member_id=m.id  LIMIT 0,10   [ RunTime:0.0006s ]
SQL: SELECT count(p.id) AS `count` FROM photo p INNER JOIN member m ON p.member_id=m.id   [ RunTime:0.0006s ]

[ 2016-09-26T17:20:48+08:00 ] ::1 /think_blog/index.php/Admin/Photo/index
INFO: [ app_init ] --START--
INFO: Run Behavior\BuildLiteBehavior [ RunTime:0.000025s ]
INFO: [ app_init ] --END-- [ RunTime:0.000524s ]
INFO: [ app_begin ] --START--
INFO: Run Behavior\ReadHtmlCacheBehavior [ RunTime:0.000657s ]
INFO: [ app_begin ] --END-- [ RunTime:0.000760s ]
NOTIC: [2048] Declaration of Admin\Model\PhotoModel::index() should be compatible with Admin\Model\CommonModel::index($f = '') D:\wamp\www\think_blog\Application\Admin\Model\PhotoModel.class.php 第 6 行.
SQL: SHOW COLUMNS FROM `photo` [ RunTime:0.0051s ]
SQL: SELECT p.id AS `id`,p.photo_title AS `photo_title`,p.member_id AS `member_id`,m.member_name AS `member_name` FROM photo p INNER JOIN member m ON p.member_id=m.id  LIMIT 10,10   [ RunTime:0.0004s ]
SQL: SELECT count(p.id) AS `count` FROM photo p INNER JOIN member m ON p.member_id=m.id   [ RunTime:0.0003s ]

[ 2016-09-26T17:20:51+08:00 ] ::1 /think_blog/index.php/Admin/Photo/index
INFO: [ app_init ] --START--
INFO: Run Behavior\BuildLiteBehavior [ RunTime:0.000025s ]
INFO: [ app_init ] --END-- [ RunTime:0.000513s ]
INFO: [ app_begin ] --START--
INFO: Run Behavior\ReadHtmlCacheBehavior [ RunTime:0.000653s ]
INFO: [ app_begin ] --END-- [ RunTime:0.000754s ]
NOTIC: [2048] Declaration of Admin\Model\PhotoModel::index() should be compatible with Admin\Model\CommonModel::index($f = '') D:\wamp\www\think_blog\Application\Admin\Model\PhotoModel.class.php 第 6 行.
SQL: SHOW COLUMNS FROM `photo` [ RunTime:0.0053s ]
SQL: SELECT p.id AS `id`,p.photo_title AS `photo_title`,p.member_id AS `member_id`,m.member_name AS `member_name` FROM photo p INNER JOIN member m ON p.member_id=m.id  LIMIT 0,10   [ RunTime:0.0004s ]
SQL: SELECT count(p.id) AS `count` FROM photo p INNER JOIN member m ON p.member_id=m.id   [ RunTime:0.0003s ]

[ 2016-09-26T17:20:57+08:00 ] ::1 /think_blog/index.php/admin/
INFO: [ app_init ] --START--
INFO: Run Behavior\BuildLiteBehavior [ RunTime:0.000025s ]
INFO: [ app_init ] --END-- [ RunTime:0.000476s ]

[ 2016-09-26T17:20:57+08:00 ] ::1 /think_blog/index.php/admin/Photo/index
INFO: [ app_init ] --START--
INFO: Run Behavior\BuildLiteBehavior [ RunTime:0.000025s ]
INFO: [ app_init ] --END-- [ RunTime:0.000436s ]

[ 2016-09-26T17:26:50+08:00 ] ::1 /think_blog/index.php/admin/
INFO: [ app_init ] --START--
INFO: Run Behavior\BuildLiteBehavior [ RunTime:0.000025s ]
INFO: [ app_init ] --END-- [ RunTime:0.000498s ]

[ 2016-09-26T17:26:50+08:00 ] ::1 /think_blog/index.php/admin/Photo/index
INFO: [ app_init ] --START--
INFO: Run Behavior\BuildLiteBehavior [ RunTime:0.000026s ]
INFO: [ app_init ] --END-- [ RunTime:0.000448s ]

[ 2016-09-26T17:26:54+08:00 ] ::1 /think_blog/index.php/Admin/Photo/del
INFO: [ app_init ] --START--
INFO: Run Behavior\BuildLiteBehavior [ RunTime:0.000050s ]
INFO: [ app_init ] --END-- [ RunTime:0.001304s ]
INFO: [ app_begin ] --START--
INFO: Run Behavior\ReadHtmlCacheBehavior [ RunTime:0.000659s ]
INFO: [ app_begin ] --END-- [ RunTime:0.000788s ]
ERR: 1146:La table 'think_blog.common' n'existe pas
 [ SQL语句 ] : SHOW COLUMNS FROM `common`
ERR: 1146:La table 'think_blog.common' n'existe pas
 [ SQL语句 ] : SHOW COLUMNS FROM `common`

[ 2016-09-26T17:26:54+08:00 ] ::1 /think_blog/index.php/Admin/Photo/index
INFO: [ app_init ] --START--
INFO: Run Behavior\BuildLiteBehavior [ RunTime:0.000035s ]
INFO: [ app_init ] --END-- [ RunTime:0.001896s ]
INFO: [ app_begin ] --START--
INFO: Run Behavior\ReadHtmlCacheBehavior [ RunTime:0.000794s ]
INFO: [ app_begin ] --END-- [ RunTime:0.000990s ]
NOTIC: [2048] Declaration of Admin\Model\PhotoModel::index() should be compatible with Admin\Model\CommonModel::index($f = '') D:\wamp\www\think_blog\Application\Admin\Model\PhotoModel.class.php 第 6 行.
SQL: SHOW COLUMNS FROM `photo` [ RunTime:0.0039s ]
SQL: SELECT p.id AS `id`,p.photo_title AS `photo_title`,p.member_id AS `member_id`,m.member_name AS `member_name` FROM photo p INNER JOIN member m ON p.member_id=m.id  LIMIT 0,10   [ RunTime:0.0003s ]
SQL: SELECT count(p.id) AS `count` FROM photo p INNER JOIN member m ON p.member_id=m.id   [ RunTime:0.0002s ]

[ 2016-09-26T17:29:10+08:00 ] ::1 /think_blog/index.php/admin/
INFO: [ app_init ] --START--
INFO: Run Behavior\BuildLiteBehavior [ RunTime:0.000034s ]
INFO: [ app_init ] --END-- [ RunTime:0.000563s ]

[ 2016-09-26T17:29:10+08:00 ] ::1 /think_blog/index.php/admin/Photo/index
INFO: [ app_init ] --START--
INFO: Run Behavior\BuildLiteBehavior [ RunTime:0.000025s ]
INFO: [ app_init ] --END-- [ RunTime:0.000487s ]

[ 2016-09-26T17:29:14+08:00 ] ::1 /think_blog/index.php/Admin/Photo/del
INFO: [ app_init ] --START--
INFO: Run Behavior\BuildLiteBehavior [ RunTime:0.000050s ]
INFO: [ app_init ] --END-- [ RunTime:0.000847s ]
INFO: [ app_begin ] --START--
INFO: Run Behavior\ReadHtmlCacheBehavior [ RunTime:0.000695s ]
INFO: [ app_begin ] --END-- [ RunTime:0.000835s ]
ERR: 1146:La table 'think_blog.common' n'existe pas
 [ SQL语句 ] : SHOW COLUMNS FROM `common`
ERR: 1146:La table 'think_blog.common' n'existe pas
 [ SQL语句 ] : SHOW COLUMNS FROM `common`

[ 2016-09-26T17:29:14+08:00 ] ::1 /think_blog/index.php/Admin/Photo/index
INFO: [ app_init ] --START--
INFO: Run Behavior\BuildLiteBehavior [ RunTime:0.000038s ]
INFO: [ app_init ] --END-- [ RunTime:0.000561s ]
INFO: [ app_begin ] --START--
INFO: Run Behavior\ReadHtmlCacheBehavior [ RunTime:0.000599s ]
INFO: [ app_begin ] --END-- [ RunTime:0.000712s ]
NOTIC: [2048] Declaration of Admin\Model\PhotoModel::index() should be compatible with Admin\Model\CommonModel::index($f = '') D:\wamp\www\think_blog\Application\Admin\Model\PhotoModel.class.php 第 6 行.
SQL: SHOW COLUMNS FROM `photo` [ RunTime:0.0048s ]
SQL: SELECT p.id AS `id`,p.photo_title AS `photo_title`,p.member_id AS `member_id`,m.member_name AS `member_name` FROM photo p INNER JOIN member m ON p.member_id=m.id  LIMIT 0,10   [ RunTime:0.0004s ]
SQL: SELECT count(p.id) AS `count` FROM photo p INNER JOIN member m ON p.member_id=m.id   [ RunTime:0.0003s ]

[ 2016-09-26T17:34:42+08:00 ] ::1 /think_blog/index.php/admin/
INFO: [ app_init ] --START--
INFO: Run Behavior\BuildLiteBehavior [ RunTime:0.000025s ]
INFO: [ app_init ] --END-- [ RunTime:0.000490s ]

[ 2016-09-26T17:34:42+08:00 ] ::1 /think_blog/index.php/admin/Photo/index
INFO: [ app_init ] --START--
INFO: Run Behavior\BuildLiteBehavior [ RunTime:0.000025s ]
INFO: [ app_init ] --END-- [ RunTime:0.000469s ]

[ 2016-09-26T17:34:46+08:00 ] ::1 /think_blog/index.php/Admin/Photo/del
INFO: [ app_init ] --START--
INFO: Run Behavior\BuildLiteBehavior [ RunTime:0.000026s ]
INFO: [ app_init ] --END-- [ RunTime:0.000516s ]
INFO: [ app_begin ] --START--
INFO: Run Behavior\ReadHtmlCacheBehavior [ RunTime:0.000869s ]
INFO: [ app_begin ] --END-- [ RunTime:0.001061s ]
ERR: 1146:La table 'think_blog.common' n'existe pas
 [ SQL语句 ] : SHOW COLUMNS FROM `common`
ERR: 1146:La table 'think_blog.common' n'existe pas
 [ SQL语句 ] : SHOW COLUMNS FROM `common`

[ 2016-09-26T17:34:46+08:00 ] ::1 /think_blog/index.php/Admin/Photo/index
INFO: [ app_init ] --START--
INFO: Run Behavior\BuildLiteBehavior [ RunTime:0.000069s ]
INFO: [ app_init ] --END-- [ RunTime:0.000993s ]
INFO: [ app_begin ] --START--
INFO: Run Behavior\ReadHtmlCacheBehavior [ RunTime:0.001700s ]
INFO: [ app_begin ] --END-- [ RunTime:0.001920s ]
NOTIC: [2048] Declaration of Admin\Model\PhotoModel::index() should be compatible with Admin\Model\CommonModel::index($f = '') D:\wamp\www\think_blog\Application\Admin\Model\PhotoModel.class.php 第 6 行.
SQL: SHOW COLUMNS FROM `photo` [ RunTime:0.0073s ]
SQL: SELECT p.id AS `id`,p.photo_title AS `photo_title`,p.member_id AS `member_id`,m.member_name AS `member_name` FROM photo p INNER JOIN member m ON p.member_id=m.id  LIMIT 0,10   [ RunTime:0.0009s ]
SQL: SELECT count(p.id) AS `count` FROM photo p INNER JOIN member m ON p.member_id=m.id   [ RunTime:0.0002s ]

