[ 2016-11-19T22:48:26+08:00 ] ::1 /think_blog/Admin/Article/index
INFO: [ app_begin ] --START--
INFO: Run Behavior\ReadHtmlCacheBehavior [ RunTime:0.000584s ]
INFO: [ app_begin ] --END-- [ RunTime:0.002287s ]
SQL: SHOW COLUMNS FROM `article` [ RunTime:0.0075s ]
SQL: SELECT a.id AS `id`,a.title AS `title`,a.content AS `content`,m.member_name AS `member_name`,at.article_type_name AS `article_type_name`,a.hitnum AS `hitnum`,a.create_time AS `create_time` FROM article a INNER JOIN member m ON a.member_id=m.id INNER JOIN article_type at ON a.article_type_id=at.id  LIMIT 10,10   [ RunTime:0.0013s ]
SQL: SELECT COUNT(a.id) AS `count` FROM article a INNER JOIN member m ON a.member_id=m.id INNER JOIN article_type at ON a.article_type_id=at.id   [ RunTime:0.0004s ]

[ 2016-11-19T22:48:27+08:00 ] ::1 /think_blog/Admin/Article/index
INFO: [ app_begin ] --START--
INFO: Run Behavior\ReadHtmlCacheBehavior [ RunTime:0.000444s ]
INFO: [ app_begin ] --END-- [ RunTime:0.000861s ]
SQL: SHOW COLUMNS FROM `article` [ RunTime:0.0058s ]
SQL: SELECT a.id AS `id`,a.title AS `title`,a.content AS `content`,m.member_name AS `member_name`,at.article_type_name AS `article_type_name`,a.hitnum AS `hitnum`,a.create_time AS `create_time` FROM article a INNER JOIN member m ON a.member_id=m.id INNER JOIN article_type at ON a.article_type_id=at.id  LIMIT 0,10   [ RunTime:0.0007s ]
SQL: SELECT COUNT(a.id) AS `count` FROM article a INNER JOIN member m ON a.member_id=m.id INNER JOIN article_type at ON a.article_type_id=at.id   [ RunTime:0.0005s ]

[ 2016-11-19T22:48:37+08:00 ] ::1 /think_blog/Admin/Article/index
INFO: [ app_begin ] --START--
INFO: Run Behavior\ReadHtmlCacheBehavior [ RunTime:0.000451s ]
INFO: [ app_begin ] --END-- [ RunTime:0.000824s ]
SQL: SHOW COLUMNS FROM `article` [ RunTime:0.0043s ]
SQL: SELECT a.id AS `id`,a.title AS `title`,a.content AS `content`,m.member_name AS `member_name`,at.article_type_name AS `article_type_name`,a.hitnum AS `hitnum`,a.create_time AS `create_time` FROM article a INNER JOIN member m ON a.member_id=m.id INNER JOIN article_type at ON a.article_type_id=at.id  LIMIT 10,10   [ RunTime:0.0005s ]
SQL: SELECT COUNT(a.id) AS `count` FROM article a INNER JOIN member m ON a.member_id=m.id INNER JOIN article_type at ON a.article_type_id=at.id   [ RunTime:0.0003s ]

[ 2016-11-19T22:48:39+08:00 ] ::1 /think_blog/Admin/Member/getMember
INFO: [ app_begin ] --START--
INFO: Run Behavior\ReadHtmlCacheBehavior [ RunTime:0.000438s ]
INFO: [ app_begin ] --END-- [ RunTime:0.000808s ]
SQL: SHOW COLUMNS FROM `member` [ RunTime:0.0132s ]
SQL: SELECT `id`,`member_name` FROM `member`  [ RunTime:0.0009s ]

[ 2016-11-19T22:48:39+08:00 ] ::1 /think_blog/Admin/Article/info
INFO: [ app_begin ] --START--
INFO: Run Behavior\ReadHtmlCacheBehavior [ RunTime:0.000393s ]
INFO: [ app_begin ] --END-- [ RunTime:0.000858s ]
SQL: SHOW COLUMNS FROM `article` [ RunTime:0.0041s ]
SQL: SELECT * FROM `article` WHERE `id` = '16'  [ RunTime:0.0003s ]

[ 2016-11-19T22:48:39+08:00 ] ::1 /think_blog/Admin/ArticleType/getArticleType
INFO: [ app_begin ] --START--
INFO: Run Behavior\ReadHtmlCacheBehavior [ RunTime:0.000376s ]
INFO: [ app_begin ] --END-- [ RunTime:0.000686s ]
SQL: SHOW COLUMNS FROM `article_type` [ RunTime:0.0067s ]
SQL: SELECT `id`,`article_type_name` FROM `article_type` WHERE `member_id` = 29  [ RunTime:0.0004s ]

[ 2016-11-19T22:48:40+08:00 ] ::1 /think_blog/Admin/ArticleType/getArticleType
INFO: [ app_begin ] --START--
INFO: Run Behavior\ReadHtmlCacheBehavior [ RunTime:0.000514s ]
INFO: [ app_begin ] --END-- [ RunTime:0.000978s ]
SQL: SHOW COLUMNS FROM `article_type` [ RunTime:0.0044s ]
SQL: SELECT `id`,`article_type_name` FROM `article_type` WHERE `member_id` = 29  [ RunTime:0.0003s ]

[ 2016-11-19T22:48:40+08:00 ] ::1 /think_blog/Admin/ArticleType/getArticleType
INFO: [ app_begin ] --START--
INFO: Run Behavior\ReadHtmlCacheBehavior [ RunTime:0.000379s ]
INFO: [ app_begin ] --END-- [ RunTime:0.000681s ]
SQL: SHOW COLUMNS FROM `article_type` [ RunTime:0.0037s ]
SQL: SELECT `id`,`article_type_name` FROM `article_type` WHERE `member_id` = 29  [ RunTime:0.0003s ]

[ 2016-11-19T22:48:40+08:00 ] ::1 /think_blog/Admin/ArticleType/getArticleType
INFO: [ app_begin ] --START--
INFO: Run Behavior\ReadHtmlCacheBehavior [ RunTime:0.000382s ]
INFO: [ app_begin ] --END-- [ RunTime:0.000695s ]
SQL: SHOW COLUMNS FROM `article_type` [ RunTime:0.0035s ]
SQL: SELECT `id`,`article_type_name` FROM `article_type` WHERE `member_id` = 29  [ RunTime:0.0003s ]

[ 2016-11-19T22:48:40+08:00 ] ::1 /think_blog/Admin/ArticleType/getArticleType
INFO: [ app_begin ] --START--
INFO: Run Behavior\ReadHtmlCacheBehavior [ RunTime:0.000383s ]
INFO: [ app_begin ] --END-- [ RunTime:0.000705s ]
SQL: SHOW COLUMNS FROM `article_type` [ RunTime:0.0041s ]
SQL: SELECT `id`,`article_type_name` FROM `article_type` WHERE `member_id` = 29  [ RunTime:0.0003s ]

[ 2016-11-19T22:48:40+08:00 ] ::1 /think_blog/Admin/ArticleType/getArticleType
INFO: [ app_begin ] --START--
INFO: Run Behavior\ReadHtmlCacheBehavior [ RunTime:0.000543s ]
INFO: [ app_begin ] --END-- [ RunTime:0.000951s ]
SQL: SHOW COLUMNS FROM `article_type` [ RunTime:0.0037s ]
SQL: SELECT `id`,`article_type_name` FROM `article_type` WHERE `member_id` = 29  [ RunTime:0.0002s ]

[ 2016-11-19T22:48:40+08:00 ] ::1 /think_blog/Admin/ArticleType/getArticleType
INFO: [ app_begin ] --START--
INFO: Run Behavior\ReadHtmlCacheBehavior [ RunTime:0.000390s ]
INFO: [ app_begin ] --END-- [ RunTime:0.000728s ]
SQL: SHOW COLUMNS FROM `article_type` [ RunTime:0.0038s ]
SQL: SELECT `id`,`article_type_name` FROM `article_type` WHERE `member_id` = 29  [ RunTime:0.0003s ]

[ 2016-11-19T22:48:45+08:00 ] ::1 /think_blog/Admin/Article/index
INFO: [ app_begin ] --START--
INFO: Run Behavior\ReadHtmlCacheBehavior [ RunTime:0.000445s ]
INFO: [ app_begin ] --END-- [ RunTime:0.000820s ]
SQL: SHOW COLUMNS FROM `article` [ RunTime:0.0042s ]
SQL: SELECT a.id AS `id`,a.title AS `title`,a.content AS `content`,m.member_name AS `member_name`,at.article_type_name AS `article_type_name`,a.hitnum AS `hitnum`,a.create_time AS `create_time` FROM article a INNER JOIN member m ON a.member_id=m.id INNER JOIN article_type at ON a.article_type_id=at.id  LIMIT 0,10   [ RunTime:0.0004s ]
SQL: SELECT COUNT(a.id) AS `count` FROM article a INNER JOIN member m ON a.member_id=m.id INNER JOIN article_type at ON a.article_type_id=at.id   [ RunTime:0.0003s ]

[ 2016-11-19T22:48:57+08:00 ] ::1 /think_blog/Admin/Article/index
INFO: [ app_begin ] --START--
INFO: Run Behavior\ReadHtmlCacheBehavior [ RunTime:0.001326s ]
INFO: [ app_begin ] --END-- [ RunTime:0.002470s ]
SQL: SHOW COLUMNS FROM `article` [ RunTime:0.0059s ]
SQL: SELECT a.id AS `id`,a.title AS `title`,a.content AS `content`,m.member_name AS `member_name`,at.article_type_name AS `article_type_name`,a.hitnum AS `hitnum`,a.create_time AS `create_time` FROM article a INNER JOIN member m ON a.member_id=m.id INNER JOIN article_type at ON a.article_type_id=at.id  LIMIT 10,10   [ RunTime:0.0005s ]
SQL: SELECT COUNT(a.id) AS `count` FROM article a INNER JOIN member m ON a.member_id=m.id INNER JOIN article_type at ON a.article_type_id=at.id   [ RunTime:0.0003s ]

[ 2016-11-19T22:48:58+08:00 ] ::1 /think_blog/Admin/Member/getMember
INFO: [ app_begin ] --START--
INFO: Run Behavior\ReadHtmlCacheBehavior [ RunTime:0.000442s ]
INFO: [ app_begin ] --END-- [ RunTime:0.000822s ]
SQL: SHOW COLUMNS FROM `member` [ RunTime:0.0047s ]
SQL: SELECT `id`,`member_name` FROM `member`  [ RunTime:0.0003s ]

[ 2016-11-19T22:48:58+08:00 ] ::1 /think_blog/Admin/Article/info
INFO: [ app_begin ] --START--
INFO: Run Behavior\ReadHtmlCacheBehavior [ RunTime:0.000384s ]
INFO: [ app_begin ] --END-- [ RunTime:0.000701s ]
SQL: SHOW COLUMNS FROM `article` [ RunTime:0.0038s ]
SQL: SELECT * FROM `article` WHERE `id` = '17'  [ RunTime:0.0003s ]

[ 2016-11-19T22:48:58+08:00 ] ::1 /think_blog/Admin/ArticleType/getArticleType
INFO: [ app_begin ] --START--
INFO: Run Behavior\ReadHtmlCacheBehavior [ RunTime:0.000468s ]
INFO: [ app_begin ] --END-- [ RunTime:0.000798s ]
SQL: SHOW COLUMNS FROM `article_type` [ RunTime:0.0037s ]
SQL: SELECT `id`,`article_type_name` FROM `article_type` WHERE `member_id` = 43  [ RunTime:0.0002s ]

[ 2016-11-19T22:48:58+08:00 ] ::1 /think_blog/Admin/ArticleType/getArticleType
INFO: [ app_begin ] --START--
INFO: Run Behavior\ReadHtmlCacheBehavior [ RunTime:0.000379s ]
INFO: [ app_begin ] --END-- [ RunTime:0.000691s ]
SQL: SHOW COLUMNS FROM `article_type` [ RunTime:0.0039s ]
SQL: SELECT `id`,`article_type_name` FROM `article_type` WHERE `member_id` = 43  [ RunTime:0.0003s ]

[ 2016-11-19T22:48:58+08:00 ] ::1 /think_blog/Admin/ArticleType/getArticleType
INFO: [ app_begin ] --START--
INFO: Run Behavior\ReadHtmlCacheBehavior [ RunTime:0.000401s ]
INFO: [ app_begin ] --END-- [ RunTime:0.000702s ]
SQL: SHOW COLUMNS FROM `article_type` [ RunTime:0.0038s ]
SQL: SELECT `id`,`article_type_name` FROM `article_type` WHERE `member_id` = 43  [ RunTime:0.0003s ]

[ 2016-11-19T22:48:58+08:00 ] ::1 /think_blog/Admin/ArticleType/getArticleType
INFO: [ app_begin ] --START--
INFO: Run Behavior\ReadHtmlCacheBehavior [ RunTime:0.000388s ]
INFO: [ app_begin ] --END-- [ RunTime:0.000692s ]
SQL: SHOW COLUMNS FROM `article_type` [ RunTime:0.0038s ]
SQL: SELECT `id`,`article_type_name` FROM `article_type` WHERE `member_id` = 43  [ RunTime:0.0002s ]

[ 2016-11-19T22:48:58+08:00 ] ::1 /think_blog/Admin/ArticleType/getArticleType
INFO: [ app_begin ] --START--
INFO: Run Behavior\ReadHtmlCacheBehavior [ RunTime:0.000382s ]
INFO: [ app_begin ] --END-- [ RunTime:0.000703s ]
SQL: SHOW COLUMNS FROM `article_type` [ RunTime:0.0463s ]
SQL: SELECT `id`,`article_type_name` FROM `article_type` WHERE `member_id` = 43  [ RunTime:0.0004s ]

[ 2016-11-19T22:48:58+08:00 ] ::1 /think_blog/Admin/ArticleType/getArticleType
INFO: [ app_begin ] --START--
INFO: Run Behavior\ReadHtmlCacheBehavior [ RunTime:0.000578s ]
INFO: [ app_begin ] --END-- [ RunTime:0.001080s ]
SQL: SHOW COLUMNS FROM `article_type` [ RunTime:0.0043s ]
SQL: SELECT `id`,`article_type_name` FROM `article_type` WHERE `member_id` = 43  [ RunTime:0.0003s ]

[ 2016-11-19T22:48:58+08:00 ] ::1 /think_blog/Admin/ArticleType/getArticleType
INFO: [ app_begin ] --START--
INFO: Run Behavior\ReadHtmlCacheBehavior [ RunTime:0.000516s ]
INFO: [ app_begin ] --END-- [ RunTime:0.000974s ]
SQL: SHOW COLUMNS FROM `article_type` [ RunTime:0.0036s ]
SQL: SELECT `id`,`article_type_name` FROM `article_type` WHERE `member_id` = 43  [ RunTime:0.0002s ]

