[ 2016-11-03T09:54:33+08:00 ] ::1 /think_blog/Admin/admin/login.html
INFO: [ app_init ] --START--
INFO: Run Behavior\BuildLiteBehavior [ RunTime:0.000054s ]
INFO: [ app_init ] --END-- [ RunTime:0.025727s ]

[ 2016-11-03T09:54:34+08:00 ] ::1 /think_blog/Admin/Admin/getVerify.html
INFO: [ app_init ] --START--
INFO: Run Behavior\BuildLiteBehavior [ RunTime:0.000042s ]
INFO: [ app_init ] --END-- [ RunTime:0.000867s ]

[ 2016-11-03T09:55:14+08:00 ] ::1 /think_blog/Admin/Admin/getVerify.html
INFO: [ app_init ] --START--
INFO: Run Behavior\BuildLiteBehavior [ RunTime:0.000050s ]
INFO: [ app_init ] --END-- [ RunTime:0.016334s ]

[ 2016-11-03T09:55:20+08:00 ] ::1 /think_blog/Admin/Admin/login.html
INFO: [ app_init ] --START--
INFO: Run Behavior\BuildLiteBehavior [ RunTime:0.000028s ]
INFO: [ app_init ] --END-- [ RunTime:0.000545s ]

[ 2016-11-03T09:55:20+08:00 ] ::1 /think_blog/Admin/Admin/getVerify.html
INFO: [ app_init ] --START--
INFO: Run Behavior\BuildLiteBehavior [ RunTime:0.000028s ]
INFO: [ app_init ] --END-- [ RunTime:0.000504s ]

[ 2016-11-03T09:55:40+08:00 ] ::1 /think_blog/Admin/Admin/login.html
INFO: [ app_init ] --START--
INFO: Run Behavior\BuildLiteBehavior [ RunTime:0.000032s ]
INFO: [ app_init ] --END-- [ RunTime:0.000580s ]

[ 2016-11-03T09:55:40+08:00 ] ::1 /think_blog/Admin/Admin/getVerify.html
INFO: [ app_init ] --START--
INFO: Run Behavior\BuildLiteBehavior [ RunTime:0.000030s ]
INFO: [ app_init ] --END-- [ RunTime:0.000479s ]

[ 2016-11-03T09:56:02+08:00 ] ::1 /think_blog/Admin/Admin/login.html
INFO: [ app_init ] --START--
INFO: Run Behavior\BuildLiteBehavior [ RunTime:0.000035s ]
INFO: [ app_init ] --END-- [ RunTime:0.000724s ]

[ 2016-11-03T09:56:03+08:00 ] ::1 /think_blog/Admin/Admin/getVerify.html
INFO: [ app_init ] --START--
INFO: Run Behavior\BuildLiteBehavior [ RunTime:0.000028s ]
INFO: [ app_init ] --END-- [ RunTime:0.000469s ]

[ 2016-11-03T09:57:46+08:00 ] ::1 /think_blog/Admin/Admin/login.html
INFO: [ app_init ] --START--
INFO: Run Behavior\BuildLiteBehavior [ RunTime:0.000025s ]
INFO: [ app_init ] --END-- [ RunTime:0.000574s ]

[ 2016-11-03T09:57:46+08:00 ] ::1 /think_blog/Admin/Index/index.html
INFO: [ app_init ] --START--
INFO: Run Behavior\BuildLiteBehavior [ RunTime:0.000048s ]
INFO: [ app_init ] --END-- [ RunTime:0.000970s ]

[ 2016-11-03T09:57:48+08:00 ] ::1 /think_blog/index.php/admin/Article/index
INFO: [ app_init ] --START--
INFO: Run Behavior\BuildLiteBehavior [ RunTime:0.000028s ]
INFO: [ app_init ] --END-- [ RunTime:0.000549s ]

[ 2016-11-03T09:57:55+08:00 ] ::1 /think_blog/Admin/Complaint/index
INFO: [ app_init ] --START--
INFO: Run Behavior\BuildLiteBehavior [ RunTime:0.000031s ]
INFO: [ app_init ] --END-- [ RunTime:0.000650s ]

[ 2016-11-03T09:57:58+08:00 ] ::1 /think_blog/Admin/Complaint/index
INFO: [ app_init ] --START--
INFO: Run Behavior\BuildLiteBehavior [ RunTime:0.000025s ]
INFO: [ app_init ] --END-- [ RunTime:0.000440s ]
INFO: [ app_begin ] --START--
INFO: Run Behavior\ReadHtmlCacheBehavior [ RunTime:0.000631s ]
INFO: [ app_begin ] --END-- [ RunTime:0.000733s ]
NOTIC: [2048] Declaration of Admin\Model\ComplaintModel::index() should be compatible with Admin\Model\CommonModel::index($f = '') D:\wamp\www\think_blog\Application\Admin\Model\ComplaintModel.class.php 第 5 行.
SQL: SHOW COLUMNS FROM `complaint` [ RunTime:0.0104s ]
SQL: SELECT c.id AS `id`,m.id AS `member_id`,c.member_name AS `member_name`,c.complain_content AS `complain_content`,c.complain_time AS `complain_time`,c.admin_id AS `admin_id`,a.admin_name AS `admin_name`,c.pass_time AS `pass_time`,c.isPass AS `isPass` FROM complaint c LEFT JOIN member m ON c.member_name=m.member_name LEFT JOIN admin a ON c.admin_id=a.id  LIMIT 0,10   [ RunTime:0.0008s ]
SQL: SELECT count(c.id) AS `count` FROM complaint c LEFT JOIN member m ON c.member_name=m.member_name LEFT JOIN admin a ON c.admin_id=a.id   [ RunTime:0.0008s ]

[ 2016-11-03T09:58:01+08:00 ] ::1 /think_blog/Admin/Index/index.html
INFO: [ app_init ] --START--
INFO: Run Behavior\BuildLiteBehavior [ RunTime:0.000029s ]
INFO: [ app_init ] --END-- [ RunTime:0.000598s ]

[ 2016-11-03T09:58:02+08:00 ] ::1 /think_blog/index.php/admin/Article/index
INFO: [ app_init ] --START--
INFO: Run Behavior\BuildLiteBehavior [ RunTime:0.000055s ]
INFO: [ app_init ] --END-- [ RunTime:0.001142s ]

[ 2016-11-03T09:58:04+08:00 ] ::1 /think_blog/Admin/Complaint/index
INFO: [ app_init ] --START--
INFO: Run Behavior\BuildLiteBehavior [ RunTime:0.000061s ]
INFO: [ app_init ] --END-- [ RunTime:0.001200s ]

[ 2016-11-03T10:15:29+08:00 ] ::1 /think_blog/Admin/Index/index.html
INFO: [ app_init ] --START--
INFO: Run Behavior\BuildLiteBehavior [ RunTime:0.000095s ]
INFO: [ app_init ] --END-- [ RunTime:0.001078s ]

[ 2016-11-03T10:15:29+08:00 ] ::1 /think_blog/index.php/admin/Article/index
INFO: [ app_init ] --START--
INFO: Run Behavior\BuildLiteBehavior [ RunTime:0.000028s ]
INFO: [ app_init ] --END-- [ RunTime:0.000499s ]

[ 2016-11-03T10:15:31+08:00 ] ::1 /think_blog/Admin/Complaint/index
INFO: [ app_init ] --START--
INFO: Run Behavior\BuildLiteBehavior [ RunTime:0.000030s ]
INFO: [ app_init ] --END-- [ RunTime:0.000647s ]

[ 2016-11-03T10:15:42+08:00 ] ::1 /think_blog/Admin/Index/index.html
INFO: [ app_init ] --START--
INFO: Run Behavior\BuildLiteBehavior [ RunTime:0.000027s ]
INFO: [ app_init ] --END-- [ RunTime:0.000557s ]

[ 2016-11-03T10:15:42+08:00 ] ::1 /think_blog/index.php/admin/Article/index
INFO: [ app_init ] --START--
INFO: Run Behavior\BuildLiteBehavior [ RunTime:0.000029s ]
INFO: [ app_init ] --END-- [ RunTime:0.000540s ]

[ 2016-11-03T10:15:44+08:00 ] ::1 /think_blog/Admin/Complaint/index
INFO: [ app_init ] --START--
INFO: Run Behavior\BuildLiteBehavior [ RunTime:0.000025s ]
INFO: [ app_init ] --END-- [ RunTime:0.000529s ]

[ 2016-11-03T10:16:27+08:00 ] ::1 /think_blog/Admin/Index/index.html
INFO: [ app_init ] --START--
INFO: Run Behavior\BuildLiteBehavior [ RunTime:0.000030s ]
INFO: [ app_init ] --END-- [ RunTime:0.000606s ]

[ 2016-11-03T10:16:27+08:00 ] ::1 /think_blog/Admin/Admin/getVerify.html
INFO: [ app_init ] --START--
INFO: Run Behavior\BuildLiteBehavior [ RunTime:0.000026s ]
INFO: [ app_init ] --END-- [ RunTime:0.000471s ]

[ 2016-11-03T10:16:39+08:00 ] ::1 /think_blog/Admin/Admin/login.html
INFO: [ app_init ] --START--
INFO: Run Behavior\BuildLiteBehavior [ RunTime:0.000024s ]
INFO: [ app_init ] --END-- [ RunTime:0.000516s ]

[ 2016-11-03T10:16:40+08:00 ] ::1 /think_blog/Admin/Admin/getVerify.html
INFO: [ app_init ] --START--
INFO: Run Behavior\BuildLiteBehavior [ RunTime:0.000046s ]
INFO: [ app_init ] --END-- [ RunTime:0.000867s ]

[ 2016-11-03T10:16:55+08:00 ] ::1 /think_blog/Admin/Admin/login.html
INFO: [ app_init ] --START--
INFO: Run Behavior\BuildLiteBehavior [ RunTime:0.000025s ]
INFO: [ app_init ] --END-- [ RunTime:0.000531s ]

[ 2016-11-03T10:16:55+08:00 ] ::1 /think_blog/Admin/Index/index.html
INFO: [ app_init ] --START--
INFO: Run Behavior\BuildLiteBehavior [ RunTime:0.000024s ]
INFO: [ app_init ] --END-- [ RunTime:0.000533s ]

[ 2016-11-03T10:16:56+08:00 ] ::1 /think_blog/index.php/admin/Article/index
INFO: [ app_init ] --START--
INFO: Run Behavior\BuildLiteBehavior [ RunTime:0.000027s ]
INFO: [ app_init ] --END-- [ RunTime:0.000452s ]

[ 2016-11-03T10:16:59+08:00 ] ::1 /think_blog/Admin/Complaint/index
INFO: [ app_init ] --START--
INFO: Run Behavior\BuildLiteBehavior [ RunTime:0.000031s ]
INFO: [ app_init ] --END-- [ RunTime:0.000638s ]

[ 2016-11-03T10:17:02+08:00 ] ::1 /think_blog/Admin/Complaint/pass
INFO: [ app_init ] --START--
INFO: Run Behavior\BuildLiteBehavior [ RunTime:0.000047s ]
INFO: [ app_init ] --END-- [ RunTime:0.001049s ]
INFO: [ app_begin ] --START--
INFO: Run Behavior\ReadHtmlCacheBehavior [ RunTime:0.000777s ]
INFO: [ app_begin ] --END-- [ RunTime:0.000905s ]
NOTIC: [2048] Declaration of Admin\Model\ComplaintModel::index() should be compatible with Admin\Model\CommonModel::index($f = '') D:\wamp\www\think_blog\Application\Admin\Model\ComplaintModel.class.php 第 5 行.
SQL: SHOW COLUMNS FROM `complaint` [ RunTime:0.0154s ]
ERR: 1064:Erreur de syntaxe près de 'IN ) AND (  (  1 ) ) )' à la ligne 1
 [ SQL语句 ] : UPDATE `complaint` SET `admin_id`='0',`pass_time`='2016-11-03 10:17:02',`isPass`='1' WHERE (  id ) AND (  (  IN ) AND (  (  1 ) ) )
ERR: 1064:Erreur de syntaxe près de 'IN ) AND (  (  1 ) ) )' à la ligne 1
 [ SQL语句 ] : UPDATE `complaint` SET `admin_id`='0',`pass_time`='2016-11-03 10:17:02',`isPass`='1' WHERE (  id ) AND (  (  IN ) AND (  (  1 ) ) )

[ 2016-11-03T10:17:02+08:00 ] ::1 /think_blog/Admin/Complaint/index
INFO: [ app_init ] --START--
INFO: Run Behavior\BuildLiteBehavior [ RunTime:0.000026s ]
INFO: [ app_init ] --END-- [ RunTime:0.000475s ]
INFO: [ app_begin ] --START--
INFO: Run Behavior\ReadHtmlCacheBehavior [ RunTime:0.000654s ]
INFO: [ app_begin ] --END-- [ RunTime:0.000777s ]
NOTIC: [2048] Declaration of Admin\Model\ComplaintModel::index() should be compatible with Admin\Model\CommonModel::index($f = '') D:\wamp\www\think_blog\Application\Admin\Model\ComplaintModel.class.php 第 5 行.
SQL: SHOW COLUMNS FROM `complaint` [ RunTime:0.0054s ]
SQL: SELECT c.id AS `id`,m.id AS `member_id`,c.member_name AS `member_name`,c.complain_content AS `complain_content`,c.complain_time AS `complain_time`,c.admin_id AS `admin_id`,a.admin_name AS `admin_name`,c.pass_time AS `pass_time`,c.isPass AS `isPass` FROM complaint c LEFT JOIN member m ON c.member_name=m.member_name LEFT JOIN admin a ON c.admin_id=a.id  LIMIT 0,10   [ RunTime:0.0005s ]
SQL: SELECT count(c.id) AS `count` FROM complaint c LEFT JOIN member m ON c.member_name=m.member_name LEFT JOIN admin a ON c.admin_id=a.id   [ RunTime:0.0003s ]

[ 2016-11-03T10:17:59+08:00 ] ::1 /think_blog/Admin/Index/index.html
INFO: [ app_init ] --START--
INFO: Run Behavior\BuildLiteBehavior [ RunTime:0.000049s ]
INFO: [ app_init ] --END-- [ RunTime:0.001026s ]

[ 2016-11-03T10:18:00+08:00 ] ::1 /think_blog/index.php/admin/Article/index
INFO: [ app_init ] --START--
INFO: Run Behavior\BuildLiteBehavior [ RunTime:0.000028s ]
INFO: [ app_init ] --END-- [ RunTime:0.000526s ]

[ 2016-11-03T10:18:01+08:00 ] ::1 /think_blog/Admin/Complaint/index
INFO: [ app_init ] --START--
INFO: Run Behavior\BuildLiteBehavior [ RunTime:0.000028s ]
INFO: [ app_init ] --END-- [ RunTime:0.000600s ]

[ 2016-11-03T10:18:04+08:00 ] ::1 /think_blog/Admin/Complaint/pass
INFO: [ app_init ] --START--
INFO: Run Behavior\BuildLiteBehavior [ RunTime:0.000025s ]
INFO: [ app_init ] --END-- [ RunTime:0.000517s ]
INFO: [ app_begin ] --START--
INFO: Run Behavior\ReadHtmlCacheBehavior [ RunTime:0.000598s ]
INFO: [ app_begin ] --END-- [ RunTime:0.000708s ]
NOTIC: [2048] Declaration of Admin\Model\ComplaintModel::index() should be compatible with Admin\Model\CommonModel::index($f = '') D:\wamp\www\think_blog\Application\Admin\Model\ComplaintModel.class.php 第 5 行.
SQL: SHOW COLUMNS FROM `complaint` [ RunTime:0.0131s ]
SQL: UPDATE `complaint` SET `admin_id`='0',`pass_time`='2016-11-03 10:18:04',`isPass`='1' WHERE `id` IN ('1') [ RunTime:0.3139s ]

[ 2016-11-03T10:21:10+08:00 ] ::1 /think_blog/Admin/Index/index.html
INFO: [ app_init ] --START--
INFO: Run Behavior\BuildLiteBehavior [ RunTime:0.000048s ]
INFO: [ app_init ] --END-- [ RunTime:0.000991s ]

[ 2016-11-03T10:21:10+08:00 ] ::1 /think_blog/index.php/admin/Article/index
INFO: [ app_init ] --START--
INFO: Run Behavior\BuildLiteBehavior [ RunTime:0.000029s ]
INFO: [ app_init ] --END-- [ RunTime:0.000733s ]

[ 2016-11-03T10:21:12+08:00 ] ::1 /think_blog/Admin/Complaint/index
INFO: [ app_init ] --START--
INFO: Run Behavior\BuildLiteBehavior [ RunTime:0.000031s ]
INFO: [ app_init ] --END-- [ RunTime:0.000645s ]

[ 2016-11-03T10:24:03+08:00 ] ::1 /think_blog/Admin/Complaint/pass
INFO: [ app_init ] --START--
INFO: Run Behavior\BuildLiteBehavior [ RunTime:0.000108s ]
INFO: [ app_init ] --END-- [ RunTime:0.000862s ]
INFO: [ app_begin ] --START--
INFO: Run Behavior\ReadHtmlCacheBehavior [ RunTime:0.000786s ]
INFO: [ app_begin ] --END-- [ RunTime:0.001090s ]
NOTIC: [2048] Declaration of Admin\Model\ComplaintModel::index() should be compatible with Admin\Model\CommonModel::index($f = '') D:\wamp\www\think_blog\Application\Admin\Model\ComplaintModel.class.php 第 5 行.
SQL: SHOW COLUMNS FROM `complaint` [ RunTime:0.0131s ]

[ 2016-11-03T10:24:07+08:00 ] ::1 /think_blog/Admin/Index/index.html
INFO: [ app_init ] --START--
INFO: Run Behavior\BuildLiteBehavior [ RunTime:0.000049s ]
INFO: [ app_init ] --END-- [ RunTime:0.001011s ]

[ 2016-11-03T10:24:07+08:00 ] ::1 /think_blog/index.php/admin/Article/index
INFO: [ app_init ] --START--
INFO: Run Behavior\BuildLiteBehavior [ RunTime:0.000027s ]
INFO: [ app_init ] --END-- [ RunTime:0.000612s ]

[ 2016-11-03T10:24:09+08:00 ] ::1 /think_blog/Admin/Complaint/index
INFO: [ app_init ] --START--
INFO: Run Behavior\BuildLiteBehavior [ RunTime:0.000165s ]
INFO: [ app_init ] --END-- [ RunTime:0.002896s ]

[ 2016-11-03T10:24:13+08:00 ] ::1 /think_blog/Admin/Complaint/pass
INFO: [ app_init ] --START--
INFO: Run Behavior\BuildLiteBehavior [ RunTime:0.000047s ]
INFO: [ app_init ] --END-- [ RunTime:0.000955s ]
INFO: [ app_begin ] --START--
INFO: Run Behavior\ReadHtmlCacheBehavior [ RunTime:0.001122s ]
INFO: [ app_begin ] --END-- [ RunTime:0.001328s ]
NOTIC: [2048] Declaration of Admin\Model\ComplaintModel::index() should be compatible with Admin\Model\CommonModel::index($f = '') D:\wamp\www\think_blog\Application\Admin\Model\ComplaintModel.class.php 第 5 行.
SQL: SHOW COLUMNS FROM `complaint` [ RunTime:0.0076s ]
SQL: UPDATE `complaint` SET `admin_id`='0',`pass_time`='2016-11-03 10:24:13',`isPass`='1' WHERE `id` IN ('1') [ RunTime:0.0736s ]

[ 2016-11-03T10:24:51+08:00 ] ::1 /think_blog/Admin/Complaint/pass
INFO: [ app_init ] --START--
INFO: Run Behavior\BuildLiteBehavior [ RunTime:0.000116s ]
INFO: [ app_init ] --END-- [ RunTime:0.001069s ]
INFO: [ app_begin ] --START--
INFO: Run Behavior\ReadHtmlCacheBehavior [ RunTime:0.001092s ]
INFO: [ app_begin ] --END-- [ RunTime:0.001443s ]
NOTIC: [2048] Declaration of Admin\Model\ComplaintModel::index() should be compatible with Admin\Model\CommonModel::index($f = '') D:\wamp\www\think_blog\Application\Admin\Model\ComplaintModel.class.php 第 5 行.
SQL: SHOW COLUMNS FROM `complaint` [ RunTime:0.0138s ]

[ 2016-11-03T10:25:26+08:00 ] ::1 /think_blog/Admin/Complaint/pass
INFO: [ app_init ] --START--
INFO: Run Behavior\BuildLiteBehavior [ RunTime:0.000112s ]
INFO: [ app_init ] --END-- [ RunTime:0.000843s ]
INFO: [ app_begin ] --START--
INFO: Run Behavior\ReadHtmlCacheBehavior [ RunTime:0.000666s ]
INFO: [ app_begin ] --END-- [ RunTime:0.000974s ]
NOTIC: [2048] Declaration of Admin\Model\ComplaintModel::index() should be compatible with Admin\Model\CommonModel::index($f = '') D:\wamp\www\think_blog\Application\Admin\Model\ComplaintModel.class.php 第 5 行.
SQL: SHOW COLUMNS FROM `complaint` [ RunTime:0.0155s ]

[ 2016-11-03T10:25:42+08:00 ] ::1 /think_blog/Admin/Complaint/pass
INFO: [ app_init ] --START--
INFO: Run Behavior\BuildLiteBehavior [ RunTime:0.000113s ]
INFO: [ app_init ] --END-- [ RunTime:0.001051s ]
INFO: [ app_begin ] --START--
INFO: Run Behavior\ReadHtmlCacheBehavior [ RunTime:0.000698s ]
INFO: [ app_begin ] --END-- [ RunTime:0.001013s ]
NOTIC: [2048] Declaration of Admin\Model\ComplaintModel::index() should be compatible with Admin\Model\CommonModel::index($f = '') D:\wamp\www\think_blog\Application\Admin\Model\ComplaintModel.class.php 第 5 行.
SQL: SHOW COLUMNS FROM `complaint` [ RunTime:0.0156s ]

[ 2016-11-03T10:25:46+08:00 ] ::1 /think_blog/Admin/Complaint/pass
INFO: [ app_init ] --START--
INFO: Run Behavior\BuildLiteBehavior [ RunTime:0.000041s ]
INFO: [ app_init ] --END-- [ RunTime:0.000937s ]
INFO: [ app_begin ] --START--
INFO: Run Behavior\ReadHtmlCacheBehavior [ RunTime:0.000990s ]
INFO: [ app_begin ] --END-- [ RunTime:0.001169s ]
NOTIC: [2048] Declaration of Admin\Model\ComplaintModel::index() should be compatible with Admin\Model\CommonModel::index($f = '') D:\wamp\www\think_blog\Application\Admin\Model\ComplaintModel.class.php 第 5 行.
SQL: SHOW COLUMNS FROM `complaint` [ RunTime:0.0128s ]
SQL: UPDATE `complaint` SET `admin_id`='4',`pass_time`='2016-11-03 10:25:46',`isPass`='1' WHERE `id` IN ('1') [ RunTime:0.1033s ]

[ 2016-11-03T10:25:50+08:00 ] ::1 /think_blog/Admin/Index/index.html
INFO: [ app_init ] --START--
INFO: Run Behavior\BuildLiteBehavior [ RunTime:0.000049s ]
INFO: [ app_init ] --END-- [ RunTime:0.000989s ]

[ 2016-11-03T10:25:51+08:00 ] ::1 /think_blog/index.php/admin/Article/index
INFO: [ app_init ] --START--
INFO: Run Behavior\BuildLiteBehavior [ RunTime:0.000047s ]
INFO: [ app_init ] --END-- [ RunTime:0.000974s ]

[ 2016-11-03T10:25:53+08:00 ] ::1 /think_blog/Admin/Complaint/index
INFO: [ app_init ] --START--
INFO: Run Behavior\BuildLiteBehavior [ RunTime:0.000097s ]
INFO: [ app_init ] --END-- [ RunTime:0.001927s ]

[ 2016-11-03T10:25:56+08:00 ] ::1 /think_blog/Admin/Complaint/pass
INFO: [ app_init ] --START--
INFO: Run Behavior\BuildLiteBehavior [ RunTime:0.000047s ]
INFO: [ app_init ] --END-- [ RunTime:0.000921s ]
INFO: [ app_begin ] --START--
INFO: Run Behavior\ReadHtmlCacheBehavior [ RunTime:0.001143s ]
INFO: [ app_begin ] --END-- [ RunTime:0.001340s ]
NOTIC: [2048] Declaration of Admin\Model\ComplaintModel::index() should be compatible with Admin\Model\CommonModel::index($f = '') D:\wamp\www\think_blog\Application\Admin\Model\ComplaintModel.class.php 第 5 行.
SQL: SHOW COLUMNS FROM `complaint` [ RunTime:0.0142s ]
SQL: UPDATE `complaint` SET `admin_id`='4',`pass_time`='2016-11-03 10:25:55',`isPass`='1' WHERE `id` IN ('1') [ RunTime:0.1288s ]

[ 2016-11-03T10:26:36+08:00 ] ::1 /think_blog/Admin/Index/index.html
INFO: [ app_init ] --START--
INFO: Run Behavior\BuildLiteBehavior [ RunTime:0.000034s ]
INFO: [ app_init ] --END-- [ RunTime:0.000686s ]

[ 2016-11-03T10:26:37+08:00 ] ::1 /think_blog/index.php/admin/Article/index
INFO: [ app_init ] --START--
INFO: Run Behavior\BuildLiteBehavior [ RunTime:0.000049s ]
INFO: [ app_init ] --END-- [ RunTime:0.002288s ]

[ 2016-11-03T10:26:38+08:00 ] ::1 /think_blog/Admin/Complaint/index
INFO: [ app_init ] --START--
INFO: Run Behavior\BuildLiteBehavior [ RunTime:0.000042s ]
INFO: [ app_init ] --END-- [ RunTime:0.000836s ]

[ 2016-11-03T10:29:30+08:00 ] ::1 /think_blog/Admin/Complaint/pass
INFO: [ app_init ] --START--
INFO: Run Behavior\BuildLiteBehavior [ RunTime:0.000110s ]
INFO: [ app_init ] --END-- [ RunTime:0.000854s ]
INFO: [ app_begin ] --START--
INFO: Run Behavior\ReadHtmlCacheBehavior [ RunTime:0.001066s ]
INFO: [ app_begin ] --END-- [ RunTime:0.001474s ]
NOTIC: [2048] Declaration of Admin\Model\ComplaintModel::index() should be compatible with Admin\Model\CommonModel::index($f = '') D:\wamp\www\think_blog\Application\Admin\Model\ComplaintModel.class.php 第 5 行.
SQL: SHOW COLUMNS FROM `complaint` [ RunTime:0.0162s ]
SQL: UPDATE `complaint` SET `admin_id`='4',`pass_time`='2016-11-03 10:26:53',`isPass`='1' WHERE `id` IN ('1') [ RunTime:0.0945s ]

[ 2016-11-03T10:31:02+08:00 ] ::1 /think_blog/Admin/Index/index.html
INFO: [ app_init ] --START--
INFO: Run Behavior\BuildLiteBehavior [ RunTime:0.000044s ]
INFO: [ app_init ] --END-- [ RunTime:0.000910s ]

[ 2016-11-03T10:31:02+08:00 ] ::1 /think_blog/index.php/admin/Article/index
INFO: [ app_init ] --START--
INFO: Run Behavior\BuildLiteBehavior [ RunTime:0.000044s ]
INFO: [ app_init ] --END-- [ RunTime:0.000881s ]

[ 2016-11-03T10:31:04+08:00 ] ::1 /think_blog/Admin/Complaint/index
INFO: [ app_init ] --START--
INFO: Run Behavior\BuildLiteBehavior [ RunTime:0.000047s ]
INFO: [ app_init ] --END-- [ RunTime:0.000951s ]

[ 2016-11-03T10:31:07+08:00 ] ::1 /think_blog/Admin/Complaint/pass
INFO: [ app_init ] --START--
INFO: Run Behavior\BuildLiteBehavior [ RunTime:0.000046s ]
INFO: [ app_init ] --END-- [ RunTime:0.000855s ]
INFO: [ app_begin ] --START--
INFO: Run Behavior\ReadHtmlCacheBehavior [ RunTime:0.001067s ]
INFO: [ app_begin ] --END-- [ RunTime:0.001269s ]
NOTIC: [2048] Declaration of Admin\Model\ComplaintModel::index() should be compatible with Admin\Model\CommonModel::index($f = '') D:\wamp\www\think_blog\Application\Admin\Model\ComplaintModel.class.php 第 5 行.
SQL: SHOW COLUMNS FROM `complaint` [ RunTime:0.0047s ]
SQL: UPDATE `complaint` SET `admin_id`='4',`pass_time`='2016-11-03 10:31:07',`isPass`='1' WHERE `id` IN ('1') [ RunTime:0.1237s ]

[ 2016-11-03T10:31:08+08:00 ] ::1 /think_blog/Admin/Complaint/index
INFO: [ app_init ] --START--
INFO: Run Behavior\BuildLiteBehavior [ RunTime:0.000083s ]
INFO: [ app_init ] --END-- [ RunTime:0.001610s ]
INFO: [ app_begin ] --START--
INFO: Run Behavior\ReadHtmlCacheBehavior [ RunTime:0.001583s ]
INFO: [ app_begin ] --END-- [ RunTime:0.001820s ]
NOTIC: [2048] Declaration of Admin\Model\ComplaintModel::index() should be compatible with Admin\Model\CommonModel::index($f = '') D:\wamp\www\think_blog\Application\Admin\Model\ComplaintModel.class.php 第 5 行.
SQL: SHOW COLUMNS FROM `complaint` [ RunTime:0.0066s ]
SQL: SELECT c.id AS `id`,m.id AS `member_id`,c.member_name AS `member_name`,c.complain_content AS `complain_content`,c.complain_time AS `complain_time`,c.admin_id AS `admin_id`,a.admin_name AS `admin_name`,c.pass_time AS `pass_time`,c.isPass AS `isPass` FROM complaint c LEFT JOIN member m ON c.member_name=m.member_name LEFT JOIN admin a ON c.admin_id=a.id  LIMIT 0,10   [ RunTime:0.0007s ]
SQL: SELECT count(c.id) AS `count` FROM complaint c LEFT JOIN member m ON c.member_name=m.member_name LEFT JOIN admin a ON c.admin_id=a.id   [ RunTime:0.0006s ]

[ 2016-11-03T10:36:52+08:00 ] ::1 /think_blog/Admin/Index/index.html
INFO: [ app_init ] --START--
INFO: Run Behavior\BuildLiteBehavior [ RunTime:0.000052s ]
INFO: [ app_init ] --END-- [ RunTime:0.001245s ]

[ 2016-11-03T10:36:53+08:00 ] ::1 /think_blog/index.php/admin/Article/index
INFO: [ app_init ] --START--
INFO: Run Behavior\BuildLiteBehavior [ RunTime:0.000063s ]
INFO: [ app_init ] --END-- [ RunTime:0.001232s ]

[ 2016-11-03T10:36:56+08:00 ] ::1 /think_blog/Admin/Complaint/index
INFO: [ app_init ] --START--
INFO: Run Behavior\BuildLiteBehavior [ RunTime:0.000042s ]
INFO: [ app_init ] --END-- [ RunTime:0.000831s ]

[ 2016-11-03T10:36:59+08:00 ] ::1 /think_blog/Admin/Complaint/ignore
INFO: [ app_init ] --START--
INFO: Run Behavior\BuildLiteBehavior [ RunTime:0.000044s ]
INFO: [ app_init ] --END-- [ RunTime:0.000873s ]
INFO: [ app_begin ] --START--
INFO: Run Behavior\ReadHtmlCacheBehavior [ RunTime:0.001127s ]
INFO: [ app_begin ] --END-- [ RunTime:0.001316s ]
NOTIC: [2048] Declaration of Admin\Model\ComplaintModel::index() should be compatible with Admin\Model\CommonModel::index($f = '') D:\wamp\www\think_blog\Application\Admin\Model\ComplaintModel.class.php 第 5 行.
SQL: SHOW COLUMNS FROM `complaint` [ RunTime:0.0138s ]
SQL: DELETE FROM `complaint` WHERE `id` IN ('1') [ RunTime:0.1123s ]

[ 2016-11-03T10:37:00+08:00 ] ::1 /think_blog/Admin/Complaint/index
INFO: [ app_init ] --START--
INFO: Run Behavior\BuildLiteBehavior [ RunTime:0.000101s ]
INFO: [ app_init ] --END-- [ RunTime:0.001573s ]
INFO: [ app_begin ] --START--
INFO: Run Behavior\ReadHtmlCacheBehavior [ RunTime:0.001196s ]
INFO: [ app_begin ] --END-- [ RunTime:0.001466s ]
NOTIC: [2048] Declaration of Admin\Model\ComplaintModel::index() should be compatible with Admin\Model\CommonModel::index($f = '') D:\wamp\www\think_blog\Application\Admin\Model\ComplaintModel.class.php 第 5 行.
SQL: SHOW COLUMNS FROM `complaint` [ RunTime:0.0141s ]
SQL: SELECT c.id AS `id`,m.id AS `member_id`,c.member_name AS `member_name`,c.complain_content AS `complain_content`,c.complain_time AS `complain_time`,c.admin_id AS `admin_id`,a.admin_name AS `admin_name`,c.pass_time AS `pass_time`,c.isPass AS `isPass` FROM complaint c LEFT JOIN member m ON c.member_name=m.member_name LEFT JOIN admin a ON c.admin_id=a.id  LIMIT 0,10   [ RunTime:0.0011s ]
SQL: SELECT count(c.id) AS `count` FROM complaint c LEFT JOIN member m ON c.member_name=m.member_name LEFT JOIN admin a ON c.admin_id=a.id   [ RunTime:0.0010s ]

[ 2016-11-03T10:47:54+08:00 ] ::1 /think_blog/Admin/Index/index.html
INFO: [ app_init ] --START--
INFO: Run Behavior\BuildLiteBehavior [ RunTime:0.000048s ]
INFO: [ app_init ] --END-- [ RunTime:0.001023s ]

[ 2016-11-03T10:47:54+08:00 ] ::1 /think_blog/index.php/admin/Article/index
INFO: [ app_init ] --START--
INFO: Run Behavior\BuildLiteBehavior [ RunTime:0.000024s ]
INFO: [ app_init ] --END-- [ RunTime:0.000542s ]

[ 2016-11-03T10:47:55+08:00 ] ::1 /think_blog/Admin/Complaint/index
INFO: [ app_init ] --START--
INFO: Run Behavior\BuildLiteBehavior [ RunTime:0.000026s ]
INFO: [ app_init ] --END-- [ RunTime:0.000478s ]

[ 2016-11-03T10:48:16+08:00 ] ::1 /think_blog/Admin/Complaint/index
INFO: [ app_init ] --START--
INFO: Run Behavior\BuildLiteBehavior [ RunTime:0.000059s ]
INFO: [ app_init ] --END-- [ RunTime:0.001321s ]
INFO: [ app_begin ] --START--
INFO: Run Behavior\ReadHtmlCacheBehavior [ RunTime:0.001313s ]
INFO: [ app_begin ] --END-- [ RunTime:0.001547s ]
NOTIC: [2048] Declaration of Admin\Model\ComplaintModel::index() should be compatible with Admin\Model\CommonModel::index($f = '') D:\wamp\www\think_blog\Application\Admin\Model\ComplaintModel.class.php 第 5 行.
SQL: SHOW COLUMNS FROM `complaint` [ RunTime:0.0119s ]
SQL: SELECT c.id AS `id`,m.id AS `member_id`,c.member_name AS `member_name`,c.complain_content AS `complain_content`,c.complain_time AS `complain_time`,c.admin_id AS `admin_id`,a.admin_name AS `admin_name`,c.pass_time AS `pass_time`,c.isPass AS `isPass` FROM complaint c LEFT JOIN member m ON c.member_name=m.member_name LEFT JOIN admin a ON c.admin_id=a.id  LIMIT 0,10   [ RunTime:0.0011s ]
SQL: SELECT count(c.id) AS `count` FROM complaint c LEFT JOIN member m ON c.member_name=m.member_name LEFT JOIN admin a ON c.admin_id=a.id   [ RunTime:0.0008s ]

[ 2016-11-03T10:48:18+08:00 ] ::1 /think_blog/Admin/Complaint/index
INFO: [ app_init ] --START--
INFO: Run Behavior\BuildLiteBehavior [ RunTime:0.000053s ]
INFO: [ app_init ] --END-- [ RunTime:0.001052s ]
INFO: [ app_begin ] --START--
INFO: Run Behavior\ReadHtmlCacheBehavior [ RunTime:0.000785s ]
INFO: [ app_begin ] --END-- [ RunTime:0.000928s ]
NOTIC: [2048] Declaration of Admin\Model\ComplaintModel::index() should be compatible with Admin\Model\CommonModel::index($f = '') D:\wamp\www\think_blog\Application\Admin\Model\ComplaintModel.class.php 第 5 行.
SQL: SHOW COLUMNS FROM `complaint` [ RunTime:0.0047s ]
SQL: SELECT c.id AS `id`,m.id AS `member_id`,c.member_name AS `member_name`,c.complain_content AS `complain_content`,c.complain_time AS `complain_time`,c.admin_id AS `admin_id`,a.admin_name AS `admin_name`,c.pass_time AS `pass_time`,c.isPass AS `isPass` FROM complaint c LEFT JOIN member m ON c.member_name=m.member_name LEFT JOIN admin a ON c.admin_id=a.id  LIMIT 0,10   [ RunTime:0.0005s ]
SQL: SELECT count(c.id) AS `count` FROM complaint c LEFT JOIN member m ON c.member_name=m.member_name LEFT JOIN admin a ON c.admin_id=a.id   [ RunTime:0.0003s ]

[ 2016-11-03T10:48:20+08:00 ] ::1 /think_blog/Admin/Complaint/index
INFO: [ app_init ] --START--
INFO: Run Behavior\BuildLiteBehavior [ RunTime:0.000058s ]
INFO: [ app_init ] --END-- [ RunTime:0.001187s ]
INFO: [ app_begin ] --START--
INFO: Run Behavior\ReadHtmlCacheBehavior [ RunTime:0.001367s ]
INFO: [ app_begin ] --END-- [ RunTime:0.001618s ]
NOTIC: [2048] Declaration of Admin\Model\ComplaintModel::index() should be compatible with Admin\Model\CommonModel::index($f = '') D:\wamp\www\think_blog\Application\Admin\Model\ComplaintModel.class.php 第 5 行.
SQL: SHOW COLUMNS FROM `complaint` [ RunTime:0.0136s ]
SQL: SELECT c.id AS `id`,m.id AS `member_id`,c.member_name AS `member_name`,c.complain_content AS `complain_content`,c.complain_time AS `complain_time`,c.admin_id AS `admin_id`,a.admin_name AS `admin_name`,c.pass_time AS `pass_time`,c.isPass AS `isPass` FROM complaint c LEFT JOIN member m ON c.member_name=m.member_name LEFT JOIN admin a ON c.admin_id=a.id  LIMIT 0,10   [ RunTime:0.0012s ]
SQL: SELECT count(c.id) AS `count` FROM complaint c LEFT JOIN member m ON c.member_name=m.member_name LEFT JOIN admin a ON c.admin_id=a.id   [ RunTime:0.0009s ]

[ 2016-11-03T10:49:10+08:00 ] ::1 /think_blog/Admin/Index/index.html
INFO: [ app_init ] --START--
INFO: Run Behavior\BuildLiteBehavior [ RunTime:0.000066s ]
INFO: [ app_init ] --END-- [ RunTime:0.001889s ]

[ 2016-11-03T10:49:11+08:00 ] ::1 /think_blog/index.php/admin/Article/index
INFO: [ app_init ] --START--
INFO: Run Behavior\BuildLiteBehavior [ RunTime:0.000100s ]
INFO: [ app_init ] --END-- [ RunTime:0.001857s ]

[ 2016-11-03T10:49:13+08:00 ] ::1 /think_blog/Admin/Complaint/index
INFO: [ app_init ] --START--
INFO: Run Behavior\BuildLiteBehavior [ RunTime:0.000045s ]
INFO: [ app_init ] --END-- [ RunTime:0.000875s ]

[ 2016-11-03T10:49:14+08:00 ] ::1 /think_blog/Admin/Complaint/index
INFO: [ app_init ] --START--
INFO: Run Behavior\BuildLiteBehavior [ RunTime:0.000056s ]
INFO: [ app_init ] --END-- [ RunTime:0.001084s ]

[ 2016-11-03T10:49:16+08:00 ] ::1 /think_blog/Admin/Complaint/index
INFO: [ app_init ] --START--
INFO: Run Behavior\BuildLiteBehavior [ RunTime:0.000076s ]
INFO: [ app_init ] --END-- [ RunTime:0.001122s ]
INFO: [ app_begin ] --START--
INFO: Run Behavior\ReadHtmlCacheBehavior [ RunTime:0.001062s ]
INFO: [ app_begin ] --END-- [ RunTime:0.001269s ]
NOTIC: [2048] Declaration of Admin\Model\ComplaintModel::index() should be compatible with Admin\Model\CommonModel::index($f = '') D:\wamp\www\think_blog\Application\Admin\Model\ComplaintModel.class.php 第 5 行.
SQL: SHOW COLUMNS FROM `complaint` [ RunTime:0.0162s ]
SQL: SELECT c.id AS `id`,m.id AS `member_id`,c.member_name AS `member_name`,c.complain_content AS `complain_content`,c.complain_time AS `complain_time`,c.admin_id AS `admin_id`,a.admin_name AS `admin_name`,c.pass_time AS `pass_time`,c.isPass AS `isPass` FROM complaint c LEFT JOIN member m ON c.member_name=m.member_name LEFT JOIN admin a ON c.admin_id=a.id  LIMIT 0,10   [ RunTime:0.0013s ]
SQL: SELECT count(c.id) AS `count` FROM complaint c LEFT JOIN member m ON c.member_name=m.member_name LEFT JOIN admin a ON c.admin_id=a.id   [ RunTime:0.0009s ]

[ 2016-11-03T10:49:20+08:00 ] ::1 /think_blog/Admin/Complaint/index
INFO: [ app_init ] --START--
INFO: Run Behavior\BuildLiteBehavior [ RunTime:0.000048s ]
INFO: [ app_init ] --END-- [ RunTime:0.001677s ]
INFO: [ app_begin ] --START--
INFO: Run Behavior\ReadHtmlCacheBehavior [ RunTime:0.000988s ]
INFO: [ app_begin ] --END-- [ RunTime:0.001162s ]
NOTIC: [2048] Declaration of Admin\Model\ComplaintModel::index() should be compatible with Admin\Model\CommonModel::index($f = '') D:\wamp\www\think_blog\Application\Admin\Model\ComplaintModel.class.php 第 5 行.
SQL: SHOW COLUMNS FROM `complaint` [ RunTime:0.0131s ]
SQL: SELECT c.id AS `id`,m.id AS `member_id`,c.member_name AS `member_name`,c.complain_content AS `complain_content`,c.complain_time AS `complain_time`,c.admin_id AS `admin_id`,a.admin_name AS `admin_name`,c.pass_time AS `pass_time`,c.isPass AS `isPass` FROM complaint c LEFT JOIN member m ON c.member_name=m.member_name LEFT JOIN admin a ON c.admin_id=a.id  LIMIT 0,10   [ RunTime:0.0015s ]
SQL: SELECT count(c.id) AS `count` FROM complaint c LEFT JOIN member m ON c.member_name=m.member_name LEFT JOIN admin a ON c.admin_id=a.id   [ RunTime:0.0009s ]

[ 2016-11-03T10:52:18+08:00 ] ::1 /think_blog/Admin/Complaint/index
INFO: [ app_init ] --START--
INFO: Run Behavior\BuildLiteBehavior [ RunTime:0.000080s ]
INFO: [ app_init ] --END-- [ RunTime:0.009738s ]
INFO: [ app_begin ] --START--
INFO: Run Behavior\ReadHtmlCacheBehavior [ RunTime:0.000889s ]
INFO: [ app_begin ] --END-- [ RunTime:0.001144s ]
NOTIC: [2048] Declaration of Admin\Model\ComplaintModel::index() should be compatible with Admin\Model\CommonModel::index($f = '') D:\wamp\www\think_blog\Application\Admin\Model\ComplaintModel.class.php 第 5 行.
SQL: SHOW COLUMNS FROM `complaint` [ RunTime:0.0047s ]

[ 2016-11-03T10:52:18+08:00 ] ::1 /think_blog/Admin/Index/index.html
INFO: [ app_init ] --START--
INFO: Run Behavior\BuildLiteBehavior [ RunTime:0.000121s ]
INFO: [ app_init ] --END-- [ RunTime:0.000957s ]

[ 2016-11-03T10:52:19+08:00 ] ::1 /think_blog/index.php/admin/Article/index
INFO: [ app_init ] --START--
INFO: Run Behavior\BuildLiteBehavior [ RunTime:0.000065s ]
INFO: [ app_init ] --END-- [ RunTime:0.001358s ]

[ 2016-11-03T10:52:28+08:00 ] ::1 /think_blog/Admin/Index/index.html
INFO: [ app_init ] --START--
INFO: Run Behavior\BuildLiteBehavior [ RunTime:0.000051s ]
INFO: [ app_init ] --END-- [ RunTime:0.000858s ]

[ 2016-11-03T10:52:28+08:00 ] ::1 /think_blog/index.php/admin/Article/index
INFO: [ app_init ] --START--
INFO: Run Behavior\BuildLiteBehavior [ RunTime:0.000024s ]
INFO: [ app_init ] --END-- [ RunTime:0.000515s ]

[ 2016-11-03T10:52:29+08:00 ] ::1 /think_blog/Admin/Index/index.html
INFO: [ app_init ] --START--
INFO: Run Behavior\BuildLiteBehavior [ RunTime:0.000047s ]
INFO: [ app_init ] --END-- [ RunTime:0.000852s ]

[ 2016-11-03T10:52:29+08:00 ] ::1 /think_blog/index.php/admin/Article/index
INFO: [ app_init ] --START--
INFO: Run Behavior\BuildLiteBehavior [ RunTime:0.000023s ]
INFO: [ app_init ] --END-- [ RunTime:0.000426s ]

[ 2016-11-03T10:52:32+08:00 ] ::1 /think_blog/Admin/Complaint/index
INFO: [ app_init ] --START--
INFO: Run Behavior\BuildLiteBehavior [ RunTime:0.000026s ]
INFO: [ app_init ] --END-- [ RunTime:0.000449s ]

[ 2016-11-03T10:52:35+08:00 ] ::1 /think_blog/Admin/Complaint/index
INFO: [ app_init ] --START--
INFO: Run Behavior\BuildLiteBehavior [ RunTime:0.000046s ]
INFO: [ app_init ] --END-- [ RunTime:0.000934s ]
INFO: [ app_begin ] --START--
INFO: Run Behavior\ReadHtmlCacheBehavior [ RunTime:0.001082s ]
INFO: [ app_begin ] --END-- [ RunTime:0.001360s ]
NOTIC: [2048] Declaration of Admin\Model\ComplaintModel::index() should be compatible with Admin\Model\CommonModel::index($f = '') D:\wamp\www\think_blog\Application\Admin\Model\ComplaintModel.class.php 第 5 行.
SQL: SHOW COLUMNS FROM `complaint` [ RunTime:0.0109s ]
SQL: SELECT c.id AS `id`,m.id AS `member_id`,c.member_name AS `member_name`,c.complain_content AS `complain_content`,c.complain_time AS `complain_time`,c.admin_id AS `admin_id`,a.admin_name AS `admin_name`,c.pass_time AS `pass_time`,c.isPass AS `isPass` FROM complaint c LEFT JOIN member m ON c.member_name=m.member_name LEFT JOIN admin a ON c.admin_id=a.id  WHERE c.isPass = '1' LIMIT 0,10   [ RunTime:0.0009s ]
SQL: SELECT count(c.id) AS `count` FROM complaint c LEFT JOIN member m ON c.member_name=m.member_name LEFT JOIN admin a ON c.admin_id=a.id   [ RunTime:0.0007s ]

[ 2016-11-03T10:52:38+08:00 ] ::1 /think_blog/Admin/Complaint/index
INFO: [ app_init ] --START--
INFO: Run Behavior\BuildLiteBehavior [ RunTime:0.000061s ]
INFO: [ app_init ] --END-- [ RunTime:0.001453s ]
INFO: [ app_begin ] --START--
INFO: Run Behavior\ReadHtmlCacheBehavior [ RunTime:0.001371s ]
INFO: [ app_begin ] --END-- [ RunTime:0.001641s ]
NOTIC: [2048] Declaration of Admin\Model\ComplaintModel::index() should be compatible with Admin\Model\CommonModel::index($f = '') D:\wamp\www\think_blog\Application\Admin\Model\ComplaintModel.class.php 第 5 行.
SQL: SHOW COLUMNS FROM `complaint` [ RunTime:0.0135s ]
SQL: SELECT c.id AS `id`,m.id AS `member_id`,c.member_name AS `member_name`,c.complain_content AS `complain_content`,c.complain_time AS `complain_time`,c.admin_id AS `admin_id`,a.admin_name AS `admin_name`,c.pass_time AS `pass_time`,c.isPass AS `isPass` FROM complaint c LEFT JOIN member m ON c.member_name=m.member_name LEFT JOIN admin a ON c.admin_id=a.id  WHERE c.isPass = '0' LIMIT 0,10   [ RunTime:0.0013s ]
SQL: SELECT count(c.id) AS `count` FROM complaint c LEFT JOIN member m ON c.member_name=m.member_name LEFT JOIN admin a ON c.admin_id=a.id   [ RunTime:0.0010s ]

[ 2016-11-03T10:52:52+08:00 ] ::1 /think_blog/Admin/Index/index.html
INFO: [ app_init ] --START--
INFO: Run Behavior\BuildLiteBehavior [ RunTime:0.000025s ]
INFO: [ app_init ] --END-- [ RunTime:0.000466s ]

[ 2016-11-03T10:52:53+08:00 ] ::1 /think_blog/index.php/admin/Article/index
INFO: [ app_init ] --START--
INFO: Run Behavior\BuildLiteBehavior [ RunTime:0.000080s ]
INFO: [ app_init ] --END-- [ RunTime:0.001669s ]

[ 2016-11-03T10:52:55+08:00 ] ::1 /think_blog/Admin/Complaint/index
INFO: [ app_init ] --START--
INFO: Run Behavior\BuildLiteBehavior [ RunTime:0.000024s ]
INFO: [ app_init ] --END-- [ RunTime:0.000428s ]

[ 2016-11-03T10:57:20+08:00 ] ::1 /think_blog/Admin/Index/index.html
INFO: [ app_init ] --START--
INFO: Run Behavior\BuildLiteBehavior [ RunTime:0.000239s ]
INFO: [ app_init ] --END-- [ RunTime:0.002229s ]

[ 2016-11-03T10:57:21+08:00 ] ::1 /think_blog/index.php/admin/Article/index
INFO: [ app_init ] --START--
INFO: Run Behavior\BuildLiteBehavior [ RunTime:0.000036s ]
INFO: [ app_init ] --END-- [ RunTime:0.000785s ]

[ 2016-11-03T10:57:23+08:00 ] ::1 /think_blog/Admin/Complaint/index
INFO: [ app_init ] --START--
INFO: Run Behavior\BuildLiteBehavior [ RunTime:0.000046s ]
INFO: [ app_init ] --END-- [ RunTime:0.000927s ]

[ 2016-11-03T10:57:38+08:00 ] ::1 /think_blog/Admin/Complaint/index
INFO: [ app_init ] --START--
INFO: Run Behavior\BuildLiteBehavior [ RunTime:0.000091s ]
INFO: [ app_init ] --END-- [ RunTime:0.001817s ]

[ 2016-11-03T10:57:45+08:00 ] ::1 /think_blog/Admin/Complaint/index
INFO: [ app_init ] --START--
INFO: Run Behavior\BuildLiteBehavior [ RunTime:0.000037s ]
INFO: [ app_init ] --END-- [ RunTime:0.000743s ]
INFO: [ app_begin ] --START--
INFO: Run Behavior\ReadHtmlCacheBehavior [ RunTime:0.000907s ]
INFO: [ app_begin ] --END-- [ RunTime:0.001061s ]
NOTIC: [2048] Declaration of Admin\Model\ComplaintModel::index() should be compatible with Admin\Model\CommonModel::index($f = '') D:\wamp\www\think_blog\Application\Admin\Model\ComplaintModel.class.php 第 5 行.
SQL: SHOW COLUMNS FROM `complaint` [ RunTime:0.0047s ]
SQL: SELECT c.id AS `id`,m.id AS `member_id`,c.member_name AS `member_name`,c.complain_content AS `complain_content`,c.complain_time AS `complain_time`,c.admin_id AS `admin_id`,a.admin_name AS `admin_name`,c.pass_time AS `pass_time`,c.isPass AS `isPass` FROM complaint c LEFT JOIN member m ON c.member_name=m.member_name LEFT JOIN admin a ON c.admin_id=a.id  WHERE c.isPass = '1' LIMIT 0,10   [ RunTime:0.0003s ]
SQL: SELECT count(c.id) AS `count` FROM complaint c LEFT JOIN member m ON c.member_name=m.member_name LEFT JOIN admin a ON c.admin_id=a.id   [ RunTime:0.0045s ]

[ 2016-11-03T10:59:38+08:00 ] ::1 /think_blog/Admin/Admin/index
INFO: [ app_init ] --START--
INFO: Run Behavior\BuildLiteBehavior [ RunTime:0.000077s ]
INFO: [ app_init ] --END-- [ RunTime:0.001862s ]

[ 2016-11-03T11:00:04+08:00 ] ::1 /think_blog/Admin/Admin/index
INFO: [ app_init ] --START--
INFO: Run Behavior\BuildLiteBehavior [ RunTime:0.000080s ]
INFO: [ app_init ] --END-- [ RunTime:0.001435s ]
INFO: [ app_begin ] --START--
INFO: Run Behavior\ReadHtmlCacheBehavior [ RunTime:0.001119s ]
INFO: [ app_begin ] --END-- [ RunTime:0.001317s ]
SQL: SHOW COLUMNS FROM `admin` [ RunTime:0.0150s ]
SQL: SELECT * FROM `admin` LIMIT 0,10   [ RunTime:0.0005s ]
SQL: SELECT count(id) AS `count` FROM `admin`  [ RunTime:0.0003s ]

