[ 2016-11-02T14:03:20+08:00 ] ::1 /think_blog/Admin/admin/login.html
INFO: [ app_init ] --START--
INFO: Run Behavior\BuildLiteBehavior [ RunTime:0.000041s ]
INFO: [ app_init ] --END-- [ RunTime:0.000875s ]

[ 2016-11-02T14:03:20+08:00 ] ::1 /think_blog/Admin/Admin/getVerify.html
INFO: [ app_init ] --START--
INFO: Run Behavior\BuildLiteBehavior [ RunTime:0.000039s ]
INFO: [ app_init ] --END-- [ RunTime:0.000713s ]

[ 2016-11-02T14:03:37+08:00 ] ::1 /think_blog/Admin/Admin/login.html
INFO: [ app_init ] --START--
INFO: Run Behavior\BuildLiteBehavior [ RunTime:0.000031s ]
INFO: [ app_init ] --END-- [ RunTime:0.000672s ]

[ 2016-11-02T14:03:37+08:00 ] ::1 /think_blog/Admin/Admin/getVerify.html
INFO: [ app_init ] --START--
INFO: Run Behavior\BuildLiteBehavior [ RunTime:0.000031s ]
INFO: [ app_init ] --END-- [ RunTime:0.000728s ]

[ 2016-11-02T14:03:49+08:00 ] ::1 /think_blog/Admin/Admin/login.html
INFO: [ app_init ] --START--
INFO: Run Behavior\BuildLiteBehavior [ RunTime:0.000045s ]
INFO: [ app_init ] --END-- [ RunTime:0.001267s ]

[ 2016-11-02T14:03:49+08:00 ] ::1 /think_blog/Admin/Admin/getVerify.html
INFO: [ app_init ] --START--
INFO: Run Behavior\BuildLiteBehavior [ RunTime:0.000026s ]
INFO: [ app_init ] --END-- [ RunTime:0.000481s ]

[ 2016-11-02T14:04:02+08:00 ] ::1 /think_blog/Admin/Admin/login.html
INFO: [ app_init ] --START--
INFO: Run Behavior\BuildLiteBehavior [ RunTime:0.000029s ]
INFO: [ app_init ] --END-- [ RunTime:0.000625s ]

[ 2016-11-02T14:04:02+08:00 ] ::1 /think_blog/Admin/Admin/getVerify.html
INFO: [ app_init ] --START--
INFO: Run Behavior\BuildLiteBehavior [ RunTime:0.000025s ]
INFO: [ app_init ] --END-- [ RunTime:0.000556s ]

[ 2016-11-02T14:04:23+08:00 ] ::1 /think_blog/Admin/Admin/login.html
INFO: [ app_init ] --START--
INFO: Run Behavior\BuildLiteBehavior [ RunTime:0.000025s ]
INFO: [ app_init ] --END-- [ RunTime:0.000491s ]

[ 2016-11-02T14:04:24+08:00 ] ::1 /think_blog/Admin/Index/index.html
INFO: [ app_init ] --START--
INFO: Run Behavior\BuildLiteBehavior [ RunTime:0.000037s ]
INFO: [ app_init ] --END-- [ RunTime:0.000715s ]

[ 2016-11-02T14:04:25+08:00 ] ::1 /think_blog/index.php/admin/Article/index
INFO: [ app_init ] --START--
INFO: Run Behavior\BuildLiteBehavior [ RunTime:0.000032s ]
INFO: [ app_init ] --END-- [ RunTime:0.000589s ]

[ 2016-11-02T14:04:30+08:00 ] ::1 /think_blog/Admin/Complaint/index
INFO: [ app_init ] --START--
INFO: Run Behavior\BuildLiteBehavior [ RunTime:0.000024s ]
INFO: [ app_init ] --END-- [ RunTime:0.000453s ]

[ 2016-11-02T14:05:25+08:00 ] ::1 /think_blog/Admin/Complaint/index
INFO: [ app_init ] --START--
INFO: Run Behavior\BuildLiteBehavior [ RunTime:0.000034s ]
INFO: [ app_init ] --END-- [ RunTime:0.000674s ]

[ 2016-11-02T14:05:27+08:00 ] ::1 /think_blog/Admin/Complaint/index
INFO: [ app_init ] --START--
INFO: Run Behavior\BuildLiteBehavior [ RunTime:0.000030s ]
INFO: [ app_init ] --END-- [ RunTime:0.000629s ]

[ 2016-11-02T14:05:27+08:00 ] ::1 /think_blog/Admin/Complaint/index
INFO: [ app_init ] --START--
INFO: Run Behavior\BuildLiteBehavior [ RunTime:0.000029s ]
INFO: [ app_init ] --END-- [ RunTime:0.000634s ]

[ 2016-11-02T14:05:33+08:00 ] ::1 /think_blog/Admin/Complaint/index
INFO: [ app_init ] --START--
INFO: Run Behavior\BuildLiteBehavior [ RunTime:0.000029s ]
INFO: [ app_init ] --END-- [ RunTime:0.000599s ]

[ 2016-11-02T14:08:40+08:00 ] ::1 /think_blog/Admin/Index/index.html
INFO: [ app_init ] --START--
INFO: Run Behavior\BuildLiteBehavior [ RunTime:0.000157s ]
INFO: [ app_init ] --END-- [ RunTime:0.001606s ]

[ 2016-11-02T14:08:41+08:00 ] ::1 /think_blog/index.php/admin/Article/index
INFO: [ app_init ] --START--
INFO: Run Behavior\BuildLiteBehavior [ RunTime:0.000067s ]
INFO: [ app_init ] --END-- [ RunTime:0.000831s ]

[ 2016-11-02T14:23:46+08:00 ] ::1 /think_blog/Admin/Complaint/index
INFO: [ app_init ] --START--
INFO: Run Behavior\BuildLiteBehavior [ RunTime:0.000071s ]
INFO: [ app_init ] --END-- [ RunTime:0.000689s ]

[ 2016-11-02T14:23:50+08:00 ] ::1 /think_blog/Admin/Index/index.html
INFO: [ app_init ] --START--
INFO: Run Behavior\BuildLiteBehavior [ RunTime:0.000025s ]
INFO: [ app_init ] --END-- [ RunTime:0.000507s ]

[ 2016-11-02T14:23:51+08:00 ] ::1 /think_blog/index.php/admin/Article/index
INFO: [ app_init ] --START--
INFO: Run Behavior\BuildLiteBehavior [ RunTime:0.000025s ]
INFO: [ app_init ] --END-- [ RunTime:0.000472s ]

[ 2016-11-02T14:23:52+08:00 ] ::1 /think_blog/Admin/Complaint/index
INFO: [ app_init ] --START--
INFO: Run Behavior\BuildLiteBehavior [ RunTime:0.000027s ]
INFO: [ app_init ] --END-- [ RunTime:0.000494s ]

[ 2016-11-02T14:24:38+08:00 ] ::1 /think_blog/Admin/Index/index.html
INFO: [ app_init ] --START--
INFO: Run Behavior\BuildLiteBehavior [ RunTime:0.000038s ]
INFO: [ app_init ] --END-- [ RunTime:0.000745s ]

[ 2016-11-02T14:24:39+08:00 ] ::1 /think_blog/index.php/admin/Article/index
INFO: [ app_init ] --START--
INFO: Run Behavior\BuildLiteBehavior [ RunTime:0.000035s ]
INFO: [ app_init ] --END-- [ RunTime:0.000772s ]

[ 2016-11-02T14:24:40+08:00 ] ::1 /think_blog/Admin/Complaint/index
INFO: [ app_init ] --START--
INFO: Run Behavior\BuildLiteBehavior [ RunTime:0.000027s ]
INFO: [ app_init ] --END-- [ RunTime:0.000484s ]
ERR: 1064:Erreur de syntaxe près de 'AS `member_id`,c.member_name AS `member_name`,c.complain_content AS `complain_co' à la ligne 1
 [ SQL语句 ] : SELECT c.id AS `id`,.id AS `member_id`,c.member_name AS `member_name`,c.complain_content AS `complain_content`,c.complain_time AS `complain_time`,c.admin_id AS `admin_id`,.admin_name AS `admin_name`,c.pass_time AS `pass_time`,c.isPass AS `isPass` FROM complaint c INNER JOIN   ON c.member_name=.member_name INNER JOIN   ON c.admin_id=.id  LIMIT 0,10  

[ 2016-11-02T14:26:08+08:00 ] ::1 /think_blog/Admin/Index/index.html
INFO: [ app_init ] --START--
INFO: Run Behavior\BuildLiteBehavior [ RunTime:0.000042s ]
INFO: [ app_init ] --END-- [ RunTime:0.000880s ]

[ 2016-11-02T14:26:09+08:00 ] ::1 /think_blog/index.php/admin/Article/index
INFO: [ app_init ] --START--
INFO: Run Behavior\BuildLiteBehavior [ RunTime:0.000056s ]
INFO: [ app_init ] --END-- [ RunTime:0.001129s ]

[ 2016-11-02T14:26:10+08:00 ] ::1 /think_blog/Admin/Complaint/index
INFO: [ app_init ] --START--
INFO: Run Behavior\BuildLiteBehavior [ RunTime:0.000050s ]
INFO: [ app_init ] --END-- [ RunTime:0.001002s ]
ERR: 1064:Erreur de syntaxe près de 'AS `member_id`,c.member_name AS `member_name`,c.complain_content AS `complain_co' à la ligne 1
 [ SQL语句 ] : SELECT c.id AS `id`,.id AS `member_id`,c.member_name AS `member_name`,c.complain_content AS `complain_content`,c.complain_time AS `complain_time`,c.admin_id AS `admin_id`,.admin_name AS `admin_name`,c.pass_time AS `pass_time`,c.isPass AS `isPass` FROM complaint c INNER JOIN   ON c.member_name=.member_name INNER JOIN   ON c.admin_id=.id  LIMIT 0,10  

[ 2016-11-02T14:29:27+08:00 ] ::1 /think_blog/Admin/Index/index.html
INFO: [ app_init ] --START--
INFO: Run Behavior\BuildLiteBehavior [ RunTime:0.000048s ]
INFO: [ app_init ] --END-- [ RunTime:0.001011s ]

[ 2016-11-02T14:29:28+08:00 ] ::1 /think_blog/index.php/admin/Article/index
INFO: [ app_init ] --START--
INFO: Run Behavior\BuildLiteBehavior [ RunTime:0.000080s ]
INFO: [ app_init ] --END-- [ RunTime:0.001653s ]

[ 2016-11-02T14:29:29+08:00 ] ::1 /think_blog/Admin/Complaint/index
INFO: [ app_init ] --START--
INFO: Run Behavior\BuildLiteBehavior [ RunTime:0.000057s ]
INFO: [ app_init ] --END-- [ RunTime:0.000938s ]
ERR: 1054:Champ 'c.member_name' inconnu dans field list
 [ SQL语句 ] : SELECT c.id AS `id`,m.id AS `member_id`,c.member_name AS `member_name`,c.complain_content AS `complain_content`,c.complain_time AS `complain_time`,c.admin_id AS `admin_id`,a.admin_name AS `admin_name`,c.pass_time AS `pass_time`,c.isPass AS `isPass` FROM complaint c INNER JOIN member m ON c.member_name=m.member_name INNER JOIN admin a ON c.admin_id=a.id  LIMIT 0,10  

[ 2016-11-02T14:34:46+08:00 ] ::1 /think_blog/Admin/Index/index.html
INFO: [ app_init ] --START--
INFO: Run Behavior\BuildLiteBehavior [ RunTime:0.000025s ]
INFO: [ app_init ] --END-- [ RunTime:0.000487s ]

[ 2016-11-02T14:34:46+08:00 ] ::1 /think_blog/index.php/admin/Article/index
INFO: [ app_init ] --START--
INFO: Run Behavior\BuildLiteBehavior [ RunTime:0.000046s ]
INFO: [ app_init ] --END-- [ RunTime:0.001116s ]

[ 2016-11-02T14:34:47+08:00 ] ::1 /think_blog/Admin/Complaint/index
INFO: [ app_init ] --START--
INFO: Run Behavior\BuildLiteBehavior [ RunTime:0.000046s ]
INFO: [ app_init ] --END-- [ RunTime:0.000932s ]

[ 2016-11-02T14:37:14+08:00 ] ::1 /think_blog/Admin/Index/index.html
INFO: [ app_init ] --START--
INFO: Run Behavior\BuildLiteBehavior [ RunTime:0.000043s ]
INFO: [ app_init ] --END-- [ RunTime:0.000974s ]

[ 2016-11-02T14:37:14+08:00 ] ::1 /think_blog/index.php/admin/Article/index
INFO: [ app_init ] --START--
INFO: Run Behavior\BuildLiteBehavior [ RunTime:0.000039s ]
INFO: [ app_init ] --END-- [ RunTime:0.000888s ]

[ 2016-11-02T14:37:16+08:00 ] ::1 /think_blog/Admin/Complaint/index
INFO: [ app_init ] --START--
INFO: Run Behavior\BuildLiteBehavior [ RunTime:0.000076s ]
INFO: [ app_init ] --END-- [ RunTime:0.001180s ]

[ 2016-11-02T14:37:28+08:00 ] ::1 /think_blog/Admin/Index/index.html
INFO: [ app_init ] --START--
INFO: Run Behavior\BuildLiteBehavior [ RunTime:0.000045s ]
INFO: [ app_init ] --END-- [ RunTime:0.000885s ]

[ 2016-11-02T14:37:29+08:00 ] ::1 /think_blog/index.php/admin/Article/index
INFO: [ app_init ] --START--
INFO: Run Behavior\BuildLiteBehavior [ RunTime:0.000031s ]
INFO: [ app_init ] --END-- [ RunTime:0.000744s ]

[ 2016-11-02T14:37:30+08:00 ] ::1 /think_blog/Admin/Complaint/index
INFO: [ app_init ] --START--
INFO: Run Behavior\BuildLiteBehavior [ RunTime:0.000090s ]
INFO: [ app_init ] --END-- [ RunTime:0.002456s ]

[ 2016-11-02T16:19:17+08:00 ] ::1 /think_blog/Admin/Index/index.html
INFO: [ app_init ] --START--
INFO: Run Behavior\BuildLiteBehavior [ RunTime:0.000024s ]
INFO: [ app_init ] --END-- [ RunTime:0.000518s ]

[ 2016-11-02T16:19:17+08:00 ] ::1 /think_blog/index.php/admin/Article/index
INFO: [ app_init ] --START--
INFO: Run Behavior\BuildLiteBehavior [ RunTime:0.000026s ]
INFO: [ app_init ] --END-- [ RunTime:0.000483s ]

[ 2016-11-02T16:19:20+08:00 ] ::1 /think_blog/Admin/Complaint/index
INFO: [ app_init ] --START--
INFO: Run Behavior\BuildLiteBehavior [ RunTime:0.000040s ]
INFO: [ app_init ] --END-- [ RunTime:0.000699s ]

[ 2016-11-02T16:20:57+08:00 ] ::1 /think_blog/Admin/Index/index.html
INFO: [ app_init ] --START--
INFO: Run Behavior\BuildLiteBehavior [ RunTime:0.000030s ]
INFO: [ app_init ] --END-- [ RunTime:0.000646s ]

[ 2016-11-02T16:20:57+08:00 ] ::1 /think_blog/index.php/admin/Article/index
INFO: [ app_init ] --START--
INFO: Run Behavior\BuildLiteBehavior [ RunTime:0.000027s ]
INFO: [ app_init ] --END-- [ RunTime:0.000558s ]

[ 2016-11-02T16:20:59+08:00 ] ::1 /think_blog/Admin/Complaint/index
INFO: [ app_init ] --START--
INFO: Run Behavior\BuildLiteBehavior [ RunTime:0.000041s ]
INFO: [ app_init ] --END-- [ RunTime:0.000695s ]

[ 2016-11-02T16:22:41+08:00 ] ::1 /think_blog/Admin/Index/index.html
INFO: [ app_init ] --START--
INFO: Run Behavior\BuildLiteBehavior [ RunTime:0.000053s ]
INFO: [ app_init ] --END-- [ RunTime:0.000937s ]

[ 2016-11-02T16:22:41+08:00 ] ::1 /think_blog/index.php/admin/Article/index
INFO: [ app_init ] --START--
INFO: Run Behavior\BuildLiteBehavior [ RunTime:0.000026s ]
INFO: [ app_init ] --END-- [ RunTime:0.000658s ]

[ 2016-11-02T16:22:43+08:00 ] ::1 /think_blog/Admin/Complaint/index
INFO: [ app_init ] --START--
INFO: Run Behavior\BuildLiteBehavior [ RunTime:0.000028s ]
INFO: [ app_init ] --END-- [ RunTime:0.000628s ]

[ 2016-11-02T16:31:57+08:00 ] ::1 /think_blog/Admin/Index/index.html
INFO: [ app_init ] --START--
INFO: Run Behavior\BuildLiteBehavior [ RunTime:0.000037s ]
INFO: [ app_init ] --END-- [ RunTime:0.000640s ]

[ 2016-11-02T16:31:58+08:00 ] ::1 /think_blog/index.php/admin/Article/index
INFO: [ app_init ] --START--
INFO: Run Behavior\BuildLiteBehavior [ RunTime:0.000026s ]
INFO: [ app_init ] --END-- [ RunTime:0.000519s ]

[ 2016-11-02T16:32:00+08:00 ] ::1 /think_blog/Admin/Complaint/index
INFO: [ app_init ] --START--
INFO: Run Behavior\BuildLiteBehavior [ RunTime:0.000028s ]
INFO: [ app_init ] --END-- [ RunTime:0.000606s ]

[ 2016-11-02T16:32:03+08:00 ] ::1 /think_blog/Admin/Complaint/index
INFO: [ app_init ] --START--
INFO: Run Behavior\BuildLiteBehavior [ RunTime:0.000025s ]
INFO: [ app_init ] --END-- [ RunTime:0.000528s ]
INFO: [ app_begin ] --START--
INFO: Run Behavior\ReadHtmlCacheBehavior [ RunTime:0.000627s ]
INFO: [ app_begin ] --END-- [ RunTime:0.000729s ]
NOTIC: [2048] Declaration of Admin\Model\ComplaintModel::index() should be compatible with Admin\Model\CommonModel::index($f = '') D:\wamp\www\think_blog\Application\Admin\Model\ComplaintModel.class.php 第 5 行.
SQL: SHOW COLUMNS FROM `complaint` [ RunTime:0.0108s ]
SQL: SELECT c.id AS `id`,m.id AS `member_id`,c.member_name AS `member_name`,c.complain_content AS `complain_content`,c.complain_time AS `complain_time`,c.admin_id AS `admin_id`,a.admin_name AS `admin_name`,c.pass_time AS `pass_time`,c.isPass AS `isPass` FROM complaint c LEFT JOIN member m ON c.member_name=m.member_name LEFT JOIN admin a ON c.admin_id=a.id  LIMIT 0,10   [ RunTime:0.0006s ]
SQL: SELECT count(c.id) AS `count` FROM complaint c LEFT JOIN member m ON c.member_name=m.member_name LEFT JOIN admin a ON c.admin_id=a.id   [ RunTime:0.0005s ]

[ 2016-11-02T16:33:17+08:00 ] ::1 /think_blog/Admin/Index/index.html
INFO: [ app_init ] --START--
INFO: Run Behavior\BuildLiteBehavior [ RunTime:0.000031s ]
INFO: [ app_init ] --END-- [ RunTime:0.000633s ]

[ 2016-11-02T16:33:17+08:00 ] ::1 /think_blog/index.php/admin/Article/index
INFO: [ app_init ] --START--
INFO: Run Behavior\BuildLiteBehavior [ RunTime:0.000027s ]
INFO: [ app_init ] --END-- [ RunTime:0.000502s ]

[ 2016-11-02T16:33:20+08:00 ] ::1 /think_blog/Admin/Admin/updatePasswd
INFO: [ app_init ] --START--
INFO: Run Behavior\BuildLiteBehavior [ RunTime:0.000029s ]
INFO: [ app_init ] --END-- [ RunTime:0.000565s ]

[ 2016-11-02T16:33:20+08:00 ] ::1 /think_blog/Admin/Complaint/index
INFO: [ app_init ] --START--
INFO: Run Behavior\BuildLiteBehavior [ RunTime:0.000030s ]
INFO: [ app_init ] --END-- [ RunTime:0.000663s ]

[ 2016-11-02T16:33:22+08:00 ] ::1 /think_blog/Admin/Complaint/index
INFO: [ app_init ] --START--
INFO: Run Behavior\BuildLiteBehavior [ RunTime:0.000030s ]
INFO: [ app_init ] --END-- [ RunTime:0.000632s ]
INFO: [ app_begin ] --START--
INFO: Run Behavior\ReadHtmlCacheBehavior [ RunTime:0.000808s ]
INFO: [ app_begin ] --END-- [ RunTime:0.000930s ]
NOTIC: [2048] Declaration of Admin\Model\ComplaintModel::index() should be compatible with Admin\Model\CommonModel::index($f = '') D:\wamp\www\think_blog\Application\Admin\Model\ComplaintModel.class.php 第 5 行.
SQL: SHOW COLUMNS FROM `complaint` [ RunTime:0.0076s ]
SQL: SELECT c.id AS `id`,m.id AS `member_id`,c.member_name AS `member_name`,c.complain_content AS `complain_content`,c.complain_time AS `complain_time`,c.admin_id AS `admin_id`,a.admin_name AS `admin_name`,c.pass_time AS `pass_time`,c.isPass AS `isPass` FROM complaint c LEFT JOIN member m ON c.member_name=m.member_name LEFT JOIN admin a ON c.admin_id=a.id  LIMIT 0,10   [ RunTime:0.0007s ]
SQL: SELECT count(c.id) AS `count` FROM complaint c LEFT JOIN member m ON c.member_name=m.member_name LEFT JOIN admin a ON c.admin_id=a.id   [ RunTime:0.0005s ]

[ 2016-11-02T16:33:47+08:00 ] ::1 /think_blog/Admin/Index/index.html
INFO: [ app_init ] --START--
INFO: Run Behavior\BuildLiteBehavior [ RunTime:0.000025s ]
INFO: [ app_init ] --END-- [ RunTime:0.000488s ]

[ 2016-11-02T16:33:47+08:00 ] ::1 /think_blog/index.php/admin/Article/index
INFO: [ app_init ] --START--
INFO: Run Behavior\BuildLiteBehavior [ RunTime:0.000041s ]
INFO: [ app_init ] --END-- [ RunTime:0.000704s ]

[ 2016-11-02T16:33:49+08:00 ] ::1 /think_blog/Admin/Complaint/index
INFO: [ app_init ] --START--
INFO: Run Behavior\BuildLiteBehavior [ RunTime:0.000032s ]
INFO: [ app_init ] --END-- [ RunTime:0.000689s ]

[ 2016-11-02T16:33:56+08:00 ] ::1 /think_blog/Admin/Complaint/index
INFO: [ app_init ] --START--
INFO: Run Behavior\BuildLiteBehavior [ RunTime:0.000023s ]
INFO: [ app_init ] --END-- [ RunTime:0.000488s ]
INFO: [ app_begin ] --START--
INFO: Run Behavior\ReadHtmlCacheBehavior [ RunTime:0.001062s ]
INFO: [ app_begin ] --END-- [ RunTime:0.001253s ]
NOTIC: [2048] Declaration of Admin\Model\ComplaintModel::index() should be compatible with Admin\Model\CommonModel::index($f = '') D:\wamp\www\think_blog\Application\Admin\Model\ComplaintModel.class.php 第 5 行.
SQL: SHOW COLUMNS FROM `complaint` [ RunTime:0.0082s ]
SQL: SELECT c.id AS `id`,m.id AS `member_id`,c.member_name AS `member_name`,c.complain_content AS `complain_content`,c.complain_time AS `complain_time`,c.admin_id AS `admin_id`,a.admin_name AS `admin_name`,c.pass_time AS `pass_time`,c.isPass AS `isPass` FROM complaint c LEFT JOIN member m ON c.member_name=m.member_name LEFT JOIN admin a ON c.admin_id=a.id  LIMIT 0,10   [ RunTime:0.0006s ]
SQL: SELECT count(c.id) AS `count` FROM complaint c LEFT JOIN member m ON c.member_name=m.member_name LEFT JOIN admin a ON c.admin_id=a.id   [ RunTime:0.0006s ]

[ 2016-11-02T16:33:58+08:00 ] ::1 /think_blog/Admin/Complaint/index
INFO: [ app_init ] --START--
INFO: Run Behavior\BuildLiteBehavior [ RunTime:0.000029s ]
INFO: [ app_init ] --END-- [ RunTime:0.000652s ]
INFO: [ app_begin ] --START--
INFO: Run Behavior\ReadHtmlCacheBehavior [ RunTime:0.000803s ]
INFO: [ app_begin ] --END-- [ RunTime:0.000925s ]
NOTIC: [2048] Declaration of Admin\Model\ComplaintModel::index() should be compatible with Admin\Model\CommonModel::index($f = '') D:\wamp\www\think_blog\Application\Admin\Model\ComplaintModel.class.php 第 5 行.
SQL: SHOW COLUMNS FROM `complaint` [ RunTime:0.0038s ]
SQL: SELECT c.id AS `id`,m.id AS `member_id`,c.member_name AS `member_name`,c.complain_content AS `complain_content`,c.complain_time AS `complain_time`,c.admin_id AS `admin_id`,a.admin_name AS `admin_name`,c.pass_time AS `pass_time`,c.isPass AS `isPass` FROM complaint c LEFT JOIN member m ON c.member_name=m.member_name LEFT JOIN admin a ON c.admin_id=a.id  LIMIT 0,50   [ RunTime:0.0004s ]
SQL: SELECT count(c.id) AS `count` FROM complaint c LEFT JOIN member m ON c.member_name=m.member_name LEFT JOIN admin a ON c.admin_id=a.id   [ RunTime:0.0002s ]

[ 2016-11-02T16:36:42+08:00 ] ::1 /think_blog/Admin/Index/index.html
INFO: [ app_init ] --START--
INFO: Run Behavior\BuildLiteBehavior [ RunTime:0.000042s ]
INFO: [ app_init ] --END-- [ RunTime:0.000824s ]

[ 2016-11-02T16:36:42+08:00 ] ::1 /think_blog/index.php/admin/Article/index
INFO: [ app_init ] --START--
INFO: Run Behavior\BuildLiteBehavior [ RunTime:0.000029s ]
INFO: [ app_init ] --END-- [ RunTime:0.000534s ]

[ 2016-11-02T16:36:44+08:00 ] ::1 /think_blog/Admin/Complaint/index
INFO: [ app_init ] --START--
INFO: Run Behavior\BuildLiteBehavior [ RunTime:0.000035s ]
INFO: [ app_init ] --END-- [ RunTime:0.000494s ]

[ 2016-11-02T16:36:50+08:00 ] ::1 /think_blog/Admin/Complaint/index
INFO: [ app_init ] --START--
INFO: Run Behavior\BuildLiteBehavior [ RunTime:0.000032s ]
INFO: [ app_init ] --END-- [ RunTime:0.000766s ]
INFO: [ app_begin ] --START--
INFO: Run Behavior\ReadHtmlCacheBehavior [ RunTime:0.000749s ]
INFO: [ app_begin ] --END-- [ RunTime:0.000875s ]
NOTIC: [2048] Declaration of Admin\Model\ComplaintModel::index() should be compatible with Admin\Model\CommonModel::index($f = '') D:\wamp\www\think_blog\Application\Admin\Model\ComplaintModel.class.php 第 5 行.
SQL: SHOW COLUMNS FROM `complaint` [ RunTime:0.0109s ]
ERR: 1054:Champ 'm.member_id' inconnu dans where clause
 [ SQL语句 ] : SELECT c.id AS `id`,m.id AS `member_id`,c.member_name AS `member_name`,c.complain_content AS `complain_content`,c.complain_time AS `complain_time`,c.admin_id AS `admin_id`,a.admin_name AS `admin_name`,c.pass_time AS `pass_time`,c.isPass AS `isPass` FROM complaint c LEFT JOIN member m ON c.member_name=m.member_name LEFT JOIN admin a ON c.admin_id=a.id  WHERE m.member_id = 'u' LIMIT 0,10  
ERR: 1054:Champ 'm.member_id' inconnu dans where clause
 [ SQL语句 ] : SELECT c.id AS `id`,m.id AS `member_id`,c.member_name AS `member_name`,c.complain_content AS `complain_content`,c.complain_time AS `complain_time`,c.admin_id AS `admin_id`,a.admin_name AS `admin_name`,c.pass_time AS `pass_time`,c.isPass AS `isPass` FROM complaint c LEFT JOIN member m ON c.member_name=m.member_name LEFT JOIN admin a ON c.admin_id=a.id  WHERE m.member_id = 'u' LIMIT 0,10  

[ 2016-11-02T16:37:51+08:00 ] ::1 /think_blog/Admin/Index/index.html
INFO: [ app_init ] --START--
INFO: Run Behavior\BuildLiteBehavior [ RunTime:0.000025s ]
INFO: [ app_init ] --END-- [ RunTime:0.000456s ]

[ 2016-11-02T16:37:52+08:00 ] ::1 /think_blog/index.php/admin/Article/index
INFO: [ app_init ] --START--
INFO: Run Behavior\BuildLiteBehavior [ RunTime:0.000029s ]
INFO: [ app_init ] --END-- [ RunTime:0.000750s ]

[ 2016-11-02T16:37:55+08:00 ] ::1 /think_blog/Admin/Complaint/index
INFO: [ app_init ] --START--
INFO: Run Behavior\BuildLiteBehavior [ RunTime:0.000037s ]
INFO: [ app_init ] --END-- [ RunTime:0.000756s ]

[ 2016-11-02T16:38:02+08:00 ] ::1 /think_blog/Admin/Complaint/index
INFO: [ app_init ] --START--
INFO: Run Behavior\BuildLiteBehavior [ RunTime:0.000029s ]
INFO: [ app_init ] --END-- [ RunTime:0.000610s ]
INFO: [ app_begin ] --START--
INFO: Run Behavior\ReadHtmlCacheBehavior [ RunTime:0.000875s ]
INFO: [ app_begin ] --END-- [ RunTime:0.001018s ]
NOTIC: [2048] Declaration of Admin\Model\ComplaintModel::index() should be compatible with Admin\Model\CommonModel::index($f = '') D:\wamp\www\think_blog\Application\Admin\Model\ComplaintModel.class.php 第 5 行.
SQL: SHOW COLUMNS FROM `complaint` [ RunTime:0.0037s ]
SQL: SELECT c.id AS `id`,m.id AS `member_id`,c.member_name AS `member_name`,c.complain_content AS `complain_content`,c.complain_time AS `complain_time`,c.admin_id AS `admin_id`,a.admin_name AS `admin_name`,c.pass_time AS `pass_time`,c.isPass AS `isPass` FROM complaint c LEFT JOIN member m ON c.member_name=m.member_name LEFT JOIN admin a ON c.admin_id=a.id  WHERE c.member_name LIKE '%%u%%' LIMIT 0,10   [ RunTime:0.0004s ]
SQL: SELECT count(c.id) AS `count` FROM complaint c LEFT JOIN member m ON c.member_name=m.member_name LEFT JOIN admin a ON c.admin_id=a.id  WHERE c.member_name LIKE '%%%u%%%'  [ RunTime:0.0002s ]

[ 2016-11-02T16:38:07+08:00 ] ::1 /think_blog/Admin/Complaint/index
INFO: [ app_init ] --START--
INFO: Run Behavior\BuildLiteBehavior [ RunTime:0.000025s ]
INFO: [ app_init ] --END-- [ RunTime:0.000594s ]
INFO: [ app_begin ] --START--
INFO: Run Behavior\ReadHtmlCacheBehavior [ RunTime:0.000725s ]
INFO: [ app_begin ] --END-- [ RunTime:0.000826s ]
NOTIC: [2048] Declaration of Admin\Model\ComplaintModel::index() should be compatible with Admin\Model\CommonModel::index($f = '') D:\wamp\www\think_blog\Application\Admin\Model\ComplaintModel.class.php 第 5 行.
SQL: SHOW COLUMNS FROM `complaint` [ RunTime:0.0036s ]
SQL: SELECT c.id AS `id`,m.id AS `member_id`,c.member_name AS `member_name`,c.complain_content AS `complain_content`,c.complain_time AS `complain_time`,c.admin_id AS `admin_id`,a.admin_name AS `admin_name`,c.pass_time AS `pass_time`,c.isPass AS `isPass` FROM complaint c LEFT JOIN member m ON c.member_name=m.member_name LEFT JOIN admin a ON c.admin_id=a.id  WHERE a.admin_name LIKE '%%d%%' LIMIT 0,10   [ RunTime:0.0004s ]
SQL: SELECT count(c.id) AS `count` FROM complaint c LEFT JOIN member m ON c.member_name=m.member_name LEFT JOIN admin a ON c.admin_id=a.id  WHERE a.admin_name LIKE '%%%d%%%'  [ RunTime:0.0002s ]

[ 2016-11-02T16:38:17+08:00 ] ::1 /think_blog/Admin/Complaint/index
INFO: [ app_init ] --START--
INFO: Run Behavior\BuildLiteBehavior [ RunTime:0.000029s ]
INFO: [ app_init ] --END-- [ RunTime:0.000629s ]
INFO: [ app_begin ] --START--
INFO: Run Behavior\ReadHtmlCacheBehavior [ RunTime:0.000793s ]
INFO: [ app_begin ] --END-- [ RunTime:0.000929s ]
NOTIC: [2048] Declaration of Admin\Model\ComplaintModel::index() should be compatible with Admin\Model\CommonModel::index($f = '') D:\wamp\www\think_blog\Application\Admin\Model\ComplaintModel.class.php 第 5 行.
SQL: SHOW COLUMNS FROM `complaint` [ RunTime:0.0076s ]
ERR: 1054:Champ 'm.member_id' inconnu dans where clause
 [ SQL语句 ] : SELECT c.id AS `id`,m.id AS `member_id`,c.member_name AS `member_name`,c.complain_content AS `complain_content`,c.complain_time AS `complain_time`,c.admin_id AS `admin_id`,a.admin_name AS `admin_name`,c.pass_time AS `pass_time`,c.isPass AS `isPass` FROM complaint c LEFT JOIN member m ON c.member_name=m.member_name LEFT JOIN admin a ON c.admin_id=a.id  WHERE m.member_id = '29' LIMIT 0,10  
ERR: 1054:Champ 'm.member_id' inconnu dans where clause
 [ SQL语句 ] : SELECT c.id AS `id`,m.id AS `member_id`,c.member_name AS `member_name`,c.complain_content AS `complain_content`,c.complain_time AS `complain_time`,c.admin_id AS `admin_id`,a.admin_name AS `admin_name`,c.pass_time AS `pass_time`,c.isPass AS `isPass` FROM complaint c LEFT JOIN member m ON c.member_name=m.member_name LEFT JOIN admin a ON c.admin_id=a.id  WHERE m.member_id = '29' LIMIT 0,10  

[ 2016-11-02T16:38:20+08:00 ] ::1 /think_blog/Admin/Complaint/index
INFO: [ app_init ] --START--
INFO: Run Behavior\BuildLiteBehavior [ RunTime:0.000029s ]
INFO: [ app_init ] --END-- [ RunTime:0.000632s ]
INFO: [ app_begin ] --START--
INFO: Run Behavior\ReadHtmlCacheBehavior [ RunTime:0.000947s ]
INFO: [ app_begin ] --END-- [ RunTime:0.001131s ]
NOTIC: [2048] Declaration of Admin\Model\ComplaintModel::index() should be compatible with Admin\Model\CommonModel::index($f = '') D:\wamp\www\think_blog\Application\Admin\Model\ComplaintModel.class.php 第 5 行.
SQL: SHOW COLUMNS FROM `complaint` [ RunTime:0.0056s ]
ERR: 1054:Champ 'm.member_id' inconnu dans where clause
 [ SQL语句 ] : SELECT c.id AS `id`,m.id AS `member_id`,c.member_name AS `member_name`,c.complain_content AS `complain_content`,c.complain_time AS `complain_time`,c.admin_id AS `admin_id`,a.admin_name AS `admin_name`,c.pass_time AS `pass_time`,c.isPass AS `isPass` FROM complaint c LEFT JOIN member m ON c.member_name=m.member_name LEFT JOIN admin a ON c.admin_id=a.id  WHERE m.member_id = '41' LIMIT 0,10  
ERR: 1054:Champ 'm.member_id' inconnu dans where clause
 [ SQL语句 ] : SELECT c.id AS `id`,m.id AS `member_id`,c.member_name AS `member_name`,c.complain_content AS `complain_content`,c.complain_time AS `complain_time`,c.admin_id AS `admin_id`,a.admin_name AS `admin_name`,c.pass_time AS `pass_time`,c.isPass AS `isPass` FROM complaint c LEFT JOIN member m ON c.member_name=m.member_name LEFT JOIN admin a ON c.admin_id=a.id  WHERE m.member_id = '41' LIMIT 0,10  

[ 2016-11-02T16:38:22+08:00 ] ::1 /think_blog/Admin/Complaint/index
INFO: [ app_init ] --START--
INFO: Run Behavior\BuildLiteBehavior [ RunTime:0.000024s ]
INFO: [ app_init ] --END-- [ RunTime:0.000601s ]
INFO: [ app_begin ] --START--
INFO: Run Behavior\ReadHtmlCacheBehavior [ RunTime:0.000708s ]
INFO: [ app_begin ] --END-- [ RunTime:0.000810s ]
NOTIC: [2048] Declaration of Admin\Model\ComplaintModel::index() should be compatible with Admin\Model\CommonModel::index($f = '') D:\wamp\www\think_blog\Application\Admin\Model\ComplaintModel.class.php 第 5 行.
SQL: SHOW COLUMNS FROM `complaint` [ RunTime:0.0044s ]
SQL: SELECT c.id AS `id`,m.id AS `member_id`,c.member_name AS `member_name`,c.complain_content AS `complain_content`,c.complain_time AS `complain_time`,c.admin_id AS `admin_id`,a.admin_name AS `admin_name`,c.pass_time AS `pass_time`,c.isPass AS `isPass` FROM complaint c LEFT JOIN member m ON c.member_name=m.member_name LEFT JOIN admin a ON c.admin_id=a.id  LIMIT 0,10   [ RunTime:0.0004s ]
SQL: SELECT count(c.id) AS `count` FROM complaint c LEFT JOIN member m ON c.member_name=m.member_name LEFT JOIN admin a ON c.admin_id=a.id   [ RunTime:0.0003s ]

[ 2016-11-02T16:38:28+08:00 ] ::1 /think_blog/Admin/Complaint/index
INFO: [ app_init ] --START--
INFO: Run Behavior\BuildLiteBehavior [ RunTime:0.000039s ]
INFO: [ app_init ] --END-- [ RunTime:0.000912s ]
INFO: [ app_begin ] --START--
INFO: Run Behavior\ReadHtmlCacheBehavior [ RunTime:0.000829s ]
INFO: [ app_begin ] --END-- [ RunTime:0.000983s ]
NOTIC: [2048] Declaration of Admin\Model\ComplaintModel::index() should be compatible with Admin\Model\CommonModel::index($f = '') D:\wamp\www\think_blog\Application\Admin\Model\ComplaintModel.class.php 第 5 行.
SQL: SHOW COLUMNS FROM `complaint` [ RunTime:0.0050s ]
ERR: 1054:Champ 'm.member_id' inconnu dans where clause
 [ SQL语句 ] : SELECT c.id AS `id`,m.id AS `member_id`,c.member_name AS `member_name`,c.complain_content AS `complain_content`,c.complain_time AS `complain_time`,c.admin_id AS `admin_id`,a.admin_name AS `admin_name`,c.pass_time AS `pass_time`,c.isPass AS `isPass` FROM complaint c LEFT JOIN member m ON c.member_name=m.member_name LEFT JOIN admin a ON c.admin_id=a.id  WHERE m.member_id = '41' LIMIT 0,10  
ERR: 1054:Champ 'm.member_id' inconnu dans where clause
 [ SQL语句 ] : SELECT c.id AS `id`,m.id AS `member_id`,c.member_name AS `member_name`,c.complain_content AS `complain_content`,c.complain_time AS `complain_time`,c.admin_id AS `admin_id`,a.admin_name AS `admin_name`,c.pass_time AS `pass_time`,c.isPass AS `isPass` FROM complaint c LEFT JOIN member m ON c.member_name=m.member_name LEFT JOIN admin a ON c.admin_id=a.id  WHERE m.member_id = '41' LIMIT 0,10  

[ 2016-11-02T16:39:10+08:00 ] ::1 /think_blog/Admin/Index/index.html
INFO: [ app_init ] --START--
INFO: Run Behavior\BuildLiteBehavior [ RunTime:0.000025s ]
INFO: [ app_init ] --END-- [ RunTime:0.000523s ]

[ 2016-11-02T16:39:10+08:00 ] ::1 /think_blog/index.php/admin/Article/index
INFO: [ app_init ] --START--
INFO: Run Behavior\BuildLiteBehavior [ RunTime:0.000027s ]
INFO: [ app_init ] --END-- [ RunTime:0.000496s ]

[ 2016-11-02T16:39:12+08:00 ] ::1 /think_blog/Admin/Complaint/index
INFO: [ app_init ] --START--
INFO: Run Behavior\BuildLiteBehavior [ RunTime:0.000041s ]
INFO: [ app_init ] --END-- [ RunTime:0.000710s ]

[ 2016-11-02T16:39:18+08:00 ] ::1 /think_blog/Admin/Complaint/index
INFO: [ app_init ] --START--
INFO: Run Behavior\BuildLiteBehavior [ RunTime:0.000037s ]
INFO: [ app_init ] --END-- [ RunTime:0.001430s ]
INFO: [ app_begin ] --START--
INFO: Run Behavior\ReadHtmlCacheBehavior [ RunTime:0.000745s ]
INFO: [ app_begin ] --END-- [ RunTime:0.000880s ]
NOTIC: [2048] Declaration of Admin\Model\ComplaintModel::index() should be compatible with Admin\Model\CommonModel::index($f = '') D:\wamp\www\think_blog\Application\Admin\Model\ComplaintModel.class.php 第 5 行.
SQL: SHOW COLUMNS FROM `complaint` [ RunTime:0.0143s ]
SQL: SELECT c.id AS `id`,m.id AS `member_id`,c.member_name AS `member_name`,c.complain_content AS `complain_content`,c.complain_time AS `complain_time`,c.admin_id AS `admin_id`,a.admin_name AS `admin_name`,c.pass_time AS `pass_time`,c.isPass AS `isPass` FROM complaint c LEFT JOIN member m ON c.member_name=m.member_name LEFT JOIN admin a ON c.admin_id=a.id  WHERE m.id = 'r' LIMIT 0,10   [ RunTime:0.0012s ]
ERR: 1054:Champ 'm.member_id' inconnu dans where clause
 [ SQL语句 ] : SELECT count(c.id) AS `count` FROM complaint c LEFT JOIN member m ON c.member_name=m.member_name LEFT JOIN admin a ON c.admin_id=a.id  WHERE m.member_id = 'r' 
ERR: 1054:Champ 'm.member_id' inconnu dans where clause
 [ SQL语句 ] : SELECT count(c.id) AS `count` FROM complaint c LEFT JOIN member m ON c.member_name=m.member_name LEFT JOIN admin a ON c.admin_id=a.id  WHERE m.member_id = 'r' 

[ 2016-11-02T16:39:22+08:00 ] ::1 /think_blog/Admin/Complaint/index
INFO: [ app_init ] --START--
INFO: Run Behavior\BuildLiteBehavior [ RunTime:0.000030s ]
INFO: [ app_init ] --END-- [ RunTime:0.000602s ]
INFO: [ app_begin ] --START--
INFO: Run Behavior\ReadHtmlCacheBehavior [ RunTime:0.000745s ]
INFO: [ app_begin ] --END-- [ RunTime:0.000873s ]
NOTIC: [2048] Declaration of Admin\Model\ComplaintModel::index() should be compatible with Admin\Model\CommonModel::index($f = '') D:\wamp\www\think_blog\Application\Admin\Model\ComplaintModel.class.php 第 5 行.
SQL: SHOW COLUMNS FROM `complaint` [ RunTime:0.0084s ]
SQL: SELECT c.id AS `id`,m.id AS `member_id`,c.member_name AS `member_name`,c.complain_content AS `complain_content`,c.complain_time AS `complain_time`,c.admin_id AS `admin_id`,a.admin_name AS `admin_name`,c.pass_time AS `pass_time`,c.isPass AS `isPass` FROM complaint c LEFT JOIN member m ON c.member_name=m.member_name LEFT JOIN admin a ON c.admin_id=a.id  WHERE m.id = '41' LIMIT 0,10   [ RunTime:0.0375s ]
ERR: 1054:Champ 'm.member_id' inconnu dans where clause
 [ SQL语句 ] : SELECT count(c.id) AS `count` FROM complaint c LEFT JOIN member m ON c.member_name=m.member_name LEFT JOIN admin a ON c.admin_id=a.id  WHERE m.member_id = '41' 
ERR: 1054:Champ 'm.member_id' inconnu dans where clause
 [ SQL语句 ] : SELECT count(c.id) AS `count` FROM complaint c LEFT JOIN member m ON c.member_name=m.member_name LEFT JOIN admin a ON c.admin_id=a.id  WHERE m.member_id = '41' 

[ 2016-11-02T16:39:51+08:00 ] ::1 /think_blog/Admin/Index/index.html
INFO: [ app_init ] --START--
INFO: Run Behavior\BuildLiteBehavior [ RunTime:0.000037s ]
INFO: [ app_init ] --END-- [ RunTime:0.000775s ]

[ 2016-11-02T16:39:51+08:00 ] ::1 /think_blog/index.php/admin/Article/index
INFO: [ app_init ] --START--
INFO: Run Behavior\BuildLiteBehavior [ RunTime:0.000028s ]
INFO: [ app_init ] --END-- [ RunTime:0.000527s ]

[ 2016-11-02T16:39:55+08:00 ] ::1 /think_blog/Admin/Complaint/index
INFO: [ app_init ] --START--
INFO: Run Behavior\BuildLiteBehavior [ RunTime:0.000044s ]
INFO: [ app_init ] --END-- [ RunTime:0.000773s ]

[ 2016-11-02T16:39:57+08:00 ] ::1 /think_blog/Admin/Complaint/index
INFO: [ app_init ] --START--
INFO: Run Behavior\BuildLiteBehavior [ RunTime:0.000024s ]
INFO: [ app_init ] --END-- [ RunTime:0.000518s ]
INFO: [ app_begin ] --START--
INFO: Run Behavior\ReadHtmlCacheBehavior [ RunTime:0.000622s ]
INFO: [ app_begin ] --END-- [ RunTime:0.000722s ]
NOTIC: [2048] Declaration of Admin\Model\ComplaintModel::index() should be compatible with Admin\Model\CommonModel::index($f = '') D:\wamp\www\think_blog\Application\Admin\Model\ComplaintModel.class.php 第 5 行.
SQL: SHOW COLUMNS FROM `complaint` [ RunTime:0.0113s ]
SQL: SELECT c.id AS `id`,m.id AS `member_id`,c.member_name AS `member_name`,c.complain_content AS `complain_content`,c.complain_time AS `complain_time`,c.admin_id AS `admin_id`,a.admin_name AS `admin_name`,c.pass_time AS `pass_time`,c.isPass AS `isPass` FROM complaint c LEFT JOIN member m ON c.member_name=m.member_name LEFT JOIN admin a ON c.admin_id=a.id  WHERE c.id = '1' LIMIT 0,10   [ RunTime:0.0011s ]
SQL: SELECT count(c.id) AS `count` FROM complaint c LEFT JOIN member m ON c.member_name=m.member_name LEFT JOIN admin a ON c.admin_id=a.id  WHERE c.id = '1'  [ RunTime:0.0008s ]

[ 2016-11-02T16:40:02+08:00 ] ::1 /think_blog/Admin/Complaint/index
INFO: [ app_init ] --START--
INFO: Run Behavior\BuildLiteBehavior [ RunTime:0.000027s ]
INFO: [ app_init ] --END-- [ RunTime:0.000607s ]
INFO: [ app_begin ] --START--
INFO: Run Behavior\ReadHtmlCacheBehavior [ RunTime:0.000724s ]
INFO: [ app_begin ] --END-- [ RunTime:0.000838s ]
NOTIC: [2048] Declaration of Admin\Model\ComplaintModel::index() should be compatible with Admin\Model\CommonModel::index($f = '') D:\wamp\www\think_blog\Application\Admin\Model\ComplaintModel.class.php 第 5 行.
SQL: SHOW COLUMNS FROM `complaint` [ RunTime:0.0045s ]
SQL: SELECT c.id AS `id`,m.id AS `member_id`,c.member_name AS `member_name`,c.complain_content AS `complain_content`,c.complain_time AS `complain_time`,c.admin_id AS `admin_id`,a.admin_name AS `admin_name`,c.pass_time AS `pass_time`,c.isPass AS `isPass` FROM complaint c LEFT JOIN member m ON c.member_name=m.member_name LEFT JOIN admin a ON c.admin_id=a.id  WHERE m.id = '1' LIMIT 0,10   [ RunTime:0.0004s ]
ERR: 1054:Champ 'm.member_id' inconnu dans where clause
 [ SQL语句 ] : SELECT count(c.id) AS `count` FROM complaint c LEFT JOIN member m ON c.member_name=m.member_name LEFT JOIN admin a ON c.admin_id=a.id  WHERE m.member_id = '1' 
ERR: 1054:Champ 'm.member_id' inconnu dans where clause
 [ SQL语句 ] : SELECT count(c.id) AS `count` FROM complaint c LEFT JOIN member m ON c.member_name=m.member_name LEFT JOIN admin a ON c.admin_id=a.id  WHERE m.member_id = '1' 

[ 2016-11-02T16:42:47+08:00 ] ::1 /think_blog/Admin/Complaint/index
INFO: [ app_init ] --START--
INFO: Run Behavior\BuildLiteBehavior [ RunTime:0.000077s ]
INFO: [ app_init ] --END-- [ RunTime:0.000661s ]
INFO: [ app_begin ] --START--
INFO: Run Behavior\ReadHtmlCacheBehavior [ RunTime:0.000777s ]
INFO: [ app_begin ] --END-- [ RunTime:0.001011s ]
NOTIC: [2048] Declaration of Admin\Model\ComplaintModel::index() should be compatible with Admin\Model\CommonModel::index($f = '') D:\wamp\www\think_blog\Application\Admin\Model\ComplaintModel.class.php 第 5 行.
SQL: SHOW COLUMNS FROM `complaint` [ RunTime:0.0175s ]
SQL: SELECT c.id AS `id`,m.id AS `member_id`,c.member_name AS `member_name`,c.complain_content AS `complain_content`,c.complain_time AS `complain_time`,c.admin_id AS `admin_id`,a.admin_name AS `admin_name`,c.pass_time AS `pass_time`,c.isPass AS `isPass` FROM complaint c LEFT JOIN member m ON c.member_name=m.member_name LEFT JOIN admin a ON c.admin_id=a.id  WHERE m.id = '1' LIMIT 0,10   [ RunTime:0.0017s ]

[ 2016-11-02T16:43:27+08:00 ] ::1 /think_blog/Admin/Index/index.html
INFO: [ app_init ] --START--
INFO: Run Behavior\BuildLiteBehavior [ RunTime:0.000040s ]
INFO: [ app_init ] --END-- [ RunTime:0.000726s ]

[ 2016-11-02T16:43:28+08:00 ] ::1 /think_blog/index.php/admin/Article/index
INFO: [ app_init ] --START--
INFO: Run Behavior\BuildLiteBehavior [ RunTime:0.000053s ]
INFO: [ app_init ] --END-- [ RunTime:0.001329s ]

[ 2016-11-02T16:43:31+08:00 ] ::1 /think_blog/Admin/Complaint/index
INFO: [ app_init ] --START--
INFO: Run Behavior\BuildLiteBehavior [ RunTime:0.000026s ]
INFO: [ app_init ] --END-- [ RunTime:0.000459s ]

[ 2016-11-02T16:43:32+08:00 ] ::1 /think_blog/Admin/Complaint/index
INFO: [ app_init ] --START--
INFO: Run Behavior\BuildLiteBehavior [ RunTime:0.000024s ]
INFO: [ app_init ] --END-- [ RunTime:0.000432s ]

[ 2016-11-02T16:43:36+08:00 ] ::1 /think_blog/Admin/Complaint/index
INFO: [ app_init ] --START--
INFO: Run Behavior\BuildLiteBehavior [ RunTime:0.000028s ]
INFO: [ app_init ] --END-- [ RunTime:0.000909s ]
INFO: [ app_begin ] --START--
INFO: Run Behavior\ReadHtmlCacheBehavior [ RunTime:0.000667s ]
INFO: [ app_begin ] --END-- [ RunTime:0.000777s ]
NOTIC: [2048] Declaration of Admin\Model\ComplaintModel::index() should be compatible with Admin\Model\CommonModel::index($f = '') D:\wamp\www\think_blog\Application\Admin\Model\ComplaintModel.class.php 第 5 行.
SQL: SHOW COLUMNS FROM `complaint` [ RunTime:0.0130s ]
SQL: SELECT c.id AS `id`,m.id AS `member_id`,c.member_name AS `member_name`,c.complain_content AS `complain_content`,c.complain_time AS `complain_time`,c.admin_id AS `admin_id`,a.admin_name AS `admin_name`,c.pass_time AS `pass_time`,c.isPass AS `isPass` FROM complaint c LEFT JOIN member m ON c.member_name=m.member_name LEFT JOIN admin a ON c.admin_id=a.id  WHERE c.admin_id LIKE '%%4%%' LIMIT 0,10   [ RunTime:0.0006s ]
SQL: SELECT count(c.id) AS `count` FROM complaint c LEFT JOIN member m ON c.member_name=m.member_name LEFT JOIN admin a ON c.admin_id=a.id  WHERE c.admin_id LIKE '%%%4%%%'  [ RunTime:0.0005s ]

[ 2016-11-02T16:43:51+08:00 ] ::1 /think_blog/Admin/Complaint/index
INFO: [ app_init ] --START--
INFO: Run Behavior\BuildLiteBehavior [ RunTime:0.000045s ]
INFO: [ app_init ] --END-- [ RunTime:0.001441s ]
INFO: [ app_begin ] --START--
INFO: Run Behavior\ReadHtmlCacheBehavior [ RunTime:0.001251s ]
INFO: [ app_begin ] --END-- [ RunTime:0.001448s ]
NOTIC: [2048] Declaration of Admin\Model\ComplaintModel::index() should be compatible with Admin\Model\CommonModel::index($f = '') D:\wamp\www\think_blog\Application\Admin\Model\ComplaintModel.class.php 第 5 行.
SQL: SHOW COLUMNS FROM `complaint` [ RunTime:0.0126s ]
SQL: SELECT c.id AS `id`,m.id AS `member_id`,c.member_name AS `member_name`,c.complain_content AS `complain_content`,c.complain_time AS `complain_time`,c.admin_id AS `admin_id`,a.admin_name AS `admin_name`,c.pass_time AS `pass_time`,c.isPass AS `isPass` FROM complaint c LEFT JOIN member m ON c.member_name=m.member_name LEFT JOIN admin a ON c.admin_id=a.id  WHERE m.id = '2' LIMIT 0,10   [ RunTime:0.0013s ]
SQL: SELECT count(c.id) AS `count` FROM complaint c LEFT JOIN member m ON c.member_name=m.member_name LEFT JOIN admin a ON c.admin_id=a.id  WHERE m.id = '2'  [ RunTime:0.0007s ]

