[ 2016-10-23T14:17:42+08:00 ] ::1 /think_blog/Admin/
INFO: [ app_init ] --START--
INFO: Run Behavior\BuildLiteBehavior [ RunTime:0.000024s ]
INFO: [ app_init ] --END-- [ RunTime:0.000448s ]

[ 2016-10-23T14:17:42+08:00 ] ::1 /think_blog/index.php/admin/Article/index
INFO: [ app_init ] --START--
INFO: Run Behavior\BuildLiteBehavior [ RunTime:0.000027s ]
INFO: [ app_init ] --END-- [ RunTime:0.000618s ]

[ 2016-10-23T14:17:54+08:00 ] ::1 /think_blog/index.php/Admin/ArticleComment/index?article_id=3
INFO: [ app_init ] --START--
INFO: Run Behavior\BuildLiteBehavior [ RunTime:0.000028s ]
INFO: [ app_init ] --END-- [ RunTime:0.000606s ]

[ 2016-10-23T14:18:19+08:00 ] ::1 /think_blog/index.php/Admin/ArticleComment/index?article_id=3
INFO: [ app_init ] --START--
INFO: Run Behavior\BuildLiteBehavior [ RunTime:0.000030s ]
INFO: [ app_init ] --END-- [ RunTime:0.000644s ]
INFO: [ app_begin ] --START--
INFO: Run Behavior\ReadHtmlCacheBehavior [ RunTime:0.001519s ]
INFO: [ app_begin ] --END-- [ RunTime:0.001824s ]
NOTIC: [2048] Declaration of Admin\Model\ArticleCommentModel::index() should be compatible with Admin\Model\CommonModel::index($f = '') D:\wamp\www\think_blog\Application\Admin\Model\ArticleCommentModel.class.php 第 5 行.
SQL: SHOW COLUMNS FROM `article_comment` [ RunTime:0.0048s ]
SQL: SELECT ac.id AS `id`,ac.member_id AS `member_id`,m.member_name AS `member_name`,ac.comment_content AS `comment_content`,ac.comment_time AS `comment_time` FROM article_comment ac INNER JOIN member m ON ac.member_id=m.id  WHERE ac.article_id = '3' LIMIT 10,10   [ RunTime:0.0006s ]
SQL: SELECT count(ac.id) AS `count` FROM article_comment ac INNER JOIN member m ON ac.member_id=m.id   [ RunTime:0.0004s ]
NOTIC: [2048] Declaration of Admin\Model\ArticleModel::index() should be compatible with Admin\Model\CommonModel::index($f = '') D:\wamp\www\think_blog\Application\Admin\Model\ArticleModel.class.php 第 109 行.
SQL: SHOW COLUMNS FROM `article` [ RunTime:0.0048s ]
SQL: SELECT `id`,`title` FROM `article` WHERE `id` = '3'  [ RunTime:0.0004s ]

[ 2016-10-23T14:18:22+08:00 ] ::1 /think_blog/index.php/Admin/ArticleComment/index?article_id=3
INFO: [ app_init ] --START--
INFO: Run Behavior\BuildLiteBehavior [ RunTime:0.000031s ]
INFO: [ app_init ] --END-- [ RunTime:0.000919s ]
INFO: [ app_begin ] --START--
INFO: Run Behavior\ReadHtmlCacheBehavior [ RunTime:0.000530s ]
INFO: [ app_begin ] --END-- [ RunTime:0.000653s ]
NOTIC: [2048] Declaration of Admin\Model\ArticleCommentModel::index() should be compatible with Admin\Model\CommonModel::index($f = '') D:\wamp\www\think_blog\Application\Admin\Model\ArticleCommentModel.class.php 第 5 行.
SQL: SHOW COLUMNS FROM `article_comment` [ RunTime:0.0041s ]
SQL: SELECT ac.id AS `id`,ac.member_id AS `member_id`,m.member_name AS `member_name`,ac.comment_content AS `comment_content`,ac.comment_time AS `comment_time` FROM article_comment ac INNER JOIN member m ON ac.member_id=m.id  WHERE ac.article_id = '3' LIMIT 0,10   [ RunTime:0.0005s ]
SQL: SELECT count(ac.id) AS `count` FROM article_comment ac INNER JOIN member m ON ac.member_id=m.id   [ RunTime:0.0003s ]
NOTIC: [2048] Declaration of Admin\Model\ArticleModel::index() should be compatible with Admin\Model\CommonModel::index($f = '') D:\wamp\www\think_blog\Application\Admin\Model\ArticleModel.class.php 第 109 行.
SQL: SHOW COLUMNS FROM `article` [ RunTime:0.0130s ]
SQL: SELECT `id`,`title` FROM `article` WHERE `id` = '3'  [ RunTime:0.0009s ]

[ 2016-10-23T14:18:27+08:00 ] ::1 /think_blog/index.php/Admin/ArticleComment/index?article_id=3
INFO: [ app_init ] --START--
INFO: Run Behavior\BuildLiteBehavior [ RunTime:0.000025s ]
INFO: [ app_init ] --END-- [ RunTime:0.000444s ]
INFO: [ app_begin ] --START--
INFO: Run Behavior\ReadHtmlCacheBehavior [ RunTime:0.000423s ]
INFO: [ app_begin ] --END-- [ RunTime:0.000526s ]
NOTIC: [2048] Declaration of Admin\Model\ArticleCommentModel::index() should be compatible with Admin\Model\CommonModel::index($f = '') D:\wamp\www\think_blog\Application\Admin\Model\ArticleCommentModel.class.php 第 5 行.
SQL: SHOW COLUMNS FROM `article_comment` [ RunTime:0.0031s ]
SQL: SELECT ac.id AS `id`,ac.member_id AS `member_id`,m.member_name AS `member_name`,ac.comment_content AS `comment_content`,ac.comment_time AS `comment_time` FROM article_comment ac INNER JOIN member m ON ac.member_id=m.id  WHERE ac.article_id = '3' LIMIT 10,10   [ RunTime:0.0004s ]
SQL: SELECT count(ac.id) AS `count` FROM article_comment ac INNER JOIN member m ON ac.member_id=m.id   [ RunTime:0.0003s ]
NOTIC: [2048] Declaration of Admin\Model\ArticleModel::index() should be compatible with Admin\Model\CommonModel::index($f = '') D:\wamp\www\think_blog\Application\Admin\Model\ArticleModel.class.php 第 109 行.
SQL: SHOW COLUMNS FROM `article` [ RunTime:0.0094s ]
SQL: SELECT `id`,`title` FROM `article` WHERE `id` = '3'  [ RunTime:0.0003s ]

[ 2016-10-23T14:18:34+08:00 ] ::1 /think_blog/index.php/Admin/ArticleComment/index?article_id=3
INFO: [ app_init ] --START--
INFO: Run Behavior\BuildLiteBehavior [ RunTime:0.000046s ]
INFO: [ app_init ] --END-- [ RunTime:0.000599s ]
INFO: [ app_begin ] --START--
INFO: Run Behavior\ReadHtmlCacheBehavior [ RunTime:0.000508s ]
INFO: [ app_begin ] --END-- [ RunTime:0.000634s ]
NOTIC: [2048] Declaration of Admin\Model\ArticleCommentModel::index() should be compatible with Admin\Model\CommonModel::index($f = '') D:\wamp\www\think_blog\Application\Admin\Model\ArticleCommentModel.class.php 第 5 行.
SQL: SHOW COLUMNS FROM `article_comment` [ RunTime:0.0044s ]
SQL: SELECT ac.id AS `id`,ac.member_id AS `member_id`,m.member_name AS `member_name`,ac.comment_content AS `comment_content`,ac.comment_time AS `comment_time` FROM article_comment ac INNER JOIN member m ON ac.member_id=m.id  WHERE ac.article_id = '3' LIMIT 0,10   [ RunTime:0.0006s ]
SQL: SELECT count(ac.id) AS `count` FROM article_comment ac INNER JOIN member m ON ac.member_id=m.id   [ RunTime:0.0003s ]
NOTIC: [2048] Declaration of Admin\Model\ArticleModel::index() should be compatible with Admin\Model\CommonModel::index($f = '') D:\wamp\www\think_blog\Application\Admin\Model\ArticleModel.class.php 第 109 行.
SQL: SHOW COLUMNS FROM `article` [ RunTime:0.0036s ]
SQL: SELECT `id`,`title` FROM `article` WHERE `id` = '3'  [ RunTime:0.0003s ]

[ 2016-10-23T14:25:23+08:00 ] ::1 /think_blog/index.php/Admin/ArticleComment/index?article_id=3
INFO: [ app_init ] --START--
INFO: Run Behavior\BuildLiteBehavior [ RunTime:0.000029s ]
INFO: [ app_init ] --END-- [ RunTime:0.000630s ]

