[ 2016-10-10T22:23:17+08:00 ] 127.0.0.1 /think_blog/admin
INFO: [ app_init ] --START--
INFO: Run Behavior\BuildLiteBehavior [ RunTime:0.000000s ]
INFO: [ app_init ] --END-- [ RunTime:0.079004s ]

[ 2016-10-10T22:23:20+08:00 ] 127.0.0.1 /think_blog/index.php/admin/PhotoImg/index
INFO: [ app_init ] --START--
INFO: Run Behavior\BuildLiteBehavior [ RunTime:0.000000s ]
INFO: [ app_init ] --END-- [ RunTime:0.001000s ]

[ 2016-10-10T22:32:44+08:00 ] 127.0.0.1 /think_blog/admin
INFO: [ app_init ] --START--
INFO: Run Behavior\BuildLiteBehavior [ RunTime:0.000000s ]
INFO: [ app_init ] --END-- [ RunTime:0.006001s ]

[ 2016-10-10T22:32:44+08:00 ] 127.0.0.1 /think_blog/index.php/admin/PhotoImg/index
INFO: [ app_init ] --START--
INFO: Run Behavior\BuildLiteBehavior [ RunTime:0.000000s ]
INFO: [ app_init ] --END-- [ RunTime:0.001000s ]

[ 2016-10-10T22:32:45+08:00 ] 127.0.0.1 /think_blog/admin
INFO: [ app_init ] --START--
INFO: Run Behavior\BuildLiteBehavior [ RunTime:0.000000s ]
INFO: [ app_init ] --END-- [ RunTime:0.002000s ]

[ 2016-10-10T22:32:45+08:00 ] 127.0.0.1 /think_blog/index.php/admin/PhotoImg/index
INFO: [ app_init ] --START--
INFO: Run Behavior\BuildLiteBehavior [ RunTime:0.000000s ]
INFO: [ app_init ] --END-- [ RunTime:0.001000s ]

[ 2016-10-10T22:32:51+08:00 ] 127.0.0.1 /think_blog/index.php/Admin/Member/index
INFO: [ app_init ] --START--
INFO: Run Behavior\BuildLiteBehavior [ RunTime:0.000000s ]
INFO: [ app_init ] --END-- [ RunTime:0.002000s ]

[ 2016-10-10T22:33:01+08:00 ] 127.0.0.1 /think_blog/index.php/Admin/Member/index
INFO: [ app_init ] --START--
INFO: Run Behavior\BuildLiteBehavior [ RunTime:0.001000s ]
INFO: [ app_init ] --END-- [ RunTime:0.001000s ]
INFO: [ app_begin ] --START--
INFO: Run Behavior\ReadHtmlCacheBehavior [ RunTime:0.001000s ]
INFO: [ app_begin ] --END-- [ RunTime:0.001000s ]
SQL: SHOW COLUMNS FROM `member` [ RunTime:0.0040s ]
SQL: SELECT * FROM `member` LIMIT 10,10   [ RunTime:0.0010s ]
SQL: SELECT count(id) AS `count` FROM `member`  [ RunTime:0.0000s ]

[ 2016-10-10T22:33:15+08:00 ] 127.0.0.1 /think_blog/admin
INFO: [ app_init ] --START--
INFO: Run Behavior\BuildLiteBehavior [ RunTime:0.000000s ]
INFO: [ app_init ] --END-- [ RunTime:0.002000s ]

[ 2016-10-10T22:33:16+08:00 ] 127.0.0.1 /think_blog/index.php/admin/PhotoImg/index
INFO: [ app_init ] --START--
INFO: Run Behavior\BuildLiteBehavior [ RunTime:0.000000s ]
INFO: [ app_init ] --END-- [ RunTime:0.002000s ]

[ 2016-10-10T22:33:18+08:00 ] 127.0.0.1 /think_blog/index.php/Admin/Article/index
INFO: [ app_init ] --START--
INFO: Run Behavior\BuildLiteBehavior [ RunTime:0.000000s ]
INFO: [ app_init ] --END-- [ RunTime:0.002000s ]

[ 2016-10-10T22:33:19+08:00 ] 127.0.0.1 /think_blog/index.php/Admin/Member/index
INFO: [ app_init ] --START--
INFO: Run Behavior\BuildLiteBehavior [ RunTime:0.000000s ]
INFO: [ app_init ] --END-- [ RunTime:0.001000s ]

[ 2016-10-10T22:33:21+08:00 ] 127.0.0.1 /think_blog/index.php/Admin/Member/index
INFO: [ app_init ] --START--
INFO: Run Behavior\BuildLiteBehavior [ RunTime:0.000000s ]
INFO: [ app_init ] --END-- [ RunTime:0.002000s ]
INFO: [ app_begin ] --START--
INFO: Run Behavior\ReadHtmlCacheBehavior [ RunTime:0.001000s ]
INFO: [ app_begin ] --END-- [ RunTime:0.001000s ]
SQL: SHOW COLUMNS FROM `member` [ RunTime:0.0040s ]
SQL: SELECT * FROM `member` LIMIT 10,10   [ RunTime:0.0010s ]
SQL: SELECT count(id) AS `count` FROM `member`  [ RunTime:0.0000s ]

[ 2016-10-10T22:35:42+08:00 ] 127.0.0.1 /think_blog/admin
INFO: [ app_init ] --START--
INFO: Run Behavior\BuildLiteBehavior [ RunTime:0.000000s ]
INFO: [ app_init ] --END-- [ RunTime:0.001000s ]

[ 2016-10-10T22:35:43+08:00 ] 127.0.0.1 /think_blog/index.php/admin/PhotoImg/index
INFO: [ app_init ] --START--
INFO: Run Behavior\BuildLiteBehavior [ RunTime:0.000000s ]
INFO: [ app_init ] --END-- [ RunTime:0.001000s ]

[ 2016-10-10T22:35:48+08:00 ] 127.0.0.1 /think_blog/admin
INFO: [ app_init ] --START--
INFO: Run Behavior\BuildLiteBehavior [ RunTime:0.000000s ]
INFO: [ app_init ] --END-- [ RunTime:0.001000s ]

[ 2016-10-10T22:35:48+08:00 ] 127.0.0.1 /think_blog/index.php/admin/PhotoImg/index
INFO: [ app_init ] --START--
INFO: Run Behavior\BuildLiteBehavior [ RunTime:0.000000s ]
INFO: [ app_init ] --END-- [ RunTime:0.001000s ]

[ 2016-10-10T22:35:51+08:00 ] 127.0.0.1 /think_blog/index.php/Admin/Member/index
INFO: [ app_init ] --START--
INFO: Run Behavior\BuildLiteBehavior [ RunTime:0.000000s ]
INFO: [ app_init ] --END-- [ RunTime:0.001000s ]

[ 2016-10-10T22:37:35+08:00 ] 127.0.0.1 /think_blog/admin
INFO: [ app_init ] --START--
INFO: Run Behavior\BuildLiteBehavior [ RunTime:0.000000s ]
INFO: [ app_init ] --END-- [ RunTime:0.001000s ]

[ 2016-10-10T22:37:35+08:00 ] 127.0.0.1 /think_blog/index.php/admin/PhotoImg/index
INFO: [ app_init ] --START--
INFO: Run Behavior\BuildLiteBehavior [ RunTime:0.000000s ]
INFO: [ app_init ] --END-- [ RunTime:0.001000s ]

[ 2016-10-10T22:37:37+08:00 ] 127.0.0.1 /think_blog/index.php/Admin/Member/index
INFO: [ app_init ] --START--
INFO: Run Behavior\BuildLiteBehavior [ RunTime:0.000000s ]
INFO: [ app_init ] --END-- [ RunTime:0.002000s ]

[ 2016-10-10T22:40:08+08:00 ] 127.0.0.1 /think_blog/admin
INFO: [ app_init ] --START--
INFO: Run Behavior\BuildLiteBehavior [ RunTime:0.001000s ]
INFO: [ app_init ] --END-- [ RunTime:0.001000s ]

[ 2016-10-10T22:40:09+08:00 ] 127.0.0.1 /think_blog/index.php/admin/PhotoImg/index
INFO: [ app_init ] --START--
INFO: Run Behavior\BuildLiteBehavior [ RunTime:0.000000s ]
INFO: [ app_init ] --END-- [ RunTime:0.001000s ]

[ 2016-10-10T22:40:11+08:00 ] 127.0.0.1 /think_blog/index.php/Admin/Member/index
INFO: [ app_init ] --START--
INFO: Run Behavior\BuildLiteBehavior [ RunTime:0.000000s ]
INFO: [ app_init ] --END-- [ RunTime:0.002000s ]

[ 2016-10-10T22:46:07+08:00 ] 127.0.0.1 /think_blog/admin
INFO: [ app_init ] --START--
INFO: Run Behavior\BuildLiteBehavior [ RunTime:0.000000s ]
INFO: [ app_init ] --END-- [ RunTime:0.001000s ]

[ 2016-10-10T22:46:07+08:00 ] 127.0.0.1 /think_blog/index.php/admin/PhotoImg/index
INFO: [ app_init ] --START--
INFO: Run Behavior\BuildLiteBehavior [ RunTime:0.000000s ]
INFO: [ app_init ] --END-- [ RunTime:0.002000s ]

[ 2016-10-10T22:46:08+08:00 ] 127.0.0.1 /think_blog/index.php/Admin/Member/index
INFO: [ app_init ] --START--
INFO: Run Behavior\BuildLiteBehavior [ RunTime:0.000000s ]
INFO: [ app_init ] --END-- [ RunTime:0.001000s ]

[ 2016-10-10T22:48:18+08:00 ] 127.0.0.1 /think_blog/admin
INFO: [ app_init ] --START--
INFO: Run Behavior\BuildLiteBehavior [ RunTime:0.000000s ]
INFO: [ app_init ] --END-- [ RunTime:0.001000s ]

[ 2016-10-10T22:48:19+08:00 ] 127.0.0.1 /think_blog/index.php/admin/PhotoImg/index
INFO: [ app_init ] --START--
INFO: Run Behavior\BuildLiteBehavior [ RunTime:0.000000s ]
INFO: [ app_init ] --END-- [ RunTime:0.002000s ]

[ 2016-10-10T22:49:19+08:00 ] 127.0.0.1 /think_blog/admin
INFO: [ app_init ] --START--
INFO: Run Behavior\BuildLiteBehavior [ RunTime:0.000000s ]
INFO: [ app_init ] --END-- [ RunTime:0.001000s ]

[ 2016-10-10T22:49:20+08:00 ] 127.0.0.1 /think_blog/index.php/admin/PhotoImg/index
INFO: [ app_init ] --START--
INFO: Run Behavior\BuildLiteBehavior [ RunTime:0.000000s ]
INFO: [ app_init ] --END-- [ RunTime:0.002000s ]

[ 2016-10-10T22:49:23+08:00 ] 127.0.0.1 /think_blog/index.php/Admin/Member/index
INFO: [ app_init ] --START--
INFO: Run Behavior\BuildLiteBehavior [ RunTime:0.000000s ]
INFO: [ app_init ] --END-- [ RunTime:0.001000s ]

