[ 2016-10-27T14:02:09+08:00 ] ::1 /think_blog/admin
INFO: [ app_init ] --START--
INFO: Run Behavior\BuildLiteBehavior [ RunTime:0.000110s ]
INFO: [ app_init ] --END-- [ RunTime:0.001296s ]

[ 2016-10-27T14:02:10+08:00 ] ::1 /think_blog/index.php/admin/Article/index
INFO: [ app_init ] --START--
INFO: Run Behavior\BuildLiteBehavior [ RunTime:0.000037s ]
INFO: [ app_init ] --END-- [ RunTime:0.000525s ]

[ 2016-10-27T14:02:12+08:00 ] ::1 /think_blog/index.php/Admin/PhotoImg/index
INFO: [ app_init ] --START--
INFO: Run Behavior\BuildLiteBehavior [ RunTime:0.000029s ]
INFO: [ app_init ] --END-- [ RunTime:0.000599s ]

[ 2016-10-27T14:49:46+08:00 ] ::1 /think_blog/index.php/Admin/Member/getMember
INFO: [ app_init ] --START--
INFO: Run Behavior\BuildLiteBehavior [ RunTime:0.000084s ]
INFO: [ app_init ] --END-- [ RunTime:0.001772s ]
INFO: [ app_begin ] --START--
INFO: Run Behavior\ReadHtmlCacheBehavior [ RunTime:0.001872s ]
INFO: [ app_begin ] --END-- [ RunTime:0.002291s ]
SQL: SHOW COLUMNS FROM `member` [ RunTime:0.0071s ]
SQL: SELECT `id`,`member_name` FROM `member`  [ RunTime:0.0101s ]

[ 2016-10-27T14:49:47+08:00 ] ::1 /think_blog/index.php/Admin/PhotoImg/info
INFO: [ app_init ] --START--
INFO: Run Behavior\BuildLiteBehavior [ RunTime:0.000071s ]
INFO: [ app_init ] --END-- [ RunTime:0.001084s ]
INFO: [ app_begin ] --START--
INFO: Run Behavior\ReadHtmlCacheBehavior [ RunTime:0.001017s ]
INFO: [ app_begin ] --END-- [ RunTime:0.001276s ]
NOTIC: [2048] Declaration of Admin\Model\PhotoImgModel::index() should be compatible with Admin\Model\CommonModel::index($f = '') D:\wamp\www\think_blog\Application\Admin\Model\PhotoImgModel.class.php 第 5 行.
SQL: SHOW COLUMNS FROM `photo_img` [ RunTime:0.0044s ]
SQL: SELECT * FROM `photo_img` WHERE `id` = '2'  [ RunTime:0.0003s ]

[ 2016-10-27T14:49:47+08:00 ] ::1 /think_blog/index.php/Admin/Photo/getPhoto
INFO: [ app_init ] --START--
INFO: Run Behavior\BuildLiteBehavior [ RunTime:0.000043s ]
INFO: [ app_init ] --END-- [ RunTime:0.000806s ]
INFO: [ app_begin ] --START--
INFO: Run Behavior\ReadHtmlCacheBehavior [ RunTime:0.000803s ]
INFO: [ app_begin ] --END-- [ RunTime:0.000999s ]
NOTIC: [2048] Declaration of Admin\Model\PhotoModel::index() should be compatible with Admin\Model\CommonModel::index($f = '') D:\wamp\www\think_blog\Application\Admin\Model\PhotoModel.class.php 第 6 行.
SQL: SHOW COLUMNS FROM `photo` [ RunTime:0.0114s ]
SQL: SELECT `id`,`photo_title` FROM `photo` WHERE `member_id` = 29  [ RunTime:0.0589s ]

