[ 2016-10-08T13:53:00+08:00 ] ::1 /think_blog/index.php/admin/
INFO: [ app_init ] --START--
INFO: Run Behavior\BuildLiteBehavior [ RunTime:0.000028s ]
INFO: [ app_init ] --END-- [ RunTime:0.000623s ]

[ 2016-10-08T13:53:00+08:00 ] ::1 /think_blog/index.php/admin/PhotoImg/index
INFO: [ app_init ] --START--
INFO: Run Behavior\BuildLiteBehavior [ RunTime:0.000043s ]
INFO: [ app_init ] --END-- [ RunTime:0.000948s ]

[ 2016-10-08T13:53:03+08:00 ] ::1 /think_blog/index.php/Admin/Article/index
INFO: [ app_init ] --START--
INFO: Run Behavior\BuildLiteBehavior [ RunTime:0.000024s ]
INFO: [ app_init ] --END-- [ RunTime:0.000607s ]

[ 2016-10-08T13:59:58+08:00 ] ::1 /think_blog/index.php/admin/
INFO: [ app_init ] --START--
INFO: Run Behavior\BuildLiteBehavior [ RunTime:0.000028s ]
INFO: [ app_init ] --END-- [ RunTime:0.000676s ]

[ 2016-10-08T13:59:58+08:00 ] ::1 /think_blog/index.php/admin/PhotoImg/index
INFO: [ app_init ] --START--
INFO: Run Behavior\BuildLiteBehavior [ RunTime:0.000046s ]
INFO: [ app_init ] --END-- [ RunTime:0.000797s ]

[ 2016-10-08T13:59:59+08:00 ] ::1 /think_blog/index.php/Admin/Article/index
INFO: [ app_init ] --START--
INFO: Run Behavior\BuildLiteBehavior [ RunTime:0.000030s ]
INFO: [ app_init ] --END-- [ RunTime:0.000592s ]

[ 2016-10-08T14:02:06+08:00 ] ::1 /think_blog/index.php/admin/
INFO: [ app_init ] --START--
INFO: Run Behavior\BuildLiteBehavior [ RunTime:0.000023s ]
INFO: [ app_init ] --END-- [ RunTime:0.000541s ]

[ 2016-10-08T14:02:06+08:00 ] ::1 /think_blog/index.php/admin/PhotoImg/index
INFO: [ app_init ] --START--
INFO: Run Behavior\BuildLiteBehavior [ RunTime:0.000026s ]
INFO: [ app_init ] --END-- [ RunTime:0.000509s ]

[ 2016-10-08T14:02:07+08:00 ] ::1 /think_blog/index.php/Admin/Article/index
INFO: [ app_init ] --START--
INFO: Run Behavior\BuildLiteBehavior [ RunTime:0.000025s ]
INFO: [ app_init ] --END-- [ RunTime:0.000501s ]

[ 2016-10-08T14:03:12+08:00 ] ::1 /think_blog/index.php/admin/
INFO: [ app_init ] --START--
INFO: Run Behavior\BuildLiteBehavior [ RunTime:0.000026s ]
INFO: [ app_init ] --END-- [ RunTime:0.000599s ]

[ 2016-10-08T14:03:12+08:00 ] ::1 /think_blog/index.php/admin/PhotoImg/index
INFO: [ app_init ] --START--
INFO: Run Behavior\BuildLiteBehavior [ RunTime:0.000027s ]
INFO: [ app_init ] --END-- [ RunTime:0.000498s ]

[ 2016-10-08T14:03:14+08:00 ] ::1 /think_blog/index.php/Admin/Article/index
INFO: [ app_init ] --START--
INFO: Run Behavior\BuildLiteBehavior [ RunTime:0.000033s ]
INFO: [ app_init ] --END-- [ RunTime:0.000669s ]

[ 2016-10-08T14:06:26+08:00 ] ::1 /think_blog/index.php/admin/
INFO: [ app_init ] --START--
INFO: Run Behavior\BuildLiteBehavior [ RunTime:0.000026s ]
INFO: [ app_init ] --END-- [ RunTime:0.000570s ]

[ 2016-10-08T14:06:27+08:00 ] ::1 /think_blog/index.php/admin/PhotoImg/index
INFO: [ app_init ] --START--
INFO: Run Behavior\BuildLiteBehavior [ RunTime:0.000039s ]
INFO: [ app_init ] --END-- [ RunTime:0.000620s ]

[ 2016-10-08T14:06:28+08:00 ] ::1 /think_blog/index.php/Admin/Article/index
INFO: [ app_init ] --START--
INFO: Run Behavior\BuildLiteBehavior [ RunTime:0.000028s ]
INFO: [ app_init ] --END-- [ RunTime:0.000589s ]

[ 2016-10-08T14:06:37+08:00 ] ::1 /think_blog/index.php/Admin/ArticleComment/index?article_id=10
INFO: [ app_init ] --START--
INFO: Run Behavior\BuildLiteBehavior [ RunTime:0.000039s ]
INFO: [ app_init ] --END-- [ RunTime:0.000940s ]
ERR: 1054:Champ 'a.article_title' inconnu dans field list
 [ SQL语句 ] : SELECT ac.id AS `id`,ac.article_id AS `article_id`,m.member_name AS `member_name`,a.article_title AS `article_title`,ac.title AS `comment_content`,ac.content AS `comment_time` FROM article_comment ac INNER JOIN member m ON ac.member_id=m.id INNER JOIN article a ON ac.article_id=a.id  LIMIT 0,10  

[ 2016-10-08T14:33:57+08:00 ] ::1 /think_blog/index.php/admin/
INFO: [ app_init ] --START--
INFO: Run Behavior\BuildLiteBehavior [ RunTime:0.000057s ]
INFO: [ app_init ] --END-- [ RunTime:0.000706s ]

[ 2016-10-08T14:33:57+08:00 ] ::1 /think_blog/index.php/admin/PhotoImg/index
INFO: [ app_init ] --START--
INFO: Run Behavior\BuildLiteBehavior [ RunTime:0.000028s ]
INFO: [ app_init ] --END-- [ RunTime:0.000619s ]

[ 2016-10-08T14:33:59+08:00 ] ::1 /think_blog/index.php/Admin/Article/index
INFO: [ app_init ] --START--
INFO: Run Behavior\BuildLiteBehavior [ RunTime:0.000026s ]
INFO: [ app_init ] --END-- [ RunTime:0.000568s ]

[ 2016-10-08T14:34:00+08:00 ] ::1 /think_blog/index.php/Admin/ArticleComment/index?article_id=10
INFO: [ app_init ] --START--
INFO: Run Behavior\BuildLiteBehavior [ RunTime:0.000036s ]
INFO: [ app_init ] --END-- [ RunTime:0.000638s ]
ERR: 1054:Champ 'a.article_title' inconnu dans field list
 [ SQL语句 ] : SELECT ac.id AS `id`,ac.article_id AS `article_id`,m.member_name AS `member_name`,a.article_title AS `article_title`,ac.title AS `comment_content`,ac.content AS `comment_time` FROM article_comment ac INNER JOIN member m ON ac.member_id=m.id INNER JOIN article a ON ac.article_id=a.id  WHERE ac.article_id = '10' LIMIT 0,10  

[ 2016-10-08T14:38:18+08:00 ] ::1 /think_blog/index.php/admin/
INFO: [ app_init ] --START--
INFO: Run Behavior\BuildLiteBehavior [ RunTime:0.000024s ]
INFO: [ app_init ] --END-- [ RunTime:0.000504s ]

[ 2016-10-08T14:38:18+08:00 ] ::1 /think_blog/index.php/admin/PhotoImg/index
INFO: [ app_init ] --START--
INFO: Run Behavior\BuildLiteBehavior [ RunTime:0.000025s ]
INFO: [ app_init ] --END-- [ RunTime:0.000568s ]

[ 2016-10-08T14:38:20+08:00 ] ::1 /think_blog/index.php/Admin/Article/index
INFO: [ app_init ] --START--
INFO: Run Behavior\BuildLiteBehavior [ RunTime:0.000028s ]
INFO: [ app_init ] --END-- [ RunTime:0.000600s ]

[ 2016-10-08T14:38:21+08:00 ] ::1 /think_blog/index.php/Admin/ArticleComment/index?article_id=12
INFO: [ app_init ] --START--
INFO: Run Behavior\BuildLiteBehavior [ RunTime:0.000033s ]
INFO: [ app_init ] --END-- [ RunTime:0.000715s ]
ERR: 1054:Champ 'ac.title' inconnu dans field list
 [ SQL语句 ] : SELECT ac.id AS `id`,ac.member_id AS `member_id`,m.member_name AS `member_name`,ac.title AS `comment_content`,ac.content AS `comment_time` FROM article_comment ac INNER JOIN member m ON ac.member_id=m.id  WHERE ac.article_id = '12' LIMIT 0,10  

[ 2016-10-08T14:39:55+08:00 ] ::1 /think_blog/index.php/admin/
INFO: [ app_init ] --START--
INFO: Run Behavior\BuildLiteBehavior [ RunTime:0.000024s ]
INFO: [ app_init ] --END-- [ RunTime:0.000568s ]

[ 2016-10-08T14:39:55+08:00 ] ::1 /think_blog/index.php/admin/PhotoImg/index
INFO: [ app_init ] --START--
INFO: Run Behavior\BuildLiteBehavior [ RunTime:0.000039s ]
INFO: [ app_init ] --END-- [ RunTime:0.000669s ]

[ 2016-10-08T14:39:56+08:00 ] ::1 /think_blog/index.php/Admin/Article/index
INFO: [ app_init ] --START--
INFO: Run Behavior\BuildLiteBehavior [ RunTime:0.000024s ]
INFO: [ app_init ] --END-- [ RunTime:0.000513s ]

[ 2016-10-08T14:39:58+08:00 ] ::1 /think_blog/index.php/Admin/ArticleComment/index?article_id=10
INFO: [ app_init ] --START--
INFO: Run Behavior\BuildLiteBehavior [ RunTime:0.000031s ]
INFO: [ app_init ] --END-- [ RunTime:0.000666s ]

[ 2016-10-08T14:41:08+08:00 ] ::1 /think_blog/index.php/admin/
INFO: [ app_init ] --START--
INFO: Run Behavior\BuildLiteBehavior [ RunTime:0.000025s ]
INFO: [ app_init ] --END-- [ RunTime:0.000582s ]

[ 2016-10-08T14:41:08+08:00 ] ::1 /think_blog/index.php/admin/PhotoImg/index
INFO: [ app_init ] --START--
INFO: Run Behavior\BuildLiteBehavior [ RunTime:0.000026s ]
INFO: [ app_init ] --END-- [ RunTime:0.000496s ]

[ 2016-10-08T14:41:09+08:00 ] ::1 /think_blog/index.php/Admin/Article/index
INFO: [ app_init ] --START--
INFO: Run Behavior\BuildLiteBehavior [ RunTime:0.000025s ]
INFO: [ app_init ] --END-- [ RunTime:0.000457s ]

[ 2016-10-08T14:41:10+08:00 ] ::1 /think_blog/index.php/Admin/ArticleComment/index?article_id=10
INFO: [ app_init ] --START--
INFO: Run Behavior\BuildLiteBehavior [ RunTime:0.000029s ]
INFO: [ app_init ] --END-- [ RunTime:0.000521s ]

[ 2016-10-08T14:45:24+08:00 ] ::1 /think_blog/index.php/admin/
INFO: [ app_init ] --START--
INFO: Run Behavior\BuildLiteBehavior [ RunTime:0.000025s ]
INFO: [ app_init ] --END-- [ RunTime:0.000605s ]

[ 2016-10-08T14:45:24+08:00 ] ::1 /think_blog/index.php/admin/PhotoImg/index
INFO: [ app_init ] --START--
INFO: Run Behavior\BuildLiteBehavior [ RunTime:0.000026s ]
INFO: [ app_init ] --END-- [ RunTime:0.000468s ]

[ 2016-10-08T14:45:25+08:00 ] ::1 /think_blog/index.php/Admin/Article/index
INFO: [ app_init ] --START--
INFO: Run Behavior\BuildLiteBehavior [ RunTime:0.000034s ]
INFO: [ app_init ] --END-- [ RunTime:0.000600s ]

[ 2016-10-08T14:45:27+08:00 ] ::1 /think_blog/index.php/Admin/ArticleComment/index?article_id=12
INFO: [ app_init ] --START--
INFO: Run Behavior\BuildLiteBehavior [ RunTime:0.000023s ]
INFO: [ app_init ] --END-- [ RunTime:0.000549s ]

[ 2016-10-08T14:45:47+08:00 ] ::1 /think_blog/index.php/admin/
INFO: [ app_init ] --START--
INFO: Run Behavior\BuildLiteBehavior [ RunTime:0.000030s ]
INFO: [ app_init ] --END-- [ RunTime:0.000714s ]

[ 2016-10-08T14:45:47+08:00 ] ::1 /think_blog/index.php/admin/PhotoImg/index
INFO: [ app_init ] --START--
INFO: Run Behavior\BuildLiteBehavior [ RunTime:0.000026s ]
INFO: [ app_init ] --END-- [ RunTime:0.000499s ]

[ 2016-10-08T14:45:48+08:00 ] ::1 /think_blog/index.php/Admin/Article/index
INFO: [ app_init ] --START--
INFO: Run Behavior\BuildLiteBehavior [ RunTime:0.000024s ]
INFO: [ app_init ] --END-- [ RunTime:0.000472s ]

[ 2016-10-08T14:45:49+08:00 ] ::1 /think_blog/index.php/Admin/ArticleComment/index?article_id=12
INFO: [ app_init ] --START--
INFO: Run Behavior\BuildLiteBehavior [ RunTime:0.000032s ]
INFO: [ app_init ] --END-- [ RunTime:0.000502s ]

[ 2016-10-08T14:48:02+08:00 ] ::1 /think_blog/index.php/admin/
INFO: [ app_init ] --START--
INFO: Run Behavior\BuildLiteBehavior [ RunTime:0.000031s ]
INFO: [ app_init ] --END-- [ RunTime:0.000657s ]

[ 2016-10-08T14:48:02+08:00 ] ::1 /think_blog/index.php/admin/PhotoImg/index
INFO: [ app_init ] --START--
INFO: Run Behavior\BuildLiteBehavior [ RunTime:0.000026s ]
INFO: [ app_init ] --END-- [ RunTime:0.000456s ]

[ 2016-10-08T14:48:04+08:00 ] ::1 /think_blog/index.php/Admin/Article/index
INFO: [ app_init ] --START--
INFO: Run Behavior\BuildLiteBehavior [ RunTime:0.000023s ]
INFO: [ app_init ] --END-- [ RunTime:0.000564s ]

[ 2016-10-08T14:48:06+08:00 ] ::1 /think_blog/index.php/Admin/ArticleComment/index?article_id=12
INFO: [ app_init ] --START--
INFO: Run Behavior\BuildLiteBehavior [ RunTime:0.000042s ]
INFO: [ app_init ] --END-- [ RunTime:0.000741s ]

[ 2016-10-08T14:48:47+08:00 ] ::1 /think_blog/index.php/admin/
INFO: [ app_init ] --START--
INFO: Run Behavior\BuildLiteBehavior [ RunTime:0.000025s ]
INFO: [ app_init ] --END-- [ RunTime:0.000591s ]

[ 2016-10-08T14:48:47+08:00 ] ::1 /think_blog/index.php/admin/PhotoImg/index
INFO: [ app_init ] --START--
INFO: Run Behavior\BuildLiteBehavior [ RunTime:0.000028s ]
INFO: [ app_init ] --END-- [ RunTime:0.000627s ]

[ 2016-10-08T14:48:48+08:00 ] ::1 /think_blog/index.php/Admin/Article/index
INFO: [ app_init ] --START--
INFO: Run Behavior\BuildLiteBehavior [ RunTime:0.000025s ]
INFO: [ app_init ] --END-- [ RunTime:0.000551s ]

[ 2016-10-08T14:48:50+08:00 ] ::1 /think_blog/index.php/Admin/ArticleComment/index?article_id=12
INFO: [ app_init ] --START--
INFO: Run Behavior\BuildLiteBehavior [ RunTime:0.000032s ]
INFO: [ app_init ] --END-- [ RunTime:0.000669s ]

[ 2016-10-08T14:49:49+08:00 ] ::1 /think_blog/index.php/admin/
INFO: [ app_init ] --START--
INFO: Run Behavior\BuildLiteBehavior [ RunTime:0.000025s ]
INFO: [ app_init ] --END-- [ RunTime:0.000598s ]

[ 2016-10-08T14:49:49+08:00 ] ::1 /think_blog/index.php/admin/PhotoImg/index
INFO: [ app_init ] --START--
INFO: Run Behavior\BuildLiteBehavior [ RunTime:0.000038s ]
INFO: [ app_init ] --END-- [ RunTime:0.000647s ]

[ 2016-10-08T14:49:50+08:00 ] ::1 /think_blog/index.php/Admin/Article/index
INFO: [ app_init ] --START--
INFO: Run Behavior\BuildLiteBehavior [ RunTime:0.000033s ]
INFO: [ app_init ] --END-- [ RunTime:0.000586s ]

[ 2016-10-08T14:49:51+08:00 ] ::1 /think_blog/index.php/Admin/ArticleComment/index?article_id=13
INFO: [ app_init ] --START--
INFO: Run Behavior\BuildLiteBehavior [ RunTime:0.000041s ]
INFO: [ app_init ] --END-- [ RunTime:0.000793s ]

[ 2016-10-08T14:50:48+08:00 ] ::1 /think_blog/index.php/admin/
INFO: [ app_init ] --START--
INFO: Run Behavior\BuildLiteBehavior [ RunTime:0.000025s ]
INFO: [ app_init ] --END-- [ RunTime:0.000550s ]

[ 2016-10-08T14:50:48+08:00 ] ::1 /think_blog/index.php/admin/PhotoImg/index
INFO: [ app_init ] --START--
INFO: Run Behavior\BuildLiteBehavior [ RunTime:0.000027s ]
INFO: [ app_init ] --END-- [ RunTime:0.000511s ]

[ 2016-10-08T14:50:49+08:00 ] ::1 /think_blog/index.php/Admin/Article/index
INFO: [ app_init ] --START--
INFO: Run Behavior\BuildLiteBehavior [ RunTime:0.000024s ]
INFO: [ app_init ] --END-- [ RunTime:0.000457s ]

[ 2016-10-08T14:50:50+08:00 ] ::1 /think_blog/index.php/Admin/ArticleComment/index?article_id=12
INFO: [ app_init ] --START--
INFO: Run Behavior\BuildLiteBehavior [ RunTime:0.000029s ]
INFO: [ app_init ] --END-- [ RunTime:0.000638s ]

[ 2016-10-08T14:52:22+08:00 ] ::1 /think_blog/index.php/admin/
INFO: [ app_init ] --START--
INFO: Run Behavior\BuildLiteBehavior [ RunTime:0.000041s ]
INFO: [ app_init ] --END-- [ RunTime:0.000717s ]

[ 2016-10-08T14:52:23+08:00 ] ::1 /think_blog/index.php/admin/PhotoImg/index
INFO: [ app_init ] --START--
INFO: Run Behavior\BuildLiteBehavior [ RunTime:0.000039s ]
INFO: [ app_init ] --END-- [ RunTime:0.000799s ]

[ 2016-10-08T14:52:24+08:00 ] ::1 /think_blog/index.php/Admin/Article/index
INFO: [ app_init ] --START--
INFO: Run Behavior\BuildLiteBehavior [ RunTime:0.000029s ]
INFO: [ app_init ] --END-- [ RunTime:0.000673s ]

[ 2016-10-08T14:52:25+08:00 ] ::1 /think_blog/index.php/Admin/ArticleComment/index?article_id=12
INFO: [ app_init ] --START--
INFO: Run Behavior\BuildLiteBehavior [ RunTime:0.000030s ]
INFO: [ app_init ] --END-- [ RunTime:0.000620s ]

[ 2016-10-08T14:52:50+08:00 ] ::1 /think_blog/index.php/admin/
INFO: [ app_init ] --START--
INFO: Run Behavior\BuildLiteBehavior [ RunTime:0.000049s ]
INFO: [ app_init ] --END-- [ RunTime:0.000807s ]

[ 2016-10-08T14:52:50+08:00 ] ::1 /think_blog/index.php/admin/PhotoImg/index
INFO: [ app_init ] --START--
INFO: Run Behavior\BuildLiteBehavior [ RunTime:0.000026s ]
INFO: [ app_init ] --END-- [ RunTime:0.000475s ]

[ 2016-10-08T14:53:35+08:00 ] ::1 /think_blog/index.php/admin/
INFO: [ app_init ] --START--
INFO: Run Behavior\BuildLiteBehavior [ RunTime:0.000025s ]
INFO: [ app_init ] --END-- [ RunTime:0.000457s ]

[ 2016-10-08T14:53:35+08:00 ] ::1 /think_blog/index.php/admin/PhotoImg/index
INFO: [ app_init ] --START--
INFO: Run Behavior\BuildLiteBehavior [ RunTime:0.000026s ]
INFO: [ app_init ] --END-- [ RunTime:0.000483s ]

[ 2016-10-08T14:53:36+08:00 ] ::1 /think_blog/index.php/Admin/Article/index
INFO: [ app_init ] --START--
INFO: Run Behavior\BuildLiteBehavior [ RunTime:0.000029s ]
INFO: [ app_init ] --END-- [ RunTime:0.000637s ]

[ 2016-10-08T14:53:38+08:00 ] ::1 /think_blog/index.php/Admin/ArticleComment/index?article_id=12
INFO: [ app_init ] --START--
INFO: Run Behavior\BuildLiteBehavior [ RunTime:0.000025s ]
INFO: [ app_init ] --END-- [ RunTime:0.000551s ]

[ 2016-10-08T14:55:21+08:00 ] ::1 /think_blog/index.php/Admin/Article/index
INFO: [ app_init ] --START--
INFO: Run Behavior\BuildLiteBehavior [ RunTime:0.000027s ]
INFO: [ app_init ] --END-- [ RunTime:0.000587s ]

[ 2016-10-08T14:59:09+08:00 ] ::1 /think_blog/index.php/admin/
INFO: [ app_init ] --START--
INFO: Run Behavior\BuildLiteBehavior [ RunTime:0.000023s ]
INFO: [ app_init ] --END-- [ RunTime:0.000565s ]

[ 2016-10-08T14:59:09+08:00 ] ::1 /think_blog/index.php/admin/Article/index
INFO: [ app_init ] --START--
INFO: Run Behavior\BuildLiteBehavior [ RunTime:0.000027s ]
INFO: [ app_init ] --END-- [ RunTime:0.000527s ]

[ 2016-10-08T15:04:21+08:00 ] ::1 /think_blog/index.php/admin/
INFO: [ app_init ] --START--
INFO: Run Behavior\BuildLiteBehavior [ RunTime:0.000039s ]
INFO: [ app_init ] --END-- [ RunTime:0.000843s ]

[ 2016-10-08T15:04:21+08:00 ] ::1 /think_blog/index.php/admin/Article/index
INFO: [ app_init ] --START--
INFO: Run Behavior\BuildLiteBehavior [ RunTime:0.000039s ]
INFO: [ app_init ] --END-- [ RunTime:0.000676s ]

[ 2016-10-08T15:04:23+08:00 ] ::1 /think_blog/index.php/Admin/ArticleComment/index?article_id=3
INFO: [ app_init ] --START--
INFO: Run Behavior\BuildLiteBehavior [ RunTime:0.000025s ]
INFO: [ app_init ] --END-- [ RunTime:0.000655s ]

[ 2016-10-08T15:05:12+08:00 ] ::1 /think_blog/index.php/admin/
INFO: [ app_init ] --START--
INFO: Run Behavior\BuildLiteBehavior [ RunTime:0.000023s ]
INFO: [ app_init ] --END-- [ RunTime:0.000491s ]

[ 2016-10-08T15:05:12+08:00 ] ::1 /think_blog/index.php/admin/Article/index
INFO: [ app_init ] --START--
INFO: Run Behavior\BuildLiteBehavior [ RunTime:0.000051s ]
INFO: [ app_init ] --END-- [ RunTime:0.000929s ]

[ 2016-10-08T15:05:14+08:00 ] ::1 /think_blog/index.php/Admin/ArticleComment/index?article_id=3
INFO: [ app_init ] --START--
INFO: Run Behavior\BuildLiteBehavior [ RunTime:0.000028s ]
INFO: [ app_init ] --END-- [ RunTime:0.000627s ]

[ 2016-10-08T15:06:08+08:00 ] ::1 /think_blog/index.php/admin/
INFO: [ app_init ] --START--
INFO: Run Behavior\BuildLiteBehavior [ RunTime:0.000038s ]
INFO: [ app_init ] --END-- [ RunTime:0.000755s ]

[ 2016-10-08T15:06:08+08:00 ] ::1 /think_blog/index.php/admin/Article/index
INFO: [ app_init ] --START--
INFO: Run Behavior\BuildLiteBehavior [ RunTime:0.000027s ]
INFO: [ app_init ] --END-- [ RunTime:0.000586s ]

[ 2016-10-08T15:06:11+08:00 ] ::1 /think_blog/index.php/Admin/ArticleComment/index?article_id=3
INFO: [ app_init ] --START--
INFO: Run Behavior\BuildLiteBehavior [ RunTime:0.000024s ]
INFO: [ app_init ] --END-- [ RunTime:0.000537s ]

[ 2016-10-08T15:08:45+08:00 ] ::1 /think_blog/index.php/admin/
INFO: [ app_init ] --START--
INFO: Run Behavior\BuildLiteBehavior [ RunTime:0.000024s ]
INFO: [ app_init ] --END-- [ RunTime:0.000529s ]

[ 2016-10-08T15:08:46+08:00 ] ::1 /think_blog/index.php/admin/Article/index
INFO: [ app_init ] --START--
INFO: Run Behavior\BuildLiteBehavior [ RunTime:0.000026s ]
INFO: [ app_init ] --END-- [ RunTime:0.000510s ]

[ 2016-10-08T15:08:47+08:00 ] ::1 /think_blog/index.php/Admin/Article/index
INFO: [ app_init ] --START--
INFO: Run Behavior\BuildLiteBehavior [ RunTime:0.000036s ]
INFO: [ app_init ] --END-- [ RunTime:0.000659s ]

[ 2016-10-08T15:08:48+08:00 ] ::1 /think_blog/index.php/Admin/ArticleComment/index?article_id=3
INFO: [ app_init ] --START--
INFO: Run Behavior\BuildLiteBehavior [ RunTime:0.000050s ]
INFO: [ app_init ] --END-- [ RunTime:0.001147s ]

[ 2016-10-08T15:10:44+08:00 ] ::1 /think_blog/index.php/admin/
INFO: [ app_init ] --START--
INFO: Run Behavior\BuildLiteBehavior [ RunTime:0.000023s ]
INFO: [ app_init ] --END-- [ RunTime:0.000537s ]

[ 2016-10-08T15:10:45+08:00 ] ::1 /think_blog/index.php/admin/Article/index
INFO: [ app_init ] --START--
INFO: Run Behavior\BuildLiteBehavior [ RunTime:0.000026s ]
INFO: [ app_init ] --END-- [ RunTime:0.000451s ]

[ 2016-10-08T15:10:47+08:00 ] ::1 /think_blog/index.php/Admin/ArticleComment/index?article_id=3
INFO: [ app_init ] --START--
INFO: Run Behavior\BuildLiteBehavior [ RunTime:0.000027s ]
INFO: [ app_init ] --END-- [ RunTime:0.000565s ]

[ 2016-10-08T15:10:50+08:00 ] ::1 /think_blog/index.php/Admin/Article/index
INFO: [ app_init ] --START--
INFO: Run Behavior\BuildLiteBehavior [ RunTime:0.000051s ]
INFO: [ app_init ] --END-- [ RunTime:0.001234s ]
INFO: [ app_begin ] --START--
INFO: Run Behavior\ReadHtmlCacheBehavior [ RunTime:0.000784s ]
INFO: [ app_begin ] --END-- [ RunTime:0.000923s ]
NOTIC: [2048] Declaration of Admin\Model\ArticleModel::index() should be compatible with Admin\Model\CommonModel::index($f = '') D:\wamp\www\think_blog\Application\Admin\Model\ArticleModel.class.php 第 5 行.
SQL: SHOW COLUMNS FROM `article` [ RunTime:0.0076s ]
SQL: SELECT a.id AS `id`,a.title AS `title`,a.content AS `content`,m.member_name AS `member_name`,at.article_type_name AS `article_type_name`,a.hitnum AS `hitnum`,a.create_time AS `create_time` FROM article a INNER JOIN member m ON a.member_id=m.id INNER JOIN article_type at ON a.article_type_id=at.id  LIMIT 10,10   [ RunTime:0.0005s ]
SQL: SELECT count(a.id) AS `count` FROM article a INNER JOIN member m ON a.member_id=m.id INNER JOIN article_type at ON a.article_type_id=at.id   [ RunTime:0.0003s ]

[ 2016-10-08T15:10:54+08:00 ] ::1 /think_blog/index.php/Admin/Article/index
INFO: [ app_init ] --START--
INFO: Run Behavior\BuildLiteBehavior [ RunTime:0.000050s ]
INFO: [ app_init ] --END-- [ RunTime:0.001442s ]
INFO: [ app_begin ] --START--
INFO: Run Behavior\ReadHtmlCacheBehavior [ RunTime:0.000624s ]
INFO: [ app_begin ] --END-- [ RunTime:0.000743s ]
NOTIC: [2048] Declaration of Admin\Model\ArticleModel::index() should be compatible with Admin\Model\CommonModel::index($f = '') D:\wamp\www\think_blog\Application\Admin\Model\ArticleModel.class.php 第 5 行.
SQL: SHOW COLUMNS FROM `article` [ RunTime:0.0047s ]
SQL: SELECT a.id AS `id`,a.title AS `title`,a.content AS `content`,m.member_name AS `member_name`,at.article_type_name AS `article_type_name`,a.hitnum AS `hitnum`,a.create_time AS `create_time` FROM article a INNER JOIN member m ON a.member_id=m.id INNER JOIN article_type at ON a.article_type_id=at.id  LIMIT 0,10   [ RunTime:0.0008s ]
SQL: SELECT count(a.id) AS `count` FROM article a INNER JOIN member m ON a.member_id=m.id INNER JOIN article_type at ON a.article_type_id=at.id   [ RunTime:0.0006s ]

[ 2016-10-08T15:15:15+08:00 ] ::1 /think_blog/index.php/Admin/ArticleComment/index?article_id=3
INFO: [ app_init ] --START--
INFO: Run Behavior\BuildLiteBehavior [ RunTime:0.000048s ]
INFO: [ app_init ] --END-- [ RunTime:0.000966s ]

[ 2016-10-08T15:19:36+08:00 ] ::1 /think_blog/index.php/admin/
INFO: [ app_init ] --START--
INFO: Run Behavior\BuildLiteBehavior [ RunTime:0.000026s ]
INFO: [ app_init ] --END-- [ RunTime:0.000597s ]

[ 2016-10-08T15:19:37+08:00 ] ::1 /think_blog/index.php/admin/Article/index
INFO: [ app_init ] --START--
INFO: Run Behavior\BuildLiteBehavior [ RunTime:0.000041s ]
INFO: [ app_init ] --END-- [ RunTime:0.000535s ]

[ 2016-10-08T15:19:38+08:00 ] ::1 /think_blog/index.php/Admin/Article/index
INFO: [ app_init ] --START--
INFO: Run Behavior\BuildLiteBehavior [ RunTime:0.000029s ]
INFO: [ app_init ] --END-- [ RunTime:0.000637s ]

[ 2016-10-08T15:19:41+08:00 ] ::1 /think_blog/index.php/Admin/ArticleComment/index?article_id=3
INFO: [ app_init ] --START--
INFO: Run Behavior\BuildLiteBehavior [ RunTime:0.000047s ]
INFO: [ app_init ] --END-- [ RunTime:0.000800s ]

[ 2016-10-08T15:19:47+08:00 ] ::1 /think_blog/index.php/Admin/ArticleComment/index
INFO: [ app_init ] --START--
INFO: Run Behavior\BuildLiteBehavior [ RunTime:0.000025s ]
INFO: [ app_init ] --END-- [ RunTime:0.000468s ]
INFO: [ app_begin ] --START--
INFO: Run Behavior\ReadHtmlCacheBehavior [ RunTime:0.000626s ]
INFO: [ app_begin ] --END-- [ RunTime:0.000746s ]

[ 2016-10-08T15:19:50+08:00 ] ::1 /think_blog/index.php/Admin/ArticleComment/index
INFO: [ app_init ] --START--
INFO: Run Behavior\BuildLiteBehavior [ RunTime:0.000025s ]
INFO: [ app_init ] --END-- [ RunTime:0.000544s ]
INFO: [ app_begin ] --START--
INFO: Run Behavior\ReadHtmlCacheBehavior [ RunTime:0.000631s ]
INFO: [ app_begin ] --END-- [ RunTime:0.000739s ]

[ 2016-10-08T15:19:54+08:00 ] ::1 /think_blog/index.php/admin/
INFO: [ app_init ] --START--
INFO: Run Behavior\BuildLiteBehavior [ RunTime:0.000027s ]
INFO: [ app_init ] --END-- [ RunTime:0.000610s ]

[ 2016-10-08T15:19:54+08:00 ] ::1 /think_blog/index.php/admin/Article/index
INFO: [ app_init ] --START--
INFO: Run Behavior\BuildLiteBehavior [ RunTime:0.000025s ]
INFO: [ app_init ] --END-- [ RunTime:0.000498s ]

[ 2016-10-08T15:21:13+08:00 ] ::1 /think_blog/index.php/admin/
INFO: [ app_init ] --START--
INFO: Run Behavior\BuildLiteBehavior [ RunTime:0.000024s ]
INFO: [ app_init ] --END-- [ RunTime:0.000553s ]

[ 2016-10-08T15:21:13+08:00 ] ::1 /think_blog/index.php/admin/Article/index
INFO: [ app_init ] --START--
INFO: Run Behavior\BuildLiteBehavior [ RunTime:0.000027s ]
INFO: [ app_init ] --END-- [ RunTime:0.000550s ]

[ 2016-10-08T15:21:15+08:00 ] ::1 /think_blog/index.php/Admin/ArticleComment/index?article_id=3
INFO: [ app_init ] --START--
INFO: Run Behavior\BuildLiteBehavior [ RunTime:0.000031s ]
INFO: [ app_init ] --END-- [ RunTime:0.000747s ]

[ 2016-10-08T15:21:21+08:00 ] ::1 /think_blog/index.php/Admin/ArticleComment/index
INFO: [ app_init ] --START--
INFO: Run Behavior\BuildLiteBehavior [ RunTime:0.000030s ]
INFO: [ app_init ] --END-- [ RunTime:0.000673s ]
INFO: [ app_begin ] --START--
INFO: Run Behavior\ReadHtmlCacheBehavior [ RunTime:0.000784s ]
INFO: [ app_begin ] --END-- [ RunTime:0.000916s ]

[ 2016-10-08T15:21:57+08:00 ] ::1 /think_blog/index.php/Admin/ArticleComment/index
INFO: [ app_init ] --START--
INFO: Run Behavior\BuildLiteBehavior [ RunTime:0.000040s ]
INFO: [ app_init ] --END-- [ RunTime:0.000726s ]
INFO: [ app_begin ] --START--
INFO: Run Behavior\ReadHtmlCacheBehavior [ RunTime:0.000829s ]
INFO: [ app_begin ] --END-- [ RunTime:0.001004s ]

[ 2016-10-08T15:21:58+08:00 ] ::1 /think_blog/index.php/Admin/ArticleComment/index
INFO: [ app_init ] --START--
INFO: Run Behavior\BuildLiteBehavior [ RunTime:0.000029s ]
INFO: [ app_init ] --END-- [ RunTime:0.000634s ]
INFO: [ app_begin ] --START--
INFO: Run Behavior\ReadHtmlCacheBehavior [ RunTime:0.000892s ]
INFO: [ app_begin ] --END-- [ RunTime:0.001128s ]

[ 2016-10-08T15:21:58+08:00 ] ::1 /think_blog/index.php/Admin/ArticleComment/index
INFO: [ app_init ] --START--
INFO: Run Behavior\BuildLiteBehavior [ RunTime:0.000045s ]
INFO: [ app_init ] --END-- [ RunTime:0.000682s ]
INFO: [ app_begin ] --START--
INFO: Run Behavior\ReadHtmlCacheBehavior [ RunTime:0.000873s ]
INFO: [ app_begin ] --END-- [ RunTime:0.001078s ]

[ 2016-10-08T15:21:59+08:00 ] ::1 /think_blog/index.php/Admin/ArticleComment/index
INFO: [ app_init ] --START--
INFO: Run Behavior\BuildLiteBehavior [ RunTime:0.000025s ]
INFO: [ app_init ] --END-- [ RunTime:0.000540s ]
INFO: [ app_begin ] --START--
INFO: Run Behavior\ReadHtmlCacheBehavior [ RunTime:0.000624s ]
INFO: [ app_begin ] --END-- [ RunTime:0.000727s ]

[ 2016-10-08T15:21:59+08:00 ] ::1 /think_blog/index.php/Admin/ArticleComment/index
INFO: [ app_init ] --START--
INFO: Run Behavior\BuildLiteBehavior [ RunTime:0.000030s ]
INFO: [ app_init ] --END-- [ RunTime:0.000637s ]
INFO: [ app_begin ] --START--
INFO: Run Behavior\ReadHtmlCacheBehavior [ RunTime:0.000737s ]
INFO: [ app_begin ] --END-- [ RunTime:0.000859s ]

[ 2016-10-08T15:23:43+08:00 ] ::1 /think_blog/index.php/admin/
INFO: [ app_init ] --START--
INFO: Run Behavior\BuildLiteBehavior [ RunTime:0.000024s ]
INFO: [ app_init ] --END-- [ RunTime:0.000470s ]

[ 2016-10-08T15:23:43+08:00 ] ::1 /think_blog/index.php/admin/Article/index
INFO: [ app_init ] --START--
INFO: Run Behavior\BuildLiteBehavior [ RunTime:0.000028s ]
INFO: [ app_init ] --END-- [ RunTime:0.000621s ]

[ 2016-10-08T15:23:45+08:00 ] ::1 /think_blog/index.php/Admin/ArticleComment/index?article_id=3
INFO: [ app_init ] --START--
INFO: Run Behavior\BuildLiteBehavior [ RunTime:0.000026s ]
INFO: [ app_init ] --END-- [ RunTime:0.000711s ]

[ 2016-10-08T15:23:51+08:00 ] ::1 /think_blog/index.php/Admin/ArticleComment/del
INFO: [ app_init ] --START--
INFO: Run Behavior\BuildLiteBehavior [ RunTime:0.000026s ]
INFO: [ app_init ] --END-- [ RunTime:0.000503s ]
INFO: [ app_begin ] --START--
INFO: Run Behavior\ReadHtmlCacheBehavior [ RunTime:0.000442s ]
INFO: [ app_begin ] --END-- [ RunTime:0.000548s ]
NOTIC: [2048] Declaration of Admin\Model\ArticleCommentModel::index() should be compatible with Admin\Model\CommonModel::index($f = '') D:\wamp\www\think_blog\Application\Admin\Model\ArticleCommentModel.class.php 第 5 行.
SQL: SHOW COLUMNS FROM `article_comment` [ RunTime:0.0039s ]
SQL: DELETE FROM `article_comment` WHERE `id` IN ('6') [ RunTime:0.1368s ]

[ 2016-10-08T15:23:52+08:00 ] ::1 /think_blog/index.php/Admin/ArticleComment/index
INFO: [ app_init ] --START--
INFO: Run Behavior\BuildLiteBehavior [ RunTime:0.000028s ]
INFO: [ app_init ] --END-- [ RunTime:0.000514s ]
INFO: [ app_begin ] --START--
INFO: Run Behavior\ReadHtmlCacheBehavior [ RunTime:0.000503s ]
INFO: [ app_begin ] --END-- [ RunTime:0.000625s ]

[ 2016-10-08T15:23:54+08:00 ] ::1 /think_blog/index.php/admin/
INFO: [ app_init ] --START--
INFO: Run Behavior\BuildLiteBehavior [ RunTime:0.000032s ]
INFO: [ app_init ] --END-- [ RunTime:0.000671s ]

[ 2016-10-08T15:23:54+08:00 ] ::1 /think_blog/index.php/admin/Article/index
INFO: [ app_init ] --START--
INFO: Run Behavior\BuildLiteBehavior [ RunTime:0.000027s ]
INFO: [ app_init ] --END-- [ RunTime:0.000480s ]

[ 2016-10-08T15:23:57+08:00 ] ::1 /think_blog/index.php/Admin/ArticleComment/index?article_id=3
INFO: [ app_init ] --START--
INFO: Run Behavior\BuildLiteBehavior [ RunTime:0.000029s ]
INFO: [ app_init ] --END-- [ RunTime:0.000583s ]

[ 2016-10-08T15:25:02+08:00 ] ::1 /think_blog/index.php/admin/
INFO: [ app_init ] --START--
INFO: Run Behavior\BuildLiteBehavior [ RunTime:0.000023s ]
INFO: [ app_init ] --END-- [ RunTime:0.000533s ]

[ 2016-10-08T15:25:02+08:00 ] ::1 /think_blog/index.php/admin/Article/index
INFO: [ app_init ] --START--
INFO: Run Behavior\BuildLiteBehavior [ RunTime:0.000087s ]
INFO: [ app_init ] --END-- [ RunTime:0.000681s ]

[ 2016-10-08T15:25:05+08:00 ] ::1 /think_blog/index.php/Admin/ArticleComment/index?article_id=3
INFO: [ app_init ] --START--
INFO: Run Behavior\BuildLiteBehavior [ RunTime:0.000027s ]
INFO: [ app_init ] --END-- [ RunTime:0.000609s ]

[ 2016-10-08T15:31:12+08:00 ] ::1 /think_blog/index.php/admin/
INFO: [ app_init ] --START--
INFO: Run Behavior\BuildLiteBehavior [ RunTime:0.000025s ]
INFO: [ app_init ] --END-- [ RunTime:0.000620s ]

[ 2016-10-08T15:31:12+08:00 ] ::1 /think_blog/index.php/admin/Article/index
INFO: [ app_init ] --START--
INFO: Run Behavior\BuildLiteBehavior [ RunTime:0.000027s ]
INFO: [ app_init ] --END-- [ RunTime:0.000637s ]

[ 2016-10-08T15:31:34+08:00 ] ::1 /think_blog/index.php/admin/
INFO: [ app_init ] --START--
INFO: Run Behavior\BuildLiteBehavior [ RunTime:0.000030s ]
INFO: [ app_init ] --END-- [ RunTime:0.000555s ]

[ 2016-10-08T15:31:34+08:00 ] ::1 /think_blog/index.php/admin/Article/index
INFO: [ app_init ] --START--
INFO: Run Behavior\BuildLiteBehavior [ RunTime:0.000043s ]
INFO: [ app_init ] --END-- [ RunTime:0.000968s ]

[ 2016-10-08T15:31:36+08:00 ] ::1 /think_blog/index.php/Admin/ArticleComment/index?article_id=3
INFO: [ app_init ] --START--
INFO: Run Behavior\BuildLiteBehavior [ RunTime:0.000030s ]
INFO: [ app_init ] --END-- [ RunTime:0.000603s ]

[ 2016-10-08T15:31:37+08:00 ] ::1 /think_blog/index.php/Admin/ArticleComment/index?article_id=3
INFO: [ app_init ] --START--
INFO: Run Behavior\BuildLiteBehavior [ RunTime:0.000024s ]
INFO: [ app_init ] --END-- [ RunTime:0.000609s ]
INFO: [ app_begin ] --START--
INFO: Run Behavior\ReadHtmlCacheBehavior [ RunTime:0.000582s ]
INFO: [ app_begin ] --END-- [ RunTime:0.000685s ]
NOTIC: [2048] Declaration of Admin\Model\ArticleCommentModel::index() should be compatible with Admin\Model\CommonModel::index($f = '') D:\wamp\www\think_blog\Application\Admin\Model\ArticleCommentModel.class.php 第 5 行.
SQL: SHOW COLUMNS FROM `article_comment` [ RunTime:0.0042s ]
SQL: SELECT ac.id AS `id`,ac.member_id AS `member_id`,m.member_name AS `member_name`,ac.comment_content AS `comment_content`,ac.comment_time AS `comment_time` FROM article_comment ac INNER JOIN member m ON ac.member_id=m.id  WHERE ac.article_id = '3' LIMIT 10,10   [ RunTime:0.0004s ]
SQL: SELECT count(ac.id) AS `count` FROM article_comment ac INNER JOIN member m ON ac.member_id=m.id   [ RunTime:0.0003s ]
NOTIC: [2048] Declaration of Admin\Model\ArticleModel::index() should be compatible with Admin\Model\CommonModel::index($f = '') D:\wamp\www\think_blog\Application\Admin\Model\ArticleModel.class.php 第 109 行.
SQL: SHOW COLUMNS FROM `article` [ RunTime:0.0044s ]
SQL: SELECT `id`,`title` FROM `article` WHERE `id` = '3'  [ RunTime:0.0003s ]

[ 2016-10-08T15:31:39+08:00 ] ::1 /think_blog/index.php/Admin/ArticleComment/index?article_id=3
INFO: [ app_init ] --START--
INFO: Run Behavior\BuildLiteBehavior [ RunTime:0.000026s ]
INFO: [ app_init ] --END-- [ RunTime:0.000459s ]
INFO: [ app_begin ] --START--
INFO: Run Behavior\ReadHtmlCacheBehavior [ RunTime:0.000674s ]
INFO: [ app_begin ] --END-- [ RunTime:0.000793s ]
NOTIC: [2048] Declaration of Admin\Model\ArticleCommentModel::index() should be compatible with Admin\Model\CommonModel::index($f = '') D:\wamp\www\think_blog\Application\Admin\Model\ArticleCommentModel.class.php 第 5 行.
SQL: SHOW COLUMNS FROM `article_comment` [ RunTime:0.0054s ]
SQL: SELECT ac.id AS `id`,ac.member_id AS `member_id`,m.member_name AS `member_name`,ac.comment_content AS `comment_content`,ac.comment_time AS `comment_time` FROM article_comment ac INNER JOIN member m ON ac.member_id=m.id  WHERE ac.article_id = '3' LIMIT 0,10   [ RunTime:0.0005s ]
SQL: SELECT count(ac.id) AS `count` FROM article_comment ac INNER JOIN member m ON ac.member_id=m.id   [ RunTime:0.0003s ]
NOTIC: [2048] Declaration of Admin\Model\ArticleModel::index() should be compatible with Admin\Model\CommonModel::index($f = '') D:\wamp\www\think_blog\Application\Admin\Model\ArticleModel.class.php 第 109 行.
SQL: SHOW COLUMNS FROM `article` [ RunTime:0.0046s ]
SQL: SELECT `id`,`title` FROM `article` WHERE `id` = '3'  [ RunTime:0.0003s ]

[ 2016-10-08T15:31:40+08:00 ] ::1 /think_blog/index.php/Admin/ArticleComment/index?article_id=3
INFO: [ app_init ] --START--
INFO: Run Behavior\BuildLiteBehavior [ RunTime:0.000025s ]
INFO: [ app_init ] --END-- [ RunTime:0.000515s ]
INFO: [ app_begin ] --START--
INFO: Run Behavior\ReadHtmlCacheBehavior [ RunTime:0.000560s ]
INFO: [ app_begin ] --END-- [ RunTime:0.000669s ]
NOTIC: [2048] Declaration of Admin\Model\ArticleCommentModel::index() should be compatible with Admin\Model\CommonModel::index($f = '') D:\wamp\www\think_blog\Application\Admin\Model\ArticleCommentModel.class.php 第 5 行.
SQL: SHOW COLUMNS FROM `article_comment` [ RunTime:0.0039s ]
SQL: SELECT ac.id AS `id`,ac.member_id AS `member_id`,m.member_name AS `member_name`,ac.comment_content AS `comment_content`,ac.comment_time AS `comment_time` FROM article_comment ac INNER JOIN member m ON ac.member_id=m.id  WHERE ac.article_id = '3' LIMIT 10,10   [ RunTime:0.0004s ]
SQL: SELECT count(ac.id) AS `count` FROM article_comment ac INNER JOIN member m ON ac.member_id=m.id   [ RunTime:0.0003s ]
NOTIC: [2048] Declaration of Admin\Model\ArticleModel::index() should be compatible with Admin\Model\CommonModel::index($f = '') D:\wamp\www\think_blog\Application\Admin\Model\ArticleModel.class.php 第 109 行.
SQL: SHOW COLUMNS FROM `article` [ RunTime:0.0043s ]
SQL: SELECT `id`,`title` FROM `article` WHERE `id` = '3'  [ RunTime:0.0003s ]

[ 2016-10-08T15:31:42+08:00 ] ::1 /think_blog/index.php/Admin/ArticleComment/index?article_id=3
INFO: [ app_init ] --START--
INFO: Run Behavior\BuildLiteBehavior [ RunTime:0.000029s ]
INFO: [ app_init ] --END-- [ RunTime:0.000596s ]
INFO: [ app_begin ] --START--
INFO: Run Behavior\ReadHtmlCacheBehavior [ RunTime:0.000658s ]
INFO: [ app_begin ] --END-- [ RunTime:0.000785s ]
NOTIC: [2048] Declaration of Admin\Model\ArticleCommentModel::index() should be compatible with Admin\Model\CommonModel::index($f = '') D:\wamp\www\think_blog\Application\Admin\Model\ArticleCommentModel.class.php 第 5 行.
SQL: SHOW COLUMNS FROM `article_comment` [ RunTime:0.0046s ]
SQL: SELECT ac.id AS `id`,ac.member_id AS `member_id`,m.member_name AS `member_name`,ac.comment_content AS `comment_content`,ac.comment_time AS `comment_time` FROM article_comment ac INNER JOIN member m ON ac.member_id=m.id  WHERE ac.article_id = '3' LIMIT 0,10   [ RunTime:0.0008s ]
SQL: SELECT count(ac.id) AS `count` FROM article_comment ac INNER JOIN member m ON ac.member_id=m.id   [ RunTime:0.0005s ]
NOTIC: [2048] Declaration of Admin\Model\ArticleModel::index() should be compatible with Admin\Model\CommonModel::index($f = '') D:\wamp\www\think_blog\Application\Admin\Model\ArticleModel.class.php 第 109 行.
SQL: SHOW COLUMNS FROM `article` [ RunTime:0.0037s ]
SQL: SELECT `id`,`title` FROM `article` WHERE `id` = '3'  [ RunTime:0.0003s ]

[ 2016-10-08T15:49:39+08:00 ] ::1 /think_blog/index.php/admin/
INFO: [ app_init ] --START--
INFO: Run Behavior\BuildLiteBehavior [ RunTime:0.000026s ]
INFO: [ app_init ] --END-- [ RunTime:0.000608s ]

[ 2016-10-08T15:49:39+08:00 ] ::1 /think_blog/index.php/admin/Article/index
INFO: [ app_init ] --START--
INFO: Run Behavior\BuildLiteBehavior [ RunTime:0.000025s ]
INFO: [ app_init ] --END-- [ RunTime:0.000466s ]

[ 2016-10-08T15:49:40+08:00 ] ::1 /think_blog/index.php/Admin/Member/index
INFO: [ app_init ] --START--
INFO: Run Behavior\BuildLiteBehavior [ RunTime:0.000026s ]
INFO: [ app_init ] --END-- [ RunTime:0.000510s ]

[ 2016-10-08T15:49:42+08:00 ] ::1 /think_blog/index.php/Admin/Member/index
INFO: [ app_init ] --START--
INFO: Run Behavior\BuildLiteBehavior [ RunTime:0.000042s ]
INFO: [ app_init ] --END-- [ RunTime:0.000967s ]
INFO: [ app_begin ] --START--
INFO: Run Behavior\ReadHtmlCacheBehavior [ RunTime:0.000660s ]
INFO: [ app_begin ] --END-- [ RunTime:0.000790s ]
SQL: SHOW COLUMNS FROM `member` [ RunTime:0.0645s ]
SQL: SELECT * FROM `member` LIMIT 10,10   [ RunTime:0.0020s ]
SQL: SELECT count(id) AS `count` FROM `member`  [ RunTime:0.0009s ]

[ 2016-10-08T15:49:43+08:00 ] ::1 /think_blog/index.php/Admin/Member/index
INFO: [ app_init ] --START--
INFO: Run Behavior\BuildLiteBehavior [ RunTime:0.000038s ]
INFO: [ app_init ] --END-- [ RunTime:0.000751s ]
INFO: [ app_begin ] --START--
INFO: Run Behavior\ReadHtmlCacheBehavior [ RunTime:0.000718s ]
INFO: [ app_begin ] --END-- [ RunTime:0.000844s ]
SQL: SHOW COLUMNS FROM `member` [ RunTime:0.0048s ]
SQL: SELECT * FROM `member` LIMIT 0,10   [ RunTime:0.0004s ]
SQL: SELECT count(id) AS `count` FROM `member`  [ RunTime:0.0003s ]

[ 2016-10-08T15:49:45+08:00 ] ::1 /think_blog/index.php/Admin/ArticleType/index
INFO: [ app_init ] --START--
INFO: Run Behavior\BuildLiteBehavior [ RunTime:0.000026s ]
INFO: [ app_init ] --END-- [ RunTime:0.000470s ]

[ 2016-10-08T15:49:46+08:00 ] ::1 /think_blog/index.php/Admin/ArticleType/index
INFO: [ app_init ] --START--
INFO: Run Behavior\BuildLiteBehavior [ RunTime:0.000053s ]
INFO: [ app_init ] --END-- [ RunTime:0.000902s ]
INFO: [ app_begin ] --START--
INFO: Run Behavior\ReadHtmlCacheBehavior [ RunTime:0.000573s ]
INFO: [ app_begin ] --END-- [ RunTime:0.000698s ]
NOTIC: [2048] Declaration of Admin\Model\ArticleTypeModel::index() should be compatible with Admin\Model\CommonModel::index($f = '') D:\wamp\www\think_blog\Application\Admin\Model\ArticleTypeModel.class.php 第 5 行.
SQL: SHOW COLUMNS FROM `article_type` [ RunTime:0.0042s ]
SQL: SELECT a.id AS `id`,a.article_type_name AS `article_type_name`,a.member_id AS `member_id`,m.member_name AS `member_name` FROM article_type a INNER JOIN member m ON a.member_id=m.id  LIMIT 10,10   [ RunTime:0.0003s ]
SQL: SELECT count(a.id) AS `count` FROM article_type a INNER JOIN member m ON a.member_id=m.id   [ RunTime:0.0002s ]

[ 2016-10-08T15:49:47+08:00 ] ::1 /think_blog/index.php/Admin/ArticleType/index
INFO: [ app_init ] --START--
INFO: Run Behavior\BuildLiteBehavior [ RunTime:0.000032s ]
INFO: [ app_init ] --END-- [ RunTime:0.000620s ]
INFO: [ app_begin ] --START--
INFO: Run Behavior\ReadHtmlCacheBehavior [ RunTime:0.000694s ]
INFO: [ app_begin ] --END-- [ RunTime:0.000819s ]
NOTIC: [2048] Declaration of Admin\Model\ArticleTypeModel::index() should be compatible with Admin\Model\CommonModel::index($f = '') D:\wamp\www\think_blog\Application\Admin\Model\ArticleTypeModel.class.php 第 5 行.
SQL: SHOW COLUMNS FROM `article_type` [ RunTime:0.0044s ]
SQL: SELECT a.id AS `id`,a.article_type_name AS `article_type_name`,a.member_id AS `member_id`,m.member_name AS `member_name` FROM article_type a INNER JOIN member m ON a.member_id=m.id  LIMIT 0,10   [ RunTime:0.0004s ]
SQL: SELECT count(a.id) AS `count` FROM article_type a INNER JOIN member m ON a.member_id=m.id   [ RunTime:0.0003s ]

[ 2016-10-08T15:49:50+08:00 ] ::1 /think_blog/index.php/Admin/Photo/index
INFO: [ app_init ] --START--
INFO: Run Behavior\BuildLiteBehavior [ RunTime:0.000032s ]
INFO: [ app_init ] --END-- [ RunTime:0.000626s ]

[ 2016-10-08T15:49:51+08:00 ] ::1 /think_blog/index.php/Admin/Photo/index
INFO: [ app_init ] --START--
INFO: Run Behavior\BuildLiteBehavior [ RunTime:0.000026s ]
INFO: [ app_init ] --END-- [ RunTime:0.000566s ]
INFO: [ app_begin ] --START--
INFO: Run Behavior\ReadHtmlCacheBehavior [ RunTime:0.000585s ]
INFO: [ app_begin ] --END-- [ RunTime:0.000716s ]
NOTIC: [2048] Declaration of Admin\Model\PhotoModel::index() should be compatible with Admin\Model\CommonModel::index($f = '') D:\wamp\www\think_blog\Application\Admin\Model\PhotoModel.class.php 第 6 行.
SQL: SHOW COLUMNS FROM `photo` [ RunTime:0.0042s ]
SQL: SELECT p.id AS `id`,p.photo_title AS `photo_title`,p.member_id AS `member_id`,m.member_name AS `member_name` FROM photo p INNER JOIN member m ON p.member_id=m.id  LIMIT 10,10   [ RunTime:0.0003s ]
SQL: SELECT count(p.id) AS `count` FROM photo p INNER JOIN member m ON p.member_id=m.id   [ RunTime:0.0002s ]

[ 2016-10-08T15:49:51+08:00 ] ::1 /think_blog/index.php/Admin/Photo/index
INFO: [ app_init ] --START--
INFO: Run Behavior\BuildLiteBehavior [ RunTime:0.000027s ]
INFO: [ app_init ] --END-- [ RunTime:0.000502s ]
INFO: [ app_begin ] --START--
INFO: Run Behavior\ReadHtmlCacheBehavior [ RunTime:0.000648s ]
INFO: [ app_begin ] --END-- [ RunTime:0.000796s ]
NOTIC: [2048] Declaration of Admin\Model\PhotoModel::index() should be compatible with Admin\Model\CommonModel::index($f = '') D:\wamp\www\think_blog\Application\Admin\Model\PhotoModel.class.php 第 6 行.
SQL: SHOW COLUMNS FROM `photo` [ RunTime:0.0060s ]
SQL: SELECT p.id AS `id`,p.photo_title AS `photo_title`,p.member_id AS `member_id`,m.member_name AS `member_name` FROM photo p INNER JOIN member m ON p.member_id=m.id  LIMIT 0,10   [ RunTime:0.0006s ]
SQL: SELECT count(p.id) AS `count` FROM photo p INNER JOIN member m ON p.member_id=m.id   [ RunTime:0.0005s ]

[ 2016-10-08T15:49:52+08:00 ] ::1 /think_blog/index.php/Admin/PhotoImg/index
INFO: [ app_init ] --START--
INFO: Run Behavior\BuildLiteBehavior [ RunTime:0.000030s ]
INFO: [ app_init ] --END-- [ RunTime:0.000602s ]

[ 2016-10-08T15:49:56+08:00 ] ::1 /think_blog/index.php/Admin/ArticleType/index
INFO: [ app_init ] --START--
INFO: Run Behavior\BuildLiteBehavior [ RunTime:0.000025s ]
INFO: [ app_init ] --END-- [ RunTime:0.000546s ]

[ 2016-10-08T15:49:57+08:00 ] ::1 /think_blog/index.php/Admin/ArticleType/index
INFO: [ app_init ] --START--
INFO: Run Behavior\BuildLiteBehavior [ RunTime:0.000029s ]
INFO: [ app_init ] --END-- [ RunTime:0.000598s ]
INFO: [ app_begin ] --START--
INFO: Run Behavior\ReadHtmlCacheBehavior [ RunTime:0.000702s ]
INFO: [ app_begin ] --END-- [ RunTime:0.000829s ]
NOTIC: [2048] Declaration of Admin\Model\ArticleTypeModel::index() should be compatible with Admin\Model\CommonModel::index($f = '') D:\wamp\www\think_blog\Application\Admin\Model\ArticleTypeModel.class.php 第 5 行.
SQL: SHOW COLUMNS FROM `article_type` [ RunTime:0.0065s ]
SQL: SELECT a.id AS `id`,a.article_type_name AS `article_type_name`,a.member_id AS `member_id`,m.member_name AS `member_name` FROM article_type a INNER JOIN member m ON a.member_id=m.id  LIMIT 10,10   [ RunTime:0.0004s ]
SQL: SELECT count(a.id) AS `count` FROM article_type a INNER JOIN member m ON a.member_id=m.id   [ RunTime:0.0003s ]

[ 2016-10-08T15:49:58+08:00 ] ::1 /think_blog/index.php/Admin/ArticleType/index
INFO: [ app_init ] --START--
INFO: Run Behavior\BuildLiteBehavior [ RunTime:0.000030s ]
INFO: [ app_init ] --END-- [ RunTime:0.000586s ]
INFO: [ app_begin ] --START--
INFO: Run Behavior\ReadHtmlCacheBehavior [ RunTime:0.000696s ]
INFO: [ app_begin ] --END-- [ RunTime:0.000852s ]
NOTIC: [2048] Declaration of Admin\Model\ArticleTypeModel::index() should be compatible with Admin\Model\CommonModel::index($f = '') D:\wamp\www\think_blog\Application\Admin\Model\ArticleTypeModel.class.php 第 5 行.
SQL: SHOW COLUMNS FROM `article_type` [ RunTime:0.0048s ]
SQL: SELECT a.id AS `id`,a.article_type_name AS `article_type_name`,a.member_id AS `member_id`,m.member_name AS `member_name` FROM article_type a INNER JOIN member m ON a.member_id=m.id  LIMIT 0,10   [ RunTime:0.0004s ]
SQL: SELECT count(a.id) AS `count` FROM article_type a INNER JOIN member m ON a.member_id=m.id   [ RunTime:0.0003s ]

[ 2016-10-08T15:49:59+08:00 ] ::1 /think_blog/index.php/admin/
INFO: [ app_init ] --START--
INFO: Run Behavior\BuildLiteBehavior [ RunTime:0.000043s ]
INFO: [ app_init ] --END-- [ RunTime:0.000939s ]

[ 2016-10-08T15:49:59+08:00 ] ::1 /think_blog/index.php/admin/Article/index
INFO: [ app_init ] --START--
INFO: Run Behavior\BuildLiteBehavior [ RunTime:0.000044s ]
INFO: [ app_init ] --END-- [ RunTime:0.000818s ]

[ 2016-10-08T15:58:20+08:00 ] ::1 /think_blog/index.php/admin/
INFO: [ app_init ] --START--
INFO: Run Behavior\BuildLiteBehavior [ RunTime:0.000026s ]
INFO: [ app_init ] --END-- [ RunTime:0.000528s ]

[ 2016-10-08T15:58:20+08:00 ] ::1 /think_blog/index.php/admin/Article/index
INFO: [ app_init ] --START--
INFO: Run Behavior\BuildLiteBehavior [ RunTime:0.000025s ]
INFO: [ app_init ] --END-- [ RunTime:0.000457s ]

[ 2016-10-08T17:33:44+08:00 ] ::1 /think_blog/index.php/admin/
INFO: [ app_init ] --START--
INFO: Run Behavior\BuildLiteBehavior [ RunTime:0.000030s ]
INFO: [ app_init ] --END-- [ RunTime:0.000723s ]

[ 2016-10-08T17:33:44+08:00 ] ::1 /think_blog/index.php/admin/Article/index
INFO: [ app_init ] --START--
INFO: Run Behavior\BuildLiteBehavior [ RunTime:0.000026s ]
INFO: [ app_init ] --END-- [ RunTime:0.000511s ]

[ 2016-10-08T17:33:45+08:00 ] ::1 /think_blog/index.php/Admin/Article/index
INFO: [ app_init ] --START--
INFO: Run Behavior\BuildLiteBehavior [ RunTime:0.000025s ]
INFO: [ app_init ] --END-- [ RunTime:0.000595s ]

[ 2016-10-08T17:33:50+08:00 ] ::1 /think_blog/index.php/admin/
INFO: [ app_init ] --START--
INFO: Run Behavior\BuildLiteBehavior [ RunTime:0.000025s ]
INFO: [ app_init ] --END-- [ RunTime:0.000580s ]

[ 2016-10-08T17:33:50+08:00 ] ::1 /think_blog/index.php/admin/Article/index
INFO: [ app_init ] --START--
INFO: Run Behavior\BuildLiteBehavior [ RunTime:0.000027s ]
INFO: [ app_init ] --END-- [ RunTime:0.000666s ]

[ 2016-10-08T17:36:20+08:00 ] ::1 /think_blog/index.php/admin/
INFO: [ app_init ] --START--
INFO: Run Behavior\BuildLiteBehavior [ RunTime:0.000026s ]
INFO: [ app_init ] --END-- [ RunTime:0.000632s ]

[ 2016-10-08T17:36:21+08:00 ] ::1 /think_blog/index.php/admin/Article/index
INFO: [ app_init ] --START--
INFO: Run Behavior\BuildLiteBehavior [ RunTime:0.000026s ]
INFO: [ app_init ] --END-- [ RunTime:0.000525s ]

[ 2016-10-08T17:36:50+08:00 ] ::1 /think_blog/index.php/admin/
INFO: [ app_init ] --START--
INFO: Run Behavior\BuildLiteBehavior [ RunTime:0.000026s ]
INFO: [ app_init ] --END-- [ RunTime:0.000478s ]

[ 2016-10-08T17:36:50+08:00 ] ::1 /think_blog/index.php/admin/Article/index
INFO: [ app_init ] --START--
INFO: Run Behavior\BuildLiteBehavior [ RunTime:0.000028s ]
INFO: [ app_init ] --END-- [ RunTime:0.000473s ]

[ 2016-10-08T17:37:17+08:00 ] ::1 /think_blog/index.php/admin/
INFO: [ app_init ] --START--
INFO: Run Behavior\BuildLiteBehavior [ RunTime:0.000030s ]
INFO: [ app_init ] --END-- [ RunTime:0.000564s ]

[ 2016-10-08T17:37:17+08:00 ] ::1 /think_blog/index.php/admin/Article/index
INFO: [ app_init ] --START--
INFO: Run Behavior\BuildLiteBehavior [ RunTime:0.000026s ]
INFO: [ app_init ] --END-- [ RunTime:0.000477s ]

[ 2016-10-08T17:37:43+08:00 ] ::1 /think_blog/index.php/admin/
INFO: [ app_init ] --START--
INFO: Run Behavior\BuildLiteBehavior [ RunTime:0.000024s ]
INFO: [ app_init ] --END-- [ RunTime:0.000472s ]

[ 2016-10-08T17:37:43+08:00 ] ::1 /think_blog/index.php/admin/Article/index
INFO: [ app_init ] --START--
INFO: Run Behavior\BuildLiteBehavior [ RunTime:0.000029s ]
INFO: [ app_init ] --END-- [ RunTime:0.000647s ]

[ 2016-10-08T17:38:51+08:00 ] ::1 /think_blog/index.php/admin/
INFO: [ app_init ] --START--
INFO: Run Behavior\BuildLiteBehavior [ RunTime:0.000028s ]
INFO: [ app_init ] --END-- [ RunTime:0.000825s ]

[ 2016-10-08T17:38:51+08:00 ] ::1 /think_blog/index.php/admin/Article/index
INFO: [ app_init ] --START--
INFO: Run Behavior\BuildLiteBehavior [ RunTime:0.000027s ]
INFO: [ app_init ] --END-- [ RunTime:0.000477s ]

[ 2016-10-08T17:40:25+08:00 ] ::1 /think_blog/index.php/admin/
INFO: [ app_init ] --START--
INFO: Run Behavior\BuildLiteBehavior [ RunTime:0.000031s ]
INFO: [ app_init ] --END-- [ RunTime:0.000666s ]

[ 2016-10-08T17:40:25+08:00 ] ::1 /think_blog/index.php/admin/Article/index
INFO: [ app_init ] --START--
INFO: Run Behavior\BuildLiteBehavior [ RunTime:0.000026s ]
INFO: [ app_init ] --END-- [ RunTime:0.000511s ]

[ 2016-10-08T17:40:32+08:00 ] ::1 /think_blog/index.php/admin/
INFO: [ app_init ] --START--
INFO: Run Behavior\BuildLiteBehavior [ RunTime:0.000040s ]
INFO: [ app_init ] --END-- [ RunTime:0.000655s ]

[ 2016-10-08T17:40:32+08:00 ] ::1 /think_blog/index.php/admin/Article/index
INFO: [ app_init ] --START--
INFO: Run Behavior\BuildLiteBehavior [ RunTime:0.000028s ]
INFO: [ app_init ] --END-- [ RunTime:0.000600s ]

[ 2016-10-08T17:43:56+08:00 ] ::1 /think_blog/index.php/admin/
INFO: [ app_init ] --START--
INFO: Run Behavior\BuildLiteBehavior [ RunTime:0.000025s ]
INFO: [ app_init ] --END-- [ RunTime:0.000491s ]

[ 2016-10-08T17:43:57+08:00 ] ::1 /think_blog/index.php/admin/Article/index
INFO: [ app_init ] --START--
INFO: Run Behavior\BuildLiteBehavior [ RunTime:0.000026s ]
INFO: [ app_init ] --END-- [ RunTime:0.000608s ]

[ 2016-10-08T17:45:08+08:00 ] ::1 /think_blog/index.php/admin/
INFO: [ app_init ] --START--
INFO: Run Behavior\BuildLiteBehavior [ RunTime:0.000023s ]
INFO: [ app_init ] --END-- [ RunTime:0.000571s ]

[ 2016-10-08T17:45:08+08:00 ] ::1 /think_blog/index.php/admin/Article/index
INFO: [ app_init ] --START--
INFO: Run Behavior\BuildLiteBehavior [ RunTime:0.000026s ]
INFO: [ app_init ] --END-- [ RunTime:0.000488s ]

[ 2016-10-08T17:47:44+08:00 ] ::1 /think_blog/index.php/admin/
INFO: [ app_init ] --START--
INFO: Run Behavior\BuildLiteBehavior [ RunTime:0.000025s ]
INFO: [ app_init ] --END-- [ RunTime:0.000693s ]

[ 2016-10-08T17:47:44+08:00 ] ::1 /think_blog/index.php/admin/Article/index
INFO: [ app_init ] --START--
INFO: Run Behavior\BuildLiteBehavior [ RunTime:0.000040s ]
INFO: [ app_init ] --END-- [ RunTime:0.000684s ]

[ 2016-10-08T17:48:17+08:00 ] ::1 /think_blog/index.php/admin/
INFO: [ app_init ] --START--
INFO: Run Behavior\BuildLiteBehavior [ RunTime:0.000029s ]
INFO: [ app_init ] --END-- [ RunTime:0.000593s ]

[ 2016-10-08T17:48:18+08:00 ] ::1 /think_blog/index.php/admin/Article/index
INFO: [ app_init ] --START--
INFO: Run Behavior\BuildLiteBehavior [ RunTime:0.000025s ]
INFO: [ app_init ] --END-- [ RunTime:0.000443s ]

[ 2016-10-08T17:50:05+08:00 ] ::1 /think_blog/index.php/admin/
INFO: [ app_init ] --START--
INFO: Run Behavior\BuildLiteBehavior [ RunTime:0.000167s ]
INFO: [ app_init ] --END-- [ RunTime:0.001078s ]

[ 2016-10-08T17:50:06+08:00 ] ::1 /think_blog/index.php/admin/Article/index
INFO: [ app_init ] --START--
INFO: Run Behavior\BuildLiteBehavior [ RunTime:0.000026s ]
INFO: [ app_init ] --END-- [ RunTime:0.000527s ]

[ 2016-10-08T17:51:07+08:00 ] ::1 /think_blog/index.php/admin/
INFO: [ app_init ] --START--
INFO: Run Behavior\BuildLiteBehavior [ RunTime:0.000028s ]
INFO: [ app_init ] --END-- [ RunTime:0.000650s ]

[ 2016-10-08T17:51:07+08:00 ] ::1 /think_blog/index.php/admin/Article/index
INFO: [ app_init ] --START--
INFO: Run Behavior\BuildLiteBehavior [ RunTime:0.000025s ]
INFO: [ app_init ] --END-- [ RunTime:0.000454s ]

[ 2016-10-08T17:51:17+08:00 ] ::1 /think_blog/index.php/admin/
INFO: [ app_init ] --START--
INFO: Run Behavior\BuildLiteBehavior [ RunTime:0.000024s ]
INFO: [ app_init ] --END-- [ RunTime:0.000465s ]

[ 2016-10-08T17:51:17+08:00 ] ::1 /think_blog/index.php/admin/Article/index
INFO: [ app_init ] --START--
INFO: Run Behavior\BuildLiteBehavior [ RunTime:0.000025s ]
INFO: [ app_init ] --END-- [ RunTime:0.000485s ]

[ 2016-10-08T17:51:23+08:00 ] ::1 /think_blog/index.php/admin/
INFO: [ app_init ] --START--
INFO: Run Behavior\BuildLiteBehavior [ RunTime:0.000024s ]
INFO: [ app_init ] --END-- [ RunTime:0.000781s ]

[ 2016-10-08T17:51:23+08:00 ] ::1 /think_blog/index.php/admin/Article/index
INFO: [ app_init ] --START--
INFO: Run Behavior\BuildLiteBehavior [ RunTime:0.000041s ]
INFO: [ app_init ] --END-- [ RunTime:0.000707s ]

[ 2016-10-08T17:51:24+08:00 ] ::1 /think_blog/index.php/Admin/Member/getMember
INFO: [ app_init ] --START--
INFO: Run Behavior\BuildLiteBehavior [ RunTime:0.000031s ]
INFO: [ app_init ] --END-- [ RunTime:0.000656s ]
INFO: [ app_begin ] --START--
INFO: Run Behavior\ReadHtmlCacheBehavior [ RunTime:0.000603s ]
INFO: [ app_begin ] --END-- [ RunTime:0.000729s ]
SQL: SHOW COLUMNS FROM `member` [ RunTime:0.0046s ]
SQL: SELECT `id`,`member_name` FROM `member`  [ RunTime:0.0004s ]

[ 2016-10-08T17:51:25+08:00 ] ::1 /think_blog/index.php/Admin/ArticleType/getArticleType
INFO: [ app_init ] --START--
INFO: Run Behavior\BuildLiteBehavior [ RunTime:0.000029s ]
INFO: [ app_init ] --END-- [ RunTime:0.000500s ]
INFO: [ app_begin ] --START--
INFO: Run Behavior\ReadHtmlCacheBehavior [ RunTime:0.000438s ]
INFO: [ app_begin ] --END-- [ RunTime:0.000540s ]
NOTIC: [2048] Declaration of Admin\Model\ArticleTypeModel::index() should be compatible with Admin\Model\CommonModel::index($f = '') D:\wamp\www\think_blog\Application\Admin\Model\ArticleTypeModel.class.php 第 5 行.
SQL: SHOW COLUMNS FROM `article_type` [ RunTime:0.0041s ]
SQL: SELECT `id`,`article_type_name` FROM `article_type` WHERE `member_id` = 29  [ RunTime:0.0004s ]

[ 2016-10-08T17:52:22+08:00 ] ::1 /think_blog/index.php/admin/
INFO: [ app_init ] --START--
INFO: Run Behavior\BuildLiteBehavior [ RunTime:0.000026s ]
INFO: [ app_init ] --END-- [ RunTime:0.000458s ]

[ 2016-10-08T17:52:22+08:00 ] ::1 /think_blog/index.php/admin/Article/index
INFO: [ app_init ] --START--
INFO: Run Behavior\BuildLiteBehavior [ RunTime:0.000038s ]
INFO: [ app_init ] --END-- [ RunTime:0.000766s ]

[ 2016-10-08T17:52:24+08:00 ] ::1 /think_blog/index.php/Admin/Member/getMember
INFO: [ app_init ] --START--
INFO: Run Behavior\BuildLiteBehavior [ RunTime:0.000027s ]
INFO: [ app_init ] --END-- [ RunTime:0.000492s ]
INFO: [ app_begin ] --START--
INFO: Run Behavior\ReadHtmlCacheBehavior [ RunTime:0.000521s ]
INFO: [ app_begin ] --END-- [ RunTime:0.000629s ]
SQL: SHOW COLUMNS FROM `member` [ RunTime:0.0044s ]
SQL: SELECT `id`,`member_name` FROM `member`  [ RunTime:0.0003s ]

[ 2016-10-08T17:52:24+08:00 ] ::1 /think_blog/index.php/Admin/ArticleType/getArticleType
INFO: [ app_init ] --START--
INFO: Run Behavior\BuildLiteBehavior [ RunTime:0.000024s ]
INFO: [ app_init ] --END-- [ RunTime:0.000432s ]
INFO: [ app_begin ] --START--
INFO: Run Behavior\ReadHtmlCacheBehavior [ RunTime:0.000487s ]
INFO: [ app_begin ] --END-- [ RunTime:0.000590s ]
NOTIC: [2048] Declaration of Admin\Model\ArticleTypeModel::index() should be compatible with Admin\Model\CommonModel::index($f = '') D:\wamp\www\think_blog\Application\Admin\Model\ArticleTypeModel.class.php 第 5 行.
SQL: SHOW COLUMNS FROM `article_type` [ RunTime:0.0045s ]
SQL: SELECT `id`,`article_type_name` FROM `article_type` WHERE `member_id` = 29  [ RunTime:0.0002s ]

[ 2016-10-08T17:53:22+08:00 ] ::1 /think_blog/index.php/admin/
INFO: [ app_init ] --START--
INFO: Run Behavior\BuildLiteBehavior [ RunTime:0.000025s ]
INFO: [ app_init ] --END-- [ RunTime:0.000459s ]

[ 2016-10-08T17:53:22+08:00 ] ::1 /think_blog/index.php/admin/Article/index
INFO: [ app_init ] --START--
INFO: Run Behavior\BuildLiteBehavior [ RunTime:0.000027s ]
INFO: [ app_init ] --END-- [ RunTime:0.000468s ]

[ 2016-10-08T17:53:24+08:00 ] ::1 /think_blog/index.php/Admin/Member/getMember
INFO: [ app_init ] --START--
INFO: Run Behavior\BuildLiteBehavior [ RunTime:0.000024s ]
INFO: [ app_init ] --END-- [ RunTime:0.000566s ]
INFO: [ app_begin ] --START--
INFO: Run Behavior\ReadHtmlCacheBehavior [ RunTime:0.000774s ]
INFO: [ app_begin ] --END-- [ RunTime:0.000916s ]
SQL: SHOW COLUMNS FROM `member` [ RunTime:0.0054s ]
SQL: SELECT `id`,`member_name` FROM `member`  [ RunTime:0.0003s ]

[ 2016-10-08T17:53:24+08:00 ] ::1 /think_blog/index.php/Admin/ArticleType/getArticleType
INFO: [ app_init ] --START--
INFO: Run Behavior\BuildLiteBehavior [ RunTime:0.000024s ]
INFO: [ app_init ] --END-- [ RunTime:0.000553s ]
INFO: [ app_begin ] --START--
INFO: Run Behavior\ReadHtmlCacheBehavior [ RunTime:0.000602s ]
INFO: [ app_begin ] --END-- [ RunTime:0.000752s ]
NOTIC: [2048] Declaration of Admin\Model\ArticleTypeModel::index() should be compatible with Admin\Model\CommonModel::index($f = '') D:\wamp\www\think_blog\Application\Admin\Model\ArticleTypeModel.class.php 第 5 行.
SQL: SHOW COLUMNS FROM `article_type` [ RunTime:0.0044s ]
SQL: SELECT `id`,`article_type_name` FROM `article_type` WHERE `member_id` = 29  [ RunTime:0.0003s ]

[ 2016-10-08T17:54:18+08:00 ] ::1 /think_blog/index.php/Admin/Member/getMember
INFO: [ app_init ] --START--
INFO: Run Behavior\BuildLiteBehavior [ RunTime:0.000025s ]
INFO: [ app_init ] --END-- [ RunTime:0.000465s ]
INFO: [ app_begin ] --START--
INFO: Run Behavior\ReadHtmlCacheBehavior [ RunTime:0.000534s ]
INFO: [ app_begin ] --END-- [ RunTime:0.000645s ]
SQL: SHOW COLUMNS FROM `member` [ RunTime:0.0075s ]
SQL: SELECT `id`,`member_name` FROM `member`  [ RunTime:0.0004s ]

[ 2016-10-08T17:54:18+08:00 ] ::1 /think_blog/index.php/Admin/ArticleType/getArticleType
INFO: [ app_init ] --START--
INFO: Run Behavior\BuildLiteBehavior [ RunTime:0.000024s ]
INFO: [ app_init ] --END-- [ RunTime:0.000424s ]
INFO: [ app_begin ] --START--
INFO: Run Behavior\ReadHtmlCacheBehavior [ RunTime:0.000558s ]
INFO: [ app_begin ] --END-- [ RunTime:0.000699s ]
NOTIC: [2048] Declaration of Admin\Model\ArticleTypeModel::index() should be compatible with Admin\Model\CommonModel::index($f = '') D:\wamp\www\think_blog\Application\Admin\Model\ArticleTypeModel.class.php 第 5 行.
SQL: SHOW COLUMNS FROM `article_type` [ RunTime:0.0046s ]
SQL: SELECT `id`,`article_type_name` FROM `article_type` WHERE `member_id` = 29  [ RunTime:0.0003s ]

