[ 2016-11-04T13:18:14+08:00 ] ::1 /think_blog/Admin/admin/login.html
INFO: [ app_init ] --START--
INFO: Run Behavior\BuildLiteBehavior [ RunTime:0.000096s ]
INFO: [ app_init ] --END-- [ RunTime:0.088066s ]

[ 2016-11-04T13:18:24+08:00 ] ::1 /think_blog/Admin/Admin/getVerify.html
INFO: [ app_init ] --START--
INFO: Run Behavior\BuildLiteBehavior [ RunTime:0.000084s ]
INFO: [ app_init ] --END-- [ RunTime:0.013732s ]

[ 2016-11-04T13:18:58+08:00 ] ::1 /think_blog/Admin/Admin/login.html
INFO: [ app_init ] --START--
INFO: Run Behavior\BuildLiteBehavior [ RunTime:0.000038s ]
INFO: [ app_init ] --END-- [ RunTime:0.000782s ]

[ 2016-11-04T13:18:58+08:00 ] ::1 /think_blog/Admin/Admin/getVerify.html
INFO: [ app_init ] --START--
INFO: Run Behavior\BuildLiteBehavior [ RunTime:0.000027s ]
INFO: [ app_init ] --END-- [ RunTime:0.000440s ]

[ 2016-11-04T13:19:07+08:00 ] ::1 /think_blog/Admin/Admin/login.html
INFO: [ app_init ] --START--
INFO: Run Behavior\BuildLiteBehavior [ RunTime:0.000042s ]
INFO: [ app_init ] --END-- [ RunTime:0.000836s ]

[ 2016-11-04T13:19:08+08:00 ] ::1 /think_blog/Admin/Admin/getVerify.html
INFO: [ app_init ] --START--
INFO: Run Behavior\BuildLiteBehavior [ RunTime:0.000026s ]
INFO: [ app_init ] --END-- [ RunTime:0.000434s ]

[ 2016-11-04T13:19:19+08:00 ] ::1 /think_blog/Admin/Admin/login.html
INFO: [ app_init ] --START--
INFO: Run Behavior\BuildLiteBehavior [ RunTime:0.000076s ]
INFO: [ app_init ] --END-- [ RunTime:0.001773s ]

[ 2016-11-04T13:19:19+08:00 ] ::1 /think_blog/Admin/Admin/getVerify.html
INFO: [ app_init ] --START--
INFO: Run Behavior\BuildLiteBehavior [ RunTime:0.000026s ]
INFO: [ app_init ] --END-- [ RunTime:0.000434s ]

[ 2016-11-04T13:19:25+08:00 ] ::1 /think_blog/Admin/Admin/getVerify.html
INFO: [ app_init ] --START--
INFO: Run Behavior\BuildLiteBehavior [ RunTime:0.000040s ]
INFO: [ app_init ] --END-- [ RunTime:0.000705s ]

[ 2016-11-04T13:19:30+08:00 ] ::1 /think_blog/Admin/Admin/login.html
INFO: [ app_init ] --START--
INFO: Run Behavior\BuildLiteBehavior [ RunTime:0.000029s ]
INFO: [ app_init ] --END-- [ RunTime:0.000595s ]

[ 2016-11-04T13:19:30+08:00 ] ::1 /think_blog/Admin/Admin/getVerify.html
INFO: [ app_init ] --START--
INFO: Run Behavior\BuildLiteBehavior [ RunTime:0.000027s ]
INFO: [ app_init ] --END-- [ RunTime:0.000443s ]

[ 2016-11-04T13:19:42+08:00 ] ::1 /think_blog/Admin/Admin/login.html
INFO: [ app_init ] --START--
INFO: Run Behavior\BuildLiteBehavior [ RunTime:0.000044s ]
INFO: [ app_init ] --END-- [ RunTime:0.000816s ]

[ 2016-11-04T13:19:43+08:00 ] ::1 /think_blog/Admin/Admin/getVerify.html
INFO: [ app_init ] --START--
INFO: Run Behavior\BuildLiteBehavior [ RunTime:0.000025s ]
INFO: [ app_init ] --END-- [ RunTime:0.000432s ]

[ 2016-11-04T13:19:53+08:00 ] ::1 /think_blog/Admin/Admin/login.html
INFO: [ app_init ] --START--
INFO: Run Behavior\BuildLiteBehavior [ RunTime:0.000067s ]
INFO: [ app_init ] --END-- [ RunTime:0.001247s ]

[ 2016-11-04T13:19:54+08:00 ] ::1 /think_blog/Admin/Admin/getVerify.html
INFO: [ app_init ] --START--
INFO: Run Behavior\BuildLiteBehavior [ RunTime:0.000025s ]
INFO: [ app_init ] --END-- [ RunTime:0.000460s ]

[ 2016-11-04T13:22:42+08:00 ] ::1 /think_blog/Admin/Admin/login.html
INFO: [ app_init ] --START--
INFO: Run Behavior\BuildLiteBehavior [ RunTime:0.000030s ]
INFO: [ app_init ] --END-- [ RunTime:0.000605s ]

[ 2016-11-04T13:22:43+08:00 ] ::1 /think_blog/Admin/Index/index.html
INFO: [ app_init ] --START--
INFO: Run Behavior\BuildLiteBehavior [ RunTime:0.000057s ]
INFO: [ app_init ] --END-- [ RunTime:0.000771s ]

[ 2016-11-04T13:22:47+08:00 ] ::1 /think_blog/index.php/admin/Article/index
INFO: [ app_init ] --START--
INFO: Run Behavior\BuildLiteBehavior [ RunTime:0.000033s ]
INFO: [ app_init ] --END-- [ RunTime:0.013189s ]

[ 2016-11-04T13:22:53+08:00 ] ::1 /think_blog/Admin/PhotoImg/index
INFO: [ app_init ] --START--
INFO: Run Behavior\BuildLiteBehavior [ RunTime:0.000026s ]
INFO: [ app_init ] --END-- [ RunTime:0.000449s ]

[ 2016-11-04T13:22:58+08:00 ] ::1 /think_blog/Admin/PhotoImg/index
INFO: [ app_init ] --START--
INFO: Run Behavior\BuildLiteBehavior [ RunTime:0.000026s ]
INFO: [ app_init ] --END-- [ RunTime:0.000531s ]
INFO: [ app_begin ] --START--
INFO: Run Behavior\ReadHtmlCacheBehavior [ RunTime:0.000752s ]
INFO: [ app_begin ] --END-- [ RunTime:0.000874s ]
SQL: SHOW COLUMNS FROM `photo_img` [ RunTime:0.0104s ]
SQL: SELECT pi.id AS `id`,pi.img_title AS `img_title`,pi.img_src AS `img_src`,pi.member_id AS `member_id`,pi.photo_id AS `photo_id`,m.member_name AS `member_name`,p.photo_title AS `photo_title` FROM photo_img pi INNER JOIN member m ON pi.member_id=m.id INNER JOIN photo p ON pi.photo_id=p.id  LIMIT 10,10   [ RunTime:0.0010s ]
SQL: SELECT COUNT(pi.id) AS `count` FROM photo_img pi INNER JOIN member m ON pi.member_id=m.id INNER JOIN photo p ON pi.photo_id=p.id   [ RunTime:0.0007s ]

[ 2016-11-04T13:22:59+08:00 ] ::1 /think_blog/Admin/PhotoImg/index
INFO: [ app_init ] --START--
INFO: Run Behavior\BuildLiteBehavior [ RunTime:0.000025s ]
INFO: [ app_init ] --END-- [ RunTime:0.000433s ]
INFO: [ app_begin ] --START--
INFO: Run Behavior\ReadHtmlCacheBehavior [ RunTime:0.000562s ]
INFO: [ app_begin ] --END-- [ RunTime:0.000668s ]
SQL: SHOW COLUMNS FROM `photo_img` [ RunTime:0.3802s ]
SQL: SELECT pi.id AS `id`,pi.img_title AS `img_title`,pi.img_src AS `img_src`,pi.member_id AS `member_id`,pi.photo_id AS `photo_id`,m.member_name AS `member_name`,p.photo_title AS `photo_title` FROM photo_img pi INNER JOIN member m ON pi.member_id=m.id INNER JOIN photo p ON pi.photo_id=p.id  LIMIT 0,10   [ RunTime:0.0009s ]
SQL: SELECT COUNT(pi.id) AS `count` FROM photo_img pi INNER JOIN member m ON pi.member_id=m.id INNER JOIN photo p ON pi.photo_id=p.id   [ RunTime:0.0007s ]

[ 2016-11-04T13:23:16+08:00 ] ::1 /think_blog/Admin/Photo/index
INFO: [ app_init ] --START--
INFO: Run Behavior\BuildLiteBehavior [ RunTime:0.000030s ]
INFO: [ app_init ] --END-- [ RunTime:0.000537s ]

[ 2016-11-04T13:23:19+08:00 ] ::1 /think_blog/Admin/Photo/index
INFO: [ app_init ] --START--
INFO: Run Behavior\BuildLiteBehavior [ RunTime:0.000024s ]
INFO: [ app_init ] --END-- [ RunTime:0.000520s ]
INFO: [ app_begin ] --START--
INFO: Run Behavior\ReadHtmlCacheBehavior [ RunTime:0.000649s ]
INFO: [ app_begin ] --END-- [ RunTime:0.000764s ]
SQL: SHOW COLUMNS FROM `photo` [ RunTime:0.0035s ]
SQL: SELECT p.id AS `id`,p.photo_title AS `photo_title`,p.member_id AS `member_id`,m.member_name AS `member_name` FROM photo p INNER JOIN member m ON p.member_id=m.id  LIMIT 10,10   [ RunTime:0.0106s ]
SQL: SELECT COUNT(p.id) AS `count` FROM photo p INNER JOIN member m ON p.member_id=m.id   [ RunTime:0.0062s ]

[ 2016-11-04T13:23:23+08:00 ] ::1 /think_blog/Admin/Photo/index
INFO: [ app_init ] --START--
INFO: Run Behavior\BuildLiteBehavior [ RunTime:0.000070s ]
INFO: [ app_init ] --END-- [ RunTime:0.001009s ]
INFO: [ app_begin ] --START--
INFO: Run Behavior\ReadHtmlCacheBehavior [ RunTime:0.001062s ]
INFO: [ app_begin ] --END-- [ RunTime:0.001306s ]
SQL: SHOW COLUMNS FROM `photo` [ RunTime:0.0131s ]
SQL: SELECT p.id AS `id`,p.photo_title AS `photo_title`,p.member_id AS `member_id`,m.member_name AS `member_name` FROM photo p INNER JOIN member m ON p.member_id=m.id  LIMIT 0,10   [ RunTime:0.0013s ]
SQL: SELECT COUNT(p.id) AS `count` FROM photo p INNER JOIN member m ON p.member_id=m.id   [ RunTime:0.0010s ]

[ 2016-11-04T13:23:26+08:00 ] ::1 /think_blog/Admin/PhotoImg/index
INFO: [ app_init ] --START--
INFO: Run Behavior\BuildLiteBehavior [ RunTime:0.000025s ]
INFO: [ app_init ] --END-- [ RunTime:0.000440s ]

[ 2016-11-04T13:26:51+08:00 ] ::1 /think_blog/Admin/PhotoImg/index
INFO: [ app_init ] --START--
INFO: Run Behavior\BuildLiteBehavior [ RunTime:0.000024s ]
INFO: [ app_init ] --END-- [ RunTime:0.000474s ]
INFO: [ app_begin ] --START--
INFO: Run Behavior\ReadHtmlCacheBehavior [ RunTime:0.000559s ]
INFO: [ app_begin ] --END-- [ RunTime:0.000669s ]
SQL: SHOW COLUMNS FROM `photo_img` [ RunTime:0.0044s ]
SQL: SELECT pi.id AS `id`,pi.img_title AS `img_title`,pi.img_src AS `img_src`,pi.member_id AS `member_id`,pi.photo_id AS `photo_id`,m.member_name AS `member_name`,p.photo_title AS `photo_title` FROM photo_img pi INNER JOIN member m ON pi.member_id=m.id INNER JOIN photo p ON pi.photo_id=p.id  LIMIT 10,10   [ RunTime:0.0005s ]
SQL: SELECT COUNT(pi.id) AS `count` FROM photo_img pi INNER JOIN member m ON pi.member_id=m.id INNER JOIN photo p ON pi.photo_id=p.id   [ RunTime:0.0004s ]

[ 2016-11-04T13:26:54+08:00 ] ::1 /think_blog/Admin/Member/getMember
INFO: [ app_init ] --START--
INFO: Run Behavior\BuildLiteBehavior [ RunTime:0.000048s ]
INFO: [ app_init ] --END-- [ RunTime:0.000850s ]
INFO: [ app_begin ] --START--
INFO: Run Behavior\ReadHtmlCacheBehavior [ RunTime:0.000848s ]
INFO: [ app_begin ] --END-- [ RunTime:0.000990s ]
SQL: SHOW COLUMNS FROM `member` [ RunTime:0.0541s ]
SQL: SELECT `id`,`member_name` FROM `member`  [ RunTime:0.0737s ]

[ 2016-11-04T13:26:54+08:00 ] ::1 /think_blog/Admin/PhotoImg/info
INFO: [ app_init ] --START--
INFO: Run Behavior\BuildLiteBehavior [ RunTime:0.000033s ]
INFO: [ app_init ] --END-- [ RunTime:0.000523s ]
INFO: [ app_begin ] --START--
INFO: Run Behavior\ReadHtmlCacheBehavior [ RunTime:0.000617s ]
INFO: [ app_begin ] --END-- [ RunTime:0.000724s ]
SQL: SHOW COLUMNS FROM `photo_img` [ RunTime:0.0057s ]
SQL: SELECT * FROM `photo_img` WHERE `id` = '21'  [ RunTime:0.0408s ]

[ 2016-11-04T13:26:54+08:00 ] ::1 /think_blog/Admin/Photo/getPhoto
INFO: [ app_init ] --START--
INFO: Run Behavior\BuildLiteBehavior [ RunTime:0.000028s ]
INFO: [ app_init ] --END-- [ RunTime:0.000502s ]
INFO: [ app_begin ] --START--
INFO: Run Behavior\ReadHtmlCacheBehavior [ RunTime:0.000659s ]
INFO: [ app_begin ] --END-- [ RunTime:0.000767s ]
SQL: SHOW COLUMNS FROM `photo` [ RunTime:0.0042s ]
SQL: SELECT `id`,`photo_title` FROM `photo` WHERE `member_id` = 29  [ RunTime:0.1161s ]

[ 2016-11-04T13:27:07+08:00 ] ::1 /think_blog/Admin/PhotoImg/index
INFO: [ app_init ] --START--
INFO: Run Behavior\BuildLiteBehavior [ RunTime:0.000025s ]
INFO: [ app_init ] --END-- [ RunTime:0.000442s ]
INFO: [ app_begin ] --START--
INFO: Run Behavior\ReadHtmlCacheBehavior [ RunTime:0.000567s ]
INFO: [ app_begin ] --END-- [ RunTime:0.000675s ]
SQL: SHOW COLUMNS FROM `photo_img` [ RunTime:0.0046s ]
SQL: SELECT pi.id AS `id`,pi.img_title AS `img_title`,pi.img_src AS `img_src`,pi.member_id AS `member_id`,pi.photo_id AS `photo_id`,m.member_name AS `member_name`,p.photo_title AS `photo_title` FROM photo_img pi INNER JOIN member m ON pi.member_id=m.id INNER JOIN photo p ON pi.photo_id=p.id  LIMIT 0,10   [ RunTime:0.0005s ]
SQL: SELECT COUNT(pi.id) AS `count` FROM photo_img pi INNER JOIN member m ON pi.member_id=m.id INNER JOIN photo p ON pi.photo_id=p.id   [ RunTime:0.0003s ]

[ 2016-11-04T13:27:27+08:00 ] ::1 /think_blog/Admin/Index/index.html
INFO: [ app_init ] --START--
INFO: Run Behavior\BuildLiteBehavior [ RunTime:0.000025s ]
INFO: [ app_init ] --END-- [ RunTime:0.000431s ]

[ 2016-11-04T13:27:28+08:00 ] ::1 /think_blog/index.php/admin/Article/index
INFO: [ app_init ] --START--
INFO: Run Behavior\BuildLiteBehavior [ RunTime:0.000025s ]
INFO: [ app_init ] --END-- [ RunTime:0.000498s ]

[ 2016-11-04T13:27:30+08:00 ] ::1 /think_blog/Admin/PhotoImg/index
INFO: [ app_init ] --START--
INFO: Run Behavior\BuildLiteBehavior [ RunTime:0.000026s ]
INFO: [ app_init ] --END-- [ RunTime:0.000481s ]

[ 2016-11-04T13:27:32+08:00 ] ::1 /think_blog/Admin/PhotoImg/index
INFO: [ app_init ] --START--
INFO: Run Behavior\BuildLiteBehavior [ RunTime:0.000024s ]
INFO: [ app_init ] --END-- [ RunTime:0.000544s ]
INFO: [ app_begin ] --START--
INFO: Run Behavior\ReadHtmlCacheBehavior [ RunTime:0.000626s ]
INFO: [ app_begin ] --END-- [ RunTime:0.000729s ]
SQL: SHOW COLUMNS FROM `photo_img` [ RunTime:0.0036s ]
SQL: SELECT pi.id AS `id`,pi.img_title AS `img_title`,pi.img_src AS `img_src`,pi.member_id AS `member_id`,pi.photo_id AS `photo_id`,m.member_name AS `member_name`,p.photo_title AS `photo_title` FROM photo_img pi INNER JOIN member m ON pi.member_id=m.id INNER JOIN photo p ON pi.photo_id=p.id  LIMIT 10,10   [ RunTime:0.0004s ]
SQL: SELECT COUNT(pi.id) AS `count` FROM photo_img pi INNER JOIN member m ON pi.member_id=m.id INNER JOIN photo p ON pi.photo_id=p.id   [ RunTime:0.0004s ]

[ 2016-11-04T13:27:35+08:00 ] ::1 /think_blog/Admin/Index/index.html
INFO: [ app_init ] --START--
INFO: Run Behavior\BuildLiteBehavior [ RunTime:0.000030s ]
INFO: [ app_init ] --END-- [ RunTime:0.000563s ]

[ 2016-11-04T13:27:35+08:00 ] ::1 /think_blog/index.php/admin/Article/index
INFO: [ app_init ] --START--
INFO: Run Behavior\BuildLiteBehavior [ RunTime:0.000028s ]
INFO: [ app_init ] --END-- [ RunTime:0.000459s ]

[ 2016-11-04T13:27:37+08:00 ] ::1 /think_blog/Admin/PhotoImg/index
INFO: [ app_init ] --START--
INFO: Run Behavior\BuildLiteBehavior [ RunTime:0.000025s ]
INFO: [ app_init ] --END-- [ RunTime:0.000530s ]

[ 2016-11-04T13:27:57+08:00 ] ::1 /think_blog/Admin/Index/index.html
INFO: [ app_init ] --START--
INFO: Run Behavior\BuildLiteBehavior [ RunTime:0.000028s ]
INFO: [ app_init ] --END-- [ RunTime:0.000835s ]

[ 2016-11-04T13:27:59+08:00 ] ::1 /think_blog/Admin/Admin/getVerify.html
INFO: [ app_init ] --START--
INFO: Run Behavior\BuildLiteBehavior [ RunTime:0.000058s ]
INFO: [ app_init ] --END-- [ RunTime:0.001235s ]

[ 2016-11-04T13:28:05+08:00 ] ::1 /think_blog/Admin/Admin/getVerify.html
INFO: [ app_init ] --START--
INFO: Run Behavior\BuildLiteBehavior [ RunTime:0.000092s ]
INFO: [ app_init ] --END-- [ RunTime:0.001769s ]

[ 2016-11-04T13:28:09+08:00 ] ::1 /think_blog/Admin/Admin/login.html
INFO: [ app_init ] --START--
INFO: Run Behavior\BuildLiteBehavior [ RunTime:0.000028s ]
INFO: [ app_init ] --END-- [ RunTime:0.000526s ]

[ 2016-11-04T13:28:09+08:00 ] ::1 /think_blog/Admin/Index/index.html
INFO: [ app_init ] --START--
INFO: Run Behavior\BuildLiteBehavior [ RunTime:0.000043s ]
INFO: [ app_init ] --END-- [ RunTime:0.000886s ]

[ 2016-11-04T13:28:10+08:00 ] ::1 /think_blog/index.php/admin/Article/index
INFO: [ app_init ] --START--
INFO: Run Behavior\BuildLiteBehavior [ RunTime:0.000067s ]
INFO: [ app_init ] --END-- [ RunTime:0.001418s ]

[ 2016-11-04T13:28:11+08:00 ] ::1 /think_blog/Admin/PhotoImg/index
INFO: [ app_init ] --START--
INFO: Run Behavior\BuildLiteBehavior [ RunTime:0.000026s ]
INFO: [ app_init ] --END-- [ RunTime:0.000445s ]

[ 2016-11-04T13:28:15+08:00 ] ::1 /think_blog/Admin/PhotoImg/index
INFO: [ app_init ] --START--
INFO: Run Behavior\BuildLiteBehavior [ RunTime:0.000056s ]
INFO: [ app_init ] --END-- [ RunTime:0.000875s ]

[ 2016-11-04T13:28:17+08:00 ] ::1 /think_blog/Admin/PhotoImg/index
INFO: [ app_init ] --START--
INFO: Run Behavior\BuildLiteBehavior [ RunTime:0.000031s ]
INFO: [ app_init ] --END-- [ RunTime:0.001014s ]
INFO: [ app_begin ] --START--
INFO: Run Behavior\ReadHtmlCacheBehavior [ RunTime:0.000886s ]
INFO: [ app_begin ] --END-- [ RunTime:0.001049s ]
SQL: SHOW COLUMNS FROM `photo_img` [ RunTime:0.0311s ]
SQL: SELECT pi.id AS `id`,pi.img_title AS `img_title`,pi.img_src AS `img_src`,pi.member_id AS `member_id`,pi.photo_id AS `photo_id`,m.member_name AS `member_name`,p.photo_title AS `photo_title` FROM photo_img pi INNER JOIN member m ON pi.member_id=m.id INNER JOIN photo p ON pi.photo_id=p.id  LIMIT 10,10   [ RunTime:0.0003s ]
SQL: SELECT COUNT(pi.id) AS `count` FROM photo_img pi INNER JOIN member m ON pi.member_id=m.id INNER JOIN photo p ON pi.photo_id=p.id   [ RunTime:0.0002s ]

[ 2016-11-04T13:32:24+08:00 ] ::1 /think_blog/Admin/Member/getMember
INFO: [ app_init ] --START--
INFO: Run Behavior\BuildLiteBehavior [ RunTime:0.000031s ]
INFO: [ app_init ] --END-- [ RunTime:0.000811s ]
INFO: [ app_begin ] --START--
INFO: Run Behavior\ReadHtmlCacheBehavior [ RunTime:0.000796s ]
INFO: [ app_begin ] --END-- [ RunTime:0.000941s ]
SQL: SHOW COLUMNS FROM `member` [ RunTime:0.0243s ]
SQL: SELECT `id`,`member_name` FROM `member`  [ RunTime:0.0013s ]

[ 2016-11-04T13:32:24+08:00 ] ::1 /think_blog/Admin/PhotoImg/info
INFO: [ app_init ] --START--
INFO: Run Behavior\BuildLiteBehavior [ RunTime:0.000034s ]
INFO: [ app_init ] --END-- [ RunTime:0.000690s ]
INFO: [ app_begin ] --START--
INFO: Run Behavior\ReadHtmlCacheBehavior [ RunTime:0.000597s ]
INFO: [ app_begin ] --END-- [ RunTime:0.000720s ]
SQL: SHOW COLUMNS FROM `photo_img` [ RunTime:0.0301s ]
SQL: SELECT * FROM `photo_img` WHERE `id` = '27'  [ RunTime:0.0006s ]

[ 2016-11-04T13:32:24+08:00 ] ::1 /think_blog/Admin/Photo/getPhoto
INFO: [ app_init ] --START--
INFO: Run Behavior\BuildLiteBehavior [ RunTime:0.000023s ]
INFO: [ app_init ] --END-- [ RunTime:0.000445s ]
INFO: [ app_begin ] --START--
INFO: Run Behavior\ReadHtmlCacheBehavior [ RunTime:0.000436s ]
INFO: [ app_begin ] --END-- [ RunTime:0.000538s ]
SQL: SHOW COLUMNS FROM `photo` [ RunTime:0.0039s ]
SQL: SELECT `id`,`photo_title` FROM `photo` WHERE `member_id` = 29  [ RunTime:0.0073s ]

[ 2016-11-04T13:32:34+08:00 ] ::1 /think_blog/Admin/Index/index.html
INFO: [ app_init ] --START--
INFO: Run Behavior\BuildLiteBehavior [ RunTime:0.000041s ]
INFO: [ app_init ] --END-- [ RunTime:0.000762s ]

[ 2016-11-04T13:32:34+08:00 ] ::1 /think_blog/index.php/admin/Article/index
INFO: [ app_init ] --START--
INFO: Run Behavior\BuildLiteBehavior [ RunTime:0.000025s ]
INFO: [ app_init ] --END-- [ RunTime:0.000478s ]

[ 2016-11-04T13:32:36+08:00 ] ::1 /think_blog/Admin/PhotoImg/index
INFO: [ app_init ] --START--
INFO: Run Behavior\BuildLiteBehavior [ RunTime:0.000034s ]
INFO: [ app_init ] --END-- [ RunTime:0.000676s ]

[ 2016-11-04T13:32:38+08:00 ] ::1 /think_blog/Admin/PhotoImg/index
INFO: [ app_init ] --START--
INFO: Run Behavior\BuildLiteBehavior [ RunTime:0.000026s ]
INFO: [ app_init ] --END-- [ RunTime:0.000514s ]
INFO: [ app_begin ] --START--
INFO: Run Behavior\ReadHtmlCacheBehavior [ RunTime:0.000625s ]
INFO: [ app_begin ] --END-- [ RunTime:0.000727s ]
SQL: SHOW COLUMNS FROM `photo_img` [ RunTime:0.0087s ]
SQL: SELECT pi.id AS `id`,pi.img_title AS `img_title`,pi.img_src AS `img_src`,pi.member_id AS `member_id`,pi.photo_id AS `photo_id`,m.member_name AS `member_name`,p.photo_title AS `photo_title` FROM photo_img pi INNER JOIN member m ON pi.member_id=m.id INNER JOIN photo p ON pi.photo_id=p.id  LIMIT 10,10   [ RunTime:0.0014s ]
SQL: SELECT COUNT(pi.id) AS `count` FROM photo_img pi INNER JOIN member m ON pi.member_id=m.id INNER JOIN photo p ON pi.photo_id=p.id   [ RunTime:0.0007s ]

[ 2016-11-04T13:32:42+08:00 ] ::1 /think_blog/Admin/PhotoImg/index
INFO: [ app_init ] --START--
INFO: Run Behavior\BuildLiteBehavior [ RunTime:0.000030s ]
INFO: [ app_init ] --END-- [ RunTime:0.000598s ]
INFO: [ app_begin ] --START--
INFO: Run Behavior\ReadHtmlCacheBehavior [ RunTime:0.000731s ]
INFO: [ app_begin ] --END-- [ RunTime:0.000855s ]
SQL: SHOW COLUMNS FROM `photo_img` [ RunTime:0.0041s ]
SQL: SELECT pi.id AS `id`,pi.img_title AS `img_title`,pi.img_src AS `img_src`,pi.member_id AS `member_id`,pi.photo_id AS `photo_id`,m.member_name AS `member_name`,p.photo_title AS `photo_title` FROM photo_img pi INNER JOIN member m ON pi.member_id=m.id INNER JOIN photo p ON pi.photo_id=p.id  LIMIT 0,10   [ RunTime:0.0004s ]
SQL: SELECT COUNT(pi.id) AS `count` FROM photo_img pi INNER JOIN member m ON pi.member_id=m.id INNER JOIN photo p ON pi.photo_id=p.id   [ RunTime:0.0454s ]

[ 2016-11-04T13:33:22+08:00 ] ::1 /think_blog/Admin/PhotoImg/index
INFO: [ app_init ] --START--
INFO: Run Behavior\BuildLiteBehavior [ RunTime:0.000030s ]
INFO: [ app_init ] --END-- [ RunTime:0.000529s ]
INFO: [ app_begin ] --START--
INFO: Run Behavior\ReadHtmlCacheBehavior [ RunTime:0.000698s ]
INFO: [ app_begin ] --END-- [ RunTime:0.000831s ]
SQL: SHOW COLUMNS FROM `photo_img` [ RunTime:0.0055s ]
SQL: SELECT pi.id AS `id`,pi.img_title AS `img_title`,pi.img_src AS `img_src`,pi.member_id AS `member_id`,pi.photo_id AS `photo_id`,m.member_name AS `member_name`,p.photo_title AS `photo_title` FROM photo_img pi INNER JOIN member m ON pi.member_id=m.id INNER JOIN photo p ON pi.photo_id=p.id  LIMIT 10,10   [ RunTime:0.0004s ]
SQL: SELECT COUNT(pi.id) AS `count` FROM photo_img pi INNER JOIN member m ON pi.member_id=m.id INNER JOIN photo p ON pi.photo_id=p.id   [ RunTime:0.0003s ]

[ 2016-11-04T13:34:36+08:00 ] ::1 /think_blog/Admin/PhotoImg/del
INFO: [ app_init ] --START--
INFO: Run Behavior\BuildLiteBehavior [ RunTime:0.000024s ]
INFO: [ app_init ] --END-- [ RunTime:0.000472s ]
INFO: [ app_begin ] --START--
INFO: Run Behavior\ReadHtmlCacheBehavior [ RunTime:0.000565s ]
INFO: [ app_begin ] --END-- [ RunTime:0.000672s ]
SQL: SHOW COLUMNS FROM `photo_img` [ RunTime:0.0166s ]
SQL: SELECT `img_src` FROM `photo_img` WHERE `id` IN ('27')  [ RunTime:0.0013s ]

[ 2016-11-04T13:34:42+08:00 ] ::1 /think_blog/Admin/PhotoImg/del
INFO: [ app_init ] --START--
INFO: Run Behavior\BuildLiteBehavior [ RunTime:0.000038s ]
INFO: [ app_init ] --END-- [ RunTime:0.000684s ]
INFO: [ app_begin ] --START--
INFO: Run Behavior\ReadHtmlCacheBehavior [ RunTime:0.000572s ]
INFO: [ app_begin ] --END-- [ RunTime:0.000685s ]
SQL: SHOW COLUMNS FROM `photo_img` [ RunTime:0.0096s ]
SQL: SELECT `img_src` FROM `photo_img` WHERE `id` IN ('27')  [ RunTime:0.0009s ]

[ 2016-11-04T13:35:25+08:00 ] ::1 /think_blog/Admin/PhotoImg/del
INFO: [ app_init ] --START--
INFO: Run Behavior\BuildLiteBehavior [ RunTime:0.000028s ]
INFO: [ app_init ] --END-- [ RunTime:0.000499s ]
INFO: [ app_begin ] --START--
INFO: Run Behavior\ReadHtmlCacheBehavior [ RunTime:0.000577s ]
INFO: [ app_begin ] --END-- [ RunTime:0.000686s ]
SQL: SHOW COLUMNS FROM `photo_img` [ RunTime:0.0083s ]
SQL: SELECT `img_src` FROM `photo_img` WHERE `id` IN ('27')  [ RunTime:0.0005s ]
SQL: DELETE FROM `photo_img` WHERE `id` IN ('27') [ RunTime:0.3296s ]

[ 2016-11-04T13:35:26+08:00 ] ::1 /think_blog/Admin/PhotoImg/index
INFO: [ app_init ] --START--
INFO: Run Behavior\BuildLiteBehavior [ RunTime:0.000046s ]
INFO: [ app_init ] --END-- [ RunTime:0.000821s ]
INFO: [ app_begin ] --START--
INFO: Run Behavior\ReadHtmlCacheBehavior [ RunTime:0.000948s ]
INFO: [ app_begin ] --END-- [ RunTime:0.001217s ]
SQL: SHOW COLUMNS FROM `photo_img` [ RunTime:0.0058s ]
SQL: SELECT pi.id AS `id`,pi.img_title AS `img_title`,pi.img_src AS `img_src`,pi.member_id AS `member_id`,pi.photo_id AS `photo_id`,m.member_name AS `member_name`,p.photo_title AS `photo_title` FROM photo_img pi INNER JOIN member m ON pi.member_id=m.id INNER JOIN photo p ON pi.photo_id=p.id  LIMIT 0,10   [ RunTime:0.0007s ]
SQL: SELECT COUNT(pi.id) AS `count` FROM photo_img pi INNER JOIN member m ON pi.member_id=m.id INNER JOIN photo p ON pi.photo_id=p.id   [ RunTime:0.0005s ]

[ 2016-11-04T13:44:24+08:00 ] ::1 /think_blog/Admin/Member/index
INFO: [ app_init ] --START--
INFO: Run Behavior\BuildLiteBehavior [ RunTime:0.000023s ]
INFO: [ app_init ] --END-- [ RunTime:0.000481s ]

[ 2016-11-04T13:44:26+08:00 ] ::1 /think_blog/Admin/Member/info
INFO: [ app_init ] --START--
INFO: Run Behavior\BuildLiteBehavior [ RunTime:0.000030s ]
INFO: [ app_init ] --END-- [ RunTime:0.000604s ]
INFO: [ app_begin ] --START--
INFO: Run Behavior\ReadHtmlCacheBehavior [ RunTime:0.000616s ]
INFO: [ app_begin ] --END-- [ RunTime:0.000744s ]
SQL: SHOW COLUMNS FROM `member` [ RunTime:0.0087s ]
SQL: SELECT * FROM `member` WHERE `id` = '29'  [ RunTime:0.0007s ]

[ 2016-11-04T13:44:32+08:00 ] ::1 /think_blog/Admin/Member/info
INFO: [ app_init ] --START--
INFO: Run Behavior\BuildLiteBehavior [ RunTime:0.000038s ]
INFO: [ app_init ] --END-- [ RunTime:0.000640s ]
INFO: [ app_begin ] --START--
INFO: Run Behavior\ReadHtmlCacheBehavior [ RunTime:0.000701s ]
INFO: [ app_begin ] --END-- [ RunTime:0.000876s ]
SQL: SHOW COLUMNS FROM `member` [ RunTime:0.0043s ]
SQL: SELECT * FROM `member` WHERE `id` = '43'  [ RunTime:0.0003s ]

[ 2016-11-04T13:44:39+08:00 ] ::1 /think_blog/Admin/Article/index
INFO: [ app_init ] --START--
INFO: Run Behavior\BuildLiteBehavior [ RunTime:0.000028s ]
INFO: [ app_init ] --END-- [ RunTime:0.000591s ]

[ 2016-11-04T13:44:41+08:00 ] ::1 /think_blog/Admin/Member/getMember
INFO: [ app_init ] --START--
INFO: Run Behavior\BuildLiteBehavior [ RunTime:0.000027s ]
INFO: [ app_init ] --END-- [ RunTime:0.000575s ]
INFO: [ app_begin ] --START--
INFO: Run Behavior\ReadHtmlCacheBehavior [ RunTime:0.000526s ]
INFO: [ app_begin ] --END-- [ RunTime:0.000633s ]
SQL: SHOW COLUMNS FROM `member` [ RunTime:0.0041s ]
SQL: SELECT `id`,`member_name` FROM `member`  [ RunTime:0.0003s ]

[ 2016-11-04T13:44:41+08:00 ] ::1 /think_blog/Admin/Article/info
INFO: [ app_init ] --START--
INFO: Run Behavior\BuildLiteBehavior [ RunTime:0.000024s ]
INFO: [ app_init ] --END-- [ RunTime:0.000472s ]
INFO: [ app_begin ] --START--
INFO: Run Behavior\ReadHtmlCacheBehavior [ RunTime:0.000446s ]
INFO: [ app_begin ] --END-- [ RunTime:0.000594s ]
SQL: SHOW COLUMNS FROM `article` [ RunTime:0.0041s ]
SQL: SELECT * FROM `article` WHERE `id` = '3'  [ RunTime:0.0101s ]

[ 2016-11-04T13:44:41+08:00 ] ::1 /think_blog/Admin/ArticleType/getArticleType
INFO: [ app_init ] --START--
INFO: Run Behavior\BuildLiteBehavior [ RunTime:0.000058s ]
INFO: [ app_init ] --END-- [ RunTime:0.001117s ]
INFO: [ app_begin ] --START--
INFO: Run Behavior\ReadHtmlCacheBehavior [ RunTime:0.001142s ]
INFO: [ app_begin ] --END-- [ RunTime:0.001391s ]
SQL: SHOW COLUMNS FROM `article_type` [ RunTime:0.0092s ]
SQL: SELECT `id`,`article_type_name` FROM `article_type` WHERE `member_id` = 29  [ RunTime:0.0081s ]

[ 2016-11-04T13:44:41+08:00 ] ::1 /think_blog/Admin/ArticleType/getArticleType
INFO: [ app_init ] --START--
INFO: Run Behavior\BuildLiteBehavior [ RunTime:0.000041s ]
INFO: [ app_init ] --END-- [ RunTime:0.000851s ]
INFO: [ app_begin ] --START--
INFO: Run Behavior\ReadHtmlCacheBehavior [ RunTime:0.000717s ]
INFO: [ app_begin ] --END-- [ RunTime:0.000867s ]
SQL: SHOW COLUMNS FROM `article_type` [ RunTime:0.0090s ]
SQL: SELECT `id`,`article_type_name` FROM `article_type` WHERE `member_id` = 29  [ RunTime:0.0008s ]

[ 2016-11-04T13:44:41+08:00 ] ::1 /think_blog/Admin/ArticleType/getArticleType
INFO: [ app_init ] --START--
INFO: Run Behavior\BuildLiteBehavior [ RunTime:0.000047s ]
INFO: [ app_init ] --END-- [ RunTime:0.000936s ]
INFO: [ app_begin ] --START--
INFO: Run Behavior\ReadHtmlCacheBehavior [ RunTime:0.000936s ]
INFO: [ app_begin ] --END-- [ RunTime:0.001142s ]
SQL: SHOW COLUMNS FROM `article_type` [ RunTime:0.0129s ]
SQL: SELECT `id`,`article_type_name` FROM `article_type` WHERE `member_id` = 29  [ RunTime:0.0008s ]

[ 2016-11-04T13:44:41+08:00 ] ::1 /think_blog/Admin/ArticleType/getArticleType
INFO: [ app_init ] --START--
INFO: Run Behavior\BuildLiteBehavior [ RunTime:0.000038s ]
INFO: [ app_init ] --END-- [ RunTime:0.000678s ]
INFO: [ app_begin ] --START--
INFO: Run Behavior\ReadHtmlCacheBehavior [ RunTime:0.000639s ]
INFO: [ app_begin ] --END-- [ RunTime:0.000808s ]
SQL: SHOW COLUMNS FROM `article_type` [ RunTime:0.0034s ]
SQL: SELECT `id`,`article_type_name` FROM `article_type` WHERE `member_id` = 29  [ RunTime:0.0003s ]

[ 2016-11-04T13:44:42+08:00 ] ::1 /think_blog/Admin/ArticleType/getArticleType
INFO: [ app_init ] --START--
INFO: Run Behavior\BuildLiteBehavior [ RunTime:0.000026s ]
INFO: [ app_init ] --END-- [ RunTime:0.000458s ]
INFO: [ app_begin ] --START--
INFO: Run Behavior\ReadHtmlCacheBehavior [ RunTime:0.000492s ]
INFO: [ app_begin ] --END-- [ RunTime:0.000607s ]
SQL: SHOW COLUMNS FROM `article_type` [ RunTime:0.0151s ]
SQL: SELECT `id`,`article_type_name` FROM `article_type` WHERE `member_id` = 29  [ RunTime:0.0009s ]

[ 2016-11-04T13:44:42+08:00 ] ::1 /think_blog/Admin/ArticleType/getArticleType
INFO: [ app_init ] --START--
INFO: Run Behavior\BuildLiteBehavior [ RunTime:0.000052s ]
INFO: [ app_init ] --END-- [ RunTime:0.000990s ]
INFO: [ app_begin ] --START--
INFO: Run Behavior\ReadHtmlCacheBehavior [ RunTime:0.001054s ]
INFO: [ app_begin ] --END-- [ RunTime:0.001279s ]
SQL: SHOW COLUMNS FROM `article_type` [ RunTime:0.0138s ]
SQL: SELECT `id`,`article_type_name` FROM `article_type` WHERE `member_id` = 29  [ RunTime:0.0009s ]

[ 2016-11-04T13:44:42+08:00 ] ::1 /think_blog/Admin/ArticleType/getArticleType
INFO: [ app_init ] --START--
INFO: Run Behavior\BuildLiteBehavior [ RunTime:0.000057s ]
INFO: [ app_init ] --END-- [ RunTime:0.001131s ]
INFO: [ app_begin ] --START--
INFO: Run Behavior\ReadHtmlCacheBehavior [ RunTime:0.001126s ]
INFO: [ app_begin ] --END-- [ RunTime:0.001370s ]
SQL: SHOW COLUMNS FROM `article_type` [ RunTime:0.0040s ]
SQL: SELECT `id`,`article_type_name` FROM `article_type` WHERE `member_id` = 29  [ RunTime:0.0004s ]

[ 2016-11-04T13:44:59+08:00 ] ::1 /think_blog/Admin/ArticleType/index
INFO: [ app_init ] --START--
INFO: Run Behavior\BuildLiteBehavior [ RunTime:0.000029s ]
INFO: [ app_init ] --END-- [ RunTime:0.000607s ]

[ 2016-11-04T13:45:01+08:00 ] ::1 /think_blog/Admin/Member/getMember
INFO: [ app_init ] --START--
INFO: Run Behavior\BuildLiteBehavior [ RunTime:0.000029s ]
INFO: [ app_init ] --END-- [ RunTime:0.000526s ]
INFO: [ app_begin ] --START--
INFO: Run Behavior\ReadHtmlCacheBehavior [ RunTime:0.000514s ]
INFO: [ app_begin ] --END-- [ RunTime:0.000636s ]
SQL: SHOW COLUMNS FROM `member` [ RunTime:0.0126s ]
SQL: SELECT `id`,`member_name` FROM `member`  [ RunTime:0.0009s ]

[ 2016-11-04T13:45:01+08:00 ] ::1 /think_blog/Admin/ArticleType/info
INFO: [ app_init ] --START--
INFO: Run Behavior\BuildLiteBehavior [ RunTime:0.000031s ]
INFO: [ app_init ] --END-- [ RunTime:0.000641s ]
INFO: [ app_begin ] --START--
INFO: Run Behavior\ReadHtmlCacheBehavior [ RunTime:0.000626s ]
INFO: [ app_begin ] --END-- [ RunTime:0.000757s ]
SQL: SHOW COLUMNS FROM `article_type` [ RunTime:0.0048s ]
SQL: SELECT * FROM `article_type` WHERE `id` = '1'  [ RunTime:0.0003s ]

[ 2016-11-04T13:45:05+08:00 ] ::1 /think_blog/Admin/Photo/index
INFO: [ app_init ] --START--
INFO: Run Behavior\BuildLiteBehavior [ RunTime:0.000028s ]
INFO: [ app_init ] --END-- [ RunTime:0.000518s ]

[ 2016-11-04T13:45:06+08:00 ] ::1 /think_blog/Admin/Member/getMember
INFO: [ app_init ] --START--
INFO: Run Behavior\BuildLiteBehavior [ RunTime:0.000030s ]
INFO: [ app_init ] --END-- [ RunTime:0.000614s ]
INFO: [ app_begin ] --START--
INFO: Run Behavior\ReadHtmlCacheBehavior [ RunTime:0.000599s ]
INFO: [ app_begin ] --END-- [ RunTime:0.000722s ]
SQL: SHOW COLUMNS FROM `member` [ RunTime:0.0086s ]
SQL: SELECT `id`,`member_name` FROM `member`  [ RunTime:0.0008s ]

[ 2016-11-04T13:45:06+08:00 ] ::1 /think_blog/Admin/Photo/info
INFO: [ app_init ] --START--
INFO: Run Behavior\BuildLiteBehavior [ RunTime:0.000025s ]
INFO: [ app_init ] --END-- [ RunTime:0.000534s ]
INFO: [ app_begin ] --START--
INFO: Run Behavior\ReadHtmlCacheBehavior [ RunTime:0.000544s ]
INFO: [ app_begin ] --END-- [ RunTime:0.000646s ]
SQL: SHOW COLUMNS FROM `photo` [ RunTime:0.0036s ]
SQL: SELECT * FROM `photo` WHERE `id` = '5'  [ RunTime:0.0124s ]

[ 2016-11-04T13:45:11+08:00 ] ::1 /think_blog/Admin/PhotoImg/index
INFO: [ app_init ] --START--
INFO: Run Behavior\BuildLiteBehavior [ RunTime:0.000029s ]
INFO: [ app_init ] --END-- [ RunTime:0.000599s ]

[ 2016-11-04T13:45:12+08:00 ] ::1 /think_blog/Admin/Photo/index
INFO: [ app_init ] --START--
INFO: Run Behavior\BuildLiteBehavior [ RunTime:0.000029s ]
INFO: [ app_init ] --END-- [ RunTime:0.000602s ]

[ 2016-11-04T13:45:14+08:00 ] ::1 /think_blog/Admin/PhotoImg/index
INFO: [ app_init ] --START--
INFO: Run Behavior\BuildLiteBehavior [ RunTime:0.000029s ]
INFO: [ app_init ] --END-- [ RunTime:0.000600s ]

[ 2016-11-04T13:45:15+08:00 ] ::1 /think_blog/Admin/Member/getMember
INFO: [ app_init ] --START--
INFO: Run Behavior\BuildLiteBehavior [ RunTime:0.000028s ]
INFO: [ app_init ] --END-- [ RunTime:0.000602s ]
INFO: [ app_begin ] --START--
INFO: Run Behavior\ReadHtmlCacheBehavior [ RunTime:0.000595s ]
INFO: [ app_begin ] --END-- [ RunTime:0.000717s ]
SQL: SHOW COLUMNS FROM `member` [ RunTime:0.0052s ]
SQL: SELECT `id`,`member_name` FROM `member`  [ RunTime:0.0004s ]

[ 2016-11-04T13:45:15+08:00 ] ::1 /think_blog/Admin/PhotoImg/info
INFO: [ app_init ] --START--
INFO: Run Behavior\BuildLiteBehavior [ RunTime:0.000028s ]
INFO: [ app_init ] --END-- [ RunTime:0.000594s ]
INFO: [ app_begin ] --START--
INFO: Run Behavior\ReadHtmlCacheBehavior [ RunTime:0.000589s ]
INFO: [ app_begin ] --END-- [ RunTime:0.000712s ]
SQL: SHOW COLUMNS FROM `photo_img` [ RunTime:0.0045s ]
SQL: SELECT * FROM `photo_img` WHERE `id` = '3'  [ RunTime:0.0003s ]

[ 2016-11-04T13:45:15+08:00 ] ::1 /think_blog/Admin/Photo/getPhoto
INFO: [ app_init ] --START--
INFO: Run Behavior\BuildLiteBehavior [ RunTime:0.000028s ]
INFO: [ app_init ] --END-- [ RunTime:0.000597s ]
INFO: [ app_begin ] --START--
INFO: Run Behavior\ReadHtmlCacheBehavior [ RunTime:0.000664s ]
INFO: [ app_begin ] --END-- [ RunTime:0.000801s ]
SQL: SHOW COLUMNS FROM `photo` [ RunTime:0.0046s ]
SQL: SELECT `id`,`photo_title` FROM `photo` WHERE `member_id` = 41  [ RunTime:0.0071s ]

[ 2016-11-04T13:45:19+08:00 ] ::1 /think_blog/Admin/Member/getMember
INFO: [ app_init ] --START--
INFO: Run Behavior\BuildLiteBehavior [ RunTime:0.000029s ]
INFO: [ app_init ] --END-- [ RunTime:0.000601s ]
INFO: [ app_begin ] --START--
INFO: Run Behavior\ReadHtmlCacheBehavior [ RunTime:0.000570s ]
INFO: [ app_begin ] --END-- [ RunTime:0.000694s ]
SQL: SHOW COLUMNS FROM `member` [ RunTime:0.0046s ]
SQL: SELECT `id`,`member_name` FROM `member`  [ RunTime:0.0003s ]

[ 2016-11-04T13:45:19+08:00 ] ::1 /think_blog/Admin/PhotoImg/info
INFO: [ app_init ] --START--
INFO: Run Behavior\BuildLiteBehavior [ RunTime:0.000029s ]
INFO: [ app_init ] --END-- [ RunTime:0.000604s ]
INFO: [ app_begin ] --START--
INFO: Run Behavior\ReadHtmlCacheBehavior [ RunTime:0.000603s ]
INFO: [ app_begin ] --END-- [ RunTime:0.000726s ]
SQL: SHOW COLUMNS FROM `photo_img` [ RunTime:0.0048s ]
SQL: SELECT * FROM `photo_img` WHERE `id` = '2'  [ RunTime:0.0003s ]

[ 2016-11-04T13:45:19+08:00 ] ::1 /think_blog/Admin/Photo/getPhoto
INFO: [ app_init ] --START--
INFO: Run Behavior\BuildLiteBehavior [ RunTime:0.000022s ]
INFO: [ app_init ] --END-- [ RunTime:0.000451s ]
INFO: [ app_begin ] --START--
INFO: Run Behavior\ReadHtmlCacheBehavior [ RunTime:0.000433s ]
INFO: [ app_begin ] --END-- [ RunTime:0.000553s ]
SQL: SHOW COLUMNS FROM `photo` [ RunTime:0.0034s ]
SQL: SELECT `id`,`photo_title` FROM `photo` WHERE `member_id` = 29  [ RunTime:0.0097s ]

[ 2016-11-04T13:45:23+08:00 ] ::1 /think_blog/Admin/Complaint/index
INFO: [ app_init ] --START--
INFO: Run Behavior\BuildLiteBehavior [ RunTime:0.000085s ]
INFO: [ app_init ] --END-- [ RunTime:0.001466s ]

[ 2016-11-04T13:45:27+08:00 ] ::1 /think_blog/Admin/Admin/updatePasswd
INFO: [ app_init ] --START--
INFO: Run Behavior\BuildLiteBehavior [ RunTime:0.000033s ]
INFO: [ app_init ] --END-- [ RunTime:0.000574s ]

[ 2016-11-04T13:45:33+08:00 ] ::1 /think_blog/Admin/Admin/index
INFO: [ app_init ] --START--
INFO: Run Behavior\BuildLiteBehavior [ RunTime:0.000030s ]
INFO: [ app_init ] --END-- [ RunTime:0.000605s ]

[ 2016-11-04T13:45:33+08:00 ] ::1 /think_blog/Admin/Member/index
INFO: [ app_init ] --START--
INFO: Run Behavior\BuildLiteBehavior [ RunTime:0.000033s ]
INFO: [ app_init ] --END-- [ RunTime:0.000641s ]

[ 2016-11-04T13:45:34+08:00 ] ::1 /think_blog/Admin/Article/index
INFO: [ app_init ] --START--
INFO: Run Behavior\BuildLiteBehavior [ RunTime:0.000030s ]
INFO: [ app_init ] --END-- [ RunTime:0.000578s ]

[ 2016-11-04T13:45:35+08:00 ] ::1 /think_blog/Admin/ArticleType/index
INFO: [ app_init ] --START--
INFO: Run Behavior\BuildLiteBehavior [ RunTime:0.000042s ]
INFO: [ app_init ] --END-- [ RunTime:0.000726s ]

[ 2016-11-04T13:45:36+08:00 ] ::1 /think_blog/Admin/Photo/index
INFO: [ app_init ] --START--
INFO: Run Behavior\BuildLiteBehavior [ RunTime:0.000032s ]
INFO: [ app_init ] --END-- [ RunTime:0.000624s ]

[ 2016-11-04T13:45:36+08:00 ] ::1 /think_blog/Admin/PhotoImg/index
INFO: [ app_init ] --START--
INFO: Run Behavior\BuildLiteBehavior [ RunTime:0.000032s ]
INFO: [ app_init ] --END-- [ RunTime:0.000627s ]

[ 2016-11-04T13:45:37+08:00 ] ::1 /think_blog/Admin/Complaint/index
INFO: [ app_init ] --START--
INFO: Run Behavior\BuildLiteBehavior [ RunTime:0.000025s ]
INFO: [ app_init ] --END-- [ RunTime:0.000431s ]

[ 2016-11-04T13:45:38+08:00 ] ::1 /think_blog/Admin/Admin/updatePasswd
INFO: [ app_init ] --START--
INFO: Run Behavior\BuildLiteBehavior [ RunTime:0.000030s ]
INFO: [ app_init ] --END-- [ RunTime:0.000662s ]

[ 2016-11-04T13:46:16+08:00 ] ::1 /think_blog/Admin/Index/index.html
INFO: [ app_init ] --START--
INFO: Run Behavior\BuildLiteBehavior [ RunTime:0.000062s ]
INFO: [ app_init ] --END-- [ RunTime:0.000931s ]

[ 2016-11-04T13:46:16+08:00 ] ::1 /think_blog/index.php/admin/Article/index
INFO: [ app_init ] --START--
INFO: Run Behavior\BuildLiteBehavior [ RunTime:0.000030s ]
INFO: [ app_init ] --END-- [ RunTime:0.000505s ]

[ 2016-11-04T13:46:18+08:00 ] ::1 /think_blog/Admin/Admin/index
INFO: [ app_init ] --START--
INFO: Run Behavior\BuildLiteBehavior [ RunTime:0.000038s ]
INFO: [ app_init ] --END-- [ RunTime:0.000675s ]

[ 2016-11-04T13:46:56+08:00 ] ::1 /think_blog/Admin/Index/index.html
INFO: [ app_init ] --START--
INFO: Run Behavior\BuildLiteBehavior [ RunTime:0.000041s ]
INFO: [ app_init ] --END-- [ RunTime:0.000896s ]

[ 2016-11-04T13:46:56+08:00 ] ::1 /think_blog/index.php/admin/Article/index
INFO: [ app_init ] --START--
INFO: Run Behavior\BuildLiteBehavior [ RunTime:0.000028s ]
INFO: [ app_init ] --END-- [ RunTime:0.000842s ]

[ 2016-11-04T13:46:57+08:00 ] ::1 /think_blog/Admin/Admin/index
INFO: [ app_init ] --START--
INFO: Run Behavior\BuildLiteBehavior [ RunTime:0.000039s ]
INFO: [ app_init ] --END-- [ RunTime:0.000646s ]

